id,created_at,closed_at,state,comments,title
1452,2020-08-31 06:26:51.000000000,2020-08-31 10:08:32.000000000,closed,1,"Documentation: add RTI, add python, use BTD"
1451,2020-08-29 11:56:12.000000000,2020-08-29 13:30:14.000000000,closed,1,update for LLVM 11
1450,2020-08-28 16:59:12.000000000,1970-01-01 00:00:00.000000001,open,5,libghdl mingw32 binary missing dependencies
1449,2020-08-27 12:22:20.000000000,1970-01-01 00:00:00.000000001,open,11,update python interface test/example
1448,2020-08-27 04:48:35.000000000,2020-08-28 10:22:03.000000000,closed,5,Create a version header to export version strings to C
1447,2020-08-25 23:29:17.000000000,1970-01-01 00:00:00.000000001,open,1,VHDL 2008 assumption about vector range direction from unconstrained port?
1446,2020-08-25 20:58:37.000000000,2020-08-25 22:43:08.000000000,closed,1,Replace distutils with setuptools for pyghdl and remove unused import
1445,2020-08-25 16:35:21.000000000,1970-01-01 00:00:00.000000001,open,1,Provide initial skeleton for libghdl documentation.
1444,2020-08-24 21:07:51.000000000,2020-08-25 22:43:50.000000000,closed,4,Std i/o problem with ghdl-0.37-mingw64-llvm build on Windows 10
1443,2020-08-24 07:24:08.000000000,1970-01-01 00:00:00.000000001,open,1,Aggregate with subtypes boundaries defined with expression
1442,2020-08-23 05:29:44.000000000,2020-08-27 09:55:10.000000000,closed,0,Incorrect range handling for `fixed_pkg` operations
1441,2020-08-18 15:59:48.000000000,2020-08-25 11:06:47.000000000,closed,5,Provide initial skeleton for libghdl documentation.
1440,2020-08-18 14:28:17.000000000,2020-08-26 06:48:29.000000000,closed,5,Bug: Attribute `last_value` doesn't always return the expected value.
1439,2020-08-15 20:58:19.000000000,2020-08-23 23:21:16.000000000,closed,2,Add and use 'black' Python formatter
1438,2020-08-15 09:10:51.000000000,2020-08-26 07:02:34.000000000,closed,7,"Process ""drives"" entries in a record type that it can never set when array is indexed by a non-constant expression"
1437,2020-08-14 22:24:53.000000000,1970-01-01 00:00:00.000000001,open,8,libghdl documentation
1436,2020-08-14 17:07:00.000000000,1970-01-01 00:00:00.000000001,open,3,"GHDL -r sort of hanging, waiting till CTRL-C to fall through"
1435,2020-08-14 16:19:26.000000000,1970-01-01 00:00:00.000000001,open,4,Constants & Variables 
1434,2020-08-14 10:44:59.000000000,2020-08-15 06:17:54.000000000,closed,3,py: adjust blank lines to PEP 8 for vhdl_langserver
1433,2020-08-14 00:03:21.000000000,1970-01-01 00:00:00.000000001,open,0,Bug: Bound check errors on recursive instantiation using coding style instance_name : entity library_name.entity_name
1432,2020-08-12 19:04:56.000000000,2020-08-12 19:26:06.000000000,closed,3," Building GHDL with mcode  backend and gives ""undefined reference to `backtrace_create_state'"" build error"
1431,2020-08-12 12:21:26.000000000,2020-08-26 06:54:06.000000000,closed,4,Some syntax errors cannot be reported
1430,2020-08-12 01:32:17.000000000,2020-08-27 09:55:09.000000000,closed,1,ghdl synth: raised TYPES.INTERNAL_ERROR : synth-expr.adb:651
1429,2020-08-10 17:24:07.000000000,2020-08-25 20:14:04.000000000,closed,0,constant initialization crash
1428,2020-08-09 05:18:25.000000000,2020-08-27 09:55:09.000000000,closed,4,ERROR: vhdl import failed. while trying new version of leon3mp
1427,2020-08-09 02:09:49.000000000,1970-01-01 00:00:00.000000001,open,7,Support for Unclocked PSL Assertions
1426,2020-08-05 18:21:35.000000000,2020-08-07 00:03:41.000000000,closed,2,"various errors like ""unhandled function: IIR_PREDEFINED_IEEE_STD_LOGIC_ARITH_CONV_UNSIGNED_UNS"""
1425,2020-08-05 17:20:58.000000000,1970-01-01 00:00:00.000000001,open,2,Warning on incomplete process sensitivity lists
1424,2020-08-04 17:41:14.000000000,2020-08-04 23:54:05.000000000,closed,0,IIR_PREDEFINED_IEEE_STD_LOGIC_ARITH_EQ_UNS_UNS in conditional signal assignment
1423,2020-08-04 15:24:45.000000000,2020-08-06 12:55:30.000000000,closed,6,Problems installing on Centos 7
1422,2020-08-03 04:24:26.000000000,2020-08-07 03:51:32.000000000,closed,6,Add rich rule checking
1421,2020-08-02 04:14:50.000000000,2020-08-06 09:59:08.000000000,closed,9,ERROR: wire not found for $posedge while building leon3mp
1420,2020-08-02 00:07:37.000000000,2020-08-05 09:25:55.000000000,closed,1,Program received signal SIGABRT
1419,2020-08-01 16:32:35.000000000,1970-01-01 00:00:00.000000001,open,0,Element array of unconstrained record type
1418,2020-07-30 23:34:49.000000000,2020-07-30 23:54:42.000000000,closed,1,"doc: Update and fix PSL documentation (vunits, see #1027, PSL functions)"
1417,2020-07-30 20:25:18.000000000,2020-07-30 23:53:49.000000000,closed,0,synth: Synthesis fails when resizing fixed point signal to a smaller range
1416,2020-07-30 00:58:11.000000000,2020-08-04 09:32:24.000000000,closed,6,Support of force/release (VHDL-08)
1415,2020-07-29 02:55:54.000000000,2020-07-29 23:03:35.000000000,closed,2,TYPES.INTERNAL_ERROR : trans.adb:649 when analyzing a test bench
1414,2020-07-28 05:42:30.000000000,2020-07-31 09:40:20.000000000,closed,5,PSL assert statement sometimes misparsed as cover statement
1413,2020-07-27 19:45:13.000000000,2020-07-30 09:48:44.000000000,closed,1,"synth: Synthesis fails when using fixed point function ""reciprocal()"""
1412,2020-07-27 19:13:59.000000000,2020-08-08 13:16:17.000000000,closed,4,GHDL allows non-static signal names for 'event
1411,2020-07-27 11:00:30.000000000,2020-07-30 07:13:11.000000000,closed,10,ghdl-ls: Fix exception crashing language server
1410,2020-07-27 10:51:25.000000000,2020-07-30 07:13:10.000000000,closed,0,ghdl-ls: Language server crashes on unhandled symbol
1409,2020-07-27 10:38:29.000000000,2020-07-29 06:25:15.000000000,closed,0,ghdl-ls: Unhandled Psl_Assert_Directive on assertion without entity being loaded
1408,2020-07-26 14:45:36.000000000,2020-07-27 08:56:36.000000000,closed,0,"synth: Synthesis fails when using fixed point function ""reciprocal()"""
1407,2020-07-26 13:48:31.000000000,2020-07-27 08:25:19.000000000,closed,0,synth: Synthesis fails when resizing fixed point signal
1406,2020-07-25 17:52:29.000000000,2020-07-25 21:10:31.000000000,closed,6,synth: simple clocked half adder crash
1405,2020-07-24 23:24:34.000000000,2020-07-24 23:25:50.000000000,closed,0,Merge pull request #1 from ghdl/master
1404,2020-07-24 20:09:17.000000000,2020-08-26 07:18:00.000000000,closed,10,internal error: grt.waves.find_type
1403,2020-07-24 20:01:05.000000000,2020-07-30 23:53:49.000000000,closed,3,Makefile generated with mcode and llvm backend have differents GHDLFLAGS
1402,2020-07-24 01:15:22.000000000,2020-08-04 09:34:15.000000000,closed,6,/usr/bin/ghdl-mcode:error: bound check failure at ../../src/openieee/v93/numeric_std-body.vhdl:890
1401,2020-07-23 19:17:37.000000000,2020-07-24 08:45:54.000000000,closed,4,makefile: fix 'test' when builddir != srcdir
1400,2020-07-23 18:32:53.000000000,2020-07-31 09:43:35.000000000,closed,5,Cannot build ghdl: Nonrepresentable section or output
1399,2020-07-23 17:29:15.000000000,1970-01-01 00:00:00.000000001,open,0,Package and/or install the testsuite
1398,2020-07-17 09:19:27.000000000,1970-01-01 00:00:00.000000001,open,2,Foreign attribute mapping to function pointers (Python callbacks)
1397,2020-07-17 07:15:11.000000000,2020-07-19 10:35:41.000000000,closed,1,Partially fix vpi_get_vlog_info
1396,2020-07-17 06:16:50.000000000,2020-07-19 10:35:41.000000000,closed,0,vpi_get_vlog_info not fully implemented
1395,2020-07-16 18:14:12.000000000,1970-01-01 00:00:00.000000001,open,4,"GHDL able to define a string with a range outside type ""string""  as in  (4 downto 0)"
1394,2020-07-16 05:26:21.000000000,1970-01-01 00:00:00.000000001,open,2,Simulation speed benchmark: LLVM vs GCC backend
1393,2020-07-15 20:44:01.000000000,2020-08-08 13:37:32.000000000,closed,7,GHDL cannot compile UVVM master and lib/ghdl/vendors/compile-uvvm.sh is out of date
1392,2020-07-14 18:41:54.000000000,2020-07-19 21:28:21.000000000,closed,2,Bound Check error on File read of unconstrained array type.
1391,2020-07-13 19:58:00.000000000,2020-07-19 10:36:53.000000000,closed,3,doc: document synthesis/translate pragmas
1390,2020-07-13 18:22:25.000000000,2020-07-24 08:24:15.000000000,closed,2,synth: TYPES.INTERNAL_ERROR : netlists-memories.adb:334 (two-dimensional array)
1389,2020-07-08 01:21:52.000000000,2020-08-08 13:50:54.000000000,closed,4,Math operations with large real numbers yield large error
1388,2020-07-02 15:14:01.000000000,1970-01-01 00:00:00.000000001,open,8,A case in favor of preserving (i.e. not deprecating) the run -gGENERIC=VALUE capability
1387,2020-07-02 08:45:30.000000000,2020-07-03 10:10:59.000000000,closed,1,handle openpower-cores/a2i design
1386,2020-07-01 04:43:35.000000000,1970-01-01 00:00:00.000000001,open,6,Support -gGENERIC=VALUE for generics of type std_logic_vector
1385,2020-06-30 15:10:12.000000000,2020-07-01 22:26:13.000000000,closed,5,Attribute expression for 'entity' must be locally static error in GHDL but not Vivado
1384,2020-06-29 20:47:32.000000000,2020-07-01 07:59:44.000000000,closed,3,Crash when assigning to a record
1383,2020-06-26 20:28:09.000000000,2020-06-27 18:01:21.000000000,closed,4,Unable to update ghdl: regression in recent ghdl-gcc ?
1382,2020-06-26 01:32:19.000000000,2020-06-26 21:27:05.000000000,closed,6,Xilinx bug when instantiating primitives for simulation
1381,2020-06-24 22:56:41.000000000,2020-06-26 20:40:19.000000000,closed,0,Spurious warning of unused variable with -Wunused
1380,2020-06-23 16:46:42.000000000,2020-06-24 11:12:38.000000000,closed,3,Simulation time is zero
1379,2020-06-23 13:29:21.000000000,2020-06-27 08:34:58.000000000,closed,0,crash when using unmatching generic range
1378,2020-06-22 00:59:40.000000000,2020-07-06 07:44:24.000000000,closed,5,"PSL: endpoints only working inside PSL comments, not in inline mode"
1377,2020-06-20 19:04:12.000000000,2020-06-27 17:59:23.000000000,closed,1,Crash when assigning from array of std_logic_vector to std_logic_vector in generate statement.
1376,2020-06-19 16:44:44.000000000,2020-06-27 17:25:11.000000000,closed,2,Inconsistency in Generation of SLV Windows due to Unbounded SLV Array Input
1375,2020-06-19 10:34:29.000000000,2020-08-04 09:35:50.000000000,closed,2,Crash when compiling UVVM/bitvis_vip_hvvc_to_vvc_bridge/src/support_pkg.vhd
1374,2020-06-17 22:48:33.000000000,2020-06-18 18:28:51.000000000,closed,6,BUG report raised  vhdl-sem_scopes.adb:469
1373,2020-06-16 13:02:22.000000000,2020-06-17 09:42:27.000000000,closed,3,Commit e0ca8bf0b0d8049c7e9f7fe53f7ed942fac61453 breaks some vendor library builds
1372,2020-06-15 16:40:01.000000000,2020-06-16 09:30:23.000000000,closed,0,synth/PSL: if-generate with condition evaluating to true in a PSL vunit results in GHDL crash
1371,2020-06-15 07:58:32.000000000,2020-06-16 09:30:24.000000000,closed,0,PSL iff operator <->not supported
1370,2020-06-12 22:28:39.000000000,2020-06-13 12:15:16.000000000,closed,1,"Case statement choices not same width as expression.  Expected to fail,  ghdl crash and bug post requested..."
1369,2020-06-12 03:11:08.000000000,2020-06-12 09:59:32.000000000,closed,7,FTBFS on POWER systems
1368,2020-06-11 18:24:39.000000000,2020-06-13 10:25:10.000000000,closed,7,Cannot build with LLVM in macOS 10.15
1367,2020-06-11 16:26:14.000000000,2020-06-13 09:57:25.000000000,closed,0,synth: Using PSL prev() & stable() functions with vector-slices crashs GHDL
1366,2020-06-10 23:04:06.000000000,2020-06-13 09:57:24.000000000,closed,2,synth: VHDL code in PSL vunits can't be parsed
1365,2020-06-10 13:22:51.000000000,2020-06-11 07:50:04.000000000,closed,2,--time-resolution not compatible with gtkwave?
1364,2020-06-09 19:54:40.000000000,2020-06-13 22:10:13.000000000,closed,7,Parenthesis dependent error : 'others' choice not allowed for an aggregate in this context
1363,2020-06-09 18:14:27.000000000,2020-06-09 18:49:52.000000000,closed,2,GHDL v. 0.37 for MacOS with LLVM backend 
1362,2020-06-09 17:55:57.000000000,2020-06-10 05:38:05.000000000,closed,10,Support for --work between files
1361,2020-06-09 13:34:39.000000000,2020-06-14 00:28:24.000000000,closed,6,Segfault in SPI flash sim model
1360,2020-06-08 08:51:43.000000000,2020-06-09 20:32:10.000000000,closed,0,"""GHDL Bug occured"" with aggregates in case statements"
1359,2020-06-08 01:04:03.000000000,2020-06-17 09:43:24.000000000,closed,1,"ci(msys2): define deps in PKGBUILD, cleanup run.sh"
1358,2020-06-07 11:29:29.000000000,2020-06-07 20:32:40.000000000,closed,0,Add PSL prev() function to allowed expressions
1357,2020-06-06 19:55:54.000000000,2020-06-07 08:17:13.000000000,closed,4,WIP: Synthesis of PSL built-in fell() function.
1356,2020-06-06 16:04:52.000000000,2020-06-06 18:49:32.000000000,closed,3,WIP: Synthesis of PSL built-in rose() function.
1355,2020-06-06 04:20:54.000000000,2020-06-06 07:14:23.000000000,closed,0,"ci(msys2): update eine/setup-msys2 to v1, set default shell"
1354,2020-06-06 00:15:19.000000000,2020-06-14 00:28:24.000000000,closed,3,predefined floating to string fails
1353,2020-06-05 16:25:08.000000000,2020-06-06 09:51:39.000000000,closed,10,WIP: Synthesis of PSL stable() function.
1352,2020-06-04 04:56:32.000000000,2020-06-04 04:59:57.000000000,closed,2,Internal error assigning partial vector with to_unsigned 
1351,2020-06-04 04:33:24.000000000,2020-06-05 16:51:11.000000000,closed,7,GHDL compilation error encountered
1350,2020-06-03 23:43:05.000000000,2020-06-04 07:18:15.000000000,closed,3,Documentation:  Shared 
1349,2020-06-02 13:21:44.000000000,1970-01-01 00:00:00.000000001,open,7,Analysing memories with LLVM backend very slow
1348,2020-06-01 15:53:20.000000000,2020-06-02 23:26:29.000000000,closed,2,Slightly confusing synthesis of memories
1347,2020-05-30 15:23:29.000000000,2020-06-01 09:38:40.000000000,closed,3,PSL: eventually! behaviour when simulation ends using std.env stop() or finish()
1346,2020-05-28 15:21:34.000000000,2020-06-03 13:00:13.000000000,closed,1,VHDL 2008 - unbounded array of std_ulogic_vector
1345,2020-05-28 12:00:08.000000000,2020-05-29 20:56:44.000000000,closed,8,synth/PSL: Crash when using PSL eventually! operator
1344,2020-05-27 23:27:23.000000000,2020-05-31 22:53:58.000000000,closed,1,Wrong compilation order in compile-uvvm.sh script
1343,2020-05-27 10:14:45.000000000,2020-05-27 10:22:55.000000000,closed,0,doc: move --file-to-xml to 'Misc commands'
1342,2020-05-26 07:37:28.000000000,2020-05-27 10:02:38.000000000,closed,3,Support for VHDL-2008 unary operators
1341,2020-05-25 16:59:28.000000000,2020-05-26 03:01:28.000000000,closed,5,"Unexpected ""declaration of a too large object"" error"
1340,2020-05-24 14:27:00.000000000,1970-01-01 00:00:00.000000001,open,3,Assertion failed with (others => signal) on component instanciation
1339,2020-05-23 09:58:34.000000000,2020-05-23 17:40:58.000000000,closed,6,GHDL fails to build with gnat-2020 Community Edition
1338,2020-05-22 13:32:05.000000000,2020-05-27 09:28:03.000000000,closed,15,Improve usefulness of IEEE library warnings by adding signal name
1337,2020-05-22 08:41:07.000000000,2020-05-25 10:11:28.000000000,closed,5,Way to add clocks generated with ecppll?
1336,2020-05-22 08:35:34.000000000,2020-05-25 10:10:59.000000000,closed,12,missing target libghdlsynth.a
1335,2020-05-22 04:12:34.000000000,2020-05-22 15:58:25.000000000,closed,7,Strange issue with synchronous signal update
1334,2020-05-22 04:04:26.000000000,2020-05-22 08:18:20.000000000,closed,1,doc: announce nightly pre-release and Action setup-ghdl-ci
1333,2020-05-21 22:24:43.000000000,2020-05-21 23:33:54.000000000,closed,2,synth: crash when using ascending attribute
1332,2020-05-21 22:15:12.000000000,2020-05-21 23:45:21.000000000,closed,1,synth: crash when using constant rom
1331,2020-05-21 16:55:18.000000000,1970-01-01 00:00:00.000000001,open,4,Procedures to start/stop wave file generation
1330,2020-05-21 06:58:34.000000000,2020-05-21 10:21:36.000000000,closed,1,synth: assert has issues with translation to verilog using yosys
1329,2020-05-21 00:23:22.000000000,2020-05-21 01:15:27.000000000,closed,0,ci: adjust pkg tag in ci-run.sh
1328,2020-05-20 10:49:54.000000000,1970-01-01 00:00:00.000000001,open,2,WIP: Add a test that compares a ghw dump with a known previous dump to cheâ€¦
1327,2020-05-20 08:54:09.000000000,2020-05-20 09:35:28.000000000,closed,5,ghwdump should handle zero-length signals
1326,2020-05-20 08:38:55.000000000,2020-05-20 09:46:27.000000000,closed,1,ghwdump utility doesn't handle zero length signals.
1325,2020-05-19 04:19:09.000000000,2020-05-19 08:09:52.000000000,closed,1,Synthesis fails to handle `rotate_right` and `rotate_left` (and possibly other functions)
1324,2020-05-19 03:02:37.000000000,2020-05-19 09:36:29.000000000,closed,0,synth: access check failed when using record type port or signal
1323,2020-05-18 01:48:40.000000000,1970-01-01 00:00:00.000000001,open,1,GHW dumps not well tested
1322,2020-05-18 00:04:28.000000000,2020-05-18 10:19:20.000000000,closed,1,PSL: psl.sem_sequence: cannot handle N_GOTO_REPEAT_SEQ
1321,2020-05-17 23:41:56.000000000,2020-05-18 10:18:43.000000000,closed,0,PSL: psl.sem_sequence: cannot handle N_EQUAL_REPEAT_SEQ
1320,2020-05-17 17:19:05.000000000,2020-05-20 08:45:00.000000000,closed,9,rework 'version.tmp'
1319,2020-05-17 15:04:44.000000000,2020-05-18 10:07:21.000000000,closed,10,synth: Possible issue in microwatt with SPR decode
1318,2020-05-17 08:53:31.000000000,2020-05-23 20:07:12.000000000,closed,1,synth: Pass attributes such as ram_style
1317,2020-05-17 06:57:44.000000000,2020-05-17 11:46:47.000000000,closed,1,"synth: Crash when synthesizing microwatt ""mmu"" branch"
1316,2020-05-17 00:29:04.000000000,2020-05-17 11:46:46.000000000,closed,1,synth: unconstrained integer subtraction
1315,2020-05-16 10:23:51.000000000,2020-05-20 09:51:38.000000000,closed,6,ci: use eine/tip to provide nightly releases
1314,2020-05-16 02:02:05.000000000,2020-05-16 10:37:14.000000000,closed,2,synth: name clash when replicating named PSL directives with for generate
1313,2020-05-16 01:47:14.000000000,2020-05-16 10:18:24.000000000,closed,0,synth: operator symbol in function name
1312,2020-05-15 05:33:46.000000000,2020-05-16 10:22:38.000000000,closed,1,Crash with inout + default value
1311,2020-05-15 02:26:23.000000000,2020-05-15 10:19:37.000000000,closed,0,synth: null array equality
1310,2020-05-15 02:16:48.000000000,2020-05-15 10:19:37.000000000,closed,2,synth: unhandled numeric_std relational operators
1309,2020-05-14 08:09:18.000000000,2020-05-14 21:19:29.000000000,closed,14,"Incorrect case statement synthesis with new ""pmux"" changes"
1308,2020-05-12 21:46:26.000000000,2020-05-14 23:41:30.000000000,closed,5,synth-objtypes: alignment issues in Memory_Array
1307,2020-05-12 21:16:28.000000000,2020-05-27 09:31:19.000000000,closed,11,Multiple Driver Nets error in ghdl+yosys+Vivado build
1306,2020-05-12 08:14:27.000000000,2020-05-12 10:10:19.000000000,closed,1,WIP: Add some documentation on the RTI structures.
1305,2020-05-12 08:05:01.000000000,2020-05-12 08:52:35.000000000,closed,0,doc: fix typos in 'internals'
1304,2020-05-12 07:56:36.000000000,2020-05-12 10:08:05.000000000,closed,1,Adding some comments to the RTI processing.
1303,2020-05-11 18:46:19.000000000,2020-05-11 19:32:39.000000000,closed,2,Error when running Altera CycloneII Post-Synthesis Simulation Model
1302,2020-05-11 13:19:11.000000000,2020-05-13 10:36:02.000000000,closed,5,"Generic edge causes ""ill-formed clock-level"" during synthesis"
1301,2020-05-10 14:14:42.000000000,2020-05-11 23:24:05.000000000,closed,0,Improve formatting of testenv.sh file.
1300,2020-05-10 13:12:18.000000000,2020-05-13 20:39:28.000000000,closed,6,Unconstrained array in a record specialization bug
1299,2020-05-10 09:56:07.000000000,1970-01-01 00:00:00.000000001,open,11,WIP: Adding structure to represent a give node/context point in RTI tree.
1298,2020-05-10 05:06:29.000000000,2020-05-13 20:37:14.000000000,closed,3,The specification of unsupported kind of generics produce 'GHDL Bug occurred'
1297,2020-05-10 04:01:23.000000000,2020-05-10 18:56:49.000000000,closed,11,Constants in vpi
1296,2020-05-09 15:17:51.000000000,2020-05-09 18:33:10.000000000,closed,1,Add tests of synth/sim for #1292 and #1295
1295,2020-05-09 14:24:12.000000000,2020-05-09 18:34:04.000000000,closed,1,PSL: psl.sem_property: cannot handle N_NEXT_EVENT_A
1294,2020-05-09 12:17:33.000000000,2020-05-19 09:54:05.000000000,closed,1,synth: error when defining an array range via generic
1293,2020-05-09 04:21:56.000000000,2020-05-09 09:31:01.000000000,closed,1,doc: update news
1292,2020-05-09 03:07:32.000000000,2020-05-09 09:59:49.000000000,closed,4,PSL: psl.sem_property: cannot handle N_NEXT_EVENT_E
1291,2020-05-08 16:57:36.000000000,1970-01-01 00:00:00.000000001,open,12,Learning VHDL with GHDL
1290,2020-05-08 14:12:05.000000000,2020-05-08 19:40:31.000000000,closed,1,Update documentation
1289,2020-05-08 13:40:00.000000000,2020-05-08 19:52:52.000000000,closed,1,Fix for PSL next_e operator
1288,2020-05-08 01:11:34.000000000,2020-05-08 20:00:49.000000000,closed,3,PSL: psl.sem_property: cannot handle N_NEXT_E
1287,2020-05-07 08:48:30.000000000,2020-08-05 13:52:11.000000000,closed,3,Declaration of array of record subtype triggers bug.
1286,2020-05-06 22:26:34.000000000,2020-05-08 09:50:01.000000000,closed,10,good first issue label
1285,2020-05-05 03:00:25.000000000,2020-05-05 07:01:18.000000000,closed,1,Regression: wire not found for $posedge
1284,2020-05-04 23:54:00.000000000,2020-05-06 05:06:29.000000000,closed,5,wait for 0 ns does not wait for 1 delta cycle
1283,2020-05-04 17:23:00.000000000,2020-05-05 06:41:44.000000000,closed,1,synth: record type composition assertion
1282,2020-05-04 15:37:12.000000000,2020-05-06 20:39:30.000000000,closed,1,"aggregate, expression followed by others"
1281,2020-05-04 08:35:44.000000000,2020-05-08 19:40:31.000000000,closed,6,Document --time-resolution
1280,2020-05-04 07:20:47.000000000,2020-05-04 21:04:42.000000000,closed,0,synth: subtype range defined with attributes
1279,2020-05-03 11:55:13.000000000,2020-05-03 13:15:31.000000000,closed,1,Document and use --vpi-library-dir-unix
1278,2020-05-03 05:21:38.000000000,2020-05-03 05:42:35.000000000,closed,6,The path of VPI modules is not valid on MINGW
1277,2020-05-03 04:47:23.000000000,2020-05-05 06:41:44.000000000,closed,0,"synth: aggregate, element association range constrainbed by function call"
1276,2020-05-03 04:21:47.000000000,2020-05-03 09:09:45.000000000,closed,1,doc: add hint about passing multiple '--vpi='
1275,2020-05-03 01:04:53.000000000,2020-05-03 16:03:59.000000000,closed,6,synth: PSL assertions without always are active at each cycle
1274,2020-05-01 22:59:56.000000000,2020-05-02 14:20:21.000000000,closed,4,aggreate bit string literal assignment (cannot resolve type of waveform)
1273,2020-04-29 07:34:13.000000000,2020-05-06 20:39:30.000000000,closed,2,synth: asserts statements on procedure body are not included in generated code
1272,2020-04-29 00:26:42.000000000,2020-04-29 23:53:43.000000000,closed,0,PSL: Logical operators on properties
1271,2020-04-28 22:30:18.000000000,2020-04-30 09:50:53.000000000,closed,1,synth: port as object declaration's initial value
1270,2020-04-28 09:26:02.000000000,2020-04-28 22:07:59.000000000,closed,3,Error when initializing array of records
1269,2020-04-28 06:21:09.000000000,2020-04-28 20:00:42.000000000,closed,0,Assigning bit_vector to std_logic_vector produces a crash
1268,2020-04-27 20:27:39.000000000,2020-04-28 07:09:57.000000000,closed,4,weird bug when using OSVVM inside protected type (VHDL2008)
1267,2020-04-27 03:47:49.000000000,2020-04-27 08:06:39.000000000,closed,0,Function with multiple path and loop statement crashes (worked on f73b4740)
1266,2020-04-27 02:39:29.000000000,2020-04-27 08:54:39.000000000,closed,1,synth: attribute name on element association
1265,2020-04-26 18:27:12.000000000,2020-04-26 18:47:47.000000000,closed,1,synth: signed subtraction
1264,2020-04-26 03:36:49.000000000,2020-04-26 13:59:16.000000000,closed,4,synth: unhandled signed and unsigned shift operations
1263,2020-04-25 17:50:31.000000000,2020-04-26 00:13:42.000000000,closed,3,Executable is not generated in linux environment
1262,2020-04-24 22:19:13.000000000,2020-04-27 20:26:25.000000000,closed,4,VHDL 2008: Use of Generic Package Type in Entity Port
1261,2020-04-24 16:04:29.000000000,2020-04-24 21:04:27.000000000,closed,1,can compiled VHDL libraries be used with different versions of GCC GHDL backend?
1260,2020-04-24 13:02:00.000000000,2020-04-24 21:01:33.000000000,closed,1,"Makefiles: fixed race condition in creation of ""grt"" directory before main.o is put in it"
1259,2020-04-24 12:54:05.000000000,2020-04-24 21:01:33.000000000,closed,2,Race condition in `make ghdllib -j8`
1258,2020-04-24 00:31:26.000000000,2020-04-24 08:41:41.000000000,closed,0,"synth: for loop and next gives unexpected ""error: latch infered for net"""
1257,2020-04-23 21:41:38.000000000,1970-01-01 00:00:00.000000001,open,3,Make bound check failures provide more information
1256,2020-04-23 14:36:58.000000000,2020-04-24 08:11:23.000000000,closed,2,Unable to Read/Write enum types using VPI
1255,2020-04-22 19:50:34.000000000,1970-01-01 00:00:00.000000001,open,26,Allow running the test suite in tree (without install)
1254,2020-04-22 03:28:41.000000000,2020-04-23 08:40:34.000000000,closed,2,synth: crashes when no file or unit is provided when std=08
1253,2020-04-21 00:10:58.000000000,2020-04-21 07:47:04.000000000,closed,1,unhandled IIR_PREDEFINED_IEEE_STD_LOGIC_ARITH_ADD_INT_SGN_SGN
1252,2020-04-20 09:42:29.000000000,2020-04-20 20:12:52.000000000,closed,1,VHDL2008: Poor Error for VHPIDIRECT in Protected type
1251,2020-04-19 22:37:43.000000000,2020-04-20 09:39:21.000000000,closed,0,synth: raised SYSTEM.ASSERTIONS.ASSERT_FAILURE : synth-stmts.adb:448
1250,2020-04-19 21:42:02.000000000,2020-04-20 09:34:58.000000000,closed,1,synth: raised SYSTEM.ASSERTIONS.ASSERT_FAILURE : netlists-builders.adb:1508
1249,2020-04-19 19:53:01.000000000,1970-01-01 00:00:00.000000001,open,23,WIP: Support records in vpi
1248,2020-04-19 01:57:41.000000000,2020-04-19 02:22:15.000000000,closed,1,Add support for static bit string literal equality and inequalty operation
1247,2020-04-19 01:31:53.000000000,2020-04-21 07:48:25.000000000,closed,1,synth: allow underline on bit value
1246,2020-04-18 22:47:56.000000000,2020-04-20 20:02:27.000000000,closed,1,VHDL 2008: Generic Package inside Generic Package
1245,2020-04-18 22:31:02.000000000,2020-05-28 20:37:25.000000000,closed,5,Unsupported TDP RAMs
1244,2020-04-18 22:18:29.000000000,2020-04-19 18:24:39.000000000,closed,7,synth_type_definition: cannot handle IIR_KIND_PROTECTED_TYPE_DECLARATION
1243,2020-04-18 19:21:05.000000000,2020-04-18 21:01:52.000000000,closed,10,synth: SYSTEM.ASSERTIONS.ASSERT_FAILURE : netlists-builders.adb:762
1242,2020-04-18 02:41:30.000000000,2020-04-21 09:41:58.000000000,closed,1,synth: GHDL hangs when code has loop statement with no iteration scheme
1241,2020-04-18 00:29:27.000000000,2020-04-18 09:27:50.000000000,closed,4,synth: Incorrect handling of indexed std_logic_vector in indexed array of records
1240,2020-04-18 00:08:42.000000000,2020-04-18 18:19:29.000000000,closed,0,synth: Qualified expression don't constraint expression to type mark
1239,2020-04-17 16:35:50.000000000,2020-04-19 14:18:39.000000000,closed,5,raised SYSTEM.ASSERTIONS.ASSERT_FAILURE : synth-aggr.adb:371
1238,2020-04-17 16:21:48.000000000,2020-04-23 08:40:34.000000000,closed,2,"""multiple assignments"" complaint when synthesizing a MUX with tristate buffers"
1237,2020-04-17 09:39:45.000000000,2020-04-18 08:52:31.000000000,closed,10,if-generate blocks with false conditions break analysis
1236,2020-04-17 04:05:48.000000000,2020-04-17 10:06:39.000000000,closed,5,IIR_KIND_INTERFACE_TYPE_DEFINITION
1235,2020-04-17 02:24:32.000000000,1970-01-01 00:00:00.000000001,open,5,synth: crash on process with multiple clock edge conditions
1234,2020-04-17 01:38:59.000000000,2020-04-17 09:25:53.000000000,closed,9,synth_expression_with_type: cannot handle IIR_KIND_PARENTHESIS_EXPRESSION
1233,2020-04-16 21:35:06.000000000,2020-04-17 20:32:32.000000000,closed,3,Memory leak when using vpi_iterate/vpi_scan.
1232,2020-04-16 19:33:03.000000000,2020-04-21 07:50:35.000000000,closed,2,raised SYSTEM.ASSERTIONS.ASSERT_FAILURE : vhdl-nodes.adb:860
1231,2020-04-16 19:12:24.000000000,2020-04-16 22:41:01.000000000,closed,4,assertion failure in synthesis without the report message
1230,2020-04-16 17:15:06.000000000,2020-04-16 20:24:39.000000000,closed,3,raised TYPES.INTERNAL_ERROR : synth-environment.adb:1373
1229,2020-04-15 21:28:05.000000000,2020-04-16 20:24:38.000000000,closed,3,VHDL2008: Generic Package with VHPIDIRECT
1228,2020-04-14 20:45:38.000000000,2020-04-16 09:37:56.000000000,closed,0,vpi_handle_by_name does not work for extended identifiers
1227,2020-04-14 19:59:34.000000000,2020-04-15 09:36:20.000000000,closed,4,synth: Clock inverter added for falling_edge clocks results in dubious timing
1226,2020-04-14 12:40:59.000000000,2020-04-16 09:37:55.000000000,closed,6,Memory leak when driving simulations with a VPI plugin.
1225,2020-04-14 00:04:59.000000000,2020-04-14 10:21:01.000000000,closed,1,synth: Variable used in clocked and unclocked part of process
1224,2020-04-13 22:53:01.000000000,1970-01-01 00:00:00.000000001,open,10,VHDL2008: unconstrained array of unconstrained std_logic_vector
1223,2020-04-13 12:16:53.000000000,2020-04-14 23:18:51.000000000,closed,4,doc: add use case of -frelaxed
1222,2020-04-13 07:46:32.000000000,2020-04-13 23:22:43.000000000,closed,8,ghdl has recently stopped working with cocotb
1221,2020-04-13 02:33:31.000000000,2020-04-13 09:10:12.000000000,closed,0,synth: Integer literal minus unsigned gives error
1220,2020-04-13 02:21:46.000000000,2020-04-13 13:53:35.000000000,closed,6,synth: Support for multi-dimensional ROMs
1219,2020-04-13 02:08:37.000000000,2020-04-13 12:24:56.000000000,closed,1,synth: Truncating ROM output causes internal error
1218,2020-04-13 01:54:52.000000000,2020-04-13 09:10:13.000000000,closed,3,synth: Is_Positive is overly pessimistic
1217,2020-04-12 22:41:32.000000000,2020-04-13 01:31:38.000000000,closed,5,synth: Incorrect bit reversal of record
1216,2020-04-12 12:25:35.000000000,2020-04-14 19:42:36.000000000,closed,2,doc: split 'Interfacing to other languages' to ghdl/ghdl-cosim
1215,2020-04-12 09:43:33.000000000,2020-04-12 12:29:57.000000000,closed,3,grt: handle argc=0 and argv/=null in ghdl_main (#1206)
1214,2020-04-11 23:20:39.000000000,2020-04-21 04:50:23.000000000,closed,13,Building ghdllib does not work with the GCC backend
1213,2020-04-11 22:50:22.000000000,2020-04-24 16:38:40.000000000,closed,10,Latest release (`v0.37`) does not build with LLVM 10
1212,2020-04-11 17:10:42.000000000,2020-04-11 17:37:49.000000000,closed,0,"""variable with access type is not synthesizable"" aborts with a ""GHDL Bug occurred"""
1211,2020-04-11 16:57:03.000000000,2020-04-12 12:26:19.000000000,closed,0,synth: SYSTEM.ASSERTIONS.ASSERT_FAILURE : netlists-inference.adb:542
1210,2020-04-11 16:50:06.000000000,2020-04-11 17:37:50.000000000,closed,3,"synth: unhandled call to ieee function ""floor"""
1209,2020-04-11 16:47:26.000000000,2020-04-11 17:37:49.000000000,closed,3,synth_static_dyadic_predefined: unhandled IIR_PREDEFINED_IEEE_STD_LOGIC_UNSIGNED_ADD_SLV_SLV
1208,2020-04-11 07:41:43.000000000,2020-04-11 09:59:40.000000000,closed,0,unhandled function: IIR_PREDEFINED_IEEE_STD_LOGIC_ARITH_CONV_INTEGER_LOG
1207,2020-04-11 07:37:49.000000000,2020-04-11 09:59:40.000000000,closed,0,synth_dyadic_operation: unhandled IIR_PREDEFINED_IEEE_STD_LOGIC_SIGNED_SUB_SLV_SLV
1206,2020-04-11 04:14:48.000000000,2020-04-11 10:13:51.000000000,closed,2,VHPIDIRECT: NULL argv produces 'Aborted (core dumped)'
1205,2020-04-09 23:39:44.000000000,2020-04-10 09:48:48.000000000,closed,1,"update doc (synth, overview, generics, etc.)"
1204,2020-04-09 22:07:30.000000000,1970-01-01 00:00:00.000000001,open,8,Revisit CLI syntax
1203,2020-04-09 18:20:48.000000000,2020-04-24 09:29:13.000000000,closed,7,GHDL under Windows 10 - path problem
1202,2020-04-09 04:07:38.000000000,2020-04-09 09:23:27.000000000,closed,1,doc: update tips/hints related to VHPIDIRECT
1201,2020-04-08 23:00:32.000000000,2020-08-05 18:03:47.000000000,closed,6,Crash in latest ghdl-gcc/llvm with two successive non constrained arrays 
1200,2020-04-07 20:03:44.000000000,2020-04-07 23:05:33.000000000,closed,1,synth-static_oper: handle mul uns nat.
1199,2020-04-06 04:22:25.000000000,2020-04-06 22:11:22.000000000,closed,1,Not matching port size synthetises -- sometimes
1198,2020-04-05 19:58:44.000000000,2020-04-06 22:11:21.000000000,closed,4,synth_static_dyadic_predefined: unhandled IIR_PREDEFINED_IEEE_STD_LOGIC_UNSIGNED_ADD_SLV_INT
1197,2020-04-05 19:50:40.000000000,2020-04-06 22:11:21.000000000,closed,0,raised TYPES.INTERNAL_ERROR : vhdl-errors.adb:32
1196,2020-04-05 19:39:57.000000000,2020-04-06 22:11:22.000000000,closed,1,Swapping record and is keywords in record declaration results in GHDL error.
1195,2020-04-05 09:02:43.000000000,2020-04-08 20:56:34.000000000,closed,9,Update Foreign.rst to reflect my learnings
1194,2020-04-05 08:27:07.000000000,2020-04-05 08:50:11.000000000,closed,1,Examples Section for External Program Interfacing and other use cases
1193,2020-04-05 07:20:53.000000000,2020-04-06 22:11:21.000000000,closed,0,synth_dyadic_operation: unhandled IIR_PREDEFINED_IEEE_STD_LOGIC_SIGNED_ADD_SLV_INT
1192,2020-04-04 22:52:39.000000000,2020-04-06 10:22:10.000000000,closed,2,Add compatibility with LLVM-10.
1191,2020-04-04 21:23:10.000000000,2020-04-07 23:04:49.000000000,closed,2,Crash in latest ghdl-gcc
1190,2020-04-04 03:47:30.000000000,2020-04-13 19:04:06.000000000,closed,5,Allow opening a file relative to the HDL file location
1189,2020-04-04 03:15:50.000000000,1970-01-01 00:00:00.000000001,open,0,"Talks, presentations and other communications about GHDL"
1188,2020-04-03 21:30:51.000000000,2020-04-24 09:29:52.000000000,closed,6,Compiling Xilinx primitives - unisim
1187,2020-04-03 05:03:51.000000000,1970-01-01 00:00:00.000000001,open,8,gtkwave does not run for the expected time within a testbench
1186,2020-04-01 18:59:33.000000000,2020-04-02 09:45:22.000000000,closed,0,synth: handle real-type generics in unbound components
1185,2020-04-01 00:48:06.000000000,2020-04-01 09:42:33.000000000,closed,4,Pass Toplevel generic to ghdl_main()
1184,2020-04-01 00:09:58.000000000,1970-01-01 00:00:00.000000001,open,26,Second call of ghdl_main() aborts
1183,2020-03-31 15:35:32.000000000,2020-03-31 20:19:51.000000000,closed,1,python: fix document URI creation on Windows
1182,2020-03-31 02:42:22.000000000,2020-05-04 07:02:54.000000000,closed,4,evaluation of expression defined with generics constant on aggregate
1181,2020-03-30 13:26:14.000000000,2020-04-10 00:04:51.000000000,closed,2,synth: synth-static_oper.adb:605 discriminant check failed
1180,2020-03-30 13:08:48.000000000,2020-04-01 09:57:24.000000000,closed,2,synth: synth_expression_with_type: cannot handle IIR_KIND_LOW_TYPE_ATTRIBUTE
1179,2020-03-30 12:35:40.000000000,2020-04-01 10:20:22.000000000,closed,0,synth: synth_static_dyadic_predefined: unhandled IIR_PREDEFINED_IEEE_NUMERIC_STD_MUL_NAT_UNS
1178,2020-03-30 07:32:06.000000000,2020-03-30 10:08:58.000000000,closed,0,synth: assignment to aggregate
1177,2020-03-30 04:33:43.000000000,2020-03-30 09:04:01.000000000,closed,0,synth: condition conversion don't work
1176,2020-03-28 23:59:27.000000000,2020-04-10 00:07:26.000000000,closed,1,synth: signed/unsigned operation don't work after assignment
1175,2020-03-28 22:40:52.000000000,2020-03-29 22:23:16.000000000,closed,0,synth crashes when using alias from input with --std=08
1174,2020-03-27 22:13:43.000000000,1970-01-01 00:00:00.000000001,open,5,"Synthesis output formats (generators): VHDL, EDIF, Verilog..."
1173,2020-03-26 02:30:07.000000000,2020-03-26 10:26:24.000000000,closed,0,termux: setting symlinks explicitly is not required now
1172,2020-03-23 17:14:34.000000000,2020-03-23 22:03:43.000000000,closed,0,synth: error when declaring multiple constants at once
1171,2020-03-22 15:52:31.000000000,2020-03-23 10:30:20.000000000,closed,1,VHDL records not exported to .vcd files
1170,2020-03-21 21:18:52.000000000,2020-03-23 10:29:55.000000000,closed,0,synth: TYPES.INTERNAL_ERROR : synth-stmts.adb:3056
1169,2020-03-21 21:06:15.000000000,2020-03-23 09:58:47.000000000,closed,0,synth: SYSTEM.ASSERTIONS.ASSERT_FAILURE : netlists-builders.adb:1104
1168,2020-03-21 16:35:45.000000000,2020-03-21 20:16:52.000000000,closed,4,"synth: unhandled call to ieee function ""minimum"""
1167,2020-03-21 16:29:36.000000000,2020-03-21 17:06:02.000000000,closed,0,synth: synth_static_monadic_predefined: unhandled IIR_PREDEFINED_IEEE_NUMERIC_STD_NOT_UNS
1166,2020-03-20 21:19:52.000000000,2020-03-23 09:53:47.000000000,closed,1,synth: inout ports are synthesized incorrectly
1165,2020-03-19 15:46:57.000000000,2020-03-19 22:32:00.000000000,closed,0,synth: CONSTRAINT_ERROR : synth-expr.adb:979 discriminant check failed
1164,2020-03-19 15:19:33.000000000,2020-03-19 21:29:55.000000000,closed,0,synth: synth_type_of_object: cannot handle IIR_KIND_INDEXED_NAME
1163,2020-03-19 14:49:04.000000000,2020-03-20 10:44:28.000000000,closed,1,synth: TYPES.INTERNAL_ERROR : synth-stmts.adb:219
1162,2020-03-19 14:16:30.000000000,2020-03-19 21:20:39.000000000,closed,4,synth: SYSTEM.ASSERTIONS.ASSERT_FAILURE : netlists-builders.adb:1340
1161,2020-03-19 00:32:31.000000000,2020-03-30 10:10:16.000000000,closed,1,synth: Aggregate of slv followed with `others` association crashes
1160,2020-03-18 08:51:37.000000000,2020-03-18 10:34:15.000000000,closed,1,synth: Crashes when subtype range is defined with generics
1159,2020-03-17 16:49:03.000000000,2020-03-24 21:13:40.000000000,closed,1,synth: fixed point support
1158,2020-03-14 03:12:47.000000000,2020-03-14 12:29:08.000000000,closed,0,synth_static_dyadic_predefined: unhandled IIR_PREDEFINED_INTEGER_MAXIMUM
1157,2020-03-10 14:42:56.000000000,2020-03-13 11:01:10.000000000,closed,0,synth: support remaining mul/div/rem/mod operations
1156,2020-03-10 02:58:54.000000000,2020-03-30 10:10:36.000000000,closed,6,Use GHDL as a VHDL parser
1155,2020-03-07 22:13:44.000000000,2020-03-07 22:33:17.000000000,closed,0,Synthesis introduces logic error with arrays
1154,2020-03-07 03:27:12.000000000,1970-01-01 00:00:00.000000001,open,1,synth: buffer signal names may clash with existing identifiers
1153,2020-03-07 01:31:10.000000000,2020-03-07 12:08:19.000000000,closed,0,synth: VHDL netlist output produces instantiations of gsynth.gate_xnor
1152,2020-03-06 08:00:09.000000000,2020-03-06 12:02:35.000000000,closed,1,prefix of array attribute must be an object name
1151,2020-03-06 04:41:25.000000000,2020-03-06 07:41:46.000000000,closed,1,GHDL installation
1150,2020-03-03 23:30:03.000000000,2020-03-04 00:14:04.000000000,closed,1,Documentation Details
1149,2020-03-03 13:34:39.000000000,1970-01-01 00:00:00.000000001,open,1,Allow excluding signals in wave options file
1148,2020-03-03 00:51:45.000000000,2020-03-03 01:10:48.000000000,closed,2,cannot handle IIR_PREDEFINED_UNIVERSAL_R_I_DIV
1147,2020-03-02 05:58:56.000000000,2020-03-02 11:36:53.000000000,closed,1,ci: minor style change in 'push' workflow
1146,2020-02-29 00:09:11.000000000,2020-02-29 21:38:50.000000000,closed,0,synth: support more physical operations
1145,2020-02-22 15:57:57.000000000,2020-02-26 01:31:18.000000000,closed,6,textio.readline: DOS line endings cause additional lines
1144,2020-02-21 10:03:20.000000000,2020-02-21 10:49:02.000000000,closed,0,synth: alias of input fails
1143,2020-02-20 09:23:03.000000000,2020-02-20 11:43:16.000000000,closed,2,add build script for termux
1142,2020-02-19 12:25:49.000000000,2020-02-20 00:11:46.000000000,closed,1,disable backtrace on android
1141,2020-02-18 20:10:24.000000000,2020-02-18 22:32:04.000000000,closed,7,Error trying to exec 'cc1' when building GHDL from sources after installing gnat community.
1140,2020-02-18 16:44:42.000000000,2020-02-25 05:24:38.000000000,closed,1,synth: function Reduce_Muxes failing on LUT scenario
1139,2020-02-18 14:21:01.000000000,2020-02-25 05:14:46.000000000,closed,2,synth: unsupported IIR_KIND_ANONYMOUS_SIGNAL_DECLARATION with configurations
1138,2020-02-16 19:58:51.000000000,2020-03-01 16:45:00.000000000,closed,2,port width constraint by function
1137,2020-02-14 23:09:12.000000000,2020-02-17 23:48:16.000000000,closed,10,Vector indexed with variable in process is assigned XX 
1136,2020-02-14 05:52:25.000000000,2020-02-17 11:44:41.000000000,closed,7,GHDL Synth + Yosys results in ERROR: wire not found for $edge
1135,2020-02-12 15:59:51.000000000,2020-02-13 04:26:34.000000000,closed,14,"Incorrect error during elaboration: ""several sources for unresolved signal"""
1134,2020-02-12 07:51:03.000000000,2020-02-12 10:23:50.000000000,closed,8,Predef integer division.
1133,2020-02-11 16:54:45.000000000,2020-02-11 23:11:55.000000000,closed,0,"""discriminant check failed"" when concatenating null and anonymous vector."
1132,2020-02-11 16:35:21.000000000,2020-02-11 22:31:30.000000000,closed,0,IIR_PREDEFINED_IEEE_NUMERIC_STD_ADD_NAT_UNS depending on the order of operators
1131,2020-02-10 08:18:43.000000000,2020-08-04 23:54:05.000000000,closed,3,Can't mix generics when constraining record
1130,2020-02-10 04:36:51.000000000,2020-02-11 00:56:24.000000000,closed,0,Converting to enumerated types via `some_type'val` or `some_type'value` causes TYPES.INTERNAL_ERROR : vhdl-errors.adb:32
1129,2020-02-10 02:57:16.000000000,1970-01-01 00:00:00.000000001,open,6,Setting port to constant using to_unsigned causes crash
1128,2020-02-10 02:48:14.000000000,2020-08-04 23:54:06.000000000,closed,2,Signal cannot be declared using subtype of unconstrained signal in port map
1127,2020-02-10 01:20:41.000000000,2020-02-11 00:59:34.000000000,closed,2,Slicing vector from array results in `SYSTEM.ASSERTIONS.ASSERT_FAILURE` raised
1126,2020-02-10 01:14:56.000000000,2020-02-11 00:57:56.000000000,closed,1,Getting IIR_PREDEFINED_IEEE_1164_SCALAR_XOR then TYPES.INTERNAL_ERROR : synth-static_oper.adb:524 in specific files
1125,2020-02-07 16:01:14.000000000,2020-02-11 11:47:28.000000000,closed,5,bound check failure
1124,2020-02-01 15:55:42.000000000,2020-02-01 19:45:40.000000000,closed,1,Commit 41e02 breaks compile
1123,2020-01-30 13:05:17.000000000,2020-02-02 00:14:12.000000000,closed,5,Function in port map crashes during simulation
1122,2020-01-30 12:05:09.000000000,2020-02-01 15:23:29.000000000,closed,0,SYSTEM.ASSERTIONS.ASSERT_FAILURE : synth-inference.adb:415
1121,2020-01-30 11:52:12.000000000,2020-02-01 12:17:01.000000000,closed,1,Patch: std_match for SLV
1120,2020-01-30 01:02:34.000000000,2020-02-02 22:51:12.000000000,closed,6,aggregate target in variable assignments
1119,2020-01-29 18:05:46.000000000,2020-01-30 10:26:47.000000000,closed,4,update for gcc10
1118,2020-01-28 05:55:10.000000000,1970-01-01 00:00:00.000000001,open,9,GHDL on CentOS 8?
1117,2020-01-27 23:44:18.000000000,1970-01-01 00:00:00.000000001,open,8,Support command-line generic overrides for array types
1116,2020-01-26 16:11:47.000000000,2020-01-26 21:05:51.000000000,closed,4,"synth: wrongly reported ""direction mismatch in slice"""
1115,2020-01-25 16:49:55.000000000,1970-01-01 00:00:00.000000001,open,8,macOS binary is unusable under the current version of the operating system
1114,2020-01-24 18:40:52.000000000,2020-01-25 12:33:32.000000000,closed,0,synth: crash on slice of function return value
1113,2020-01-23 20:46:14.000000000,2020-01-25 12:33:31.000000000,closed,2,synth: Using a signal as the index for an array of length 1 fails with an assertion error.
1112,2020-01-23 06:39:59.000000000,1970-01-01 00:00:00.000000001,open,4,generated executable crashes with seg fault on wide std_logic_vector signal with declared init value
1111,2020-01-23 06:29:50.000000000,1970-01-01 00:00:00.000000001,open,1,generated executable crashes erroneously trying to allocate an extremely large amount of memory
1110,2020-01-21 21:17:32.000000000,1970-01-01 00:00:00.000000001,open,2,synth: crash in output when another signal is used as signal's init value
1109,2020-01-21 20:51:22.000000000,2020-01-24 09:45:04.000000000,closed,1,synth: add support for matching relational operators
1108,2020-01-21 11:52:28.000000000,2020-02-29 15:29:32.000000000,closed,37,2020 release
1107,2020-01-21 05:35:33.000000000,2020-02-11 00:56:23.000000000,closed,0,Unassigned signals connected to ports fail in an unhelpful way.
1106,2020-01-20 05:20:11.000000000,2020-01-20 10:52:45.000000000,closed,1,GHA: fix windows jobs 
1105,2020-01-19 23:24:23.000000000,2020-01-20 01:01:55.000000000,closed,1,update README
1104,2020-01-19 22:56:01.000000000,2020-01-21 00:56:18.000000000,closed,3,use DESTDIR instead of --prefix
1103,2020-01-19 22:19:13.000000000,2020-01-20 00:58:41.000000000,closed,1,travis: update to ubuntu16 and fedora31
1102,2020-01-19 22:10:13.000000000,2020-03-02 00:53:19.000000000,closed,6,enable synth by default
1101,2020-01-19 19:07:12.000000000,2020-01-20 11:56:43.000000000,closed,1,synth: support more signed operations
1100,2020-01-19 17:50:52.000000000,2020-01-20 00:53:50.000000000,closed,0,"synth: code with records, arrays and a loop hits error"
1099,2020-01-17 05:31:47.000000000,2020-01-20 00:53:47.000000000,closed,0,synth: assertion_error when instantiating a module with a zero-width port
1098,2020-01-15 23:13:35.000000000,2020-04-01 09:58:14.000000000,closed,1,synth: handle Iir_Kinds_Type_Attribute and Iir_Kinds_Scalar_Type_Attribute
1097,2020-01-15 12:41:53.000000000,2020-01-17 13:49:10.000000000,closed,3,Overflow in osvvm.CoveragePkg
1096,2020-01-15 05:01:02.000000000,2020-01-16 22:54:46.000000000,closed,0,synth: CONSTRAINT_ERROR when defining std_logic_vector constant in package body.
1095,2020-01-14 17:44:30.000000000,2020-01-15 10:39:45.000000000,closed,0,synth: assertion failure with use clause in configuration
1093,2020-01-14 12:23:20.000000000,2020-01-14 22:21:34.000000000,closed,0,doc: add 'GSOC Ideas'
1092,2020-01-14 06:59:32.000000000,2020-01-20 11:57:07.000000000,closed,13,bound check failure at ../../src/ieee/numeric_std-body.v93:2104
1091,2020-01-13 17:15:41.000000000,2020-01-14 00:31:33.000000000,closed,2,synth: Another case of synchronous memory reads becoming asynchronous
1090,2020-01-13 14:05:17.000000000,2020-01-19 08:27:42.000000000,closed,1,"memory with clock enable, initialized memory blocks."
1089,2020-01-13 10:42:28.000000000,2020-01-13 23:14:14.000000000,closed,3,Interface to GHDL like verilator DPI/VPI possible?
1088,2020-01-13 10:35:45.000000000,1970-01-01 00:00:00.000000001,open,3,Machine epsilon for string to real conversion
1087,2020-01-13 02:09:34.000000000,2020-01-20 00:23:04.000000000,closed,6,"synth: re-importing synthesized VHDL hits ""synchronous code does not expect else part"" error"
1086,2020-01-13 01:23:24.000000000,2020-01-13 01:34:26.000000000,closed,0,synth: synth-expr.adb:167 range check failed
1085,2020-01-12 10:59:10.000000000,2020-01-12 13:12:56.000000000,closed,1,testsuite/synth: add test from #1082
1084,2020-01-12 10:14:54.000000000,2020-01-12 13:10:04.000000000,closed,1,ci: the URL to retrieve GCC sources has changed
1083,2020-01-11 14:47:14.000000000,2020-01-12 13:16:04.000000000,closed,0,ghdl --synth has issues with one bit arrays
1082,2020-01-11 12:36:05.000000000,2020-01-11 20:31:50.000000000,closed,2,netlists: Handle sdiv and udiv
1081,2020-01-11 11:11:51.000000000,2020-01-12 19:53:25.000000000,closed,0,ghdl --synth creates VHDL with errors 
1080,2020-01-11 09:33:41.000000000,2020-01-13 01:45:06.000000000,closed,1,synth: crash when synthesizing satcat5
1079,2020-01-11 08:15:55.000000000,2020-01-12 21:35:30.000000000,closed,0,synth: synchronous reads on RAMs become asynchronous
1078,2020-01-11 03:29:39.000000000,2020-01-11 19:49:41.000000000,closed,0,synth: crash on unassigned output port
1077,2020-01-11 03:22:51.000000000,2020-01-30 10:27:25.000000000,closed,0,synth: crash on shift/rotate operators
1076,2020-01-11 03:10:31.000000000,2020-01-11 19:49:40.000000000,closed,2,synth: crash when else-generate block is used
1075,2020-01-10 09:08:42.000000000,2020-01-10 23:20:54.000000000,closed,0,synth: handle ieee math_real round function
1074,2020-01-10 07:19:42.000000000,2020-01-10 23:34:31.000000000,closed,0,synth: crash when trying to synthesize faulty design
1073,2020-01-08 18:04:55.000000000,2020-01-09 00:48:52.000000000,closed,7,Python libghdl documentation.
1072,2020-01-08 03:56:24.000000000,2020-01-09 00:38:07.000000000,closed,1,ci: update installation of GNAT GPL on macOS
1071,2020-01-08 01:27:02.000000000,2020-01-08 11:01:21.000000000,closed,1,fix gnat-gpl download URL (osx)
1070,2020-01-08 00:46:35.000000000,2020-01-08 01:55:50.000000000,closed,1,fix btdi image names
1069,2020-01-05 18:39:51.000000000,2020-05-31 15:55:23.000000000,closed,8,synth: add support for inferring true dual-port memories
1068,2020-01-05 17:55:32.000000000,2020-01-10 23:07:46.000000000,closed,0,synth: failed static assertions cause a crash
1067,2020-01-05 05:57:54.000000000,2020-08-04 23:54:06.000000000,closed,6,Unconstrained Array Types failing in ghw
1066,2020-01-05 00:58:35.000000000,2020-03-05 11:29:57.000000000,closed,3,--ieee=synopsys doesn't actually add packages?
1065,2020-01-03 15:21:43.000000000,2020-01-04 01:54:44.000000000,closed,1,"Homogenise NEWS.md, conf.py cleanup"
1064,2020-01-02 04:05:29.000000000,2020-01-02 14:05:41.000000000,closed,0,synth: issue with inout parameter 
1063,2020-01-01 06:38:37.000000000,2020-01-02 01:03:31.000000000,closed,3,[Compliance-Tests] vhdl_2008/tb_matching_operator crash during analysis
1062,2019-12-31 22:28:38.000000000,2020-01-02 01:03:30.000000000,closed,2,synth: allow defining top-level generics using -g command-line
1061,2019-12-31 16:05:05.000000000,2019-12-31 19:58:15.000000000,closed,1,Add option for compiling Wishbone VIP for UVVM framework.
1060,2019-12-31 03:12:11.000000000,1970-01-01 00:00:00.000000001,open,5,Replace IEEE libraries with VHDL-2019 packages (Apache license)
1059,2019-12-30 10:54:19.000000000,2020-04-13 05:40:53.000000000,closed,8,doc: add VHPIDIRECT demo
1058,2019-12-28 01:35:04.000000000,2019-12-29 21:30:35.000000000,closed,0,synth: crash when performing logical OR on SLV variable
1057,2019-12-18 00:15:03.000000000,2019-12-26 15:36:03.000000000,closed,5,use of alias of enumeration should implicitly make literals visible
1056,2019-12-16 02:15:50.000000000,2019-12-16 02:20:02.000000000,closed,1,Missing tag for 0.37-dev on GH
1055,2019-12-13 22:03:55.000000000,1970-01-01 00:00:00.000000001,open,2,SYSTEM.ASSERTIONS.ASSERT_FAILURE : trans-chap7.adb:3531
1054,2019-12-11 22:29:00.000000000,2019-12-24 22:01:55.000000000,closed,1,Support is_X in synthesis (should evaluate to false)
1053,2019-12-07 15:14:46.000000000,1970-01-01 00:00:00.000000001,open,2,Enhancements to VHPIDIRECT: C APIs
1052,2019-12-03 09:36:11.000000000,1970-01-01 00:00:00.000000001,open,32,Digital/Analog simulation
1051,2019-12-02 14:12:35.000000000,2020-01-03 01:37:16.000000000,closed,4,GHDL Crash in psi_common_i2c_master_tb
1050,2019-12-01 20:57:28.000000000,2019-12-04 11:39:44.000000000,closed,0,synth: Wrong port map for unconnected signal
1049,2019-12-01 09:30:40.000000000,2019-12-03 11:18:12.000000000,closed,4,Missing function declaration in fixed_pkg
1048,2019-12-01 04:37:14.000000000,2019-12-02 10:22:51.000000000,closed,2,synth: instantiations in generate statement get duplicate names
1047,2019-11-29 22:53:03.000000000,2019-11-30 11:44:02.000000000,closed,0,synth: assignment std_logic_vector slice to std_logic subcell input in generate
1046,2019-11-29 18:30:49.000000000,2019-11-30 11:44:01.000000000,closed,0,synth: handle IIR_PREDEFINED_ARRAY_ARRAY_CONCAT
1045,2019-11-29 18:16:47.000000000,2019-11-29 18:16:57.000000000,closed,0,synth: handle IIR_PREDEFINED_ARRAY_ARRAY_CONCAT
1044,2019-11-29 03:34:15.000000000,2019-12-03 11:27:17.000000000,closed,2,synth: handle remaining real operations
1043,2019-11-28 19:29:08.000000000,2019-11-28 22:40:40.000000000,closed,0,synth: crash with type conversions
1042,2019-11-28 19:00:23.000000000,2019-11-28 22:40:39.000000000,closed,1,synth: implement real comparisons
1041,2019-11-28 13:16:58.000000000,2019-11-29 11:53:56.000000000,closed,0,synth: crash in DFF inference
1040,2019-11-28 10:51:53.000000000,2019-11-28 10:55:12.000000000,closed,1,doc(heartbeat): fix position of arg '--wave'
1039,2019-11-27 18:52:32.000000000,2019-11-28 10:27:08.000000000,closed,0,synth: crash when outputting VHDL netlist for small memory init data
1038,2019-11-27 17:31:25.000000000,2020-01-27 22:24:20.000000000,closed,5,uvvm_vvc_framework  compilation ends in - Report this bug --
1037,2019-11-27 15:08:34.000000000,2019-11-28 10:55:12.000000000,closed,0,Wave dump instruction on user guide
1036,2019-11-26 16:12:34.000000000,2019-11-28 10:27:09.000000000,closed,0,synth: support character arrays as case selects
1035,2019-11-26 16:01:30.000000000,2019-11-28 10:27:09.000000000,closed,0,synth: crash on static case statement with array select
1034,2019-11-26 15:56:43.000000000,2019-11-28 10:27:08.000000000,closed,0,synth: allow port widths to be defined by functions
1033,2019-11-26 15:50:05.000000000,2019-11-26 23:39:23.000000000,closed,1,synth: handle IEEE functions
1032,2019-11-26 15:46:44.000000000,2019-11-26 23:39:23.000000000,closed,0,synth: handle IIR_PREDEFINED_PHYSICAL_INTEGER_DIV
1031,2019-11-26 14:28:51.000000000,1970-01-01 00:00:00.000000001,open,3,Synth error 'multiple assignments for offsets'
1030,2019-11-23 02:42:01.000000000,2020-06-14 10:31:27.000000000,closed,11,Crash with some fmf SPI FLASH models.
1029,2019-11-21 07:43:03.000000000,2019-11-23 15:10:33.000000000,closed,17,GCC backend support on ARM(64)
1028,2019-11-21 03:46:38.000000000,2019-11-21 18:27:16.000000000,closed,14,Build/installation on RaspberryPi 4
1027,2019-11-20 20:08:38.000000000,1970-01-01 00:00:00.000000001,open,5,Not able to compile PSL verification unit file and bind to module. 
1026,2019-11-20 14:50:46.000000000,2019-11-21 07:59:44.000000000,closed,10,can't build gcc-based ghdl
1025,2019-11-20 12:40:15.000000000,2019-11-23 22:05:11.000000000,closed,3,synth: crash on procedures with inout ports
1024,2019-11-20 05:27:33.000000000,2019-11-20 11:17:59.000000000,closed,1,ci: fix envvar name to run synth tests
1023,2019-11-19 20:57:53.000000000,2019-11-23 16:22:38.000000000,closed,2,Synthesize of barrel_shifter fails
1022,2019-11-18 02:43:43.000000000,2019-11-20 16:05:15.000000000,closed,2,synth: Can't synthesize register file anymore (worked before)
1021,2019-11-15 06:00:32.000000000,2019-12-24 21:50:56.000000000,closed,1,synth: RAM with byte write enable is not correctly inferred
1020,2019-11-15 01:23:43.000000000,1970-01-01 00:00:00.000000001,open,5,Allow building GHDL mcode on FreeBSD
1019,2019-11-13 16:06:36.000000000,2019-11-23 11:30:59.000000000,closed,2,GCC version running slower then mcode version instead of faster.
1018,2019-11-13 02:05:57.000000000,2019-12-06 02:36:53.000000000,closed,0,synth: read from memory hits divide by zero assertion
1017,2019-11-12 07:59:18.000000000,2019-11-12 10:50:05.000000000,closed,1,doc: add '.. program:: ghdl' directive
1016,2019-11-12 06:59:17.000000000,2019-11-21 22:39:24.000000000,closed,2,Actions: add workflow 'push'
1015,2019-11-12 05:03:18.000000000,2019-12-03 11:25:22.000000000,closed,11,"Can't compile a package named ""std"" on a library other than ""work"". "
1014,2019-11-09 16:01:54.000000000,2019-11-13 00:36:39.000000000,closed,0,synth: problem with constant record
1013,2019-11-08 13:01:07.000000000,2019-11-09 18:47:19.000000000,closed,2,Having 2 similar entities in different libraries results in compilation error. 
1012,2019-11-08 07:56:01.000000000,2019-11-11 22:20:30.000000000,closed,2,Support macOS Xcode 11.1
1011,2019-11-07 00:05:36.000000000,2019-11-07 01:02:39.000000000,closed,0,"synth: crash when using function, which returns record"
1010,2019-11-06 10:33:43.000000000,2019-11-08 01:11:44.000000000,closed,4,libghdl-<version>.dll has incorrect extension .exe
1009,2019-11-06 00:10:24.000000000,2019-11-06 08:50:46.000000000,closed,2,synth: crash when assigning a record to another one
1008,2019-11-05 20:19:48.000000000,2019-12-06 02:38:33.000000000,closed,8,synth memories: read from memory array hits assertion
1007,2019-11-05 20:13:46.000000000,2019-12-03 11:54:43.000000000,closed,0,synth: entities do not always have unique names
1006,2019-11-05 20:05:57.000000000,2019-11-06 08:50:45.000000000,closed,0,synth: spurious index not within bounds error
1005,2019-11-05 19:50:20.000000000,2019-11-07 00:45:57.000000000,closed,5,synth: Simulation commands (eg stop) result in a failure
1004,2019-11-05 19:20:55.000000000,2019-11-23 11:24:09.000000000,closed,9,synth: Initialisation of memory from file hits exception
1003,2019-11-05 08:31:03.000000000,2019-11-11 23:46:37.000000000,closed,7,Update doc
1002,2019-11-04 14:29:25.000000000,2019-11-05 01:07:13.000000000,closed,1,synth: VHDL power operator hits exception
1001,2019-11-03 23:48:50.000000000,2019-11-06 07:58:08.000000000,closed,3,synth: Memories with (a)sync resets aren't supported
1000,2019-11-03 18:53:26.000000000,2019-11-05 08:35:23.000000000,closed,1,GHDL synthesis doesn't support triple (or greater) port memory
999,2019-11-03 14:39:23.000000000,2019-11-05 08:48:45.000000000,closed,1,GHDL synthesis missing memory_init
998,2019-11-01 08:44:45.000000000,2019-11-01 10:08:15.000000000,closed,1,"Simulation stops at error assertion, regardless of specified assertion level "
997,2019-10-30 00:27:24.000000000,2019-11-05 08:35:59.000000000,closed,1,Beta on back alll
996,2019-10-29 02:43:08.000000000,2019-11-04 01:16:56.000000000,closed,2,Enhance documentation of PSL support
995,2019-10-25 19:32:58.000000000,2019-11-02 19:16:57.000000000,closed,4,Install source of std.standard package to correct version sub-directory
994,2019-10-23 20:47:30.000000000,2019-10-23 20:50:47.000000000,closed,1,configure: fix typo
993,2019-10-23 16:38:13.000000000,2019-10-23 20:41:18.000000000,closed,7,change file permissions from read write to executable
992,2019-10-23 16:02:01.000000000,2019-10-23 20:40:45.000000000,closed,0,makefile: remove 'check' target
991,2019-10-23 09:27:41.000000000,2019-10-24 08:51:25.000000000,closed,6,gcc backend fails to build: 
990,2019-10-23 08:54:07.000000000,1970-01-01 00:00:00.000000001,open,3,Test failure: bug16782 fails and the testsuite fails with exception
989,2019-10-23 08:20:08.000000000,2019-10-23 20:44:23.000000000,closed,4,Build ignored the '-j NCPUs' option
988,2019-10-23 08:18:53.000000000,2019-10-23 20:40:45.000000000,closed,1,No check.mcode target
987,2019-10-23 08:06:55.000000000,2020-03-04 22:42:46.000000000,closed,4,Please clarify the backends section in README
986,2019-10-23 04:49:09.000000000,2019-10-23 20:39:59.000000000,closed,1,"fix(configure): use '/dev/null' to check 'cmp', use 'sed' to compare versions"
985,2019-10-22 19:08:13.000000000,2019-10-23 20:39:59.000000000,closed,12,"configure fails: Sorry, you need 'cmp' to configure GHDL."
984,2019-10-22 15:35:49.000000000,2019-10-24 20:43:10.000000000,closed,5,Assigning a constant to a generic from a configuration sometimes fails silently
983,2019-10-20 22:27:32.000000000,2019-10-21 06:52:52.000000000,closed,2,synth: Error when using bin/hex/oct literals in PSL code
982,2019-10-17 14:41:43.000000000,2019-10-17 16:03:03.000000000,closed,2,"warning: instance of component ""oserdese2"" is not bound [-Wbinding]"
981,2019-10-16 21:35:04.000000000,2019-10-17 01:04:43.000000000,closed,3,Running compile-xilinx-vivado.sh fails with llvm on windows
980,2019-10-16 18:22:52.000000000,1970-01-01 00:00:00.000000001,open,10,Revisit how VHDL versions are handled
979,2019-10-16 16:30:49.000000000,2020-03-04 22:43:24.000000000,closed,9,"CLANG apparently can't link with ""LLVMGetDefaultNormalizedTargetTriple""."
978,2019-10-14 11:23:37.000000000,2019-10-14 11:35:08.000000000,closed,0,libLLVM-8.so: cannot open shared object file: No such file or directory
977,2019-10-13 19:21:17.000000000,2019-10-14 20:52:50.000000000,closed,0,Condition operators for type bit
976,2019-10-13 12:52:53.000000000,2019-10-13 20:53:36.000000000,closed,1,Show error on wait without condition
975,2019-10-13 12:22:33.000000000,2019-10-13 12:43:31.000000000,closed,1,Add record (in)equality
974,2019-10-12 01:00:49.000000000,1970-01-01 00:00:00.000000001,open,12,Target projects for synthesis
973,2019-10-08 12:00:43.000000000,2019-10-08 22:24:44.000000000,closed,0,synth: assertion failure with offset aliases of arrays
972,2019-10-07 03:18:36.000000000,2019-11-05 08:50:46.000000000,closed,6,synth: unsigned arithmetic hits assert in netlists.adb:699
971,2019-10-06 19:48:53.000000000,1970-01-01 00:00:00.000000001,open,3,Option to import all annotated/elaborated units in yosys
970,2019-10-06 17:33:15.000000000,2019-10-06 19:58:38.000000000,closed,9,synth: assertion failure for --synth on Chips4Makers JTAG code
969,2019-10-06 17:17:37.000000000,2019-10-07 20:42:05.000000000,closed,10,synth: cannot handle IIR_KIND_CONCURRENT_PROCEDURE_CALL_STATEMENT on T80 code
968,2019-10-06 16:50:51.000000000,2019-10-06 17:42:27.000000000,closed,6,synth: assertion failure for --synth on T65 code
967,2019-10-05 20:25:07.000000000,2019-10-05 22:20:23.000000000,closed,2,Regression in synth_expression
966,2019-10-05 17:17:05.000000000,2019-10-05 19:30:04.000000000,closed,2,synth: add support for comp. equal of two signed
965,2019-10-05 04:29:40.000000000,2019-10-05 10:05:40.000000000,closed,0,synth: crash when using block statement
964,2019-10-02 18:54:34.000000000,2019-10-08 08:35:00.000000000,closed,0,synth: Reordering if branches for register enables produces crash
963,2019-10-02 18:41:49.000000000,2019-10-03 21:57:03.000000000,closed,0,synth: Handle flip-flops with both asynchronous set and reset
962,2019-10-02 15:42:55.000000000,2019-10-03 22:00:05.000000000,closed,2,synth: also support division for integer types
961,2019-10-02 11:54:58.000000000,2020-08-10 17:09:59.000000000,closed,2,VHDL2008 unconstrained array of record crash
960,2019-10-02 00:32:08.000000000,2019-10-06 23:23:21.000000000,closed,0,synth: Support procedures with non-input arguments
959,2019-10-01 20:04:28.000000000,2019-12-31 20:56:10.000000000,closed,13,Undefined symbols for architecture x86_64
958,2019-10-01 12:34:00.000000000,2019-10-01 22:29:34.000000000,closed,0,synth: crash on array literal in port map
957,2019-09-30 22:34:30.000000000,2019-10-01 08:13:10.000000000,closed,10,How to generate edif file.
956,2019-09-30 18:51:42.000000000,2019-09-30 23:05:19.000000000,closed,0,synth: crash on for loop from T'low to T'high
955,2019-09-30 17:19:26.000000000,2019-10-01 08:11:15.000000000,closed,0,synth: crash when assigning to higher-order arrays
954,2019-09-30 16:20:07.000000000,2019-09-30 23:00:33.000000000,closed,0,synth: crash on entity with only inputs
953,2019-09-30 15:02:48.000000000,2019-09-30 22:59:39.000000000,closed,2,synth: support multiplication and division (at least by powers of 2)
952,2019-09-30 13:44:42.000000000,2019-09-30 22:59:39.000000000,closed,0,synth: handle IIR_PREDEFINED_IEEE_NUMERIC_STD_LE_UNS_NAT
951,2019-09-30 13:36:04.000000000,2019-09-30 22:59:38.000000000,closed,2,"synth: wrongly recognized as latch due to order of ""if"" predicates"
950,2019-09-30 11:36:38.000000000,1970-01-01 00:00:00.000000001,open,1,64 bit integer support
949,2019-09-30 09:16:32.000000000,2019-10-01 18:51:31.000000000,closed,10,Cannot build in OSX
948,2019-09-29 18:34:55.000000000,2019-09-30 09:38:17.000000000,closed,0,synth: aliases of SLV can't be compared
947,2019-09-29 17:36:28.000000000,2019-09-30 09:38:18.000000000,closed,0,synth: improve error reporting for mismatched array sizes
946,2019-09-29 17:24:20.000000000,2019-09-30 09:38:17.000000000,closed,0,synth: wrong index offset for aliases of arrays
945,2019-09-27 13:04:39.000000000,2019-09-29 01:21:25.000000000,closed,0,synth: crash when creating alias of alias
944,2019-09-26 00:59:01.000000000,2019-09-27 08:14:47.000000000,closed,0,synth: handle IIR_KIND_RANGE_ARRAY_ATTRIBUTE
943,2019-09-25 15:24:10.000000000,2019-10-01 22:31:11.000000000,closed,6,Synopsys conv_integer argument too large
942,2019-09-24 23:56:03.000000000,2019-09-25 08:51:32.000000000,closed,0,update bug report template
941,2019-09-24 13:20:08.000000000,2019-09-25 10:07:21.000000000,closed,1,synth: crash with type attributes
940,2019-09-24 13:12:31.000000000,2019-09-25 10:05:20.000000000,closed,0,synth: crash with bit_vector ports
939,2019-09-24 05:04:00.000000000,2019-09-25 23:10:29.000000000,closed,4,Gate count?
938,2019-09-24 02:50:50.000000000,1970-01-01 00:00:00.000000001,open,5,synth: add support for latches
937,2019-09-24 02:42:18.000000000,2019-09-25 09:37:03.000000000,closed,0,"synth: handle IIR_PREDEFINED_BOOLEAN_NOT (""not"" operator)"
936,2019-09-24 02:09:16.000000000,2019-09-25 23:08:42.000000000,closed,1,synth: improve error reporting for entity with no ports
935,2019-09-23 14:03:29.000000000,2019-09-23 21:58:13.000000000,closed,3,enable llvm9
934,2019-09-23 06:51:23.000000000,2019-09-26 20:55:20.000000000,closed,5,Failed to build with LLVM on Ubuntu 19.04
933,2019-09-22 23:55:47.000000000,1970-01-01 00:00:00.000000001,open,1,'make install' error
932,2019-09-22 05:25:03.000000000,2019-09-23 08:54:04.000000000,closed,4,Cannot find BASE-VER when building GHDL
931,2019-09-21 07:06:32.000000000,2020-08-07 08:52:30.000000000,closed,15,-c command line option doesn't work correctly
930,2019-09-18 23:15:14.000000000,2019-09-19 08:30:23.000000000,closed,1,synth: Add support for PSL cover directive
929,2019-09-18 23:01:50.000000000,1970-01-01 00:00:00.000000001,open,9,Migrate from Travis and AppVeyor to GitHub Actions
928,2019-09-18 21:56:19.000000000,2019-09-18 22:17:10.000000000,closed,1,update testsuite
927,2019-09-18 15:53:59.000000000,2019-09-19 08:31:13.000000000,closed,5,synth: support PSL cover directive for formal verification
926,2019-09-16 20:29:59.000000000,1970-01-01 00:00:00.000000001,open,2,Internal error assigning array to integer cast to vector
925,2019-09-16 17:56:48.000000000,2019-09-18 20:43:50.000000000,closed,2,enhance documentation terminology: reduce name clashing for VHDL standard and collections.
924,2019-09-14 14:21:26.000000000,2019-09-14 14:22:25.000000000,closed,0,Coverage support with LLVM backend
923,2019-09-14 03:38:14.000000000,2019-09-18 20:44:24.000000000,closed,0,readme: add cii best practices badge/shield
922,2019-09-13 13:02:44.000000000,2020-08-06 16:37:24.000000000,closed,5,Crash on aggregate in function
921,2019-09-11 08:18:01.000000000,2019-09-11 08:36:58.000000000,closed,1,fix: skip testsuite/sanity/005examples when 'doc' not found
920,2019-09-08 15:30:55.000000000,1970-01-01 00:00:00.000000001,open,1,FST and real data type
919,2019-09-06 05:43:44.000000000,2019-09-13 10:21:02.000000000,closed,8,Core Infrastructure Initiative (CII) Best Practices badge
918,2019-09-05 19:59:47.000000000,2019-09-06 10:12:41.000000000,closed,0,Error in subtype constraint for physical types
917,2019-09-04 18:43:44.000000000,1970-01-01 00:00:00.000000001,open,0,Analysis crashes when concatenating vector in port map
916,2019-09-04 18:18:26.000000000,1970-01-01 00:00:00.000000001,open,0,Analysis crash on port map expression on unconstrained port
915,2019-09-03 15:58:00.000000000,1970-01-01 00:00:00.000000001,open,1,The testsuite should not depend on the docs.
914,2019-09-02 15:05:24.000000000,2019-09-02 20:27:46.000000000,closed,0,"revert ""configure: fix setting abs_srcdir on MSYS2/MINGW"" (#911)"
913,2019-09-02 12:31:05.000000000,1970-01-01 00:00:00.000000001,open,2,Crash due to record field assignment to a variable in a function
912,2019-09-02 03:49:30.000000000,2019-09-02 08:08:12.000000000,closed,2,GHDL doesn't seems to add file dependencies in VHDL-2000
911,2019-09-01 11:18:10.000000000,2019-09-01 12:14:10.000000000,closed,2,Fix configure
910,2019-09-01 03:29:58.000000000,2019-09-01 11:04:32.000000000,closed,1,fix(configure): ignore line ending when comparing ghdl_version and libghdl_version
909,2019-08-31 22:43:04.000000000,2019-09-01 00:29:52.000000000,closed,0,readme: fix refs to 'Building'
908,2019-08-31 18:36:03.000000000,2019-09-30 23:20:40.000000000,closed,16,mixing VHDL-2008 with other standards?
907,2019-08-31 15:18:01.000000000,2019-08-31 19:30:48.000000000,closed,1,fix llvm build with synth enabled
906,2019-08-31 13:30:32.000000000,2019-08-31 19:32:36.000000000,closed,1,[doc] Update section 'Getting GHDL'
905,2019-08-31 04:13:38.000000000,2019-09-01 12:15:35.000000000,closed,1,Fix UPF
904,2019-08-30 20:30:30.000000000,2019-08-30 22:41:33.000000000,closed,1,synth: add physical division
903,2019-08-29 05:48:37.000000000,1970-01-01 00:00:00.000000001,open,32,Status of synthesis support for microwatt
902,2019-08-28 20:13:32.000000000,2019-08-28 20:51:03.000000000,closed,2,Integer operators
901,2019-08-28 00:15:04.000000000,1970-01-01 00:00:00.000000001,open,17,New 'packaging' repo in the organization?
900,2019-08-20 20:23:16.000000000,2019-08-20 21:11:10.000000000,closed,1,Support for 2008 unary reduce operators
899,2019-08-20 17:20:34.000000000,2020-08-20 14:37:55.000000000,closed,3,Crash when instantiating unconstrained array of unconstrained vector using generics
898,2019-08-20 14:59:14.000000000,1970-01-01 00:00:00.000000001,open,4,Expose source location to ghdlsynth
897,2019-08-20 12:36:05.000000000,2019-08-20 23:18:42.000000000,closed,5,ignore restrict in simulation
896,2019-08-20 06:07:40.000000000,1970-01-01 00:00:00.000000001,open,4,reference to directory which doesn't exist 
895,2019-08-19 21:55:41.000000000,2019-08-19 22:28:07.000000000,closed,1,"handle array attribute ""length"""
894,2019-08-15 14:05:45.000000000,1970-01-01 00:00:00.000000001,open,5,VHPIDIRECT callback on simulation termination
893,2019-08-15 10:24:04.000000000,2019-08-15 11:59:46.000000000,closed,1,add synthesis support for logic operators on numeric types
892,2019-08-13 15:37:26.000000000,2019-08-13 17:31:46.000000000,closed,2,Support for PSL assert and assume in synthesis
891,2019-08-12 01:17:37.000000000,2019-08-14 16:16:37.000000000,closed,1,Update NEWS.md
890,2019-08-09 23:31:40.000000000,2019-08-23 10:31:34.000000000,closed,3,clang: support for -fstack-clash-protection 
889,2019-08-09 22:47:51.000000000,2019-08-11 12:14:47.000000000,closed,3,openieee: add dummy UPF package
888,2019-08-09 22:41:46.000000000,1970-01-01 00:00:00.000000001,open,44,"Fedora packaging: upstream patches, copr and coordination"
887,2019-08-09 16:52:06.000000000,2020-08-07 08:54:54.000000000,closed,6,GHDL crash at run start
886,2019-08-09 14:03:56.000000000,2019-08-11 06:12:51.000000000,closed,2,vhdl-sem_names.adb
885,2019-08-08 14:50:30.000000000,2019-08-11 11:53:45.000000000,closed,1,Analysis crashes when function used in portmap with array element
884,2019-08-08 01:54:37.000000000,2019-08-28 07:53:05.000000000,closed,6,Merge libghdlvpi and/or libghdlsynth into libghdl
883,2019-08-06 16:59:52.000000000,1970-01-01 00:00:00.000000001,open,5,Elaboration error with sid-gcc-9.1.0
882,2019-08-04 14:26:00.000000000,2019-08-05 10:10:12.000000000,closed,0,Synthesis does not work with std=08
881,2019-08-02 17:10:38.000000000,2019-08-08 07:19:59.000000000,closed,5,GHDL wrongly reports negative timeout clause 
880,2019-08-02 14:13:03.000000000,2019-08-07 06:20:15.000000000,closed,12,"[WIP] Add support for PSL assumptions, used in formal verification"
879,2019-08-01 10:48:49.000000000,2019-08-06 10:00:07.000000000,closed,3,Integer literals are 64 bits
878,2019-07-31 16:42:57.000000000,2019-08-01 21:07:54.000000000,closed,2,Better support for ranged integers and integer literals.
877,2019-07-30 02:27:26.000000000,2019-08-11 06:55:33.000000000,closed,4,Compilation error on discrete subtype indication as discrete range
876,2019-07-21 13:35:35.000000000,2019-07-21 14:11:35.000000000,closed,1,Add port width utility function for yosys
875,2019-07-21 00:58:14.000000000,2019-07-22 09:33:57.000000000,closed,3,Assertion Assert Failure : sem.adb:3301
874,2019-07-19 22:42:37.000000000,1970-01-01 00:00:00.000000001,open,2,"GHDL crashes on vhdl-2008: to_string(real_number, ""%0.2f"");"
873,2019-07-19 20:09:04.000000000,1970-01-01 00:00:00.000000001,open,0,GHDL Bug occurred
872,2019-07-17 22:50:56.000000000,2019-08-08 07:28:55.000000000,closed,1,error: non constant integer index not supported (synthesis)
871,2019-07-17 22:42:06.000000000,2019-09-30 23:18:46.000000000,closed,3,Support alias declarations in synthesis
870,2019-07-16 12:17:30.000000000,2019-07-16 20:40:54.000000000,closed,4,synth: add > and >= operators
869,2019-07-15 18:57:11.000000000,2019-07-15 22:37:32.000000000,closed,0,SYSTEM.ASSERTIONS.ASSERT_FAILURE : vhdl-nodes.adb:3058
868,2019-07-12 18:40:37.000000000,2019-07-12 21:48:04.000000000,closed,1,doc - Adding TCE as an example user of GHDL.
867,2019-07-11 00:55:31.000000000,1970-01-01 00:00:00.000000001,open,6,feat(travis): enable libghdl in the Mac OS job
866,2019-07-09 21:30:47.000000000,2020-08-07 08:56:16.000000000,closed,1,Debug support on LLVM >3.5
865,2019-07-09 10:37:18.000000000,2019-07-09 20:37:56.000000000,closed,4,fix: *gcc* build and run docker images are now named *gcc
864,2019-07-09 04:07:28.000000000,2019-07-09 10:20:25.000000000,closed,0,Bug on analysing an incomplete two-entity VHDL file
863,2019-07-08 23:16:53.000000000,2019-07-09 20:36:48.000000000,closed,1,doc: update list of supported LLVM versions
862,2019-07-07 22:50:10.000000000,2019-07-10 08:32:48.000000000,closed,8,Add synth testsuite to CI
861,2019-07-07 20:38:19.000000000,2019-07-07 21:16:44.000000000,closed,1,Add info about the structure of the project
860,2019-07-07 20:26:59.000000000,2019-07-24 07:27:26.000000000,closed,1,ghdl doesn't generate a warning message when you create a signal with the same  name as an input signal.
859,2019-07-07 12:23:00.000000000,2019-07-08 08:52:43.000000000,closed,6,Journey installing GHDL on brand new Linux Mint 19 (Tessa) machine
858,2019-07-02 22:00:48.000000000,2019-07-06 23:01:11.000000000,closed,5,GHDL LLVM installation fails at configure step
857,2019-06-25 00:56:15.000000000,2019-06-25 08:09:46.000000000,closed,1,Fix some issues with the docs
856,2019-06-25 00:50:33.000000000,2019-06-25 08:10:25.000000000,closed,1,fix(makefile): conf.py does not exist anymore
855,2019-06-24 14:57:50.000000000,1970-01-01 00:00:00.000000001,open,3,GHW wave generation fails for array in record in generic package
854,2019-06-24 13:38:30.000000000,2019-06-24 20:32:54.000000000,closed,1,fix(dist/travis/build.sh): apply #837 again
853,2019-06-21 22:27:52.000000000,1970-01-01 00:00:00.000000001,open,1,GHDL code coverage
852,2019-06-21 16:31:21.000000000,1970-01-01 00:00:00.000000001,open,2,[VHDL 2008] record of record with unconstrained std_ulogic_vector 
851,2019-06-18 18:27:49.000000000,2019-06-18 21:03:19.000000000,closed,2,Exception USE_ERROR
850,2019-06-18 18:25:59.000000000,2019-06-22 15:23:25.000000000,closed,3,Add support for LLVM 8
849,2019-06-18 14:54:18.000000000,2019-06-22 15:23:25.000000000,closed,9,Add uninstall target to Makefile
848,2019-06-17 17:40:42.000000000,2019-07-10 23:57:59.000000000,closed,11,Enhancements to python/libghdl
847,2019-06-17 06:28:11.000000000,1970-01-01 00:00:00.000000001,open,0,Add tests in the CI matrix for internal Makefiles
846,2019-06-17 06:05:02.000000000,2019-06-17 09:58:00.000000000,closed,5,fix: move src/xtools to python/xtools
845,2019-06-16 14:15:25.000000000,2019-06-16 19:39:27.000000000,closed,3,Fixes in Vendor Compilation Scripts
844,2019-06-16 06:01:36.000000000,2019-06-17 05:38:28.000000000,closed,4,Possible hardcoded path in libghdl*.so
843,2019-06-15 23:34:55.000000000,2020-04-29 10:10:53.000000000,closed,14,License/copyright management - REUSE Practises
842,2019-06-15 17:00:29.000000000,2019-06-16 09:27:27.000000000,closed,4,Add a code of conduct
841,2019-06-15 01:55:26.000000000,2019-06-16 09:27:27.000000000,closed,11,Add a code of conduct
840,2019-06-14 22:52:57.000000000,2019-06-17 05:38:28.000000000,closed,7,Rework libghdl build/install procedure
839,2019-06-14 21:04:15.000000000,2019-06-15 09:38:55.000000000,closed,3,style(setup.py): use shutil's copy and copytree
838,2019-06-12 21:13:06.000000000,2019-06-12 21:49:52.000000000,closed,1,Xilinx Vivado and Modelsim support attributes on ports differently than GHDL
837,2019-06-12 01:21:36.000000000,2019-06-12 08:17:23.000000000,closed,0,fix(dist/travis/build.sh): ensure that CONFIG_OPTS arguments are sepaâ€¦
836,2019-06-11 00:54:28.000000000,2019-06-16 09:39:19.000000000,closed,4,GDHL simulator crashes if std_logic is assigned value of (others => '0');
835,2019-06-06 23:00:37.000000000,2019-06-07 07:56:03.000000000,closed,0,travis-ci: pass CONFIG_OPTS to docker containers
834,2019-06-06 16:18:23.000000000,2019-06-06 22:27:17.000000000,closed,1,Christos dev
833,2019-06-04 20:02:23.000000000,2019-06-04 20:29:56.000000000,closed,2,Add 'ghdl' topic to the repository
832,2019-06-04 19:02:27.000000000,2019-06-12 21:50:13.000000000,closed,1,"GHDL BUG, reported as requested"
831,2019-06-03 19:02:34.000000000,2019-06-03 22:23:39.000000000,closed,4,GHDL does not build
830,2019-06-03 18:49:21.000000000,2019-06-04 09:51:00.000000000,closed,1,CONSTRAINT_ERROR - index check failed
829,2019-05-30 04:52:29.000000000,1970-01-01 00:00:00.000000001,open,9,Parallel Analysis not working
828,2019-05-28 01:48:00.000000000,2019-05-28 23:43:02.000000000,closed,2,reverse_range attribute sometimes gives incorrect range
827,2019-05-24 22:21:58.000000000,1970-01-01 00:00:00.000000001,open,3,TYPES.INTERNAL_ERROR : trans.adb:619
826,2019-05-23 05:51:24.000000000,2019-05-23 22:38:52.000000000,closed,5,entity obsoleted by std_logic_1164
825,2019-05-20 22:27:29.000000000,2019-05-22 08:32:33.000000000,closed,4,doc: Add indications that ghdl/docker exsists to README.md
824,2019-05-20 18:56:04.000000000,2019-05-20 22:21:23.000000000,closed,6,Add Version_String to bug message
823,2019-05-20 16:35:12.000000000,2019-05-20 17:32:44.000000000,closed,3,[question] purpose of --link flag
822,2019-05-18 08:10:16.000000000,1970-01-01 00:00:00.000000001,open,2,sysmalloc assertion error: inconsistent size limit depending on the backend
821,2019-05-16 14:56:03.000000000,2020-08-06 15:18:59.000000000,closed,3,Crash on unconstrained string in record
820,2019-05-15 10:46:51.000000000,2019-09-04 12:05:33.000000000,closed,1,Crash using function within slice assignment
819,2019-05-14 16:42:25.000000000,2020-05-04 03:05:49.000000000,closed,5,Run the object code from somewhere else then GHDL
818,2019-05-10 18:28:23.000000000,2019-05-11 20:38:40.000000000,closed,4,Syntax for condition operator
817,2019-05-08 15:39:57.000000000,2019-05-11 22:28:04.000000000,closed,2,Exception TYPES.INTERNAL_ERROR 
816,2019-05-07 20:24:52.000000000,2019-05-08 08:22:12.000000000,closed,3,raised SYSTEM.ASSERTIONS.ASSERT_FAILURE : canon.adb:574
815,2019-05-05 13:10:54.000000000,2019-05-28 23:43:02.000000000,closed,14,Synth: Support for constants [WIP]
814,2019-05-05 11:38:25.000000000,2019-05-05 12:51:33.000000000,closed,1,Small typo in netlist.ads
813,2019-05-04 13:20:32.000000000,2019-05-08 20:16:35.000000000,closed,1,GHDL Bug occurred; issue probably has to do with delayed signals
812,2019-05-02 10:58:46.000000000,1970-01-01 00:00:00.000000001,open,13,Large array crashes ghdl
811,2019-05-01 18:04:35.000000000,2019-05-01 19:30:01.000000000,closed,1,Install `std.standard` package VHDL source during `make install` phase
810,2019-05-01 13:51:00.000000000,2019-05-04 08:50:19.000000000,closed,4,CONSTRAINT_ERROR exception for an invalid range in a physical type definition
809,2019-04-30 21:11:58.000000000,2019-05-02 20:32:35.000000000,closed,3,"How to set ""NO_WARNING"" to true in package numeric_std when running GHDL simulation?"
808,2019-04-30 20:36:57.000000000,2019-05-02 06:10:24.000000000,closed,2,`ghdl --disp-standard` generates VHDL source with syntax errors
807,2019-04-28 19:15:08.000000000,2019-05-03 20:09:14.000000000,closed,3,Crash when assigning to a procedure output that is an unconstrained record
806,2019-04-27 11:16:53.000000000,2019-04-30 21:15:35.000000000,closed,2,"Update doc: announce v0.36, add info about interfacing to other languages"
805,2019-04-25 14:57:03.000000000,2019-04-27 20:31:54.000000000,closed,4,Add configure option '--default-pic' to enable '-fPIC' by default
804,2019-04-25 11:08:25.000000000,2019-04-25 21:01:33.000000000,closed,0,"preserve externally set OPT_FLAGS, ADA_FLAGS and/or LIB_CFLAGS"
803,2019-04-25 06:33:03.000000000,1970-01-01 00:00:00.000000001,open,0,co-simulation: dynamically loading designs/artifacts built with ghdl
802,2019-04-24 13:16:23.000000000,2019-05-02 01:30:43.000000000,closed,6,Add VHDL source for the std.standard package
801,2019-04-24 13:03:42.000000000,2019-04-24 21:09:27.000000000,closed,1,add some version to grt.ver (#800)
800,2019-04-21 11:58:20.000000000,2019-04-24 21:09:27.000000000,closed,15,Allow to provide a custom 'grt.ver' file as an argument to 'ghdl -e'
799,2019-04-18 12:10:22.000000000,2019-05-03 21:28:19.000000000,closed,4,How to do connectivity testing with ghdl
798,2019-04-16 13:08:53.000000000,2019-04-25 16:17:48.000000000,closed,2,SYSTEM.ASSERTIONS.ASSERT_FAILURE
797,2019-04-15 19:51:34.000000000,2019-04-16 20:43:48.000000000,closed,6,VHPIDIRECT access to unconstrained array
796,2019-04-10 09:54:47.000000000,2019-05-03 21:28:47.000000000,closed,9,System version number in Object Files built on MacOSX 10.14 incorrect
795,2019-04-09 14:35:22.000000000,1970-01-01 00:00:00.000000001,open,4,crash on expression association with unconstrained port
794,2019-04-08 12:54:10.000000000,2019-04-08 22:46:31.000000000,closed,0,Asserrtion Failure during analysis of code with std.textio.readline (std 2002)
793,2019-04-08 00:14:40.000000000,2019-04-10 19:42:25.000000000,closed,10,"Unused, undefined foreign function makes elaboration fail"
792,2019-04-05 11:17:06.000000000,2019-04-06 17:01:28.000000000,closed,1,Crash when unbounded string port not connected
791,2019-04-04 12:08:55.000000000,2019-04-06 20:46:59.000000000,closed,0,crash on package with generic procedure
790,2019-04-01 13:43:53.000000000,2019-04-02 10:40:55.000000000,closed,2,"Option to Remove ""NUMERIC_STD.TO_INTEGER: metavalue detected, returning 0"""
789,2019-03-26 15:06:38.000000000,2019-04-18 12:21:17.000000000,closed,7,Bound check failure when working with real values
788,2019-03-26 13:56:02.000000000,2019-05-16 07:45:55.000000000,closed,1,GHDL Bug occurred
787,2019-03-25 17:32:57.000000000,2019-03-26 21:38:49.000000000,closed,1,INTERNAL_ERROR when assigning negated signal to array aggregate
786,2019-03-25 16:41:40.000000000,1970-01-01 00:00:00.000000001,open,4,Crash when assigning to array aggregate containing slices
785,2019-03-22 20:05:13.000000000,2019-03-23 11:05:29.000000000,closed,6,synopsis std_logic_misc missing when using vhdl-08
784,2019-03-21 16:03:41.000000000,2019-05-11 09:17:41.000000000,closed,2,Cannot build ghdllib with gcc back-end
783,2019-03-20 01:06:08.000000000,2019-03-20 14:42:01.000000000,closed,1,[question] are records supported by VCD?
782,2019-03-18 20:51:14.000000000,1970-01-01 00:00:00.000000001,open,2,grt: optimize wave dump performance
781,2019-03-15 20:57:05.000000000,1970-01-01 00:00:00.000000001,open,3,Output path for artifacts generated by ghdl --bind
780,2019-03-13 21:40:29.000000000,2020-08-05 19:45:31.000000000,closed,4,Two-dimensional (2D) unconstrained array in record.
779,2019-03-13 18:08:47.000000000,2019-03-14 10:15:16.000000000,closed,1,GHDL Bug occurred sem.adb:3301
778,2019-03-13 00:58:54.000000000,2019-03-13 11:02:24.000000000,closed,1,Fix build for libghdlsynth.so targets with gcc/gnat 8.3
777,2019-03-12 16:21:15.000000000,2019-03-14 10:15:15.000000000,closed,0,GHDL Bug when instantiating nonexisting entity
776,2019-03-11 03:10:33.000000000,2019-03-14 10:15:15.000000000,closed,4,Support for applying configurations to non-top level entities
775,2019-03-08 17:48:39.000000000,2019-03-10 12:45:27.000000000,closed,3,Adding libraries to the vendors directory.
774,2019-03-04 18:23:57.000000000,1970-01-01 00:00:00.000000001,open,1,raised CONSTRAINT_ERROR : nodes.adb:104 index check failed
773,2019-03-03 04:25:16.000000000,2019-03-03 13:30:34.000000000,closed,1,fix travis shield target URL
772,2019-03-01 18:48:42.000000000,2019-05-11 09:22:10.000000000,closed,2,Analyze error when using 'stable(time) attribute inside PSL statement
771,2019-02-28 16:31:00.000000000,2019-03-02 00:32:52.000000000,closed,8,Building GHDL error with gcc-7.4.0 and gcc-6.5.0
770,2019-02-25 12:01:26.000000000,2019-02-25 14:49:36.000000000,closed,0,doc: generate shields from json files instead of hardcoding all of the in inc files
769,2019-02-25 09:10:41.000000000,2019-02-25 11:28:46.000000000,closed,1,"doc: add custom directive 'exec', generate releases shields and tables with json data retrieved from github api"
768,2019-02-24 01:38:06.000000000,2019-02-25 11:28:24.000000000,closed,3,add announcements for 20181129 and v0.36-rc1
767,2019-02-24 01:24:15.000000000,2019-02-25 00:15:51.000000000,closed,0,add sphinx_rtd_theme to requirements.txt
766,2019-02-23 23:57:54.000000000,2019-02-25 00:17:19.000000000,closed,0,update .readthedocs.yml to version 2
765,2019-02-23 21:55:58.000000000,2019-02-26 01:52:41.000000000,closed,13,RTD hook seems to be broken
764,2019-02-23 10:33:19.000000000,2019-02-23 11:12:06.000000000,closed,1,"Rename travis-utils.sh to utils.sh; load ansi_color.sh, add buildCmdOpts, travis_start and travis_finishâ€¦"
763,2019-02-23 05:04:39.000000000,2019-02-23 11:09:35.000000000,closed,1,Update badges
762,2019-02-23 04:32:00.000000000,1970-01-01 00:00:00.000000001,open,1,VPI: Adding vpiPort detection (Corrects regression introduced by #753)
761,2019-02-23 02:24:44.000000000,2019-02-23 04:21:22.000000000,closed,0,Vpi ports2
760,2019-02-22 23:11:09.000000000,2019-02-23 04:37:44.000000000,closed,0,"Revert ""VPI: add support for detecting ports and their directions"""
759,2019-02-22 05:41:13.000000000,2019-02-23 04:37:41.000000000,closed,9,Fixing ghdl/ghdl#753 braking VPI
758,2019-02-20 21:53:00.000000000,2019-03-02 00:42:26.000000000,closed,7,Pipe content to ghdl through stdin
757,2019-02-17 06:52:04.000000000,1970-01-01 00:00:00.000000001,open,9,Crash when using to_string for real type
756,2019-02-16 02:47:35.000000000,2020-08-05 20:42:36.000000000,closed,9,Can't instantiate unconstrained array of unconstrained type using generic length
755,2019-02-14 20:37:48.000000000,2019-02-15 11:53:53.000000000,closed,1,minor change in GCC backend build example
754,2019-02-13 20:42:37.000000000,2019-02-15 11:54:37.000000000,closed,3,[question] building ghdllib GCC Back-end
753,2019-02-11 07:01:15.000000000,2019-02-14 10:07:07.000000000,closed,6,VPI: add support for detecting ports and their directions
752,2019-02-08 19:45:18.000000000,1970-01-01 00:00:00.000000001,open,6,Crash with latest VUnit
751,2019-02-08 17:48:28.000000000,2019-02-08 18:55:24.000000000,closed,3,Fixes to libraries/vendors
750,2019-02-07 22:59:42.000000000,2019-02-09 18:15:33.000000000,closed,4,Linking with C error and segmentation fault
749,2019-02-07 13:57:53.000000000,2019-02-15 21:12:22.000000000,closed,4,GHDL bug report cannot handle IIR_KIND_SUBSTRACTION_OPERATOR
748,2019-02-04 04:16:47.000000000,2019-02-04 12:01:54.000000000,closed,1,style: install-ada
747,2019-02-03 09:18:45.000000000,2019-02-08 00:52:14.000000000,closed,5,GHDL bug with invalid code
746,2019-01-28 06:31:44.000000000,2019-01-31 00:33:14.000000000,closed,3,Update travis dist from trusty to xenial
745,2019-01-28 04:54:51.000000000,2019-01-30 01:10:54.000000000,closed,1,Update travis macos job to use xcode9.4 (current default)
744,2019-01-28 00:57:12.000000000,1970-01-01 00:00:00.000000001,open,2,[Feature request] Add pre-built LLVM package for MacOS
743,2019-01-28 00:52:07.000000000,1970-01-01 00:00:00.000000001,open,2,raised CONSTRAINT_ERROR : grt-processes.adb:770 overflow check failed
742,2019-01-26 19:46:40.000000000,1970-01-01 00:00:00.000000001,open,6,Recursive function call.
741,2019-01-23 02:18:39.000000000,2019-01-23 02:43:01.000000000,closed,2,Building with vendor libraries
740,2019-01-18 00:35:07.000000000,2019-03-10 13:52:44.000000000,closed,13,GHDL release 0.36
739,2019-01-16 04:05:32.000000000,1970-01-01 00:00:00.000000001,open,6,GHDL schematic viewer
738,2019-01-10 00:01:31.000000000,2019-01-10 00:02:08.000000000,closed,1,UnconstrainedORTHO
737,2019-01-09 20:45:42.000000000,1970-01-01 00:00:00.000000001,open,3,Unconstrained array assignement causes ORTHO_CODE.SYNTAX_ERROR
736,2019-01-08 04:38:04.000000000,2019-03-16 12:38:22.000000000,closed,5,VHDL 2008 conditional assignment (when-else) inside a combinational process incorrect behaviour
735,2019-01-07 20:27:36.000000000,2019-01-08 10:58:36.000000000,closed,0,Asserting directly on array element causes GHDL Exception: 'SYSTEM.ASSERTIONS.ASSERT_FAILURE : no field Named_Entity'
734,2019-01-07 18:35:58.000000000,2019-01-08 10:58:36.000000000,closed,0,Assertion failed instead of error for improper dynamic array allocation
733,2019-01-06 19:48:57.000000000,2019-01-06 20:56:42.000000000,closed,1,Add man pages job to travis
732,2019-01-06 17:58:10.000000000,1970-01-01 00:00:00.000000001,open,0,Add support for PowerShell Core
731,2019-01-05 11:42:23.000000000,2019-01-05 12:05:03.000000000,closed,2,GHDL elab-run error when instanciating entity
730,2019-01-04 02:37:55.000000000,2019-01-04 03:04:48.000000000,closed,0,Fix some sphinx warnings
729,2019-01-03 17:58:26.000000000,2019-01-05 12:02:21.000000000,closed,1,Warning -Wothers cannot be disabled
728,2019-01-03 16:44:24.000000000,2019-01-06 12:09:57.000000000,closed,2,List all warning that are enabled by default
727,2019-01-02 03:08:03.000000000,2019-01-05 12:06:08.000000000,closed,1,make reports 2 unknown options
726,2018-12-31 17:05:40.000000000,1970-01-01 00:00:00.000000001,open,2,support of generic types (vhdl2008) 
725,2018-12-31 00:00:21.000000000,2019-01-06 12:22:41.000000000,closed,1,How to profiling GHDL
724,2018-12-29 15:19:32.000000000,2019-01-01 00:46:23.000000000,closed,17,Failing sanity checks on MinGW64
723,2018-12-29 14:55:55.000000000,1970-01-01 00:00:00.000000001,open,3,Top-most testsuite does not pass options to individual testsuits
722,2018-12-29 06:07:15.000000000,2018-12-29 22:08:57.000000000,closed,0,GHDL crashes if *.lst file cannot be opened
721,2018-12-29 02:20:42.000000000,2018-12-29 09:48:57.000000000,closed,1,Improvements to configure.sh
720,2018-12-26 14:55:40.000000000,2018-12-26 15:27:26.000000000,closed,5,LLVM support
719,2018-12-26 02:48:48.000000000,2018-12-26 20:28:55.000000000,closed,3,Name conflict of record elements and port / signal names
718,2018-12-24 02:44:08.000000000,2018-12-26 20:28:54.000000000,closed,0,Internal error when calling a generic package function from inside a process (all)
717,2018-12-17 20:04:48.000000000,1970-01-01 00:00:00.000000001,open,0,support of case? (vhdl2008)
716,2018-12-06 17:49:49.000000000,2018-12-07 03:53:06.000000000,closed,4,Error in src/vital2000/timing_p.vhdl when using VHDL 2008 and Xilinx unisim primitives
715,2018-12-01 23:22:04.000000000,2018-12-05 00:47:07.000000000,closed,9,error: declaration of a too large object
714,2018-12-01 03:39:26.000000000,1970-01-01 00:00:00.000000001,open,3,How do I use the sdf annotation?
713,2018-11-30 19:40:19.000000000,2018-12-06 09:20:57.000000000,closed,18,ghdl stalls for specific code
712,2018-11-29 04:46:45.000000000,2018-11-30 02:51:31.000000000,closed,3,New git tag
711,2018-11-28 20:53:43.000000000,1970-01-01 00:00:00.000000001,open,14,Problems with Lattice vendor lib regarding ecp5um
710,2018-11-28 14:54:04.000000000,2018-11-29 22:34:35.000000000,closed,2,Visibility rules continued
709,2018-11-27 17:29:25.000000000,1970-01-01 00:00:00.000000001,open,4,Possibility to catch division by zero?
708,2018-11-27 17:14:12.000000000,2018-11-28 22:51:13.000000000,closed,1,GHDL crash on complex if condition
707,2018-11-27 00:13:34.000000000,2018-11-27 22:21:13.000000000,closed,3,Crash when assigning array aggregate
706,2018-11-26 21:34:05.000000000,1970-01-01 00:00:00.000000001,open,1,Allow cross compilation of ortho GHDL
705,2018-11-26 13:28:00.000000000,2018-11-27 22:22:41.000000000,closed,3,Visibility rule error with nested use clause
704,2018-11-26 06:25:06.000000000,2018-11-26 09:16:12.000000000,closed,1,Removed explicit llvm35 depdendency
703,2018-11-26 06:09:25.000000000,2018-11-26 09:15:13.000000000,closed,1,Accept LLVM 7 in configure script.
702,2018-11-22 22:45:18.000000000,2019-01-05 12:26:17.000000000,closed,8,GHDL mingw64-llvm35 fails on AppVeyor
701,2018-11-22 12:17:30.000000000,2018-11-24 16:32:42.000000000,closed,2,Issue during install
700,2018-11-20 12:53:11.000000000,1970-01-01 00:00:00.000000001,open,3,Sin() mismatch
699,2018-11-19 00:05:43.000000000,2019-04-25 20:47:41.000000000,closed,6,Naming of library files
698,2018-11-18 22:19:42.000000000,2018-11-20 21:39:15.000000000,closed,4,Stack Overflow
697,2018-11-18 18:39:16.000000000,2018-11-19 22:23:09.000000000,closed,4,Generic package instantiation failed
696,2018-11-16 19:35:05.000000000,1970-01-01 00:00:00.000000001,open,2, Help with design low-level HDL language
695,2018-11-16 12:58:50.000000000,1970-01-01 00:00:00.000000001,open,5,Generic array of generic type
694,2018-11-16 04:15:27.000000000,2018-11-22 22:18:17.000000000,closed,1,[VHDL2008] Uncostrained array assertion
693,2018-11-12 02:43:26.000000000,1970-01-01 00:00:00.000000001,open,15,WIP: Reworked Windows Compile Scripts
692,2018-11-11 00:38:40.000000000,2018-11-23 22:20:33.000000000,closed,4,Segfault if to_unsigned()'s second parameter is 10 mln
691,2018-11-10 12:26:55.000000000,2018-11-11 16:43:20.000000000,closed,0,"crash ""SYSTEM.ASSERTIONS.ASSERT_FAILURE : iirs.adb:138"" on a specific file"
690,2018-11-07 12:37:20.000000000,2018-11-09 22:25:01.000000000,closed,2,cannot handle IIR_KIND_INTERFACE_PROCEDURE_DECLARATION
689,2018-11-06 00:41:26.000000000,2018-11-10 17:09:18.000000000,closed,2,VHDL2008 Unconstrained Array Causes ORTHO_CODE.SYNTAX_ERROR
688,2018-11-02 20:50:17.000000000,2018-11-03 02:27:44.000000000,closed,0,NULL access dereferenced for unconstrained ports
687,2018-11-02 20:46:16.000000000,2018-11-08 00:52:51.000000000,closed,0,NULL access dereferenced for unconstrained port
686,2018-11-02 00:59:56.000000000,2018-11-02 03:16:56.000000000,closed,2,Document -g<generic>=<value> option
685,2018-10-31 22:35:25.000000000,2018-11-11 16:43:20.000000000,closed,0,Invalid ghw dump for unconstrained record
684,2018-10-29 22:35:47.000000000,2018-11-04 12:56:09.000000000,closed,5,Are there alternatives for Travis-CI?
683,2018-10-29 11:57:44.000000000,2018-11-14 22:16:44.000000000,closed,2,GHDL crashes without clear message
682,2018-10-29 02:31:02.000000000,2018-11-10 11:47:04.000000000,closed,1,Failing Fedora 2.8 + LLVM job on Travis-CI
681,2018-10-29 01:49:41.000000000,2018-10-29 02:12:16.000000000,closed,1,PowerShell Windows installation fix
680,2018-10-28 03:16:36.000000000,1970-01-01 00:00:00.000000001,open,5,Parsing of type mark do not allow slice or index
679,2018-10-26 18:19:28.000000000,2018-10-27 14:28:29.000000000,closed,2,Analyzing error with PSL next operator
678,2018-10-25 02:01:57.000000000,2018-10-29 02:12:17.000000000,closed,3,PowerShell installation fail on Windows 10 (x64) [1803]
677,2018-10-24 17:33:07.000000000,1970-01-01 00:00:00.000000001,open,1,Provide more detailed error analysis when mismatched generic package configurations are used
676,2018-10-23 07:51:19.000000000,2018-12-29 09:52:15.000000000,closed,10,VHDL-2008 assignment to mixed element+array aggregates crashes analysis
675,2018-10-21 19:49:59.000000000,2018-10-24 20:56:28.000000000,closed,3,Build with mcode backend failing on some platforms
674,2018-10-18 00:18:05.000000000,2018-11-12 14:33:52.000000000,closed,2,NULL access dereferenced
673,2018-10-16 16:41:59.000000000,2018-10-18 18:09:35.000000000,closed,7,Build from source fails during make install using GNAT 2018
672,2018-10-15 23:03:50.000000000,2018-10-21 14:17:42.000000000,closed,15,--time-resolution= vs run time
671,2018-10-14 21:39:50.000000000,2018-10-15 00:12:14.000000000,closed,1,Warning is unclear how to resolve
670,2018-10-11 20:50:36.000000000,2019-03-09 14:26:33.000000000,closed,7,Build GHDL and libs with -fPIC
669,2018-10-11 03:42:24.000000000,2018-10-11 08:24:24.000000000,closed,1,fix filter to generate GRT_EXTRA_LIB on arm-linux-gnueabihf
668,2018-10-10 23:40:50.000000000,2018-10-21 14:17:41.000000000,closed,3,error: wave.create_type
667,2018-10-10 01:35:26.000000000,2018-12-12 10:37:38.000000000,closed,4,Compiling VUnit context produces CBZ WZR / CBNZ xZR branches on ARM platforms
666,2018-10-09 19:39:50.000000000,2018-10-25 07:08:44.000000000,closed,7,Segmentation fault for long string
664,2018-10-01 00:26:34.000000000,2018-10-25 07:11:03.000000000,closed,5,access violation exception
663,2018-09-26 20:38:34.000000000,2018-10-25 20:33:47.000000000,closed,2,eb9974cf1578e1bd4f4c167601fa767398db3e80 broke VUnit regression
662,2018-09-25 17:33:04.000000000,1970-01-01 00:00:00.000000001,open,13,Support of PSL functions
661,2018-09-20 18:15:09.000000000,2018-09-20 22:24:31.000000000,closed,3,"assertion warning numeric_std: null detected, returning 0"
660,2018-09-18 20:48:22.000000000,2018-09-19 08:22:41.000000000,closed,2,Compiler bug when using GENERIC argument in range expression
659,2018-09-18 03:48:27.000000000,2018-11-12 22:21:07.000000000,closed,0,UVVM demo testbench fails - internal error
658,2018-09-18 03:20:49.000000000,2018-10-26 20:40:47.000000000,closed,2,UVVM compilation fails
657,2018-09-17 01:39:52.000000000,1970-01-01 00:00:00.000000001,open,5,Support mcode back-end on Windows x64
656,2018-09-16 02:40:21.000000000,1970-01-01 00:00:00.000000001,open,9,RTIs for package instances
655,2018-09-15 17:48:10.000000000,1970-01-01 00:00:00.000000001,open,2,Discrepancy between stop-time and NOW
654,2018-09-15 16:53:09.000000000,2018-09-16 22:24:57.000000000,closed,1,Emit current stop-delta value if limit is reached
653,2018-09-15 16:40:09.000000000,2018-09-16 12:21:07.000000000,closed,2,Broken executable path in error messages on Windows
652,2018-09-15 16:02:52.000000000,2018-09-19 08:52:47.000000000,closed,15,Do library names and signal names share the same namespace?
651,2018-09-13 01:43:22.000000000,2018-09-15 06:14:06.000000000,closed,1,GNAT GPL - invalid switch -gnat05
650,2018-09-11 05:40:51.000000000,2018-09-13 09:53:28.000000000,closed,1,add option llvm-6.0 to travis build script
649,2018-09-10 13:23:01.000000000,2018-11-12 22:21:07.000000000,closed,3,Problem compiling UVVM libraries with GHDL
648,2018-09-10 02:06:46.000000000,2018-09-18 20:57:47.000000000,closed,5,"internal compiler error: in expand_expr_real_1, at expr.c:10001"
647,2018-09-09 13:59:03.000000000,2018-09-09 21:20:47.000000000,closed,4,Support custom types in VCD waveforms
646,2018-09-08 06:44:58.000000000,2018-12-08 23:51:48.000000000,closed,4,Crash when using string in record
645,2018-09-06 13:06:33.000000000,2018-11-10 17:09:18.000000000,closed,0,Arrays of unconstrained elements (VHDL-2008) not supported
644,2018-09-03 00:26:16.000000000,2018-09-04 09:50:53.000000000,closed,6,'_' is not supported in normal (binary) bit-string literals
643,2018-09-02 23:20:31.000000000,2018-09-23 20:07:00.000000000,closed,5,Problems while initializing a user defined array type using enumeration literals as indices
642,2018-09-02 23:00:22.000000000,2018-11-10 17:09:18.000000000,closed,0,Array decomposition of arrays is not yet supported
641,2018-09-02 22:05:22.000000000,1970-01-01 00:00:00.000000001,open,9,"Creating an object from constrained object that was formerly unconstrained causes an ""is unconstrained"" error."
640,2018-09-02 07:17:20.000000000,2019-04-24 21:09:27.000000000,closed,11,Work around current limitations of `ghdl --list-link`
639,2018-08-28 02:59:46.000000000,2018-09-02 16:09:32.000000000,closed,7,VHPI: first foreign declaration limits the return type
638,2018-08-27 09:25:57.000000000,2018-08-27 21:39:19.000000000,closed,2,64 bit pointer can not be assigned to var of type access
637,2018-08-23 17:43:37.000000000,2018-08-24 23:10:44.000000000,closed,5,Access types to arrays cannot access individual elements.
636,2018-08-20 23:34:07.000000000,2018-08-24 23:10:44.000000000,closed,0,sem_user_attribute: cannot handle IIR_KIND_FUNCTION_CALL
635,2018-08-16 15:56:28.000000000,2018-08-18 00:08:14.000000000,closed,4,Ram Initialization Leads To Compiler Crash
634,2018-08-12 17:46:19.000000000,2018-08-14 10:21:38.000000000,closed,1,'NULL access dereferenced' does not indicate filename and line of offending code
633,2018-08-11 07:33:20.000000000,2018-08-17 08:22:40.000000000,closed,2,Cannot build ghdl in llvm ('llvm-c/Target.h' file not found)
632,2018-08-10 14:34:17.000000000,2018-08-16 19:37:14.000000000,closed,0,Crash due to invalid code
631,2018-08-07 02:00:16.000000000,2018-08-10 21:19:25.000000000,closed,1,"formal "" <- message truncated here"
630,2018-08-07 01:56:33.000000000,2018-08-10 21:19:25.000000000,closed,0,formal conversion allowed only for interface object
629,2018-08-03 01:06:40.000000000,1970-01-01 00:00:00.000000001,open,3,please help: any way to trace a report statement up the stack
628,2018-07-23 13:53:55.000000000,2018-07-23 16:52:21.000000000,closed,3,cosmetic: allow concise console preamble
627,2018-07-22 22:06:38.000000000,2018-07-23 22:55:00.000000000,closed,1,Exception TYPES.INTERNAL_ERROR with an invalid based literal
626,2018-07-21 22:56:23.000000000,2018-07-22 14:31:54.000000000,closed,2,problem passing anonymous vector as generic (v0.36-dev)
625,2018-07-21 16:42:55.000000000,2018-07-25 08:27:59.000000000,closed,5,help wanted: ghdl -a takes infinite time
624,2018-07-20 17:27:11.000000000,2018-07-22 14:31:54.000000000,closed,1,gen-makefile not behaving entirely correct
623,2018-07-19 22:31:19.000000000,2018-07-20 20:09:23.000000000,closed,3,crash on improper use of record type as if it was an array type (v0.35)
622,2018-07-16 05:31:07.000000000,2019-01-06 20:56:42.000000000,closed,14,Man Pages
621,2018-07-07 18:12:04.000000000,2018-07-08 15:40:57.000000000,closed,4,crash on improper attribute access
620,2018-07-04 21:44:24.000000000,2018-08-06 08:36:03.000000000,closed,4,crash passing generic package function to generic package
619,2018-07-02 09:42:10.000000000,1970-01-01 00:00:00.000000001,open,0,"Port changes of PR 617 (added support for Cyclone I, II, III) to the PowerShell scripts"
618,2018-06-30 01:17:12.000000000,2018-07-05 22:17:59.000000000,closed,14,Undocumented deviation from the standard
617,2018-06-29 22:58:52.000000000,2018-07-02 09:40:01.000000000,closed,3,"Cyclone 1,2,3 support for compile-altera.sh"
616,2018-06-29 20:39:49.000000000,2018-08-07 18:51:02.000000000,closed,2,Using a function to allocate a std_logic_vector slows down execution exponentially
615,2018-06-27 10:24:10.000000000,2018-12-12 10:39:49.000000000,closed,4,"GHDL doesn't check downto/to ranges (anymore), gtkwave fails to start after that"
614,2018-06-22 20:34:26.000000000,2018-06-28 20:18:55.000000000,closed,8,CONSTRAINT_ERROR : grt-processes.adb:1051
613,2018-06-22 11:51:18.000000000,2018-08-10 21:19:24.000000000,closed,12,Large Time Values
612,2018-06-21 21:17:50.000000000,1970-01-01 00:00:00.000000001,open,1,Missing Version Number in Windows Build of GHDL
611,2018-06-20 19:55:34.000000000,2018-12-08 14:10:50.000000000,closed,9,Vunit Segmentation fault
610,2018-06-18 19:03:04.000000000,2018-11-22 22:18:17.000000000,closed,3,ASSERT_FAILURE error when compiling UVVM avalon_mm testbench
609,2018-06-16 17:41:43.000000000,2018-06-17 22:51:28.000000000,closed,1,Compiler crashes on syntax error.
608,2018-06-16 15:02:03.000000000,2019-04-30 21:15:35.000000000,closed,16,Add reference to `-gGENERIC=value` in the docs
607,2018-06-15 17:12:17.000000000,2018-06-16 13:00:31.000000000,closed,13,allow passing arguments on the command line
606,2018-06-13 21:19:59.000000000,2018-06-19 20:26:57.000000000,closed,7,Exception TYPES.INTERNAL_ERROR : trans-chap9.adb:1922
605,2018-06-12 11:30:59.000000000,2018-12-15 17:27:32.000000000,closed,3,Documentation: More description for including custom libraries
604,2018-06-11 15:24:03.000000000,2018-06-11 16:55:34.000000000,closed,5,Docker image ghdl/ext:vunit ImportError: No module named vunit
603,2018-06-10 17:47:03.000000000,2018-06-13 13:04:24.000000000,closed,10,VHDL access C code
602,2018-06-09 01:45:58.000000000,2018-06-09 09:42:50.000000000,closed,2,use fedora28 instead of fedora26
601,2018-06-09 01:32:28.000000000,2018-06-09 09:45:34.000000000,closed,0,log stderr of make to a file and use tail to show last 1000 lines
600,2018-06-07 05:29:50.000000000,1970-01-01 00:00:00.000000001,open,4,"Support generic-derived constants as ""numbers"" in PSL"
599,2018-06-06 20:16:45.000000000,2018-06-07 22:55:56.000000000,closed,0,add :z to the docker bind argument
598,2018-06-05 17:14:50.000000000,2018-06-08 20:20:33.000000000,closed,2,to_string on std_logic_vector constant causes IIR_PREDEFINED_ARRAY_CHAR_TO_STRING
597,2018-06-05 16:21:22.000000000,2018-06-06 02:01:39.000000000,closed,3,Fix typo
596,2018-06-05 05:55:16.000000000,2018-06-05 07:25:09.000000000,closed,1,Support GCC backend in buil.sh
595,2018-06-04 17:50:23.000000000,2018-06-05 10:45:41.000000000,closed,6,Which debian package provides cmath for llvm build
594,2018-06-04 09:44:27.000000000,1970-01-01 00:00:00.000000001,open,2,Bound Check Failure
593,2018-06-04 08:11:55.000000000,1970-01-01 00:00:00.000000001,open,1,bounds check failure verbosity
592,2018-06-03 18:39:55.000000000,2018-06-03 21:34:46.000000000,closed,5,"hwrite and to_hstring yield ""no declaration"""
591,2018-06-02 01:08:02.000000000,2018-06-06 10:17:15.000000000,closed,10,"Rephrase documentation - typos, grammatical nuance, and links"
590,2018-05-30 11:56:15.000000000,1970-01-01 00:00:00.000000001,open,3,CONSTRAINT_ERROR occurs
589,2018-05-30 00:07:44.000000000,2018-05-30 10:04:17.000000000,closed,4,Remove redundant use-clauses for gcc 8.1 compatibility
588,2018-05-29 23:30:53.000000000,2018-05-30 10:04:55.000000000,closed,2,update contributing
587,2018-05-29 23:08:20.000000000,2018-05-29 23:55:56.000000000,closed,2,add wait statement to bug_report reproduction example
586,2018-05-28 16:17:28.000000000,2018-05-29 08:04:44.000000000,closed,4,Use clause of specific type in package does not make it visible for following entity declaration.
585,2018-05-27 21:35:48.000000000,2018-05-27 22:08:05.000000000,closed,0,move docker-related resources to ghdl/docker
584,2018-05-27 02:30:42.000000000,2018-12-13 10:37:40.000000000,closed,3,Issue runner (attached zipfile)
583,2018-05-26 21:05:27.000000000,2018-05-27 00:27:11.000000000,closed,4,add .github (issue templates)
582,2018-05-26 20:32:42.000000000,2018-05-26 23:49:17.000000000,closed,6,fix 'occured' typo
581,2018-05-26 18:28:55.000000000,2018-05-29 08:08:16.000000000,closed,3,Generic Package with access type
580,2018-05-25 16:37:09.000000000,1970-01-01 00:00:00.000000001,open,1,evaluation of static aggregates
579,2018-05-25 16:28:36.000000000,2018-05-25 16:38:54.000000000,closed,6,Issue runner
578,2018-05-25 02:36:47.000000000,2018-05-27 02:23:27.000000000,closed,9,compiler error
577,2018-05-25 02:28:12.000000000,2018-05-27 22:08:05.000000000,closed,10,New 'docker' repo in the organization?
576,2018-05-23 18:10:42.000000000,1970-01-01 00:00:00.000000001,open,6,improve error message (error with drivers)
575,2018-05-22 18:28:08.000000000,2018-05-22 23:02:57.000000000,closed,11,Update Makefile.in
574,2018-05-22 00:14:59.000000000,2018-05-23 22:28:33.000000000,closed,4,Update xcode version in travis
573,2018-05-21 16:01:52.000000000,2018-05-21 20:55:20.000000000,closed,3,Cygwin executable adaptations
572,2018-05-19 18:43:03.000000000,2018-05-20 13:58:04.000000000,closed,7,Documentation broken reference
571,2018-05-19 17:52:41.000000000,2018-05-20 09:23:49.000000000,closed,1,src/grt/Makefile.inc: grt/grt-files: Remove CR from line ends
570,2018-05-19 15:38:23.000000000,2018-05-19 17:09:16.000000000,closed,1,configure: Fall back to `pwd` if `pwd -W` does not work
569,2018-05-09 15:49:19.000000000,1970-01-01 00:00:00.000000001,open,1,Docker version tag
568,2018-05-08 16:16:59.000000000,2018-06-04 20:36:11.000000000,closed,6,Add support for GCC 8
567,2018-05-03 21:36:57.000000000,2018-05-03 22:50:45.000000000,closed,1,Fix warning: use clause for package has no effect
566,2018-05-02 19:39:50.000000000,1970-01-01 00:00:00.000000001,open,6,Migration from travis-ci.org
565,2018-05-01 23:37:49.000000000,2020-05-10 13:25:09.000000000,closed,2,MinGW on Windows produces '*.dll.exe' files
564,2018-04-30 13:54:01.000000000,1970-01-01 00:00:00.000000001,open,12,Compiling vendor libraries
563,2018-04-30 03:22:50.000000000,2018-04-30 22:21:39.000000000,closed,1,Function invocation with empty params bug
562,2018-04-26 21:53:47.000000000,1970-01-01 00:00:00.000000001,open,2,Misleading elab error
561,2018-04-26 12:34:15.000000000,2018-08-10 21:19:25.000000000,closed,3,error: waves.write_types: unhandled obj kind
560,2018-04-24 18:37:47.000000000,2018-04-25 21:39:25.000000000,closed,15,Function overloading not finding correct version of function.
559,2018-04-24 13:36:51.000000000,2018-04-25 21:39:26.000000000,closed,10,unexpected bound check failure
558,2018-04-19 17:59:11.000000000,2018-04-21 20:09:22.000000000,closed,4,Record is not able to use as range of an array
557,2018-04-17 10:41:16.000000000,2018-04-21 19:17:15.000000000,closed,1,move COPYING_DOC.md to subdir doc
556,2018-04-14 23:39:59.000000000,2018-04-21 19:18:08.000000000,closed,0,[doc] add ref to tar.gz file in Building
555,2018-04-14 19:52:03.000000000,2018-04-21 20:20:23.000000000,closed,3,fix version.tmp in travis-ci
554,2018-04-13 10:40:51.000000000,2018-04-22 19:50:03.000000000,closed,2,Version detection broken in travis-ci
553,2018-04-12 14:36:12.000000000,2018-04-13 20:29:02.000000000,closed,0,GHDL internal error : interaction between stupid syntax error and OSVVM
552,2018-04-11 11:39:47.000000000,2018-04-12 21:58:36.000000000,closed,2,Wrong range of type'image strings
551,2018-04-09 17:56:15.000000000,2018-12-13 10:40:50.000000000,closed,10,GHDL not working in Windows Subsytem for Linux (WSL)
550,2018-04-07 04:11:03.000000000,2018-04-07 16:20:54.000000000,closed,13,How to install v0.35 on Ubuntu 16.04-based OS?
549,2018-04-06 13:28:11.000000000,1970-01-01 00:00:00.000000001,open,3,GHDL PowerShell Installation fails on Windows 7 Pro 64
548,2018-03-30 00:25:22.000000000,1970-01-01 00:00:00.000000001,open,6,external names
547,2018-03-26 12:51:25.000000000,2018-11-13 00:56:06.000000000,closed,2,array of unconstrained records
546,2018-03-24 02:52:32.000000000,2018-11-22 22:18:17.000000000,closed,2,Internal error when given multiple range constraints and initializer
545,2018-03-23 23:19:58.000000000,2018-12-12 10:44:35.000000000,closed,6,Accessing intermediate representations?
544,2018-03-22 01:43:18.000000000,2018-03-22 21:12:28.000000000,closed,1,raised SYSTEM.ASSERTIONS.ASSERT_FAILURE : no field Expr_Staticness
543,2018-03-17 18:47:30.000000000,1970-01-01 00:00:00.000000001,open,4,evaluation of static aggregates
542,2018-03-14 19:41:18.000000000,1970-01-01 00:00:00.000000001,open,12,Error when entity name is the same as port name
541,2018-03-11 05:55:06.000000000,2018-03-14 09:20:41.000000000,closed,4,Removed VUnit pre-compile scripts from GHDL.
540,2018-03-11 05:09:45.000000000,1970-01-01 00:00:00.000000001,open,0,make install looks for openieee
539,2018-03-08 03:03:38.000000000,1970-01-01 00:00:00.000000001,open,3,Packages with same file name in different subdirectories results in compilation error
538,2018-03-05 20:27:06.000000000,2019-04-07 04:18:40.000000000,closed,9,GHW format GHLD 0.36-dev 
537,2018-03-02 17:06:01.000000000,2018-03-07 21:30:49.000000000,closed,6,Problem installing GHDL 0.36-dev
536,2018-02-26 03:34:54.000000000,2018-03-01 10:48:16.000000000,closed,0,Add support for LLVM 6
535,2018-02-24 22:58:29.000000000,2018-02-25 15:45:50.000000000,closed,2,Problem instantiating generic package within another generic package
534,2018-02-22 06:53:09.000000000,2018-02-22 12:08:45.000000000,closed,1,compile-vunit scripts under/libraries/vendors no longer point to correct files
533,2018-02-20 14:42:28.000000000,2018-02-21 12:15:21.000000000,closed,2,Trying a new ghdl invalidates timestamps of xilinx vendor libraries
532,2018-02-20 10:45:06.000000000,2018-02-20 23:07:52.000000000,closed,2,Another issue with slicing input ports
531,2018-02-18 09:31:40.000000000,2018-02-25 15:45:50.000000000,closed,1,Issue with sliced input to submodule when driven by cocotb
530,2018-02-17 23:10:14.000000000,2018-02-18 22:25:19.000000000,closed,4,casting of sliced port in a module instantiation fails
529,2018-02-17 23:02:04.000000000,2018-02-18 22:25:19.000000000,closed,3,impure function call with process(all) fails
528,2018-02-13 14:10:01.000000000,2018-03-08 04:33:21.000000000,closed,1,compile-vunit.sh incorrect source file directory reference
527,2018-02-12 02:16:58.000000000,2018-02-12 11:34:05.000000000,closed,4,Fixed library compilation on Windows
526,2018-02-10 01:07:37.000000000,2018-02-12 11:34:06.000000000,closed,3,GHDL searches for library 'synopsys'
525,2018-02-04 18:37:03.000000000,2018-02-06 22:10:55.000000000,closed,7,GHDL 0.35 regresssion: no errors for illegal attributes
524,2018-02-03 03:54:50.000000000,2018-02-06 22:10:55.000000000,closed,2,ASSERT_FAILURE
523,2018-01-27 08:17:00.000000000,2018-01-27 11:23:05.000000000,closed,1,fix appveyor shield on rtd
522,2018-01-25 00:32:44.000000000,2018-02-06 10:02:03.000000000,closed,7,"Simulation failure due to ""bound check failure"""
521,2018-01-22 13:45:46.000000000,2018-01-27 11:30:14.000000000,closed,0,overriding default libraries
520,2018-01-20 20:14:20.000000000,2018-01-21 12:22:19.000000000,closed,1,GHDL crashes on alias declaration to external name
519,2018-01-16 14:13:40.000000000,2018-01-16 14:31:56.000000000,closed,3,Error when importing empty vhdl file
518,2018-01-10 00:01:19.000000000,2018-01-10 00:06:36.000000000,closed,1,testsuite gna bug082 intentional exception not caught
517,2018-01-08 17:27:42.000000000,2018-01-10 15:35:53.000000000,closed,2,Remove dependency on Get-DriveInfo for powershell compile scripts
516,2018-01-05 05:10:14.000000000,2018-01-05 22:12:52.000000000,closed,8,Wired error message
515,2017-12-30 19:20:57.000000000,2017-12-30 20:00:55.000000000,closed,0,Fixed default path in vivado libraries compilation script
514,2017-12-30 13:06:45.000000000,1970-01-01 00:00:00.000000001,open,16,Document the release process
513,2017-12-30 01:14:05.000000000,2017-12-30 20:00:55.000000000,closed,2,Wrong default path in vivado libraries compilation script 
512,2017-12-29 21:24:00.000000000,1970-01-01 00:00:00.000000001,open,1,Platform Test in Powershell Installer
511,2017-12-29 05:20:40.000000000,2018-12-12 10:42:10.000000000,closed,4,Instructions to fork GHDL
510,2017-12-29 03:36:20.000000000,2017-12-30 12:42:57.000000000,closed,0,"Remove COPYING, not needed after benbalter/licensee#247"
509,2017-12-29 00:39:39.000000000,2018-01-02 15:03:39.000000000,closed,12,"libghdlsynth.so fails to build with in gcc version 7.2.0, on Trisquel 7 (based on Ubuntu 14.04)"
508,2017-12-24 21:52:58.000000000,2018-01-27 11:30:44.000000000,closed,1,Digits in type names in use'd packages doesn't work
507,2017-12-24 01:40:41.000000000,1970-01-01 00:00:00.000000001,open,13,GHDL on ArchLinux: AUR and yaourt
506,2017-12-22 11:50:30.000000000,1970-01-01 00:00:00.000000001,open,15,Landing site for GHDL
505,2017-12-20 21:39:01.000000000,2017-12-21 00:59:13.000000000,closed,1,Boolean/if combination without finite wait causes hang without time progress
504,2017-12-20 20:27:56.000000000,2017-12-21 00:58:26.000000000,closed,0,update travis refs after changing from tgingold/ghdl to ghdl/ghdl
503,2017-12-20 16:18:39.000000000,2017-12-20 18:56:34.000000000,closed,6,update tgingold/ghdl refs to ghdl/ghdl
502,2017-12-19 10:26:55.000000000,2017-12-19 12:07:56.000000000,closed,2,Building GHDL from source with gcc back end fails on debian
501,2017-12-19 02:07:50.000000000,2018-01-02 15:07:21.000000000,closed,6,FreeBSD with LLVM backend: Link error for symbols environ and __progname
500,2017-12-18 15:14:51.000000000,2018-01-27 11:23:05.000000000,closed,27,"GHDL, a GitHub organization"
499,2017-12-18 09:57:06.000000000,2017-12-18 10:06:29.000000000,closed,1,fix gitignore filters for files generated on windows
498,2017-12-18 06:32:16.000000000,2017-12-18 10:06:29.000000000,closed,1,Broken .gitignore file
497,2017-12-18 01:40:55.000000000,1970-01-01 00:00:00.000000001,open,9,Package GHDL for MinGW32/MinGW64
496,2017-12-18 00:18:07.000000000,2018-12-13 10:50:20.000000000,closed,11,release 0.35 issues
495,2017-12-17 22:36:59.000000000,2017-12-18 10:05:49.000000000,closed,4,Freebsd configure
494,2017-12-17 04:03:45.000000000,2017-12-17 05:07:13.000000000,closed,0,update getting/Releases to v0.35
493,2017-12-15 17:41:32.000000000,2017-12-16 04:06:26.000000000,closed,3,Component twentynm_fp_mac_encrypted is not bound
492,2017-12-14 18:18:05.000000000,2017-12-19 14:39:35.000000000,closed,9,compile_intel.sh not up to date with version 17
491,2017-12-14 16:53:59.000000000,2017-12-15 10:13:29.000000000,closed,2,"Documentation: fix building, and minor issues"
490,2017-12-14 14:21:54.000000000,2017-12-14 17:48:49.000000000,closed,3,doc inconsistency (gcc build)
489,2017-12-13 07:01:41.000000000,2017-12-17 00:29:53.000000000,closed,4,"Use docker multistage builds, travis stages, yaml aliases and deploy to dockerhub"
488,2017-12-13 02:22:57.000000000,2017-12-14 22:10:34.000000000,closed,1,use travis matrix expansion
487,2017-12-10 23:14:46.000000000,2017-12-11 00:18:04.000000000,closed,0,Replace latest release shield with commits since last release
486,2017-12-10 21:03:42.000000000,2017-12-17 05:14:33.000000000,closed,7,Shields broken on GitHub releases
485,2017-12-10 20:56:49.000000000,2017-12-10 21:14:52.000000000,closed,0,add missing link to 'latest release' shield
484,2017-12-10 08:52:44.000000000,2017-12-15 10:46:59.000000000,closed,9,Documentation extraction from sources
483,2017-12-10 02:27:17.000000000,2017-12-12 09:31:41.000000000,closed,13,Releases not showing distance to master
482,2017-12-10 02:06:06.000000000,2017-12-10 16:02:06.000000000,closed,0,New documentation structure
481,2017-12-09 20:34:36.000000000,2017-12-10 17:13:01.000000000,closed,2,fix version path when .git exists but git is not installed
480,2017-12-08 22:04:03.000000000,2017-12-10 17:15:18.000000000,closed,9,[build-system] do not require git in the Makefile
479,2017-12-08 16:02:27.000000000,2017-12-15 12:58:48.000000000,closed,28,Failed to build with GCC backend
478,2017-12-07 17:55:08.000000000,2017-12-08 23:02:30.000000000,closed,2,GHDL crash on missing ampersand
477,2017-12-07 08:24:54.000000000,1970-01-01 00:00:00.000000001,open,5,"Continuous Integration, releases and ready-to-use rolling images"
476,2017-12-07 02:14:28.000000000,2017-12-12 23:17:16.000000000,closed,1,Internal error issue
475,2017-12-01 04:38:06.000000000,2017-12-01 07:07:57.000000000,closed,1,Fix typo in README
474,2017-11-30 15:43:59.000000000,2017-12-01 22:22:01.000000000,closed,0,ghdl -i returns 0 to shell on error
473,2017-11-29 07:07:33.000000000,2018-11-23 00:47:16.000000000,closed,4,Unconstrained arrays; crash on elaboration.
472,2017-11-29 02:02:42.000000000,2017-11-30 22:52:37.000000000,closed,1,GHDL crash on incorrect code
471,2017-11-28 15:36:42.000000000,2017-12-01 22:22:01.000000000,closed,13,"""GHDL Bug Occurred"""
470,2017-11-28 03:53:25.000000000,2017-11-28 22:18:45.000000000,closed,1,nested type declaration
469,2017-11-26 22:40:07.000000000,1970-01-01 00:00:00.000000001,open,20,Project Systems Engineering
468,2017-11-26 18:49:50.000000000,2017-11-30 09:52:44.000000000,closed,4,Spurious files after building ghdl gcc favor
467,2017-11-25 08:42:16.000000000,2017-11-28 22:18:45.000000000,closed,4,Elaboration crashes on unconstrained record
466,2017-11-25 03:32:39.000000000,2017-11-25 11:25:37.000000000,closed,13,Using a parametrized-length port as selector: object subtype is not locally static
465,2017-11-19 01:40:53.000000000,2017-11-19 15:50:04.000000000,closed,0,Unable to resolve ambiguity after two levels of nested records
464,2017-11-18 20:33:51.000000000,2017-12-01 08:54:36.000000000,closed,1,Formatter for source code
463,2017-11-17 18:34:53.000000000,2017-11-28 22:18:45.000000000,closed,3,vendors compilation script fails on OSX 
462,2017-11-17 04:23:10.000000000,2017-11-17 10:40:28.000000000,closed,2,Is 'sra' operator supported with standards previous than VHDL-08?
461,2017-11-17 03:56:15.000000000,2017-11-19 15:50:04.000000000,closed,3,'with select' with undefined selector gives return value 255 on execution with '--std=08'
460,2017-11-16 04:30:37.000000000,2017-12-12 09:34:47.000000000,closed,9,Should GHDL ship OSVVM as a pre-compiled library?
459,2017-11-15 15:57:15.000000000,2018-11-23 00:45:57.000000000,closed,1,Constraining partial constrained types
458,2017-11-15 03:09:40.000000000,2017-11-15 22:13:12.000000000,closed,5,Attribute 'delayed has a rejection limit
457,2017-11-12 17:23:32.000000000,2018-11-12 02:45:48.000000000,closed,23,PowerShell installation failed
456,2017-11-10 17:51:52.000000000,2017-11-13 10:18:26.000000000,closed,7,Exception CONSTRAINT_ERROR raised (with huge vhd)
455,2017-11-09 04:13:34.000000000,2017-11-09 04:55:04.000000000,closed,5,writeline is deleting the line
454,2017-11-06 02:48:09.000000000,2017-12-14 09:55:59.000000000,closed,1,v0.34 Name of the download files break Caskroom install file
453,2017-11-06 02:17:27.000000000,2018-11-23 00:43:57.000000000,closed,4,ghdl-llvm crash when compiling uvvm
452,2017-11-06 02:12:49.000000000,2017-11-07 22:14:20.000000000,closed,1,typo and minor fix in compile-uvvm.sh
451,2017-11-05 15:20:35.000000000,1970-01-01 00:00:00.000000001,open,2,Argument list in function call should be mandatory
450,2017-10-30 23:16:08.000000000,2017-10-31 09:59:18.000000000,closed,3,Access module in generate statement via VPI
449,2017-10-27 12:36:45.000000000,2017-11-02 08:12:16.000000000,closed,4,Problems with Overload resolution
448,2017-10-27 03:37:09.000000000,2017-10-27 09:30:51.000000000,closed,1,ghdl --clean --workdir=work does not work when std=08
447,2017-10-26 20:21:07.000000000,2017-10-26 21:25:30.000000000,closed,2,Using alias of generic in function leads to violating pure rule for function.
446,2017-10-25 16:17:43.000000000,2017-10-27 09:29:42.000000000,closed,7,"Filename always ends with -obj93.cf, even with std != 93"
445,2017-10-21 14:15:51.000000000,2017-10-21 20:47:26.000000000,closed,5,Install both gcc and llvm versions of ghdl
444,2017-10-20 11:58:12.000000000,2017-10-27 09:31:08.000000000,closed,2,Consecutive assignments within a process
443,2017-10-19 19:41:29.000000000,2017-10-20 14:27:04.000000000,closed,2,Building with custom gnatmake
442,2017-10-16 19:25:28.000000000,2017-10-17 13:24:27.000000000,closed,4,Malformed GHW VCD files
441,2017-10-16 00:55:37.000000000,2017-10-16 07:06:56.000000000,closed,1,Externally visible generics (bis)
440,2017-10-15 23:49:42.000000000,2018-12-13 10:48:04.000000000,closed,13,Externally visible generics
439,2017-10-15 23:44:09.000000000,2017-10-16 07:07:08.000000000,closed,2,Overloaded generics
438,2017-10-12 15:08:39.000000000,2018-12-18 21:35:07.000000000,closed,1,Show generic values in vcd / ghw file
437,2017-10-11 19:33:32.000000000,2017-10-22 22:46:23.000000000,closed,1,Compiling GHDL in debian Strech 9.1 and gcc 6.4
436,2017-10-09 15:31:12.000000000,2019-08-11 12:14:47.000000000,closed,2,Add dummy UPF package
435,2017-10-08 01:17:15.000000000,2017-10-08 06:20:56.000000000,closed,4,freehdl or ghdl
434,2017-10-07 19:03:21.000000000,2018-05-30 16:40:39.000000000,closed,0,Tidy up translation.adb
433,2017-10-06 18:34:56.000000000,2017-10-06 22:45:32.000000000,closed,1,Support LLVM 5.0
432,2017-10-06 01:18:26.000000000,2017-10-07 02:51:39.000000000,closed,1,#26. This time I hope...
431,2017-10-06 00:56:20.000000000,2017-10-06 01:06:17.000000000,closed,0,#26 after (I hope) rebasing...
430,2017-10-05 23:38:55.000000000,1970-01-01 00:00:00.000000001,open,6,Instance Selection when in a For Generate Loop for signal selection 
429,2017-10-05 22:27:38.000000000,2017-10-06 00:18:41.000000000,closed,1,#26 revisited
428,2017-10-04 21:44:04.000000000,2017-10-05 08:17:54.000000000,closed,1,Tentative fix for #355
427,2017-10-03 20:58:24.000000000,2017-10-04 15:12:46.000000000,closed,4,Bug: rising_edge() does not work.
426,2017-10-03 20:01:23.000000000,2017-10-04 21:31:41.000000000,closed,3,Tentative fixes for issues #355 and #425
425,2017-10-03 16:06:42.000000000,2017-10-04 07:18:02.000000000,closed,1,Issues building with gcc-6.3 backend on Debian.
424,2017-10-02 21:49:13.000000000,2017-10-04 22:48:12.000000000,closed,12,ghdl crashes due to lack of type cast
423,2017-09-29 03:11:49.000000000,2017-09-30 07:03:57.000000000,closed,1,add gen-depends command for dependency file generation
422,2017-09-29 02:11:52.000000000,2017-09-29 09:38:01.000000000,closed,4,ghdl -e error
421,2017-09-28 20:00:29.000000000,2017-10-05 08:19:46.000000000,closed,7,Registry update failed.
420,2017-09-28 13:40:22.000000000,2017-09-28 18:28:39.000000000,closed,2,Bug Report nodes.adb:410 index check failed
419,2017-09-27 21:19:44.000000000,2017-09-28 05:48:37.000000000,closed,1,ASSERT_FAILURE iirs.adb:138
418,2017-09-27 20:35:04.000000000,2017-11-01 09:26:17.000000000,closed,9,Problem with ghw
417,2017-09-27 20:34:39.000000000,2017-10-05 08:20:15.000000000,closed,3,GTKWAVE problem with array's of std_logic_vector
416,2017-09-20 23:36:43.000000000,2019-07-02 08:41:24.000000000,closed,8,"Should GHDL offer a ""Language-Server-Protocol"" interface?"
415,2017-09-18 13:07:34.000000000,2020-08-08 19:45:46.000000000,closed,10,"""signal_force"" equivalent for GHDL"
414,2017-09-14 20:29:05.000000000,2017-09-14 22:27:16.000000000,closed,1,Update BUILD.txt
413,2017-09-13 02:26:18.000000000,2017-09-13 08:00:21.000000000,closed,2,Crash on access of element of invalid alias
412,2017-09-13 00:53:54.000000000,1970-01-01 00:00:00.000000001,open,5,Crash on type generic
411,2017-09-12 17:27:07.000000000,1970-01-01 00:00:00.000000001,open,7,"VHDL 2008, Library commands don't seem to work "
410,2017-09-09 16:33:21.000000000,2017-10-22 22:52:16.000000000,closed,1,UVVM compilation error on Centos
409,2017-09-08 22:36:43.000000000,2017-09-09 00:27:52.000000000,closed,4,uvvm compile scripts
408,2017-09-07 18:01:09.000000000,2017-09-15 07:48:53.000000000,closed,2,elaboration error on Centos 7
407,2017-09-06 05:42:39.000000000,2017-09-06 07:28:24.000000000,closed,2,"Crash on report statement in empty process with sensitivity ""all"""
406,2017-09-03 16:50:22.000000000,2017-09-04 06:22:09.000000000,closed,0,Exception raised trying to use simple generic package
405,2017-09-02 14:08:47.000000000,1970-01-01 00:00:00.000000001,open,5,Report for VHDL assertions like the --psl-report option for PSL
404,2017-08-31 16:27:30.000000000,2017-09-03 13:41:31.000000000,closed,4,UVVM NULL access dereferenced
403,2017-08-29 14:09:39.000000000,2017-09-04 05:58:58.000000000,closed,6,Time precision for VPI interface
402,2017-08-25 13:47:46.000000000,2017-09-04 06:23:23.000000000,closed,8,Defining operators for protected types
401,2017-08-23 23:57:24.000000000,2017-08-25 07:23:57.000000000,closed,2,Building GHDL for Darwin on Travis-CI
400,2017-08-23 00:29:10.000000000,2017-08-25 07:22:29.000000000,closed,5,sem_name_soft: cannot handle IIR_KIND_SELECTED_NAME
399,2017-08-15 13:38:33.000000000,2017-08-15 15:28:14.000000000,closed,13,Elaboration fails with undefined reference to __gnat_last_chance_handler (and others)
398,2017-08-15 00:06:23.000000000,2017-08-15 11:17:42.000000000,closed,3,universal expressions?
397,2017-08-05 18:56:14.000000000,2017-08-16 10:08:06.000000000,closed,1,Field access on function returning record causes crash when identically named procedure is present.
396,2017-08-01 15:19:21.000000000,2017-08-16 10:32:38.000000000,closed,5,Secureip compiled into a seperate library
395,2017-08-01 00:13:15.000000000,2017-08-03 16:51:03.000000000,closed,7,create_list_of_types: cannot handle IIR_KIND_SLICE_NAME
394,2017-07-29 00:07:58.000000000,2017-08-30 07:37:40.000000000,closed,11,"GHDL output unsynchronized between report and write(OUTPUT, str)"
393,2017-07-28 19:25:00.000000000,2017-07-29 08:29:13.000000000,closed,2,Improved build and pre-compile scripts
392,2017-07-26 22:12:33.000000000,2017-07-29 17:47:59.000000000,closed,7,Big arrays
391,2017-07-25 18:57:03.000000000,2017-08-16 10:34:13.000000000,closed,3,Exception CONSTRAINT_ERROR raised
390,2017-07-24 20:04:17.000000000,2017-08-16 10:34:30.000000000,closed,1,Register Simulation Error
389,2017-07-22 17:51:44.000000000,2017-07-23 19:47:12.000000000,closed,0,sem_parenthesis_name: cannot handle IIR_KIND_ENUMERATION_LITERAL
388,2017-07-22 17:15:51.000000000,2017-07-23 19:47:12.000000000,closed,3,Homographs in same declarative region
387,2017-07-21 15:58:39.000000000,2017-07-23 19:47:12.000000000,closed,0,GHDL Bug occured
386,2017-07-20 02:08:29.000000000,2017-08-16 10:35:08.000000000,closed,7,Performance speed up
385,2017-07-17 21:02:12.000000000,2017-07-20 20:51:18.000000000,closed,17,Question: Compile time code generation of packages for faster startup time?
384,2017-07-12 19:58:48.000000000,2017-07-14 19:42:17.000000000,closed,1,ICE on std.textio
383,2017-07-12 15:10:50.000000000,2017-07-14 20:23:42.000000000,closed,3,Exception Constraint error and library warnings
382,2017-07-09 21:12:22.000000000,2017-07-14 19:42:17.000000000,closed,7,no output binaries and error trying -r
381,2017-07-08 05:49:51.000000000,2018-04-06 09:41:04.000000000,closed,5,No field Enum_Pos
380,2017-07-04 20:12:23.000000000,2017-10-29 12:57:09.000000000,closed,7,Error compiling UVVM
379,2017-07-02 23:49:18.000000000,2017-09-25 20:34:15.000000000,closed,1,raised TYPES.INTERNAL_ERROR : sem_assocs.adb:2476
378,2017-07-02 18:55:33.000000000,2017-07-15 13:00:10.000000000,closed,8,Exception CONSTRAINT_ERROR raised
377,2017-06-30 20:49:49.000000000,2019-05-15 00:09:19.000000000,closed,30,Debian Stretch package 
376,2017-06-27 13:14:22.000000000,2017-06-29 20:54:12.000000000,closed,1,Compilation failure when using aliases
375,2017-06-27 12:05:08.000000000,2017-06-29 20:54:11.000000000,closed,0,Elaboration of conditional assignment in process(all) fails
374,2017-06-26 13:06:13.000000000,2017-06-27 20:49:22.000000000,closed,1,Crash when min() used in range declaration
373,2017-06-22 22:32:17.000000000,2017-06-29 20:54:11.000000000,closed,17,is_valid_conversion(2): cannot handle IIR_KIND_INTERFACE_SIGNAL_DECLARATION
372,2017-06-20 06:31:34.000000000,2017-06-21 20:54:35.000000000,closed,2,Error when creating array of zero-width std_logic_vector
371,2017-06-19 19:54:43.000000000,2017-06-23 10:05:44.000000000,closed,2,Handling of string in ghw and gtkwave
370,2017-06-18 23:51:16.000000000,2017-06-21 20:54:35.000000000,closed,2,Loading AXILite BFM package from UVVM causes an exception
369,2017-06-18 18:42:03.000000000,2017-06-19 20:55:51.000000000,closed,0,raised CONSTRAINT_ERROR : nodes.adb:120 index check failed
368,2017-06-08 23:56:11.000000000,2017-06-14 20:35:09.000000000,closed,1,"Overflow for reals, infinite loop when calling real'image"
367,2017-06-05 19:35:53.000000000,2017-06-06 22:04:28.000000000,closed,1,attribute of an attribute crashes
366,2017-06-04 00:35:12.000000000,2017-06-04 23:05:04.000000000,closed,1,GCC 7.1 build issues
365,2017-06-02 01:34:26.000000000,2017-06-18 20:49:37.000000000,closed,6,MinGW64 + LLVM build failed on AppVeyor
364,2017-06-02 01:28:07.000000000,2017-06-14 07:35:25.000000000,closed,1,"Failing AppVeyor tests, but positive CI result"
363,2017-06-01 15:14:12.000000000,2017-09-18 16:09:00.000000000,closed,2,Vendor library compile script failing if no output path is set (Power shell)
362,2017-05-31 23:23:01.000000000,2017-06-12 22:08:17.000000000,closed,5,"configure script aborts in MinGW, while comparing `srcdir`"
361,2017-05-31 01:53:23.000000000,2017-06-18 20:49:37.000000000,closed,0,Loading AXIStream BFM package from UVVM causes an exception
360,2017-05-30 00:23:58.000000000,2017-06-14 20:35:09.000000000,closed,1,trans-chap9.adb:1589:62: warning: others choice is redundant
359,2017-05-30 00:16:38.000000000,2017-05-30 20:37:26.000000000,closed,1,./configure requires root privileges
358,2017-05-29 07:17:49.000000000,2018-12-12 10:43:53.000000000,closed,0,ghdl-discuss@gna.org is down -> use github
357,2017-05-27 20:28:45.000000000,2017-05-28 21:16:35.000000000,closed,3,Parameter --stop-time does not have any effect
356,2017-05-27 19:28:13.000000000,2017-10-22 22:54:16.000000000,closed,7,"Concurrent selected signal assignment fails with ""type mark is not a locally static subtype"""
355,2017-05-26 01:14:32.000000000,1970-01-01 00:00:00.000000001,open,3,Building GHDL with LLVM backend and libbacktrace gives build error
354,2017-05-26 01:05:11.000000000,2017-06-18 09:45:46.000000000,closed,2,Repeated calls to make cause many targets to recompile unnecessarily
353,2017-05-23 12:03:46.000000000,2018-03-14 09:19:58.000000000,closed,5,Vunit compile script compile-vunit.sh error
352,2017-05-21 20:10:37.000000000,2017-05-24 21:02:28.000000000,closed,8,GHDL with LLVM backend: std_standard.o does not get installed by make install
351,2017-05-21 15:19:52.000000000,2017-05-22 22:05:59.000000000,closed,1,"GHDL Bug occurred ""cannot handle IIR_KIND_RANGE_EXPRESSION"""
350,2017-05-20 02:35:25.000000000,2017-05-20 07:25:51.000000000,closed,4,Compilation of ghdl using GNAT GPL 2016 fails on OS X 10.11.6 El Capitan
349,2017-05-18 16:23:32.000000000,2017-05-22 22:05:59.000000000,closed,6,"""error: NULL access dereferenced"" at t=0 ps on recent OSVVM package..."
348,2017-05-17 19:08:27.000000000,2017-05-19 09:55:34.000000000,closed,2,Checkpoint during simulation
347,2017-05-14 04:46:05.000000000,2017-05-14 08:22:33.000000000,closed,0,Fix PowerShell based build flow
346,2017-05-12 14:28:31.000000000,2017-05-22 22:06:56.000000000,closed,8,Strange gcov result
345,2017-05-11 02:52:28.000000000,2017-05-11 20:44:12.000000000,closed,2,Reading out parameters in procedures is not supported
344,2017-05-09 22:59:25.000000000,2017-05-11 08:09:30.000000000,closed,6,libghdlsynth.so fails to build on Ubuntu 14.04 and Arch Linux
343,2017-05-09 18:39:48.000000000,2017-05-22 08:27:48.000000000,closed,6,Compiling UVVM with compile-uvvm.sh failed
342,2017-05-09 05:35:08.000000000,2017-05-09 08:08:56.000000000,closed,2,work and the current primary unit
341,2017-05-07 14:19:52.000000000,2017-05-08 01:15:46.000000000,closed,4,raised CONSTRAINT_ERROR : trans.adb:1357 access check failed
340,2017-05-05 23:05:22.000000000,1970-01-01 00:00:00.000000001,open,5,Aliases and homographs
339,2017-04-30 05:26:05.000000000,2019-01-03 10:01:54.000000000,closed,8,Using arrays of unresolved types cause error during simulation
338,2017-04-29 01:23:08.000000000,2017-05-06 10:57:51.000000000,closed,1,Add -H to ghwdump to dump full pathnames of signals
337,2017-04-19 20:16:16.000000000,2017-04-19 21:01:52.000000000,closed,1,Fix spelling error: declarared => declared
336,2017-04-17 00:15:56.000000000,2017-04-18 08:48:02.000000000,closed,0,Move skip flags to own arry in ghwlib + indent new code to indigenous style
335,2017-04-16 10:04:58.000000000,2017-04-16 10:24:36.000000000,closed,3,ghdl:error: overflow detected without explanation
334,2017-04-15 22:36:35.000000000,2017-04-16 10:11:13.000000000,closed,4,Add mechanism to restrict signals dumped by ghwdump
333,2017-04-12 14:55:39.000000000,2017-05-19 22:54:03.000000000,closed,4,Silent overflow between physical types (64 bit integer) and Natural (32 bit integer)
332,2017-04-09 09:37:18.000000000,2017-06-09 20:43:32.000000000,closed,2,Generation of .GHW Fails with UVVM on module IRQC
331,2017-04-07 06:53:02.000000000,2017-04-08 04:36:32.000000000,closed,3,"GHDL with musl: libbacktrace, libunwind, pthread..."
330,2017-04-06 20:40:03.000000000,2017-10-30 09:34:20.000000000,closed,7,Compilation of Vendor Libraries Powershell Scripts Fail
329,2017-04-05 14:31:10.000000000,2017-04-05 20:51:35.000000000,closed,5,"Compiler errors include colour escape codes, even when output is not to a tty"
328,2017-04-03 18:36:34.000000000,2017-05-10 21:11:59.000000000,closed,1,UVVM IRQC Testbench Simulation fails with GHDL due to XX's
327,2017-03-31 01:11:30.000000000,2017-04-04 06:29:55.000000000,closed,4,Exception CONSTRAINT_ERROR raised
326,2017-03-27 15:02:49.000000000,2017-03-28 20:57:01.000000000,closed,3,VHDL2008: output port in sensitivity list
325,2017-03-27 12:31:50.000000000,2017-03-29 05:37:17.000000000,closed,2,Error with ftabstop and options.c
324,2017-03-27 00:30:38.000000000,2017-03-27 10:33:17.000000000,closed,4,ubuntu 16.10 gnatlink-5 fail
323,2017-03-24 12:08:47.000000000,2017-04-04 20:35:58.000000000,closed,11,[RFE] support LLVM 4.x
322,2017-03-24 03:19:56.000000000,2017-04-12 14:45:03.000000000,closed,13,GHDL Bug Occurred
321,2017-03-16 15:41:04.000000000,2017-03-17 00:39:03.000000000,closed,1,types internal error in package
320,2017-03-15 10:28:27.000000000,2017-03-17 00:08:47.000000000,closed,0,Predefined attribute evaluating function call fails with no parameters
319,2017-03-13 08:06:53.000000000,2017-03-13 23:21:37.000000000,closed,2,How to run ghdl-0.34-dev-ming64-mcode without MinGW64?
318,2017-03-13 06:01:27.000000000,2017-06-18 09:47:48.000000000,closed,7,How to run ghdl-0.34-dev-mingw64-llvm without MinGW64?
317,2017-03-10 07:03:23.000000000,2017-05-19 22:55:00.000000000,closed,2,"Exception caused, while running PoC.sort.sortnet.* testbenches."
316,2017-03-10 06:37:59.000000000,2017-03-14 21:45:54.000000000,closed,0,use work.UninstantiatedPackage causes GHDL crash
315,2017-03-10 06:16:10.000000000,2017-03-11 11:11:57.000000000,closed,7,Can't assign integer literal to a constant created from a generic type
314,2017-03-10 06:06:56.000000000,2017-03-14 21:45:54.000000000,closed,1,Column numbers in error messages are based on 8-character tabs
313,2017-03-10 05:59:05.000000000,1970-01-01 00:00:00.000000001,open,1,Unspecific error message
312,2017-03-10 05:51:10.000000000,2017-03-14 21:45:54.000000000,closed,1,"Improve error message for expected identifier, found keyword"
311,2017-03-10 05:40:47.000000000,1970-01-01 00:00:00.000000001,open,1,Interface subprogram declarations don't support interface subprogram defaults.
310,2017-03-07 00:15:21.000000000,2017-03-14 21:45:54.000000000,closed,3,uninstantiated package declaration type declaration depending on generic analysis fails
309,2017-03-06 11:07:29.000000000,2017-03-10 00:43:21.000000000,closed,1,Empty File Causes CONSTRAINT_ERROR  range check failed Exception
308,2017-03-06 06:20:11.000000000,2017-08-27 10:01:44.000000000,closed,1,Generic fancy ZIP/TGZ shields
307,2017-03-05 18:02:19.000000000,2017-03-05 22:22:01.000000000,closed,0,Precompile UVVM: Added ti_uvvm_engine to library uvvm_vvc_framework.
306,2017-03-05 17:57:07.000000000,2017-03-05 22:15:46.000000000,closed,0,Fixed file overwrite problem.
305,2017-03-05 10:37:54.000000000,2017-03-05 12:37:29.000000000,closed,0,Self-extracting PowerShell scripts as an installer alternative.
304,2017-03-05 03:30:55.000000000,1970-01-01 00:00:00.000000001,open,0,Precompile: Differentiate Diamond versions and available device families
303,2017-03-05 03:25:41.000000000,2018-07-02 09:40:01.000000000,closed,0,Precompile: Differentiate Quartus versions and available device families.
302,2017-03-05 02:48:34.000000000,1970-01-01 00:00:00.000000001,open,0,Package an installer file into the created ZIP file for Windows builds.
301,2017-03-02 06:53:31.000000000,2017-06-12 22:08:17.000000000,closed,3,GHDL internal error with signed generic
300,2017-03-02 04:46:20.000000000,2017-03-10 00:43:21.000000000,closed,3,type converted actual in port map doesn't get actual's initial value
299,2017-03-01 12:31:20.000000000,2017-03-02 00:27:27.000000000,closed,1,[new-doc] ch. 2 GHDL Usage
298,2017-03-01 07:59:46.000000000,2017-03-02 23:54:59.000000000,closed,0,New tagged release
297,2017-02-27 09:53:25.000000000,2017-03-01 12:01:00.000000000,closed,29,Improve Travis-CI/Docker scripts
296,2017-02-25 07:48:35.000000000,2017-03-01 13:19:36.000000000,closed,15,New documentation structure: ch. GHDL Usage
295,2017-02-24 00:58:29.000000000,2017-02-24 10:47:03.000000000,closed,3,Failing on denormal/subnormal floating point numbers
294,2017-02-21 11:24:36.000000000,2017-02-22 10:03:14.000000000,closed,5,New documentation structure: ch. Introduction
293,2017-02-20 15:28:25.000000000,2017-02-24 22:47:11.000000000,closed,8,Alias problem
292,2017-02-20 10:44:34.000000000,2017-02-22 22:40:37.000000000,closed,1,Make `configure` select the right ortho-lang.c according to the gcc version
291,2017-02-19 04:46:01.000000000,2017-06-14 08:32:52.000000000,closed,8,Compiling GHDL with GCC backend in MinGW on Windows doesn't recognize VHDL as a new language.
290,2017-02-19 04:04:40.000000000,2017-02-24 22:47:11.000000000,closed,0,GHDL exception caused while testing 'PATH_NAME and 'INSTANCE_NAME.
289,2017-02-19 02:44:17.000000000,2017-02-26 19:40:00.000000000,closed,3,ANSI color escape codes are shown on Windows consoles.
288,2017-02-18 11:00:26.000000000,2017-08-16 10:31:47.000000000,closed,10,Implemented an AppVeyor flow to build GHDL with GCC backend on Windows with MinGW64.
287,2017-02-18 08:42:26.000000000,2017-02-18 10:29:53.000000000,closed,0,Fix #221
286,2017-02-17 22:07:12.000000000,1970-01-01 00:00:00.000000001,open,3,Code coverage with LLVM backend
285,2017-02-17 08:58:53.000000000,2017-02-17 10:19:33.000000000,closed,1,Fixed Windows compile flow (PowerShell scripts) for GHDL and library compilations.
284,2017-02-17 08:49:01.000000000,2017-02-17 10:51:03.000000000,closed,3,A missing file causes an exception in bootstrap mode
283,2017-02-15 21:03:57.000000000,2017-06-09 20:41:58.000000000,closed,2,CONSTRAINT_ERROR when using VPI and generate statements
282,2017-02-15 01:57:38.000000000,2017-02-15 02:10:28.000000000,closed,2,Possible to get list of all instances with elaborated generic parameters?
281,2017-02-15 00:16:33.000000000,2017-06-09 20:41:57.000000000,closed,5,Constraint error when running cocotb endian_swapper example
280,2017-02-14 03:19:11.000000000,2017-12-10 16:02:06.000000000,closed,39,Integrate build instructions into the GHDL documentation
279,2017-02-12 06:56:48.000000000,2017-02-12 07:15:31.000000000,closed,2,Which content in `dist` is used on GNU/Linux?
278,2017-02-12 05:05:05.000000000,2017-02-12 10:43:06.000000000,closed,5,bad type conversion caused crash
277,2017-02-11 22:53:40.000000000,2017-02-12 12:20:40.000000000,closed,2,Extract tag declarations from <travis-ci.sh>. Rename it to <buildtestâ€¦
276,2017-02-11 01:47:38.000000000,2017-02-11 01:49:40.000000000,closed,1,Avoid problems from not using quotes in shell script.
275,2017-02-11 01:34:32.000000000,2017-02-11 01:36:45.000000000,closed,2,target install.libghdlsynth added
274,2017-02-10 15:53:43.000000000,2017-02-10 22:51:48.000000000,closed,1,<src/version.ads> is not present. However <src/version.in> exists.
273,2017-02-09 21:53:08.000000000,2017-02-26 19:40:00.000000000,closed,4,Analysis Crashes on Taking Second-Level Attributes of Array Subtype
272,2017-02-09 11:03:09.000000000,2017-02-14 23:13:00.000000000,closed,9,Replace travis-ci matrix with docker containers
271,2017-02-09 06:40:15.000000000,2017-02-09 10:16:51.000000000,closed,0,Allow not to pass `$BLD` as argument to <travis-ci.sh>
270,2017-02-07 14:31:15.000000000,2017-02-24 22:47:48.000000000,closed,3,Dockerizing GHDL as a step towards the libre and portable VHDL design framework
269,2017-02-02 18:11:12.000000000,2017-02-06 14:48:33.000000000,closed,2,Why not to return non-zero exit code on testbench executing fails?
268,2017-02-02 16:38:21.000000000,2018-07-27 22:31:56.000000000,closed,3,VCD missing top $scope 
267,2017-02-01 19:16:38.000000000,2017-02-15 17:57:12.000000000,closed,7,gcov breaking
266,2017-01-30 01:16:49.000000000,2017-02-15 17:57:26.000000000,closed,3,Why does `-i` not return non-zero on error?
265,2017-01-28 05:48:35.000000000,2019-11-25 10:55:45.000000000,closed,3,Exception caused while playing with conversion functions in port maps
264,2017-01-28 05:30:10.000000000,2019-11-25 10:51:41.000000000,closed,2,False error message for unresolved INOUT port
263,2017-01-24 05:06:18.000000000,2017-01-24 12:56:48.000000000,closed,2,ASSERT FAILURE EXCEPTION
262,2017-01-22 04:25:43.000000000,2017-01-24 18:43:07.000000000,closed,4,Asserts on ?= and ?/= with Don't Cares 
261,2017-01-21 19:27:05.000000000,2017-01-23 22:46:02.000000000,closed,3,Attribute 'subtype causes exception
260,2017-01-17 22:51:42.000000000,2017-01-18 13:56:09.000000000,closed,5,Fixed point package rounding pitfall
259,2017-01-17 21:47:26.000000000,2017-01-18 22:37:17.000000000,closed,1,Failure to analyse conditional assignment in process :  lists.adb - index check failed
258,2017-01-17 21:02:57.000000000,2017-01-21 17:52:30.000000000,closed,2,Different Overflow Behavior when Using Literals or Variables in Expression
257,2017-01-17 14:57:52.000000000,2017-01-18 22:37:17.000000000,closed,1,Hard Elaboration Crash on MINIMUM over Array Function Call
256,2017-01-15 16:09:18.000000000,2017-01-17 21:05:04.000000000,closed,11,Legality of concurrent Assert involving 'delayed'last_event 
255,2017-01-12 03:21:00.000000000,2017-01-12 11:50:10.000000000,closed,1,Missing bound check failure for user defined integer
254,2017-01-12 03:10:26.000000000,2017-01-15 11:13:56.000000000,closed,0,Attribute IMAGE causes GHDL exception for new integer type with more then 32 bit
253,2017-01-12 02:57:35.000000000,2017-01-15 11:13:57.000000000,closed,0,Attribute 'subtype does not work
252,2017-01-07 02:24:50.000000000,2017-01-15 12:03:17.000000000,closed,0,Request: Support PSL next_event operator
251,2017-01-06 00:44:51.000000000,2017-01-06 09:50:21.000000000,closed,1,removing PSL coverage hit default report
250,2017-01-05 01:24:55.000000000,1970-01-01 00:00:00.000000001,open,10,Request: PSL 'forall' support.
249,2017-01-05 00:12:09.000000000,2017-01-05 00:22:25.000000000,closed,1,"make fails on RHEL (mcode, disp_vhdl.adb error)"
248,2017-01-03 19:04:05.000000000,2017-01-05 00:23:57.000000000,closed,2,./configure does not complain about missing zlib.h
247,2017-01-02 20:52:28.000000000,2018-12-06 16:32:18.000000000,closed,4,GHDL interprets VITAL warning as error for Altera library [2008] no-vital-checks
246,2016-12-30 16:46:02.000000000,1970-01-01 00:00:00.000000001,open,0,Winbuild.ps1: Installing GHDL into an existing directory gives an error  while writing InstallDir.conf.
245,2016-12-28 21:15:29.000000000,1970-01-01 00:00:00.000000001,open,0,Allowing parameters for PSL sequences & properties
239,2016-12-20 06:48:01.000000000,2016-12-20 08:36:55.000000000,closed,0,Paebbels/appveyor
238,2016-12-20 02:59:09.000000000,2017-06-18 23:02:06.000000000,closed,6,GHDL bug on unconstrained records
237,2016-12-20 02:25:34.000000000,1970-01-01 00:00:00.000000001,open,16,Array support in VPI
236,2016-12-19 23:16:52.000000000,2016-12-21 00:27:29.000000000,closed,0,Jonsba/signals selection
231,2016-12-19 08:22:20.000000000,2016-12-19 08:44:12.000000000,closed,0,Paebbels/appveyor
230,2016-12-17 20:14:16.000000000,2016-12-17 21:32:34.000000000,closed,0,Paebbels/appveyor
229,2016-12-16 14:05:03.000000000,2016-12-17 11:21:25.000000000,closed,5,VHDL 2008 and cocotb?
228,2016-12-15 22:53:56.000000000,2017-01-06 09:50:21.000000000,closed,3,remove note for PSL coverage ?
225,2016-12-15 01:39:24.000000000,2016-12-17 00:54:14.000000000,closed,2,"regression, function call in port association"
224,2016-12-12 22:29:53.000000000,2017-01-13 18:44:36.000000000,closed,11,--read-wave-opt first element of the path not found in design
222,2016-12-11 21:41:06.000000000,2016-12-17 11:23:04.000000000,closed,7,Logging sim output to a file
221,2016-12-11 11:51:18.000000000,2017-02-18 10:29:54.000000000,closed,0,doc: extract version from version.in (if not in git)
220,2016-12-11 09:36:53.000000000,2016-12-11 21:15:58.000000000,closed,19,The fPIC problem is still present when build with LLVM-3.8
219,2016-12-11 03:06:06.000000000,2016-12-11 11:21:57.000000000,closed,0,Updated pre-compile script for UVVM.
218,2016-12-11 02:20:31.000000000,2016-12-11 11:21:14.000000000,closed,0,Updated compile order in compile-osvvm.* files.
217,2016-12-11 01:54:00.000000000,2016-12-11 11:19:54.000000000,closed,23,Get documentation version from latest Git tag.
215,2016-12-07 19:21:46.000000000,2016-12-08 01:32:45.000000000,closed,1,Fix spelling in error message
214,2016-12-05 19:13:23.000000000,2016-12-08 01:33:29.000000000,closed,4,This fixes issue #213.
213,2016-12-03 00:01:45.000000000,2016-12-08 01:30:16.000000000,closed,10,Has GCCs -fPIC behavior changed?
211,2016-11-30 15:42:46.000000000,2016-12-06 01:02:51.000000000,closed,3,VCD replay
210,2016-11-29 17:24:38.000000000,2016-12-06 00:10:20.000000000,closed,6,BUILD.txt correction
209,2016-11-24 00:20:39.000000000,2016-11-24 00:28:47.000000000,closed,3,New type defined in package: cant use operator &
208,2016-11-19 12:59:09.000000000,2016-11-19 14:46:24.000000000,closed,0,Corrected named location of ./configure.
207,2016-11-18 12:05:16.000000000,2016-11-24 00:35:56.000000000,closed,9,ghdl 0.33 for Linux x86_64 do not support overload of procedures
206,2016-11-16 13:50:14.000000000,2016-11-17 00:35:00.000000000,closed,1,implement vpi_free_object
205,2016-11-15 03:41:57.000000000,2016-12-08 22:38:55.000000000,closed,7,A operator symbol as a generic function parameter is not yet allowed in a package.
204,2016-11-15 02:43:36.000000000,2016-12-10 01:08:25.000000000,closed,2,"Warning: pure function ""inside"" cannot call (impure) interface function ""="""
203,2016-11-14 09:30:38.000000000,2016-11-24 00:36:39.000000000,closed,3,Function parameter in package instantiation: Signature not allowed in expression.
202,2016-11-14 07:29:09.000000000,2016-12-11 17:14:08.000000000,closed,1,GHDL simulation prints an undefined symbol message
201,2016-11-14 06:38:46.000000000,2016-12-09 00:53:06.000000000,closed,2,GHDL exception while parsing a generic package with constrained type parameters
200,2016-11-12 09:46:16.000000000,2017-03-02 22:40:11.000000000,closed,6,Does GHDLs documentation provide an intersphinx file?
199,2016-11-11 06:13:09.000000000,2016-11-12 17:11:52.000000000,closed,2,"Question: body of package ""..."" was never analyzed"
198,2016-11-10 23:53:17.000000000,2016-11-11 13:40:57.000000000,closed,0,Bugfixes for compile-xilinx-***.sh scripts.
197,2016-11-10 08:12:00.000000000,2016-11-12 17:11:52.000000000,closed,1,Exception: While parsing OSVVM's new scoreboards.
196,2016-11-10 08:04:28.000000000,2016-11-10 11:51:28.000000000,closed,0,Added OSVVM's new Scoreboards to the file list in compile-osvvm.ps1/sh.
195,2016-11-10 07:42:37.000000000,2016-12-09 00:54:12.000000000,closed,5,Exception: While analyzing 'axilite_bfm_pkg.vhd' from UVVM.
194,2016-11-10 07:36:23.000000000,2016-11-10 11:51:06.000000000,closed,0,Implemented vendor compile script for UVVM (Bash).
193,2016-11-10 06:25:17.000000000,2016-12-09 06:40:22.000000000,closed,6,Vendor compile script for UVVM
192,2016-11-10 06:06:25.000000000,2016-11-10 11:49:56.000000000,closed,0,Reactivated missing SuppressWarnings flag again.
191,2016-11-10 03:05:33.000000000,2017-06-22 08:12:04.000000000,closed,3,'others' choice not allowed for an aggregate in this context
190,2016-11-10 01:46:35.000000000,2017-10-22 22:59:21.000000000,closed,3,Object subtype is not locally static
189,2016-11-09 11:52:31.000000000,2016-11-09 11:53:24.000000000,closed,0,Add a Gitter chat badge to README.md
188,2016-11-08 15:17:57.000000000,2016-11-09 11:54:12.000000000,closed,4,Should GHDL have a Gitter room?
187,2016-11-08 08:31:25.000000000,2017-09-05 08:17:07.000000000,closed,0,Unknown option '--read-opt-file'.
186,2016-11-04 23:02:02.000000000,2016-11-08 00:10:14.000000000,closed,3,Win32.c quickfix for mingw64 llvm.
185,2016-11-04 19:40:49.000000000,2016-11-05 16:26:13.000000000,closed,0,Minor fixes
184,2016-11-02 16:29:06.000000000,2016-11-02 20:32:25.000000000,closed,0,Support added for * and **. Current version set to 1.1
183,2016-11-02 15:18:04.000000000,2017-08-27 10:07:03.000000000,closed,7,Should GHDL get error/warning IDs for filtering?
182,2016-11-02 03:16:44.000000000,2016-11-02 20:32:06.000000000,closed,0,Added verbosity control for vendor compile scripts.
181,2016-10-31 22:30:31.000000000,2017-08-16 10:28:06.000000000,closed,7,Added GHDL's version filter pragmas to std_logic_misc.
180,2016-10-31 21:06:07.000000000,2017-09-04 06:27:29.000000000,closed,0,Synopsys package 'std_logic_misc' is missing for VHDL-2008 with Synopsys flavor.
179,2016-10-31 20:54:46.000000000,2016-11-01 22:23:38.000000000,closed,3,Jonsba/signals selection
178,2016-10-28 01:17:51.000000000,2016-10-30 22:04:44.000000000,closed,0,VendorLib: Added switch to compile XilinxCoreLib for ISE.
177,2016-10-28 00:35:00.000000000,2016-11-01 17:15:49.000000000,closed,4,Make stops on mv with an interactive question.
176,2016-10-26 18:35:53.000000000,2016-11-01 16:16:05.000000000,closed,1,--file-to-xml: Bad output for signal default
175,2016-10-23 23:57:14.000000000,2016-10-30 22:04:31.000000000,closed,0,Winbuild: Fixed Windows build flow after makefile changes.
174,2016-10-20 14:04:07.000000000,2017-03-14 09:33:42.000000000,closed,46,Automated builds for GHDL on Windows
173,2016-10-19 17:40:49.000000000,2016-10-20 20:31:19.000000000,closed,2,GHDL's version name: 0.34dev
172,2016-10-19 12:34:16.000000000,2016-11-10 07:46:02.000000000,closed,2,winbuild
171,2016-10-19 06:01:18.000000000,2016-10-19 22:57:49.000000000,closed,1,winbuild: Fixed add and remove from PATH.
170,2016-10-18 14:10:06.000000000,2016-10-18 20:47:05.000000000,closed,0,"Added support for install into default directory, install into same directory, update and uninstall."
169,2016-10-18 05:55:56.000000000,2016-10-18 20:46:41.000000000,closed,0,Fixed verbosity problem in the Windows build flow.
168,2016-10-18 05:05:53.000000000,2016-10-18 20:48:27.000000000,closed,3,"Missing ""compilation error"" line in GHDL mcode (Windows)"
167,2016-10-17 16:20:23.000000000,2016-10-18 20:41:06.000000000,closed,1,Analyze Error when referencing attributes from generics in port lists.
166,2016-10-15 21:05:41.000000000,2016-10-15 21:05:49.000000000,closed,20,libgnat-4.6 on Ubuntu 16.04
165,2016-10-14 16:19:29.000000000,2016-10-15 09:28:27.000000000,closed,0,Windows Build Flow: Fixed error of premature module unload.
164,2016-10-10 19:45:13.000000000,2016-10-10 22:26:23.000000000,closed,2,Error while analysing unconstrained vectors in records
163,2016-10-10 19:37:10.000000000,2016-10-15 09:26:08.000000000,closed,1,Error while analysing a qualified expresion in combination with an aggregate
162,2016-10-10 16:56:56.000000000,2016-10-15 09:27:33.000000000,closed,9,AMS support
161,2016-10-10 00:20:35.000000000,2016-10-23 09:00:45.000000000,closed,12,more telling ghdl -v output
160,2016-10-09 23:54:49.000000000,2016-10-10 10:30:40.000000000,closed,3,unknown entity at elaboration due to missing --std
159,2016-10-09 23:00:05.000000000,2016-10-11 08:27:16.000000000,closed,1,build procedure with download_prerequisites and --with-gmp=/usr/local doesn't work
158,2016-10-09 00:16:48.000000000,2016-10-11 08:27:34.000000000,closed,2,generate labels lost in ghw wave files (always 'B1')
157,2016-10-08 00:34:01.000000000,2016-10-08 05:55:14.000000000,closed,4,Simplifying build instructions for GCC backend
156,2016-09-28 01:16:33.000000000,2016-09-28 20:52:00.000000000,closed,1,GHDL compile error
155,2016-09-28 00:32:14.000000000,2016-09-28 20:51:47.000000000,closed,1,Process defined in generate body accessing signal in generate clause crashes GHDL
154,2016-09-23 13:23:49.000000000,1970-01-01 00:00:00.000000001,open,14,Feature Request: Step Model from external process
153,2016-09-23 13:17:33.000000000,2016-09-28 22:40:39.000000000,closed,1,Issue when compiling (Worked with 0.31)
152,2016-09-22 15:26:33.000000000,2016-09-23 05:19:57.000000000,closed,5,ghdl 0.33 crashes on VHPI
151,2016-09-21 04:40:44.000000000,2016-10-11 08:30:16.000000000,closed,9,Why is the length of an unconstrained input port not considered static?
150,2016-09-07 20:08:19.000000000,2016-09-12 18:06:10.000000000,closed,7,"concatenation fails with ""bound check failure"" during run-time (with std=87)"
149,2016-09-03 11:24:14.000000000,2016-09-04 11:33:20.000000000,closed,5,GHDL with GCC backend as Docker container
148,2016-08-31 13:12:11.000000000,2016-10-11 08:29:54.000000000,closed,4,Wrong dynamic type range checking?
147,2016-08-31 12:58:00.000000000,2016-10-11 08:30:35.000000000,closed,3,"With llvm and gcc backends, `ghdl -r` does not behave as it should"
146,2016-08-31 12:50:48.000000000,2016-09-01 14:52:20.000000000,closed,7,Error in `ghdl --help -r` output
145,2016-08-23 20:28:22.000000000,2016-08-25 05:04:32.000000000,closed,3,Fix synopsys V08 library that was missing std_logic_1164-body.o.
144,2016-08-22 01:54:49.000000000,2016-08-27 10:34:58.000000000,closed,1,Compiler crash on syntax error
143,2016-08-16 11:05:04.000000000,2016-08-26 06:57:02.000000000,closed,10,Conversion of universal_real to real when performing physical units multiplication
142,2016-08-16 08:11:00.000000000,2016-09-23 06:40:02.000000000,closed,18,Cannot open std_logic_vector_1164-body.vhdl
141,2016-08-11 19:34:20.000000000,2016-08-27 10:34:58.000000000,closed,3,VHDL assertion interpreted as if it was PSL
140,2016-08-09 17:48:31.000000000,2016-08-27 10:34:58.000000000,closed,1,Syntax error (using protected procedure) crashes ghdl instead of being correctly diagnosed
139,2016-08-08 04:07:38.000000000,2016-08-25 05:03:43.000000000,closed,1,Reworked compile scripts for Windows.
138,2016-08-07 22:24:31.000000000,2016-08-25 10:09:06.000000000,closed,1,"New documentation section for the ""wave-opt-file"" format."
137,2016-08-05 04:19:52.000000000,1970-01-01 00:00:00.000000001,open,6,GHDL --dir
136,2016-08-05 04:08:50.000000000,2016-08-30 21:01:37.000000000,closed,4,GHDL --xref-html - argument too long
135,2016-08-04 23:30:46.000000000,2016-10-31 20:50:11.000000000,closed,14,"When the wave option file provided as argument doesn't exist, createsâ€¦"
134,2016-08-04 17:56:10.000000000,2016-12-13 01:16:21.000000000,closed,2,abs of the most negative integer is still negative
133,2016-08-04 17:52:20.000000000,2016-09-23 06:40:50.000000000,closed,2,"real used to be implemented with doubles, now appears to be implemented with float"
132,2016-08-04 17:42:50.000000000,2016-09-23 06:41:11.000000000,closed,1,-C is no longer an alias for --mb-comments
131,2016-08-03 17:42:58.000000000,2016-08-03 23:22:00.000000000,closed,3,Jonsba/signals selection
130,2016-08-03 17:30:10.000000000,2016-08-03 17:30:56.000000000,closed,1,Jonsba/signals selection
129,2016-08-02 21:53:25.000000000,2017-09-05 08:18:53.000000000,closed,8,Can't assign to an array type with negative integer bounds any more
128,2016-08-02 17:26:13.000000000,2016-08-03 09:02:50.000000000,closed,1,Jonsba/signals selection pr
127,2016-07-29 05:00:09.000000000,2017-05-30 20:37:27.000000000,closed,4,compiling ghdllib requires pre-installed ghdl
126,2016-07-29 02:55:30.000000000,2016-07-29 17:14:26.000000000,closed,3,Segmentation fault when overloaded implicit operators are on different package.
125,2016-07-27 09:53:31.000000000,2016-07-30 15:29:20.000000000,closed,1,bug related to visibility?
124,2016-07-26 23:31:24.000000000,2016-07-28 10:04:14.000000000,closed,2,Changes in warning/error messages formatting in the Wave_Opt_File pacâ€¦
123,2016-07-25 20:12:00.000000000,2016-07-25 20:56:31.000000000,closed,5,Recursive instantiation of components...
122,2016-07-24 05:56:44.000000000,2016-07-25 20:56:45.000000000,closed,3,ld: cannot find -lz 
121,2016-07-23 10:20:55.000000000,2016-07-26 20:59:08.000000000,closed,3,Adding support for a wave option file that selects signals to be displayed
120,2016-07-23 10:10:38.000000000,2016-07-23 10:18:29.000000000,closed,0,Adding support for a wave option file that selects signals to be dispâ€¦
119,2016-07-22 21:00:59.000000000,2016-07-26 20:55:25.000000000,closed,4,Makefiles changes for $(EXEEXT) - please review.
118,2016-07-21 18:48:45.000000000,2016-07-21 21:12:03.000000000,closed,3,assertion_level oddity
117,2016-07-08 02:23:39.000000000,2016-07-09 21:48:14.000000000,closed,3,"Clean up links, repository-wide"
116,2016-07-07 11:55:59.000000000,2016-07-14 17:46:56.000000000,closed,0,VPI: Missing functions in the thunktable for vpi_register_sim.
115,2016-07-03 22:55:01.000000000,1970-01-01 00:00:00.000000001,open,0,add process instance_name to backtrace; print failed but non-fatal asserts
114,2016-07-03 17:27:59.000000000,2016-07-03 18:02:07.000000000,closed,2,ghdl_llvm: installation problem: ghdl1-llvm@EXEEXT@ not found (OS X)
113,2016-07-03 12:43:20.000000000,2016-07-03 18:33:05.000000000,closed,1,Add a description for the unbuffered option in ghdl -r <exec> --help.
112,2016-07-03 12:22:54.000000000,2016-07-03 12:26:46.000000000,closed,0,Jonsba/master
111,2016-07-02 09:52:29.000000000,2016-07-06 08:30:21.000000000,closed,47,GHDL: a complete VHDL parser
110,2016-07-01 19:39:25.000000000,2016-07-05 21:44:55.000000000,closed,1,GHDL -r doesn't call the generated executable with it's file extension
109,2016-07-01 19:28:38.000000000,2016-07-01 20:47:13.000000000,closed,0,More changes for MinGWxx and LLVm backend
108,2016-06-30 16:20:13.000000000,2016-06-30 21:54:11.000000000,closed,2,A first change set for MinGW32 and MinGW64
107,2016-06-30 12:29:00.000000000,2016-07-02 09:47:43.000000000,closed,7,Assertion failed when instantiate generic package
106,2016-06-30 07:47:41.000000000,2016-07-09 21:54:17.000000000,closed,4,VHDL 2008: elsif/else and case clauses in generate statements
105,2016-06-28 20:48:47.000000000,2016-06-30 22:02:36.000000000,closed,3,Building GHDL (mcode and llvm) with MinGW64 on Windows 7 64 Bit
104,2016-06-28 19:34:32.000000000,2016-07-01 19:42:15.000000000,closed,5,Building GHDL (llvm) with MinGW32 on Windows 7 64 Bit
103,2016-06-28 19:06:57.000000000,2016-08-02 14:57:09.000000000,closed,1,Error message improvement for: unknown option '-P' for command '-a'
102,2016-06-28 19:00:03.000000000,2016-07-03 18:40:50.000000000,closed,4,Building GHDL (mcode) with MinGW32 on Windows 7 64 Bit
101,2016-06-28 18:28:01.000000000,1970-01-01 00:00:00.000000001,open,3,vpiPorts vpiVectorVal
100,2016-06-28 00:49:58.000000000,2016-06-28 06:26:19.000000000,closed,2,Jonsba/master
99,2016-06-27 23:38:26.000000000,2016-06-28 20:52:01.000000000,closed,6,VHDL 2008: generic package
98,2016-06-27 21:14:42.000000000,2016-06-28 20:52:01.000000000,closed,1,GHDL Bug occured Exception CONSTRAINT_ERROR raised
97,2016-06-24 21:04:29.000000000,2016-07-06 17:58:07.000000000,closed,5,Accessing VHDL generics of DUT via VPI (Cocotb)
96,2016-06-24 12:04:42.000000000,2016-06-24 19:17:21.000000000,closed,3,Reworked standard libraries compile flow
95,2016-06-23 20:31:26.000000000,2016-06-24 17:44:38.000000000,closed,1,Added missing Lattice compile script.
94,2016-06-23 19:42:42.000000000,2016-06-24 17:38:40.000000000,closed,7,Synopsys flavor for VHDL-2008
93,2016-06-23 17:39:49.000000000,2016-06-24 17:31:03.000000000,closed,0,Assignment of signal values fails directly after startup via VHPI (Cocotb)
92,2016-06-23 13:41:56.000000000,2016-06-23 13:42:01.000000000,closed,0,Is it possible to do interactive user input simulation and display outputs interactively?
91,2016-06-22 21:21:42.000000000,2016-06-22 23:06:50.000000000,closed,0,Paebbels/compile vendor library
90,2016-06-21 05:22:05.000000000,2016-06-21 05:28:00.000000000,closed,0,Implemented a work around for Mac OS.
89,2016-06-21 04:15:03.000000000,2016-10-31 18:44:15.000000000,closed,3,"Embed vendor library compile scripts into ""monthly build""."
88,2016-06-19 22:46:14.000000000,2016-06-20 09:52:44.000000000,closed,0,Compile scripts: Implemented a default installation directory guessing
87,2016-06-18 19:51:26.000000000,2016-06-28 06:26:19.000000000,closed,8,support for unbuffered output
86,2016-06-17 20:44:35.000000000,2016-07-03 18:39:54.000000000,closed,6,Is it possible to create a new VHDL-2008 flavor with Synopsys extensions in ieee?
85,2016-06-17 20:30:06.000000000,2016-06-22 14:15:00.000000000,closed,14,compile-lattice.sh: unknown option '-o' for command '-a'
84,2016-06-17 06:53:16.000000000,2016-06-22 07:31:38.000000000,closed,1,Embed vendor library compile scripts into binary packages for installation.
83,2016-06-17 06:50:54.000000000,2016-06-22 07:28:12.000000000,closed,5,Embed vendor library compile scripts into makefile for installation.
82,2016-06-17 06:24:53.000000000,2016-06-17 09:39:31.000000000,closed,0,"Reworked vendor library compile scripts for Altera, Lattice and Xilinx as well as OSVVM and VUnit."
81,2016-06-16 18:21:18.000000000,2016-06-16 20:46:28.000000000,closed,1,Typo severals -> several in Invoking doc
80,2016-06-16 18:19:36.000000000,2016-06-16 20:46:08.000000000,closed,0,Document GCC backend needed to generate executables
79,2016-06-16 18:03:44.000000000,2016-06-16 20:45:39.000000000,closed,0,Typo debugger -> debugged in BUILD.txt
78,2016-06-15 21:39:05.000000000,2016-06-15 22:19:05.000000000,closed,1,src/grt/config/jumps.c:29:20: fatal error: signal.h: No such file or directory (Building on OS X 10.11)
77,2016-06-14 21:18:27.000000000,2016-06-14 21:29:15.000000000,closed,1,Typo carray -> carry in full adder example
76,2016-06-13 09:23:30.000000000,2016-06-13 22:09:13.000000000,closed,2,Document bind only (-b) option to make (-m) command from commit 876bf7fea6d.
75,2016-06-07 20:24:38.000000000,2016-06-07 22:54:10.000000000,closed,2,Paebbels/master
74,2016-05-27 16:14:44.000000000,2016-05-28 10:49:12.000000000,closed,1,Update Starting_with_GHDL.rst
73,2016-05-26 14:13:09.000000000,2016-05-28 10:47:57.000000000,closed,3,crash in trans-chap7.adb:827
72,2016-05-25 20:47:12.000000000,2016-05-31 22:48:51.000000000,closed,9,Library use clause with identifier does not work.
71,2016-05-20 22:09:40.000000000,2016-05-28 10:44:53.000000000,closed,14,Big output file with Adesto device library and crash of GtkWave
70,2016-05-13 16:08:39.000000000,2017-02-25 12:00:51.000000000,closed,2,Compiler crashes with string in records (VHDL 2008 only)
69,2016-05-12 19:20:20.000000000,2016-05-18 22:27:08.000000000,closed,3,Compiling with llvm/gcc backend and using VHDL-93/2008 simultanously
68,2016-05-12 11:14:50.000000000,2016-05-24 23:57:15.000000000,closed,13,NULL access dereferenced
67,2016-05-12 11:04:08.000000000,2017-09-04 06:26:38.000000000,closed,3,GHDL shows elaboration error messages at runtime
66,2016-05-10 04:28:30.000000000,1970-01-01 00:00:00.000000001,open,10,Component binding rules
65,2016-05-10 01:28:31.000000000,2016-05-15 14:05:50.000000000,closed,3,From StackOverflow: GHDL --workdir option not working when running simulation
64,2016-05-10 01:17:37.000000000,2016-12-11 21:15:34.000000000,closed,5,Building ghdl with gnat-5 on Travis-CI
63,2016-05-01 14:14:28.000000000,2016-05-15 14:00:57.000000000,closed,10,Set output file name for -a
62,2016-05-01 14:06:14.000000000,2016-05-02 09:57:55.000000000,closed,2,Added Lattice Semiconductor vendor libraries
61,2016-04-25 14:40:28.000000000,2016-06-20 17:41:48.000000000,closed,3,Can't configure with llvm version 3.5.1
60,2016-04-22 03:45:59.000000000,2016-04-29 10:16:11.000000000,closed,10,State of multi core / parallel simulation
59,2016-04-20 20:24:06.000000000,2016-05-03 07:56:25.000000000,closed,3,Implemented a deployment process (GitHub releases) for GHDL.
58,2016-04-20 13:07:05.000000000,1970-01-01 00:00:00.000000001,open,23,Backtrace doesn't work in mcode-x86_64
57,2016-04-20 11:22:26.000000000,2016-05-30 22:50:53.000000000,closed,7,Remove unreferenced entities
56,2016-04-20 01:26:03.000000000,2016-06-15 20:34:21.000000000,closed,11,GHDL 0.34dev crashes when used with cocotb
55,2016-04-19 13:26:30.000000000,1970-01-01 00:00:00.000000001,open,3,Integration of Tool Libraries in Regular Installation Flow & Alternative User Target Directory
54,2016-04-13 19:24:17.000000000,2016-04-13 20:28:44.000000000,closed,2,--ieee option 
53,2016-04-11 20:17:42.000000000,2016-05-02 23:28:26.000000000,closed,1,"""bound check failure"" in parts of code that are unreachable"
52,2016-04-02 16:24:36.000000000,2016-04-03 07:04:08.000000000,closed,13,building instructions for gcc libbacktrace for working with llvm
51,2016-04-02 15:47:32.000000000,2016-04-03 07:01:25.000000000,closed,1,version requirement for gcc libbacktrace for building with llvm
50,2016-04-01 11:59:16.000000000,2016-04-03 14:10:16.000000000,closed,7,GHDL makes me swap
49,2016-04-01 08:51:40.000000000,1970-01-01 00:00:00.000000001,open,22,Really slow analyzing of memories with initialisations
48,2016-03-22 12:06:19.000000000,2016-04-01 23:20:33.000000000,closed,4,Stack overflow (or erroneous memory access)
47,2016-03-18 10:22:21.000000000,2016-03-18 20:08:44.000000000,closed,2,universal integer bound must be numeric literal or attribute using 93 and 02
46,2016-03-09 17:38:30.000000000,2016-03-10 11:50:10.000000000,closed,1,Fix Documentation: Name of Hello World program.
45,2016-03-08 14:11:55.000000000,2016-03-24 00:46:28.000000000,closed,24,Support to evaluate PSL endpoints in VHDL code
44,2016-03-04 20:36:41.000000000,2016-03-26 21:03:29.000000000,closed,4,Unhandled exception for assignment of signed(std_logic_vector(unsigned)) to a part of signed vector
43,2016-02-16 19:38:14.000000000,2016-02-18 01:05:56.000000000,closed,5,Generated process statement crashes with 
42,2016-02-16 05:04:59.000000000,2016-02-19 00:09:51.000000000,closed,2,Exception raised by faulty VHDL code.
41,2016-02-14 02:36:49.000000000,1970-01-01 00:00:00.000000001,open,4,Detect simple recursion
40,2016-02-12 15:19:25.000000000,2016-02-18 01:07:18.000000000,closed,4,GHDL Bug occured: trans-chap4.adb:306
39,2016-02-11 17:51:22.000000000,2016-02-16 20:12:09.000000000,closed,7,Compiling file with --std=08 and --ieee=synopsys
38,2016-02-08 15:49:39.000000000,1970-01-01 00:00:00.000000001,open,2,Using an alias to a protected type's method causes a GHDL exception.
37,2016-02-05 16:22:00.000000000,2016-06-21 05:25:31.000000000,closed,14,"ghdl: unknown option '-Wl,' for command '-e'"
36,2016-02-05 16:14:01.000000000,2016-02-05 21:48:33.000000000,closed,2,Error while compiling
35,2016-02-05 11:43:32.000000000,2016-02-05 16:01:41.000000000,closed,1,Linking of C binary with VHDL binary
34,2016-02-04 00:26:56.000000000,2016-02-04 09:18:40.000000000,closed,0,Updated VUnit URL to new website.
33,2016-02-03 12:56:54.000000000,2016-02-04 09:21:11.000000000,closed,5,'others' choice not allowed for an aggregate in this context
32,2016-02-02 13:20:06.000000000,2017-10-22 23:00:35.000000000,closed,3,Receive error on generic package
31,2016-01-31 05:40:42.000000000,2016-07-03 18:46:22.000000000,closed,21,Another crash report
30,2016-01-29 01:27:44.000000000,2016-01-29 12:02:43.000000000,closed,3,GHDL internal error
29,2016-01-27 19:44:06.000000000,2016-01-28 01:13:47.000000000,closed,1,Dependancy
28,2016-01-26 04:18:14.000000000,2016-02-12 04:37:33.000000000,closed,5,Deep recursion detection
27,2016-01-25 18:28:30.000000000,2016-07-03 18:45:34.000000000,closed,13,Support for x86-64 windows (win32.c)
26,2016-01-24 18:16:27.000000000,2017-10-06 22:45:10.000000000,closed,4,Missing source code line number.
25,2016-01-23 23:34:16.000000000,2016-01-25 23:49:23.000000000,closed,6,TYPES.INTERNAL_ERROR is raised if overlapping physical units are declared.
24,2016-01-19 21:13:15.000000000,1970-01-01 00:00:00.000000001,open,8,Hierarchical names
23,2016-01-19 16:43:43.000000000,2016-01-20 00:06:32.000000000,closed,3,Jumps.c errors when cross native compiling to Mingw
22,2016-01-18 01:38:31.000000000,2016-07-03 18:43:41.000000000,closed,15,How to build ghdl minus libraries?
21,2016-01-08 23:57:13.000000000,2016-07-03 18:42:56.000000000,closed,17,libbacktrace.a not installed with make install
20,2016-01-07 22:22:38.000000000,2017-04-21 21:47:49.000000000,closed,4,"Type Real:  Write, Read, Write produces a different number"
19,2016-01-07 06:19:00.000000000,2016-02-06 00:59:21.000000000,closed,1,Exeeeding 2**31
18,2016-01-06 12:43:44.000000000,2016-01-07 23:52:10.000000000,closed,5,Function overloading vs Indexing
17,2016-01-06 08:26:09.000000000,2016-01-16 17:40:31.000000000,closed,3,conditional assignment in a process not supported
16,2016-01-06 05:52:41.000000000,2016-01-07 10:33:05.000000000,closed,3,Reading a file from within a protected type (file identifier local to pt)
15,2016-01-06 05:00:15.000000000,2016-01-07 23:52:32.000000000,closed,2,Referencing an Alias within a use clause
14,2016-01-06 03:57:56.000000000,2016-01-07 23:52:54.000000000,closed,5,VHDL-2008 Matching Equality Relationals with erroneous warning message
13,2016-01-06 01:47:36.000000000,2016-01-07 10:09:13.000000000,closed,2,Error compiling
12,2016-01-05 00:08:04.000000000,2016-01-07 01:26:53.000000000,closed,1,Is is possible to compile the git-hash or date into the development version?
11,2016-01-03 18:52:15.000000000,2016-01-05 00:27:14.000000000,closed,2,Creating an array of protected types causes a GHDL crash.
10,2016-01-02 23:55:18.000000000,2016-01-13 00:16:26.000000000,closed,7,Why is an unconstrained constant vector in GHDL not considered to be static?
9,2015-12-29 21:38:40.000000000,2015-12-30 18:07:43.000000000,closed,2,GHDL Bug occured on invalid assignment.
8,2015-12-18 22:29:54.000000000,2015-12-20 13:02:14.000000000,closed,8,Problems with parallel invocation of GHDL - GCC backend
7,2015-12-12 21:29:07.000000000,2016-06-20 21:34:59.000000000,closed,4,deb package has not gcc dependency
6,2015-12-07 03:16:03.000000000,2015-12-07 11:37:39.000000000,closed,2,Add bind only option (-b) to make command (-m).
5,2015-12-01 03:01:04.000000000,2015-12-03 08:50:42.000000000,closed,2,Vendor specific library compile scripts for Linux
4,2015-11-30 22:09:21.000000000,2015-12-01 00:43:20.000000000,closed,3,GHDL doesn't set a non-zero return exit value on errors in Linux (gcc backend)
3,2015-11-26 14:41:35.000000000,2015-11-27 01:30:14.000000000,closed,2,gnatlink error on Windows: win32.c:99: undefined reference to `_imp__StackWalk64@36'
2,2015-11-24 21:49:21.000000000,2016-07-03 18:41:17.000000000,closed,13,Recursive instantiation
1,2015-11-21 00:32:19.000000000,2015-11-25 08:21:35.000000000,closed,10,Paebbels/master
