id,created_at,closed_at,state,comments,title
2144,2020-08-27 00:36:55.000000000,1970-01-01 00:00:00.000000001,open,2,Add Guid.ToString formats
2143,2020-08-24 22:11:51.000000000,2020-08-25 02:27:54.000000000,closed,1,Unable to get new Fable library to work via nuget
2142,2020-08-24 05:11:46.000000000,1970-01-01 00:00:00.000000001,open,0,Plugin system
2141,2020-08-23 22:54:38.000000000,2020-08-30 12:42:11.000000000,closed,2,Fable cannot resolve module.exports = factory(require('react'))
2140,2020-08-23 20:19:29.000000000,1970-01-01 00:00:00.000000001,open,3,Printers for Babel AST
2139,2020-08-23 09:59:30.000000000,1970-01-01 00:00:00.000000001,open,1,Problem with object expressions
2138,2020-08-18 11:26:57.000000000,2020-08-22 15:06:45.000000000,closed,4,Make Fable AST independent of FCS
2137,2020-08-11 03:29:19.000000000,1970-01-01 00:00:00.000000001,open,0,Exceptions in async operations should be logged to the console
2136,2020-08-03 23:57:25.000000000,1970-01-01 00:00:00.000000001,open,0,Support type provider invalidation or compiler reset during watched file recompilation
2135,2020-08-02 16:51:48.000000000,1970-01-01 00:00:00.000000001,open,0,Simple trait calls not working properly
2134,2020-07-30 21:05:48.000000000,1970-01-01 00:00:00.000000001,open,0,Prevent fable compiler from running `dotnet restore`
2133,2020-07-30 15:57:20.000000000,1970-01-01 00:00:00.000000001,open,0,Record with key toString causes type error exception
2132,2020-07-30 14:57:20.000000000,2020-07-31 16:18:39.000000000,closed,1,Bump elliptic from 6.5.2 to 6.5.3
2131,2020-07-30 09:03:56.000000000,1970-01-01 00:00:00.000000001,open,5,Better support for reflection on erased unions
2130,2020-07-26 18:06:11.000000000,2020-07-27 18:04:07.000000000,closed,2,Don't allow null or empty string when using DateTime.Parse
2129,2020-07-26 09:05:45.000000000,2020-07-27 18:04:56.000000000,closed,2,Fixed GetHashCode
2128,2020-07-25 02:21:21.000000000,2020-07-27 18:04:07.000000000,closed,0,DateTime.Parse with invalid inputs give back real dates
2127,2020-07-22 23:30:21.000000000,2020-07-27 18:15:07.000000000,closed,1,Fixed List type
2126,2020-07-21 18:47:00.000000000,1970-01-01 00:00:00.000000001,open,3,[Feature Request] Implement CultureInfo as thin layer on top of built-in Internationalization APIs
2125,2020-07-21 00:34:04.000000000,2020-07-21 04:59:09.000000000,closed,3,Add support for System.Uri.AbsoluteUri
2124,2020-07-20 15:15:18.000000000,1970-01-01 00:00:00.000000001,open,12,[WIP] Optimized List module
2123,2020-07-20 01:21:01.000000000,2020-07-20 08:15:04.000000000,closed,1,Work
2122,2020-07-19 20:03:09.000000000,2020-07-21 06:00:18.000000000,closed,7,[WIP] Optimize List runtime representation with a stack
2121,2020-07-18 23:00:21.000000000,1970-01-01 00:00:00.000000001,open,0,Support for System.Nullable<'t>
2120,2020-07-17 01:00:01.000000000,2020-07-17 13:03:48.000000000,closed,1,Bump lodash from 4.17.15 to 4.17.19 in /src/fable-splitter
2119,2020-07-16 23:46:23.000000000,1970-01-01 00:00:00.000000001,open,3,error FABLE: Cannot resolve System.Type.MakeGenericType
2118,2020-07-16 21:21:46.000000000,2020-07-17 13:04:32.000000000,closed,1,Bump lodash from 4.17.15 to 4.17.19
2117,2020-07-16 21:21:40.000000000,2020-07-17 13:04:37.000000000,closed,1,Bump lodash from 4.17.15 to 4.17.19 in /src/fable-loader
2116,2020-07-14 22:00:18.000000000,1970-01-01 00:00:00.000000001,open,1,Incorrect currying
2115,2020-07-11 21:28:57.000000000,2020-07-15 20:19:36.000000000,closed,6,Async.StartImmediate swallows exceptions
2114,2020-07-10 13:44:48.000000000,2020-07-14 05:14:46.000000000,closed,5,Implement boolean parsing (#2111)
2113,2020-07-02 13:58:00.000000000,2020-07-02 21:15:13.000000000,closed,2,UTF8.GetString fails in REPL
2112,2020-07-02 09:29:59.000000000,2020-07-02 09:30:17.000000000,closed,1,New helpers and fixes in replacements
2111,2020-07-01 16:32:42.000000000,2020-07-14 05:14:46.000000000,closed,2,System.Boolean.TryParse
2110,2020-06-30 12:29:48.000000000,1970-01-01 00:00:00.000000001,open,2,IsUnion returns false for typeof<Option<int>>
2109,2020-06-26 05:41:21.000000000,1970-01-01 00:00:00.000000001,open,11,Fable 3: Remove Babel dependency?
2108,2020-06-25 07:49:44.000000000,1970-01-01 00:00:00.000000001,open,1,[WIP] Witnesses for STRP resolution
2107,2020-06-25 07:44:59.000000000,2020-07-01 18:23:29.000000000,closed,1,AST cleanup
2106,2020-06-25 07:43:27.000000000,2020-06-25 08:37:34.000000000,closed,1,Update to netcoreapp3.1
2105,2020-06-25 07:42:44.000000000,2020-06-25 08:37:53.000000000,closed,0,Update to netcoreapp3.1
2104,2020-06-23 19:17:05.000000000,1970-01-01 00:00:00.000000001,open,0,Witnesses
2103,2020-06-23 19:04:14.000000000,2020-07-06 06:36:16.000000000,closed,2,Cache for JS files
2102,2020-06-23 19:03:25.000000000,2020-07-06 06:36:39.000000000,closed,0,Cache for JS files
2101,2020-06-20 01:49:49.000000000,1970-01-01 00:00:00.000000001,open,0,Wrong operator overload method selected by Fable
2100,2020-06-19 19:52:17.000000000,2020-06-19 19:53:36.000000000,closed,1,Union improvements
2099,2020-06-19 19:48:50.000000000,2020-06-19 19:54:21.000000000,closed,0,Don't include name in union constructors
2098,2020-06-19 19:43:52.000000000,2020-06-19 19:54:17.000000000,closed,0,Enable single-case erased unions with multiple fields
2097,2020-06-18 15:46:58.000000000,1970-01-01 00:00:00.000000001,open,2,Async.StartChild does not appear to apply the optional timeout parameter correctly
2096,2020-06-18 02:48:52.000000000,1970-01-01 00:00:00.000000001,open,22,Improve TypeScript typing for unions
2095,2020-06-17 18:13:46.000000000,2020-06-17 19:24:28.000000000,closed,2,Support Tasks
2094,2020-06-15 08:36:56.000000000,2020-06-16 17:51:07.000000000,closed,1,Fix #2090
2093,2020-06-14 18:25:51.000000000,1970-01-01 00:00:00.000000001,open,0,Async.Sequential does not exist
2092,2020-06-13 09:46:16.000000000,2020-07-01 11:22:15.000000000,closed,2,Improve type testing
2091,2020-06-13 09:26:35.000000000,2020-06-18 09:24:54.000000000,closed,7,Attached members minification in Fable 3
2090,2020-06-13 09:09:45.000000000,2020-06-16 17:51:34.000000000,closed,1,Make typedArrays=false the default in Fable 3?
2089,2020-06-12 22:21:21.000000000,2020-06-12 23:00:16.000000000,closed,1,Documentation says that Arrays and ResizeArrays are compiled down to native arrays
2088,2020-06-12 11:22:45.000000000,1970-01-01 00:00:00.000000001,open,5,Fable tree-shaking
2087,2020-06-12 11:18:29.000000000,2020-08-24 05:08:07.000000000,closed,0,Better names in JS
2086,2020-06-12 11:12:29.000000000,1970-01-01 00:00:00.000000001,open,0,Add quotation support
2085,2020-06-12 11:09:34.000000000,1970-01-01 00:00:00.000000001,open,0,Improve reflection support
2084,2020-06-12 11:01:54.000000000,2020-06-18 10:07:35.000000000,closed,5,Mangle abstract members
2083,2020-06-12 00:20:07.000000000,1970-01-01 00:00:00.000000001,open,1,Cannot resolve inline trait call
2082,2020-06-11 11:20:41.000000000,2020-06-18 10:07:53.000000000,closed,0,Mangle name of abstract members
2081,2020-06-10 21:33:38.000000000,2020-06-11 10:30:14.000000000,closed,4,"2.10 ""Compile Option.None as undefined"" is a breaking change"
2080,2020-06-10 01:19:25.000000000,2020-06-17 16:14:22.000000000,closed,2,Docs: dotnet new -i Fable.Template::* doesn't work
2079,2020-06-10 00:23:56.000000000,1970-01-01 00:00:00.000000001,open,8,Slow Compilation Results
2078,2020-06-09 11:19:39.000000000,1970-01-01 00:00:00.000000001,open,6,Road to Fable 3
2077,2020-06-09 10:16:20.000000000,2020-06-09 10:16:34.000000000,closed,1,API for fable-splitter in cli mode
2076,2020-06-09 06:19:07.000000000,2020-06-09 10:09:07.000000000,closed,1,Updated fable-library types
2075,2020-06-04 21:26:24.000000000,2020-06-05 05:02:56.000000000,closed,4,Resoved conflicts
2074,2020-06-04 08:29:07.000000000,2020-06-04 09:16:12.000000000,closed,1,Add error when trying to inherit from secondary constructor with classTypes option
2073,2020-06-04 01:56:49.000000000,2020-06-04 05:00:00.000000000,closed,0,Inheriting from secondary constructors is broken
2072,2020-06-03 20:13:55.000000000,2020-06-03 21:58:00.000000000,closed,1,Compile to TS from fable-splitter
2071,2020-06-03 10:56:10.000000000,2020-06-04 04:57:22.000000000,closed,1,Fix #2070
2070,2020-06-03 07:43:15.000000000,2020-06-04 04:57:23.000000000,closed,0,Private fields in derived classes overwrite fields from parent
2069,2020-06-02 15:10:50.000000000,1970-01-01 00:00:00.000000001,open,5,Can't access private modules from within the same namespace but a different file; can in F#
2068,2020-06-01 13:34:23.000000000,1970-01-01 00:00:00.000000001,open,11,Duplicate methods in prototype
2067,2020-06-01 13:09:14.000000000,2020-06-04 05:00:00.000000000,closed,9,Updated class types support
2066,2020-06-01 09:54:57.000000000,1970-01-01 00:00:00.000000001,open,5,[WIP] Plugins come back!
2065,2020-05-28 04:27:37.000000000,2020-05-29 09:00:00.000000000,closed,2,Fixed #2064
2064,2020-05-27 20:30:44.000000000,2020-05-28 12:39:46.000000000,closed,2,GetHashCode seems to be behaving strange in some circumstances
2063,2020-05-26 17:43:16.000000000,1970-01-01 00:00:00.000000001,open,7,Weird compilation error of valid code with open inside a module
2062,2020-05-26 13:06:00.000000000,2020-05-26 18:53:55.000000000,closed,1,WIP: Update dotnet version for Gitpod
2061,2020-05-26 07:27:15.000000000,2020-05-26 07:27:27.000000000,closed,1,Fix System.Activator.CreateInstance
2060,2020-05-26 01:51:33.000000000,2020-05-26 06:22:08.000000000,closed,1,HMR compile very slow when referencing Feliz.Plotly
2059,2020-05-24 16:58:20.000000000,2020-05-24 17:56:01.000000000,closed,9,How does non-string-keyed JS objects work?
2058,2020-05-23 22:37:06.000000000,2020-05-26 07:28:26.000000000,closed,2,Updated dependencies
2057,2020-05-19 22:24:02.000000000,2020-05-26 07:34:28.000000000,closed,2,"Adds cosh, sinh, and tanh operators"
2056,2020-05-17 01:01:51.000000000,2020-05-26 07:32:15.000000000,closed,2,Added support for classes
2055,2020-05-14 03:50:05.000000000,1970-01-01 00:00:00.000000001,open,2,Add support for Guid no hyphen string format
2054,2020-05-13 01:11:10.000000000,2020-05-13 01:26:16.000000000,closed,4,F# 5.0 
2053,2020-05-12 16:23:35.000000000,1970-01-01 00:00:00.000000001,open,3,Better error tracing for #2043
2052,2020-05-09 14:10:09.000000000,1970-01-01 00:00:00.000000001,open,0,Error doesn't show .fs line number
2051,2020-05-09 09:35:56.000000000,2020-05-12 13:14:56.000000000,closed,2,Minor fable-library cleanup
2050,2020-05-07 00:16:08.000000000,1970-01-01 00:00:00.000000001,open,3,[Not working] Prototype implementation for support TypeScript with fable-splitter
2049,2020-05-05 01:58:16.000000000,2020-05-05 22:55:09.000000000,closed,3,Support applicatives within computation expressions using and! keywork
2048,2020-05-04 02:04:33.000000000,2020-05-06 23:41:51.000000000,closed,1,Allow project-referenced Fable.Core
2047,2020-05-01 15:38:25.000000000,1970-01-01 00:00:00.000000001,open,1,Iterating over a list of functions with arity > 1 and calling then in a for in do loop produces incorrect output
2046,2020-05-01 15:10:28.000000000,1970-01-01 00:00:00.000000001,open,0,Assigning a function with arity > 1 to a scoped mutable variable does not compile to valid Javascript
2045,2020-05-01 14:44:48.000000000,1970-01-01 00:00:00.000000001,open,2,"Aliasing a function, which wraps a function with arity > 1, produces incorrect output"
2044,2020-04-30 21:44:04.000000000,2020-05-06 23:41:18.000000000,closed,4,Better error logging for #2043
2043,2020-04-29 10:55:53.000000000,1970-01-01 00:00:00.000000001,open,17,Unexpected end of JSON input at JSON.parse in dist/index.js
2042,2020-04-28 20:51:41.000000000,2020-04-29 19:53:44.000000000,closed,1,Fix #2035: fold when state is function of arity > 1
2041,2020-04-28 19:03:42.000000000,2020-05-01 13:28:42.000000000,closed,5,"CompiledName works on Union Cases, while in .NET in doesn't"
2040,2020-04-28 17:57:40.000000000,2020-05-01 09:15:56.000000000,closed,7,CompiledName has no effect on record fields
2039,2020-04-28 17:14:10.000000000,1970-01-01 00:00:00.000000001,open,0,StackOverflowException when compiling large match expression
2038,2020-04-28 13:59:26.000000000,2020-04-28 17:16:06.000000000,closed,8,Strange error with 2.8.2
2037,2020-04-28 11:16:16.000000000,1970-01-01 00:00:00.000000001,open,1,Fix local imports
2036,2020-04-28 09:47:14.000000000,2020-04-28 11:29:14.000000000,closed,2,Several fixes
2035,2020-04-27 22:37:21.000000000,2020-04-29 19:53:45.000000000,closed,2,(Seq|List).fold produces incorrect output when state is a function with arity > 1
2034,2020-04-22 19:39:44.000000000,2020-04-22 20:41:37.000000000,closed,7,Use ReactNavigation/Native with Fable..
2033,2020-04-21 01:35:23.000000000,2020-04-21 23:51:47.000000000,closed,2,Fixed #2030
2032,2020-04-21 00:42:40.000000000,2020-05-12 13:14:28.000000000,closed,7,Change Option.None to undefined
2031,2020-04-20 20:05:22.000000000,1970-01-01 00:00:00.000000001,open,2,Seq.cache does not work on infinite sequences
2030,2020-04-20 18:14:13.000000000,2020-04-21 23:51:49.000000000,closed,2,Array.map3 & tuples producing incorrect results
2029,2020-04-19 21:21:23.000000000,2020-04-21 00:44:57.000000000,closed,4,Change Option.None to undefined
2028,2020-04-18 19:52:24.000000000,2020-05-12 13:14:28.000000000,closed,9,Null is erroneously generated instead of undefined for optional arguments
2027,2020-04-16 17:55:28.000000000,1970-01-01 00:00:00.000000001,open,9,Reflection for classes
2026,2020-04-15 08:05:29.000000000,1970-01-01 00:00:00.000000001,open,6,Is there a way to get attributes on a union case?
2025,2020-04-14 16:57:23.000000000,2020-04-15 22:46:57.000000000,closed,7,add using function implementation to Fable.Core.Utils
2024,2020-04-14 16:44:53.000000000,2020-04-14 22:37:39.000000000,closed,5,Add Length and Substring with firstIndex and length in StringBuilder
2023,2020-04-14 12:50:58.000000000,2020-04-14 22:21:07.000000000,closed,9,Plumb through real case field names instead of generating fake ones
2022,2020-04-14 07:49:02.000000000,2020-04-14 22:15:04.000000000,closed,1,Updated FCS to latest F# master
2021,2020-04-13 13:25:24.000000000,2020-04-15 22:50:57.000000000,closed,2,Support using operator
2020,2020-04-13 02:48:33.000000000,2020-04-14 22:07:00.000000000,closed,1,Updated dependencies
2019,2020-04-12 13:48:03.000000000,2020-04-12 23:47:05.000000000,closed,1,Changed fable-compiler-js build
2018,2020-04-12 12:06:23.000000000,2020-04-14 08:47:49.000000000,closed,2,Cannot get fable to build locally by following readme instructions
2017,2020-04-12 11:03:24.000000000,2020-04-14 22:54:14.000000000,closed,4,Cannot get correct union case field names using reflection
2016,2020-04-12 05:19:50.000000000,1970-01-01 00:00:00.000000001,open,0,Fable version code snippet returns unexpected version
2015,2020-04-12 05:15:43.000000000,2020-04-15 10:51:30.000000000,closed,7,Cannot resolve System.Reflection.PropertyInfo.GetValue
2014,2020-04-12 00:43:04.000000000,2020-04-12 11:47:21.000000000,closed,1,Fixed #2010
2013,2020-04-11 19:22:20.000000000,1970-01-01 00:00:00.000000001,open,2,Improve source-map generation in Fable
2012,2020-04-09 15:04:04.000000000,1970-01-01 00:00:00.000000001,open,10,When generating source-map JS.debugger is not shown stopped at the right place in the F# file. It seems to be at the beginning of the current scope
2011,2020-04-09 11:21:09.000000000,2020-04-09 14:55:55.000000000,closed,3,Troubles with uncurrying
2010,2020-04-08 13:16:15.000000000,2020-04-12 12:38:51.000000000,closed,19,Require cycle when running with React Native 0.62.1
2009,2020-04-06 07:13:53.000000000,2020-04-09 23:41:09.000000000,closed,4,Updated dependencies
2008,2020-04-06 06:37:32.000000000,1970-01-01 00:00:00.000000001,open,2,Webpack toolchain refuses to recompile file
2007,2020-04-05 09:58:26.000000000,1970-01-01 00:00:00.000000001,open,0,Invalid string length during bundle
2006,2020-04-03 02:46:04.000000000,2020-04-22 00:13:13.000000000,closed,10,dotnet msbuild process failing on fable packages
2005,2020-03-31 19:16:49.000000000,1970-01-01 00:00:00.000000001,open,0,How to debug random build failures or increase verbosity?
2004,2020-03-30 14:10:35.000000000,2020-03-30 17:44:42.000000000,closed,4,"How to make Fable to copy required JS files/folders to 'outDir', and watch them for changes ?"
2003,2020-03-25 17:35:15.000000000,1970-01-01 00:00:00.000000001,open,4,DateTime.ParseExact breaks REPL
2002,2020-03-19 16:13:13.000000000,2020-03-19 16:26:40.000000000,closed,1,[WIP] Updated dependencies
2001,2020-03-18 23:08:04.000000000,2020-03-19 00:20:13.000000000,closed,1,Update global.json
2000,2020-03-18 22:26:23.000000000,2020-03-18 23:06:46.000000000,closed,1,Fixed #1999
1999,2020-03-18 14:52:41.000000000,2020-03-18 23:06:47.000000000,closed,1,Uri ToString does not match .NET
1998,2020-03-14 04:49:54.000000000,2020-03-16 13:59:20.000000000,closed,1,Bump acorn from 6.1.1 to 6.4.1
1997,2020-03-10 09:52:52.000000000,2020-03-10 09:52:59.000000000,closed,3,Fix fable-library build
1996,2020-03-09 07:23:02.000000000,2020-03-10 00:06:43.000000000,closed,4,Storing result of Seq.tail and printing the result several times gives Seq.emty after the first one
1995,2020-03-07 13:43:04.000000000,1970-01-01 00:00:00.000000001,open,7,HMR not working with relative paths
1994,2020-03-07 01:29:19.000000000,2020-03-09 22:38:17.000000000,closed,1,Added missing Tuple.Rest
1993,2020-03-06 23:59:11.000000000,2020-03-09 22:40:57.000000000,closed,4,Fix assigning nulls through Babel macro
1992,2020-03-06 17:19:18.000000000,2020-03-06 17:32:55.000000000,closed,1,Fixed #1991
1991,2020-03-06 05:21:47.000000000,2020-03-06 17:32:55.000000000,closed,2,Trait calls for Tuple getters don't work.
1990,2020-03-04 19:24:54.000000000,1970-01-01 00:00:00.000000001,open,11,Fable splitter doesn't respect constants
1989,2020-03-04 06:39:31.000000000,2020-03-04 10:29:55.000000000,closed,2,Minor fable-library updates
1988,2020-03-03 15:17:59.000000000,2020-03-04 00:24:25.000000000,closed,3,"Seq.head, Seq.tail, Seq.skip are not working as expected"
1987,2020-02-28 04:11:44.000000000,1970-01-01 00:00:00.000000001,open,0,Re-implement date formatting
1986,2020-02-27 15:20:51.000000000,2020-02-28 13:42:28.000000000,closed,12,Should we make Fable check if a compatible object is passed to a function?
1985,2020-02-27 09:36:02.000000000,2020-03-04 00:24:25.000000000,closed,1,Minor fable-library tweaks
1984,2020-02-25 08:42:22.000000000,2020-02-26 02:02:51.000000000,closed,1,Minor fable-library updates
1983,2020-02-23 15:17:04.000000000,2020-02-24 16:35:16.000000000,closed,6,About curry and js arrow function
1982,2020-02-21 16:44:46.000000000,2020-03-09 22:40:58.000000000,closed,5,Cannot set object property to `null` using Fable.Core.DynamicExtensions
1981,2020-02-21 06:45:05.000000000,1970-01-01 00:00:00.000000001,open,8,"""Cannot type test generic arguments"" when implementing Equals"
1980,2020-02-20 13:16:55.000000000,2020-02-20 14:06:40.000000000,closed,2,Fixed #1979
1979,2020-02-20 06:11:34.000000000,2020-02-20 14:06:41.000000000,closed,2,Cannot resolve Microsoft.FSharp.Core.LanguagePrimitives.FloatWithMeasure
1978,2020-02-19 06:50:18.000000000,2020-02-19 14:24:21.000000000,closed,7,Minor fable-library update
1977,2020-02-18 19:25:09.000000000,2020-02-18 19:25:31.000000000,closed,1,Fix gitpot.yml indentation
1976,2020-02-15 06:23:16.000000000,2020-02-18 18:37:27.000000000,closed,0,Fixed #1975
1975,2020-02-11 06:54:31.000000000,2020-02-18 18:37:27.000000000,closed,7,Fable compilation stalls when types parametrized by units of measure are used
1974,2020-02-06 20:39:23.000000000,2020-06-18 11:26:48.000000000,closed,6,Support for web component classes
1973,2020-02-06 16:05:25.000000000,1970-01-01 00:00:00.000000001,open,5,Support tagged template literals (e.g. for styled-components)
1972,2020-02-04 20:18:49.000000000,2020-02-11 01:26:52.000000000,closed,10,typed arrays no longer have an Item member
1971,2020-01-30 08:08:55.000000000,2020-02-11 01:26:51.000000000,closed,0,Trim in String.js fails for leading/following brackets
1970,2020-01-28 22:44:35.000000000,2020-02-27 00:23:10.000000000,closed,4,Failing test for number formatting
1969,2020-01-25 05:31:53.000000000,2020-01-25 21:56:29.000000000,closed,3,Fable running in Linux with .NET Core 3.1
1968,2020-01-22 03:15:26.000000000,1970-01-01 00:00:00.000000001,open,6,Emit a warning when Erasing a type with member attached to it
1967,2020-01-16 06:58:17.000000000,2020-02-11 01:26:52.000000000,closed,3,Fixed #1964
1966,2020-01-15 08:25:52.000000000,2020-02-11 01:52:44.000000000,closed,3,Enable strict mode in fable-library
1965,2020-01-10 15:04:37.000000000,1970-01-01 00:00:00.000000001,open,2,Use of obsolete Fable.Import.JS
1964,2020-01-08 15:03:39.000000000,2020-02-11 01:26:51.000000000,closed,0,Add AppendLine to StringBuilder
1963,2020-01-01 19:49:07.000000000,2020-02-29 11:39:17.000000000,closed,5,Cannot resolve f#+ modules
1962,2019-12-29 16:03:55.000000000,1970-01-01 00:00:00.000000001,open,6,Warnings when using strings with units of measure
1961,2019-12-28 07:16:52.000000000,2019-12-30 15:36:03.000000000,closed,1,Fixed #1960
1960,2019-12-27 22:22:01.000000000,2019-12-30 15:36:04.000000000,closed,0,Using Array.filter with Char.is... functions hangs at runtime
1959,2019-12-22 06:57:22.000000000,2019-12-24 00:54:59.000000000,closed,2,Aliased module functions are not uncurried at call site
1958,2019-12-18 01:41:23.000000000,2019-12-23 14:56:03.000000000,closed,3,fixed typo in MapConstructor
1957,2019-12-14 11:52:11.000000000,2019-12-23 14:51:28.000000000,closed,1,Source maps support in `fable-compiler-js`
1956,2019-12-13 03:55:57.000000000,2019-12-14 03:07:51.000000000,closed,0,How to include results of fable-splitter used in Azure Function 
1955,2019-12-05 15:26:44.000000000,2019-12-24 04:19:31.000000000,closed,1,Subsring should throw exception instead of returning an empty string when start index is > than input length 
1954,2019-11-30 11:34:48.000000000,2020-04-24 00:58:57.000000000,closed,1,define and support #FABLE compilation constant to Fable REPL
1953,2019-11-29 07:04:13.000000000,1970-01-01 00:00:00.000000001,open,7,Fable Compiler Loses Project References
1952,2019-11-28 19:45:49.000000000,2019-11-28 20:11:13.000000000,closed,2,Cannot resolve Aether functions
1951,2019-11-24 23:41:21.000000000,2019-12-02 19:43:19.000000000,closed,1,Collections missing transpose function
1950,2019-11-24 04:12:00.000000000,1970-01-01 00:00:00.000000001,open,3,can't use event exposed on generic interface
1949,2019-11-23 22:33:28.000000000,2019-12-09 15:54:27.000000000,closed,3,Add one more instruction line to Quick start instuctions
1948,2019-11-22 20:07:07.000000000,2019-12-24 04:01:55.000000000,closed,1,'Some (box null)' is compiled as 'null' instead of Some(null)
1947,2019-11-21 20:27:05.000000000,1970-01-01 00:00:00.000000001,open,5,WIP #1936 should be fixed
1946,2019-11-21 09:42:39.000000000,2020-04-11 00:08:11.000000000,closed,8,Add globbing support for #1942
1945,2019-11-20 18:49:30.000000000,2019-12-02 19:43:19.000000000,closed,1,"Fixed #1951, updated fable-compiler-js"
1944,2019-11-19 21:51:12.000000000,2019-11-20 00:30:51.000000000,closed,1,specify where to run `npm run build`
1943,2019-11-18 13:47:37.000000000,2019-11-20 15:17:19.000000000,closed,2,Added NuGet packages support
1942,2019-11-17 04:54:37.000000000,2020-04-11 00:08:11.000000000,closed,8,Can't use * in fsproj when building fable libraries
1941,2019-11-13 15:43:45.000000000,2019-11-20 15:13:28.000000000,closed,0,Seq.pairwise throws if input is empty
1940,2019-11-11 19:49:58.000000000,1970-01-01 00:00:00.000000001,open,2,"Type errors sometimes lead to ""File not found in source list"" exceptions"
1939,2019-11-09 06:24:11.000000000,2019-11-12 15:37:54.000000000,closed,1,minor fable-library konmari
1938,2019-11-06 19:10:39.000000000,2019-11-07 19:22:03.000000000,closed,1,tryExaclyOne was not found
1937,2019-11-04 22:36:11.000000000,2019-11-04 23:05:31.000000000,closed,4,printf omits sign for negative numbers
1936,2019-11-02 01:09:01.000000000,1970-01-01 00:00:00.000000001,open,13,"filename like ""[id].fs""  created with different path"
1935,2019-11-01 03:15:31.000000000,2019-11-04 17:45:32.000000000,closed,5,Add [<RequireQualifiedAccess>] to JS module
1934,2019-10-30 22:20:57.000000000,2019-10-31 05:03:40.000000000,closed,1,List type missing chunkBySize
1933,2019-10-30 15:58:45.000000000,2019-10-30 19:00:09.000000000,closed,6,Missing System.Threading.Interlocked
1932,2019-10-29 21:33:39.000000000,2019-10-30 15:38:52.000000000,closed,2,Floating-point formatting broken in Fable 2.4.8
1931,2019-10-27 06:48:20.000000000,2019-10-28 19:44:44.000000000,closed,1,Integer formatting sprintf
1930,2019-10-26 13:53:33.000000000,2019-10-28 18:03:32.000000000,closed,1,Implement (Array|List).splitInto
1929,2019-10-22 13:35:31.000000000,1970-01-01 00:00:00.000000001,open,1,fable-splitter for browser output
1928,2019-10-17 00:23:06.000000000,2019-10-17 02:19:57.000000000,closed,1,Fix fsx compilation on netcore 3
1927,2019-10-17 00:22:09.000000000,2019-10-17 02:19:57.000000000,closed,0,Compile fsx files fails with .NET Core 3
1926,2019-10-11 12:14:02.000000000,2019-10-11 16:11:26.000000000,closed,3,Trying to reproduce weird union case from gitter
1925,2019-10-10 17:48:13.000000000,2019-10-14 16:05:42.000000000,closed,6,Import of 'intl' package fails in production mode
1924,2019-10-10 11:12:02.000000000,2019-10-10 13:36:55.000000000,closed,4,Reusing F# code between regular F# project and Fable
1923,2019-10-08 20:13:40.000000000,2019-10-09 02:13:57.000000000,closed,2,Option.map ignore creates undefined underlying type
1922,2019-10-06 17:56:28.000000000,2019-10-08 16:31:40.000000000,closed,5,Function copies are not uncurried
1921,2019-10-06 03:30:01.000000000,2019-10-06 18:24:26.000000000,closed,1,Whitespace cleanup
1920,2019-10-03 17:04:09.000000000,2019-10-04 16:53:17.000000000,closed,9,WIP: Feature/add enum reflection
1919,2019-10-01 21:57:33.000000000,2019-10-03 14:25:13.000000000,closed,3,.fsi expected in wrong folder
1918,2019-10-01 21:17:32.000000000,2019-10-04 17:57:23.000000000,closed,9,Any tips/guidance for adding Enum reflection?
1917,2019-10-01 15:48:00.000000000,1970-01-01 00:00:00.000000001,open,3,Suppress Warnings
1916,2019-09-28 12:46:15.000000000,2019-09-29 16:35:07.000000000,closed,8,Updated metadata to netcore sdk 3.0
1915,2019-09-27 20:13:01.000000000,2020-04-24 01:11:55.000000000,closed,3,Incorrect currying (in particular for React)
1914,2019-09-26 01:25:15.000000000,2019-09-26 10:56:11.000000000,closed,1,Added RollForward to projects
1913,2019-09-25 19:04:28.000000000,2019-09-25 22:28:58.000000000,closed,2,[WIP] Fix appveyor
1912,2019-09-25 18:15:59.000000000,2019-09-25 18:43:14.000000000,closed,5,Build netcore 2.1 on 3.0
1911,2019-09-24 22:39:37.000000000,2019-10-01 16:26:54.000000000,closed,8,Support for implicit yields
1910,2019-09-24 11:53:56.000000000,2019-09-25 23:02:08.000000000,closed,19,Running fable on linux dotnet core 3 fails without details
1909,2019-09-24 05:17:06.000000000,2019-09-26 00:12:13.000000000,closed,12,Updated target to netcoreapp3.0
1908,2019-09-23 21:54:05.000000000,2019-10-01 17:01:50.000000000,closed,7,Cannot have two module members with same name
1907,2019-09-23 09:51:37.000000000,2019-09-26 12:50:19.000000000,closed,3,Data flow problem causing error in closure captured values...
1906,2019-09-22 23:10:14.000000000,2019-09-23 16:21:19.000000000,closed,2,Fable Splitter not compiling every project file
1905,2019-09-22 13:22:31.000000000,2019-09-23 16:30:06.000000000,closed,2,Fixed TypedArray binding.
1904,2019-09-19 20:06:19.000000000,2019-09-20 14:43:26.000000000,closed,5,Manipulating maps returns odd results
1903,2019-09-18 05:30:10.000000000,2019-09-19 15:12:17.000000000,closed,5,Updated dependencies
1902,2019-09-14 05:47:09.000000000,2019-09-17 11:51:48.000000000,closed,2,Fixed large join and concat
1901,2019-09-13 20:50:23.000000000,2019-09-14 18:19:26.000000000,closed,2,[minor] DateTime in Fable has less precision than in .NET
1900,2019-09-12 00:47:47.000000000,2019-09-17 16:06:33.000000000,closed,4,Fable unable to resolve function parameter passed into another function that returns Async<unit>
1899,2019-09-10 12:40:24.000000000,1970-01-01 00:00:00.000000001,open,0,Run test both in debug and production mode
1898,2019-09-10 08:53:11.000000000,2019-09-10 15:35:27.000000000,closed,3,fable-library update
1897,2019-09-10 00:00:02.000000000,2019-09-12 11:47:37.000000000,closed,7,Swap the parameter order in Testing.Assert.AreEqual
1896,2019-09-09 23:33:48.000000000,2019-09-10 13:58:20.000000000,closed,1,Array.Copy not working as of version 2.3.20
1895,2019-09-04 17:50:30.000000000,2019-12-23 21:30:11.000000000,closed,5, dynamic cast operator !!  lack of warnings during build!
1894,2019-09-03 21:58:57.000000000,2019-09-04 11:25:56.000000000,closed,1,Seq.distinct doesn't work on infinite sequences
1893,2019-09-03 16:35:57.000000000,2019-09-03 16:59:55.000000000,closed,1,conversion from array works with duplicates
1892,2019-09-03 01:55:41.000000000,2019-09-04 12:07:52.000000000,closed,2,Handle fsx file with dotnet core 3
1891,2019-09-02 16:06:19.000000000,2019-09-04 12:01:53.000000000,closed,1,static overloads of anonymous records have the same mangled name
1890,2019-09-02 00:50:42.000000000,2019-09-02 11:45:26.000000000,closed,1,Added mutable map and set
1889,2019-09-01 04:43:59.000000000,1970-01-01 00:00:00.000000001,open,0,fable-splitter CLI flags
1888,2019-08-31 22:35:31.000000000,2019-09-01 04:42:59.000000000,closed,2,Added usePolling flag for fable-splitter/chokidar
1887,2019-08-31 17:24:33.000000000,1970-01-01 00:00:00.000000001,open,20,[Help Wanted/Design] Improve TypeScript integration
1886,2019-08-30 21:20:05.000000000,2019-09-04 13:48:19.000000000,closed,12,Unable to use fsx => js on Windows while it's ok on Linux
1885,2019-08-30 01:42:50.000000000,2019-08-31 00:54:54.000000000,closed,3,Feature request: Allow fable-splitter to pass `usePolling` configuration to chokidar
1884,2019-08-29 20:19:45.000000000,1970-01-01 00:00:00.000000001,open,0,Array.zeroCreate doesn't work with struct values
1883,2019-08-29 05:49:51.000000000,1970-01-01 00:00:00.000000001,open,3,Is there a way to remove undefined fields from records in JS runtime representation?
1882,2019-08-27 01:45:41.000000000,1970-01-01 00:00:00.000000001,open,2,"[Query, not issue] Workaround for fable-splitter not allowing babel plugins?"
1881,2019-08-17 12:36:54.000000000,2019-09-19 12:43:19.000000000,closed,1,Cannot have two module members with same name
1880,2019-08-13 21:17:36.000000000,2019-08-14 14:28:03.000000000,closed,1,uint64 `Input string was not in a correct format` for variations in case and underscores
1879,2019-08-09 22:57:12.000000000,2019-08-13 18:09:36.000000000,closed,2,Fix fsx
1878,2019-08-09 13:38:36.000000000,2019-08-13 18:09:36.000000000,closed,0,Collision between System.Private.CoreLib and System.Runtime
1877,2019-08-06 20:17:27.000000000,2019-08-07 12:52:46.000000000,closed,1,Don't assume there is a bad mscorelib.dll by default.
1876,2019-08-06 11:00:27.000000000,2019-08-07 12:52:46.000000000,closed,5,Update of DotNet.Proj breaks script (fsx) compilation
1875,2019-08-05 23:08:56.000000000,2019-08-06 18:15:48.000000000,closed,1,add test for struct without explicit ctor
1874,2019-08-05 23:08:21.000000000,2019-08-06 01:00:31.000000000,closed,1,"add support for nested ""testList"", "
1873,2019-08-05 22:05:33.000000000,2019-08-06 01:00:31.000000000,closed,0,Testing: nested 'testList' does not work
1872,2019-08-05 07:09:25.000000000,2019-08-05 14:43:16.000000000,closed,2,Updated fcs-fable
1871,2019-08-01 19:49:31.000000000,2019-08-01 21:49:51.000000000,closed,0,All System.Type objects for anonymous records are considered equal
1870,2019-08-01 13:04:32.000000000,2019-08-01 13:15:26.000000000,closed,1,Fix TimeSpan.ToString for negative values
1869,2019-08-01 12:23:19.000000000,1970-01-01 00:00:00.000000001,open,7,Quicktest watch doesn't work anymore
1868,2019-07-30 11:47:05.000000000,2019-08-05 15:08:43.000000000,closed,7,type provider ResolutionFolder is empty
1867,2019-07-29 22:56:53.000000000,2019-07-30 13:53:11.000000000,closed,3,Fix negative timespan + milliseconds value when parsing a string
1866,2019-07-26 17:15:31.000000000,2019-07-30 13:48:46.000000000,closed,7,[WIP] Add tools to debug and improve source map support
1865,2019-07-24 20:01:19.000000000,2019-07-24 22:07:19.000000000,closed,1,Fix timespan and Guid reflection
1864,2019-07-23 22:52:09.000000000,2019-07-24 12:43:20.000000000,closed,0,Dependencies vulnerabilities
1863,2019-07-22 18:28:53.000000000,2019-07-26 18:45:59.000000000,closed,1,It's trying to import `createEvent` while the code in Fable don't import it.
1862,2019-07-16 04:44:34.000000000,2019-07-24 22:06:48.000000000,closed,1,Fable compiler output appears in webpack profiler json output
1861,2019-07-14 19:37:04.000000000,1970-01-01 00:00:00.000000001,open,3,CaseRules.LowerFirst for all members of a record
1860,2019-07-12 00:24:28.000000000,2019-07-12 12:57:42.000000000,closed,1,Updated homepage and repository
1859,2019-07-04 16:30:00.000000000,2019-07-25 17:50:11.000000000,closed,5,Optimized bindings fail when captured in a closure after tail-call optimization
1858,2019-06-25 00:35:47.000000000,1970-01-01 00:00:00.000000001,open,2,BufferSource support
1857,2019-06-24 19:06:12.000000000,2019-07-26 17:37:23.000000000,closed,1,Map does not implement S.C.G.IDictionary
1856,2019-06-23 07:46:16.000000000,2019-07-23 13:32:01.000000000,closed,0,List range operator with decimal or bigint hangs browser
1855,2019-06-22 21:50:15.000000000,2019-10-04 20:24:42.000000000,closed,10,Add GetEnumNames to ITypeResolver?
1854,2019-06-18 02:43:46.000000000,1970-01-01 00:00:00.000000001,open,1,Nasty bug with stateful Regex ?
1853,2019-06-17 18:10:31.000000000,1970-01-01 00:00:00.000000001,open,7,How to treat StringEnums as strings in F# and concatenate etc.?
1852,2019-06-16 14:51:46.000000000,2019-06-16 17:39:23.000000000,closed,4,Add U9 (and above)
1851,2019-06-16 06:27:47.000000000,2019-06-16 11:10:44.000000000,closed,1,Updated fable-compiler-js references
1850,2019-06-15 10:10:15.000000000,2019-06-16 04:58:51.000000000,closed,1,Fixed #1848
1849,2019-06-15 02:45:01.000000000,2019-06-16 12:17:02.000000000,closed,6,What's the recommended way to construct JS classes?
1848,2019-06-13 19:37:32.000000000,2019-06-16 04:58:53.000000000,closed,0,Decimal midpoint rounding inconsistent
1847,2019-06-12 12:09:20.000000000,2019-08-15 11:52:42.000000000,closed,4,Documentation: Interacting.md incorrect for Fable 2
1846,2019-06-07 16:07:42.000000000,2019-06-07 19:22:05.000000000,closed,4,"Fable.Core v3.0 detected, expecting v2.0"
1845,2019-06-07 00:07:22.000000000,2019-06-07 16:40:24.000000000,closed,3,"""export 'allPairs' was not found in './.fable/fable-library.2.3.10/Array.js'"
1844,2019-06-03 15:15:26.000000000,2019-06-05 16:21:24.000000000,closed,3,Missing DateTime.SpecifyKind
1843,2019-05-31 02:28:32.000000000,2019-06-05 15:37:03.000000000,closed,2,Configurable BaseIntermediateOutputPath 
1842,2019-05-30 04:30:54.000000000,2019-06-05 13:49:39.000000000,closed,2,Missing Option map2/3 implementations
1840,2019-05-23 01:57:01.000000000,2019-05-23 19:11:34.000000000,closed,5,Issues running Fable 2.x
1839,2019-05-20 13:01:16.000000000,1970-01-01 00:00:00.000000001,open,19,[WIP] Quotation support
1838,2019-05-20 06:39:37.000000000,2019-05-20 14:42:06.000000000,closed,2,fcs-fable update
1837,2019-05-16 20:34:38.000000000,2019-05-20 10:24:46.000000000,closed,1,Try around fixing #1836
1836,2019-05-13 19:06:14.000000000,2019-05-20 17:14:47.000000000,closed,13,Something is wrong with currying/uncurrying
1835,2019-05-12 17:29:09.000000000,2019-05-13 18:44:43.000000000,closed,1,fable-splitter: fix env package name in config example
1834,2019-05-11 17:08:34.000000000,2019-05-12 02:06:18.000000000,closed,1,Fable.Core references update
1833,2019-05-10 16:38:25.000000000,2019-05-11 13:40:03.000000000,closed,4,ReferenceError: _arg1 is not defined
1832,2019-05-09 18:37:51.000000000,2019-05-09 20:49:06.000000000,closed,7,Unit argument is undefined
1830,2019-05-07 19:58:07.000000000,2019-05-08 18:34:00.000000000,closed,2,SRTP does not work with Replacement Methods and byref magic
1829,2019-05-03 21:04:14.000000000,2019-05-03 22:51:12.000000000,closed,2,More helpful error messages when packages are incompatible
1828,2019-04-30 18:36:33.000000000,1970-01-01 00:00:00.000000001,open,6,"[Feedback/Question] Updating to Fable.Core 3, removed & changed types"
1827,2019-04-28 00:44:28.000000000,2019-04-30 03:13:19.000000000,closed,1,PublishUtil.fs: Fix the path of temp directory when releasing a nuget
1826,2019-04-27 10:06:26.000000000,2019-04-28 14:15:48.000000000,closed,3,Question regarding Async.Start
1825,2019-04-27 01:38:26.000000000,2019-04-30 18:22:36.000000000,closed,4,MakeTupleType is not working correctly
1824,2019-04-26 06:46:25.000000000,2019-05-20 17:15:48.000000000,closed,4,FSharp.Core.Fluent?
1823,2019-04-26 05:16:24.000000000,2019-04-26 12:40:06.000000000,closed,1,Fixes #1821
1822,2019-04-24 16:57:14.000000000,2019-06-05 14:18:34.000000000,closed,9,d3js binding - current state
1821,2019-04-24 12:38:54.000000000,2019-04-26 12:40:08.000000000,closed,7,Decimal division
1820,2019-04-24 11:00:54.000000000,1970-01-01 00:00:00.000000001,open,6,Regex Dotnet vs JS : a path to Regex Type Provider
1819,2019-04-23 20:32:06.000000000,2019-04-23 21:30:51.000000000,closed,3,Should we avoid truncating native API? (Regex in this case)
1818,2019-04-23 15:07:24.000000000,2019-04-26 14:16:06.000000000,closed,17,Quotation support
1817,2019-04-23 02:37:09.000000000,2019-04-23 15:03:11.000000000,closed,1,Incorrect range selection on lists
1815,2019-04-19 17:57:50.000000000,2019-04-20 15:39:01.000000000,closed,3,Missing reflection metadata of anonymous records 
1814,2019-04-13 05:44:07.000000000,2019-04-13 13:39:37.000000000,closed,1,Fixed #1813
1813,2019-04-12 21:46:57.000000000,2019-04-13 13:39:39.000000000,closed,1,LanguagePrimitives.EnumToValue is (no longer) resolved
1812,2019-04-11 15:26:42.000000000,2019-05-20 17:16:11.000000000,closed,28,Release Fable.Core 3.0 stable
1811,2019-04-08 12:47:04.000000000,2019-04-09 21:12:17.000000000,closed,1,Fixed optimized patterns
1810,2019-04-06 03:29:16.000000000,2019-04-06 04:43:45.000000000,closed,1,Updated package references
1809,2019-04-03 12:37:01.000000000,2019-04-03 14:16:52.000000000,closed,1,fixed BitConverter
1808,2019-03-30 05:18:47.000000000,2019-04-01 12:45:01.000000000,closed,3,fable-metadata update
1807,2019-03-27 18:04:40.000000000,2019-06-05 15:42:03.000000000,closed,7,incorrect Fable.Compiler.runtimeconfig.json generated during NPM install
1806,2019-03-26 18:57:53.000000000,2019-06-05 16:20:33.000000000,closed,2,high memory usage of fable-compiler in watch mode
1805,2019-03-26 00:17:14.000000000,2019-04-01 13:55:01.000000000,closed,12,"Function, Symbol & Error"
1804,2019-03-25 19:53:25.000000000,2019-03-26 03:03:38.000000000,closed,7,fable-standalone update
1803,2019-03-25 00:47:05.000000000,2019-03-25 14:26:51.000000000,closed,1,Fix splitter on fsx files.
1802,2019-03-24 02:51:09.000000000,2019-03-25 14:43:18.000000000,closed,1,Make dictionary throw key not found when indexing
1801,2019-03-24 01:12:19.000000000,2019-03-25 14:26:51.000000000,closed,6,"Cannot run quicktest: The ""path"" argument must be of type string. Received type undefined"
1800,2019-03-23 21:19:25.000000000,2019-03-26 11:09:24.000000000,closed,3,React fsx sample
1799,2019-03-22 16:46:38.000000000,2019-03-26 17:53:01.000000000,closed,8,Random build failures involving project to project references
1798,2019-03-22 16:32:26.000000000,2019-03-25 14:43:18.000000000,closed,1,Indexing a dictionary with non-existent key should throw. Returns undefined instead
1797,2019-03-22 15:50:05.000000000,2019-03-22 16:20:58.000000000,closed,1,Curried ArithmeticTests
1796,2019-03-20 01:21:32.000000000,2019-03-21 02:24:08.000000000,closed,3,Fixing Dictionary Add
1795,2019-03-19 20:09:12.000000000,2019-03-19 20:52:30.000000000,closed,1,Re-added trailing zeroes tests
1794,2019-03-18 00:14:03.000000000,2019-03-18 13:45:14.000000000,closed,0,System.String.Format does not pad correctly in hex formatting
1793,2019-03-17 23:47:04.000000000,2019-03-18 13:45:11.000000000,closed,1,"Fixes #1792, #1794"
1792,2019-03-17 09:48:16.000000000,2019-03-18 13:45:11.000000000,closed,0,Decimal does not support DivideByInt
1791,2019-03-15 11:14:07.000000000,2019-03-15 17:06:03.000000000,closed,0,Require cycle in Array.js/List.js
1790,2019-03-14 23:43:04.000000000,2019-03-21 02:24:08.000000000,closed,3,System.Collections.Generic.Dictionary.Add should throw if key already exists
1789,2019-03-14 17:05:18.000000000,1970-01-01 00:00:00.000000001,open,4,MailboxProcessor.TryReceive is missing
1788,2019-03-14 06:02:10.000000000,2019-03-14 14:33:54.000000000,closed,1,Fixed decimal tests
1787,2019-03-13 22:54:33.000000000,2019-05-20 17:21:01.000000000,closed,7,Debug Fable.Cli
1786,2019-03-13 06:12:27.000000000,2019-03-13 13:05:16.000000000,closed,4,Fixed #1784
1785,2019-03-12 22:02:09.000000000,2019-03-13 02:17:22.000000000,closed,2,CancellationToken Register is missing
1784,2019-03-12 20:09:34.000000000,2019-03-13 13:05:17.000000000,closed,2,Problem with decimal constructor
1783,2019-03-12 11:11:30.000000000,2019-03-12 19:02:28.000000000,closed,1,Minor improvement to readme
1782,2019-03-12 03:53:48.000000000,2019-03-12 14:27:37.000000000,closed,0,Map.count not exported in ..../fable-library.2.1.12/Map
1781,2019-03-11 14:51:55.000000000,2019-03-11 16:22:54.000000000,closed,1,Added TryGetValue/TryParse transform
1780,2019-03-08 18:22:12.000000000,2019-03-19 15:31:14.000000000,closed,12,Compile .fsx
1779,2019-03-08 16:18:58.000000000,2019-03-08 18:20:34.000000000,closed,0,Import issue
1778,2019-03-08 04:14:19.000000000,2019-03-12 17:11:48.000000000,closed,5,Q: Is something like `Option.orUndefined` available
1777,2019-03-08 02:22:08.000000000,1970-01-01 00:00:00.000000001,open,2,System.Uri support
1776,2019-03-05 11:49:06.000000000,2019-03-05 20:01:51.000000000,closed,3,[fable-compiler-js] Fixed duplicate project references
1775,2019-03-05 00:27:08.000000000,2019-03-05 20:15:28.000000000,closed,8,Fable.Core v3.0.0-beta-002 issue
1774,2019-03-04 16:43:57.000000000,1970-01-01 00:00:00.000000001,open,2,npm test fails silently if dotnet sdk in global.json is not installed on the user's machine
1773,2019-03-03 22:59:55.000000000,2019-03-04 04:52:10.000000000,closed,1,Raise type resolve error for non-inlined functions requiring Type.Name
1772,2019-03-01 22:36:25.000000000,2019-03-02 00:57:04.000000000,closed,0,Published fable-compiler-js
1771,2019-03-01 20:33:34.000000000,1970-01-01 00:00:00.000000001,open,1,Fable Splitter in watch mode doesn't pick up VS 2017 changes
1770,2019-03-01 20:31:54.000000000,2019-03-02 00:58:34.000000000,closed,1,"Quick fix #1769, handle null or white space string when parsing dates"
1769,2019-03-01 20:23:52.000000000,2019-03-02 00:58:34.000000000,closed,0,DateTime.TryParse on empty string produces a new DateTime
1768,2019-03-01 12:44:10.000000000,2019-03-01 15:58:50.000000000,closed,2,[fable-compiler-js] Fixed fable-library reference 
1767,2019-03-01 03:05:36.000000000,1970-01-01 00:00:00.000000001,open,8,Fable hangs on active pattern usage
1766,2019-02-28 21:11:03.000000000,2019-02-28 22:13:52.000000000,closed,1,[fable-compiler-js] Make the dist leaner
1765,2019-02-28 14:40:31.000000000,1970-01-01 00:00:00.000000001,open,3,Missing files in the source map
1764,2019-02-28 06:48:15.000000000,1970-01-01 00:00:00.000000001,open,8,[Feature] Array2D operations
1763,2019-02-27 15:51:15.000000000,2019-02-27 22:13:24.000000000,closed,2,Added Decimal tests
1762,2019-02-27 12:42:06.000000000,2019-03-01 22:35:27.000000000,closed,1,System.Decimal.MaxValue can be compiled
1761,2019-02-26 22:18:36.000000000,2019-02-27 02:56:10.000000000,closed,4,Added ByrefArgToTupleOptimized
1760,2019-02-26 16:37:19.000000000,2019-02-28 18:54:22.000000000,closed,2,Array sprints without braces
1759,2019-02-25 23:21:53.000000000,1970-01-01 00:00:00.000000001,open,15,Q: module.exports in fs file? Undocumented feature export `.fs` module
1758,2019-02-25 13:23:03.000000000,2019-02-25 15:37:04.000000000,closed,1,Try to repro groupBy issue
1757,2019-02-25 12:44:06.000000000,2019-02-26 16:29:43.000000000,closed,18,`this` null check in constructors conflicts with some environments (React Native)
1756,2019-02-24 04:33:51.000000000,2019-02-24 20:13:27.000000000,closed,2,You may need an appropriate loader to handle this file type (fable-library.2.1.12)
1755,2019-02-23 06:56:58.000000000,2019-02-23 13:58:56.000000000,closed,6,Fixes FCS Namespaces
1754,2019-02-23 06:53:36.000000000,2019-02-23 13:58:18.000000000,closed,4,Fixes #1738
1753,2019-02-22 14:07:33.000000000,2019-02-22 20:53:47.000000000,closed,1,Cannot make conversion because source type is unknown with System.Text.RegularExpressions.Group.Value
1752,2019-02-22 11:04:41.000000000,2019-02-22 21:16:26.000000000,closed,8,"Updated nugets give FS0193: The module/namespace 'Fable.Import.JS' from compilation unit 'Fable.Core' did not contain the namespace, module or type 'Promise`1'"
1751,2019-02-21 14:40:59.000000000,2019-03-14 19:19:14.000000000,closed,19,Fable splitter doesn't put /big.js in output
1750,2019-02-21 12:30:33.000000000,2019-02-21 15:28:46.000000000,closed,2,let rec inline breaks compiler
1749,2019-02-21 03:38:14.000000000,2019-02-23 13:53:57.000000000,closed,4,Async.Sleep doesn't respect cancellation
1748,2019-02-20 20:03:59.000000000,2019-02-21 05:53:22.000000000,closed,6,[fable-compiler-js] Added project options parsing
1747,2019-02-20 04:30:55.000000000,2019-02-21 05:53:22.000000000,closed,0,BitConverter.IsLittleEndian compile error
1746,2019-02-19 23:48:43.000000000,2019-03-01 00:06:20.000000000,closed,9,[fable-standalone] npm package
1745,2019-02-19 22:40:15.000000000,2019-02-22 21:50:50.000000000,closed,2,bigint conversion from uint32 fails
1744,2019-02-19 09:51:16.000000000,2019-02-22 22:42:12.000000000,closed,0,BigInteger.DivRem failing to bind tupled return values via the F# out parameter pattern
1743,2019-02-19 03:37:48.000000000,2019-02-19 21:44:35.000000000,closed,0,Fixed #1742
1742,2019-02-18 22:29:47.000000000,2019-02-19 23:46:43.000000000,closed,4,[fable-standalone] minor issues
1741,2019-02-18 20:54:43.000000000,2019-02-18 21:56:33.000000000,closed,1, Support JS imports in fable-compiler-js 
1740,2019-02-17 11:38:59.000000000,2019-02-27 02:58:45.000000000,closed,8,"Add bigint xor operator, bigint byte array conversions, and Random.NextBytes"
1739,2019-02-16 04:30:14.000000000,2019-02-16 14:13:05.000000000,closed,1,"Added optimized TryGetValue, TryParse"
1738,2019-02-15 22:13:23.000000000,2019-02-23 13:58:19.000000000,closed,3,List.groupBy doesn't preserve order
1737,2019-02-15 15:45:01.000000000,1970-01-01 00:00:00.000000001,open,5,"After thoth json decode, decimal is converted to float but fable is still use decimal type"
1736,2019-02-15 11:58:58.000000000,2019-02-15 16:43:23.000000000,closed,1,Add README for src folder
1735,2019-02-15 07:58:54.000000000,2019-02-15 16:47:51.000000000,closed,0,"Adding babelOptions.filename, since it is needed by other Babel plugins (like react-hot-loader)."
1734,2019-02-14 19:31:14.000000000,2019-02-14 22:54:20.000000000,closed,1,Minor path fix
1733,2019-02-13 04:38:09.000000000,2019-02-15 07:34:52.000000000,closed,8,Fable + react-hot-loader (without Elmish) generates TypeError
1732,2019-02-12 19:43:06.000000000,1970-01-01 00:00:00.000000001,open,3,fable-splitter doesn't kill previous process when using --run
1731,2019-02-12 07:47:28.000000000,2019-02-12 14:35:09.000000000,closed,1,Replaced Repl with Standalone
1730,2019-02-12 01:33:28.000000000,2019-02-12 05:41:52.000000000,closed,1,"Print decimals for aDateTime.ToString(""dd:mm:ss.fff"")"
1729,2019-02-11 17:24:51.000000000,2019-07-26 17:37:09.000000000,closed,1,Cast Map to IDictionary
1728,2019-02-11 12:19:30.000000000,2019-03-15 13:50:28.000000000,closed,21,[WIP] Compile fsx
1727,2019-02-10 09:38:17.000000000,2019-02-12 07:49:04.000000000,closed,3,Replaced Fable.Repl with Fable.Standalone
1726,2019-02-10 02:04:23.000000000,2019-02-13 21:59:34.000000000,closed,2,"aDateTime.ToString(""hh:mm:ss.fff"") wrong"
1725,2019-02-08 20:41:46.000000000,2019-02-11 17:17:15.000000000,closed,2,Handle nuspec files without dependency groups
1724,2019-02-08 15:27:34.000000000,2019-02-11 17:17:15.000000000,closed,4,Failure to compile with Fable 2 (ProjectCracker.tryGetFablePackage throws)
1723,2019-02-08 05:14:04.000000000,2019-02-11 18:40:43.000000000,closed,7,Repo restructure
1722,2019-02-06 22:25:32.000000000,1970-01-01 00:00:00.000000001,open,9,MailboxProcessor stops processing after 667 Post messages
1721,2019-02-05 16:45:23.000000000,2019-02-10 19:03:57.000000000,closed,2,Fixed file names on Windows
1720,2019-02-02 19:10:14.000000000,2019-02-04 15:18:20.000000000,closed,1,Added ValueOption
1719,2019-02-02 14:28:53.000000000,2019-02-04 12:45:45.000000000,closed,6,Fable not compatible with IE 11
1718,2019-02-01 02:56:37.000000000,2019-02-01 04:40:19.000000000,closed,2,A GUID is not a string
1717,2019-01-31 19:11:12.000000000,2019-02-01 15:36:10.000000000,closed,4,Attaching members to JS classes/function constructors
1716,2019-01-30 09:45:41.000000000,2019-01-30 16:04:32.000000000,closed,0,use Seq.windowed got Object(...) is not a function error
1715,2019-01-29 04:57:41.000000000,2019-01-29 14:37:42.000000000,closed,2,Seq.exists or forall aren't lazy
1714,2019-01-28 09:30:59.000000000,2019-01-28 15:29:43.000000000,closed,64,Added ParseAndCheckFileInProject
1713,2019-01-24 19:45:59.000000000,2019-01-26 01:11:50.000000000,closed,21,Add JsConstructor and JsIndexer attributes
1712,2019-01-20 16:13:11.000000000,2019-01-22 17:00:33.000000000,closed,0,A HashSet<'t> wrapped in a generic class doesn't respect structural equality
1711,2019-01-19 22:58:17.000000000,2019-01-21 16:07:31.000000000,closed,1,Info on bitwise operations on small integers
1710,2019-01-18 21:15:46.000000000,2019-01-21 16:11:02.000000000,closed,2,JS.JSON.stringify converts DateTimeOffset to UTC format
1709,2019-01-16 22:47:46.000000000,1970-01-01 00:00:00.000000001,open,1,Fable 2.0 must return function for react `createElement` like [<Pojo>] used to
1708,2019-01-16 19:38:17.000000000,2019-01-16 21:39:02.000000000,closed,1,Add List.exactlyOne
1707,2019-01-15 03:28:48.000000000,2019-01-15 15:29:53.000000000,closed,1,Add support for more TimeSpan.ToString options
1706,2019-01-14 12:18:24.000000000,2019-01-14 14:06:01.000000000,closed,4,Fixed #1705
1705,2019-01-13 11:33:21.000000000,2019-01-14 14:06:01.000000000,closed,0,Array.choose always returns empty array for numeric option output types
1704,2019-01-11 15:24:10.000000000,2019-01-15 15:53:27.000000000,closed,5,TimeSpan.ToString
1703,2019-01-10 20:14:09.000000000,2019-02-09 03:16:24.000000000,closed,5,Fable generates curried callback instead of tupled
1702,2019-01-09 23:40:31.000000000,1970-01-01 00:00:00.000000001,open,3,Clarify list vs. seq vs. array vs. ResizeArray
1701,2019-01-09 05:05:04.000000000,2019-01-09 14:08:07.000000000,closed,2,Updating how to get Fable Version in 2.1
1700,2019-01-09 04:57:19.000000000,2019-01-10 03:44:48.000000000,closed,2,"""Cannot find module './lib/big' from Decimal.js"" with fable-splitter"
1699,2019-01-08 16:53:08.000000000,2019-01-08 20:13:00.000000000,closed,2,Fix try parse int64 uint64
1698,2019-01-07 19:21:10.000000000,2019-01-09 22:38:47.000000000,closed,15,Problem with reflection info of delegate types
1697,2019-01-07 00:43:49.000000000,2019-01-07 22:13:29.000000000,closed,1,Add undefined
1696,2019-01-05 02:28:56.000000000,2019-01-10 04:40:23.000000000,closed,6,Arguments cannot be passed byref
1695,2019-01-04 21:19:21.000000000,2019-01-08 15:12:08.000000000,closed,5,TimeSpan Parse and TryParse
1694,2019-01-04 21:18:44.000000000,2019-01-10 04:46:24.000000000,closed,1,TimeSpan.Parse and TimeSpan.TryParse missing support
1693,2019-01-04 13:41:42.000000000,2019-01-04 13:41:48.000000000,closed,0,Test failing on Windows
1692,2018-12-31 16:13:09.000000000,2019-01-08 21:27:48.000000000,closed,10,Seq.js: Uncaught TypeError: xs[Symbol.iterator] is not a function
1691,2018-12-31 06:05:56.000000000,2019-01-08 15:01:26.000000000,closed,1,[fable-compiler-js] Clear cache to ease GC pressure
1690,2018-12-30 08:09:06.000000000,1970-01-01 00:00:00.000000001,open,7,New Documentation for Fable and all core libraries
1689,2018-12-30 05:03:51.000000000,2019-01-08 14:26:43.000000000,closed,1,List.pairwise missing?
1688,2018-12-27 15:42:18.000000000,2019-01-07 22:41:07.000000000,closed,1,Add document to jsKeyword
1687,2018-12-23 14:59:41.000000000,2019-01-07 22:41:07.000000000,closed,1,Fable produces name collision when using parameter name `document` and using Browser.document in the same scope
1686,2018-12-20 22:52:43.000000000,2019-01-07 22:39:01.000000000,closed,2,Removed dotnet fable from example
1685,2018-12-20 22:41:00.000000000,2019-01-07 20:50:03.000000000,closed,9,Cannot type test: interface
1684,2018-12-20 22:10:24.000000000,2019-01-07 22:35:58.000000000,closed,11,Pass babel options from splitter config when transforming js file.
1683,2018-12-20 19:47:49.000000000,2019-01-08 14:54:00.000000000,closed,1,System.Math.Truncate and other Math operations are missing
1682,2018-12-20 19:30:26.000000000,2019-02-13 21:57:16.000000000,closed,4,Rounding Error on Decimals
1681,2018-12-19 23:52:51.000000000,2019-01-07 22:20:39.000000000,closed,1,Update getting started link in readme
1680,2018-12-19 09:09:59.000000000,2019-01-07 22:18:45.000000000,closed,1,Add List.Exists
1679,2018-12-18 18:12:54.000000000,2018-12-18 18:37:57.000000000,closed,2,c
1678,2018-12-18 17:20:35.000000000,1970-01-01 00:00:00.000000001,open,4,BigInt does not have toJSON implementation
1677,2018-12-17 15:23:48.000000000,2019-05-15 11:30:47.000000000,closed,5,Detect Fable.Core.ImportAttribute in GetDeclarationLocation
1676,2018-12-17 13:36:44.000000000,2018-12-21 21:26:11.000000000,closed,2,[fable-compiler-js] Emit JS issue
1675,2018-12-17 13:10:30.000000000,2018-12-17 14:25:52.000000000,closed,1,Fixes #1674
1674,2018-12-17 12:26:04.000000000,2018-12-17 14:25:53.000000000,closed,5,fable-compiler-js not working on Windows
1673,2018-12-17 04:03:28.000000000,2018-12-17 04:50:21.000000000,closed,1,Repl Interface cleanup
1672,2018-12-12 17:58:23.000000000,2018-12-13 03:10:59.000000000,closed,2,Problem with List.filter
1671,2018-12-12 04:25:40.000000000,2018-12-12 06:03:59.000000000,closed,2,Cannot use Seq.map on ResizeArray of tupples
1670,2018-12-12 02:46:13.000000000,2018-12-17 02:03:43.000000000,closed,28,Fable-loader is failing HMR
1669,2018-12-11 15:27:43.000000000,2018-12-11 15:32:10.000000000,closed,3,Added LazyPattern operator
1668,2018-12-11 08:35:20.000000000,2018-12-11 08:50:30.000000000,closed,1,Import tests failing on Windows
1667,2018-12-09 08:14:25.000000000,2018-12-11 15:15:17.000000000,closed,2,Cannot find inline type extensions
1666,2018-12-09 06:36:51.000000000,2018-12-09 18:24:48.000000000,closed,3,Updated metadata2 binaries to 2.2.100
1665,2018-12-09 02:59:09.000000000,2018-12-09 05:57:09.000000000,closed,1,Fixed parsing to match F# behavior a bit closer.
1664,2018-12-08 03:42:09.000000000,2018-12-08 04:14:45.000000000,closed,2,Cannot retreive metadata of built-in Choice type (v2.1.4)
1663,2018-12-07 19:07:56.000000000,2018-12-11 13:56:25.000000000,closed,5,Missing polyfill for trimStart and trimStart
1662,2018-12-07 18:54:47.000000000,2018-12-08 02:40:04.000000000,closed,2,Type aliases with same name in different modules of same file
1661,2018-12-07 14:39:05.000000000,2018-12-07 15:01:08.000000000,closed,2,"Fable compiles class methods to loose functions, causing issues with removeEventListener"
1660,2018-12-06 21:37:31.000000000,2018-12-06 23:30:04.000000000,closed,1,Number parsing update
1659,2018-12-06 15:08:39.000000000,2019-05-20 01:50:46.000000000,closed,7,Values are not cached in partial applications
1658,2018-12-04 06:24:53.000000000,2018-12-04 15:38:55.000000000,closed,1,"Array.choose attempts to construct an array of the input type, instead of the output type"
1657,2018-12-03 17:38:36.000000000,2018-12-03 18:24:41.000000000,closed,6,Fable-loader 2.1: compilation fails
1656,2018-12-01 21:52:22.000000000,2018-12-02 14:33:02.000000000,closed,6,Can two nuget packages use the same module/namespace?
1655,2018-11-30 06:27:04.000000000,2018-11-30 19:50:13.000000000,closed,5,FSharp.Core.Result desearilzation is broken
1654,2018-11-30 02:38:13.000000000,2018-12-04 14:42:48.000000000,closed,12,List.toArray broken in IE11
1653,2018-11-28 21:40:09.000000000,2018-12-12 06:05:58.000000000,closed,5,TimeSpan.ToString(string) doesn't work
1652,2018-11-28 18:27:25.000000000,2018-11-28 18:52:21.000000000,closed,4,Adding chalk to fable-splitter
1651,2018-11-27 16:00:52.000000000,1970-01-01 00:00:00.000000001,open,11,Move REPL components to this repository
1650,2018-11-27 01:21:45.000000000,2018-11-27 02:15:30.000000000,closed,1,Updated install command
1649,2018-11-22 03:37:00.000000000,2018-11-22 14:32:10.000000000,closed,7,Distribute Fable packages too through npm?
1648,2018-11-22 02:24:29.000000000,2018-12-15 13:24:10.000000000,closed,16,"(fable-compiler, REPL) Incremental building for projects with multiple files"
1647,2018-11-21 20:29:00.000000000,2018-11-22 12:25:04.000000000,closed,10,Fable 1 elmish and popups problem.
1646,2018-11-21 19:18:54.000000000,2018-11-22 19:39:49.000000000,closed,4,fable-splitter allFiles: true is being ignored
1645,2018-11-20 19:34:59.000000000,2018-11-21 00:38:47.000000000,closed,1,Added allFiles flag to example + fix typo
1644,2018-11-20 18:03:32.000000000,2018-11-20 19:43:30.000000000,closed,6,Question: about fable-compiler-dotnet
1643,2018-11-20 12:10:03.000000000,2018-11-20 18:58:38.000000000,closed,2,"Error NU1100: Unable to resolve 'dotnet-fable (>= 1.3.7)' for '.NETCoreApp,Version=v2.1'"
1642,2018-11-20 00:51:45.000000000,1970-01-01 00:00:00.000000001,open,4,"When a Seq is represented as an iterator, printfn ""%A"" produces incorrect formatting"
1641,2018-11-19 15:38:19.000000000,2018-11-19 16:23:42.000000000,closed,2,fixes #1623
1640,2018-11-19 12:36:47.000000000,2018-11-29 17:22:20.000000000,closed,12,Elmish messages have weird type in Fable 2.0
1639,2018-11-16 04:54:25.000000000,2018-11-29 17:22:17.000000000,closed,7,"Fable 2.1: back to npm, back home"
1638,2018-11-14 18:44:57.000000000,1970-01-01 00:00:00.000000001,open,8,[WIP] add replacements for System.Numerics Vector3 / Quaternion
1637,2018-11-14 15:56:15.000000000,2018-12-12 06:13:37.000000000,closed,8,Unable to parse a GUID 
1636,2018-11-14 15:00:56.000000000,2018-11-14 15:28:25.000000000,closed,2,Add section unit testing
1635,2018-11-13 22:23:38.000000000,2018-11-27 14:41:26.000000000,closed,2,GlobalAttribute on a field compiles down to method calls
1634,2018-11-13 21:40:51.000000000,2018-12-12 02:42:51.000000000,closed,10,for loop var gets overwritten when captured by  concurrent promises
1633,2018-11-12 18:32:18.000000000,2018-12-11 04:09:33.000000000,closed,2,Fable compiler instructions for local use need updating
1632,2018-11-11 20:03:39.000000000,2018-11-27 14:42:49.000000000,closed,5,Fable 2 errors when source is in ntfs reparse point
1631,2018-11-10 06:02:27.000000000,2018-11-11 03:49:12.000000000,closed,3,Compile fable-core BigInt from F#
1630,2018-11-09 13:08:45.000000000,2018-11-09 15:04:52.000000000,closed,1,Typo fix
1629,2018-11-07 12:04:46.000000000,2018-11-07 14:43:30.000000000,closed,1,fable-compiler update
1628,2018-11-05 21:55:53.000000000,2018-11-05 22:29:00.000000000,closed,1,String.filter Char.IsDigit hangs the browser
1627,2018-11-05 04:02:02.000000000,2018-11-12 19:15:49.000000000,closed,9,"[WIP] Add Decimal type, fix #1620"
1626,2018-11-05 00:08:56.000000000,2018-11-05 02:39:34.000000000,closed,1,Fixed broken DateTimeOffset tests
1625,2018-11-02 19:32:16.000000000,2018-11-03 01:01:33.000000000,closed,6,Beyond JavaScript
1624,2018-11-02 16:00:07.000000000,2018-11-04 05:13:46.000000000,closed,9,Optimize tailcalls returning units
1623,2018-10-31 15:42:15.000000000,2018-11-19 16:23:44.000000000,closed,3,BigInt literal incorrectly created from int32
1622,2018-10-30 19:26:38.000000000,2018-10-31 01:20:12.000000000,closed,3,Attribute to compile arguments as JS object
1621,2018-10-30 18:06:19.000000000,2018-10-31 10:53:43.000000000,closed,12,Question on Fable.Repl
1620,2018-10-30 17:39:29.000000000,2018-11-12 19:15:51.000000000,closed,13,Unsound decimal behavior
1619,2018-10-29 20:02:19.000000000,2018-11-27 14:43:58.000000000,closed,4,adding a replacement for StopWatch
1618,2018-10-27 11:20:38.000000000,2018-10-27 13:32:12.000000000,closed,5,Fable CLI doesn't work with Fable.Core v2.0.1?
1617,2018-10-26 22:14:18.000000000,2018-10-27 11:23:41.000000000,closed,1,Implement eprintf and eprintfn
1616,2018-10-24 17:35:59.000000000,2018-10-27 11:23:41.000000000,closed,1,[Fable1.x -> 2.x] eprintfn no longer works
1615,2018-10-22 20:21:55.000000000,2020-05-07 00:05:26.000000000,closed,29,Adding Babel types
1614,2018-10-21 03:45:46.000000000,2018-10-21 18:31:08.000000000,closed,6,fable-compiler version update
1613,2018-10-20 23:24:33.000000000,2018-10-21 01:36:09.000000000,closed,4,(fable-compiler) Handle project references
1612,2018-10-20 05:09:52.000000000,2018-10-20 20:36:02.000000000,closed,0,fable-compiler update
1611,2018-10-19 17:35:44.000000000,2018-10-20 02:05:21.000000000,closed,5,Tackle #1389 Throw proper Error when match cases are incomplete
1610,2018-10-19 01:10:39.000000000,2018-10-20 02:05:48.000000000,closed,0,"Fix #1602: constructor ""as this"" notation"
1609,2018-10-17 14:42:10.000000000,2018-10-17 18:50:54.000000000,closed,1,keyValueList Case issue after tuples
1608,2018-10-16 05:03:16.000000000,2018-10-16 12:37:09.000000000,closed,0,fable-compiler update
1607,2018-10-16 02:33:01.000000000,2018-11-05 14:01:25.000000000,closed,1,"Fable 2.0 compiler error ""You must pass a scope and parentPath unless traversing..."" when using same member name in module"
1606,2018-10-15 18:24:18.000000000,2018-10-16 13:45:31.000000000,closed,2,Improve compatibility of Fable REPL Lib files
1605,2018-10-15 05:07:19.000000000,2018-10-15 19:31:47.000000000,closed,2,fable-compiler update
1604,2018-10-15 01:14:12.000000000,2018-10-16 01:49:58.000000000,closed,4,Fable 2.0.4 fails to build on linux (in travis CI) 
1603,2018-10-14 01:28:28.000000000,2018-10-14 18:37:09.000000000,closed,2,JavaScript-only fable-compiler
1602,2018-10-12 16:56:47.000000000,2018-10-20 02:05:50.000000000,closed,6,"Fable 2.0 + React, constructor ""as this"" notation producing errors in console"
1601,2018-10-12 14:41:18.000000000,1970-01-01 00:00:00.000000001,open,11,Compiling F# modules to WebAssembly
1600,2018-10-11 23:41:23.000000000,2018-10-18 16:45:17.000000000,closed,5,Running Fable in non-daemon mode?
1599,2018-10-11 18:37:50.000000000,2018-10-12 12:40:19.000000000,closed,9,Module not found: Error: Can't resolve '.fable/fable-core.2.0.0/Types' when all files at the same level
1598,2018-10-08 09:17:54.000000000,2018-10-08 17:41:34.000000000,closed,1,Repl parsing update
1597,2018-10-06 22:50:47.000000000,2018-10-08 18:45:29.000000000,closed,5,Is keyValueList non recursive anymore?
1596,2018-10-06 10:00:42.000000000,1970-01-01 00:00:00.000000001,open,8,Fix for #1593 added some date tostring options
1595,2018-10-06 06:31:44.000000000,2018-10-08 17:43:07.000000000,closed,3,Fix for #1594 Array.partition results are too long
1594,2018-10-06 06:26:28.000000000,2018-10-08 17:44:23.000000000,closed,2,Array.partition results are too long
1593,2018-10-05 11:42:49.000000000,1970-01-01 00:00:00.000000001,open,10,"DateTime Format ToString(""MMMM yyyy"");"
1592,2018-10-04 05:27:35.000000000,2018-10-04 12:22:15.000000000,closed,1,Fixes #1586
1591,2018-10-03 20:40:24.000000000,2018-10-04 00:22:02.000000000,closed,2,Add basic docs for #1398
1590,2018-10-03 16:54:16.000000000,2018-10-03 17:45:34.000000000,closed,1,Optimization updates
1589,2018-10-03 14:03:32.000000000,2018-10-03 16:04:43.000000000,closed,1,Update Rollup plugin
1588,2018-10-03 11:48:51.000000000,2018-10-03 12:24:11.000000000,closed,2,MailboxProcessor doesn't return falsy values through PostAndAsyncReply
1587,2018-10-03 06:00:17.000000000,2018-10-11 02:26:23.000000000,closed,1,Make it possible to define conditional constants in Fable REPL
1586,2018-10-03 02:44:40.000000000,2018-10-04 02:08:44.000000000,closed,11,Int64 regression: parsing negative numbers as positive ones 
1585,2018-10-02 13:45:07.000000000,2018-10-02 14:46:53.000000000,closed,0,[Fable 2] warning FABLE: Cannot make conversion at compile time because source type is unknown
1584,2018-10-01 17:57:29.000000000,2018-10-01 21:17:43.000000000,closed,0,Optimizations updates
1583,2018-10-01 12:19:36.000000000,2018-10-01 21:08:24.000000000,closed,12,Strange behavior of min/max function under sub scope
1582,2018-09-30 16:52:24.000000000,2018-10-03 02:48:04.000000000,closed,3,Seq.sumBy and Seq.sum don't resolve static plus members of custom types
1581,2018-09-29 17:31:29.000000000,2018-09-29 20:43:01.000000000,closed,1,Make the NuGet badge show the version of dotnet-fable
1580,2018-09-29 13:50:49.000000000,2018-09-30 00:34:04.000000000,closed,7,Can't type tests interfaces in Fable 2
1579,2018-09-28 09:29:35.000000000,2018-09-29 19:49:03.000000000,closed,5,How to deliver mug
1578,2018-09-28 01:49:25.000000000,2018-09-28 03:25:50.000000000,closed,3,Fix circular dependencies in Types.js for repl2 Edge compatibility
1577,2018-09-26 18:09:43.000000000,2018-12-12 14:40:57.000000000,closed,13,question about Vanilla JS template
1576,2018-09-26 17:40:56.000000000,2018-09-26 18:14:33.000000000,closed,5,update link to FAQ in github
1575,2018-09-26 05:38:36.000000000,2018-09-28 10:56:27.000000000,closed,6,(2.0.0-beta-005) Cannot find inlined extension member
1574,2018-09-26 05:14:57.000000000,2018-09-27 18:57:13.000000000,closed,0,Minor bench updates
1573,2018-09-25 13:10:53.000000000,2018-09-27 18:57:13.000000000,closed,6,[REPL2] printf doesn't compile with optimizations enabled
1572,2018-09-13 19:04:14.000000000,2018-09-15 15:14:23.000000000,closed,4,add replacements for System.Uri
1571,2018-09-12 14:07:52.000000000,2018-09-18 14:07:53.000000000,closed,3,"Seq.map val.Split doesn't work, Seq.map val_is_Split does"
1570,2018-09-10 14:31:24.000000000,2018-09-10 16:53:52.000000000,closed,2,Use lower case path for dedup
1569,2018-09-09 15:02:53.000000000,2018-09-09 17:40:33.000000000,closed,1,Fixes #1539
1568,2018-09-09 01:03:46.000000000,2018-09-09 01:24:45.000000000,closed,1,improve numbers.md
1567,2018-09-09 00:18:41.000000000,2018-09-09 00:42:55.000000000,closed,1,fixed bench build
1566,2018-09-08 13:28:57.000000000,2018-09-08 15:14:32.000000000,closed,5,Added missing replacement
1565,2018-09-07 18:34:06.000000000,2018-09-10 14:04:33.000000000,closed,2,Will the fable-core npm package be updated?
1564,2018-09-07 17:52:17.000000000,2018-09-08 19:09:51.000000000,closed,3,Mention type providers are not supported by Fable
1563,2018-09-07 16:50:48.000000000,2018-09-09 23:40:52.000000000,closed,10,CaseRules.LowerFirst of keyValueList is applied after [<CompiledName>] attribute
1562,2018-09-07 14:27:26.000000000,2018-09-07 15:35:49.000000000,closed,0,Attach interfaces members to prototype
1561,2018-09-06 23:49:06.000000000,2018-10-04 06:36:52.000000000,closed,3,Records with single field of type unit generate broken constructor
1560,2018-09-06 19:38:37.000000000,2018-09-06 20:04:07.000000000,closed,1,add 3 special symbols 
1559,2018-09-06 10:32:07.000000000,2018-09-06 11:58:49.000000000,closed,1,add question which files need to be included in the nuget package
1558,2018-09-04 21:47:42.000000000,2018-09-04 23:01:05.000000000,closed,1,update numbers.md
1557,2018-09-04 12:09:32.000000000,2018-09-04 12:52:03.000000000,closed,1,Fable.Core update
1556,2018-09-04 00:48:57.000000000,2018-09-04 11:38:24.000000000,closed,1,Fix AppVeyor artifacts
1555,2018-09-03 15:27:13.000000000,2018-09-03 15:48:04.000000000,closed,1,Fix #1542
1554,2018-09-03 14:04:01.000000000,2018-09-03 16:02:31.000000000,closed,3,Added compiler directive question
1553,2018-09-03 01:08:42.000000000,2018-09-03 01:24:42.000000000,closed,1,Fixed bench build
1552,2018-09-02 01:18:54.000000000,2018-09-02 02:18:17.000000000,closed,1,Fix typo
1551,2018-09-01 19:01:41.000000000,2018-09-02 06:04:49.000000000,closed,1,Fix truncation of large unsigned bitwise op results
1550,2018-09-01 15:27:20.000000000,2018-09-02 13:33:43.000000000,closed,4,Bitwise ops do not work on uint32
1549,2018-08-31 19:36:34.000000000,2018-08-31 19:54:46.000000000,closed,1,Fixed Option.contains
1548,2018-08-31 19:28:27.000000000,2018-08-31 20:21:26.000000000,closed,4,fable-utils@1.1.0 (latest) isn't compatible with fable-loader@1.1.6 (latest)
1547,2018-08-31 11:03:12.000000000,2018-11-27 14:44:42.000000000,closed,15,Proper generic parameters / flexible interface call support
1546,2018-08-31 01:57:27.000000000,2018-08-31 11:02:35.000000000,closed,1,make integer conversion semantics closer to .NET as per #1532
1545,2018-08-30 17:47:45.000000000,2018-08-31 03:15:33.000000000,closed,2,SVG function for Elmish views generates warnings
1544,2018-08-30 00:45:54.000000000,2018-09-05 14:34:14.000000000,closed,9,fable repl (and repl2) locks up on bad input
1543,2018-08-28 20:38:48.000000000,2018-08-29 02:42:34.000000000,closed,1,Compile chars as JS strings again
1542,2018-08-28 15:19:05.000000000,2018-09-12 18:37:09.000000000,closed,1,Erased DU case not working with variable as key ([<Erase>] Custom of string * obj)
1541,2018-08-27 18:10:46.000000000,2018-09-02 18:57:12.000000000,closed,6,(dev 2.0) 32 bit integer arithmetic does not truncate
1540,2018-08-27 14:12:28.000000000,2018-08-31 23:34:12.000000000,closed,24,Fable is not running initialization code of modules in the correct order?
1539,2018-08-27 02:56:42.000000000,2018-09-09 17:40:35.000000000,closed,7,(dev 2.0) 0xFFFFFFFFu is read as 0u in REPL2
1538,2018-08-26 05:19:44.000000000,2018-08-26 17:16:27.000000000,closed,1,List.fs update
1537,2018-08-24 17:08:27.000000000,2018-11-27 14:50:04.000000000,closed,3,"(dev2.0) Inline property miscompilation, builder methods no longer possible"
1536,2018-08-24 14:44:27.000000000,2018-12-12 02:44:28.000000000,closed,9,LanguagePrimitives.EnumOfValue cannot be resolved unless inlined and enum inline problem
1535,2018-08-24 03:26:08.000000000,2018-08-24 13:17:01.000000000,closed,1,"Initial work on improving ""toHex"""
1534,2018-08-24 01:30:24.000000000,2018-08-24 01:50:51.000000000,closed,2,Fix overloaded inline methods in other files
1533,2018-08-23 21:32:21.000000000,2018-08-26 16:59:08.000000000,closed,4,Empty interfaces cannot inherit members
1532,2018-08-23 01:45:02.000000000,2018-09-08 15:22:33.000000000,closed,8,(dev2.0) Document fully numeric conversions (and make them more consistent)
1531,2018-08-22 03:05:37.000000000,2018-08-27 02:36:57.000000000,closed,3,Inlined overloaded methods are not resolved properly without optimization
1530,2018-08-22 02:31:19.000000000,2018-08-27 02:38:37.000000000,closed,26,"(dev2.0) strange behaviour of printf ""%x"""
1529,2018-08-22 01:26:20.000000000,2018-08-22 01:55:52.000000000,closed,1,Added support for using operators as functions
1528,2018-08-21 19:57:37.000000000,2018-08-22 01:33:58.000000000,closed,1,[Fable 1] Add test for Map.TryGetValue
1527,2018-08-21 19:42:51.000000000,2018-08-22 01:55:52.000000000,closed,1,(dev 2.0) missing booleanOr operator
1526,2018-08-21 19:01:31.000000000,2018-08-28 01:18:59.000000000,closed,6,[Fable 2] Add test for  Map.TryGetValue
1525,2018-08-21 14:16:34.000000000,2018-08-22 14:07:24.000000000,closed,5,Inherited members shadowing inconsistencies
1524,2018-08-19 16:39:04.000000000,2018-08-29 02:42:34.000000000,closed,4,String.join with chars return weird result
1523,2018-08-19 13:13:45.000000000,2018-12-11 05:31:43.000000000,closed,5,inline modifier messes up webpack re-compilation (probably expected behavior)
1522,2018-08-18 21:45:44.000000000,2018-08-21 17:16:56.000000000,closed,1,[WIP] Add EnumToValue implementation and test
1521,2018-08-18 21:41:24.000000000,2018-08-21 17:17:25.000000000,closed,1,Cannot resolve Microsoft.FSharp.Core.LanguagePrimitives.EnumToValue
1520,2018-08-18 03:29:20.000000000,2018-08-22 06:44:54.000000000,closed,3,How to use System.Diagnostics.Contracts ?
1519,2018-08-16 03:17:45.000000000,2018-08-22 01:53:14.000000000,closed,1,Cannot resolve Microsoft.FSharp.Reflection.FSharpType.MakeTupleType
1518,2018-08-15 13:12:33.000000000,2018-08-26 20:41:22.000000000,closed,7,Would it be possible to use Fable as a viewengine?
1517,2018-08-15 07:18:37.000000000,2018-08-15 19:43:00.000000000,closed,2,Bigint exponentiation returns NaN
1516,2018-08-14 19:49:01.000000000,2018-08-27 02:36:21.000000000,closed,2,Strange behaviour with unit -> unit members
1515,2018-08-13 15:11:46.000000000,2018-08-13 17:24:34.000000000,closed,1,[dotnet-fable] Return non-zero error code when CLI arguments are wrong
1514,2018-08-11 00:12:43.000000000,2018-08-24 16:37:40.000000000,closed,3,.fable folder doesn't keep up to date with local packages
1513,2018-08-10 15:42:55.000000000,2018-08-10 20:19:20.000000000,closed,4,[dotnet-fable] Return non-zero error code when CLI arguments are wrong
1512,2018-08-10 02:23:28.000000000,2018-12-12 14:41:17.000000000,closed,0,[ON HOLD] Add experimental fable-optimize flag
1511,2018-08-05 21:42:27.000000000,2018-08-06 20:36:49.000000000,closed,1,Added webpack option for REPL
1510,2018-08-03 11:12:53.000000000,2018-08-03 16:57:51.000000000,closed,1,Fix docs link to EmitAttribute in xmldocs
1509,2018-08-02 16:44:11.000000000,2018-08-15 11:45:07.000000000,closed,9,inconsistencies with arrays
1508,2018-08-02 02:07:02.000000000,2018-09-05 15:19:32.000000000,closed,3,[website] fable.io broken API link
1507,2018-07-31 14:28:30.000000000,2018-08-04 11:04:49.000000000,closed,11,Added trampoline
1506,2018-07-24 16:11:23.000000000,2018-11-27 14:56:10.000000000,closed,7,(dev2.0) Issue with constructors that use `as X`
1505,2018-07-24 07:00:37.000000000,2020-02-27 01:45:58.000000000,closed,11,[WIP] Buffer based StringBuilder
1504,2018-07-24 02:46:37.000000000,2018-12-12 03:43:50.000000000,closed,2,TypedArray types/constructors are float based
1503,2018-07-24 01:31:07.000000000,2018-07-24 18:19:48.000000000,closed,1,Save optimized ast
1502,2018-07-24 00:14:42.000000000,2018-07-24 00:15:03.000000000,closed,18,More aggressive binding erasing
1501,2018-07-23 00:13:36.000000000,2018-12-12 04:45:44.000000000,closed,1,Currying issue with ksprintf
1500,2018-07-22 23:33:24.000000000,2018-12-12 02:36:41.000000000,closed,15,Improve replacements for StringBuilder.
1499,2018-07-22 21:52:25.000000000,2018-07-24 00:18:11.000000000,closed,4,Improve DateTime handling
1498,2018-07-21 22:23:32.000000000,2018-10-04 01:23:41.000000000,closed,2,(dev2.0) Bug in replacement of datetime/datetimeoffset
1497,2018-07-21 16:52:29.000000000,2018-07-24 00:15:44.000000000,closed,0,Fix tests localization issue
1496,2018-07-20 15:14:48.000000000,2018-07-20 15:55:20.000000000,closed,1,Added some replacements
1495,2018-07-20 05:46:53.000000000,2018-07-20 15:53:22.000000000,closed,3,(dev2.0) CLI alpha-031 can't detect Fable.Core version and fails to compile a project
1494,2018-07-20 00:26:37.000000000,2018-07-20 14:58:48.000000000,closed,1,Links in github wiki gives a 404 error
1493,2018-07-19 17:16:38.000000000,2018-08-30 11:59:37.000000000,closed,2,(dev2.0) Global values are compiled as getter methods
1492,2018-07-19 14:25:50.000000000,2018-08-05 21:43:25.000000000,closed,1,webpack for repl
1491,2018-07-19 02:51:08.000000000,2018-07-19 14:14:12.000000000,closed,3,"Bench cleanup, webpack update"
1490,2018-07-18 18:33:00.000000000,2018-07-26 00:42:59.000000000,closed,12,Fable doesn't work when using links for Nuget cache
1489,2018-07-18 00:03:59.000000000,2018-07-18 11:42:47.000000000,closed,1,Restore bench project
1488,2018-07-17 21:06:09.000000000,2018-10-08 11:36:02.000000000,closed,3,Fable show wrong project\file path error while compiling
1487,2018-07-17 11:52:24.000000000,2018-07-17 15:21:25.000000000,closed,4,Fixed list tests and REPL
1486,2018-07-17 03:10:23.000000000,2018-10-03 05:53:57.000000000,closed,2,DateTime <-> Tick roundtrip results in new values
1485,2018-07-17 00:53:32.000000000,2018-12-12 04:46:38.000000000,closed,1,Casting from/to signed/unsigned (u)int64 is a noop
1484,2018-07-16 23:48:26.000000000,2018-12-12 02:34:07.000000000,closed,1,(dev2.0) error in output (probably related to inline)
1483,2018-07-16 19:34:16.000000000,2018-11-27 14:52:10.000000000,closed,2,(dev 2.0) ofJson and toJson warnings
1482,2018-07-15 19:36:47.000000000,2018-11-27 14:52:33.000000000,closed,1,Error in bitshift with ulong
1481,2018-07-15 19:07:28.000000000,2018-07-16 12:48:10.000000000,closed,1,Fix uint64 multiplication
1480,2018-07-15 18:38:54.000000000,2018-07-17 02:26:59.000000000,closed,1,Error in multiplication with 0UL
1479,2018-07-12 18:57:51.000000000,2018-07-14 11:23:57.000000000,closed,7,(dev2.0) Extra namespace issue
1478,2018-07-12 18:50:47.000000000,2018-08-03 12:17:21.000000000,closed,4,specially named properties are incorrectly converted to js
1477,2018-07-12 18:05:15.000000000,2018-07-12 20:50:01.000000000,closed,0,Minor rename
1476,2018-07-12 08:58:01.000000000,2018-07-12 11:44:35.000000000,closed,2,Added SystemObject type
1475,2018-07-11 15:23:36.000000000,2018-07-12 13:48:26.000000000,closed,7,Use hashes as overload suffix (but indices for Replacements)
1474,2018-07-11 07:20:50.000000000,2018-07-11 11:24:42.000000000,closed,0,Hash update
1473,2018-07-10 12:08:11.000000000,2018-07-24 12:41:04.000000000,closed,9,Compile chars as numbers
1472,2018-07-10 08:46:07.000000000,2018-07-14 11:26:27.000000000,closed,7,(dev2.0) Object constructor and member overloads
1471,2018-07-09 21:55:04.000000000,2018-07-10 08:12:20.000000000,closed,2,(dev2.0-chars) JS import issue
1470,2018-07-09 20:53:43.000000000,2018-07-09 23:56:14.000000000,closed,1,More hash tests
1469,2018-07-09 03:46:04.000000000,2018-07-12 16:37:15.000000000,closed,4,(dev2.0) Hashing objects issue
1468,2018-07-09 03:43:59.000000000,2018-07-09 11:29:22.000000000,closed,0,Added hash tests
1467,2018-07-08 20:08:15.000000000,2018-07-08 21:32:39.000000000,closed,0,Remove some allocations
1466,2018-07-08 04:10:35.000000000,2018-07-08 12:33:10.000000000,closed,4,Added some intrinsics
1465,2018-07-07 05:29:41.000000000,2018-07-07 09:41:47.000000000,closed,1,Added StringBuilder
1464,2018-07-05 19:12:42.000000000,2018-07-10 08:13:12.000000000,closed,3,(dev2.0) Calling base members issue
1463,2018-07-04 21:59:05.000000000,2018-07-05 01:24:02.000000000,closed,0,Added some comments
1462,2018-07-04 13:51:17.000000000,2018-07-04 14:51:31.000000000,closed,1,Added Unicode category
1461,2018-07-03 20:07:03.000000000,2018-10-04 01:26:17.000000000,closed,5,Missing System.Char.IsPunctuation
1460,2018-07-03 05:16:44.000000000,2018-07-03 11:46:42.000000000,closed,0,Added UTF8 encoding
1459,2018-07-02 18:57:02.000000000,2018-07-03 14:42:55.000000000,closed,2,(dev2.0) More currying issues
1458,2018-07-01 18:43:05.000000000,2018-07-02 18:51:34.000000000,closed,3,(dev2.0) Wrong currying when calling base constructors.
1457,2018-07-01 03:16:52.000000000,2020-04-17 20:12:17.000000000,closed,35,(v2.0) REPL benchmark stats
1456,2018-07-01 02:53:31.000000000,2018-07-02 12:43:26.000000000,closed,0,REPL benchmark update
1455,2018-06-30 09:00:41.000000000,2018-08-30 12:10:31.000000000,closed,3,Fable splitter generates *.AssemblyInfo.js (under obj folder)script file when allFiles selected
1454,2018-06-29 22:45:07.000000000,2018-11-27 15:05:00.000000000,closed,7,(dev2.0) Casting from `obj` to interface is a noop
1453,2018-06-29 02:15:48.000000000,2018-08-30 12:00:40.000000000,closed,8,(dev2.0) Constructor mapping issue
1452,2018-06-29 01:46:01.000000000,2018-07-17 18:46:32.000000000,closed,2,(dev2.0) Interface casting round-trip issue
1451,2018-06-28 20:23:23.000000000,2018-06-29 01:11:20.000000000,closed,1,Fixed Seq.groupBy test
1450,2018-06-28 12:02:08.000000000,2018-06-28 12:23:24.000000000,closed,1,Updated distinctBy
1449,2018-06-27 19:47:50.000000000,2018-06-28 16:19:09.000000000,closed,2,(dev 2.0) uint64 should throw an error when passed an invalid string
1448,2018-06-27 02:32:46.000000000,2018-06-28 12:14:23.000000000,closed,0,(dev2.0) Invalid partialApply issue
1447,2018-06-27 01:45:55.000000000,2018-06-28 12:14:50.000000000,closed,0,(dev2.0) List matching on typed int lists issue
1446,2018-06-26 06:48:57.000000000,2018-06-26 12:10:36.000000000,closed,1,Fixed List.distinctBy
1445,2018-06-25 02:01:18.000000000,2018-06-28 12:15:23.000000000,closed,0,(dev2.0) Curry issue in unions
1444,2018-06-24 01:07:29.000000000,2018-06-28 12:15:44.000000000,closed,1,(dev2.0) Losing 'this' context
1443,2018-06-23 21:02:32.000000000,2018-06-24 01:49:55.000000000,closed,1,Added missing attribute
1442,2018-06-23 04:39:12.000000000,2018-06-23 19:27:21.000000000,closed,1,Fixed EntryPointAttribute
1441,2018-06-23 01:53:24.000000000,2018-06-28 12:16:23.000000000,closed,1,(dev2.0) Uncurry issue
1440,2018-06-22 11:49:06.000000000,2018-06-22 18:32:18.000000000,closed,0,Replacement fixes
1439,2018-06-22 11:46:10.000000000,2018-11-27 15:32:39.000000000,closed,12,Include files from all projects in output from fsproj
1438,2018-06-21 16:21:28.000000000,2018-11-27 15:00:41.000000000,closed,11,fable-splitter doesn't output errors in red (nor warnings in yellow)
1437,2018-06-21 15:57:27.000000000,2018-06-27 19:43:36.000000000,closed,2,(dev 2.0) System.Int64.Parse do not work
1436,2018-06-19 11:46:35.000000000,2018-06-28 12:18:39.000000000,closed,12,(dev2.0) Inherited type constructor issue
1435,2018-06-19 11:27:29.000000000,2018-06-19 13:32:24.000000000,closed,1,Fixed combineHashCodes
1434,2018-06-18 21:22:25.000000000,2018-06-19 02:01:57.000000000,closed,1,(dev2.0) Object Expressions issue
1433,2018-06-18 21:00:43.000000000,1970-01-01 00:00:00.000000001,open,7,Problem with sprintf in React component
1432,2018-06-18 16:28:47.000000000,2018-06-18 20:20:07.000000000,closed,1,Replacement updates
1431,2018-06-17 17:00:21.000000000,2018-06-17 17:00:56.000000000,closed,3,Dev2.0 types
1430,2018-06-15 19:41:10.000000000,2018-06-15 20:00:16.000000000,closed,6,Fixes #1428
1429,2018-06-15 00:28:23.000000000,2018-06-15 00:44:09.000000000,closed,1,Replacements cleanup
1428,2018-06-13 19:08:36.000000000,2018-06-19 10:43:20.000000000,closed,7,(dev2.0) Cannot type test any exception
1427,2018-06-13 12:17:39.000000000,2018-06-13 12:55:31.000000000,closed,15,ToString for records and unions
1426,2018-06-12 23:24:28.000000000,2018-06-13 01:48:50.000000000,closed,1,Reflection: recursively reading nested generic types fails with 'Maximum call stack size exceeded' error
1425,2018-06-12 21:15:02.000000000,2018-06-19 10:46:02.000000000,closed,5,dev2.0 cannot implement ToString for records and unions
1424,2018-06-11 13:50:27.000000000,2018-06-11 14:22:52.000000000,closed,1,Removed Long prototypes
1423,2018-06-10 05:28:55.000000000,2018-06-12 04:13:52.000000000,closed,4,[Q] What is correct: Some null or None when deserializing optional null strings from JSON?
1422,2018-06-09 23:30:40.000000000,1970-01-01 00:00:00.000000001,open,13,DateTime parsing
1421,2018-06-09 07:23:33.000000000,2018-06-11 14:39:29.000000000,closed,4,Weird failing type injection test: type names affect runtime metadata
1420,2018-06-09 05:07:19.000000000,2018-06-11 11:53:12.000000000,closed,8,Added BigInt
1419,2018-06-07 15:31:35.000000000,2018-06-07 21:15:39.000000000,closed,1,Add failing test for Array.concat with strings
1418,2018-06-06 00:51:06.000000000,2018-06-06 11:40:13.000000000,closed,1,Replacement fixes
1417,2018-06-05 19:40:15.000000000,2018-06-06 11:45:06.000000000,closed,1,Fix range check in getCharAtIndex
1416,2018-06-05 19:30:52.000000000,2018-06-06 11:47:19.000000000,closed,3,Add compiler version to defined directives
1415,2018-06-05 03:41:30.000000000,2018-06-12 20:52:59.000000000,closed,15,"dev2.0 branch - Babel error: ""You must pass a scope and parentPath unless traversing a Program/File."""
1414,2018-06-03 00:13:01.000000000,2018-06-03 18:49:46.000000000,closed,11,Unable to try out Fable (2.0.0-alpha-009) because of missing rootDir argument => incompatible fable-loader
1413,2018-06-01 03:25:47.000000000,2018-11-27 15:06:53.000000000,closed,18,Fable compiled as netcoreapp2.1 is failing
1412,2018-05-31 05:36:56.000000000,2018-05-31 19:24:12.000000000,closed,1,benchmark update
1411,2018-05-30 02:21:57.000000000,2018-10-16 13:23:37.000000000,closed,6,Serializing int64 inside discriminated unions generates irreversable JSON representation
1410,2018-05-29 18:33:20.000000000,2018-05-29 19:14:23.000000000,closed,2,Subrange with step size does not produce expected collection
1409,2018-05-27 19:10:50.000000000,2018-05-28 18:48:42.000000000,closed,2,benchmark update
1408,2018-05-25 09:12:42.000000000,2018-05-25 12:01:15.000000000,closed,8,"dotnet fable returns No executable found matching command ""dotnet-fable"""
1407,2018-05-24 13:49:05.000000000,2018-05-24 14:13:29.000000000,closed,1,Fix list comprehensions returning None
1406,2018-05-23 08:05:37.000000000,2018-05-24 00:19:47.000000000,closed,2,Add some list methods
1405,2018-05-17 21:34:15.000000000,2018-05-18 11:32:02.000000000,closed,1,Additional List functions
1404,2018-05-14 15:52:27.000000000,2018-07-07 09:47:01.000000000,closed,3,"Convert Json, Reflection tests files + correct of Misc tests file"
1403,2018-05-10 17:14:09.000000000,2018-05-24 14:25:42.000000000,closed,4,Creation of a list containing only None's results in an empty list
1402,2018-05-10 16:11:04.000000000,2018-05-10 18:42:24.000000000,closed,6,Pass more compiler options to FCS
1401,2018-05-10 01:48:25.000000000,2018-05-10 12:58:20.000000000,closed,2,Fix #1400: Fix Deserializing into int64 from json
1400,2018-05-09 22:10:13.000000000,2018-05-10 12:58:22.000000000,closed,0,ofJson unable to parse int64 when not represented as strings
1399,2018-05-08 00:27:37.000000000,1970-01-01 00:00:00.000000001,open,5,Missing support of `%*s` in sprintfn
1398,2018-05-06 14:22:04.000000000,2018-10-03 20:41:05.000000000,closed,9,Use the WarningsAsErrors-Property of MSBuild
1397,2018-05-04 23:38:29.000000000,2018-05-05 01:46:59.000000000,closed,3,Fable cannot import modules beginning with a number
1396,2018-05-02 18:34:08.000000000,2018-10-04 01:27:21.000000000,closed,19,Use https for fable.io
1395,2018-05-01 16:12:48.000000000,2018-05-05 02:21:10.000000000,closed,3,int64<unitofmeasure> compilation fails with Module build failed: Error: Unexpected type Number Int32
1394,2018-04-26 17:59:59.000000000,2018-04-26 19:44:59.000000000,closed,5,Block in webpack
1393,2018-04-23 01:58:35.000000000,2018-04-23 13:01:45.000000000,closed,1,Feature/work on map
1392,2018-04-21 14:09:48.000000000,2018-04-23 00:41:23.000000000,closed,2,Fix map construction
1391,2018-04-20 18:28:48.000000000,2018-04-20 18:30:51.000000000,closed,1,Docs: the Thot library has been renamed to Thoth
1390,2018-04-18 23:48:41.000000000,2018-04-18 23:52:33.000000000,closed,1,Implement Set.fs
1389,2018-04-18 19:09:55.000000000,2018-11-27 15:25:21.000000000,closed,4,Improve active pattern errors
1388,2018-04-18 03:39:12.000000000,2018-04-22 04:02:31.000000000,closed,6,Partially applied function as a record field is incorrectly curried when the first argument is unit
1387,2018-04-18 03:02:36.000000000,2018-04-18 13:09:02.000000000,closed,0,"Fix ""Set.IsEmpty works"" test"
1386,2018-04-13 11:15:10.000000000,2018-10-04 03:02:27.000000000,closed,2,Fable generates curried function for ResizeArray.Sort
1385,2018-04-12 18:45:12.000000000,2018-04-13 01:36:33.000000000,closed,6,Add some replacements
1384,2018-04-08 16:57:07.000000000,2018-04-10 00:10:19.000000000,closed,4,print AST
1383,2018-04-06 18:12:46.000000000,2018-09-04 19:09:11.000000000,closed,6,FABLE translates unsigned long integer ranges into infinite loops
1382,2018-04-06 12:02:06.000000000,2018-04-06 12:02:13.000000000,closed,0,Quickly testing Fable 1
1381,2018-03-29 11:36:14.000000000,2018-04-17 19:51:26.000000000,closed,4,js object : Best way to create and object with a js function inside?
1380,2018-03-28 18:16:30.000000000,2018-03-29 12:32:52.000000000,closed,13,Fable doesn't compile the project
1379,2018-03-27 21:26:39.000000000,2018-03-30 14:48:24.000000000,closed,7,Fix non-ValueType option deserialization
1378,2018-03-27 19:20:43.000000000,2018-11-27 15:08:24.000000000,closed,2,Stopify 
1377,2018-03-26 21:37:45.000000000,2018-04-03 01:47:57.000000000,closed,8,Rendering Fable React components in a TypeScript React app
1376,2018-03-26 19:00:25.000000000,2018-03-30 15:09:43.000000000,closed,3,bigint 0 times anything yields NaN
1375,2018-03-22 20:27:13.000000000,2018-03-22 21:02:57.000000000,closed,2,Fix client toJson serialization of DateTime in a DU field #1374
1374,2018-03-22 20:24:54.000000000,2018-03-23 01:28:16.000000000,closed,0,toJson serializes Date in a DU as an object
1373,2018-03-22 19:51:43.000000000,2018-03-23 01:37:20.000000000,closed,4,"No executable found matching command ""dotnet-fable"""
1372,2018-03-22 17:45:22.000000000,2018-10-16 14:52:18.000000000,closed,9,What' the meta programming story in Fable 2.0?
1371,2018-03-22 17:45:22.000000000,2018-03-22 17:55:44.000000000,closed,1,What
1370,2018-03-21 21:22:45.000000000,2018-11-14 04:07:02.000000000,closed,37,Helping with Fable 2 development
1369,2018-03-20 02:40:24.000000000,2018-11-27 15:24:42.000000000,closed,6,Simple fs -> js solution?
1368,2018-03-19 19:57:00.000000000,2018-11-06 09:45:27.000000000,closed,13,Some functions not being tail-call optimized
1367,2018-03-16 16:22:06.000000000,2018-03-16 16:57:22.000000000,closed,3,"No executable found matching command ""dotnet-fable"""
1366,2018-03-16 13:26:38.000000000,2018-03-17 07:48:09.000000000,closed,4,"Fable, Webpack, and Native Node.js Modules..."
1365,2018-03-15 19:28:58.000000000,2018-03-16 21:55:32.000000000,closed,2,Cannot find replacement for System.Decimal::TryParse
1364,2018-03-15 08:10:45.000000000,2018-03-21 20:41:37.000000000,closed,4,Parcel support?
1363,2018-03-13 15:29:37.000000000,2018-05-12 17:48:52.000000000,closed,7,Current examples for Fable.Import.Node ?
1362,2018-03-12 02:27:03.000000000,2018-03-21 14:46:50.000000000,closed,4,"ofJson cannot parse ""NaN"" to double/float"
1361,2018-03-08 19:24:55.000000000,2018-11-27 15:16:23.000000000,closed,14,CLI commands in Fable 2
1360,2018-03-08 18:56:56.000000000,2018-03-08 21:25:42.000000000,closed,3,`ignore` is ignored 
1359,2018-03-08 18:40:42.000000000,2018-03-08 21:10:15.000000000,closed,3,UInt64.MaxValue = 0UL (at fable.io/repl)
1358,2018-03-08 06:36:52.000000000,2018-03-08 20:46:29.000000000,closed,9,window / Option inconvenience
1357,2018-03-07 22:04:11.000000000,2018-03-08 20:48:47.000000000,closed,4,Printf on Edge and latest dependencies
1356,2018-03-06 17:27:08.000000000,2018-05-12 17:47:12.000000000,closed,28,JSInterop and obj - more docs needed?
1355,2018-03-05 18:52:59.000000000,2018-11-27 15:12:14.000000000,closed,4,Error when composing 2 functions
1354,2018-03-04 15:42:35.000000000,2018-03-04 15:45:27.000000000,closed,3,Update interacting.md
1353,2018-03-03 08:46:56.000000000,2018-11-27 15:11:00.000000000,closed,9,Old version of paket.exe in the dotnet project template?
1352,2018-03-02 19:15:34.000000000,2018-11-06 14:36:47.000000000,closed,17,Serializing in Fable 2
1351,2018-02-28 06:55:19.000000000,2018-11-27 15:13:43.000000000,closed,15,REPL regression in 1.3.8
1350,2018-02-27 03:23:15.000000000,2018-02-27 03:31:57.000000000,closed,1,Update setTimeout / setInterval signatures
1349,2018-02-27 00:30:44.000000000,2018-02-27 01:51:12.000000000,closed,8,Add setTimeout / setInterval to Fable.Import.Js
1348,2018-02-26 18:37:21.000000000,2018-02-26 19:08:09.000000000,closed,1,Fix expecto args order
1347,2018-02-23 20:01:31.000000000,2018-02-23 20:03:36.000000000,closed,2,Update Paket
1346,2018-02-21 21:51:40.000000000,2018-02-27 01:51:12.000000000,closed,2,Add setTimeout / setInterval to Fable.Import.Js
1345,2018-02-21 12:55:14.000000000,2018-02-21 13:09:37.000000000,closed,1,Fix sample in Rollup plugin README
1344,2018-02-19 00:36:23.000000000,2018-10-16 13:23:08.000000000,closed,3,ofJson<'T> fails to deserialize DateTime and returns a string instead
1343,2018-02-18 07:25:50.000000000,1970-01-01 00:00:00.000000001,open,4,Clashing member names cause runtime exception
1342,2018-02-16 18:14:38.000000000,2018-02-23 20:05:05.000000000,closed,8,Throw errors on List.Head and List.Tail with empty lists
1341,2018-02-14 02:45:07.000000000,2018-12-12 04:55:51.000000000,closed,1,List.tail [] yields undefined instead throwing an error
1340,2018-02-05 21:42:34.000000000,2018-02-05 22:18:13.000000000,closed,1,Added some intrinsics
1339,2018-02-02 19:53:12.000000000,1970-01-01 00:00:00.000000001,open,1,Failed to inline static method
1338,2018-02-02 01:51:03.000000000,2018-02-02 22:13:23.000000000,closed,1,Fix old links: 'typescript' -> 'js'
1337,2018-01-29 07:46:32.000000000,2018-08-31 19:54:46.000000000,closed,0,Option.contains error
1336,2018-01-28 18:16:05.000000000,2020-02-27 00:49:17.000000000,closed,2,Add a (failing) test for [<DefaultValue>]
1335,2018-01-26 17:34:44.000000000,2018-12-13 03:17:39.000000000,closed,3,Fable watch mode should allow to delete files from fsproj
1334,2018-01-23 15:53:52.000000000,2018-10-03 16:03:51.000000000,closed,8,Allow Fable to works without PAKET
1333,2018-01-22 23:33:02.000000000,1970-01-01 00:00:00.000000001,open,4,fable-splitter doesn't seem to preserve folder structure
1332,2018-01-18 13:43:29.000000000,2018-01-18 15:42:16.000000000,closed,3,update repl build symbols
1331,2018-01-18 13:27:32.000000000,2018-01-18 14:49:00.000000000,closed,2,Implement replacements for eprintf and friends
1330,2018-01-18 07:35:18.000000000,2018-11-27 15:43:31.000000000,closed,4,Code is unexpectedly executed multiple times
1329,2018-01-18 02:33:50.000000000,2018-01-18 03:18:34.000000000,closed,1,Display the status of the correct build in Readme
1328,2018-01-17 23:19:29.000000000,2018-01-18 14:49:00.000000000,closed,0,eprintfn not implemented
1327,2018-01-16 00:46:05.000000000,2018-08-23 12:36:57.000000000,closed,1,WIP: Pass current instance as first argument to imported extension methods #797
1326,2018-01-16 00:30:04.000000000,2018-01-23 04:01:33.000000000,closed,2,How to include Fable.Fable2Babel in a plugin ?
1325,2018-01-16 00:14:00.000000000,2018-01-16 01:16:59.000000000,closed,1,"Removed duplicated word ""like"""
1324,2018-01-15 18:01:45.000000000,2018-02-26 03:21:18.000000000,closed,9,Complete fable-core/Array module
1323,2018-01-15 15:44:58.000000000,2018-12-12 14:55:06.000000000,closed,1,Complete fable-core/Array module
1322,2018-01-14 05:07:46.000000000,2018-12-12 15:03:53.000000000,closed,5,Can't install Fable template on Linux with .NET Core 2.1.4
1321,2018-01-11 16:22:30.000000000,2018-12-12 15:14:24.000000000,closed,4,Inline code produce many calls to function with side effects that should be called only once
1320,2018-01-11 00:25:06.000000000,2018-01-11 02:02:25.000000000,closed,1,"use directly i link, so i can click and see the demo"
1319,2018-01-10 20:29:47.000000000,2018-01-11 01:47:42.000000000,closed,4,Fix int64 deserialization
1318,2018-01-10 13:30:27.000000000,2018-11-06 14:36:27.000000000,closed,57,Road to Fable 2.0: Lightweight types?
1317,2018-01-09 20:20:35.000000000,2018-12-12 05:07:37.000000000,closed,1,Implement Char.GetUnicodeCategory for other categories than latin1
1316,2018-01-09 13:59:10.000000000,2018-05-24 01:32:28.000000000,closed,6,[EXPERIMENTAL] Compile records and unions as JS arrays
1315,2018-01-07 05:01:05.000000000,2018-01-07 05:37:08.000000000,closed,5,Reference of record field is being delegated to copies of newly created records
1314,2018-01-07 04:10:13.000000000,2018-12-13 03:16:04.000000000,closed,6,Importing value as mutable makes the value a function when accessing it
1313,2018-01-06 15:38:47.000000000,2018-12-12 05:06:02.000000000,closed,5,Rename CurriedLambda to Curry
1312,2018-01-01 20:13:31.000000000,2018-01-01 21:32:58.000000000,closed,5,JS Interop with Option does not appear to be working
1311,2018-01-01 05:39:47.000000000,2018-01-02 04:30:03.000000000,closed,2,Cannot find replacement for Microsoft.FSharp.Core.Operators::Sign
1310,2017-12-31 23:47:59.000000000,2018-01-02 03:40:25.000000000,closed,3,Support TimeSpan correctly in Fable.JsonConverter
1309,2017-12-30 14:03:40.000000000,2017-12-31 22:32:16.000000000,closed,1,Klipse - Another way to evaluate Fable in the Browser
1308,2017-12-28 06:41:49.000000000,2017-12-29 04:59:27.000000000,closed,2,"Allow optimization of ""dummy"" union and record types"
1307,2017-12-26 02:20:07.000000000,2018-01-23 02:17:34.000000000,closed,10,Remove empty intermediate functions
1306,2017-12-22 23:48:54.000000000,2017-12-23 06:42:57.000000000,closed,2,Stackoverflow trying to deserialize int64
1305,2017-12-22 23:24:33.000000000,2017-12-23 06:13:08.000000000,closed,1,Fix value initialization for JsonConverter tests
1304,2017-12-21 07:37:03.000000000,2018-07-07 09:49:03.000000000,closed,4,Unwrap single case unions for serialization/deserialization
1303,2017-12-21 04:26:08.000000000,2018-11-16 16:03:01.000000000,closed,14,Single case DUs in JSON
1302,2017-12-20 21:23:42.000000000,2017-12-20 22:09:23.000000000,closed,1,Fix `dotnet new fable` documentation
1301,2017-12-20 17:07:38.000000000,2017-12-20 17:07:57.000000000,closed,0,Mangle property names clashing with interfaces
1300,2017-12-20 15:43:11.000000000,2017-12-20 16:53:54.000000000,closed,1,added PhysicalHash
1299,2017-12-19 16:22:21.000000000,2017-12-19 17:01:26.000000000,closed,8,make jsOptions sexy!
1298,2017-12-19 15:53:35.000000000,2017-12-19 16:58:48.000000000,closed,4,Escaped fields generated JS ouput
1297,2017-12-19 12:14:47.000000000,2017-12-19 14:36:00.000000000,closed,2,GetUnionCases
1296,2017-12-18 12:43:32.000000000,2017-12-18 13:37:16.000000000,closed,0,String chunkBySize fails at runtime
1295,2017-12-14 12:47:26.000000000,2017-12-14 13:31:10.000000000,closed,0,Fix Result deserialization #1294
1294,2017-12-14 12:33:52.000000000,2017-12-14 13:31:11.000000000,closed,4,Deserializing F# Result doesn't restore type information
1293,2017-12-13 00:33:09.000000000,2017-12-13 02:25:13.000000000,closed,1,Fix typo
1292,2017-12-09 14:52:36.000000000,2018-12-12 14:54:18.000000000,closed,3,Weird behavior of typed arrays
1291,2017-12-09 01:53:29.000000000,2017-12-12 14:17:18.000000000,closed,0,Issue with let bindings in object expressions
1290,2017-12-08 22:41:29.000000000,2017-12-09 02:44:54.000000000,closed,3,Cannot infer key and value of [object Object]
1289,2017-12-07 21:17:03.000000000,2017-12-07 23:57:18.000000000,closed,1,minor repl test update
1288,2017-12-07 20:55:19.000000000,2017-12-08 19:53:39.000000000,closed,3,Fable-splitter error about namespace in watch mode 
1287,2017-12-06 22:35:13.000000000,2017-12-07 02:51:03.000000000,closed,3,Fix to Compare and Equal is broken for Value types and IE11
1286,2017-12-06 20:20:53.000000000,2017-12-07 02:54:32.000000000,closed,2,Compare and Equal is broken for Value types and IE11
1285,2017-12-06 14:59:33.000000000,1970-01-01 00:00:00.000000001,open,4,"dotnet-fable doesnt show the real error, if fsproj parsing fails"
1284,2017-12-04 13:57:17.000000000,2017-12-04 14:02:00.000000000,closed,0,Fix #1269: Assignment block optimization inside try...with
1283,2017-12-04 01:19:33.000000000,2018-12-12 05:23:18.000000000,closed,3,Unterminated string constant error due to \u2028 or \u2029 in string literal
1282,2017-12-03 06:26:09.000000000,2017-12-03 20:40:30.000000000,closed,1,"Add PowDouble, RangeChar and RangeDouble"
1281,2017-12-03 05:51:31.000000000,2017-12-22 18:21:40.000000000,closed,9,A common set of configuration files for Fable projects
1280,2017-12-03 04:26:36.000000000,2017-12-03 05:52:52.000000000,closed,1,Added repl bench app
1279,2017-12-03 01:55:17.000000000,2018-08-30 12:37:02.000000000,closed,13,String enumeration doesn't handle Unicode surrogate pairs
1278,2017-12-03 00:51:33.000000000,2017-12-03 05:55:03.000000000,closed,3,Make Double.Parse and Single.Parse compile with IFormatProvider
1277,2017-12-02 23:01:35.000000000,2017-12-03 04:27:05.000000000,closed,2,Added ErrorStrings
1276,2017-12-02 22:28:17.000000000,2017-12-02 22:55:40.000000000,closed,1,Add List.CompareTo
1275,2017-12-02 06:48:21.000000000,2017-12-02 17:55:21.000000000,closed,1,added GetOptimizedAssemblyContents for the REPL
1274,2017-12-01 15:57:07.000000000,2017-12-13 14:16:59.000000000,closed,1,Money parsing
1273,2017-12-01 15:55:49.000000000,2017-12-01 15:57:28.000000000,closed,0,System.Decimal.Parse
1272,2017-12-01 15:51:20.000000000,2017-12-13 14:16:44.000000000,closed,2,Money literals are not converted
1271,2017-12-01 04:06:13.000000000,2017-12-02 20:23:47.000000000,closed,17,Build REPL in CI server
1270,2017-12-01 01:34:44.000000000,2017-12-03 04:21:44.000000000,closed,0,Optimize List Equals and CompareTo methods
1269,2017-11-30 23:42:18.000000000,2017-12-05 01:46:59.000000000,closed,10,Repl regression
1268,2017-11-30 20:37:03.000000000,2017-11-30 21:02:57.000000000,closed,1,Add List.Equals
1267,2017-11-30 17:27:40.000000000,2017-11-30 17:43:46.000000000,closed,1,Add Char.Parse
1266,2017-11-30 13:39:15.000000000,2019-04-01 22:19:05.000000000,closed,15,Implement replacements for optimization switch
1265,2017-11-29 16:25:46.000000000,2017-11-29 16:25:57.000000000,closed,0,Optimize assignment blocks as expressions
1264,2017-11-29 14:59:42.000000000,2018-01-08 20:21:33.000000000,closed,19,Starting F# with Fable: difficulties
1263,2017-11-28 22:44:49.000000000,2017-11-29 02:24:00.000000000,closed,3,added opt-in no regex
1262,2017-11-28 05:43:36.000000000,2017-11-29 03:48:18.000000000,closed,3,"More test cases for applicatives, doesn't compile with Fable"
1261,2017-11-27 15:24:31.000000000,2017-11-27 16:15:45.000000000,closed,1,Better error message when JSON.parsing fails
1260,2017-11-27 07:29:40.000000000,2017-11-27 14:14:29.000000000,closed,2,Fix Enum.HasFlag
1259,2017-11-27 07:23:07.000000000,2017-11-27 07:27:22.000000000,closed,0,Fix Enum.hasFlag
1258,2017-11-26 20:37:41.000000000,2017-11-27 03:08:46.000000000,closed,3,"Fix #1255, add Enum.HasFlag"
1257,2017-11-26 20:04:50.000000000,2018-01-08 19:55:18.000000000,closed,14,Bring back the .fablemap file to precompile libraries
1256,2017-11-26 19:45:46.000000000,2017-11-27 15:18:47.000000000,closed,0,Optimize unions without fields
1255,2017-11-26 18:37:02.000000000,2017-11-27 03:08:46.000000000,closed,2,error FABLE: Cannot find replacement for System.Enum::HasFlag
1254,2017-11-26 16:31:04.000000000,2017-11-26 16:38:57.000000000,closed,1,Node PathLike type and module conflicts
1253,2017-11-26 07:16:16.000000000,2017-11-26 17:57:30.000000000,closed,1,Fix option Some wrapper in toJson
1252,2017-11-25 09:47:02.000000000,2017-11-25 15:07:24.000000000,closed,2,Fix optional tuple in record raise errors for jsonConverter
1251,2017-11-25 08:33:59.000000000,2017-11-25 15:05:56.000000000,closed,1,repl build fix
1250,2017-11-25 06:03:57.000000000,2017-11-25 15:03:48.000000000,closed,1,Add Char.IsWhiteSpace with tests
1249,2017-11-25 01:18:52.000000000,2017-11-25 15:04:41.000000000,closed,3,Fixes #838 Return empty group values when group is not matched
1248,2017-11-24 15:28:10.000000000,2017-11-24 17:15:37.000000000,closed,5,The best way to perform a http request periodically and update model
1247,2017-11-24 14:33:45.000000000,2018-01-08 19:54:50.000000000,closed,12,"""unexpected end of JSON input"""
1246,2017-11-23 12:51:12.000000000,2017-11-23 12:53:07.000000000,closed,4,"""dotnet fable yarn-start"" recompiles everything on any change"
1245,2017-11-23 12:27:21.000000000,2017-11-24 03:19:53.000000000,closed,2,Generic functions works weirdly 
1244,2017-11-22 16:18:38.000000000,2017-11-24 03:18:51.000000000,closed,5,"Way to disable new ""point-free style"" warning."
1243,2017-11-22 04:28:30.000000000,2017-11-22 13:25:42.000000000,closed,1,Add List.RemoveRange
1242,2017-11-21 23:47:05.000000000,2017-11-23 14:42:12.000000000,closed,1,Cannot find replacement for System.Collections.Generic.List::RemoveRange
1241,2017-11-21 19:14:07.000000000,2017-11-24 02:52:52.000000000,closed,49,Fable daemon parses and compiles whole source on changes
1240,2017-11-20 20:01:25.000000000,2018-12-12 05:24:20.000000000,closed,10,locked fs files more often during watch recompilation
1239,2017-11-20 14:37:34.000000000,2017-11-20 19:28:11.000000000,closed,2,Fix #1185: Importing functions via importMember
1238,2017-11-20 05:39:30.000000000,2017-11-21 15:25:31.000000000,closed,2,Inline methods do not recognize signature
1237,2017-11-19 19:50:56.000000000,2017-11-20 19:16:24.000000000,closed,3,Cannot find replacement for System.Char::IsNumber
1236,2017-11-19 19:47:49.000000000,2017-11-20 03:25:24.000000000,closed,2,Cannot find replacement for System.Char::IsUpper
1235,2017-11-17 20:08:33.000000000,2017-11-24 03:21:43.000000000,closed,5,dotnet core only 
1234,2017-11-17 17:03:27.000000000,2017-11-19 16:30:24.000000000,closed,5,function is translate to IIFE in a particular case
1233,2017-11-15 23:14:08.000000000,2017-11-16 03:00:10.000000000,closed,1,"Fixed DateTime test, repl update"
1232,2017-11-14 19:30:53.000000000,2017-11-14 19:33:42.000000000,closed,8,Add support for System.DateTimeOffset
1231,2017-11-14 15:12:43.000000000,2017-11-15 13:55:12.000000000,closed,4,When generic type and module have the same name module is not created
1230,2017-11-14 14:46:19.000000000,2017-11-14 18:26:16.000000000,closed,1,Seq.singleton returns empty after first use
1229,2017-11-11 22:50:51.000000000,2017-11-14 04:58:15.000000000,closed,1,Update package.json
1228,2017-11-11 07:48:01.000000000,2017-11-14 04:58:46.000000000,closed,1,"added inf, nan operators"
1227,2017-11-10 03:14:28.000000000,2017-11-10 04:47:52.000000000,closed,2,Fable can't find replacements if capitalization is wrong in paket.references
1226,2017-11-09 23:29:35.000000000,2017-11-10 05:34:14.000000000,closed,8,"TypeError: (0 , _Async.runSynchronously) is not a function"
1225,2017-11-09 05:28:43.000000000,2017-11-09 18:19:55.000000000,closed,1,Changed fun to run
1224,2017-11-08 16:26:28.000000000,2017-11-15 00:36:31.000000000,closed,2,Show that working with DateTimeOffset doesn't work
1223,2017-11-07 01:21:21.000000000,2017-11-14 14:14:56.000000000,closed,3,Async.StartChild is not implemented / no Error or warning when used
1222,2017-11-07 00:23:55.000000000,2018-01-08 19:57:13.000000000,closed,11,Expecto plugin or facade for tests targetting both dotnet and js?
1221,2017-11-06 22:27:27.000000000,2017-11-20 19:56:44.000000000,closed,3,create npm org account
1220,2017-11-06 22:02:10.000000000,2017-11-09 18:45:08.000000000,closed,9,create AppVeyor team account
1219,2017-11-03 19:39:44.000000000,2017-11-09 20:57:39.000000000,closed,1,Fix nested option issue in core lib
1218,2017-11-03 17:22:54.000000000,2018-01-08 19:57:55.000000000,closed,6,Multiple namespace declarations does not work.
1217,2017-11-03 13:07:57.000000000,2017-11-24 03:23:07.000000000,closed,6,Enum.GetName or similar
1216,2017-11-02 23:23:56.000000000,2017-11-09 22:17:31.000000000,closed,1,Printf.sprintf issue
1215,2017-11-02 20:08:48.000000000,2017-11-02 20:40:38.000000000,closed,1,Updated references
1214,2017-11-02 17:44:57.000000000,2017-11-02 18:24:40.000000000,closed,1,add U7 & U8 types
1213,2017-11-01 20:33:07.000000000,2017-11-02 18:45:09.000000000,closed,2,Should [<Literal>] value be removed from the generated JS ?
1212,2017-11-01 17:38:04.000000000,2017-11-02 18:23:46.000000000,closed,1,Fix Map.find None value throws key error (Fix 1210)
1211,2017-11-01 17:30:48.000000000,2017-11-02 18:24:40.000000000,closed,2,add U7 and U8 union types
1210,2017-11-01 17:13:42.000000000,2017-11-02 18:23:46.000000000,closed,0,Map with None value throws key not found
1209,2017-10-31 18:58:38.000000000,2017-11-02 16:16:40.000000000,closed,1,Add Char.isLetter replacements
1208,2017-10-28 22:17:41.000000000,2017-10-30 19:17:21.000000000,closed,1,Updated samples
1207,2017-10-27 02:40:29.000000000,2017-10-27 19:18:39.000000000,closed,6,Compiler: How do I reconstruct application expression from ApplyInfo?
1206,2017-10-26 18:01:51.000000000,2017-11-02 14:54:38.000000000,closed,2,REPL crashing Firefox 52.4.0 (32-bit)
1205,2017-10-25 04:48:37.000000000,2018-01-08 19:58:39.000000000,closed,8,Current REPL perf (1.3.*)
1204,2017-10-25 02:53:02.000000000,2017-10-25 13:36:56.000000000,closed,0,TypeError: arg.cont is not a function when using Printf.ksprintf
1203,2017-10-24 22:56:14.000000000,2017-10-25 02:44:51.000000000,closed,3,Option value issue
1202,2017-10-24 17:06:21.000000000,2017-10-24 17:19:36.000000000,closed,2,fixes #1201
1201,2017-10-24 13:20:33.000000000,2017-10-24 17:19:37.000000000,closed,1,error FABLE: Cannot find replacement for System.Char::ToUpper
1200,2017-10-23 20:38:06.000000000,2017-10-31 13:01:22.000000000,closed,24,Current generated definitions from type script files are not useful 
1199,2017-10-22 07:22:19.000000000,2017-12-03 17:47:14.000000000,closed,46,Applying functions declared with point-free style fails
1198,2017-10-21 17:41:56.000000000,2017-10-21 17:42:06.000000000,closed,0,Optimizeinfcs
1197,2017-10-20 17:03:45.000000000,2018-01-28 12:49:21.000000000,closed,34,WIP: Try to optimize in FCS
1196,2017-10-20 12:59:43.000000000,2017-10-20 15:04:17.000000000,closed,0,WIP Paketize
1195,2017-10-20 11:43:22.000000000,2017-10-20 12:17:19.000000000,closed,6,Paketize Fable
1194,2017-10-19 22:43:14.000000000,2018-01-08 19:59:29.000000000,closed,14,Q: Inlining?!
1193,2017-10-19 20:44:35.000000000,2017-10-24 16:31:32.000000000,closed,16,sprintf or function call regression in 1.3.0-*
1192,2017-10-19 18:54:10.000000000,2017-10-19 19:46:17.000000000,closed,1,repl build fix
1191,2017-10-19 17:16:03.000000000,2017-10-19 18:02:39.000000000,closed,12,Q: What is | 0 doing in compiled js?
1190,2017-10-19 14:18:35.000000000,2017-10-23 12:50:57.000000000,closed,2,SRTP (trait call) doesn't check inherited members
1189,2017-10-19 02:33:28.000000000,2017-10-19 02:33:41.000000000,closed,2,Enable nested options
1188,2017-10-19 02:29:18.000000000,2017-10-19 02:30:25.000000000,closed,0,Fable 1.3 beta: Speed up watch compilations
1187,2017-10-18 20:25:06.000000000,2017-10-19 02:03:21.000000000,closed,1,List.truncate returning one-too-many elements
1186,2017-10-16 23:32:38.000000000,2017-10-19 01:49:59.000000000,closed,4,Negating negative literal values produces invalid JS
1185,2017-10-16 18:18:31.000000000,2017-11-20 19:28:12.000000000,closed,9,Fable 1.2.4 broke importMember function
1184,2017-10-13 00:31:21.000000000,2017-10-14 19:10:08.000000000,closed,1,Fix typo in error message
1183,2017-10-12 19:42:53.000000000,2017-11-24 03:24:58.000000000,closed,3,gRPC Web PoC
1182,2017-10-09 12:43:04.000000000,2017-10-10 00:43:52.000000000,closed,1,Incorrect handling of String.Join when the argument is a string array
1181,2017-10-07 23:00:51.000000000,2017-10-10 00:13:02.000000000,closed,2,Is it possible to emit an error when RegexOptions.Singleline is used?
1180,2017-10-05 16:59:58.000000000,2017-10-05 21:39:21.000000000,closed,2,Incorrect error handling with CLI argument parsing
1179,2017-10-05 12:18:22.000000000,2017-10-05 20:57:47.000000000,closed,1,repl testapp - netcore metadata support
1178,2017-10-04 07:01:48.000000000,2017-10-05 01:49:57.000000000,closed,2,"int and float operator parsing of ""0x"" ""0o"" ""0b"" prefixes differs in Fable vs. .NET F#"
1177,2017-10-03 07:58:00.000000000,2017-10-04 19:31:29.000000000,closed,5,Generate documents for core library
1176,2017-10-03 05:22:50.000000000,2017-10-03 18:42:09.000000000,closed,9,"""dotnet new -i Fable.Template"" returns 404 error"
1175,2017-10-02 17:01:31.000000000,2017-11-24 03:28:14.000000000,closed,3,Documentation on F# Records
1174,2017-10-01 23:29:17.000000000,2017-11-24 03:26:08.000000000,closed,22,Nested option warning
1173,2017-10-01 12:23:28.000000000,2018-01-08 20:10:22.000000000,closed,5,Repl doesn't contain builtin Result type
1172,2017-10-01 09:17:11.000000000,2017-10-01 13:10:42.000000000,closed,1,Fixes #1170
1171,2017-09-28 18:57:04.000000000,2018-01-08 19:59:58.000000000,closed,10,Compile FSharp.Data.GraphQL Client got some strange errors
1170,2017-09-28 18:08:18.000000000,2017-10-01 13:10:43.000000000,closed,3,Async throws error in repl
1169,2017-09-28 11:52:47.000000000,2017-09-28 16:07:54.000000000,closed,1,Added extra option to splitter docs
1168,2017-09-27 17:36:14.000000000,2018-12-12 05:26:05.000000000,closed,8,Locally inline function fails at runtime
1167,2017-09-27 15:22:27.000000000,2018-12-12 05:36:23.000000000,closed,2,String.split / Regex.split
1166,2017-09-27 01:56:14.000000000,2017-10-07 01:58:35.000000000,closed,3,ran `dotnet fable npm-start` and got `Invalid configuration object.` webpack-dev-server error
1165,2017-09-26 12:56:39.000000000,2018-01-23 04:25:52.000000000,closed,16,fable-splitter only uses last file in project
1164,2017-09-24 08:35:32.000000000,2017-09-27 13:30:03.000000000,closed,3,Server Response message not part of Exception
1163,2017-09-23 11:22:25.000000000,2017-09-23 17:15:15.000000000,closed,1,only one restore is needed
1162,2017-09-21 15:39:30.000000000,2017-10-23 11:51:45.000000000,closed,6,Use latest babel
1161,2017-09-20 18:33:56.000000000,2018-01-08 20:23:14.000000000,closed,14,"Watch mode crashes with StackOverflow on ""let rec inline"""
1160,2017-09-20 18:05:13.000000000,2018-01-08 20:20:22.000000000,closed,6,`/verbosity:minimal` hides error
1159,2017-09-20 17:58:01.000000000,2018-01-08 20:11:11.000000000,closed,4,Suggestion: fable-loader should output type information
1158,2017-09-20 17:35:38.000000000,2017-09-20 18:26:55.000000000,closed,4,fable-loader reads files from outside of my project
1157,2017-09-20 14:38:42.000000000,2017-09-20 15:49:48.000000000,closed,1,Added subsecond time in splitter
1156,2017-09-20 02:05:03.000000000,2017-09-27 23:26:08.000000000,closed,2,Partially applied functions with side effects
1155,2017-09-20 01:36:48.000000000,2017-09-20 02:28:40.000000000,closed,1,Regex.Replace not replacing characters
1154,2017-09-19 17:49:13.000000000,2017-09-20 02:20:26.000000000,closed,1,Calling and applying to a function returned by a member doesn't work
1153,2017-09-19 13:47:12.000000000,2017-09-20 13:34:41.000000000,closed,4,Show compile times in fable splitter
1152,2017-09-18 13:47:56.000000000,2017-09-18 22:18:12.000000000,closed,10,REPL don't know keyValueList function
1151,2017-09-16 17:40:05.000000000,2017-09-16 21:14:35.000000000,closed,23,Visual Studio and Rider cannot deal with Fable projects
1150,2017-09-15 16:12:29.000000000,2017-09-17 04:53:01.000000000,closed,4,A recursive loop sometimes doesn't work
1149,2017-09-15 10:57:20.000000000,2018-01-08 20:13:02.000000000,closed,15,ofJson/toJson with custome key attributes
1148,2017-09-14 16:27:03.000000000,2017-09-18 14:53:24.000000000,closed,3,Create a test for option with side effect 
1147,2017-09-14 16:11:42.000000000,2017-09-14 19:13:00.000000000,closed,3,Watch mode for REPL
1146,2017-09-14 16:10:09.000000000,2017-09-18 15:09:46.000000000,closed,4,"REPL should say ""loading"" instead of ""compiling"" for first run"
1145,2017-09-14 02:56:18.000000000,2017-09-14 12:15:50.000000000,closed,1,updated repl configs
1144,2017-09-13 19:39:56.000000000,2017-09-13 19:45:04.000000000,closed,1,updated repl.test configs
1143,2017-09-11 10:01:37.000000000,2017-09-11 12:46:46.000000000,closed,1,Seq.cache is not implemented
1142,2017-09-09 20:09:34.000000000,2017-09-09 20:57:39.000000000,closed,3,Always generate source maps for Rollup
1141,2017-09-09 18:28:08.000000000,2017-09-10 15:39:32.000000000,closed,4,Rollup plugin doesn't generate source maps
1140,2017-09-09 03:47:12.000000000,2017-09-09 15:31:25.000000000,closed,1,Side effects executed twice on [| ... |] |> Array.map
1139,2017-09-08 19:30:16.000000000,2017-09-09 13:55:02.000000000,closed,2,date test fix
1138,2017-09-08 08:53:49.000000000,2017-09-08 13:02:36.000000000,closed,1,Rollup config update
1137,2017-09-07 02:48:23.000000000,2017-09-07 12:02:20.000000000,closed,4,Error messages
1136,2017-09-06 14:31:51.000000000,2017-09-18 15:06:59.000000000,closed,5,"""f () |> Some"" does not trigger side effects if ""f: 'a -> unit"""
1135,2017-09-06 01:38:18.000000000,2017-09-18 16:15:45.000000000,closed,3,unit option hack doesn't work with generic functions
1134,2017-09-06 00:05:19.000000000,2017-09-06 00:05:42.000000000,closed,2,Update docs to v1.2 (finally!)
1133,2017-09-05 20:06:17.000000000,2017-09-05 21:13:57.000000000,closed,1,Add support for String.filter
1132,2017-09-05 17:57:54.000000000,2017-09-05 21:13:57.000000000,closed,3,Implement Microsoft.Fsharp.Core.String.filter
1131,2017-09-05 17:30:02.000000000,2017-09-05 18:45:19.000000000,closed,0,DateTime.ToString not working without separator
1130,2017-09-05 16:44:02.000000000,2017-09-05 17:04:19.000000000,closed,12,Move to yarn
1129,2017-09-05 15:49:17.000000000,2017-09-05 17:02:36.000000000,closed,4,Fix/format date
1128,2017-09-05 14:42:16.000000000,2017-09-05 16:02:26.000000000,closed,5,Fix tests targets and string format over local dates
1127,2017-09-03 00:47:11.000000000,2017-09-03 01:13:47.000000000,closed,8,Fix 2 digits years datetime
1126,2017-09-03 00:42:31.000000000,2017-09-03 01:15:03.000000000,closed,1,Restrain version for netcore 1.0 template install
1125,2017-09-02 03:43:47.000000000,2017-09-03 18:19:25.000000000,closed,5,updated REPL to FCS latest
1124,2017-09-01 12:09:17.000000000,2017-09-07 15:09:40.000000000,closed,5,Fable imports fable-core from NuGet cache directory
1123,2017-08-31 21:22:11.000000000,2017-09-02 01:16:53.000000000,closed,2,Pattern matching on a discriminated union of 1000 cases causes a stack overflow exception
1122,2017-08-31 14:43:49.000000000,2017-08-31 15:22:05.000000000,closed,1,updated FCS to latest
1121,2017-08-30 06:04:13.000000000,2017-08-31 16:22:24.000000000,closed,2,Generic type alias causing edge case issue with curried lambda optimisation
1120,2017-08-30 03:51:26.000000000,2017-08-31 15:06:16.000000000,closed,1,IDictionary.Clear calls wrong method
1119,2017-08-29 18:55:50.000000000,2017-09-04 20:01:04.000000000,closed,2,Adding a test for negative number for TryParse
1118,2017-08-28 10:22:04.000000000,2017-08-31 18:48:21.000000000,closed,13,Fable needs the packages directory to be present
1117,2017-08-27 18:47:00.000000000,2017-08-27 18:47:23.000000000,closed,0,Upgrade to netcore2
1116,2017-08-25 22:13:05.000000000,2017-08-29 02:35:53.000000000,closed,10,Support ability for dotnet-fable to parse *.fsproj during startup
1115,2017-08-24 01:27:14.000000000,2017-09-07 15:12:12.000000000,closed,3,"Following ""Getting started guide"" - dotnet restore fails"
1114,2017-08-23 09:55:31.000000000,2017-09-07 15:13:56.000000000,closed,9,It was not possible to find any compatible framework version
1113,2017-08-21 14:45:33.000000000,2017-08-22 11:55:44.000000000,closed,3,"Set union of {1, 2} and {3, 4, 5} gives {2, 4, 5}"
1112,2017-08-18 20:07:49.000000000,2017-08-23 04:14:46.000000000,closed,5,Convert.ToBase64String fails with react native
1111,2017-08-18 19:02:58.000000000,2017-08-21 11:18:19.000000000,closed,6,List.nth
1110,2017-08-16 20:47:20.000000000,2017-08-17 04:54:31.000000000,closed,6,JS line endings
1109,2017-08-15 23:43:47.000000000,2017-08-17 00:21:51.000000000,closed,6,Need to republish fable-splitter
1108,2017-08-14 05:35:28.000000000,2017-09-07 15:16:02.000000000,closed,5,How can I setup and use fable with the new tool chain of dotnet core 2 preview ?
1107,2017-08-09 18:59:58.000000000,2017-09-07 15:16:35.000000000,closed,5,Current Fable Template has invalid nodes packages
1106,2017-08-09 02:11:08.000000000,2017-09-07 01:37:12.000000000,closed,2,"Docs: Need a better version of ""Interacting with JavaScript"""
1105,2017-08-05 20:27:57.000000000,2017-08-06 04:51:40.000000000,closed,3,Template update
1104,2017-08-04 18:03:07.000000000,2017-08-05 17:57:31.000000000,closed,7,Unable to parse json from int64
1103,2017-08-01 20:39:53.000000000,2017-08-03 03:51:49.000000000,closed,3,REPL build fix
1102,2017-08-01 17:57:06.000000000,2017-08-01 19:33:06.000000000,closed,1,Entryslash
1101,2017-08-01 17:14:30.000000000,2017-08-01 19:30:59.000000000,closed,4,Compilation with ${entryDir} works strange
1100,2017-07-31 18:45:45.000000000,2017-07-31 19:15:47.000000000,closed,1,Update FSharp.Core and other stuff
1099,2017-07-31 02:30:22.000000000,2017-07-31 12:58:00.000000000,closed,2,Improve fable-splitter and add watch mode
1098,2017-07-30 15:48:24.000000000,2017-09-07 15:09:25.000000000,closed,2,Made with Fable
1097,2017-07-29 04:18:56.000000000,2017-07-29 18:12:50.000000000,closed,1,Fixed REPL build
1096,2017-07-29 03:24:48.000000000,2017-09-14 12:15:36.000000000,closed,6,Different behaviour for decimals in REPL and compiler
1095,2017-07-28 23:29:04.000000000,2017-07-28 23:34:00.000000000,closed,4,dotnet fable template: dotnet restore fails
1094,2017-07-25 11:59:00.000000000,2017-07-25 14:14:32.000000000,closed,2,error FABLE: Cannot find replacement for Microsoft.FSharp.Collections.ListModule::Indexed
1093,2017-07-24 22:03:14.000000000,2017-07-25 00:32:09.000000000,closed,2,Change dynamic programming into dynamic typing
1092,2017-07-24 13:36:39.000000000,2017-07-24 13:38:19.000000000,closed,1,Use NuGet logo
1091,2017-07-24 11:43:20.000000000,2017-07-24 13:19:07.000000000,closed,2,Check that distinctBy doesn't stackoverflow
1090,2017-07-23 19:27:10.000000000,2017-09-07 15:14:30.000000000,closed,1,Use TypeProvider to automatically generate typings like FunScript did
1089,2017-07-22 17:18:10.000000000,2017-07-22 17:36:03.000000000,closed,0,Update samples.md
1088,2017-07-22 17:03:06.000000000,2017-09-07 15:16:23.000000000,closed,6,Possible to restrict type to POJO?
1087,2017-07-20 16:35:30.000000000,2017-09-07 15:20:10.000000000,closed,4,dotnet-fable RAM usage keep increasing
1086,2017-07-19 17:23:11.000000000,2018-12-12 05:32:19.000000000,closed,2,Fable compiler should trace date/time when it compiles in watch mode
1085,2017-07-18 15:58:24.000000000,2017-07-18 16:03:01.000000000,closed,1,Rename jun to jul
1084,2017-07-18 15:00:59.000000000,2017-07-18 15:35:12.000000000,closed,2,Fix TSLint errors from #1083
1083,2017-07-18 14:21:17.000000000,2017-07-18 14:27:54.000000000,closed,15,Implement isDaylightSavingTime
1082,2017-07-18 12:39:26.000000000,2017-07-18 14:28:12.000000000,closed,8,Save the daylight!
1081,2017-07-18 11:54:16.000000000,2017-09-07 15:18:53.000000000,closed,1,Equals is not a function error when comparing records
1080,2017-07-18 02:26:00.000000000,2017-07-18 19:04:45.000000000,closed,4,Compile error 1.1.12 - Method not found: 'Fable.AST.Fable.Expr Fable.AST.Fable.Util.makeEqOp ...
1079,2017-07-17 13:41:35.000000000,2017-07-17 15:18:00.000000000,closed,5,Fable module not found following Getting Started manual
1078,2017-07-16 23:57:06.000000000,2017-07-17 02:14:47.000000000,closed,2,Add recommended version for dotnet
1077,2017-07-16 23:09:42.000000000,2017-07-17 02:13:11.000000000,closed,1,fix broken link to release_notes in readme
1076,2017-07-16 21:01:56.000000000,2017-07-17 23:59:52.000000000,closed,2,Missing Option.flatten implementation
1075,2017-07-16 21:00:41.000000000,2017-07-17 23:51:05.000000000,closed,2,Added failing test for missing Option.flatten.
1074,2017-07-16 16:20:52.000000000,2017-07-16 23:10:46.000000000,closed,2,broken link to RELEASE_NOTES link in README.md
1073,2017-07-16 12:59:28.000000000,2017-07-16 15:43:36.000000000,closed,39,"""No executable found matching command ""dotnet-fable"""""
1072,2017-07-16 08:20:07.000000000,2017-07-17 23:56:58.000000000,closed,7,Curried Applicative issue
1071,2017-07-16 08:10:50.000000000,2017-07-17 23:51:20.000000000,closed,0,Added failing tests for curried Applicative.
1070,2017-07-15 23:03:30.000000000,2017-09-07 15:18:39.000000000,closed,5,Fable Simple Template dotnet-fable require manual installation of several missing package dependencies when the user .nuget and .dotnet directories does not exists or empty
1069,2017-07-15 00:53:56.000000000,2017-07-25 14:57:37.000000000,closed,6,Prevent dotnet template engine to parse Paket.Restore.targets
1068,2017-07-14 18:37:51.000000000,2017-07-14 19:01:10.000000000,closed,2,the fsproj is now in src
1067,2017-07-14 17:45:47.000000000,2017-07-14 18:09:30.000000000,closed,4,Wrap clickHandler in System.Func<>
1066,2017-07-13 11:14:49.000000000,2017-07-13 11:24:11.000000000,closed,2,Use newer targets file
1065,2017-07-12 23:11:42.000000000,2017-07-13 00:15:57.000000000,closed,5,Repl target fix
1064,2017-07-12 17:20:35.000000000,2017-07-12 17:21:07.000000000,closed,0,Add NETFX project files
1063,2017-07-12 09:52:18.000000000,2017-07-12 10:56:20.000000000,closed,1,Minor fixes for template README
1062,2017-07-12 02:07:07.000000000,2017-07-12 17:25:55.000000000,closed,3,Performance issue
1061,2017-07-11 13:27:16.000000000,2017-07-11 19:32:21.000000000,closed,5,Updated lock file
1060,2017-07-11 11:38:08.000000000,2017-07-11 11:51:40.000000000,closed,1,Fixed CI issue
1059,2017-07-10 21:28:15.000000000,2017-07-11 15:06:00.000000000,closed,7,fable-core folder and content is not created in output of multi project solution.
1058,2017-07-10 17:50:56.000000000,2017-07-10 18:09:57.000000000,closed,1,Support String.Join with objects
1057,2017-07-10 17:27:30.000000000,2017-07-11 19:35:06.000000000,closed,3,reraise doesn't work correctly in JS
1056,2017-07-09 19:00:52.000000000,2017-09-07 15:17:37.000000000,closed,3,Docs: Provide guidance for fable nuget publish
1055,2017-07-09 10:42:22.000000000,2017-07-11 01:46:08.000000000,closed,4,Multiproject solution shared lib problem
1054,2017-07-07 19:28:28.000000000,2017-07-11 19:36:01.000000000,closed,6,Add cache to rollup
1053,2017-07-06 15:20:21.000000000,2017-07-07 14:42:03.000000000,closed,1,Array inside keyValueList is lost forever
1052,2017-07-05 18:23:36.000000000,2017-07-06 00:51:36.000000000,closed,1,Support exception equality
1051,2017-07-05 14:23:10.000000000,2017-07-05 14:30:12.000000000,closed,0,Rename some directories 
1050,2017-07-05 14:10:18.000000000,2017-07-05 14:28:54.000000000,closed,7,Adding test case for IsNullOrWhiteSpace
1049,2017-07-05 02:15:03.000000000,2017-07-05 12:00:29.000000000,closed,0,Fixed Repl fsproj
1048,2017-07-04 18:18:55.000000000,2017-07-05 00:41:31.000000000,closed,1,Replace syste.uri
1047,2017-07-04 15:36:45.000000000,2017-07-04 15:50:56.000000000,closed,0,Separate releases
1046,2017-07-04 14:32:52.000000000,2017-07-04 16:33:10.000000000,closed,2,DateTime.TryParse cannot parse only the time
1045,2017-07-04 14:27:53.000000000,2017-07-04 16:08:10.000000000,closed,1,Failing test for DateTime.TryParse.
1044,2017-07-04 02:08:12.000000000,2017-07-24 02:04:51.000000000,closed,9,Advice on creating bindings for prop types now that KeyValueListAttribute is deprecated
1043,2017-07-04 01:00:18.000000000,2017-07-05 02:55:29.000000000,closed,8,System.Uri Type not found
1042,2017-07-03 22:02:18.000000000,2017-09-07 15:22:29.000000000,closed,48,dotnet SDK 2.0 preview 2 CLI is very slow or hangs
1041,2017-07-03 19:28:47.000000000,2017-07-04 02:02:40.000000000,closed,8,Point-free style with multiple arguments doesn't work
1040,2017-07-03 13:52:51.000000000,2017-07-04 02:35:39.000000000,closed,1,Cannot find replacement for Microsoft.FSharp.Collections.ArrayModule.ChunkBySize
1039,2017-07-01 12:00:50.000000000,2017-07-04 15:50:56.000000000,closed,4,Can't build test project targetting netcoreapp1.x
1038,2017-06-30 15:33:29.000000000,2017-07-05 15:40:23.000000000,closed,2,build.sh failed: Failed to initialize CoreCLR
1037,2017-06-30 14:33:06.000000000,2017-06-30 17:05:08.000000000,closed,1,javascript -> JavaScript in documentation
1036,2017-06-30 14:23:25.000000000,2017-06-30 14:24:29.000000000,closed,2,Add paket 5 targets
1035,2017-06-30 14:12:00.000000000,2017-06-30 17:32:37.000000000,closed,1,Set exit codes
1034,2017-06-29 22:21:55.000000000,2017-06-30 00:06:38.000000000,closed,1,"There is no yarn-run command, but npm-run."
1033,2017-06-29 13:18:56.000000000,2017-06-29 14:09:35.000000000,closed,4,Test DateTime in pattern match
1032,2017-06-28 02:12:24.000000000,2017-06-28 11:43:07.000000000,closed,1,[docs] Slightly improve docs navigation
1031,2017-06-28 00:52:42.000000000,2017-09-07 15:21:50.000000000,closed,1,Docs: Samples links to github are broken
1030,2017-06-28 00:32:49.000000000,2017-06-28 11:43:17.000000000,closed,2,Fix broken links in README
1029,2017-06-25 20:23:49.000000000,2017-06-28 11:46:28.000000000,closed,6,Prefix generated lambda expression arguments
1028,2017-06-25 20:01:01.000000000,2017-06-28 12:59:19.000000000,closed,2, Arguments of auto-generated lambdas conflicting with outer variables
1027,2017-06-23 21:55:16.000000000,2017-06-24 04:14:51.000000000,closed,1,Update getting-started.md
1026,2017-06-23 01:41:38.000000000,2018-01-08 20:19:22.000000000,closed,5,Repl: cursor does not work correctly with unicode
1025,2017-06-22 20:07:58.000000000,2018-01-08 20:24:41.000000000,closed,3,Repl: Create a Repl that is especially nice to show elmish
1024,2017-06-22 20:07:12.000000000,2018-01-08 20:15:54.000000000,closed,2,Repl: Output should be shown more prominently
1023,2017-06-22 20:05:23.000000000,2017-09-07 15:24:00.000000000,closed,1,Docs: Put the repl in the main page
1022,2017-06-22 19:51:40.000000000,2017-09-07 15:45:20.000000000,closed,3,Docs: integrate elmish docs
1021,2017-06-22 19:49:52.000000000,2018-01-08 20:09:32.000000000,closed,3,Repl: Use ionide web for F# code
1020,2017-06-22 19:48:40.000000000,2017-09-07 15:35:35.000000000,closed,1,Docs: Make the getting started tutorial pretty
1019,2017-06-22 19:47:28.000000000,2017-09-07 15:38:56.000000000,closed,1,Docs: Replace 10min video on main page with something new
1018,2017-06-22 15:46:06.000000000,2017-06-22 16:03:21.000000000,closed,4,Add DU comparion test
1017,2017-06-21 17:48:40.000000000,2017-07-21 16:35:45.000000000,closed,2,Support Webpack 3
1016,2017-06-20 23:12:10.000000000,2017-06-20 23:57:01.000000000,closed,1,Version check as a warning
1015,2017-06-20 21:29:09.000000000,2017-06-21 00:01:52.000000000,closed,1,Update documentation regarding the JsonConvert plugin
1014,2017-06-19 23:12:44.000000000,2017-06-20 01:03:37.000000000,closed,1,casquenoir.com
1013,2017-06-19 22:52:43.000000000,2017-06-19 22:54:15.000000000,closed,1,Updated Fable-kids-blog-post
1012,2017-06-19 09:22:05.000000000,2017-06-19 13:04:08.000000000,closed,1,Fixed REPL decimals and build
1011,2017-06-17 23:59:57.000000000,2017-08-29 01:57:51.000000000,closed,34,Templates update
1010,2017-06-17 18:55:22.000000000,2017-06-17 23:07:19.000000000,closed,5,WIP: Show error when nested options are used
1009,2017-06-17 12:19:58.000000000,2017-06-17 23:09:45.000000000,closed,1,Add support for Option.defaultValue
1008,2017-06-17 11:39:20.000000000,2017-09-07 15:38:42.000000000,closed,7,Docs: usage of npm vs yarn is confusing
1007,2017-06-17 11:37:03.000000000,2017-09-07 15:36:27.000000000,closed,1,Docs: make d/l & usage of `dotnet` clear
1006,2017-06-17 11:33:11.000000000,2017-06-19 16:29:17.000000000,closed,8,Sequence yield + Zero() throws `Exception 1`
1005,2017-06-17 11:31:27.000000000,2017-06-17 23:10:05.000000000,closed,1,Option.defaultValue from FSharp.Core missing
1004,2017-06-16 20:18:44.000000000,2017-09-07 15:43:14.000000000,closed,3,Auto compilation not working on the default installed example
1003,2017-06-16 13:24:39.000000000,2017-06-19 13:03:32.000000000,closed,0,Bug with Elmish.Browser parser.
1002,2017-06-16 13:22:06.000000000,2017-06-19 10:53:13.000000000,closed,0,Added tests for bug with Elmish.Browser parser.
1001,2017-06-16 10:56:57.000000000,2017-06-16 11:42:48.000000000,closed,3,Do I need paket installed?
1000,2017-06-15 16:58:22.000000000,2017-06-17 03:39:00.000000000,closed,2,Exposing Console among JS import globals
999,2017-06-14 17:02:52.000000000,2017-06-14 17:24:34.000000000,closed,6,module rec is ignored
998,2017-06-12 08:15:04.000000000,2017-09-07 15:30:47.000000000,closed,10,The type 'KeyValueList' is not defined.
997,2017-06-12 02:05:07.000000000,2017-06-12 22:07:26.000000000,closed,3,printfn codegen
996,2017-06-11 21:09:36.000000000,2017-06-12 19:07:51.000000000,closed,8,REPL regression
995,2017-06-11 03:27:35.000000000,2017-06-11 03:33:16.000000000,closed,7,Support for Paket groups
994,2017-06-10 23:17:56.000000000,2017-06-11 03:03:11.000000000,closed,1,print relative path of compiled files
993,2017-06-10 18:34:00.000000000,2017-06-17 03:42:23.000000000,closed,5,Add replacement for System.Environment.NewLine
992,2017-06-10 13:35:26.000000000,2017-06-10 16:31:21.000000000,closed,1,update documentation about JSON serialisation
991,2017-06-10 02:01:52.000000000,2017-06-10 14:12:09.000000000,closed,5,Fable.JsonConverter prerelease only available for dotnet core
990,2017-06-09 01:44:33.000000000,2017-06-09 04:28:48.000000000,closed,2,Make print format keep track of the input format
989,2017-06-08 15:15:51.000000000,2017-06-09 04:25:53.000000000,closed,2,Adding parse to allow use of test on a non-english culture thread
988,2017-06-08 14:11:05.000000000,2017-07-16 22:38:31.000000000,closed,2,Show relative path during compile
987,2017-06-08 11:14:34.000000000,2017-07-24 02:07:43.000000000,closed,3,Fable should warn on the use of nested Option
986,2017-06-07 00:40:26.000000000,2017-06-09 04:20:40.000000000,closed,1,Cannot assign to a mutable value that exists in a module defined in a different file
985,2017-06-06 18:08:24.000000000,2017-06-09 04:21:58.000000000,closed,2,Added package lock file
984,2017-06-05 22:30:30.000000000,2017-06-06 01:14:42.000000000,closed,1,Check for missing arguments when using npm-run
983,2017-06-05 16:11:10.000000000,2017-06-06 01:10:44.000000000,closed,2,Correct definition for canvas.toBlob
982,2017-06-05 05:49:07.000000000,2017-09-07 15:42:07.000000000,closed,1,Canvas.ToBlob fails with a type error
981,2017-06-04 23:01:55.000000000,2018-01-08 20:07:40.000000000,closed,1,Decorator proposal
980,2017-06-04 05:04:36.000000000,2017-06-06 01:51:15.000000000,closed,4,Currying: failing tests
979,2017-06-02 19:00:16.000000000,2017-09-07 15:41:34.000000000,closed,11,How to lauch Fable app within VSCode with launch.json?
978,2017-06-02 14:57:37.000000000,2017-06-06 02:50:01.000000000,closed,4,Resolved file name clashing
977,2017-06-02 11:57:25.000000000,2017-06-02 12:44:30.000000000,closed,0,Move cache to fable-loader
976,2017-06-01 22:03:35.000000000,2017-09-07 15:40:23.000000000,closed,17,Wrong JS generated
975,2017-05-31 20:31:16.000000000,2017-06-02 12:07:58.000000000,closed,4,Fixed REPL build
974,2017-05-31 12:25:15.000000000,2017-06-01 10:39:04.000000000,closed,4,Add cache
973,2017-05-31 09:29:30.000000000,2017-05-31 20:36:26.000000000,closed,2,Added fallback fable-core path resolution
972,2017-05-31 01:46:02.000000000,2017-11-22 04:41:52.000000000,closed,5,Automate updating the simple template whenever Fable.Core and dotnet-fable are patched
971,2017-05-30 20:42:09.000000000,2017-05-31 00:24:54.000000000,closed,4,UnionTypeConverter not working with option
970,2017-05-30 20:28:24.000000000,2017-09-07 15:50:19.000000000,closed,5,[Feature] Quotation based jsEmit
969,2017-05-28 22:09:36.000000000,2017-06-14 16:56:51.000000000,closed,70,Logo for Fable and Fable related projects
968,2017-05-28 11:02:31.000000000,2017-05-29 10:35:07.000000000,closed,1,Fixed REPL build
967,2017-05-27 04:39:30.000000000,2017-05-27 12:17:57.000000000,closed,0,Minor build fix
966,2017-05-26 20:49:35.000000000,2017-05-27 03:03:43.000000000,closed,1,Added prepack support in fable-splitter
965,2017-05-26 19:42:39.000000000,2017-05-26 20:27:04.000000000,closed,2,Preserving functions as values.
964,2017-05-26 16:35:49.000000000,2017-05-27 03:09:56.000000000,closed,5,make appveyor more resilient to npm install failures
963,2017-05-26 13:33:39.000000000,2017-05-27 03:11:08.000000000,closed,2,add `prefercliruntime` file to `dotnet-fable` package root
962,2017-05-26 12:32:59.000000000,2017-05-26 14:57:11.000000000,closed,6,Steps to support project file targeting full .net framework?
961,2017-05-26 01:21:28.000000000,2017-05-27 03:11:08.000000000,closed,3,dotnet-fable demands specific version of dotnet SDK
960,2017-05-26 00:29:38.000000000,2017-06-11 03:33:16.000000000,closed,6,Paket groups are not respected
959,2017-05-25 23:58:45.000000000,2017-05-26 00:18:52.000000000,closed,5,Add `ofJsonAsType`
958,2017-05-25 21:20:32.000000000,2017-05-25 21:46:28.000000000,closed,2,Proposal: Move Imports out of Fable.Core
957,2017-05-25 19:51:58.000000000,2017-05-27 03:40:48.000000000,closed,3,published npm package Fable.Plugins.NUnit@next does not work with Fable 1.0.4
956,2017-05-25 18:27:51.000000000,2017-05-25 23:46:50.000000000,closed,5,Updated fable-splitter package
955,2017-05-25 09:22:30.000000000,2017-05-25 10:33:47.000000000,closed,2,Added fable-splitter source maps
954,2017-05-25 06:35:45.000000000,2017-05-27 03:07:58.000000000,closed,2,Fix searching for paket dependencies from Fable daemon
953,2017-05-25 02:24:10.000000000,2018-01-08 20:03:46.000000000,closed,16,[Feature] Allow ImportAttribute on modules to affect it's members
952,2017-05-24 23:43:57.000000000,2017-05-25 15:32:19.000000000,closed,0,Fable removes unit even when it changes the program
951,2017-05-24 22:32:07.000000000,2017-05-25 01:19:01.000000000,closed,2,fetch available from nuget gallery?
950,2017-05-24 21:14:02.000000000,2017-05-27 12:21:27.000000000,closed,11,Can't resolve 'fable-core/Foo' imports
949,2017-05-24 13:46:24.000000000,2017-05-24 18:00:20.000000000,closed,1,Fixed tslint issues
948,2017-05-24 12:24:04.000000000,2017-05-24 13:14:05.000000000,closed,1,Correct parsing arguments in Fable daemon
947,2017-05-24 10:38:40.000000000,2017-09-07 15:48:03.000000000,closed,6,error FABLE: Cannot find replacement for System.Environment.get_NewLine
946,2017-05-24 03:04:41.000000000,2017-05-25 06:38:25.000000000,closed,10,--port free throws exception
945,2017-05-23 23:28:56.000000000,2017-06-05 21:27:11.000000000,closed,6,Fable cannot compile project referencing a file from relative directory
944,2017-05-23 23:26:01.000000000,2017-05-25 02:06:52.000000000,closed,12,Import and Emit on same function
943,2017-05-23 18:11:16.000000000,2017-09-07 15:33:51.000000000,closed,3,Make server support different commands
942,2017-05-23 14:26:17.000000000,2017-05-24 13:12:33.000000000,closed,4,"Add types for Http, Https, Crypto and Tls."
941,2017-05-23 12:47:02.000000000,2018-12-12 05:30:36.000000000,closed,4,Problem with SourceMaps
940,2017-05-23 02:10:51.000000000,2017-06-02 07:10:04.000000000,closed,8,Fable can't build more than 3 project at a time
939,2017-05-22 23:22:43.000000000,2017-05-23 10:19:41.000000000,closed,4,Updated testapp config
938,2017-05-22 10:42:39.000000000,2017-05-22 10:47:33.000000000,closed,1,Fix build
937,2017-05-21 06:27:01.000000000,2017-05-22 11:46:21.000000000,closed,2,Initial getting started docs
936,2017-05-20 23:54:37.000000000,2017-09-07 15:47:48.000000000,closed,8,Roadmap help requested
935,2017-05-20 13:45:29.000000000,2017-05-22 23:10:25.000000000,closed,4,Compile JS without bundling
934,2017-05-19 18:51:55.000000000,2017-05-19 20:00:16.000000000,closed,0,Added files for new blog post
933,2017-05-19 07:57:18.000000000,2017-05-21 03:24:34.000000000,closed,1,Use Console type for console global
932,2017-05-19 07:52:26.000000000,2017-09-07 16:02:51.000000000,closed,5,How to reference local build?
931,2017-05-19 02:06:36.000000000,2017-05-25 01:08:08.000000000,closed,2,Express: The namespace or module 'http_types' is not defined.
930,2017-05-19 00:27:37.000000000,2017-09-07 16:03:10.000000000,closed,17,Create Fable.Import package
929,2017-05-18 19:10:24.000000000,2017-05-21 03:13:12.000000000,closed,4,Update exports
928,2017-05-18 03:23:57.000000000,2017-05-18 03:55:56.000000000,closed,5,React attribute is not list-wrapped when it should be in compiled javascript
927,2017-05-18 03:02:11.000000000,2017-05-21 12:59:45.000000000,closed,10,"Add Path module to Node bindings, documented"
926,2017-05-17 18:55:45.000000000,2017-06-14 13:23:29.000000000,closed,8,Running `dotnet fable npm-run` without `start` or `build` causes an exception
925,2017-05-17 18:50:53.000000000,2017-07-09 18:58:54.000000000,closed,10,Use embedded version of yarn
924,2017-05-17 16:14:58.000000000,2017-05-18 09:31:12.000000000,closed,5,Update FAKE
923,2017-05-17 15:50:29.000000000,2017-05-17 15:53:43.000000000,closed,0,Check core & compiler version match and grab fable-core JS files from packages/Fable.Core
922,2017-05-17 15:33:36.000000000,2017-06-06 06:12:29.000000000,closed,8,"""Cannot find Fable.Compiler package"" error in Fable examples"
921,2017-05-17 13:25:27.000000000,2017-06-05 21:33:08.000000000,closed,5,Unable to run example app
920,2017-05-17 05:02:17.000000000,2017-05-17 05:33:06.000000000,closed,3,Passing tuple as an arg type expands parameters
919,2017-05-17 04:11:55.000000000,2017-05-17 15:53:20.000000000,closed,4,Redirect dotnet-fable CLI to Fable.Compiler managed by Paket
918,2017-05-17 04:11:47.000000000,2017-05-17 21:02:38.000000000,closed,1,Now throws exception when converting invalid strings
917,2017-05-17 03:35:01.000000000,2017-05-18 20:04:00.000000000,closed,4,Add Url and Querystring modules
916,2017-05-17 00:11:43.000000000,2017-05-17 16:16:21.000000000,closed,2,Use Paket + proj file for tamplte
915,2017-05-16 23:29:08.000000000,2017-05-17 16:16:21.000000000,closed,0,Update Fable.Template (simple) to use Paket
914,2017-05-16 14:07:42.000000000,2017-05-17 18:01:30.000000000,closed,14,"Unable to run `dotnet fable npm-run start`: Module build failed: ReferenceError: Unknown plugin ""transform-runtime"" specified"
913,2017-05-16 12:29:05.000000000,2017-05-17 20:34:49.000000000,closed,4,Fixed REPL build and fable-core tslint issues
912,2017-05-16 10:37:31.000000000,2017-05-18 08:17:28.000000000,closed,5,"Unable to run `dotnet fable npm-run start`: ""The given path's format is not supported"" [1.0 beta]"
911,2017-05-16 01:45:14.000000000,2017-05-18 22:23:21.000000000,closed,5,Where to put external binding contributions
910,2017-05-16 01:22:08.000000000,2017-05-16 01:22:37.000000000,closed,0,Fix trait calls with record fields
909,2017-05-15 12:27:49.000000000,2017-05-22 11:42:05.000000000,closed,1,Add SymlinkType string enumeration
908,2017-05-15 08:29:18.000000000,2017-05-15 11:42:26.000000000,closed,2,Add fs
907,2017-05-15 05:46:51.000000000,2017-05-15 11:42:59.000000000,closed,1,add AutoOpen to *_types modules.
906,2017-05-14 23:12:28.000000000,2017-05-18 22:07:11.000000000,closed,6,Node console app sample
905,2017-05-14 22:38:30.000000000,2017-05-18 22:07:48.000000000,closed,2,Update WebGL Terrain Sample
904,2017-05-14 18:05:14.000000000,2017-05-16 00:51:53.000000000,closed,2,Updated Vue sample
903,2017-05-13 04:34:12.000000000,2017-05-14 00:34:26.000000000,closed,9,Local transitive dependency error: Two type definitions named 'PromiseSeq`1' occur in Fable.PowerPack.fsproj in two parts of this assembly
902,2017-05-12 19:31:39.000000000,2017-05-13 01:47:35.000000000,closed,1,"Error: ""Can't find variable: performance"" on Safari"
901,2017-05-12 19:09:35.000000000,2017-05-13 02:03:00.000000000,closed,1,Add Arch type to Node.js bindings
900,2017-05-12 16:20:48.000000000,2017-05-12 17:03:30.000000000,closed,1,Issue #897: Use Platform enum for process.platform
899,2017-05-12 13:53:29.000000000,2017-05-12 14:21:53.000000000,closed,6,Error(s) when referencing projects and files from different directories
898,2017-05-12 12:17:47.000000000,2017-05-12 12:23:37.000000000,closed,1,Reintroduce process.platform property - fixes #897
897,2017-05-12 07:05:46.000000000,2017-05-12 12:23:39.000000000,closed,1,Updated Node API is missing process.platform
896,2017-05-11 15:20:50.000000000,2017-05-11 18:33:47.000000000,closed,1,"Update Pixi sample, use local bindings"
895,2017-05-11 12:45:14.000000000,2017-05-11 23:16:14.000000000,closed,2,[ERROR] This expression was expected to have type 'obj' but here has type 'obj -> obj'
894,2017-05-11 04:34:54.000000000,2017-05-11 18:34:18.000000000,closed,1,Update SameGame sample
893,2017-05-11 02:53:27.000000000,2017-05-11 18:34:36.000000000,closed,1,Update and restructure for Pacman sample
892,2017-05-11 00:34:23.000000000,2017-05-11 02:13:22.000000000,closed,1,Updated Ozmo game sample
891,2017-05-10 23:29:22.000000000,2017-05-11 02:14:18.000000000,closed,4,"Mario sample, updated and restructured into multiple files"
890,2017-05-10 00:51:06.000000000,2017-05-10 01:01:47.000000000,closed,0,Add net options for creating server and fd handle.
889,2017-05-09 18:38:46.000000000,2017-05-11 23:16:41.000000000,closed,1,interacting.md
888,2017-05-09 17:13:58.000000000,2017-05-09 19:15:53.000000000,closed,3,[Dont Merge] Failing test for `TypeError: _arg1.value is not a function`
887,2017-05-09 02:07:13.000000000,2017-09-07 16:08:52.000000000,closed,11,Build a new Fable docs site using Fable
886,2017-05-08 20:10:04.000000000,2017-05-08 20:11:52.000000000,closed,0,Update rollup README.md
885,2017-05-08 20:09:07.000000000,2017-05-08 21:09:14.000000000,closed,1,Update README.md
884,2017-05-08 11:07:26.000000000,2017-05-16 03:12:55.000000000,closed,14,Integrate with Paket
883,2017-05-08 00:41:02.000000000,2017-05-08 00:41:18.000000000,closed,0,Update d3 sample
882,2017-05-08 00:34:30.000000000,2017-06-01 10:39:04.000000000,closed,5,Cache output of Fable compiler
881,2017-05-07 21:32:06.000000000,2017-09-07 16:03:23.000000000,closed,20,Update samples to Fable 1.0-beta
880,2017-05-07 21:02:07.000000000,2017-05-08 01:58:41.000000000,closed,1,Fixed ts2fable static flags
879,2017-05-07 18:59:18.000000000,2017-05-11 23:22:37.000000000,closed,6,Deprecate samples
878,2017-05-07 16:58:25.000000000,2017-06-21 21:52:56.000000000,closed,1,Create Fable transformer for React Native
877,2017-05-06 09:47:59.000000000,2017-06-06 02:32:40.000000000,closed,13,[WIP] Reduced logging pending a verbose mode
876,2017-05-04 20:56:28.000000000,2017-05-05 00:57:06.000000000,closed,1,Minor REPL target update
875,2017-05-04 19:35:27.000000000,2017-05-11 23:23:46.000000000,closed,4,Feature Request:  Reduce the console.logging during build
874,2017-05-04 16:10:17.000000000,2017-05-11 23:26:30.000000000,closed,26,Maintainers wanted dead or alive! (But preferably alive.)
873,2017-05-04 14:01:00.000000000,2017-05-08 12:28:42.000000000,closed,5,Fable 0.7.50 goes automatically into watch mode and no way to disable that
872,2017-05-04 13:15:12.000000000,2017-11-22 13:17:05.000000000,closed,9,Fable release doesn't push tags to github
871,2017-05-04 13:13:28.000000000,2017-05-08 12:28:32.000000000,closed,3,Fable doesn't use fableconfig.json automatically
870,2017-05-04 00:28:32.000000000,2017-05-04 01:59:45.000000000,closed,3,Fix cramped code in pong game and use different keys to start and move
869,2017-05-03 19:12:31.000000000,2017-05-11 23:29:58.000000000,closed,2,Multiple namespace declarations gives an error
868,2017-05-03 08:17:05.000000000,2017-05-11 23:32:23.000000000,closed,23,Roadmap and Priorities
867,2017-05-03 02:54:21.000000000,2017-05-11 23:40:48.000000000,closed,13,adding a `dotnet new fable-vscode` template
866,2017-05-03 00:09:20.000000000,2017-05-03 00:12:37.000000000,closed,3,Add documentation for the pong-sample (website).
865,2017-05-02 21:36:40.000000000,2017-05-03 00:11:26.000000000,closed,1,Node Streams should be generic
864,2017-05-02 21:35:50.000000000,2017-05-03 00:11:26.000000000,closed,0,Node Streams should be generic
863,2017-05-02 12:17:39.000000000,2017-05-11 23:42:33.000000000,closed,2,FileSystem type provider
862,2017-05-01 18:48:38.000000000,2017-05-02 18:26:06.000000000,closed,1,Add instructions to rollup-plugin-fable readme.
861,2017-04-30 18:53:40.000000000,2017-05-09 05:32:38.000000000,closed,6,1.0 issues with Ionide
860,2017-04-29 08:14:16.000000000,2017-05-02 18:25:19.000000000,closed,2,Added rollup config to tests
859,2017-04-29 04:13:34.000000000,2017-05-06 04:42:51.000000000,closed,1,"<Emit(""import($0)"") can not be used> to instruct webpack to create async chunks"
858,2017-04-27 22:22:19.000000000,2018-01-08 20:08:41.000000000,closed,10,Char.IsXXX predicates give compile error
857,2017-04-27 18:41:25.000000000,2017-04-27 23:18:34.000000000,closed,7,dotnet fable - allow an alternative to npm to be specified
856,2017-04-27 17:36:40.000000000,2017-05-12 00:47:57.000000000,closed,43,[Discussion] Transitive dependencies
855,2017-04-26 22:47:12.000000000,2017-04-26 23:32:46.000000000,closed,1,REPL build fix
854,2017-04-26 13:33:34.000000000,2017-04-26 14:01:43.000000000,closed,2,Quoted the webpack script path (#852)
853,2017-04-25 21:55:03.000000000,2017-04-26 20:52:50.000000000,closed,0,REPL update
852,2017-04-25 18:16:56.000000000,2017-04-26 14:31:29.000000000,closed,2,'dotnet fable webpack' failing for paths with spaces
851,2017-04-25 11:52:34.000000000,2017-05-02 18:26:06.000000000,closed,1,Update README of fable-loader and rollup-plugin-fable
850,2017-04-25 02:55:43.000000000,2017-04-25 02:56:07.000000000,closed,1,Allow compilation of multiple projects in parallel
849,2017-04-25 02:29:28.000000000,2017-04-25 02:30:39.000000000,closed,4,REPL update
848,2017-04-24 21:30:04.000000000,2017-04-25 23:57:56.000000000,closed,3,[Dev] Can't restore
847,2017-04-24 15:23:46.000000000,2017-05-12 00:12:32.000000000,closed,23,Publish fable.jsonconverter for net45 again
846,2017-04-24 00:23:21.000000000,2017-04-24 01:37:31.000000000,closed,2,Async<T> does not encode type information of T
845,2017-04-23 23:51:14.000000000,2017-04-24 00:49:23.000000000,closed,1,REPL update
844,2017-04-22 02:23:29.000000000,2017-04-23 03:30:01.000000000,closed,1,dotnet fable add doesn't work if there is spaces in the folder path.
843,2017-04-22 00:25:25.000000000,2017-04-22 01:14:11.000000000,closed,4,Fixed REPL build
842,2017-04-21 01:42:34.000000000,2017-04-21 20:27:25.000000000,closed,1,List.mapFold / mapFoldBack issue
841,2017-04-20 17:24:47.000000000,2017-04-21 01:57:36.000000000,closed,1,"Implementation of interface in a private module causes ""TypeError: [thing] is not a constructor"" error in JS"
840,2017-04-20 06:08:55.000000000,2017-04-20 10:55:45.000000000,closed,0,Update index.js
839,2017-04-20 06:07:25.000000000,2017-04-20 10:55:39.000000000,closed,1,Update index.js
838,2017-04-20 02:20:44.000000000,2017-11-25 15:04:41.000000000,closed,3,[BUG] System.Text.RegularExpressions.Group.Value is incorrect
837,2017-04-20 01:56:07.000000000,2017-04-20 02:10:16.000000000,closed,5,add rollup-pluginutils as dev dependency
836,2017-04-20 01:50:26.000000000,2017-04-20 02:24:37.000000000,closed,2,[ERROR] This expression was expected to have type Result but has type Severity
835,2017-04-20 01:35:23.000000000,2017-04-20 01:44:06.000000000,closed,1,add debugger() to Fable.Import.JS
834,2017-04-19 22:32:43.000000000,2017-04-19 23:05:43.000000000,closed,1,Add Ability to choose arbitrary available port
833,2017-04-19 21:38:08.000000000,2017-04-19 23:05:43.000000000,closed,0,Add Ability to choose arbitrary available port
832,2017-04-19 17:52:30.000000000,2017-04-19 20:49:47.000000000,closed,1,Update rollup-plugin-fable based on CR feedback.
831,2017-04-19 04:11:31.000000000,2017-04-19 11:01:45.000000000,closed,1,Fixes #817
830,2017-04-18 18:38:36.000000000,2017-04-18 18:59:07.000000000,closed,4,Allow fable server to run arbitrary commands
829,2017-04-18 17:58:40.000000000,2017-04-18 18:03:51.000000000,closed,1,Updated Convert.ToString
828,2017-04-18 17:50:13.000000000,2017-04-18 18:59:07.000000000,closed,6,Allow fable server to run arbitrary commands
827,2017-04-18 16:32:00.000000000,2017-04-18 17:37:51.000000000,closed,6,fable + edge js (F# frontend for js + .net world)
826,2017-04-18 11:45:01.000000000,2017-05-11 23:46:08.000000000,closed,4,Extend BCL support
825,2017-04-18 10:29:44.000000000,2017-04-18 11:39:14.000000000,closed,1,Added Convert.ToString
824,2017-04-18 03:07:34.000000000,2017-04-18 11:39:30.000000000,closed,2,"Missing BCL functions in Convert.ToString(number, base)"
823,2017-04-17 20:01:28.000000000,2017-04-17 23:24:58.000000000,closed,2,Added replacement for Random.NextDouble
822,2017-04-17 05:19:43.000000000,2017-04-18 11:39:41.000000000,closed,2,feature request System.Random (FABLE: Cannot find replacement for System.Random.NextDouble)
821,2017-04-16 23:51:56.000000000,2017-04-17 12:01:15.000000000,closed,1,Added replacement for String.Chars
820,2017-04-16 20:21:45.000000000,2017-04-17 12:01:46.000000000,closed,1,"""export 'chars' was not found"
819,2017-04-16 13:43:00.000000000,2017-04-17 11:59:37.000000000,closed,1,Added rollup config to testapp
818,2017-04-16 06:17:16.000000000,2017-04-17 12:00:20.000000000,closed,1,Added Seq.chunkBySize with Tests
817,2017-04-15 21:31:45.000000000,2017-04-19 11:01:46.000000000,closed,3,[BUG] TryParse gives an incorrect result
816,2017-04-15 20:29:25.000000000,2017-04-19 11:35:19.000000000,closed,3,[ERROR] unhandled construct in AST
815,2017-04-15 00:14:10.000000000,2017-04-15 18:18:23.000000000,closed,6,Currying annotation
814,2017-04-14 06:08:56.000000000,2017-04-20 01:44:06.000000000,closed,1,Add debugger fn to Fable.Import.JS?
813,2017-04-14 06:03:20.000000000,2017-04-14 11:18:44.000000000,closed,1,Update cwd for quicktest debugging in vscode
812,2017-04-13 01:52:27.000000000,2017-04-13 10:56:21.000000000,closed,1,rollup-pluginutils should be a dependency instead of a devDependency
811,2017-04-12 23:39:22.000000000,2017-05-12 00:15:53.000000000,closed,8,Creating a page to list all Fable-* lib
810,2017-04-12 20:33:11.000000000,2017-04-13 14:38:06.000000000,closed,3,"printfn ""%A"" has bad output for discriminated unions"
809,2017-04-12 16:51:33.000000000,2017-04-14 12:14:41.000000000,closed,10,Unhandled Exception: System.Net.Sockets.SocketException: Address already in use
808,2017-04-12 05:38:16.000000000,2017-04-12 10:53:25.000000000,closed,11,Add rollup plugin
807,2017-04-12 03:37:05.000000000,2017-04-22 01:20:52.000000000,closed,6,REPL issue
806,2017-04-12 01:20:19.000000000,2017-04-18 13:27:10.000000000,closed,0,[WIP] Output multiple errors
805,2017-04-11 17:21:41.000000000,2017-05-11 23:19:50.000000000,closed,20,TypeScript integration
804,2017-04-11 14:23:50.000000000,2017-05-12 00:16:50.000000000,closed,13,Create Fable transformer for React Native
803,2017-04-09 12:37:23.000000000,2017-04-09 15:46:55.000000000,closed,4,Clarify blog post
802,2017-04-08 16:25:15.000000000,2018-01-08 20:04:13.000000000,closed,2,Enable DocumentDB server-side programming
801,2017-04-06 20:10:47.000000000,2017-04-09 21:56:16.000000000,closed,3,Fable 1.x: Node interop Issues
800,2017-04-05 03:53:19.000000000,2017-09-07 16:04:15.000000000,closed,24,Compile JS without bundling
799,2017-04-04 06:37:31.000000000,2017-04-20 01:16:28.000000000,closed,4,add failing test for type converter being composed
798,2017-04-04 05:42:56.000000000,2017-04-19 20:55:43.000000000,closed,1,"Cannot compose type conversion functions like int, double, etc via >> operator"
797,2017-04-04 01:13:14.000000000,2018-12-12 05:54:50.000000000,closed,10,Pass current instance as first argument to imported extension methods
796,2017-04-03 21:08:19.000000000,2017-04-16 06:57:37.000000000,closed,5,Update package.json to workaround UseCommonOutputDirectory env variable
795,2017-04-03 08:37:37.000000000,2017-09-07 15:08:42.000000000,closed,6,[WIP] Tail-rec transformExpr
794,2017-04-03 07:57:07.000000000,2017-04-03 16:59:18.000000000,closed,2,.NET core version of JsonConverter
793,2017-04-02 13:02:00.000000000,2017-04-02 14:50:21.000000000,closed,11,Updated FCS-Fable symbols
792,2017-04-02 01:12:43.000000000,2017-04-02 03:27:49.000000000,closed,19,Emit attribute and createEmpty not working
791,2017-04-01 11:23:54.000000000,2017-04-01 14:45:25.000000000,closed,1,make JS `Array.isArray` return `bool`
790,2017-04-01 04:25:21.000000000,2017-04-01 14:41:55.000000000,closed,4,Corrected path to NUnit when building
789,2017-04-01 04:02:20.000000000,2017-04-01 19:47:33.000000000,closed,0,Unable to build Fable: Incorrect NUnit plugin path
788,2017-04-01 00:23:28.000000000,2017-04-01 00:24:12.000000000,closed,0,Fable 1.0 beta
787,2017-03-31 23:39:20.000000000,2017-05-12 00:44:33.000000000,closed,12,Prevent stack overflows
786,2017-03-31 19:19:55.000000000,2017-09-07 16:04:50.000000000,closed,3,Add README to fable-loader
785,2017-03-31 17:19:14.000000000,2017-03-31 17:25:17.000000000,closed,1,fix typo
784,2017-03-31 16:36:12.000000000,2017-04-02 06:41:30.000000000,closed,2,Compiled unicode string
783,2017-03-30 01:54:08.000000000,2017-05-12 00:45:14.000000000,closed,5,[discussion] Idea of VSCode pugin to run scripts in Chrome
782,2017-03-29 19:51:35.000000000,2017-03-30 00:15:43.000000000,closed,0,[narumi] Changed testapp sample back
781,2017-03-29 17:59:12.000000000,2017-04-02 01:04:22.000000000,closed,4,Error: An implementation of file has already been given
780,2017-03-29 06:56:37.000000000,2017-03-29 11:39:07.000000000,closed,6,Update dotnet-fable.fsproj
779,2017-03-29 04:51:47.000000000,2017-03-29 13:29:43.000000000,closed,1,[WIP] Fixed testapp build
778,2017-03-28 18:50:06.000000000,2017-03-28 19:34:30.000000000,closed,4,[776] Fixed concat to work with Option<T> with tests
777,2017-03-28 14:28:28.000000000,2017-05-12 00:48:38.000000000,closed,1,Q: chain of Fable npmjs published packages (A->B->C) 
776,2017-03-28 01:46:37.000000000,2017-03-28 19:34:29.000000000,closed,1,Seq.collect on Option seq seq stops on first None value
775,2017-03-26 19:17:49.000000000,2017-03-27 02:25:16.000000000,closed,2,[narumi] Published fable-plugins-nunit@next package has multiple dlls where one doesn't work
774,2017-03-26 18:56:44.000000000,2017-04-23 04:14:15.000000000,closed,3,Inspecting function range and domain by Reflection
773,2017-03-26 00:58:31.000000000,2017-04-16 17:52:06.000000000,closed,2," Fable 1.x: ""Cannot compile expression"" (F# 4.1 Result type)"
772,2017-03-26 00:48:50.000000000,2017-05-07 23:32:58.000000000,closed,4,Reflection: encode input/output types of functions
771,2017-03-25 20:37:28.000000000,2017-04-01 00:24:13.000000000,closed,10,Port not always free
770,2017-03-25 11:09:45.000000000,2017-03-28 01:28:56.000000000,closed,6,[narumi] Add tests checking for FSharp.Core 4.1 Result type support
769,2017-03-25 02:12:36.000000000,2017-05-02 18:28:35.000000000,closed,11,Update node foreign interface - WIP
768,2017-03-24 17:29:11.000000000,2017-03-24 20:03:29.000000000,closed,2,Fetching fable templates doesn't work as expected in fish shell
767,2017-03-24 11:17:10.000000000,2017-03-24 12:29:30.000000000,closed,1,Test deserialization for provided type at run-time
766,2017-03-24 06:45:31.000000000,2017-03-24 15:49:54.000000000,closed,2,Adding rollup stops generating intermediate javascript
765,2017-03-24 04:26:55.000000000,2017-03-24 12:25:44.000000000,closed,1,Add Int32.ToString
764,2017-03-24 02:26:04.000000000,2017-03-24 02:38:08.000000000,closed,6,[WIP] Fix REPL build
763,2017-03-24 02:19:50.000000000,2017-03-24 02:33:00.000000000,closed,2,Added tests for Fable.JsonConverter
762,2017-03-24 01:50:21.000000000,2017-03-24 02:30:21.000000000,closed,1,expose deflate function in Fable.Core
761,2017-03-24 00:15:03.000000000,2017-03-24 02:39:42.000000000,closed,1,Fable.JsonConverter fails de deserialize json to Option types
760,2017-03-23 21:57:02.000000000,2017-03-23 22:12:29.000000000,closed,1,Add method to construct a Buffer
759,2017-03-23 14:45:30.000000000,2017-03-23 15:15:38.000000000,closed,3,Int.parse overload for hex parsing
758,2017-03-22 21:01:48.000000000,2017-03-22 21:52:58.000000000,closed,3,Update child_process.exec to return Option<Error>
757,2017-03-22 19:36:29.000000000,2017-05-12 13:27:43.000000000,closed,3,Two .fsproj crashes dotnet fable
756,2017-03-20 00:29:23.000000000,2017-05-12 00:59:33.000000000,closed,6,Record type with element a polymorphic function
755,2017-03-18 20:59:19.000000000,2017-03-21 14:34:08.000000000,closed,3,[WIP] Fix REPL build
754,2017-03-18 20:42:45.000000000,2017-03-20 20:49:50.000000000,closed,3,[narumi] Records signature codegen regression
753,2017-03-15 23:49:25.000000000,2017-03-16 02:27:56.000000000,closed,2,Socket should inherit from NodeJS.ReadableStream
752,2017-03-15 13:31:11.000000000,2017-03-21 12:05:35.000000000,closed,3,Comments in the generated JavaScript
751,2017-03-15 01:01:24.000000000,2017-03-15 01:08:35.000000000,closed,3,Make TransformOptions not inherit
750,2017-03-11 02:06:07.000000000,2017-03-31 12:17:15.000000000,closed,4,Cannot resolve trait error
749,2017-03-09 04:00:27.000000000,2017-03-09 04:01:08.000000000,closed,0,fable-loader
748,2017-03-09 02:31:46.000000000,2017-04-09 15:43:19.000000000,closed,1,Add preliminary support for nameof operator
747,2017-03-09 01:40:49.000000000,2017-03-17 04:13:10.000000000,closed,2,"Comparisons between Decimals get translated to "".CompareTo"""
746,2017-03-08 15:31:10.000000000,2017-03-08 21:04:17.000000000,closed,7,Updated to match FCS-fable latest
745,2017-03-08 10:55:29.000000000,2017-03-08 13:05:56.000000000,closed,0,Updated sdk version
744,2017-03-07 11:51:36.000000000,2017-03-07 12:59:57.000000000,closed,2,fable --help doesn't work
743,2017-03-05 08:24:51.000000000,2017-03-06 12:49:13.000000000,closed,1,Enable serialization of union/record map keys #697
742,2017-03-04 11:41:53.000000000,2017-05-12 01:02:28.000000000,closed,1,Javascript output is referencing fable-imports and adding them to outDir
741,2017-03-04 10:08:41.000000000,2017-03-04 14:10:14.000000000,closed,0,Minor reference update
740,2017-03-03 16:26:13.000000000,2017-04-16 01:22:12.000000000,closed,4,ts2fable following exports from index.d.ts eg in office-fabric-ui-react
739,2017-03-02 21:00:06.000000000,2017-05-12 00:53:39.000000000,closed,13,[discussion] Fable JS performance optimization ideas
738,2017-03-02 13:24:24.000000000,2017-04-19 12:10:14.000000000,closed,2,Can't generate Docs
737,2017-03-01 12:37:20.000000000,2017-03-02 03:08:39.000000000,closed,37,WebAssembly support
736,2017-03-01 01:16:20.000000000,2017-03-01 03:01:06.000000000,closed,3,Qualifying (non-bulitin) <Erased> DU's do not discriminate properly
735,2017-02-28 22:02:53.000000000,2017-02-28 22:04:44.000000000,closed,1,Fixed test
734,2017-02-27 18:57:30.000000000,2017-04-19 12:08:08.000000000,closed,1,Fable watch crashing sometime
733,2017-02-27 01:03:06.000000000,2017-02-27 14:04:55.000000000,closed,0,Added repl compile time measurement
732,2017-02-26 16:01:52.000000000,2017-02-26 23:40:02.000000000,closed,0,Added missing dependency
731,2017-02-26 00:35:02.000000000,2017-05-11 23:48:52.000000000,closed,6,Html documentation of Fable API
730,2017-02-25 22:32:02.000000000,2017-02-26 03:27:26.000000000,closed,10,Unable to compile simple fsx with Fable on macOS
729,2017-02-25 19:24:35.000000000,2017-02-26 03:47:00.000000000,closed,0,Fixed bench app
728,2017-02-24 07:34:03.000000000,2017-02-24 13:45:52.000000000,closed,0,Fixed module issue
727,2017-02-24 05:27:30.000000000,2018-12-12 05:41:51.000000000,closed,12,Bootstrap Fable
726,2017-02-22 23:38:02.000000000,2017-02-23 05:02:31.000000000,closed,3,Error using ? with functions that use this
725,2017-02-22 03:26:19.000000000,2017-05-17 21:02:38.000000000,closed,9,Missing Exception when casting bad int
724,2017-02-22 00:11:36.000000000,2017-02-22 02:58:05.000000000,closed,2,Uncaught Exception in Async with do!
723,2017-02-20 15:33:20.000000000,2017-02-23 16:19:42.000000000,closed,7,Dockerfile
722,2017-02-20 15:29:23.000000000,2017-02-20 17:49:18.000000000,closed,2,Avoid html elements being blocked by AdBlock in Fable website
721,2017-02-20 14:47:27.000000000,2017-02-21 04:17:31.000000000,closed,6,importMember with generic parameter fails
720,2017-02-19 07:13:11.000000000,2017-02-20 01:42:55.000000000,closed,0,Added bench app
719,2017-02-17 22:50:45.000000000,2017-02-18 00:54:58.000000000,closed,2,Projects update (narumi)
718,2017-02-17 20:27:57.000000000,2017-05-05 10:58:15.000000000,closed,23,Code that doesn't compile in the REPL
717,2017-02-17 19:41:05.000000000,2017-02-23 16:21:05.000000000,closed,5,Can't compose KeyValueList DU
716,2017-02-16 22:28:46.000000000,2017-02-16 22:52:27.000000000,closed,1,FSharpType and FSharpValue tests.
715,2017-02-15 21:12:37.000000000,2017-02-15 21:33:12.000000000,closed,1,COSMETICS: Don't introduce lambda if it's not needed
714,2017-02-15 21:09:11.000000000,2017-02-15 21:38:09.000000000,closed,1,COSMETICS: Reuse same variable if they don't clash in scope
713,2017-02-15 21:07:26.000000000,2017-02-15 21:43:44.000000000,closed,5,"COSMETICS: try to use x,y,z as lambda parameters when possible"
712,2017-02-13 22:02:41.000000000,2017-02-15 11:09:22.000000000,closed,7,Async.RunSynchronously issue (narumi)
711,2017-02-12 17:17:01.000000000,2017-02-15 20:25:18.000000000,closed,3,U2 match codegen issue (narumi)
710,2017-02-12 16:31:41.000000000,2017-02-12 17:01:31.000000000,closed,2,DU codegen optimization (narumi)
709,2017-02-12 01:20:02.000000000,2017-02-12 01:38:28.000000000,closed,17,Demo page minor update
708,2017-02-11 04:56:04.000000000,2017-02-11 04:57:39.000000000,closed,1,Removed UTF8 BOM for Chrome
707,2017-02-10 16:04:35.000000000,2017-02-10 20:22:09.000000000,closed,5,Fixed Babel AST json serialization
706,2017-02-09 20:46:43.000000000,2017-05-12 01:06:38.000000000,closed,11,"""Getting started"" guide probably needed (also a weird error)"
705,2017-02-09 02:43:49.000000000,2017-02-10 01:35:23.000000000,closed,3,Lazy lists regression in narumi
704,2017-02-08 16:57:02.000000000,2017-02-09 01:39:00.000000000,closed,1,Flatten lambdas regression in narumi
703,2017-02-07 16:54:44.000000000,2017-02-09 16:48:33.000000000,closed,0,[narumi] Build fix
702,2017-02-06 22:04:34.000000000,2017-02-06 22:16:12.000000000,closed,0,Option to save Babel AST to file
701,2017-02-06 17:55:46.000000000,2017-02-07 04:49:55.000000000,closed,2,Class with default member don't execute override member in js
700,2017-02-06 11:31:42.000000000,2017-02-08 03:04:08.000000000,closed,12,"Babel: ""You must pass a scope and parentPath unless traversing a Program/File."""
699,2017-02-06 07:31:13.000000000,2017-02-06 14:06:11.000000000,closed,1,Updated Fable.Client.Browser project to rc3
698,2017-02-06 03:56:32.000000000,2017-02-06 14:07:21.000000000,closed,1,"Replacement for Double.IsNaN and Math.Log(x, b) with tests"
697,2017-02-03 06:13:19.000000000,2017-05-12 01:13:15.000000000,closed,3,Serialization of discriminated union map keys with Json.NET and Fable.JsonConverter
696,2017-02-02 13:20:54.000000000,2017-02-07 03:31:58.000000000,closed,6,Internal/private module definitions
695,2017-02-02 13:06:08.000000000,2017-02-02 13:17:36.000000000,closed,1,Fixed netcore build
694,2017-02-02 12:08:12.000000000,2017-05-12 00:20:46.000000000,closed,3,Adding byref parameter support
693,2017-01-31 18:27:14.000000000,2017-05-12 01:22:58.000000000,closed,2,DateTime.ParseExact should be supported
692,2017-01-31 08:51:23.000000000,2017-01-31 12:41:19.000000000,closed,1,Don't apply [<AllowNullLiteral>] to type aliases. 
691,2017-01-31 08:40:32.000000000,2017-01-31 12:41:19.000000000,closed,0,ts2fable shouldn't add [<AllowNullLiteral>] to union types.
690,2017-01-31 08:37:01.000000000,2017-01-31 12:42:23.000000000,closed,1,"Get rid of some code duplication, add proper interface merging"
689,2017-01-31 08:35:08.000000000,2017-01-31 12:42:23.000000000,closed,0,ts2fable doesn't merge interfaces defined in separate instances of the module
688,2017-01-31 08:09:40.000000000,2017-01-31 12:42:23.000000000,closed,0,ts2fable ignores enums defined outside of modules
687,2017-01-30 05:29:44.000000000,2017-01-30 12:38:36.000000000,closed,1,Disable tail calls for try catch and try finally
686,2017-01-30 04:56:38.000000000,2017-01-30 04:58:31.000000000,closed,0,Fix the bug with finally
685,2017-01-30 04:40:28.000000000,2017-01-30 04:47:49.000000000,closed,0,Add test for recursion and use keyword
684,2017-01-30 04:30:48.000000000,2017-01-30 04:31:29.000000000,closed,0,Add test for rec with finally
683,2017-01-29 22:00:04.000000000,2017-02-05 21:55:42.000000000,closed,1,Need 4.5.2 support
682,2017-01-29 17:25:36.000000000,2017-04-01 00:24:13.000000000,closed,14,Discussion: a better runtime representation for union types?
681,2017-01-29 01:16:16.000000000,2017-02-27 13:52:21.000000000,closed,5,Tailcall optimization issue 
680,2017-01-27 23:31:58.000000000,2017-01-28 15:21:14.000000000,closed,1,Don't emit [<AllowNullLiteral>] for enums. Fixes #679.
679,2017-01-27 23:19:40.000000000,2017-01-28 15:21:15.000000000,closed,0,ts2fable should not mark enums with [<AllowNullLiteral>]
678,2017-01-27 23:06:22.000000000,2017-01-28 15:22:29.000000000,closed,1,ts2fable.js: merge namesake modules. Fixes #677.
677,2017-01-27 22:45:10.000000000,2017-01-28 15:22:29.000000000,closed,0,ts2fable doesn't merge namesake modules
676,2017-01-27 09:46:40.000000000,2017-01-27 13:56:41.000000000,closed,3,Fixes issue #671 - ts2fable crashes on module names containing a dot (nested modules).
675,2017-01-26 22:11:01.000000000,2017-01-27 00:19:07.000000000,closed,1,Tailcall optimization looping issue
674,2017-01-26 11:20:04.000000000,2017-01-26 14:24:11.000000000,closed,0,Tailcall optimization issue
673,2017-01-25 22:22:22.000000000,2017-01-26 02:45:36.000000000,closed,5,Pattern matching codegen regression
672,2017-01-25 19:54:46.000000000,2017-04-23 15:14:39.000000000,closed,1,[WIP] Allow file types in watch
671,2017-01-25 09:28:04.000000000,2017-01-27 13:56:42.000000000,closed,0,ts2fable crashes on `declare module` when module name contains a dot.
670,2017-01-25 07:03:42.000000000,2017-01-25 12:37:46.000000000,closed,1,Dict/Set constructor parameter check
669,2017-01-25 05:30:28.000000000,2017-01-25 12:46:37.000000000,closed,0,Tailcall optimizations
668,2017-01-24 19:34:57.000000000,2017-01-24 21:38:47.000000000,closed,1,F# record equality and comparison checks only declared members (fixes #666)
667,2017-01-24 17:53:34.000000000,2017-01-24 18:42:36.000000000,closed,2,Proposition new helper JSInterop
666,2017-01-24 14:52:25.000000000,2017-01-24 21:38:48.000000000,closed,2,F# Record structural equality and comparison include fields added dynamically
665,2017-01-23 10:46:19.000000000,2017-01-23 21:10:04.000000000,closed,3,Possible to generate this keyword?
664,2017-01-23 10:41:10.000000000,2017-01-23 21:08:10.000000000,closed,2,Different binding behaviour
663,2017-01-22 15:42:38.000000000,2017-01-22 17:09:17.000000000,closed,2,"Use {} when Window, Global and Self are undefined"
662,2017-01-21 13:10:52.000000000,2017-01-22 15:28:32.000000000,closed,2,Fixed netcore build
661,2017-01-20 04:15:26.000000000,2017-01-20 06:19:30.000000000,closed,4,How do call a jquery method that is a keyword in F#
660,2017-01-20 02:28:43.000000000,2017-01-20 12:11:29.000000000,closed,4,Option code generation issue
659,2017-01-19 15:33:11.000000000,2017-01-20 20:36:09.000000000,closed,4,"Quotes added to keys in serialisation of Map<string,'T>"
658,2017-01-18 15:10:12.000000000,2017-01-18 18:08:16.000000000,closed,3,Fixed default comparer
657,2017-01-17 14:44:20.000000000,2017-01-22 19:59:33.000000000,closed,3,[WIP] Fable JS support
656,2017-01-17 11:36:59.000000000,2017-05-12 01:23:51.000000000,closed,1,Inline Getters on abstract type producing assignment calls
655,2017-01-17 11:08:47.000000000,2017-05-12 01:14:05.000000000,closed,1,Erased types cannot contain members or receive augmentations
654,2017-01-17 10:08:03.000000000,2017-05-12 01:24:16.000000000,closed,3,Member properties and functions on erased types are called as native
653,2017-01-15 18:33:17.000000000,2017-05-12 01:09:52.000000000,closed,3,Minor optimization for string slices: detect half-open ranges
652,2017-01-15 18:04:04.000000000,2017-01-16 01:19:33.000000000,closed,1,#651: report nested message when getting TargetInvocationException
651,2017-01-14 19:30:00.000000000,2017-01-15 23:27:30.000000000,closed,3,Building elmish fails
650,2017-01-14 08:00:24.000000000,2017-01-14 15:28:40.000000000,closed,3,Added BigInt conversions
649,2017-01-13 19:00:57.000000000,2017-01-13 19:42:49.000000000,closed,1,Problem with deserialized int64
648,2017-01-13 14:10:41.000000000,2017-01-13 20:30:25.000000000,closed,1,Namespace runtime issue
647,2017-01-12 18:29:49.000000000,2017-01-14 18:03:28.000000000,closed,8,@ symbol problem ( @Fields was rendered without @ after update)
646,2017-01-12 09:06:36.000000000,2017-01-13 13:20:09.000000000,closed,8,Zero fill shift right (>>>) is wrong for uint32...
645,2017-01-11 22:22:19.000000000,2017-01-17 00:31:48.000000000,closed,7,Added Link to a new use case (Google Script)
644,2017-01-11 21:04:03.000000000,2017-05-12 01:13:39.000000000,closed,2,Image Smoothing Enabled is only supported for IE
643,2017-01-11 03:30:03.000000000,2017-05-12 01:25:05.000000000,closed,5,Function match parameters create unnecessary closures
642,2017-01-10 15:11:23.000000000,2017-01-13 13:05:40.000000000,closed,18,Check if bigints work
641,2017-01-09 22:15:28.000000000,2017-01-10 01:20:11.000000000,closed,2,Fixed netcore build
640,2017-01-09 18:42:02.000000000,2017-01-10 16:23:32.000000000,closed,1,Null arguments (non-optional) get removed
639,2017-01-09 18:31:06.000000000,2017-01-09 19:06:02.000000000,closed,3,An implementation of the file or module 'Fable.Import.Meteor' has already been given
638,2017-01-09 12:00:04.000000000,2017-01-10 16:23:32.000000000,closed,0,Inline methods with this argument are not compiled correctly
637,2017-01-07 11:18:51.000000000,2017-01-07 15:30:23.000000000,closed,0,IEnumerable runtime issue
636,2017-01-07 07:34:39.000000000,2017-01-07 20:57:34.000000000,closed,3,Fixed IEnumerable iterator
635,2017-01-07 06:37:16.000000000,2017-04-19 12:00:02.000000000,closed,3,New UMD Header Breaks r.js Bundling
634,2017-01-06 06:53:25.000000000,2017-01-06 14:44:54.000000000,closed,1,Fixed Option.foldBack
633,2017-01-06 01:54:29.000000000,2017-01-06 17:02:39.000000000,closed,4,jsThis can only be called within a delegate
632,2017-01-06 00:32:40.000000000,2017-01-31 17:17:24.000000000,closed,7,Webpack warnings on fable-core
631,2017-01-05 21:57:57.000000000,2017-01-06 02:27:35.000000000,closed,2,Build fix
630,2017-01-05 05:27:46.000000000,2017-01-05 11:39:40.000000000,closed,2,Meteorjs methods table
629,2017-01-05 02:37:31.000000000,2017-01-08 18:57:47.000000000,closed,1,Suggestion - Visual Studio compatible error messages.
628,2017-01-04 21:13:40.000000000,2017-01-05 10:52:38.000000000,closed,1,Fixed pattern matching on long ints
627,2017-01-04 19:44:39.000000000,2017-01-05 12:26:13.000000000,closed,2,Inflating a list-containing record throws an exception
626,2017-01-04 04:30:52.000000000,2017-05-12 01:27:38.000000000,closed,3,[<Import>]s from 'fable-core' break depending on coreLib option used when compiling
625,2017-01-03 21:39:22.000000000,2017-01-05 10:53:41.000000000,closed,0,List inflation problem
624,2017-01-02 16:46:59.000000000,2017-01-04 14:34:25.000000000,closed,3,Fable 0.7.24 break Aether
623,2017-01-01 16:30:47.000000000,2017-01-04 14:58:47.000000000,closed,3,Undocumented breaking change from 0.4 -> 0.7 importing global JS objects
622,2016-12-31 21:33:30.000000000,2017-01-06 02:32:48.000000000,closed,9,Code from fable-core is being duplicated when bundling with Rollup
621,2016-12-31 16:05:36.000000000,2017-01-04 19:37:55.000000000,closed,5,Match expression for discriminated union does not produce correct transpiled code for fallback case
620,2016-12-31 05:37:17.000000000,2017-01-13 02:15:25.000000000,closed,12,Why use System.Func and not FSharp.Core.FSharpFunc ?
619,2016-12-28 21:21:55.000000000,2016-12-30 12:49:08.000000000,closed,3,Fixed netcore build
618,2016-12-27 23:00:31.000000000,2016-12-28 01:00:35.000000000,closed,5,Swapped commonjs for umd
617,2016-12-27 14:30:25.000000000,2016-12-27 16:00:46.000000000,closed,1,Pong sample
616,2016-12-27 13:01:34.000000000,2016-12-27 13:57:28.000000000,closed,1,Added String.IndexOfAny
615,2016-12-27 06:46:59.000000000,2016-12-27 12:33:37.000000000,closed,1,Fix typo: s/failiwthf/failwithf/
614,2016-12-27 05:50:21.000000000,2016-12-27 12:51:08.000000000,closed,1,Added String.Compare
613,2016-12-27 01:12:30.000000000,2016-12-27 12:33:08.000000000,closed,7,Fable.JsonConverter DateTime fixes
612,2016-12-26 04:09:40.000000000,2016-12-26 13:08:26.000000000,closed,1,Fixed failing tests
611,2016-12-23 08:41:44.000000000,2016-12-23 14:54:51.000000000,closed,2,Fix toJson to serialize { 'Case': undefined } as { 'Case': null } instead of {}
610,2016-12-22 22:45:40.000000000,2016-12-23 13:23:30.000000000,closed,1,Fixed Fable.Core build
609,2016-12-22 13:57:17.000000000,2016-12-25 17:01:33.000000000,closed,1,Event unsubscription
608,2016-12-19 13:35:01.000000000,2016-12-26 13:14:14.000000000,closed,1,Replacement for Double.TryParse
607,2016-12-18 07:34:29.000000000,2016-12-26 13:14:31.000000000,closed,4,ReactDom is not defined
606,2016-12-17 08:02:58.000000000,2017-04-19 12:00:55.000000000,closed,1,--refs option does not work
605,2016-12-15 02:46:01.000000000,2017-04-19 14:20:53.000000000,closed,4,F# lib and Fable Support
604,2016-12-14 19:20:18.000000000,2016-12-26 15:24:14.000000000,closed,3,Fable/NewtonSoft : JsonConvert problem with DateTime
603,2016-12-13 21:01:38.000000000,2016-12-26 13:19:05.000000000,closed,2,Mark watch parameter as Boolean
602,2016-12-13 05:40:29.000000000,2016-12-20 02:37:04.000000000,closed,1,Add failing test for incorrect interface testing
601,2016-12-13 04:18:51.000000000,2016-12-20 02:33:35.000000000,closed,5,[WiP] Test if ugly code with inline breaks CI
600,2016-12-13 01:31:48.000000000,2016-12-20 02:10:17.000000000,closed,1,Added 64-bit integers
599,2016-12-11 06:02:30.000000000,2017-05-12 01:05:10.000000000,closed,3,Better docs for JS beginners
598,2016-12-11 05:47:53.000000000,2017-09-07 15:06:28.000000000,closed,3,Correct the docs regarding default code generation target
597,2016-12-10 03:39:42.000000000,2016-12-26 13:18:49.000000000,closed,7,Fixes #596
596,2016-12-10 00:45:44.000000000,2016-12-26 13:15:18.000000000,closed,1,Fable build is broken after fresh repo cloning
595,2016-12-07 10:56:29.000000000,2016-12-08 09:22:07.000000000,closed,3,Cannot resolve module 'fable-core'
594,2016-12-07 09:04:30.000000000,2016-12-07 21:14:55.000000000,closed,8,Added char to int
593,2016-12-07 08:15:17.000000000,2016-12-07 08:37:49.000000000,closed,0,Added char to int
592,2016-12-06 20:59:31.000000000,2016-12-07 13:02:07.000000000,closed,4,Missing 'equalsUnions' from 'fable-core'
591,2016-12-06 19:58:10.000000000,2016-12-06 22:01:17.000000000,closed,2,Fable does not generate Bundle.js. No errors displayed.
590,2016-12-06 11:05:26.000000000,2016-12-07 04:15:35.000000000,closed,4,Error is not accurate when compiling with targets
589,2016-12-05 19:44:12.000000000,2017-01-24 14:54:19.000000000,closed,11,fable-providers-regex broken for fable 0.7.18
588,2016-12-05 18:32:56.000000000,2016-12-06 05:28:56.000000000,closed,4,Error with inflate on some record types
587,2016-12-05 17:34:29.000000000,2016-12-05 18:58:18.000000000,closed,7,Newbie: sample interaction with JS Code
586,2016-12-05 16:39:04.000000000,2017-05-12 01:03:34.000000000,closed,4,Please add sample demonstrating use of Fetch API and toJson/ofJson for client/server shared types
585,2016-12-05 16:26:45.000000000,2016-12-07 13:32:46.000000000,closed,7,Fable node process not killed on compilation failure
584,2016-12-05 05:36:07.000000000,2017-04-19 12:03:17.000000000,closed,9,Fable support in dotnet sdk
583,2016-12-04 05:44:16.000000000,2016-12-04 16:20:21.000000000,closed,1,Added Printf.kprintf
582,2016-12-02 23:15:02.000000000,2016-12-03 00:28:35.000000000,closed,1,Fixed Json.Converter for netcore
581,2016-12-02 23:06:32.000000000,2016-12-04 19:00:31.000000000,closed,4,Using printfn in a fsx file produces an error
580,2016-12-02 16:10:40.000000000,2016-12-02 16:28:30.000000000,closed,1,"Handle sprintf ""%X"""
579,2016-12-02 01:30:29.000000000,2016-12-02 03:53:24.000000000,closed,3,Printf.printfn runtime issue
578,2016-12-02 01:07:40.000000000,2016-12-04 19:14:02.000000000,closed,2,Assert.AreEqual() doesn't perform F#/structural equality
577,2016-12-01 19:04:33.000000000,2016-12-01 21:38:23.000000000,closed,2,Cannot find replacement for Fable.Import.Node.child_process_types.Globals.spawn
576,2016-12-01 17:08:18.000000000,2016-12-01 20:06:04.000000000,closed,1,Try to reproduce union parse bug
575,2016-12-01 15:50:08.000000000,2016-12-01 22:03:35.000000000,closed,2,Speed up the compiler
574,2016-12-01 02:49:42.000000000,2017-01-04 15:03:07.000000000,closed,10,I get a blank body when accessing Fable.io with FF on Linux
573,2016-11-30 23:03:19.000000000,2018-12-12 05:38:53.000000000,closed,7,ClassAttribute support for records question
572,2016-11-30 14:33:09.000000000,2016-12-04 23:55:22.000000000,closed,6,toPlainJsObj is deprecated without a good option for Discriminated Unions
571,2016-11-30 06:28:14.000000000,2018-12-12 05:50:59.000000000,closed,14,Primary constructor of types from signature files (.fsi) are mangled
570,2016-11-30 05:37:36.000000000,2016-12-06 05:32:10.000000000,closed,7,Fable+Webpack error: Unexpected token import
569,2016-11-28 07:59:27.000000000,2016-11-29 02:04:18.000000000,closed,2,Circular dependency support
568,2016-11-28 03:45:36.000000000,2016-11-28 05:39:41.000000000,closed,5,Struct runtime error
567,2016-11-26 01:10:22.000000000,2016-11-29 02:05:09.000000000,closed,1,Speed up JsonConverter
566,2016-11-26 00:23:35.000000000,2016-11-30 04:23:55.000000000,closed,2,Watch mode picking up none fs file changes
565,2016-11-25 22:30:44.000000000,2016-11-26 02:52:04.000000000,closed,3,"Bundling issue resulting in error ""JavaScript heap out of memory"""
564,2016-11-25 20:11:37.000000000,2016-11-26 04:17:42.000000000,closed,2,Fable incorrectly mangles static member name
563,2016-11-25 19:39:04.000000000,2016-11-25 23:39:01.000000000,closed,1,PassGenerics with overloads generate incorrect function names
562,2016-11-25 18:00:20.000000000,2016-12-05 01:53:19.000000000,closed,11,Cannot reference Fable.Core.dll with VS2015 Community
561,2016-11-24 22:36:07.000000000,2016-11-25 00:21:21.000000000,closed,1,Added UnboxFast intrinsic / List.truncate
560,2016-11-24 20:28:25.000000000,2016-11-25 00:55:15.000000000,closed,2,Type.FullName showing as unknown
559,2016-11-24 20:11:35.000000000,2016-11-25 00:20:01.000000000,closed,3,Fix Array.rev
558,2016-11-24 13:24:51.000000000,2016-11-24 17:31:35.000000000,closed,3,Pojo with static members
557,2016-11-23 21:05:52.000000000,2016-11-23 22:17:48.000000000,closed,1,Array distinctBy doesn't work as expected
556,2016-11-23 00:35:26.000000000,2016-11-23 03:04:28.000000000,closed,2,"Internal ""inline"" methods used to work in 0.7.5-alphas"
555,2016-11-22 21:31:11.000000000,2016-11-22 21:49:51.000000000,closed,1,Fix Array.indexed
554,2016-11-22 15:28:37.000000000,2016-11-22 21:24:44.000000000,closed,1,float to int & round - match .net
553,2016-11-20 13:03:02.000000000,2016-12-04 23:56:43.000000000,closed,10,Alternative architecture suggestion
552,2016-11-19 16:45:41.000000000,2016-12-04 23:59:17.000000000,closed,11,node build/fable samples/node/server doesn't work on Windows
551,2016-11-19 04:30:42.000000000,2016-11-22 14:10:21.000000000,closed,17,Fable-core/umd emitter
550,2016-11-19 01:14:43.000000000,2016-11-22 15:29:17.000000000,closed,6,float to int - match .net
549,2016-11-18 02:06:10.000000000,2016-11-18 02:24:03.000000000,closed,3,Optionally output FSharp AST and/or Fable AST
548,2016-11-17 16:35:13.000000000,2016-11-18 02:46:22.000000000,closed,0,Fixes #547
547,2016-11-17 09:55:23.000000000,2016-11-17 22:05:48.000000000,closed,5,0.7.0 Entity issue
546,2016-11-15 21:17:06.000000000,2016-11-17 22:05:35.000000000,closed,10,Discussion: Mangle interface method names by default or explicitly
545,2016-11-14 03:30:42.000000000,2016-11-15 03:18:08.000000000,closed,6,0.7.0 replacement issue
544,2016-11-13 13:27:58.000000000,2016-12-06 05:15:18.000000000,closed,6,Error when bundling when changes are saved one after the other
543,2016-11-13 12:49:14.000000000,2016-12-05 00:13:37.000000000,closed,4,Error when using KeyValueList with static functions
542,2016-11-13 07:03:16.000000000,2016-11-13 13:07:16.000000000,closed,0,0.7.0 Added missing netcore dependencies
541,2016-11-12 21:11:53.000000000,2016-11-13 12:07:37.000000000,closed,2,Watch does not recombine files when using fsproj
540,2016-11-12 14:59:11.000000000,2016-11-12 14:59:59.000000000,closed,0,Include JS files in compilation imported with relative paths
539,2016-11-11 17:07:50.000000000,2016-11-11 19:25:11.000000000,closed,1,Enable RegexTests
538,2016-11-10 19:22:17.000000000,2016-11-10 19:26:09.000000000,closed,1,Fix tuple array in json converter
537,2016-11-10 01:01:45.000000000,2017-04-19 12:04:28.000000000,closed,9,ts2fable fails with ' TypeError: Cannot read property 'kind' of undefined'
536,2016-11-08 15:59:39.000000000,2017-06-19 13:11:18.000000000,closed,7,PrintfFormat.Value doens't return a string
535,2016-11-08 00:32:53.000000000,2016-11-11 17:10:24.000000000,closed,3,0.7 script referenced entity replacements
534,2016-11-07 01:21:30.000000000,2016-11-22 06:27:47.000000000,closed,0,0.7.0
533,2016-11-06 23:19:38.000000000,2016-11-06 23:20:09.000000000,closed,0,update comment doc
532,2016-11-04 17:35:53.000000000,2016-11-06 23:38:13.000000000,closed,3,pacman sample : use arrow instead keyboard letter
531,2016-11-03 13:14:16.000000000,2016-11-05 23:30:02.000000000,closed,2,Improve fable watcher
530,2016-11-02 02:53:30.000000000,2016-11-03 16:00:13.000000000,closed,2,fable-compiler@0.7.5-alpha.22 -w doesn't terminate mono on exit
529,2016-11-01 21:06:25.000000000,2016-11-01 23:44:02.000000000,closed,0,Added a few TS compiler options
528,2016-11-01 19:42:45.000000000,2016-11-01 23:44:48.000000000,closed,3,Add fetch to jsKeywords
527,2016-10-31 07:29:42.000000000,2016-12-03 17:10:57.000000000,closed,2,Try fable-test sample with error info:  Could not load file or assembly 'Microsoft.Build.Framework...
526,2016-10-31 02:45:53.000000000,2016-10-31 20:40:45.000000000,closed,3,Fix solution file and UseScriptResolutionRules=false
525,2016-10-31 00:51:11.000000000,2016-10-31 02:29:32.000000000,closed,4,Fixed netcore tests
524,2016-10-30 22:22:32.000000000,2016-12-05 00:20:10.000000000,closed,11,Ionide-vscode-fable plugin
523,2016-10-30 20:17:12.000000000,2016-12-05 00:26:03.000000000,closed,4,MS Build tools update or .NET Core based compilation
522,2016-10-30 19:57:26.000000000,2016-12-05 00:20:42.000000000,closed,7,Migrating to 0.7
521,2016-10-30 13:16:09.000000000,2016-10-30 19:22:56.000000000,closed,2,0.7.0 reference type issue
520,2016-10-30 04:48:01.000000000,2016-10-30 19:20:49.000000000,closed,4,"fable-core 0.7.5-alpha.10 imports (with "".js"") break RequireJS bundling."
519,2016-10-30 00:08:25.000000000,2016-10-30 19:23:19.000000000,closed,3,Exception Message Testing Bug?
518,2016-10-29 20:08:11.000000000,2016-10-31 01:28:54.000000000,closed,4,0.7.0 Project references
517,2016-10-29 17:00:55.000000000,2016-10-29 19:18:35.000000000,closed,2,fetchAs<T> not recognizing type
516,2016-10-28 21:10:18.000000000,2016-12-05 00:20:50.000000000,closed,14,Testing 0.7 alpha - round 2
515,2016-10-28 14:41:27.000000000,2016-10-28 19:42:08.000000000,closed,6,Restored netcore tests
514,2016-10-28 00:49:05.000000000,2016-12-06 23:02:47.000000000,closed,15,[ON HOLD] Attempt to create a façade for interfaces
513,2016-10-27 18:31:13.000000000,2016-10-28 19:03:14.000000000,closed,4,Question: Function Composition & JS output
512,2016-10-27 07:21:52.000000000,2016-10-28 16:05:09.000000000,closed,7,Optimizing equal and compare when their arguments are referencially equal
511,2016-10-27 02:44:23.000000000,2016-10-28 01:40:57.000000000,closed,1,Let fable set entry file for rollup only if not already set.
510,2016-10-26 21:32:46.000000000,2016-10-26 22:31:54.000000000,closed,1,Add PassGenericsAttribute
509,2016-10-26 19:22:57.000000000,2016-12-06 05:39:12.000000000,closed,2,Dictionary and KeyValuePair features
508,2016-10-26 10:03:57.000000000,2016-10-28 17:32:19.000000000,closed,2,"ts2fable - cannot read property 'kind"" of undefined"
507,2016-10-26 09:53:30.000000000,2016-12-06 23:02:30.000000000,closed,7,Json conversion case insensitive union cases
506,2016-10-26 07:43:55.000000000,2016-10-28 16:00:00.000000000,closed,1,Fix Fable.JsonConverter failing on reading 'null' JSON token for erased option of union
505,2016-10-25 23:07:48.000000000,2016-10-30 19:23:38.000000000,closed,3,"Abstract Methods with Defaults Incorrectly Named - Breaks ""override""."
504,2016-10-25 22:02:04.000000000,2016-12-02 16:28:30.000000000,closed,1,"sprintf ""%X"" does not work"
503,2016-10-25 21:17:06.000000000,2016-10-30 19:24:43.000000000,closed,4,0.7.0 regression
502,2016-10-25 01:49:50.000000000,2016-11-17 18:14:09.000000000,closed,7,Interface method conflicts with normal method
501,2016-10-24 23:27:05.000000000,2016-10-25 00:10:07.000000000,closed,3,Added Enumerable support
500,2016-10-24 20:33:17.000000000,2016-10-26 18:56:27.000000000,closed,9,Use Forge to parse .fsproj files
499,2016-10-24 20:30:38.000000000,2016-10-24 20:32:28.000000000,closed,0,Use Forge to parse .fsproj
498,2016-10-24 17:34:21.000000000,2016-12-05 00:27:28.000000000,closed,25,Discussion: Fable dependencies packaging
497,2016-10-22 05:28:32.000000000,2016-12-05 04:09:22.000000000,closed,1,Possible minor optimization for import expressions
496,2016-10-21 23:05:42.000000000,2016-10-22 03:38:45.000000000,closed,1,Should not warn when using mutable variables
495,2016-10-21 15:03:20.000000000,2016-10-22 14:04:52.000000000,closed,2,DateTime.TryParse fails at runtime
494,2016-10-21 10:46:02.000000000,2016-10-21 20:16:17.000000000,closed,3,Postbuild-once w/ watch causes unhandled exception
493,2016-10-21 02:37:35.000000000,2016-12-05 00:32:18.000000000,closed,6,Running React with Redux and Fable
492,2016-10-20 11:57:25.000000000,2016-12-05 00:46:46.000000000,closed,2,"0.7.x: ""Invalid method name type MemberExpression"""
491,2016-10-20 11:26:54.000000000,2016-10-28 15:50:49.000000000,closed,5,Simpler test case for #483.
490,2016-10-20 03:49:02.000000000,2016-10-21 06:46:03.000000000,closed,7,fable-core split
489,2016-10-20 01:28:25.000000000,2016-10-20 03:31:42.000000000,closed,2,Missing d.ts files in fable-core 0.7.5-alpha.4
488,2016-10-19 19:25:32.000000000,2016-10-19 19:52:52.000000000,closed,3,Add String.Insert method
487,2016-10-19 17:09:14.000000000,2016-12-05 00:47:30.000000000,closed,5,`option` is implemented incorrectly
486,2016-10-19 15:02:32.000000000,2016-10-19 15:51:42.000000000,closed,1,Fix description of module command line parameter
485,2016-10-19 13:29:44.000000000,2016-12-05 00:59:38.000000000,closed,10,Automatically transform lambdas to delegates with module functions
484,2016-10-19 11:41:08.000000000,2016-10-19 14:42:38.000000000,closed,1,Invalid identifiers are now escaped correctly
483,2016-10-19 07:46:29.000000000,2016-10-20 11:45:29.000000000,closed,6,"Babel: ""You must pass a scope and parentPath unless traversing a Program/File."""
482,2016-10-18 23:54:29.000000000,2016-10-19 14:45:51.000000000,closed,2,Bad identifier escaping
481,2016-10-18 15:13:49.000000000,2016-10-19 23:43:38.000000000,closed,0,Trim import paths and selectors
480,2016-10-18 14:50:18.000000000,2016-10-19 23:43:49.000000000,closed,4,Add option to produce a dll
479,2016-10-18 14:22:11.000000000,2016-10-19 14:52:32.000000000,closed,1,0.7 external file bundle
478,2016-10-17 21:36:32.000000000,2016-10-18 03:10:45.000000000,closed,0,Empty partial active patterns return always null
477,2016-10-17 04:30:05.000000000,2016-10-17 17:38:03.000000000,closed,1,fable-core.ts compilation fails
476,2016-10-17 01:40:52.000000000,2016-12-04 23:54:35.000000000,closed,3,Three.js as node package breaks [<Emit>]
475,2016-10-16 21:50:50.000000000,2016-10-16 23:44:17.000000000,closed,1,Added Unchecked operators
474,2016-10-16 21:09:44.000000000,2016-10-28 21:10:36.000000000,closed,16,Testing 0.7 alpha
473,2016-10-16 05:01:21.000000000,2016-12-04 23:52:57.000000000,closed,6,Fable vnext json de/serialisation issues and matching unions
472,2016-10-15 06:24:38.000000000,2016-10-16 15:58:16.000000000,closed,5,Relative JS imports should not be relative to the outDir
471,2016-10-15 02:28:51.000000000,2016-10-15 15:00:33.000000000,closed,4,Add String.Remove method
470,2016-10-13 17:47:21.000000000,2016-10-13 18:53:55.000000000,closed,1,Added Linux link and fixed links.
469,2016-10-13 03:25:37.000000000,2016-10-13 04:13:10.000000000,closed,0,[EXPERIMENTAL] Add --bundle compiler option 
468,2016-10-12 10:16:54.000000000,2016-10-12 12:38:22.000000000,closed,1,Add some guidance for local installations and sample execution.
467,2016-10-12 01:42:39.000000000,2016-10-12 02:17:00.000000000,closed,3,add missing location properties
466,2016-10-12 01:24:50.000000000,2016-10-12 02:17:00.000000000,closed,0,Location is missing password and username
465,2016-10-10 22:16:36.000000000,2016-10-10 22:16:47.000000000,closed,0,Add EntryModule attribute
464,2016-10-10 16:17:35.000000000,2016-10-10 16:21:13.000000000,closed,0,Mutating Update records
463,2016-10-10 14:07:36.000000000,2016-10-10 15:38:01.000000000,closed,5,Add type info to classes
462,2016-10-09 10:46:39.000000000,2016-12-05 00:33:53.000000000,closed,5,Some more getting started docs?
461,2016-10-08 16:20:15.000000000,2016-10-08 23:16:09.000000000,closed,1,allow running redux-webpack sample on an empty computer
460,2016-10-07 01:01:41.000000000,2016-10-07 12:42:03.000000000,closed,1,Fix the name of the package.
459,2016-10-06 15:03:02.000000000,2016-10-07 14:37:48.000000000,closed,2,Seq.filter on big array fails with maximum call stack size error
458,2016-10-06 11:51:32.000000000,2016-10-08 23:16:39.000000000,closed,3,Try to reproduce union equals error
457,2016-10-05 14:40:36.000000000,2016-10-05 15:46:26.000000000,closed,0,Also fix the top-level links on the site...
456,2016-10-05 02:20:20.000000000,2016-10-05 02:39:48.000000000,closed,5,Add CNAME file to gh-pages generator
455,2016-10-04 14:39:28.000000000,2016-12-05 00:34:02.000000000,closed,13,Adding generic info to runtime?
454,2016-10-02 04:55:30.000000000,2016-10-02 15:13:04.000000000,closed,1,Seq iterator from range not rewinding
453,2016-10-02 01:57:16.000000000,2016-10-02 11:26:59.000000000,closed,4,List.groupBy should return valid list
452,2016-10-01 22:07:27.000000000,2017-05-12 01:16:57.000000000,closed,4,IDeclarePlugin.TryDeclare not invoked on members
451,2016-10-01 18:56:43.000000000,2016-10-01 21:34:48.000000000,closed,1,Adding applicative generation test
450,2016-10-01 18:12:49.000000000,2016-12-05 00:34:29.000000000,closed,12,JSON serialization of Fable types
449,2016-09-30 16:55:39.000000000,2016-10-01 01:46:17.000000000,closed,2,"Bug #439 - ""Cannot read project options"" error caused by editor locking"
448,2016-09-30 03:19:52.000000000,2016-09-30 13:15:37.000000000,closed,1,Include NUnitTest during CI on Travis and AppVeyor
447,2016-09-30 01:17:17.000000000,2016-12-05 00:37:01.000000000,closed,4,Discriminated unions and interacting with JS
446,2016-09-29 17:11:03.000000000,2016-09-29 17:11:41.000000000,closed,0,"Revert ""Add missing global JS functions"""
445,2016-09-29 08:25:19.000000000,2016-10-01 11:38:47.000000000,closed,2,"Test and explain ""index out of range"" behavior"
444,2016-09-28 17:39:59.000000000,2016-09-29 18:07:14.000000000,closed,1,try to reproduce async bug
443,2016-09-28 03:06:18.000000000,2016-09-29 17:12:25.000000000,closed,1,Add jsNative
442,2016-09-27 16:55:31.000000000,2016-09-29 17:17:44.000000000,closed,1,Update references path
441,2016-09-27 16:12:46.000000000,2016-09-30 13:32:11.000000000,closed,0,Add --noTypedArrays compiler option
440,2016-09-27 11:24:34.000000000,2016-09-30 00:50:10.000000000,closed,2,Seq.groupBy different values order for each key
439,2016-09-27 06:15:19.000000000,2016-10-01 01:46:18.000000000,closed,22,"Fable -w gives ""Cannot read project options"" ""used by another process."""
438,2016-09-26 21:48:03.000000000,2016-09-30 12:55:17.000000000,closed,1,Incorrect this in local let functions
437,2016-09-26 18:07:55.000000000,2016-09-29 20:33:50.000000000,closed,2,Seq.pairwise does not work properly
436,2016-09-26 15:57:32.000000000,2016-09-29 20:30:42.000000000,closed,1,StringComparison parameter in String.IndexOf compiles as startIndex 3
435,2016-09-26 12:31:36.000000000,2016-12-05 00:32:56.000000000,closed,9,Errors when using #load
434,2016-09-26 02:04:21.000000000,2016-09-29 17:18:48.000000000,closed,3,Add ownerType to ApplyInfo
433,2016-09-25 21:31:37.000000000,2016-09-30 13:32:12.000000000,closed,13,Is there a way to disabled typed arrays
432,2016-09-24 07:00:01.000000000,2016-10-04 18:15:43.000000000,closed,14,Using Fable's watch mode together with Webpack's watch mode
431,2016-09-24 05:01:49.000000000,2016-09-27 21:54:25.000000000,closed,8,Using babel presets with fableconfig.json
430,2016-09-23 03:23:29.000000000,2016-12-05 00:37:26.000000000,closed,3,ts2fable fails for material-ui.d.ts
429,2016-09-22 03:13:16.000000000,2016-09-22 07:56:48.000000000,closed,2,Added defines to fsx via optional args to checker
428,2016-09-21 20:08:40.000000000,2016-09-22 07:33:23.000000000,closed,1,Add test for List.unfold
427,2016-09-21 01:32:47.000000000,2016-09-29 17:07:15.000000000,closed,9,Add missing encodeURI and encoreURIComponent
426,2016-09-20 20:13:12.000000000,2016-10-10 22:20:20.000000000,closed,6,Code fixes for new Json Serialize
425,2016-09-20 18:28:49.000000000,2016-10-10 16:19:50.000000000,closed,4,[WIP] Uniqueness records
424,2016-09-19 15:00:33.000000000,2016-12-05 00:24:58.000000000,closed,12,Recompile dependant files on watch compilation
423,2016-09-19 04:30:22.000000000,2016-09-20 17:40:28.000000000,closed,0,Use reference hint paths for netcore
422,2016-09-17 19:02:04.000000000,2016-12-05 00:47:11.000000000,closed,4,Feature Request: Add compile time to --verbose
421,2016-09-16 13:09:15.000000000,2016-09-16 19:10:45.000000000,closed,5,Fixing the vuejs example 
420,2016-09-16 09:46:35.000000000,2016-09-29 17:20:27.000000000,closed,5,Write errors and warnings to stderr as fsc and fsi do
419,2016-09-15 17:53:53.000000000,2016-10-10 22:19:37.000000000,closed,13,[WIP] Remove need for json $type
418,2016-09-15 03:25:33.000000000,2016-12-05 00:39:35.000000000,closed,8,BCL implementation
417,2016-09-15 03:16:12.000000000,2016-09-15 04:04:41.000000000,closed,2,Fix to support recursive records (do not StackOverflow)
416,2016-09-14 21:57:16.000000000,2016-09-22 07:57:16.000000000,closed,8,Can't ifdef around a load directive
415,2016-09-14 02:25:52.000000000,2016-09-14 17:34:15.000000000,closed,1,Nicer homepage design
414,2016-09-13 19:38:14.000000000,2016-09-13 19:39:15.000000000,closed,2,Allow trailing carriage return in Fable console output
413,2016-09-13 16:49:32.000000000,2016-09-15 03:51:22.000000000,closed,4,Added Decimal support
412,2016-09-13 06:26:56.000000000,2016-09-15 09:23:33.000000000,closed,2,Implement ResizeArray.FindAll
411,2016-09-12 23:08:59.000000000,2016-09-13 00:26:35.000000000,closed,1,"""downto"" in for loop is not properly handled"
410,2016-09-12 21:21:07.000000000,2016-09-12 21:32:21.000000000,closed,1,Fix Array/List/Seq.tryFindIndexBack
409,2016-09-12 06:38:40.000000000,2016-09-12 11:01:43.000000000,closed,1,Implement ResizeArray.FindLast
408,2016-09-12 04:15:59.000000000,2016-09-12 11:49:27.000000000,closed,0,Fix #402: Switch optimization 
407,2016-09-12 02:17:14.000000000,2016-09-12 14:37:25.000000000,closed,3,Merge integer conversions from bitwise plugin into main
406,2016-09-11 21:31:09.000000000,2016-09-11 23:40:30.000000000,closed,2,Fix compilation of 'use' and 'try .. finally'
405,2016-09-11 21:23:57.000000000,2016-09-12 02:02:17.000000000,closed,3,Error when building on clean Windows 10
404,2016-09-11 13:41:59.000000000,2016-09-12 03:57:26.000000000,closed,2,fable-compiler question
403,2016-09-11 02:19:47.000000000,2016-09-11 13:56:44.000000000,closed,1,Pixi sample: fix compile error
402,2016-09-10 23:54:22.000000000,2016-09-12 11:49:27.000000000,closed,1,Using switch statements to translate pattern matching with literal values
401,2016-09-10 21:52:28.000000000,2016-09-11 16:20:28.000000000,closed,1,"""fable -w"" quits on compilation error"
400,2016-09-10 20:27:58.000000000,2016-09-12 01:56:29.000000000,closed,3,"#, #line directive output"
399,2016-09-10 11:00:05.000000000,2016-09-11 14:45:55.000000000,closed,3,[WIP] Fix #398 ResizeArray.Find
398,2016-09-10 10:48:12.000000000,2016-09-11 14:45:56.000000000,closed,0,ResizeArray.Find // wrong code generation
397,2016-09-09 19:53:24.000000000,2016-09-09 19:53:32.000000000,closed,0,Add redux-todomvc and fix a couple of bugs
396,2016-09-09 19:48:38.000000000,2016-09-09 19:51:08.000000000,closed,0,Prepare v0.6.0 release
395,2016-09-09 19:29:24.000000000,2016-09-09 19:29:34.000000000,closed,0,Bring back Suave client
394,2016-09-09 14:39:55.000000000,2016-12-05 00:42:12.000000000,closed,4,Fable does not optimize tail recursion
393,2016-09-09 08:58:51.000000000,2016-09-09 11:28:50.000000000,closed,1,Added Array.get / set
392,2016-09-09 03:41:39.000000000,2016-09-09 03:42:35.000000000,closed,3,Mithril
391,2016-09-08 23:02:48.000000000,2016-09-09 11:38:02.000000000,closed,2,fix #329 - sprintf percent symbols
390,2016-09-08 16:21:33.000000000,2016-09-09 12:46:33.000000000,closed,1,"Option.filter ""secretly"" returns ('a list) option"
389,2016-09-08 16:18:38.000000000,2016-09-09 19:44:03.000000000,closed,5,Implement `Seq.except`
388,2016-09-08 03:38:06.000000000,2016-12-05 01:09:34.000000000,closed,2,Declarations flag generates invalid .js require when importing Fable.Import.React
387,2016-09-07 17:51:08.000000000,2016-12-05 01:11:29.000000000,closed,3,Unable to compile sample 'server'
386,2016-09-05 21:16:50.000000000,2016-09-05 22:18:24.000000000,closed,1,Int64 / UInt64 support (kind of)
385,2016-09-05 19:49:35.000000000,2016-09-09 19:44:04.000000000,closed,5,Cannot find replacement for Microsoft.FSharp.Collections.ListModule.Except
384,2016-09-05 01:53:52.000000000,2016-09-05 03:08:49.000000000,closed,1,Adding rewrite plugins with documentation
383,2016-09-03 20:50:47.000000000,2016-09-03 22:12:08.000000000,closed,1,Minor fix in plugin docs
382,2016-09-02 18:08:09.000000000,2016-12-05 01:03:50.000000000,closed,2,Calculating the base directory of referenced dlls
381,2016-09-01 14:29:17.000000000,2016-12-05 01:03:34.000000000,closed,15,Compile Fable to JS
380,2016-08-29 00:20:56.000000000,2016-08-29 01:12:52.000000000,closed,1,Forge references update
379,2016-08-28 21:49:53.000000000,2016-08-28 23:27:31.000000000,closed,1,"""ContentType"" should be ""Content-Type"" in Fable.Helpers.Fetch.fs"
378,2016-08-28 18:58:35.000000000,2016-08-28 20:23:10.000000000,closed,1,Forge usage cleanup and attribution
377,2016-08-28 01:40:43.000000000,2016-08-28 12:16:58.000000000,closed,2,Problem with WebSocket constructor
376,2016-08-27 17:47:02.000000000,2016-08-27 19:18:37.000000000,closed,1,postbuild/prebuild use stdio instead of console.log
375,2016-08-27 05:44:40.000000000,2016-08-28 12:48:20.000000000,closed,5,printf produces an implict new line
374,2016-08-26 22:35:19.000000000,2016-12-05 01:14:07.000000000,closed,3,System.Threading.Timer support
373,2016-08-26 22:09:04.000000000,2016-08-26 22:13:28.000000000,closed,3,Added my news post at InfoQ to index.html
372,2016-08-26 14:55:37.000000000,2016-08-26 15:28:52.000000000,closed,8,Added .fsproj support for .NET Core
371,2016-08-24 11:36:51.000000000,2016-08-26 20:50:30.000000000,closed,3,projFile/outDir parameters exhibit different behaviour when used from CLI vs specified in fableconfig.json
370,2016-08-24 04:20:37.000000000,2016-08-26 17:34:27.000000000,closed,0,Equality for union and records is by ref when used in some standard classes
369,2016-08-24 03:49:25.000000000,2016-08-27 19:18:37.000000000,closed,5,win7 postbuild output contains spurious blank lines
368,2016-08-22 05:00:08.000000000,2016-09-09 19:29:54.000000000,closed,6,[WiP] Bring back Suave client
367,2016-08-20 20:01:11.000000000,2016-08-20 20:07:08.000000000,closed,1,"Support all event like (add, addDir, etc.) for watcher"
366,2016-08-20 10:21:16.000000000,2017-04-19 12:02:57.000000000,closed,1,ts2fable - parsing void 
365,2016-08-20 09:07:45.000000000,2016-08-20 11:55:12.000000000,closed,1,"add badge with package link, ts link"
364,2016-08-19 03:02:10.000000000,2016-10-22 03:22:43.000000000,closed,6,Create JSON schema for fableconfig.json
363,2016-08-19 00:51:09.000000000,2016-08-19 02:08:57.000000000,closed,1,Ease of use change
362,2016-08-18 15:23:25.000000000,2016-08-18 18:06:05.000000000,closed,0,Fixed netcore xplat tests
361,2016-08-17 11:34:20.000000000,2016-12-05 01:53:05.000000000,closed,1,Fable Logo
360,2016-08-16 19:47:32.000000000,2016-08-16 19:56:32.000000000,closed,2,Fixed plugin loader
359,2016-08-16 01:48:15.000000000,2016-08-16 01:50:35.000000000,closed,1,TypeError: Cannot read property '0' of undefined in async
358,2016-08-15 14:33:53.000000000,2016-08-15 22:19:51.000000000,closed,2,Add string slices
357,2016-08-14 16:55:02.000000000,2016-08-14 17:14:38.000000000,closed,1,Use packages in electron sample
356,2016-08-14 14:18:45.000000000,2016-08-14 17:15:36.000000000,closed,1,Update deps in react-todo and add fable-compiler
355,2016-08-14 02:41:27.000000000,2016-08-14 04:13:02.000000000,closed,1,Fixed test for System.String.Concat
354,2016-08-13 21:53:29.000000000,2016-08-14 15:38:56.000000000,closed,0,Automatically transform lambdas to delegates in dynamic programming
353,2016-08-13 21:50:41.000000000,2016-12-05 01:14:27.000000000,closed,0,Add missing declarations in generated .d.ts files
352,2016-08-13 21:49:43.000000000,2016-08-14 05:54:33.000000000,closed,0,Add option to make Babel compile ES6 to ES5 in loose mode
351,2016-08-12 21:24:15.000000000,2016-08-13 02:45:01.000000000,closed,3,Adding a complex sudoku test
350,2016-08-12 21:04:51.000000000,2016-08-12 21:18:35.000000000,closed,1,More HashSet tests
349,2016-08-12 20:57:39.000000000,2016-08-12 20:59:51.000000000,closed,4,Show broken HashSet
348,2016-08-12 20:17:05.000000000,2016-12-26 03:21:31.000000000,closed,3,"""Cannot find replacement for System.Int32.Parse"""
347,2016-08-12 19:53:13.000000000,2016-12-05 00:44:14.000000000,closed,5,Decorators Support
346,2016-08-12 01:39:55.000000000,2016-08-17 14:03:53.000000000,closed,6,Difficult to reproduce Fable build errors
345,2016-08-12 00:57:04.000000000,2016-08-17 13:44:24.000000000,closed,0,Show Project Options for fsproj when --verbose
344,2016-08-11 14:26:02.000000000,2016-08-11 14:56:23.000000000,closed,1,Change precision of TimeOfDay
343,2016-08-11 06:23:43.000000000,2016-08-11 11:06:25.000000000,closed,1,typo
342,2016-08-11 00:56:59.000000000,2016-08-11 14:54:12.000000000,closed,9,Add Promise.reject<T> into PromiseConstructor
341,2016-08-11 00:46:44.000000000,2016-08-11 01:35:39.000000000,closed,0,npm version bump for virtualdom
340,2016-08-10 21:00:21.000000000,2016-08-17 14:05:36.000000000,closed,4,Question Fable - Angular
339,2016-08-10 19:32:46.000000000,2016-09-07 01:45:34.000000000,closed,6,Create Fable.Core.Serialize.ofPlainJs<'T> function
338,2016-08-10 15:32:46.000000000,2016-08-13 21:42:45.000000000,closed,2,"printf/sprintf ""%A"""
337,2016-08-10 14:27:42.000000000,2016-08-10 14:40:21.000000000,closed,0,Make the headers option types
336,2016-08-10 13:56:45.000000000,2016-08-10 14:00:20.000000000,closed,0,Adding Response headers to fetch
335,2016-08-09 13:58:41.000000000,2016-12-06 23:03:36.000000000,closed,9,[ON HOLD] Compile F# lambdas as delegates (functions with multiple arguments) 
334,2016-08-08 19:40:48.000000000,2016-08-09 17:23:55.000000000,closed,7,New post API for Fetch
333,2016-08-08 18:07:04.000000000,2016-08-08 18:10:29.000000000,closed,1,Correct broken link in documentation
332,2016-08-08 15:14:07.000000000,2016-08-14 04:29:35.000000000,closed,4,Add type validation when deserialising json
331,2016-08-08 14:28:45.000000000,2016-08-13 22:19:54.000000000,closed,4,add a preprocessor symbol to indicate FABLE compilation
330,2016-08-08 14:15:02.000000000,2016-08-14 00:52:48.000000000,closed,6,[WIP] DotNet Core 1.0 projects
329,2016-08-08 10:33:51.000000000,2016-09-09 11:38:04.000000000,closed,4,"sprintf ""%s"" ""%%"" // evaluates to""%"""
328,2016-08-08 01:49:32.000000000,2016-08-13 22:06:26.000000000,closed,1,Fable not calling the appropriate custom operator overload
327,2016-08-07 15:20:14.000000000,2016-08-13 22:41:25.000000000,closed,1,_fablecore.String.concat
326,2016-08-07 12:12:51.000000000,2016-08-07 13:07:56.000000000,closed,5,Implement fetchAs for Fetch bindings
325,2016-08-07 06:13:40.000000000,2017-05-12 01:15:14.000000000,closed,1,ts2fable - Parse Documentation Comments from `d.ts` Declaration Files
324,2016-08-07 02:38:16.000000000,2016-08-11 00:42:37.000000000,closed,3,VirtualDom: Attributes helpers
323,2016-08-05 22:06:02.000000000,2016-08-13 22:05:28.000000000,closed,1,Always Print Compiler Version During Compilation
322,2016-08-04 19:30:14.000000000,2016-08-04 23:59:36.000000000,closed,2,Specify whether path is directory explicitly (fix #318)
321,2016-08-04 15:35:36.000000000,2016-08-05 12:51:15.000000000,closed,13,Datetime.ToShortTimeString() not working
320,2016-08-04 02:37:48.000000000,2016-08-04 14:47:41.000000000,closed,2,Feature/htmlmap
319,2016-08-03 18:09:28.000000000,2016-08-03 18:53:21.000000000,closed,2,Do not delete obj dirs in node_modules
318,2016-08-03 17:38:30.000000000,2016-08-04 23:59:37.000000000,closed,6,"Error when running ""build MochaTest"" on Windows"
317,2016-08-03 17:30:58.000000000,2016-08-03 17:33:22.000000000,closed,1,Remove List.rev workaround - all works now
316,2016-08-03 06:14:08.000000000,2016-08-04 05:54:58.000000000,closed,2,Fable React cannot specify SVG height
315,2016-08-03 01:51:21.000000000,2016-08-03 02:59:11.000000000,closed,3,Add mapping for Array.truncate
314,2016-08-02 23:48:01.000000000,2016-08-03 02:28:33.000000000,closed,1,Fix path to NUnit plugin in docs
313,2016-08-02 16:51:51.000000000,2016-12-05 01:15:06.000000000,closed,0,Add missing tests
312,2016-08-02 15:32:52.000000000,2016-08-03 12:12:19.000000000,closed,1,List.contains (and Seq.contains) is missing from Fable.Core
311,2016-08-02 15:26:56.000000000,2016-12-05 01:15:49.000000000,closed,7,Should we add a notification system to fable-compiler ?
310,2016-08-01 20:14:27.000000000,2016-08-03 12:01:15.000000000,closed,1,GenerateDocs fails on NUnit demo
309,2016-08-01 11:57:11.000000000,2016-08-03 03:10:35.000000000,closed,4,Add Fable.Import.Test.fsproj to build
308,2016-07-31 22:49:24.000000000,2016-08-02 01:22:31.000000000,closed,0,Generate d.ts declarations
307,2016-07-31 14:59:34.000000000,2016-08-01 03:27:25.000000000,closed,4,Show the javascript output of the compiler
306,2016-07-30 06:14:16.000000000,2016-07-30 14:08:51.000000000,closed,2,Unexpected DecisionTree branch
305,2016-07-30 02:27:00.000000000,2016-07-31 02:47:26.000000000,closed,3,Add trampoline to avoid StackOverflow in asyncs
304,2016-07-30 01:09:39.000000000,2016-07-30 02:05:00.000000000,closed,4,Remove [was Bring back] AllAndCore target
303,2016-07-29 21:52:40.000000000,2016-07-30 14:28:20.000000000,closed,9,Killing Fable node process leaves Fable.Client.Node.exe open using 100% of 1 CPU core
302,2016-07-29 17:41:11.000000000,2016-12-05 01:16:28.000000000,closed,11,Extend rules for StringEnum 
301,2016-07-29 16:58:45.000000000,2016-08-03 03:09:01.000000000,closed,9,Adding LSystems demo by Andrea and Ross
300,2016-07-29 00:46:09.000000000,2016-08-01 02:44:43.000000000,closed,6,Util.ofJson in fable-core fails on JSON inputs containing null
299,2016-07-28 21:48:15.000000000,2016-07-29 00:38:34.000000000,closed,0,Add ViewStyle
298,2016-07-28 20:19:31.000000000,2016-07-28 20:24:42.000000000,closed,3,Helpers for ReactNativeImagePicker
297,2016-07-28 19:15:32.000000000,2016-07-28 19:23:06.000000000,closed,6,Add ReactNative helper
296,2016-07-28 18:22:48.000000000,2016-12-02 14:47:48.000000000,closed,2,fsx file as plugin
295,2016-07-28 18:13:58.000000000,2016-07-29 16:17:33.000000000,closed,6,"Watch throw ""ERROR: Value cannot be null."" error"
294,2016-07-28 15:58:21.000000000,2016-07-28 16:21:01.000000000,closed,0,Use Some in docs
293,2016-07-28 15:43:22.000000000,2016-07-28 16:22:12.000000000,closed,0,Add ImageSource to ImageProperties
292,2016-07-28 12:44:55.000000000,2016-07-28 13:32:31.000000000,closed,3,Add ReactNativeImagePicker bindings
291,2016-07-28 12:22:31.000000000,2016-07-28 13:31:44.000000000,closed,3,Add react native bindings
290,2016-07-28 12:16:03.000000000,2016-07-29 16:36:38.000000000,closed,7,Option.map is not defined when opening Fable.Import.Browser
289,2016-07-27 17:52:48.000000000,2016-07-27 18:15:53.000000000,closed,2,Show message when ready
288,2016-07-27 16:43:38.000000000,2016-07-27 17:00:57.000000000,closed,3,How to set parameters?
287,2016-07-27 03:18:38.000000000,2016-07-28 19:23:20.000000000,closed,4,Library refs break when project name contains a dot
286,2016-07-27 02:55:23.000000000,2017-02-21 18:23:52.000000000,closed,7,Fable Samples Page is broken
285,2016-07-27 00:43:23.000000000,2016-07-27 03:29:14.000000000,closed,2,"Unexpected compile error: ""Cannot reference type: Microsoft.FSharp.Core.Option"""
284,2016-07-26 17:49:47.000000000,2016-08-13 20:50:10.000000000,closed,3,Add a Array.choose
283,2016-07-26 13:20:46.000000000,2016-08-03 12:17:54.000000000,closed,2,Using flexible types (#type) for generated bindings.
282,2016-07-26 13:14:56.000000000,2016-07-26 19:49:39.000000000,closed,5,Add flexible type overload for React.createElement
281,2016-07-26 12:07:08.000000000,2016-08-03 12:11:16.000000000,closed,11,How do you keep Fable imports up-to-date?
280,2016-07-25 12:41:45.000000000,2016-07-25 12:59:50.000000000,closed,1,"Use compiled names, add comparison methods and persistent data structures"
279,2016-07-24 19:34:41.000000000,2016-07-25 17:51:56.000000000,closed,1,Make the (?) operator optional
278,2016-07-23 11:23:58.000000000,2016-12-05 02:07:01.000000000,closed,7,Building Packages with Fable Compatible F# Dependencies 
277,2016-07-23 09:11:12.000000000,2016-08-01 19:59:33.000000000,closed,5,WIP: adds --declaration compiler option to generate TypeScript declaration files (.d.ts)
276,2016-07-23 06:51:21.000000000,2016-07-23 07:02:28.000000000,closed,0,mistaken
275,2016-07-23 03:00:50.000000000,2016-07-23 21:32:41.000000000,closed,1,"Adds mapFold and mapFoldBack to Array, Seq and List. Fix #274."
274,2016-07-22 14:46:42.000000000,2016-07-23 21:32:41.000000000,closed,5,Array.mapFold missing
273,2016-07-22 06:26:28.000000000,2016-07-25 11:33:07.000000000,closed,17,Cannot compile fsx scripts with Windows 7 (Win7)
272,2016-07-20 14:26:58.000000000,2016-07-20 14:27:34.000000000,closed,0,Improve dynamic programming
271,2016-07-20 09:22:10.000000000,2016-07-20 10:06:44.000000000,closed,0,minor bug fixes in virtualdom sample
270,2016-07-19 21:27:42.000000000,2016-08-03 12:25:57.000000000,closed,19,Can Fable generate .d.ts TypeScript declarations for generated code?
269,2016-07-19 01:03:54.000000000,2016-07-19 01:15:00.000000000,closed,0,Feature/withinitvdom
268,2016-07-17 21:15:36.000000000,2016-07-17 23:54:28.000000000,closed,1,Adds isNull operator. Fix #260.
267,2016-07-17 01:27:07.000000000,2016-07-17 13:14:20.000000000,closed,1,"Fix tryWith in async, tweak docs"
266,2016-07-17 01:22:02.000000000,2016-07-18 00:33:44.000000000,closed,3,build GenerateDocs fails on Windows
265,2016-07-17 01:08:03.000000000,2016-07-18 00:42:29.000000000,closed,7,build Clean fails on old Windows with long path error
264,2016-07-17 00:58:32.000000000,2016-07-17 16:09:55.000000000,closed,2,build FableCore fails because of missing plugin
263,2016-07-16 06:16:23.000000000,2016-07-18 22:08:43.000000000,closed,4,StackOverflowException during AppVeyor build
262,2016-07-14 16:01:26.000000000,2016-08-03 12:19:49.000000000,closed,5,Hot code reloading for virtualdom
261,2016-07-14 11:32:19.000000000,2016-07-17 12:56:53.000000000,closed,2,Fix for Typescript sample
260,2016-07-13 23:57:47.000000000,2016-07-17 23:54:30.000000000,closed,0,Missing isNull operator
259,2016-07-13 21:07:15.000000000,2016-07-17 18:58:41.000000000,closed,1,TrimLeft/TrimRight taking char array do not map correctly
258,2016-07-13 20:51:31.000000000,2016-07-17 16:32:26.000000000,closed,1,"""arguments"" is not a valid JS variable name"
257,2016-07-13 19:50:15.000000000,2016-07-27 01:25:43.000000000,closed,0,Align JSON serialisation with json.net conventions
256,2016-07-13 17:56:51.000000000,2016-07-19 12:45:31.000000000,closed,4,Add withInit function to allow bootstrapping app on load
255,2016-07-13 01:34:09.000000000,2016-07-13 01:54:21.000000000,closed,1,unify item update functionality
254,2016-07-12 23:52:59.000000000,2016-07-13 23:03:10.000000000,closed,2,Please upgrade fable-compiler package: ^0.4.0-alpha
253,2016-07-12 12:35:11.000000000,2016-07-17 12:56:23.000000000,closed,15,Fable core refactors
252,2016-07-12 02:10:26.000000000,2016-08-03 12:21:28.000000000,closed,7,Ts2Fable generates invalid F# for Pixi.js
251,2016-07-12 01:42:40.000000000,2016-07-28 13:33:48.000000000,closed,0,Implement Seq.sum/sumBy with custom operators
250,2016-07-11 22:31:20.000000000,2016-07-11 22:31:39.000000000,closed,0,Publish 0.4.0 alpha
249,2016-07-11 22:27:30.000000000,2016-07-21 22:31:52.000000000,closed,16,Fable compiler doesn't like space in path
248,2016-07-11 17:13:41.000000000,2016-07-11 17:13:54.000000000,closed,0,Remove do expressions
247,2016-07-11 14:15:17.000000000,2016-07-11 14:57:31.000000000,closed,1,Update virtual dom and fix performance
246,2016-07-10 13:51:26.000000000,2016-07-17 19:25:44.000000000,closed,3,Possible codegen error for overloaded operator with a primitive type as first arg
245,2016-07-10 13:24:46.000000000,2016-07-10 15:52:18.000000000,closed,7,Browser.window.setInter fails without any additional information
244,2016-07-10 08:06:05.000000000,2016-08-03 12:10:04.000000000,closed,2,Build artifacts should be in /build
243,2016-07-10 07:52:56.000000000,2016-07-10 12:45:43.000000000,closed,1,Plugins fix galore
242,2016-07-10 07:33:16.000000000,2016-07-11 22:43:08.000000000,closed,2,"""Please upgrade fable-compiler package"""
241,2016-07-09 03:31:31.000000000,2016-07-09 13:39:14.000000000,closed,3,Fix build FableCore on Windows
240,2016-07-08 10:31:49.000000000,2016-07-11 16:07:42.000000000,closed,6,[WIP] fable-core.js generation from TypeScript
239,2016-07-08 03:55:35.000000000,2016-07-08 04:40:46.000000000,closed,3,Decimal literals don't compile
238,2016-07-08 01:55:08.000000000,2016-07-08 04:28:45.000000000,closed,0,"Reference cell translated as ""null"""
237,2016-07-08 01:38:29.000000000,2016-07-09 17:44:57.000000000,closed,5,"Recursive values give ""no enclosing entity"" error"
236,2016-07-07 19:50:08.000000000,2016-07-08 01:38:59.000000000,closed,3,Babel/TypeScript integration samples
235,2016-07-07 17:24:02.000000000,2016-07-08 05:10:13.000000000,closed,2,Can't transpile .fsproj files
234,2016-07-07 11:44:35.000000000,2016-07-07 14:43:03.000000000,closed,5,Calling F# from javascript [Newbie question]
233,2016-07-07 06:18:55.000000000,2016-08-03 12:09:49.000000000,closed,5,Using Vue js framework with fable can yield wrong result for equality of values
232,2016-07-07 02:21:31.000000000,2016-07-11 22:44:15.000000000,closed,33,TypeScript bindings
231,2016-07-06 23:21:31.000000000,2016-07-17 18:13:39.000000000,closed,9,Different representations of Option.None as a function argument
230,2016-07-06 20:08:04.000000000,2016-07-07 00:19:54.000000000,closed,1,Possible codegen error when using inline
229,2016-07-06 06:21:46.000000000,2016-08-03 12:08:45.000000000,closed,2,updated - low priority - win7 need $ to call Node.require.Invoke
228,2016-07-04 15:34:32.000000000,2016-08-03 12:00:34.000000000,closed,8,How can we build react-native apps?
227,2016-07-02 21:04:05.000000000,2016-07-02 23:20:17.000000000,closed,3,"not detected - warning FS0020: This expression should have type 'unit', but has type ..."
226,2016-07-02 20:20:56.000000000,2016-07-02 23:09:08.000000000,closed,2,fable -w # on win 7 does not watch if started with erroneous code
225,2016-07-02 05:17:55.000000000,2016-07-02 17:35:00.000000000,closed,1,not detected - warning FS0025: Incomplete pattern matches on this expression
224,2016-07-01 00:33:32.000000000,2016-07-01 00:33:39.000000000,closed,0,Update virtualdom sample
223,2016-06-30 17:43:51.000000000,2016-06-30 18:15:02.000000000,closed,1,Fix links in recent blogs
222,2016-06-30 16:59:28.000000000,2016-07-01 12:36:13.000000000,closed,1,"String.Split Method (Char[], Int32) - does not respect count"
221,2016-06-30 16:07:55.000000000,2016-08-03 11:58:03.000000000,closed,4,#load does not issue error message when file does not exist on win 7
220,2016-06-29 02:47:10.000000000,2016-07-02 23:27:00.000000000,closed,1,Virtualdom sample doesn't work in safari
219,2016-06-29 02:43:11.000000000,2016-07-01 00:34:06.000000000,closed,4,Update virtualdom sample
218,2016-06-28 05:28:56.000000000,2016-06-28 21:28:23.000000000,closed,2,Fable.Import.Electron.fs npm outdated
217,2016-06-27 03:34:52.000000000,2016-06-27 12:09:39.000000000,closed,2,Counter and todomvc with Elm architecture
216,2016-06-26 00:58:00.000000000,2016-06-29 12:09:24.000000000,closed,3,Properties Case
215,2016-06-23 00:58:19.000000000,2016-06-24 01:59:54.000000000,closed,3,Correctly determine type of if-then-else and try-with expressions
214,2016-06-23 00:44:27.000000000,2016-06-23 02:52:56.000000000,closed,1,Ensure that NUnit tests using String.format will pass regardless of current culture
213,2016-06-22 16:47:43.000000000,2016-06-22 16:55:24.000000000,closed,1,Fixed error in nunit plugin docs
212,2016-06-22 14:53:21.000000000,2016-06-22 16:21:43.000000000,closed,3,Fix Array Sort
211,2016-06-22 12:35:50.000000000,2016-06-26 04:56:38.000000000,closed,0,Error using use
210,2016-06-21 02:51:06.000000000,2016-06-26 16:32:55.000000000,closed,30,New project file format for Fable
209,2016-06-20 16:36:28.000000000,2016-08-18 20:13:22.000000000,closed,21,dotnetcore version currently fails
208,2016-06-20 15:52:03.000000000,2016-06-24 14:01:15.000000000,closed,4,Structural Equality Tests does not work for Seq
207,2016-06-20 08:12:56.000000000,2016-06-29 12:07:41.000000000,closed,10,Using Apostrophs in top-level definitions in module not working
206,2016-06-19 14:56:14.000000000,2016-12-05 01:57:20.000000000,closed,3,Ts2Fable transforms only first module if multiple modules are defined in the same definition file
205,2016-06-19 01:02:58.000000000,2016-08-03 11:56:12.000000000,closed,8,Missing support for BigInteger?
204,2016-06-18 23:35:11.000000000,2016-06-24 00:16:59.000000000,closed,2,Cannot find replacement for System.String.trimEnd
203,2016-06-17 11:38:56.000000000,2016-06-22 16:56:18.000000000,closed,1,removed unnecessary remark
202,2016-06-16 20:16:01.000000000,2016-06-24 00:16:59.000000000,closed,0,ResizeArray.ToArray() stops compiler
201,2016-06-16 15:35:26.000000000,2016-06-17 02:33:11.000000000,closed,3,Add SameGame sample
200,2016-06-16 00:10:36.000000000,2016-06-16 00:10:51.000000000,closed,3,Add React TodoMVC sample
199,2016-06-15 20:51:29.000000000,2016-06-27 01:39:22.000000000,closed,5,Async.FromContinuations fails somehow
198,2016-06-15 20:43:41.000000000,2016-06-26 04:56:37.000000000,closed,0,Option.iter evaluates input too many times
197,2016-06-15 16:49:13.000000000,2016-06-22 16:10:53.000000000,closed,1,Array.sort not sorting ints correctly
196,2016-06-15 13:53:12.000000000,2016-06-16 00:11:33.000000000,closed,5,Option Type instance method crashes
195,2016-06-15 00:12:32.000000000,2016-06-24 00:16:59.000000000,closed,2,"printfn ""%%"" produces ""%%"" not ""%"""
194,2016-06-14 23:55:14.000000000,2016-06-24 00:17:00.000000000,closed,5,FYI module Node.child_process is masking the globals that are also named Node.child_process
193,2016-06-13 22:08:29.000000000,2016-07-02 16:58:52.000000000,closed,2,Bug with static members and(?) inlining
192,2016-06-12 02:41:44.000000000,2016-06-12 20:36:50.000000000,closed,8,Can't introduce an interface for React props
191,2016-06-11 00:11:17.000000000,2016-06-15 01:13:35.000000000,closed,9,Additional fixes for Redux
190,2016-06-10 23:54:38.000000000,2016-06-11 02:38:35.000000000,closed,2,Type error with discriminated union types
189,2016-06-10 20:43:31.000000000,2016-06-24 04:38:27.000000000,closed,2,Possible type inference bug
188,2016-06-10 19:40:55.000000000,2016-06-12 20:42:34.000000000,closed,8,Building an .fsproj doesn't play well with non-interface .fs files in node modules
187,2016-06-09 21:19:54.000000000,2016-06-10 00:11:25.000000000,closed,5,Fable bindings for Redux along with react-redux and react-router-redux.
186,2016-06-09 00:33:31.000000000,2016-06-09 00:44:15.000000000,closed,0,Split Fable to allow different clients
185,2016-06-08 08:53:29.000000000,2016-06-08 21:36:17.000000000,closed,3,Where to find React.renderComponent
184,2016-06-05 17:11:13.000000000,2016-06-05 17:57:34.000000000,closed,0,Add a Gitter chat badge to README.md
183,2016-06-05 16:55:57.000000000,2016-08-17 02:10:04.000000000,closed,10,"Fable needs logo,Twitter account and Github organization"
182,2016-06-05 11:58:13.000000000,2016-06-06 20:54:34.000000000,closed,6,Recompile dependant files on watch compilation
181,2016-06-04 00:00:07.000000000,2016-06-04 03:09:06.000000000,closed,1,List.partition reverses the results
180,2016-06-03 02:15:33.000000000,2016-06-05 17:09:32.000000000,closed,7,Support passing code from stdin.
179,2016-06-02 18:24:37.000000000,2016-06-03 00:07:47.000000000,closed,2,Fix blocking project file
178,2016-06-01 19:59:15.000000000,2016-06-02 02:01:24.000000000,closed,1,Array / List tryItem missing
177,2016-05-31 06:58:43.000000000,2016-12-05 01:57:34.000000000,closed,7,Try Fable site?
176,2016-05-29 16:58:11.000000000,2016-05-29 22:35:50.000000000,closed,1,Fixing website links
175,2016-05-29 16:46:14.000000000,2016-05-30 17:45:49.000000000,closed,2,"""ReferenceError: Symbol is not defined"" when running server with samples"
174,2016-05-29 01:34:11.000000000,2016-05-29 11:26:35.000000000,closed,1,fix of escaping reserved words and keywords in ts2fable
173,2016-05-28 23:43:32.000000000,2016-05-29 00:52:13.000000000,closed,3,ts2fable fails with non-descriptive error and no output
172,2016-05-28 22:07:18.000000000,2016-06-02 10:01:37.000000000,closed,7,Integer division results in floats
171,2016-05-27 18:56:06.000000000,2016-05-28 13:05:20.000000000,closed,2,Difference between Seq.map and Array.map
170,2016-05-27 15:53:13.000000000,2016-08-03 11:53:33.000000000,closed,6,Add a comparison with similar projects
169,2016-05-26 21:23:26.000000000,2016-06-05 17:17:19.000000000,closed,2,Typed arrays and other type-directed representation choices
168,2016-05-26 19:38:45.000000000,2016-05-27 01:57:51.000000000,closed,1,Map class is overwritten
167,2016-05-26 06:27:45.000000000,2016-05-26 11:43:53.000000000,closed,1,StringEnum error when in pattern match
166,2016-05-26 05:54:35.000000000,2016-05-26 12:14:14.000000000,closed,2,"When Type and Module have same name, the 2nd overrides the first"
165,2016-05-26 01:33:09.000000000,2016-05-26 02:15:18.000000000,closed,3,Add npm for fetch
164,2016-05-26 00:54:41.000000000,2016-05-26 01:01:25.000000000,closed,1,Use an erased union as the input to fetch
163,2016-05-26 00:04:49.000000000,2016-05-26 00:30:27.000000000,closed,5,`internal` items are not exported
162,2016-05-25 20:18:14.000000000,2016-12-05 01:17:20.000000000,closed,2,Add more samples to the web site
161,2016-05-25 20:13:33.000000000,2016-05-25 23:01:22.000000000,closed,1,Add D3 map demo to the web site
160,2016-05-25 11:56:23.000000000,2016-05-26 00:03:32.000000000,closed,1,Add implementation of fetch api
159,2016-05-25 11:49:49.000000000,2016-05-25 11:50:25.000000000,closed,0,Add implementation of the fetch API
158,2016-05-25 03:14:21.000000000,2016-05-25 22:58:27.000000000,closed,3,Cannot read property 'indexOf' of undefined error when disposing object [Observable]
157,2016-05-24 22:53:40.000000000,2016-05-25 23:57:40.000000000,closed,5,React sample warnings
156,2016-05-23 18:37:13.000000000,2016-05-24 02:48:10.000000000,closed,1,Dictionary.[] outputs wrong js
155,2016-05-23 15:53:01.000000000,2016-05-23 16:45:01.000000000,closed,1,fix typo
154,2016-05-23 14:21:31.000000000,2016-05-23 21:21:07.000000000,closed,1,Failed to compile Dictionary.TryGetValue
153,2016-05-23 13:06:20.000000000,2016-05-27 17:55:12.000000000,closed,5,Fable output can sometime be too terse
152,2016-05-23 12:38:13.000000000,2016-05-23 17:39:30.000000000,closed,14,Add an extension to allow let! bindings of promises in async
151,2016-05-21 15:51:02.000000000,2016-05-22 21:52:43.000000000,closed,14,Create Async from function requiring callback
150,2016-05-21 01:53:40.000000000,2016-05-24 00:34:48.000000000,closed,7,Add F# events support
149,2016-05-21 00:40:11.000000000,2016-05-26 00:10:09.000000000,closed,6,Support F# Events module
148,2016-05-20 22:24:40.000000000,2016-06-05 17:16:08.000000000,closed,7,Two Modules name 'X' occur in two parts of this assembly
147,2016-05-20 21:37:54.000000000,2016-07-03 01:04:49.000000000,closed,7,Unsupported format of the sourcemap error when trying to debug from visual studio.
146,2016-05-20 15:36:49.000000000,2016-05-22 12:55:37.000000000,closed,4,async best practice with fable calling 'traditional callback' apis
145,2016-05-20 04:06:46.000000000,2016-05-22 21:54:22.000000000,closed,3,Any samples on using fable with react and rxjs
144,2016-05-19 23:40:09.000000000,2016-06-03 00:07:47.000000000,closed,16,Running fable with -w gives file is being used exception
143,2016-05-18 21:28:03.000000000,2016-05-20 02:49:07.000000000,closed,0,Adding a File.fsi signature file means no code is generated for File.fs
142,2016-05-18 21:10:06.000000000,2016-05-20 01:48:33.000000000,closed,1,"Docs say ""--projFile"" is default argument, but it needs to be explicit"
141,2016-05-18 19:54:53.000000000,2016-05-22 21:42:19.000000000,closed,1,Project file cracking should accept MSBuild properties
140,2016-05-18 19:42:36.000000000,2016-05-20 00:50:26.000000000,closed,2,Type abbreviations in namespaces fail to compile
139,2016-05-18 19:41:21.000000000,2016-05-23 12:58:27.000000000,closed,9,Best practice creating interfaces
138,2016-05-18 16:30:30.000000000,2016-05-18 17:06:59.000000000,closed,2,Fix margins in small mobile view
137,2016-05-18 14:47:10.000000000,2016-12-05 01:17:01.000000000,closed,2,Embed node/npm with the application
136,2016-05-18 13:07:08.000000000,2016-05-18 16:31:27.000000000,closed,2,fix links in header bar
135,2016-05-18 13:02:27.000000000,2016-05-18 13:14:53.000000000,closed,1,fix links to docs in readme
134,2016-05-18 12:00:23.000000000,2016-05-18 13:06:27.000000000,closed,1,Add link to http://fsprojects.github.io/Fable/ in the title of the repo.
133,2016-05-18 11:50:20.000000000,2016-05-18 12:27:00.000000000,closed,1,Use higher instead of bigger
132,2016-05-18 04:25:32.000000000,2016-05-18 11:36:19.000000000,closed,1,Updating gh-pages
131,2016-05-18 03:37:38.000000000,2016-05-18 11:35:57.000000000,closed,7,New Fable website!
130,2016-05-17 22:42:30.000000000,2016-05-19 20:42:44.000000000,closed,2,Module binding shadows top-level binding
129,2016-05-17 22:17:19.000000000,2016-05-22 20:46:49.000000000,closed,5,Unexpected item in KeyValue list when using Fable.Helpers.React.fs
128,2016-05-16 15:52:19.000000000,2016-08-03 11:40:59.000000000,closed,8,Create webpack loader for Fable
127,2016-05-16 14:21:46.000000000,2016-05-19 02:37:26.000000000,closed,3,update interacting.md docs to explain automatic currying re issue #125
126,2016-05-16 02:53:06.000000000,2016-06-07 01:34:09.000000000,closed,3,Webpack mario
125,2016-05-15 13:17:35.000000000,2016-05-19 20:46:50.000000000,closed,6,f# functions change their calling pattern when put into records
124,2016-05-14 14:01:34.000000000,2016-05-15 10:09:20.000000000,closed,3,SyntaxError: unknown: 'this' is not allowed before super()
123,2016-05-13 17:29:02.000000000,2016-06-05 17:08:08.000000000,closed,5,Forum or wiki?
122,2016-05-13 05:28:28.000000000,2016-05-13 19:45:22.000000000,closed,3,React sample project live updating isn't working
121,2016-05-11 20:58:54.000000000,2016-05-12 23:25:54.000000000,closed,2,Mapping from values to functions doesn't work as expected
120,2016-05-11 20:31:54.000000000,2016-05-12 11:13:52.000000000,closed,3,Array.map won't map from array of int to array of another type
119,2016-05-10 10:45:39.000000000,2016-05-10 21:01:20.000000000,closed,2,ts2fable generates incorrect import directives
118,2016-05-09 10:58:12.000000000,2016-05-09 20:24:39.000000000,closed,2,"Seq,truncate returns nulls if given a larger number than the sequence size"
117,2016-05-08 22:54:50.000000000,2016-05-09 20:38:14.000000000,closed,2,Change react children from List to Seq
116,2016-05-05 18:20:59.000000000,2016-05-05 19:20:27.000000000,closed,4,Add ICSSProp so extra props can be added.
115,2016-05-05 16:38:49.000000000,2016-05-06 20:15:12.000000000,closed,2,Partial functions have wrong values
114,2016-05-04 17:15:04.000000000,2016-05-04 17:51:27.000000000,closed,3,Using Fable.ReactHelper.fs with –copyExt
113,2016-04-28 18:51:59.000000000,2016-04-29 02:38:17.000000000,closed,3,--symbols and referenced project
112,2016-04-28 18:08:35.000000000,2016-04-28 22:16:09.000000000,closed,11,Inline external project methods not inlining
111,2016-04-27 19:50:38.000000000,2016-04-27 23:22:55.000000000,closed,0,Copy external file references into project folder
110,2016-04-26 16:53:25.000000000,2016-04-27 23:23:18.000000000,closed,6,External References
109,2016-04-25 23:22:02.000000000,2016-04-26 00:38:17.000000000,closed,6,"String.fsFormat(""%A"") conflicts with Number.prototype[Symbol.iterator]"
108,2016-04-25 22:11:38.000000000,2016-07-12 03:13:22.000000000,closed,2,Generate separated statements for easy debugging
107,2016-04-25 09:06:31.000000000,2016-04-25 12:54:41.000000000,closed,1,Fix Seq.range for chars.
106,2016-04-25 00:09:07.000000000,2016-04-26 22:10:28.000000000,closed,5,Char constructor should use fromCharCode
105,2016-04-24 23:18:02.000000000,2016-04-26 22:18:49.000000000,closed,6,Seq.range is causing out of memory
104,2016-04-23 23:29:23.000000000,2016-04-27 20:07:26.000000000,closed,8,Fable2Typescript backend
103,2016-04-20 17:20:16.000000000,2016-04-20 17:33:07.000000000,closed,1,Type Namespace & FullName
102,2016-04-07 12:46:14.000000000,2016-04-07 13:47:13.000000000,closed,1,Check method signature in NUnit plugin tests.
101,2016-04-06 16:55:51.000000000,2016-04-07 00:46:31.000000000,closed,1,Namespace problem
100,2016-04-06 16:19:44.000000000,2016-04-06 20:19:00.000000000,closed,1,Change union internal format
99,2016-04-06 12:38:07.000000000,2016-04-06 12:43:39.000000000,closed,0,Updates compiling.md.
98,2016-04-06 09:42:42.000000000,2016-04-06 11:16:35.000000000,closed,2,Updated Plugins
97,2016-04-06 08:54:48.000000000,2016-04-15 08:59:29.000000000,closed,2,Suggestion: Move --clamp to plugin?
96,2016-04-06 05:12:20.000000000,2016-04-06 05:16:52.000000000,closed,0,Import & export properties individually
95,2016-04-05 10:30:48.000000000,2016-04-07 05:02:06.000000000,closed,1,Static constructors not being called?
94,2016-04-05 03:56:59.000000000,2016-04-06 09:19:30.000000000,closed,4,Fix for NUnit instance members tests / Adds support to Visual Studio Unit Tests
93,2016-04-04 23:43:28.000000000,2016-04-05 00:07:15.000000000,closed,1,Create ISSUE_TEMPLATE.md
92,2016-04-04 21:04:18.000000000,2016-04-15 08:52:18.000000000,closed,22,"Build was not evaluated, expected the results to be ready after 'Eval'"
91,2016-04-02 14:53:18.000000000,2016-04-03 23:40:17.000000000,closed,2,"Fix printfn ""%A"" output for TypedArrrays."
90,2016-04-02 12:37:20.000000000,2016-08-03 11:42:32.000000000,closed,18,NUnit tests with instance members
89,2016-04-02 03:22:10.000000000,2016-04-06 11:23:48.000000000,closed,3,Output to ES6? (Possible? Worth it?)
88,2016-04-01 17:34:56.000000000,2016-04-06 10:43:34.000000000,closed,9,Multiple assemblies/assembly reference?
87,2016-04-01 15:41:10.000000000,2016-04-02 03:00:39.000000000,closed,3,Arrays compiled to objects? (Fable 0.1.5)
86,2016-04-01 11:47:08.000000000,2016-04-01 11:47:58.000000000,closed,0,Imported values create extra braces
85,2016-03-31 03:43:38.000000000,2016-03-31 23:23:11.000000000,closed,2,remove unneeded parameters from transformTestFixture function
84,2016-03-31 02:11:27.000000000,2016-03-31 02:25:31.000000000,closed,0,Adds support to Enum comparison operators
83,2016-03-30 23:29:09.000000000,2016-04-01 11:47:58.000000000,closed,3,Fix the react sample
82,2016-03-30 12:27:57.000000000,2016-03-31 02:25:33.000000000,closed,2,Adds support to Enum comparison operators.
81,2016-03-29 14:34:49.000000000,2016-03-31 02:25:31.000000000,closed,3,Enums comparison
80,2016-03-29 13:36:09.000000000,2016-03-29 17:00:23.000000000,closed,1,Support for HashSet. Argument order for Assert.AreEqual(). Minor cleanup.
79,2016-03-28 03:25:45.000000000,2016-03-28 11:37:35.000000000,closed,1,Fix minor typos in docs.
78,2016-03-27 22:22:05.000000000,2016-03-29 17:00:23.000000000,closed,2,HashSet?
77,2016-03-27 21:39:24.000000000,2016-04-01 11:58:00.000000000,closed,5,Byte arrays mapped to Uint8ClampedArray
76,2016-03-27 15:40:06.000000000,2016-04-01 12:01:38.000000000,closed,7,Json
75,2016-03-27 10:17:51.000000000,2016-03-27 13:50:23.000000000,closed,1,Fix Fable.ObjExpr call in Fable.Plugins.Random.fsx plugin sample.
74,2016-03-26 15:12:03.000000000,2016-03-27 21:07:20.000000000,closed,5,RFC: How to handle byte/word arithmetic?
73,2016-03-26 14:25:02.000000000,2016-03-27 04:52:50.000000000,closed,1,"Adds 'blit', 'copy', 'fill' and 'sub' functions to Array."
72,2016-03-24 06:53:58.000000000,2016-03-24 15:26:29.000000000,closed,1,fix broken (404) documentation links
71,2016-03-23 18:43:38.000000000,2016-03-31 23:24:09.000000000,closed,4,Suggestion: Units of Measure support
70,2016-03-19 15:45:02.000000000,2016-03-20 20:51:43.000000000,closed,3,Designing the React Helper API
69,2016-03-18 21:06:26.000000000,2016-03-19 01:44:53.000000000,closed,1,fix link to Fable.Core.fs
68,2016-03-18 20:58:41.000000000,2016-03-19 01:45:25.000000000,closed,4,fix link to the directory of curated definitions
67,2016-03-18 18:37:36.000000000,2016-03-18 19:13:27.000000000,closed,7,exports.default.xxx
66,2016-03-18 15:59:27.000000000,2016-03-18 17:29:24.000000000,closed,1,Detected non-bound identifier
65,2016-03-17 16:33:38.000000000,2016-03-22 23:56:55.000000000,closed,5,SyntaxError: unknown: 'this' is not allowed before super() 
64,2016-03-16 19:17:10.000000000,2016-03-22 23:52:55.000000000,closed,1,Object expression from classes
63,2016-03-16 18:42:36.000000000,2016-03-22 23:51:57.000000000,closed,6,Feature request - Object expression from classes are not supported
62,2016-03-14 18:17:54.000000000,2016-03-18 05:30:33.000000000,closed,2,Type and record property with the same name
61,2016-03-12 13:46:31.000000000,2016-03-14 03:44:21.000000000,closed,1,Specify minimal node and npm versions to fix #60
60,2016-03-12 05:06:32.000000000,2016-03-14 03:42:55.000000000,closed,2,Fable compiler should require specific Node.js engine version
59,2016-03-12 04:39:35.000000000,2016-03-14 03:40:50.000000000,closed,5,(released) Fable compiler not usable on certain Windows machines (FSharp.Core.optdata)
58,2016-03-12 04:15:18.000000000,2016-03-14 03:40:42.000000000,closed,1,(released) Fable compiler not usable on certain Windows machines (System.Numerics.dll)
57,2016-03-10 19:46:35.000000000,2016-03-10 20:02:32.000000000,closed,1,@ Concatenates two lists
56,2016-03-10 19:37:49.000000000,2016-03-10 19:38:42.000000000,closed,0,@ Concatenates two lists
55,2016-03-10 19:10:34.000000000,2016-03-14 03:41:23.000000000,closed,2,Tuple arguments not always interpreted correctly
54,2016-03-09 13:25:47.000000000,2016-03-09 19:50:08.000000000,closed,1,Build fails on Windows 32 bit
53,2016-03-06 08:10:01.000000000,2016-03-06 22:03:57.000000000,closed,1,F# syntax highlighting
52,2016-03-04 00:48:33.000000000,2016-03-04 02:24:28.000000000,closed,2,Fix Travis CI build
51,2016-03-02 20:58:27.000000000,2016-03-02 21:46:48.000000000,closed,2,Record type quotes
50,2016-03-02 01:20:44.000000000,2016-03-02 01:27:11.000000000,closed,1,Cannot read property 'Symbol(Symbol.iterator)' of undefined
49,2016-03-01 04:58:45.000000000,2016-03-02 00:51:32.000000000,closed,2,Test on Mono
48,2016-02-29 19:28:17.000000000,2016-03-02 01:17:37.000000000,closed,2,Typescript2fable - Inheritance
47,2016-02-29 15:57:23.000000000,2016-02-29 20:02:41.000000000,closed,1,[doc] Fix GH-pages doc URLs
46,2016-02-29 02:23:06.000000000,2016-02-29 03:14:08.000000000,closed,1,update solution items
45,2016-02-29 01:22:30.000000000,2016-02-29 03:11:59.000000000,closed,1,Cannot find module 'babel-template'
44,2016-02-29 01:21:35.000000000,2016-03-04 01:52:55.000000000,closed,5,typescript2fable Inheritance 
43,2016-02-27 15:23:19.000000000,2016-02-27 15:34:52.000000000,closed,0,Plugin system
42,2016-02-26 23:37:25.000000000,2016-02-29 04:16:09.000000000,closed,2,Add Enum support to binding generator
41,2016-02-26 01:02:16.000000000,2016-02-27 03:13:06.000000000,closed,3,npm install must be run in the sample directory
40,2016-02-26 00:56:55.000000000,2016-02-29 03:18:46.000000000,closed,3,Run samples from https://github.com/fsprojects/Fable/blob/master/docs/compiling.md#samples as part of the test
39,2016-02-25 23:02:40.000000000,2016-02-26 01:46:14.000000000,closed,1,Make sure you completed the node samples before the browser sample
38,2016-02-25 22:37:24.000000000,2016-02-25 23:00:01.000000000,closed,0,browser sample path fix
37,2016-02-25 20:08:14.000000000,2016-02-26 02:27:21.000000000,closed,3,ts2f - React js
36,2016-02-25 19:00:16.000000000,2016-02-25 19:16:15.000000000,closed,2,Windows cmd quotes hell
35,2016-02-25 17:37:02.000000000,2016-02-29 03:16:00.000000000,closed,11,Assembly reference 'System.Numerics.dll' was not found or is invalid
34,2016-02-25 15:16:55.000000000,2016-02-29 04:16:09.000000000,closed,3,Typescript2Fable - Enums
33,2016-02-24 17:33:25.000000000,2016-02-25 05:02:50.000000000,closed,2,Typescript2Fable - Anonymous objects in function parameters
32,2016-02-24 14:02:04.000000000,2016-02-25 17:33:43.000000000,closed,3,"Attempt to fix #27 (path issues on Windows, maybe just too following the exception)"
31,2016-02-23 21:04:32.000000000,2016-02-24 01:44:33.000000000,closed,1,Update build process
30,2016-02-23 19:42:58.000000000,2016-02-24 01:41:51.000000000,closed,1,Fix typo.
29,2016-02-23 14:30:06.000000000,2016-02-23 14:34:18.000000000,closed,1,fix compilation on windows
28,2016-02-23 01:58:48.000000000,2016-02-23 13:32:03.000000000,closed,1,Add brackets to fix name check
27,2016-02-22 23:35:02.000000000,2016-02-25 19:16:17.000000000,closed,22,Windows: cmd.exe + quotes = Hell
26,2016-02-22 02:30:31.000000000,2016-02-22 03:27:19.000000000,closed,1,Suggestion - use local Node and npm installations
25,2016-02-22 01:39:30.000000000,2016-02-22 21:50:05.000000000,closed,1,fable2babel > System.InvalidOperationException
24,2016-02-22 01:36:00.000000000,2016-02-22 03:28:58.000000000,closed,1,Add checking for current and reserved keywords - Fix #22
23,2016-02-22 01:09:41.000000000,2016-02-25 04:55:03.000000000,closed,3,Typescript2Fable - Namespaces
22,2016-02-22 00:55:49.000000000,2016-02-22 03:28:58.000000000,closed,1,Typescript2Fable - Function names
21,2016-02-22 00:49:48.000000000,2016-02-22 03:21:08.000000000,closed,1,Update package.json - Fix #20
20,2016-02-22 00:48:10.000000000,2016-02-22 03:21:09.000000000,closed,1,Typescript2Fable fails
19,2016-02-21 00:58:55.000000000,2016-02-21 05:20:25.000000000,closed,1,First try at getting react.d.ts to convert
18,2016-02-20 13:53:50.000000000,2016-02-20 19:33:44.000000000,closed,1,Meta: Compile .Net Dependencies
17,2016-02-19 19:19:38.000000000,2016-02-20 23:32:11.000000000,closed,5,Add --watch option to CLI tool
16,2016-02-19 19:13:30.000000000,2016-02-23 00:45:41.000000000,closed,1,Create web
15,2016-02-19 14:43:34.000000000,2016-02-19 14:46:23.000000000,closed,1,Update README.md
14,2016-02-19 14:29:49.000000000,2016-02-19 14:50:08.000000000,closed,2,Update README.md
13,2016-02-19 14:17:00.000000000,2016-03-09 04:07:47.000000000,closed,4,Online REPL
12,2016-02-17 01:31:19.000000000,2016-02-21 05:37:46.000000000,closed,2,[WIP] Generate more from .d.ts
11,2016-02-15 15:33:00.000000000,2016-02-18 23:34:19.000000000,closed,4,Creating an organisation or moving to fsprojects
10,2016-02-15 15:26:43.000000000,2016-02-18 23:49:10.000000000,closed,7,Name and logo
9,2016-02-15 03:56:34.000000000,2016-02-15 15:28:15.000000000,closed,3,Maybe call it Fable instead?
8,2016-02-11 23:06:20.000000000,2016-02-13 15:29:03.000000000,closed,5,AppVeyor CI
7,2016-02-11 22:47:01.000000000,2016-02-13 15:20:50.000000000,closed,1,Add license
6,2016-02-11 18:21:44.000000000,2016-02-11 18:35:23.000000000,closed,1,Upgraded to F# 4.0 (FSharp.Core 4.4) everywhere
5,2016-02-11 12:01:24.000000000,2016-02-18 23:35:06.000000000,closed,1,Add samples
4,2016-02-11 11:57:24.000000000,2016-02-18 23:33:54.000000000,closed,3,Improve the typescript parser and add definitions to lib/import
3,2016-02-11 11:54:37.000000000,2016-02-15 23:23:01.000000000,closed,2,Complete unit tests
2,2016-02-10 14:58:00.000000000,2016-02-11 11:48:49.000000000,closed,2,Make buildable on Windows
1,2016-01-27 00:51:11.000000000,2016-01-27 00:51:31.000000000,closed,0,Sourcemaps
