id,created_at,closed_at,state,comments,title
2084,2020-08-31 14:40:27.000000000,1970-01-01 00:00:00.000000001,open,1,Failing rubocop's cop for grape gem
2082,2020-08-27 23:19:21.000000000,1970-01-01 00:00:00.000000001,open,4,segv running Rails Simple Benchmark's Rails app
2081,2020-08-27 20:48:33.000000000,1970-01-01 00:00:00.000000001,open,6,Rubocop test suite slow
2080,2020-08-27 00:54:50.000000000,2020-08-28 18:22:21.000000000,closed,11,Potential performance degradation of method_missing
2079,2020-08-26 23:00:50.000000000,1970-01-01 00:00:00.000000001,open,1,Dynamic constant assignment using non-ascii variable
2078,2020-08-25 13:57:40.000000000,1970-01-01 00:00:00.000000001,open,1,Test coverage report numbers are inconsistant with Ruby MRI
2077,2020-08-25 00:14:31.000000000,1970-01-01 00:00:00.000000001,open,2,Correct arity for arguments with optional kwargs
2076,2020-08-24 14:07:13.000000000,1970-01-01 00:00:00.000000001,open,3,Errno::ENOMEM: Cannot allocate memory
2075,2020-08-21 06:56:39.000000000,2020-08-24 13:59:28.000000000,closed,12,Couldn't install truffleruby 20.2.0 with ruby-build on macOS
2073,2020-08-14 09:53:03.000000000,2020-08-14 18:03:48.000000000,closed,6,deep_clone: Polyglot object DeepClone cannot be converted to i32 (LLVMPolyglotException)
2072,2020-08-13 14:11:43.000000000,1970-01-01 00:00:00.000000001,open,5,Support C++ gem extenstions
2071,2020-08-10 18:09:14.000000000,2020-08-12 22:21:06.000000000,closed,2,We need ruby-install version 0.7.1 or newer
2070,2020-08-10 11:32:47.000000000,1970-01-01 00:00:00.000000001,open,3,Temporary Slowdown/Deoptimization very late into the process in Rubykon benchmark
2069,2020-08-08 19:16:21.000000000,1970-01-01 00:00:00.000000001,open,1,cld: No enum constant com.oracle.truffle.nfi.spi.types.NativeSimpleType.STRUCT_BY_VALUE
2068,2020-08-08 13:33:15.000000000,2020-08-14 14:51:06.000000000,closed,8,Add instructions to add a manual GraalVM install to asdf
2067,2020-08-06 22:54:35.000000000,1970-01-01 00:00:00.000000001,open,7,Gem installation failure: no member named flags in struct RBasic
2066,2020-08-06 19:28:10.000000000,2020-08-18 23:17:40.000000000,closed,3,device_detector failing tests with errors
2065,2020-08-06 16:17:20.000000000,2020-08-11 22:59:21.000000000,closed,5,json_schemer failing test: JSONSchemerTest#test_json_schema_test_suite
2064,2020-08-05 21:27:52.000000000,1970-01-01 00:00:00.000000001,open,4,Intermittent Puma CI failures
2063,2020-08-04 19:59:48.000000000,1970-01-01 00:00:00.000000001,open,5,prawn test case failure: Prawn manual contains no unexpected changes
2062,2020-08-04 01:01:40.000000000,2020-08-13 18:27:01.000000000,closed,2,rubyzip test case failure: PathTraversalTest#test_entry_name_with_tilde
2061,2020-08-03 23:55:20.000000000,1970-01-01 00:00:00.000000001,open,17,Can't install any gem on AArch64
2060,2020-08-01 20:31:59.000000000,2020-08-20 00:41:06.000000000,closed,6,Considers an autoload constant as loaded when autoload is called for/from the current file
2059,2020-08-01 01:17:32.000000000,2020-08-06 20:23:14.000000000,closed,8,test-unit failing tests
2058,2020-07-31 02:26:34.000000000,2020-07-31 19:54:44.000000000,closed,7,cannot run tests for the test-unit gem
2057,2020-07-30 20:10:41.000000000,2020-08-03 18:49:22.000000000,closed,2,Float specs
2056,2020-07-30 19:53:14.000000000,2020-07-31 19:08:46.000000000,closed,2,Enumerable first
2055,2020-07-27 22:19:33.000000000,2020-07-29 23:24:43.000000000,closed,0,Handle foreign null object as falsy value
2054,2020-07-23 02:37:09.000000000,1970-01-01 00:00:00.000000001,open,3,FFI::Pointer#order not implemented
2053,2020-07-22 17:07:34.000000000,1970-01-01 00:00:00.000000001,open,1,JSON.pretty_generate generates different output to MRI for at least an empty hash
2052,2020-07-21 12:30:36.000000000,2020-07-24 23:49:45.000000000,closed,17,Ruby 2.6: String#split with block
2051,2020-07-19 00:58:30.000000000,1970-01-01 00:00:00.000000001,open,9,"SIGHUP, etc do not have a default signal handler that raises SignalException"
2050,2020-07-18 16:51:42.000000000,2020-07-24 23:49:45.000000000,closed,3,String#split with block incompatibility
2049,2020-07-15 01:55:36.000000000,2020-07-16 03:16:01.000000000,closed,0,Cache JVMCI and Eclipse in the mx cache
2048,2020-07-13 23:26:41.000000000,2020-07-17 03:38:15.000000000,closed,2,Pass activated ancestors refinements for super lookup
2047,2020-07-13 15:40:19.000000000,2020-07-21 16:24:11.000000000,closed,12,"""Rescuing"" failed `require` doesn't work as expected"
2046,2020-07-10 13:49:06.000000000,2020-07-11 15:03:28.000000000,closed,3,Rubygems CI broke yesterday against `truffleruby-head`
2045,2020-07-09 15:33:52.000000000,2020-07-18 15:35:23.000000000,closed,8,CI failures for async-container
2044,2020-07-07 15:38:34.000000000,1970-01-01 00:00:00.000000001,open,11,Problem with installing stackprof with native extensions
2043,2020-07-06 17:30:37.000000000,2020-07-06 23:09:08.000000000,closed,0,Build with 2.3
2042,2020-07-03 19:42:15.000000000,2020-07-04 04:34:01.000000000,closed,0,Fix a link to the Sulong toolchain docs.
2041,2020-07-02 17:01:28.000000000,2020-07-03 21:59:04.000000000,closed,9,Transient deadlock while running Puma tests
2040,2020-07-01 11:14:41.000000000,2020-07-03 13:19:24.000000000,closed,21,Rubygems CI broke against truffleruby-head a few days ago
2039,2020-06-30 00:42:19.000000000,2020-07-11 06:16:29.000000000,closed,4,Refinements and super
2038,2020-06-25 18:02:52.000000000,2020-07-16 02:13:37.000000000,closed,1,foreign.to_f and foreign.to_i should be supported
2037,2020-06-21 22:12:22.000000000,2020-06-22 14:31:37.000000000,closed,3,[interop] Ruby strings show odd behavior from JavaScript
2036,2020-06-18 14:56:43.000000000,2020-07-11 06:16:29.000000000,closed,1,Lookup super in ancestors of refinement module
2035,2020-06-15 21:08:30.000000000,1970-01-01 00:00:00.000000001,open,8,Multi-thread access to fastR
2034,2020-06-12 19:40:57.000000000,2020-08-31 18:13:41.000000000,closed,22,Errno::ESPIPE Illegal seek -- Docker container errrors
2033,2020-06-11 17:49:16.000000000,2020-06-23 19:40:34.000000000,closed,14,Change lookup methods to achieve Refinements specification
2032,2020-06-10 04:48:18.000000000,2020-07-10 13:35:28.000000000,closed,10,"JSON Standard Library, requiring ext.rb causes a load error"
2031,2020-06-10 00:24:18.000000000,2020-06-10 13:21:49.000000000,closed,2,Help with jar usage
2030,2020-06-09 20:23:18.000000000,1970-01-01 00:00:00.000000001,open,3,Support accessing variables of the interactive Sources via Context#getBindings()
2029,2020-06-09 05:35:33.000000000,2020-06-19 19:06:12.000000000,closed,2,mini_racer: `rb_context_init_unsafe': External function cannot be found.
2028,2020-06-06 18:33:55.000000000,2020-06-08 16:30:23.000000000,closed,1,Kernel#srand returns nil on the first call
2027,2020-06-04 18:25:35.000000000,2020-06-06 21:04:05.000000000,closed,3,Printing Python sys with #p fails
2026,2020-06-04 11:02:42.000000000,2020-06-23 20:23:39.000000000,closed,10,include within refine doesn't work
2025,2020-06-03 18:32:00.000000000,2020-06-06 20:12:40.000000000,closed,3,[interop] No parsing happening in RubyLanguage#parse(ParsingRequest request)
2024,2020-06-03 18:27:19.000000000,2020-06-04 20:28:19.000000000,closed,8,[interop] TruffleRuby does not allow binding modifications
2023,2020-06-02 18:00:09.000000000,2020-07-17 18:40:09.000000000,closed,5,[interop] irb 20.1.0 cannot access languages without support for multi threaded access
2022,2020-06-01 16:30:20.000000000,2020-06-02 21:02:51.000000000,closed,5,Improve Symbol.all_symbols
2021,2020-05-31 17:21:18.000000000,2020-06-02 16:53:04.000000000,closed,3,Add #refine support for Module
2020,2020-05-28 19:57:56.000000000,1970-01-01 00:00:00.000000001,open,2,Polyglot exception
2019,2020-05-27 22:04:12.000000000,2020-05-27 22:09:42.000000000,closed,1,Bump puma from 3.12.4 to 3.12.6 in /test/truffle/ecosystem/blog5
2018,2020-05-26 03:11:17.000000000,2020-05-26 17:21:10.000000000,closed,1,Improve Eclipse and IDEA integration and documentation
2017,2020-05-24 19:35:50.000000000,1970-01-01 00:00:00.000000001,open,0,duktape tests start hanging up and cause a segfault
2016,2020-05-23 00:43:11.000000000,1970-01-01 00:00:00.000000001,open,2,`Enumerator::Yielder#yield` with multiple arguments issue
2015,2020-05-22 16:54:51.000000000,2020-05-29 17:22:43.000000000,closed,3,SyntaxError: unexpected tIDENTIFIER with RHS or-equal assignment
2014,2020-05-21 16:36:31.000000000,2020-05-22 22:01:15.000000000,closed,6,Failed to install/build appsignal gem extensions
2013,2020-05-19 19:20:34.000000000,1970-01-01 00:00:00.000000001,open,1,The Exception#cause is not shown by the top-level exception handler
2012,2020-05-18 11:33:58.000000000,2020-07-04 15:43:32.000000000,closed,12,TruffleRuby performance or memory regression on rspec
2011,2020-05-15 20:35:01.000000000,1970-01-01 00:00:00.000000001,open,0,Optimize Thread.detect_recursion
2010,2020-05-14 19:21:07.000000000,2020-05-16 01:49:46.000000000,closed,7,Unable to install Iodine gem which uses a C extension on MacOS
2009,2020-05-14 05:49:21.000000000,2020-05-18 17:31:39.000000000,closed,15,gem update issues on PCLinuxOS
2008,2020-05-12 18:57:01.000000000,2020-07-22 14:44:29.000000000,closed,2,Cannot install on macOS with ruby-install
2007,2020-05-11 00:58:11.000000000,2020-05-11 19:54:31.000000000,closed,0,Specify and implement strtod and ruby_strtod
2006,2020-05-10 18:45:28.000000000,2020-06-02 22:17:29.000000000,closed,7,Implement integer modular exponentiation using `BigInteger#mod_pow`
2005,2020-05-09 18:22:04.000000000,2020-05-18 19:26:42.000000000,closed,4,Implemented rb_uv_to_utf8
2004,2020-05-09 15:00:56.000000000,1970-01-01 00:00:00.000000001,open,2,Ruby 2.7 support
2003,2020-05-08 23:40:12.000000000,2020-05-11 16:23:30.000000000,closed,0,"A few specs for BigDecimal(..., exception: false)"
2002,2020-05-08 23:39:34.000000000,1970-01-01 00:00:00.000000001,open,3,"BigDecimal(..., exception: false) doesn't work as intended"
2001,2020-05-07 15:58:29.000000000,2020-08-07 15:01:04.000000000,closed,7,numo-narray: `rb_exc_raise': wrong argument type (TypeError)
2000,2020-05-07 07:14:36.000000000,2020-07-24 20:51:32.000000000,closed,3,"Missing x.pow(e, m) method"
1999,2020-05-07 00:15:01.000000000,2020-06-02 22:17:29.000000000,closed,5,"Modular exponentiation with Integer#pow(exponent, modulo) is slow"
1998,2020-05-05 21:43:03.000000000,2020-05-18 19:26:41.000000000,closed,2,duktape: rb_uv_to_utf8 cannot be found
1997,2020-05-05 14:02:27.000000000,1970-01-01 00:00:00.000000001,open,3,Implementing PyCall.rb-like interop between TruffleRuby and Graal.python
1996,2020-04-28 23:16:48.000000000,2020-04-29 01:29:26.000000000,closed,0,Cleanups: consistently use #map and alias_method
1995,2020-04-28 15:11:26.000000000,1970-01-01 00:00:00.000000001,open,4,Loom compatibility?
1994,2020-04-27 18:45:23.000000000,2020-04-28 20:29:19.000000000,closed,7,Coverage for native has recently broken
1993,2020-04-26 17:15:28.000000000,1970-01-01 00:00:00.000000001,open,1,rbtrace: External LLVMFunction msgpack_unpack_next cannot be found. (LLVMLinkerException)
1992,2020-04-26 16:17:39.000000000,2020-04-27 13:47:55.000000000,closed,8,Enable lazy translation for user code by default
1991,2020-04-24 14:15:19.000000000,2020-04-24 15:57:30.000000000,closed,0,Fix TravisCI to set the correct JAVA_HOME
1990,2020-04-23 22:01:33.000000000,2020-04-28 23:47:48.000000000,closed,4,Fix Github releases download URL
1989,2020-04-22 20:34:27.000000000,2020-05-07 16:01:41.000000000,closed,22,numo-narray: codegen error
1988,2020-04-21 23:46:28.000000000,2020-04-29 02:18:39.000000000,closed,7,Fix inactive refinements for blocks
1987,2020-04-21 00:39:10.000000000,2020-05-04 23:28:10.000000000,closed,12,rails command loads the default Bundler 1.17.2 instead of newer installed Bundler 2.1.4
1985,2020-04-03 22:59:06.000000000,1970-01-01 00:00:00.000000001,open,9,--engine.Mode=latency is three times faster than throughput when running rspecs
1984,2020-04-02 20:29:30.000000000,2020-05-06 03:02:06.000000000,closed,4,Puma CI fails when using Bundler 2
1983,2020-04-02 06:02:54.000000000,2020-04-02 18:37:47.000000000,closed,2,scout_apm: events_to_events_array: unknown event 0x100000 (ArgumentError)
1982,2020-04-01 02:23:08.000000000,1970-01-01 00:00:00.000000001,open,8,grpc: lipo: can't figure out the architecture type
1981,2020-03-31 21:27:02.000000000,1970-01-01 00:00:00.000000001,open,1,bundle exec creates an extra subprocess on TruffleRuby
1980,2020-03-31 19:12:03.000000000,2020-04-01 18:32:43.000000000,closed,2,Check if all functions need to be defined in ruby.c
1979,2020-03-29 18:53:52.000000000,2020-03-29 19:22:30.000000000,closed,3,Fix typo in `jruby-migration.md`.
1978,2020-03-26 12:42:05.000000000,2020-04-22 18:50:15.000000000,closed,4,allocation_tracer: no member named 'flags' in 'struct RBasic'
1977,2020-03-24 13:06:18.000000000,2020-04-02 02:20:59.000000000,closed,1,Optimize return during parsing/translating to avoid unnecessary ReturnExceptions
1976,2020-03-23 20:13:52.000000000,2020-03-23 21:25:58.000000000,closed,5,OpenSSL extension doesn't compile on Ubuntu 20.04
1975,2020-03-21 19:05:23.000000000,1970-01-01 00:00:00.000000001,open,4,Support the bigdecimal gem and its C extension
1974,2020-03-21 17:51:19.000000000,1970-01-01 00:00:00.000000001,open,1,hiredis: External LLVMFunction redisConnectNonBlock cannot be found. (LLVMLinkerException)
1973,2020-03-19 20:48:04.000000000,2020-03-31 22:58:21.000000000,closed,2,gprc extconf.rb fails due to needing RbConfig::CONFIG['AR']
1972,2020-03-18 03:54:41.000000000,1970-01-01 00:00:00.000000001,open,5,"agoo: Exception in thread ""SIGINT handler"" java.lang.IllegalStateException: Can not create new threads in closing context."
1971,2020-03-16 13:27:00.000000000,2020-04-01 21:19:44.000000000,closed,1,ruby-gr: `type_to_nfi': -4 not implemented (NotImplementedError)
1970,2020-03-16 10:48:56.000000000,2020-03-16 14:03:10.000000000,closed,3,This should consider Renaming to graalruby
1969,2020-03-15 01:57:39.000000000,2020-03-16 14:59:46.000000000,closed,3,FrozenError when creating StringIO
1968,2020-03-14 10:33:25.000000000,2020-03-14 15:00:14.000000000,closed,1,Support for other JVMs?
1967,2020-03-12 02:14:17.000000000,2020-03-18 19:46:55.000000000,closed,4,incompatible character encodings error with cucumber and capybara gem (incompatible character encodings: ASCII-8BIT and UTF-8)
1966,2020-03-11 03:50:14.000000000,1970-01-01 00:00:00.000000001,open,3,ruby_native_statistics: Missing LLVM builtin: llvm.trunc.f64 (IllegalStateException)
1965,2020-03-10 23:10:13.000000000,2020-03-12 00:37:45.000000000,closed,1,Ensure Random::DEFAULT has new seed on boot
1964,2020-03-09 07:56:42.000000000,2020-03-10 17:57:13.000000000,closed,3,Frozen string literal modification error in place MRI doesn't
1963,2020-03-08 16:04:16.000000000,2020-03-11 02:13:33.000000000,closed,4,rails: routes with with_options cause TypeError (no implicit conversion of Symbol into String)
1962,2020-03-07 19:21:20.000000000,2020-03-09 17:23:07.000000000,closed,6,fork is not available (NotImplementedError) when running rails server as a daemon
1961,2020-03-07 17:43:37.000000000,2020-03-09 21:59:30.000000000,closed,3,File.ftype/Pathname causes TruffleRuby error
1960,2020-03-06 19:29:35.000000000,2020-03-21 16:22:30.000000000,closed,7,BigDecimal.inspect behaviour with active_record
1959,2020-03-06 15:37:30.000000000,2020-03-24 23:44:52.000000000,closed,1,rbtrace:  rb_set_end_proc not implemented (RuntimeError)
1958,2020-03-06 08:26:49.000000000,2020-04-22 16:08:45.000000000,closed,2,mustermann: Mustermann::Sinatra#equal? returns incorrectly false for identical objects
1957,2020-03-06 08:08:08.000000000,2020-03-11 22:00:17.000000000,closed,2,NoMethodError in case of calling private method has a slighly different message
1956,2020-03-06 02:30:18.000000000,2020-05-04 23:27:25.000000000,closed,5,Default gems can't be upgraded without booting RubyGems
1955,2020-03-05 23:19:23.000000000,2020-03-07 17:29:06.000000000,closed,1,rails server command not recognized (different behaviour to MRI)
1954,2020-03-05 10:39:37.000000000,2020-03-19 20:54:47.000000000,closed,2,Unable to install rmagick 4.0.0 with TruffleRuby 20.0.0
1953,2020-03-05 00:25:54.000000000,2020-03-05 00:28:54.000000000,closed,1,Bump puma from 3.12.2 to 3.12.4 in /test/truffle/ecosystem/blog5
1952,2020-03-04 08:15:19.000000000,1970-01-01 00:00:00.000000001,open,3,truffleruby: an exception escaped out of the interpreter - this is an implementation bug
1951,2020-03-03 20:47:01.000000000,2020-03-11 19:21:57.000000000,closed,11,Ctrl-C doesn't stop puma and SIGTERM does not work
1950,2020-03-03 13:15:16.000000000,2020-03-10 17:22:57.000000000,closed,3,activesupport: Array#to_sentence returns #ActiveSupport::SafeBuffer instead of #String in some cases
1949,2020-03-03 00:58:05.000000000,2020-04-30 21:43:21.000000000,closed,3,Refinements do not work inside of a `class_exec`
1948,2020-03-02 23:01:09.000000000,1970-01-01 00:00:00.000000001,open,0,Integer ** BigDecimal does not work but BigDecimal ** Integer does work
1947,2020-03-01 20:15:46.000000000,1970-01-01 00:00:00.000000001,open,0,ruby2d: `ruby2d_window_ext_show': External LLVMFunction S2D_CreateWindow cannot be found. (LLVMLinkerException)
1946,2020-03-01 09:23:16.000000000,2020-03-05 03:16:00.000000000,closed,1,"Hanami::Utils::String - value ""diseappers"" after calling Time.parse"
1945,2020-03-01 07:33:55.000000000,2020-03-03 22:26:54.000000000,closed,1,Float ArgumentError exception has different message but in MRI
1944,2020-02-29 16:41:48.000000000,2020-03-07 00:42:01.000000000,closed,3,Converted method to proc is given wrong number arguments
1943,2020-02-29 11:07:49.000000000,2020-02-29 11:10:56.000000000,closed,1,Bump puma from 3.12.2 to 3.12.3 in /test/truffle/ecosystem/blog5
1942,2020-02-29 03:21:30.000000000,2020-05-01 21:30:16.000000000,closed,3,alias_method inside refine causes `alias_method': undefined method for module
1941,2020-02-29 01:00:56.000000000,2020-03-05 03:17:07.000000000,closed,2,Comparation of String and Integer throws an exception  with slightly different error message but in MRI 
1940,2020-02-28 22:39:39.000000000,2020-02-28 22:40:48.000000000,closed,1,Bump rake from 10.5.0 to 12.3.3 in /spec/mspec
1939,2020-02-28 06:19:04.000000000,1970-01-01 00:00:00.000000001,open,7,roda/puma: big differences in performance between TruffleRuby 2.1.0-dev and MRI 2.7
1938,2020-02-28 04:05:24.000000000,1970-01-01 00:00:00.000000001,open,3,rails: Extremely slow boot with thousands routes and probably hanging
1937,2020-02-27 07:12:12.000000000,2020-03-04 00:37:23.000000000,closed,6,stackprof: rb_gc_latest_gc_info not implemented (RuntimeError)
1936,2020-02-27 06:50:43.000000000,2020-03-03 21:08:54.000000000,closed,1,scout_apm: error: use of undeclared identifier 'rb_mProcess'
1935,2020-02-27 06:43:26.000000000,2020-03-05 20:39:46.000000000,closed,2,rbtrace: error: no member named 'klass' in 'struct RBasic'
1934,2020-02-27 06:14:24.000000000,2020-02-28 20:23:08.000000000,closed,2,"sinatra: `caller_locations': wrong number of arguments (given 2, expected 0) (ArgumentError)"
1933,2020-02-26 18:56:38.000000000,2020-03-04 21:02:28.000000000,closed,1,symbol matching not quite working
1932,2020-02-26 03:16:21.000000000,1970-01-01 00:00:00.000000001,open,1,blingfire: `malloc': NotImplementedError in Fiddle
1931,2020-02-26 03:05:24.000000000,1970-01-01 00:00:00.000000001,open,2,simdjson: `padded_string': External LLVMFunction _ZN8simdjson22allocate_padded_bufferEm cannot be found
1930,2020-02-25 06:29:37.000000000,1970-01-01 00:00:00.000000001,open,0,regexp_property_values: error: no member named 'get_ctype_code_range' in 'struct rb_encoding'
1929,2020-02-25 06:22:15.000000000,1970-01-01 00:00:00.000000001,open,0,minitest + simplecov integration causes uninitialized constant Minitest::SimpleCov (NameError)
1928,2020-02-25 00:30:56.000000000,2020-03-04 21:03:15.000000000,closed,2,ruby_native_statistics: error: use of undeclared identifier 'value'
1927,2020-02-24 23:02:42.000000000,2020-03-05 22:09:38.000000000,closed,6,Too deep inlining error when running ActionPack tests (Regexp.escape builtin)
1926,2020-02-24 21:07:45.000000000,2020-08-21 21:58:54.000000000,closed,1,"yajl-ffi: dlopen(yajl, 2): image not found (UnsatisfiedLinkError)"
1925,2020-02-24 15:54:26.000000000,2020-03-27 21:36:46.000000000,closed,2,ArtiyException on C-extension
1924,2020-02-24 14:33:55.000000000,2020-02-25 16:33:13.000000000,closed,2,simdjson: ISO C++17 does not allow 'register' storage class specifier simdjson
1923,2020-02-23 20:01:25.000000000,2020-03-05 14:47:09.000000000,closed,1,wrong number of arguments on simple (?) spec
1922,2020-02-23 19:53:36.000000000,2020-03-05 01:56:15.000000000,closed,2,wrong number of arguments ( lib/truffle/digest/sha2.rb )
1921,2020-02-23 19:49:03.000000000,2020-03-05 01:34:57.000000000,closed,4,"rspec issue (Wrong number of arguments. Expected 1 or more, got 0.)"
1920,2020-02-21 15:01:33.000000000,2020-03-02 15:49:10.000000000,closed,1,Thread::Backtrace::Location#base_label is not implemented
1919,2020-02-20 21:18:03.000000000,1970-01-01 00:00:00.000000001,open,1,oga: multiple Oga::XML::PullParser specs fail
1918,2020-02-19 23:29:13.000000000,2020-03-06 20:10:47.000000000,closed,9,Performance regression in bundle install
1917,2020-02-19 01:18:28.000000000,2020-03-19 20:47:07.000000000,closed,2,google-protobuf: installation fails due to switch (VALUE)
1914,2020-02-18 05:59:45.000000000,2020-02-18 09:29:25.000000000,closed,2,mini_racer is not working
1913,2020-02-17 18:09:16.000000000,1970-01-01 00:00:00.000000001,open,3,Crash while inspecting file with Rubocop and Truffleruby head
1912,2020-02-15 16:48:25.000000000,2020-02-18 17:59:30.000000000,closed,1,multiple assignment in conditional (SyntaxError)
1911,2020-02-15 15:53:02.000000000,2020-02-17 18:33:38.000000000,closed,5,cppjieba_rb fails to install
1910,2020-02-15 00:30:54.000000000,2020-02-19 22:44:28.000000000,closed,1,implement num2short
1909,2020-02-15 00:06:05.000000000,2020-02-21 15:12:00.000000000,closed,2,Allow rescue to take null 
1908,2020-02-14 23:57:25.000000000,2020-02-19 22:47:44.000000000,closed,1,implement rb_obj_is_proc
1907,2020-02-14 17:39:48.000000000,2020-03-03 01:35:01.000000000,closed,2,actionpack: RuntimeError: Cannot convert a Ruby String with BINARY encoding containing non-US-ASCII character 229 to a Java String
1906,2020-02-13 18:11:40.000000000,1970-01-01 00:00:00.000000001,open,4,Bundler/rubygems generates a lot of exceptions
1905,2020-02-13 08:40:01.000000000,2020-05-08 21:16:25.000000000,closed,9,acts-as-taggable-on: NameError: uninitialized constant ActsAsTaggableOn::TagListType
1904,2020-02-12 09:56:58.000000000,2020-02-18 22:13:55.000000000,closed,4,io-console: no member named 'pathv' in 'struct rb_io_t'
1903,2020-02-11 18:00:41.000000000,2020-02-11 18:09:25.000000000,closed,4,How exactly I can install latest nightly builds on my local machine?
1902,2020-02-10 16:00:07.000000000,2020-07-29 23:24:43.000000000,closed,4,[interop] foreign null objects not handled correctly as falsy values
1901,2020-02-10 06:48:06.000000000,2020-02-14 23:57:17.000000000,closed,1,String#unpack('M*') doesn't omit \r\n correctly
1900,2020-02-10 00:20:40.000000000,1970-01-01 00:00:00.000000001,open,8,"mail: all in test suite fails due to ArgumentError: wrong number of arguments (given 2, expected 1) in overriding Kernel.warn"
1899,2020-02-09 22:16:50.000000000,2020-02-10 00:17:20.000000000,closed,4,`floor': wrong number of arguments
1898,2020-02-09 20:19:32.000000000,2020-02-10 16:55:11.000000000,closed,5,The Rack test suite does not pass on TruffleRuby
1897,2020-02-08 19:16:13.000000000,2020-02-11 00:05:37.000000000,closed,2,A lot of annoying warnings about instance variable @internal not initialized from truffleruby/core/io.rb 
1896,2020-02-08 13:01:09.000000000,2020-05-16 01:43:40.000000000,closed,3,"skylight: lib/mri/mkmf.rb:1299:in `find_type': wrong number of arguments (given 1, expected 2+) (ArgumentError)"
1895,2020-02-08 10:51:11.000000000,2020-06-19 19:04:02.000000000,closed,5,Code causes an exception and nothing is thrown (visibly)
1894,2020-02-07 16:55:16.000000000,2020-02-07 21:39:42.000000000,closed,7,spring: TruffleRuby doesn't have a case for the StringToNullTerminatedByteArrayNodeGen node with values of type Pathname (TypeError)
1893,2020-02-04 22:11:40.000000000,2020-02-13 18:05:30.000000000,closed,14,bundle install can consume too much memory
1892,2020-01-30 15:34:21.000000000,2020-01-30 15:59:43.000000000,closed,4,"I think `Process.spawn(..., 3 => io)` is broken in TruffleRuby."
1891,2020-01-24 02:19:47.000000000,2020-04-22 20:35:15.000000000,closed,11,numo-narray: error: no member named 'flags' in 'struct RBasic'
1889,2020-01-22 08:24:03.000000000,2020-01-23 15:03:26.000000000,closed,3,"Fix 'OpenSSL::Digest.{digest,hexdigest,base64digest} algorithm, data' "
1888,2020-01-21 23:09:38.000000000,1970-01-01 00:00:00.000000001,open,0,IO.popen specs still hang for me
1887,2020-01-21 22:02:25.000000000,2020-01-30 22:38:42.000000000,closed,6,Optimize lazy initializations 
1886,2020-01-21 19:54:05.000000000,2020-01-22 01:32:02.000000000,closed,6,Fix rb_warn and rb_warning macros
1885,2020-01-20 23:26:35.000000000,2020-01-24 11:38:24.000000000,closed,1,options.md: Fix typo: 'bet set' -> 'be set'
1884,2020-01-20 21:51:23.000000000,2020-04-23 00:47:41.000000000,closed,5,Unable to install rbtree3 0.5.0 with TruffleRuby 19.3.1
1883,2020-01-20 21:09:52.000000000,2020-01-29 21:40:07.000000000,closed,3,Rubocop fails to parse files in TruffleRuby 19.3.1
1882,2020-01-20 18:36:17.000000000,2020-02-03 20:49:22.000000000,closed,4,Unable to install rmagick 4.0.0 with TruffleRuby 19.3.1
1881,2020-01-08 03:38:21.000000000,2020-02-03 14:09:56.000000000,closed,8,[interop] Foreign objects have no `object_id` and `__id__`
1880,2020-01-07 02:18:30.000000000,2020-01-16 18:03:26.000000000,closed,5,Latest Bundler (2.1.4) fails to install on TruffleRuby
1879,2020-01-03 02:27:02.000000000,2020-01-20 19:41:24.000000000,closed,5,Static inline to fix protobuf build issues
1878,2020-01-02 02:07:24.000000000,2020-05-11 20:42:19.000000000,closed,3,If the context cannot be patched we search for home twice
1877,2019-12-31 22:54:31.000000000,2020-01-03 20:31:32.000000000,closed,0,Fix change log entry whitespace
1876,2019-12-31 22:38:40.000000000,2020-01-03 17:39:02.000000000,closed,1,"Implement rb_define_class_id, rb_module_new and rb_define_module_id"
1875,2019-12-31 22:25:38.000000000,2020-02-03 22:41:04.000000000,closed,1,Make macros around TypedData_Wrap_Struct work better
1874,2019-12-31 02:31:53.000000000,2020-01-06 18:52:44.000000000,closed,3,Implement rb_get_alloc_func and spec related functions
1873,2019-12-31 02:04:14.000000000,2020-02-04 18:24:15.000000000,closed,2,Singleton classes have a nil name
1872,2019-12-31 02:00:26.000000000,2020-01-06 17:25:40.000000000,closed,9,Keep method name symbols for alive methods alive
1871,2019-12-31 01:45:43.000000000,2020-01-03 18:59:30.000000000,closed,0,Actually assert in spec for rb_hash_start
1870,2019-12-31 01:43:09.000000000,2020-02-04 17:33:18.000000000,closed,0,Don't run ruby/spec as root
1869,2019-12-31 01:41:20.000000000,2020-01-03 21:14:38.000000000,closed,2,Implement rb_respond_to in Ruby to cover primitive cases
1868,2019-12-31 00:37:56.000000000,2020-02-04 16:41:43.000000000,closed,1,--keep-handles-alive option
1867,2019-12-31 00:25:56.000000000,2020-01-02 03:45:13.000000000,closed,3,Stub rb_hash_tbl and rb_tracearg_from_tracepoint
1866,2019-12-30 22:25:37.000000000,2020-01-02 04:33:50.000000000,closed,0,Missing --experimental-options in specs
1865,2019-12-24 18:11:05.000000000,2020-01-14 19:46:50.000000000,closed,7,Remove obsolete patches of rake-compiler
1864,2019-12-24 02:31:20.000000000,1970-01-01 00:00:00.000000001,open,1,"[interop] invokeMember should throw ArityException, not ArgumentError"
1863,2019-12-23 03:40:25.000000000,2019-12-23 19:45:09.000000000,closed,0,Switch to --engine options
1862,2019-12-20 13:08:07.000000000,2019-12-20 13:10:14.000000000,closed,1,Bump rack from 2.0.7 to 2.0.8 in /test/truffle/ecosystem/blog5
1861,2019-12-19 00:55:09.000000000,1970-01-01 00:00:00.000000001,open,0,"gem 'debase' fails to compile with ""fatal error: 'vm_core.h' file not found"""
1860,2019-12-18 22:37:39.000000000,2019-12-23 18:38:04.000000000,closed,11,Improve compatibility of RUBY_PLATFORM
1859,2019-12-17 11:26:03.000000000,2019-12-24 00:22:53.000000000,closed,1,Enumerator#+ is not supported
1858,2019-12-16 21:28:44.000000000,2019-12-24 00:23:08.000000000,closed,1,"Enumerator::Chain.new(1..3, [4, 5]) causes TypeError"
1857,2019-12-14 15:30:22.000000000,2019-12-20 21:04:22.000000000,closed,9,rb_gc_register_mark_object not implemented in json 2.3.0
1856,2019-12-14 06:23:44.000000000,2019-12-17 04:29:17.000000000,closed,4,Add new C APIs used by the new json release
1855,2019-12-12 22:17:49.000000000,2019-12-13 18:40:50.000000000,closed,0,Run the Eclipse Formatter in TravisCI
1854,2019-12-12 04:10:50.000000000,2019-12-12 04:29:31.000000000,closed,1,Files testing 2.7 should be listed in :next
1853,2019-12-11 15:32:09.000000000,2019-12-13 17:45:24.000000000,closed,4,Interop in native-image
1852,2019-12-09 17:45:43.000000000,2019-12-11 01:12:22.000000000,closed,0,Kernel#sprintf: don't unconditionally grant encoding validity
1851,2019-12-09 17:41:30.000000000,2019-12-17 23:26:26.000000000,closed,2,Split local and non-local returns
1850,2019-12-08 20:03:29.000000000,1970-01-01 00:00:00.000000001,open,4,rdiscount: `Integer': can't convert nil into Integer (TypeError)
1849,2019-12-06 22:18:44.000000000,2019-12-06 22:19:28.000000000,closed,1,Bump puma from 3.12.1 to 3.12.2 in /test/truffle/ecosystem/blog5
1848,2019-12-05 19:37:35.000000000,2019-12-16 15:09:04.000000000,closed,1,update doc: rebuild-images may require native-image module
1847,2019-12-05 19:32:40.000000000,2019-12-16 15:08:34.000000000,closed,1,update information about OS support
1846,2019-12-03 08:03:38.000000000,2020-01-11 18:28:04.000000000,closed,5,bson _ext: error: invalid operands to binary expression ('long' and 'VALUE' (aka 'void *'))
1845,2019-12-03 03:06:35.000000000,2019-12-12 00:57:30.000000000,closed,1,"File.fnmatch('/**/file0', '/', File::FNM_PATHNAME) causes ArrayIndexOutOfBoundsException"
1844,2019-12-02 21:09:56.000000000,1970-01-01 00:00:00.000000001,open,1,[interop] Array-like object do not implement `length` and other Array methods
1843,2019-12-02 20:00:49.000000000,2019-12-03 23:57:27.000000000,closed,0,CachedBoxedDispatchNode#toString is excessively verbose
1842,2019-12-02 19:21:00.000000000,2019-12-04 00:39:47.000000000,closed,0,Fix broken UTF-8 inspect
1841,2019-12-02 19:04:05.000000000,2019-12-06 00:58:37.000000000,closed,1,Implement rb_hash_start
1840,2019-12-02 18:45:23.000000000,2019-12-04 01:22:00.000000000,closed,0,Enable and document --coverage
1839,2019-12-02 18:40:28.000000000,2019-12-03 23:03:01.000000000,closed,0,Ignore files
1838,2019-12-02 17:43:07.000000000,2019-12-26 17:45:52.000000000,closed,1,Expose public methods of the main/top-level object in the top scope/bindings
1837,2019-12-01 04:35:55.000000000,2020-02-01 16:29:54.000000000,closed,14,grpc gem errors with LoadError when attempting to load c extension 
1836,2019-11-30 20:04:40.000000000,2019-12-19 19:49:14.000000000,closed,2,CPU sampling for bundle install
1835,2019-11-28 19:53:27.000000000,1970-01-01 00:00:00.000000001,open,6,[GR-15990] Support AST sharing in Ruby
1833,2019-11-28 05:08:15.000000000,1970-01-01 00:00:00.000000001,open,5,endless loop on test with celluloid
1832,2019-11-27 15:42:57.000000000,2019-11-29 14:40:15.000000000,closed,6,Active Record error in Blog 5 test
1831,2019-11-27 14:34:32.000000000,2019-11-28 22:01:10.000000000,closed,3,[interop] 'Internal error occured' instead of 'Unknown identifier' error
1830,2019-11-27 06:37:02.000000000,2020-01-29 23:15:09.000000000,closed,16,OpenSSL compilation fails on macOS
1829,2019-11-26 18:17:56.000000000,2019-11-28 23:58:25.000000000,closed,0,Run jt lint in TravisCI for Pull Requests
1828,2019-11-26 09:37:19.000000000,2019-11-29 00:04:59.000000000,closed,4,C-API Array function RARRAY_PTR allows memcpying between arrays fails on macOS native
1827,2019-11-26 07:42:21.000000000,1970-01-01 00:00:00.000000001,open,16,mini_racer: `rb_context_init_unsafe': External function cannot be found.
1826,2019-11-26 04:24:36.000000000,2019-12-17 03:50:31.000000000,closed,1,BigDecimal(object) doesn't convert implicitly the object into String
1825,2019-11-25 21:18:22.000000000,1970-01-01 00:00:00.000000001,open,4,opt fail: node is not LIRLowerable NewFrame
1824,2019-11-24 20:10:49.000000000,2020-03-06 16:03:50.000000000,closed,17,bundle install with many dependencies causes OutOfMemoryError
1823,2019-11-23 23:57:39.000000000,2020-03-25 14:21:19.000000000,closed,5,Runtime Error with Agoo web server
1822,2019-11-22 13:49:07.000000000,2020-01-30 16:16:08.000000000,closed,6,Regression in Truffleruby-19.3.0 at memcpy() in C-ext
1821,2019-11-22 05:49:58.000000000,2019-12-13 01:37:57.000000000,closed,1,Method#>> and Method#<< are not supported
1820,2019-11-22 05:48:39.000000000,2019-11-22 21:37:41.000000000,closed,6,It doesn't install on Catalina using RVM
1819,2019-11-22 03:24:47.000000000,2019-12-15 15:18:21.000000000,closed,5,sassc: image not found (UnsatisfiedLinkError) (LoadError)
1818,2019-11-21 08:23:37.000000000,2019-11-22 04:01:54.000000000,closed,7,Build failure 19.3.0 with ruby-build and macOS environment
1817,2019-11-21 04:03:14.000000000,2019-12-10 00:34:42.000000000,closed,6,[Interop] getMembers returns empty list for Strings
1816,2019-11-21 03:47:27.000000000,2019-12-03 01:03:41.000000000,closed,2,"[Interop] Array#swap invocable, but not readable"
1815,2019-11-19 21:35:17.000000000,2019-11-28 23:58:26.000000000,closed,8,Add a GitHub Action for building and linting
1814,2019-11-17 03:37:11.000000000,2019-12-11 16:45:41.000000000,closed,6,rb_check_symbol_cstr is not yet implemented
1813,2019-11-15 07:19:25.000000000,2019-11-19 14:34:20.000000000,closed,0,The '--cpusampler.SampleInternal=true' option requires '--experimental-options'.
1812,2019-11-14 11:59:55.000000000,2019-11-14 12:05:16.000000000,closed,2,Bump rack from 2.0.5 to 2.0.7 in /test/truffle/ecosystem/blog5
1811,2019-11-14 11:59:52.000000000,2019-11-14 12:05:15.000000000,closed,3,Bump nokogiri from 1.8.5 to 1.10.5 in /test/truffle/ecosystem/blog5
1810,2019-11-14 11:59:52.000000000,2019-11-14 12:05:14.000000000,closed,2,Bump loofah from 2.2.2 to 2.3.1 in /test/truffle/ecosystem/blog5
1809,2019-11-13 15:30:58.000000000,2019-11-26 21:30:12.000000000,closed,3,Spec for the error format minitest expects from Module#undef_method
1808,2019-11-13 14:47:34.000000000,2019-11-19 20:30:16.000000000,closed,6,Truffle::Graal.assert_never_part_of_compilation
1807,2019-11-09 03:58:54.000000000,2019-11-11 17:21:01.000000000,closed,0,Factor out a common exception pattern
1806,2019-11-08 15:03:04.000000000,2019-11-08 15:53:57.000000000,closed,3,Having a problem while installing gems: (NullPointerException)
1805,2019-11-08 02:33:33.000000000,2019-11-08 19:28:52.000000000,closed,1,Process#exec: set close-on-exec to false for fd redirection
1804,2019-11-07 00:59:09.000000000,2019-11-11 16:33:08.000000000,closed,5,Process::Status#==: compare raw process status
1803,2019-11-07 00:14:54.000000000,2019-11-08 02:30:04.000000000,closed,0,Struct.new: check for duplicate members
1802,2019-11-06 23:47:25.000000000,2019-11-07 22:14:16.000000000,closed,0,Make it possible to call instance_exec with rb_block_call
1801,2019-11-06 21:45:19.000000000,2019-11-11 17:21:01.000000000,closed,3,Extract exception pattern into method
1800,2019-11-06 08:01:42.000000000,2019-11-08 18:40:22.000000000,closed,1,Process::Status#to_i: return raw waitpid(2) status
1799,2019-11-05 21:41:53.000000000,2019-11-06 03:01:49.000000000,closed,0,Avoid warning when loading BigDecimal from YAML
1798,2019-11-05 03:35:08.000000000,2019-11-05 20:22:39.000000000,closed,2,Default close_others to false like Ruby 2.6
1797,2019-11-05 02:25:11.000000000,2019-11-06 04:02:28.000000000,closed,0,BigDecimal(): deal with large rationals precisely
1796,2019-11-05 00:53:02.000000000,2019-11-05 19:27:09.000000000,closed,0,Strip trailing whitespaces when BigDecimal gets a string
1795,2019-11-04 22:56:08.000000000,1970-01-01 00:00:00.000000001,open,1,Implement specialisation for structs with keyword arguments
1794,2019-11-04 22:02:26.000000000,2019-11-06 00:43:06.000000000,closed,2,Don't clone method when setting method to the same visibility
1793,2019-11-04 21:37:00.000000000,2019-11-05 00:58:17.000000000,closed,1,Add Rafael FrancÌ§a and Alan Wu to authors
1792,2019-11-04 20:30:26.000000000,2019-11-05 21:59:00.000000000,closed,7,Improve MatchData#dup
1791,2019-11-04 20:19:12.000000000,2019-11-04 23:51:19.000000000,closed,0,Implement unit argument for Time#at
1790,2019-11-04 20:14:16.000000000,2019-11-08 20:29:36.000000000,closed,5,Improvements to signals
1789,2019-11-04 19:52:29.000000000,2019-11-05 14:58:46.000000000,closed,1,Implement keyword_init: true for Struct.new
1788,2019-11-04 19:42:55.000000000,2019-11-04 22:43:53.000000000,closed,0,Implement rb_utf8_str_new etc
1787,2019-11-04 19:34:13.000000000,2019-11-05 17:18:51.000000000,closed,1,Option to print backtraces on rescue
1786,2019-11-03 01:21:27.000000000,2019-11-11 16:17:14.000000000,closed,7,C extension compilation may not work with --enable-frozen-string-literal
1785,2019-11-03 00:02:11.000000000,2019-11-11 17:24:20.000000000,closed,9,Bundler can't be uninstalled
1784,2019-11-01 18:52:59.000000000,1970-01-01 00:00:00.000000001,open,1,Big memory usage when running benchmark.ips benchmarks
1783,2019-11-01 01:29:40.000000000,2019-11-04 16:35:25.000000000,closed,0,Fix Float#<=> not calling coerce when other arg responds to it
1782,2019-11-01 00:07:39.000000000,2019-11-04 18:12:15.000000000,closed,4,Some options tested in specs need --experimental-options
1781,2019-10-31 00:46:13.000000000,2019-11-02 02:20:32.000000000,closed,2,Extract GRAAL_DIR to point to the path were graal will be cloned
1780,2019-10-30 22:52:31.000000000,2019-11-02 15:18:08.000000000,closed,2,Coercion fixes for TCPServer.new
1779,2019-10-30 22:22:09.000000000,2019-11-04 17:29:18.000000000,closed,3,Do not warn / crash when requiring a file that sets and trigger autoload on itself
1778,2019-10-30 21:50:42.000000000,2019-11-11 17:26:24.000000000,closed,3,Can't load pg gem with TruffleRuby 19.3 master builds
1777,2019-10-29 16:51:44.000000000,2019-10-30 13:14:32.000000000,closed,1,Fail early for bad handle unwraps
1776,2019-10-29 16:39:55.000000000,2019-10-31 18:18:01.000000000,closed,2,Improve Struct ivar compatibility
1775,2019-10-28 19:30:41.000000000,2019-10-30 21:02:41.000000000,closed,1,Raise Encoding::CompatibilityError with incompatible encodings on regexp
1774,2019-10-28 19:17:18.000000000,2019-10-30 19:49:02.000000000,closed,6,Match out of range ArgumentError message with MRI
1773,2019-10-28 19:15:16.000000000,2019-10-29 17:31:05.000000000,closed,3,Fix Date._iso8601 and Date._rfc3339 when the string is an invalid date
1772,2019-10-23 00:23:21.000000000,2020-01-30 16:16:58.000000000,closed,3,Cannot load more than one byte from RSTRING_PTR
1771,2019-10-22 21:54:52.000000000,2019-10-28 19:09:21.000000000,closed,5,Add support regexps for String#start_with?
1770,2019-10-22 00:02:57.000000000,2019-10-23 14:58:40.000000000,closed,11,mysql2 can't be built on Catalina due to -lssl failing
1769,2019-10-17 19:11:01.000000000,2019-10-17 20:14:04.000000000,closed,2,Broken symlinks in build
1768,2019-10-14 13:28:36.000000000,2019-10-14 13:36:40.000000000,closed,2,[interop] Ruby arrays do not answer `getMembers` correctly
1767,2019-10-12 12:58:05.000000000,1970-01-01 00:00:00.000000001,open,0,opt fail LLVMForeignCallNode Partial evaluation did not reduce value to a constant
1766,2019-10-12 01:32:02.000000000,2019-10-28 21:34:11.000000000,closed,3,Dump and load instance variables in subclasses of Exception
1765,2019-10-12 01:16:56.000000000,2019-10-29 00:26:09.000000000,closed,7,Fix Tempfile#size and #length when the IO is not flushed
1764,2019-10-08 17:19:48.000000000,2019-10-16 19:25:45.000000000,closed,5,You need to set SDKROOT manually to build on macOS Catalina
1763,2019-10-07 23:26:35.000000000,2019-10-09 15:33:25.000000000,closed,4,New LLVM toolchain produces code not supported by Sulong
1762,2019-10-07 17:46:21.000000000,2019-10-09 22:55:11.000000000,closed,3,`jt dis` is defunct
1761,2019-10-02 12:50:42.000000000,2019-10-02 21:22:40.000000000,closed,3,Use-after-free of native handles
1760,2019-10-01 16:25:06.000000000,2019-10-01 23:51:18.000000000,closed,3,Cache the looked up JVMCI installation location.
1759,2019-10-01 01:32:42.000000000,2019-10-01 13:10:16.000000000,closed,1,Example for Thread#raise in documentation executes very differently
1758,2019-09-30 19:03:34.000000000,2020-03-05 15:15:07.000000000,closed,4,jt docker build with --source flag fails 
1757,2019-09-29 00:39:55.000000000,2019-10-22 18:24:17.000000000,closed,9,Warning messages should not be displayed when a magic comment appears after a token has been seen unless running in verbose mode.
1756,2019-09-28 18:51:11.000000000,2019-10-02 21:56:19.000000000,closed,4,Update the  matcher to work for newer JVMCI builds.
1755,2019-09-28 18:43:28.000000000,2019-09-29 13:14:12.000000000,closed,4,jt.rb can no longer auto-install a JVMCI build.
1754,2019-09-28 16:34:55.000000000,2019-10-22 19:33:39.000000000,closed,9,Error using webpacker:compile
1753,2019-09-27 18:19:16.000000000,2019-10-08 13:38:02.000000000,closed,12,Unable to install sassc gem
1752,2019-09-26 18:09:39.000000000,2019-10-31 16:27:33.000000000,closed,6,Slack/Discourse for Truffleruby community (?)
1751,2019-09-26 16:31:53.000000000,2019-11-11 17:27:31.000000000,closed,6,qml-ruby linker error 
1750,2019-09-25 03:08:47.000000000,2020-06-11 01:55:05.000000000,closed,6,Missing exception info when failing to start Rails console
1749,2019-09-25 02:53:32.000000000,2020-01-08 19:48:46.000000000,closed,5,Upgrade stdlib from 2.6.2 to 2.6.5
1748,2019-09-24 16:05:22.000000000,2019-10-01 15:55:58.000000000,closed,4,AOT tags don't seem to be needed any more
1747,2019-09-08 11:48:34.000000000,2020-07-17 18:48:27.000000000,closed,3,hamlit: performance degraded due to missing Ripper.lex
1746,2019-09-04 19:52:55.000000000,2019-12-17 03:57:08.000000000,closed,4,Not all specs are configured properly to run on a release build
1745,2019-08-31 22:24:22.000000000,2019-09-03 19:39:03.000000000,closed,2,Fix style violations in jt.rb
1744,2019-08-30 20:38:03.000000000,2019-11-07 22:36:43.000000000,closed,2,ArgumentError comparing a BigDecimal to a Float
1743,2019-08-29 03:38:58.000000000,1970-01-01 00:00:00.000000001,open,4,Not enough stack space to initialize exception classes to raise stack overflow
1742,2019-08-26 15:52:30.000000000,2019-09-08 12:47:23.000000000,closed,2,Lots of WARNING: negative line number warnings not supported in #class/module_eval
1741,2019-08-26 15:40:16.000000000,2019-12-19 01:00:26.000000000,closed,1,RuntimeError: rb_io_set_nonblock not implemented
1740,2019-08-24 14:26:38.000000000,2019-08-26 14:49:25.000000000,closed,1,Implement rb_str_drop_bytes
1739,2019-08-19 15:59:09.000000000,2019-11-28 04:10:00.000000000,closed,8,truffleruby is broken with rake test suite
1738,2019-08-18 01:35:38.000000000,2019-11-14 12:04:23.000000000,closed,9,Upgrade blog app to Rails 6
1737,2019-08-18 00:50:33.000000000,2019-08-28 00:12:02.000000000,closed,4,Strip whitespace at end of lines
1736,2019-08-18 00:46:18.000000000,2019-09-04 14:46:12.000000000,closed,8,Make gem-test-pack optional
1735,2019-08-17 10:50:18.000000000,2020-04-26 16:50:21.000000000,closed,2,Cannot run rails ecosystem tests without a dependency
1734,2019-08-17 00:31:24.000000000,2020-03-31 19:46:47.000000000,closed,8,Unable to build bcrypt
1733,2019-08-03 12:23:05.000000000,2019-08-03 16:52:24.000000000,closed,8,Installation failure ruby-build with macOS
1732,2019-08-02 06:28:52.000000000,2019-08-24 14:27:32.000000000,closed,12,Make ossl_asn1prim_to_der work in TruffleRuby
1731,2019-08-02 06:19:35.000000000,2019-08-05 19:05:19.000000000,closed,4,Make rb_undef_method work for private methods
1730,2019-07-22 22:36:30.000000000,2019-08-26 15:41:58.000000000,closed,9,Net/SFTP: rb_str_drop_bytes not implemented
1729,2019-07-21 17:24:43.000000000,2019-07-22 12:30:38.000000000,closed,5,msgpack: Global variable rb_tr_true is declared but not defined
1728,2019-07-20 07:23:10.000000000,2019-12-22 01:51:35.000000000,closed,9,Accept keyword arguments in GC.start
1727,2019-07-18 23:59:46.000000000,2019-11-18 22:06:50.000000000,closed,4,"rubocop: Array#sort! Too deep inlining, probably caused by recursive inlining."
1726,2019-07-18 10:19:03.000000000,2019-11-06 17:15:04.000000000,closed,2,rb_utf8_str_new_static not implemented
1725,2019-07-18 04:37:33.000000000,2020-04-21 18:05:16.000000000,closed,7,curb: gem install curb fails
1724,2019-07-18 04:25:45.000000000,1970-01-01 00:00:00.000000001,open,3,"vips: org.truffleruby.language.control.RaiseException: [[""out"", 35]] (Array) is not a pointer (ArgumentError)"
1723,2019-07-17 19:04:44.000000000,1970-01-01 00:00:00.000000001,open,1,chruby uses the same GEM_HOME for multiple TruffleRuby releases
1722,2019-07-17 13:03:17.000000000,1970-01-01 00:00:00.000000001,open,15,[interop] Cannot convert a Ruby String with BINARY encoding containing non-US-ASCII character 226 to a Java String
1721,2019-07-13 13:42:43.000000000,2019-07-23 13:01:46.000000000,closed,21,java.lang.ArrayIndexOutOfBoundsException: Index 0 out of bounds for length 0
1720,2019-07-10 20:56:14.000000000,1970-01-01 00:00:00.000000001,open,0,Socket.udp_server_loop seems doesn't work correctly
1719,2019-07-10 12:41:32.000000000,2019-08-13 00:12:34.000000000,closed,3,Refine LLVM setup on Brew
1718,2019-07-10 07:40:19.000000000,1970-01-01 00:00:00.000000001,open,3,report Thread#status incompatible with MRI
1717,2019-07-08 01:16:04.000000000,1970-01-01 00:00:00.000000001,open,1,Time.new and Time#getlocal don't accept a timezone object or a UTC offset string
1716,2019-07-06 21:57:37.000000000,2019-08-13 00:12:33.000000000,closed,8,Make GC.stat compatible with MRI behaviour
1715,2019-07-05 19:31:22.000000000,2019-07-17 19:05:16.000000000,closed,5,TravisCI caching and Bundler use the same path for C extensions for different TruffleRuby versions
1714,2019-07-04 21:49:33.000000000,2019-07-10 22:29:56.000000000,closed,2,`encode!': can't modify frozen String when writing character to temporary file
1713,2019-07-04 02:10:46.000000000,2020-03-22 18:10:31.000000000,closed,3,Rails 6 ActionView tests cause SubstrateSegfaultHandler caught signal 11 exception
1712,2019-07-03 16:50:36.000000000,2019-12-20 19:30:52.000000000,closed,4,"Haml >= 5.0 doesn't work on TruffleRuby, due to using Ripper"
1711,2019-07-03 05:39:02.000000000,2019-12-19 02:59:39.000000000,closed,1,BigDecimal#to_s('5F') returns slightly something diffferent
1710,2019-07-03 02:05:44.000000000,2019-08-23 23:22:32.000000000,closed,3,Requiring Hanami::Utils::BasicObject causes TypeError (bind argument must be a subclass of Object)
1709,2019-06-25 12:42:08.000000000,2019-07-17 19:30:22.000000000,closed,3,ArgumentErrors when interacting with other languages in `irb`
1708,2019-06-24 14:37:07.000000000,2019-10-22 19:26:53.000000000,closed,4,TruffleRuby linker doesn't support `-I` option without space
1707,2019-06-21 14:53:42.000000000,1970-01-01 00:00:00.000000001,open,0,TruffleRuby slower than MRI in toy benchmark
1706,2019-06-11 19:46:07.000000000,2019-06-27 19:15:52.000000000,closed,1,Fix Symbol#match.
1705,2019-06-10 13:13:00.000000000,1970-01-01 00:00:00.000000001,open,3,Truffle is slower than MRI
1704,2019-06-10 00:07:46.000000000,1970-01-01 00:00:00.000000001,open,0,Zlib::Deflate fails to load with certain options
1703,2019-06-09 19:49:30.000000000,2019-06-27 20:03:19.000000000,closed,8,Add an alias of Kernel#yield_self named #then.
1702,2019-06-08 17:26:53.000000000,2019-06-12 00:18:12.000000000,closed,7,Failing async-io specs
1701,2019-06-08 04:29:01.000000000,2019-06-08 14:43:11.000000000,closed,3,RuntimeError: rb_get_kwargs with optional not implemented
1700,2019-06-07 00:28:07.000000000,2019-06-07 03:40:38.000000000,closed,1,Infinite loop when naming a top level function 'hash' and using a Symbol
1699,2019-06-07 00:27:02.000000000,2019-06-07 10:13:17.000000000,closed,2,StackOverFlow error when naming a top level function 'hash'
1698,2019-06-07 00:26:51.000000000,2019-06-09 12:50:52.000000000,closed,4,Output for keys not present in Hash constructed using to_h is size of Hash
1697,2019-06-06 23:08:18.000000000,2020-01-30 16:22:16.000000000,closed,11,Chrome inspector fails due to truffleruby-19.0.0/bin/bundle
1696,2019-05-27 01:17:58.000000000,1970-01-01 00:00:00.000000001,open,3,OutOfMemoryError when running the Asciidoctor tests suite against TruffleRuby 19.0.0
1695,2019-05-23 19:27:58.000000000,2019-06-10 21:11:45.000000000,closed,9,Polyglot shell does not seem to support local variables
1694,2019-05-18 23:51:48.000000000,2019-06-07 14:24:56.000000000,closed,9,Add Ripper constructor and noop methods
1693,2019-05-18 20:29:11.000000000,2019-05-20 22:28:02.000000000,closed,1,The regular expression in tool/jt.rb does not match the new jvmci version format
1692,2019-05-18 18:42:34.000000000,2019-06-07 14:24:56.000000000,closed,3,"Ripper.new(code) - `initialize': wrong number of arguments (given 1, expected 0) (ArgumentError)"
1691,2019-05-15 20:50:58.000000000,1970-01-01 00:00:00.000000001,open,1,[interop] Cannot print Python objects in polyglot shell from Ruby
1690,2019-05-15 20:38:42.000000000,2019-05-18 22:32:37.000000000,closed,12,[interop] Cannot access Python attribute from Ruby
1689,2019-05-13 00:34:19.000000000,1970-01-01 00:00:00.000000001,open,2,"JS' Object.keys() throws ""wrong number of arguments"""
1688,2019-05-09 21:54:37.000000000,2019-07-07 02:11:34.000000000,closed,5,Proc#>> and << are not supported
1687,2019-05-05 18:52:54.000000000,2019-05-21 15:43:45.000000000,closed,4,FFI is missing the `clear` method
1686,2019-05-02 19:36:13.000000000,1970-01-01 00:00:00.000000001,open,0,[interop] to_s not working correctly on foreign objects
1685,2019-04-30 23:49:37.000000000,2019-05-09 05:46:55.000000000,closed,1,Infinity#to_d causes ArgumentError (java.lang.NumberFormatException)
1684,2019-04-30 23:42:07.000000000,2019-05-10 04:12:36.000000000,closed,3,Some BigDecimal constants are still missing
1683,2019-04-30 23:35:26.000000000,2019-05-09 05:48:09.000000000,closed,3,BigDecimal('0.0') / BigDecimal('0.0') returns nan instead of NaN in IRB
1682,2019-04-30 10:43:35.000000000,2019-05-13 20:24:35.000000000,closed,3,Rails 6 ActionPack tests cause StackOverflowError
1681,2019-04-30 08:21:20.000000000,2019-08-13 00:12:33.000000000,closed,4,GC.stat :total_allocated_objects is not supported
1680,2019-04-30 00:20:18.000000000,2019-05-08 05:50:55.000000000,closed,1,BigDecimal#dup causes Index 0 out of bounds for length 0 (ArrayIndexOutOfBoundsException)
1679,2019-04-29 00:45:30.000000000,2020-02-06 22:51:30.000000000,closed,9,Kernel#puts does not work with R vectors
1677,2019-04-27 07:21:46.000000000,2019-05-14 19:40:39.000000000,closed,12,Wrong Process time constants on macOS
1676,2019-04-27 03:40:38.000000000,2019-05-07 02:59:01.000000000,closed,5,malloc(): smallbin double linked list corrupted
1675,2019-04-25 14:59:31.000000000,2020-03-20 21:39:06.000000000,closed,5,Patching eventmachine like nokogiri for working in TruffleRuby
1674,2019-04-19 17:57:26.000000000,2020-03-10 15:34:28.000000000,closed,2,rom-sql specs have abnormal usage of memory
1673,2019-04-19 15:04:39.000000000,2019-08-23 13:40:28.000000000,closed,6,Using private attr_writer with ||= doesn't work properly
1672,2019-04-19 14:54:47.000000000,1970-01-01 00:00:00.000000001,open,5,TracePoint#new(:call) and TracePoint#new(:c_call): ArgumentError: unknown event
1671,2019-04-18 23:06:57.000000000,2019-12-14 16:45:05.000000000,closed,6,Support of RubyVM::AbstractSyntaxTree
1670,2019-04-18 11:28:31.000000000,1970-01-01 00:00:00.000000001,open,9,mathn: RuntimeError (External function @nurat_canonicalization cannot be found. (LLVMLinkerException)
1669,2019-04-18 10:39:34.000000000,1970-01-01 00:00:00.000000001,open,2,Roda#define_roda_method and problem with arity
1668,2019-04-18 00:00:37.000000000,1970-01-01 00:00:00.000000001,open,2,zopfli: LLVMI32ProfiledValueNodeGen node with values of type  com.oracle.truffle.llvm.runtime.pointer.LLVMPointerImpl
1667,2019-04-17 21:52:26.000000000,2019-11-26 15:16:08.000000000,closed,1,jsminc: Undefined symbols for architecture x86_64
1666,2019-04-17 01:51:45.000000000,1970-01-01 00:00:00.000000001,open,2,Support for rbtrace extensions
1665,2019-04-16 19:24:08.000000000,2019-05-23 14:06:21.000000000,closed,12,"File.directory? calls to_i in RC15, but not in RC14"
1664,2019-04-16 18:50:37.000000000,2019-06-10 17:50:29.000000000,closed,2,Travis CI: bundle install => double free or corruption (out): 0x00007f607c01e2f0
1663,2019-04-16 12:50:37.000000000,2019-12-20 23:43:28.000000000,closed,5,Proc#source_location returns something different but in MRI 
1662,2019-04-15 20:22:15.000000000,2020-03-27 01:14:27.000000000,closed,4,puma: waited 15 seconds in the SafepointManager but 1 of 12 threads did not arrive
1661,2019-04-15 17:09:47.000000000,2019-11-07 22:39:27.000000000,closed,10,rack: rake test causes uninitialized constant Rack::MockResponse (NameError)
1660,2019-04-15 14:07:25.000000000,2020-01-03 23:53:52.000000000,closed,4,English: $ERROR_INFO doesn't refer to the last error that was raised
1659,2019-04-15 13:33:52.000000000,2019-07-04 02:12:44.000000000,closed,4,dry-schema: a lot of stackoverflow errors
1658,2019-04-15 12:34:06.000000000,2019-04-15 13:36:50.000000000,closed,3,refrigerator tests are running 50x slower than in MRI
1657,2019-04-15 11:48:10.000000000,2019-05-22 12:52:50.000000000,closed,5,ROM: ROM::AttributeAlreadyDefinedError: Attribute * already defined
1656,2019-04-15 10:51:11.000000000,2019-05-28 18:18:47.000000000,closed,4,BigDecimal#hash doesn't return always the same result for given value
1655,2019-04-14 21:40:27.000000000,1970-01-01 00:00:00.000000001,open,0,[InteropUX] Ruby String vs. Array of String
1654,2019-04-14 07:12:28.000000000,2020-05-01 23:09:01.000000000,closed,2,Compilation fails with clang 5.0 on 1.0.0-rc15
1653,2019-04-12 19:20:36.000000000,2019-05-07 02:56:58.000000000,closed,10,Cannot `require 'rouge'` in RC15: Coercion error: nil.to_str => String failed
1652,2019-04-11 04:02:43.000000000,2019-05-08 16:11:55.000000000,closed,2,multi_string_replace: rb_eval_string_protect not implemented
1651,2019-04-10 03:39:54.000000000,2019-04-11 18:54:26.000000000,closed,2,Error when installing unf_ext
1650,2019-04-09 23:28:09.000000000,2019-05-22 12:51:37.000000000,closed,4,Hash#merge doesn't keep order when value of given key is changed
1649,2019-04-09 21:34:31.000000000,1970-01-01 00:00:00.000000001,open,2,Class#class_variable_get returns sometimes incorrect value
1648,2019-04-09 17:57:18.000000000,2019-04-09 21:10:21.000000000,closed,3,unf_ext fails to compile with 1.0.0-rc15
1647,2019-04-08 03:06:52.000000000,2019-06-19 15:46:15.000000000,closed,4,ArgumentError: the value is not a Hash with all keys being Symbols as kwargs requires: 12
1646,2019-04-07 00:45:02.000000000,2019-06-08 02:40:40.000000000,closed,9,Failing async specs - various issues
1645,2019-04-06 14:17:41.000000000,2019-04-08 20:44:44.000000000,closed,2,Hash#merge (with no argument) should return a new Hash
1644,2019-04-05 16:27:30.000000000,2019-04-10 16:50:07.000000000,closed,2,yield and block as method argument is not evaluted correctly
1643,2019-04-03 09:26:26.000000000,1970-01-01 00:00:00.000000001,open,7,"polyglot - require 'git' failed by ""threads not allowed in single-threaded mode"""
1642,2019-04-02 09:31:05.000000000,2019-10-22 20:20:38.000000000,closed,8,gem install rugged failed {linking shared-object rugged/rugged.su}
1641,2019-03-28 13:26:50.000000000,2019-04-02 18:53:54.000000000,closed,2,pg_query :`process_args': Unknown argument: -exported_symbols_list (RuntimeError)
1640,2019-03-25 14:53:56.000000000,2019-04-04 19:41:38.000000000,closed,3,Closing StringIO not idempotent
1639,2019-03-25 00:15:21.000000000,2019-04-02 22:38:37.000000000,closed,4,sqlite3: org.truffleruby.language.control.RaiseException: Not a handle or a pointer (ArgumentError)
1638,2019-03-24 23:05:11.000000000,2019-04-08 17:04:25.000000000,closed,2,brotli: fatal error: 'ruby.h' file not found
1637,2019-03-24 10:53:03.000000000,2019-10-22 20:11:44.000000000,closed,2,phashion: fatal error: 'cstdio' file not found
1636,2019-03-24 06:43:53.000000000,1970-01-01 00:00:00.000000001,open,2,Coverage doesn't support branches
1635,2019-03-24 03:34:27.000000000,2019-03-24 14:05:19.000000000,closed,4,bundle install: several issues on macOS
1634,2019-03-23 04:44:39.000000000,2019-12-17 03:40:39.000000000,closed,4,pg: rb_fd_init not implemented
1633,2019-03-23 03:43:26.000000000,2019-04-08 18:25:30.000000000,closed,2,Hash#fetch with incorrect key throws different error messages but MRI 
1632,2019-03-22 11:56:46.000000000,2019-05-07 03:00:43.000000000,closed,8,Segmentation fault      (core dumped) bundle install --jobs=3 --retry=3 --path=${BUNDLE_PATH:-vendor/bundle}
1631,2019-03-21 09:09:16.000000000,2019-05-28 18:39:23.000000000,closed,5,BigDecimal wouldn't throw RuntimeError when round mode is set
1630,2019-03-21 07:04:41.000000000,2019-11-11 17:28:54.000000000,closed,5,sequel: Object of type Lorg/graalvm/compiler/truffle/runtime/FrameWithoutBoxing;  should not be materialized (must not pass virtual object into an invoke that cannot be inlined)
1629,2019-03-20 20:53:01.000000000,2019-03-23 02:03:26.000000000,closed,4,Forwarding multiple arguments to method reference fails
1628,2019-03-20 18:35:19.000000000,2019-04-02 05:49:12.000000000,closed,8,Fix broken link to GraalVM documentation page
1627,2019-03-20 16:39:23.000000000,2019-05-07 03:00:00.000000000,closed,8,bundle install: `rb_exc_raise': nested asn1 error (Segmentation fault) in Travis CI
1626,2019-03-19 17:33:40.000000000,1970-01-01 00:00:00.000000001,open,3,compatability: floating point formatted differently by default
1625,2019-03-18 04:13:05.000000000,1970-01-01 00:00:00.000000001,open,9,stringex: tests are running very slow
1624,2019-03-17 17:12:57.000000000,1970-01-01 00:00:00.000000001,open,1,Unmarshaled hash with non-ascii keys is corrupted
1623,2019-03-17 04:03:00.000000000,2020-02-10 23:23:00.000000000,closed,3,eventmachine: RuntimeError: rb_fd_init not implemented
1622,2019-03-17 03:35:31.000000000,1970-01-01 00:00:00.000000001,open,0,"dalli: ArgumentError: load error, unknown type 6"
1621,2019-03-16 13:47:48.000000000,2019-03-16 15:08:12.000000000,closed,1,Jemalloc support ? 
1620,2019-03-13 00:08:44.000000000,1970-01-01 00:00:00.000000001,open,3,Puts does not call 'to_s' any longer?
1619,2019-03-12 07:04:11.000000000,2020-02-04 21:41:04.000000000,closed,2,bootsnap:  `caller_locations': Truffle doesn't have a case for the org.truffleruby.core.kernel.KernelNodesFactory$CallerLocationsNodeFactory$CallerLocationsNodeGen node with values of type Range
1618,2019-03-12 06:06:13.000000000,2019-05-08 16:14:27.000000000,closed,6,rescue/else/ensure inside blocks is not supported 
1617,2019-03-12 05:45:13.000000000,2019-04-12 21:02:55.000000000,closed,3,Class.alias_method causes private method `alias_method' called for Class (NoMethodError)
1616,2019-03-12 04:18:31.000000000,2020-08-21 21:16:59.000000000,closed,5,zeitwerk: Object#autoload on yourself is not ignored
1615,2019-03-12 00:43:42.000000000,2019-04-09 03:24:34.000000000,closed,18,Some constants are not propagated into RSpec specs
1614,2019-03-11 18:00:56.000000000,2019-03-14 05:05:42.000000000,closed,24,require 'openssl' causes NameError (uninitialized constant OpenSSL) in 1.0.0 RC14-dev
1613,2019-03-11 04:59:04.000000000,2019-04-10 02:57:07.000000000,closed,13,splatted arguments and keyword argument in block causes missing keyword error
1612,2019-03-11 03:57:16.000000000,2019-03-12 21:54:27.000000000,closed,6,String#to_d doesn't work properly in 1.0.0 RC14-dev
1611,2019-03-11 02:33:47.000000000,2019-03-13 21:14:08.000000000,closed,1,binding.irb is not enabled by default
1610,2019-03-10 23:06:43.000000000,2019-06-06 20:42:22.000000000,closed,5,"Enumerable#filter, Enumerator::Lazy#filter are not aliases"
1609,2019-03-10 22:58:32.000000000,2019-03-12 21:52:32.000000000,closed,1,pp is not enabled by default
1608,2019-03-10 20:32:26.000000000,2019-05-22 12:50:35.000000000,closed,8,String deduplication is not supported
1607,2019-03-10 20:00:40.000000000,2019-03-18 23:16:22.000000000,closed,14,pg: SIGSEGV while running specs
1606,2019-03-10 19:39:20.000000000,2020-01-21 19:17:57.000000000,closed,4,Endless ranges are not supported
1605,2019-03-10 15:43:20.000000000,2020-03-25 14:24:15.000000000,closed,8,trenni: invalid operands to binary expression ('VALUE' (aka 'void *') and 'int')
1604,2019-03-10 14:48:18.000000000,1970-01-01 00:00:00.000000001,open,0,TruffleRuby image on Circle CI
1603,2019-03-10 09:24:15.000000000,1970-01-01 00:00:00.000000001,open,1,Referencing jar class in Ruby
1602,2019-03-09 10:31:01.000000000,2019-03-09 16:14:30.000000000,closed,5,Error running Ruby polyglot in native mode
1601,2019-03-09 06:37:42.000000000,2019-05-27 18:38:28.000000000,closed,6,gem install rarely causes makeSharedShape() can only be called on non-shared shapes. (UnsupportedOperationException)
1600,2019-03-09 06:34:59.000000000,2019-09-08 12:58:49.000000000,closed,4,hamlit: statement requires expression of integer type ('VALUE' (aka 'void *') invalid
1599,2019-03-06 16:12:17.000000000,2020-02-14 20:00:42.000000000,closed,4,TypeError: superclass mismatch for class Psych::Parser::Mark
1598,2019-03-06 11:22:22.000000000,2019-03-07 22:45:16.000000000,closed,3,BigDecimal on the left while coercing doesn't have cases for multiplication and division
1597,2019-03-06 03:01:40.000000000,2019-03-07 22:54:55.000000000,closed,4,Eventmachine failing to install due to missing iostream header
1596,2019-03-03 20:05:46.000000000,1970-01-01 00:00:00.000000001,open,3,base64 benchmark is noticeably slow as compare to JRuby 
1595,2019-02-26 04:24:51.000000000,1970-01-01 00:00:00.000000001,open,7,Calling method with splat arguments is slower than MRI
1594,2019-02-25 07:36:15.000000000,2019-03-18 18:36:11.000000000,closed,9,Implementation of Process.clock_getres and thoughts on clock_ids.
1593,2019-02-23 18:52:18.000000000,2019-03-08 20:27:47.000000000,closed,4,net-scp: Net::SCP is not a class (TypeError)
1592,2019-02-23 18:15:45.000000000,2020-03-17 17:10:25.000000000,closed,10,agoo:  use of undeclared identifier 'SO_REUSEPORT'
1591,2019-02-23 18:10:29.000000000,2020-04-20 15:05:00.000000000,closed,10,ox: error: use of undeclared identifier 'rb_encoding'
1590,2019-02-23 17:44:30.000000000,2019-03-22 18:38:11.000000000,closed,8,English: Method $RS is already a global not implemented
1589,2019-02-23 15:54:02.000000000,1970-01-01 00:00:00.000000001,open,1,pty is missing in the standard library
1588,2019-02-23 06:36:07.000000000,1970-01-01 00:00:00.000000001,open,10,bcrypt_pbkdf: External function @SHA512Init cannot be found. (LLVMLinkerException)
1587,2019-02-23 05:53:51.000000000,2020-02-09 19:55:18.000000000,closed,3,OpenSSL::Digest.digest doesn't support two arguments
1586,2019-02-21 23:51:58.000000000,2019-03-08 20:56:42.000000000,closed,2,Pushing a gem crashes
1585,2019-02-17 17:00:13.000000000,2020-07-17 18:45:26.000000000,closed,14,ripper is missing in the standard library
1584,2019-02-17 03:59:29.000000000,1970-01-01 00:00:00.000000001,open,2,Sidekiq is slow on TruffleRuby
1583,2019-02-15 03:00:45.000000000,2019-04-12 18:17:36.000000000,closed,12,Install script assumes Homebrew installed to /usr/local
1582,2019-02-13 22:48:51.000000000,1970-01-01 00:00:00.000000001,open,4,Wrong unboxing?
1581,2019-02-12 18:24:18.000000000,2019-02-13 01:17:38.000000000,closed,4,Integer Division returns Foreign object
1580,2019-02-09 09:17:43.000000000,2019-02-20 22:34:06.000000000,closed,5,A method is called but never triggered
1579,2019-02-08 17:13:31.000000000,1970-01-01 00:00:00.000000001,open,3,listen gem test failures
1578,2019-02-08 16:08:48.000000000,2019-02-09 01:12:52.000000000,closed,3,bundle install is sometime terminated by signal SIGSEGV (Address boundary error)
1577,2019-02-07 23:14:44.000000000,2019-02-20 22:35:52.000000000,closed,2,Bug when using $stdout
1576,2019-02-07 15:17:32.000000000,2020-02-01 16:41:24.000000000,closed,8,rvm install truffleruby is rather slow
1575,2019-02-07 03:20:34.000000000,2019-02-15 15:31:06.000000000,closed,4,bson: rb_sym_to_s not implemented
1574,2019-02-07 03:10:20.000000000,2019-02-15 15:30:24.000000000,closed,1,bson: RuntimeError: unknown type 12
1573,2019-02-07 02:44:26.000000000,2019-02-15 15:29:48.000000000,closed,1,bson: External function @rb_num2ull cannot be found.
1572,2019-02-07 01:55:22.000000000,2019-02-07 16:31:18.000000000,closed,8,Fiddle support?
1571,2019-02-07 01:29:24.000000000,2019-04-15 12:19:43.000000000,closed,3,"keyword splats cause sometime SyntaxError: syntax error, unexpected '['"
1570,2019-02-06 06:05:20.000000000,1970-01-01 00:00:00.000000001,open,5,JSON.parse parses an invalid JSON like a valid one
1569,2019-02-06 04:32:01.000000000,2019-02-08 22:59:05.000000000,closed,5,prawn: too many loop explosion iterations - does the explosion not terminate for method SubstrateMethod<..>
1568,2019-02-06 00:03:11.000000000,2019-02-21 18:39:17.000000000,closed,13,protected method and respond_to? would return false
1567,2019-02-05 23:28:53.000000000,2019-02-05 23:37:59.000000000,closed,1,"bundle exec, require and rescue causes LoadError"
1566,2019-02-04 23:59:46.000000000,2019-11-22 17:24:55.000000000,closed,31,oj: pthread_mutex_init is unsupported!
1565,2019-02-04 19:26:27.000000000,2019-08-07 13:46:46.000000000,closed,3,"ArrayIndexOutOfBoundsException while running ""bundle install"""
1564,2019-02-03 05:31:55.000000000,2020-06-02 19:43:29.000000000,closed,6,Significant indentation in single-quoted squiggly heredoc string is not preserved
1563,2019-02-03 05:13:43.000000000,2019-02-06 00:02:44.000000000,closed,4,Single-quoted heredoc string is mislabeled with ASCII-8BIT encoding
1562,2019-02-01 18:05:17.000000000,2019-02-01 19:01:48.000000000,closed,1,RbConfig::CONFIG['rubylibdir'] and RbConfig::CONFIG['archdir'] point to not existing directories
1561,2019-01-31 21:14:40.000000000,1970-01-01 00:00:00.000000001,open,2,TruffleRuby sets `ruby_cext` in polyglot bindings
1560,2019-01-30 19:29:06.000000000,2019-02-14 20:58:59.000000000,closed,6,Exception#cause behaves differently under MRI
1559,2019-01-30 10:11:12.000000000,2019-02-21 02:01:09.000000000,closed,16,Redefine Gem::RequestSet::GemDependencyAPI instead of modifying it
1558,2019-01-30 06:58:13.000000000,2019-02-21 02:18:22.000000000,closed,3,Incompatibility with Rubygems starting from 3.0.0.beta2
1557,2019-01-30 03:43:30.000000000,2019-01-30 17:00:33.000000000,closed,2,Different behavior of lazy.reject.first
1556,2019-01-29 04:30:39.000000000,2020-02-18 15:41:37.000000000,closed,2,Thread#backtrace_locations is not supported
1555,2019-01-29 00:50:25.000000000,2019-12-19 23:29:54.000000000,closed,1,numeric type error using gem 'roots'
1554,2019-01-28 14:53:31.000000000,2019-04-16 21:39:35.000000000,closed,6,StringScanner#scan_until with regex doesn't work properly
1553,2019-01-28 04:27:37.000000000,2019-01-28 20:30:00.000000000,closed,8,require 'mathn' causes LoadError: cannot load such file -- mathn/rational
1551,2019-01-27 05:31:12.000000000,1970-01-01 00:00:00.000000001,open,11,mechanize: loading takes a while
1550,2019-01-26 11:39:53.000000000,1970-01-01 00:00:00.000000001,open,1,Inconsistent behaviour on TCPSocket#recvfrom
1549,2019-01-24 02:42:11.000000000,2019-01-24 03:48:41.000000000,closed,2,"http.rb: RuntimeError: Cannot convert a primitive value (type: class java.lang.Boolean, value: false) to an LLVMNativePointer)"
1548,2019-01-23 03:59:26.000000000,2019-02-12 05:34:44.000000000,closed,6,shared variable and threads
1547,2019-01-23 03:15:40.000000000,2019-01-23 21:25:50.000000000,closed,1,oga: requiring causes RuntimeError: Cannot convert LLVMTypedForeignObject+0x0 to LLVMNativePointer
1546,2019-01-23 02:03:18.000000000,2019-10-22 20:29:30.000000000,closed,3,hiredis fails to compile
1545,2019-01-22 20:25:35.000000000,2019-01-23 23:45:28.000000000,closed,4,"`String.encode(Encoding, :xml => :text)` double encodes ampersand"
1544,2019-01-22 20:16:00.000000000,2019-04-16 21:40:26.000000000,closed,11,StringScanner::scan behaviour differs wrt MRI
1543,2019-01-22 11:56:55.000000000,2019-01-23 05:35:29.000000000,closed,6,String#lines leaves behind spurious newline if string contains text with multibyte characters
1542,2019-01-22 10:20:41.000000000,2019-01-23 22:18:38.000000000,closed,11,Cannot create nested exception
1541,2019-01-21 22:46:11.000000000,2020-03-20 21:32:15.000000000,closed,5,eventmachine: Installation fails on two issues
1540,2019-01-18 21:48:10.000000000,2020-06-23 20:22:02.000000000,closed,1,attr_accessor inside a refinement
1539,2019-01-09 07:42:17.000000000,2019-01-11 21:20:32.000000000,closed,3,grammar
1538,2018-06-19 20:04:23.000000000,2020-06-18 13:48:58.000000000,closed,3,Multithread support in polyglot with Ruby and R
1537,2018-07-06 15:30:51.000000000,2019-10-23 15:13:01.000000000,closed,7,Wrong usage of dlopen prevents graalvm to start properly
1536,2018-07-27 17:37:19.000000000,1970-01-01 00:00:00.000000001,open,4,PolyglotException: truffleposix_stat_mode is not available
1535,2018-07-31 18:33:19.000000000,2019-01-15 22:39:22.000000000,closed,18,Truffle error message
1534,2019-01-07 19:36:32.000000000,1970-01-01 00:00:00.000000001,open,2,Wrong object returned from Polyglot.eval?
1533,2018-12-22 05:00:02.000000000,2019-03-06 16:22:41.000000000,closed,13,Coerce right hand operand if a BigDecimal is the left hand operator
1532,2018-12-20 21:56:34.000000000,2020-01-04 03:38:46.000000000,closed,5,ruby -n option is not implemented
1531,2018-12-20 21:35:01.000000000,2019-01-31 02:29:56.000000000,closed,2,Object.instance_method(:class).source_location returns something different than MRI
1530,2018-12-19 01:29:17.000000000,2018-12-20 03:58:52.000000000,closed,3,Marshal.load returns escaped non-ascii characters in symbols 
1529,2018-12-16 20:04:41.000000000,2019-04-19 02:43:30.000000000,closed,11,extend FFI::Library doesn't extend some methods into module
1528,2018-12-14 01:56:32.000000000,2018-12-15 19:07:56.000000000,closed,3,"rb_tr_error causes `internal_raise': wrong number of arguments (given 3, expected 4) (ArgumentError)"
1527,2018-12-13 02:08:55.000000000,1970-01-01 00:00:00.000000001,open,16,Make sure nio4r is working
1526,2018-12-11 20:15:23.000000000,2019-03-18 17:25:15.000000000,closed,4,Running Puma tests are aborted without any reason
1525,2018-12-10 01:47:52.000000000,1970-01-01 00:00:00.000000001,open,2,TruffleRuby's support for Childprocess gem
1524,2018-12-09 23:05:46.000000000,2019-04-19 02:45:41.000000000,closed,4,ethon: NoMethodError: undefined method `enum' for Ethon::Curl:Module
1523,2018-12-09 19:03:19.000000000,2019-01-24 04:12:46.000000000,closed,7,prawn: failed to allocate memory (NoMemoryError)
1522,2018-12-09 15:14:04.000000000,1970-01-01 00:00:00.000000001,open,2,ArgumentError message differs on multiple unknown keywords args
1521,2018-12-08 14:23:05.000000000,2019-01-25 08:35:52.000000000,closed,2,BigDecimal#to_r is not supported
1520,2018-12-08 06:50:40.000000000,2019-02-02 06:22:32.000000000,closed,1,1.step.first(5) causes ArgumentError: comparison of Integer with NilClass failed
1519,2018-12-08 06:28:31.000000000,2019-12-16 17:51:30.000000000,closed,3,String#concat and Array#concat don't support multiple arguments
1518,2018-12-08 06:17:59.000000000,2020-02-18 15:42:03.000000000,closed,2,Enumerable#chunk without passing a block is supported since Ruby 2.4
1517,2018-12-08 06:11:38.000000000,2019-12-16 16:12:46.000000000,closed,2,Comparable#clamp is not supported
1516,2018-12-08 06:03:10.000000000,2019-01-28 17:47:26.000000000,closed,4,Enumerable::Lazy#uniq is hanging up
1515,2018-12-08 05:49:53.000000000,1970-01-01 00:00:00.000000001,open,2,DateTime#to_time and Time#to_time don't preserve timezones
1514,2018-12-08 05:33:10.000000000,2019-04-08 19:16:02.000000000,closed,1,Rational#round(half:) is not supported
1513,2018-12-08 04:14:07.000000000,2020-03-10 17:21:32.000000000,closed,2,Multiple assignment in conditionals triggers SyntaxError
1512,2018-12-08 04:07:27.000000000,2018-12-11 18:53:06.000000000,closed,2,MatchData#named_captures: NoMethodError: undefined method `named_captures'
1511,2018-12-08 04:04:00.000000000,1970-01-01 00:00:00.000000001,open,1,Kernel#sprintf('%.2f') is not accurate like Ruby 2.4+
1510,2018-12-08 03:55:31.000000000,2019-04-08 19:16:00.000000000,closed,1,Float#round(half:) is not supported
1509,2018-12-08 03:29:02.000000000,2019-04-10 02:56:49.000000000,closed,11,"Numeric#round(n, mode) - round modes are not supported"
1508,2018-12-08 02:39:10.000000000,2019-02-04 23:23:08.000000000,closed,3,BSON::ByteBuffer#put_hash causes Cannot convert LLVMTypedForeignObject+0x0 to LLVMNativePointer
1507,2018-12-06 01:21:25.000000000,2019-03-07 22:45:48.000000000,closed,8,BigDecimal: #coerce method is not called when BigDecimal is left hand operand
1506,2018-12-05 22:33:58.000000000,1970-01-01 00:00:00.000000001,open,1,Range with excluding and float while calling rand causes TypeError: cannot exclude non Integer end value
1505,2018-12-05 22:26:10.000000000,2018-12-05 23:13:26.000000000,closed,3,TrufflyRuby uses a lot of memory and high cpu usage while running Rubocop specs
1504,2018-12-05 21:02:17.000000000,2018-12-08 01:26:36.000000000,closed,2,Doesn't have a case for BeginNodeFactory$BeginNodeGen with MatchData Symbol
1503,2018-12-05 06:58:10.000000000,2019-02-23 01:18:10.000000000,closed,5,ArgumentError on range iteration
1502,2018-12-03 21:20:04.000000000,2020-05-10 14:53:45.000000000,closed,9,Doesn't have a case for RbStrResizeNodeGen with LLVMPointerImpl Integer=0
1501,2018-12-03 02:56:47.000000000,1970-01-01 00:00:00.000000001,open,1,#require should return false if any $LOADED_FEATURES + any $LOAD_PATH already matches the target
1500,2018-12-03 02:46:45.000000000,2020-03-18 00:35:45.000000000,closed,2,"#require should prioritize any .rb over any native extension, no matter LOAD_PATH order"
1499,2018-12-03 02:20:59.000000000,2020-04-01 02:07:59.000000000,closed,3,#require should ignore files which are not .rb or native extensions
1498,2018-12-03 02:15:12.000000000,1970-01-01 00:00:00.000000001,open,0,#load should prioritize $LOAD_PATH before the `pwd`
1497,2018-12-01 20:12:05.000000000,1970-01-01 00:00:00.000000001,open,1,TracePoint.trace is not supported
1496,2018-12-01 07:45:40.000000000,1970-01-01 00:00:00.000000001,open,2,def ! causes a weird exception `binmode?': private method `!' called for TrueClass (NoMethodError)
1495,2018-12-01 07:31:27.000000000,2020-04-06 19:49:23.000000000,closed,3,String literal difference between MRI and TruffleRuby
1494,2018-12-01 06:06:21.000000000,2019-04-03 19:15:07.000000000,closed,2,Raise a LocalJumpError if a proc tries to return
1493,2018-12-01 04:51:52.000000000,1970-01-01 00:00:00.000000001,open,2,Gem `parser` can end up using lots of ram
1492,2018-11-30 10:08:09.000000000,2019-08-26 14:08:28.000000000,closed,7,Support :chdir in #spawn
1491,2018-11-30 03:13:12.000000000,2019-10-14 11:40:35.000000000,closed,6,Truffle::Interop.respond_to? unusual behavior
1490,2018-11-30 02:32:27.000000000,2019-03-08 21:01:37.000000000,closed,11,Segfault while running `bundle install` on Travis
1489,2018-11-30 02:06:15.000000000,1970-01-01 00:00:00.000000001,open,1,Wrong control flow order with Constant lookup and ||=
1488,2018-11-30 01:48:01.000000000,1970-01-01 00:00:00.000000001,open,10,Weird error instead of LocalJumpError
1487,2018-11-30 01:14:12.000000000,2019-02-05 05:32:30.000000000,closed,2,#raise without argument shouldn't have a message
1486,2018-11-28 23:49:36.000000000,2018-11-29 02:15:33.000000000,closed,2,Pressing arrow as first key in `irb` crashes it
1485,2018-11-28 22:08:01.000000000,2019-01-22 02:31:19.000000000,closed,2,Update doc for Travis
1484,2018-11-28 18:19:12.000000000,1970-01-01 00:00:00.000000001,open,7,"to_enum(:scan, ...) does not set Regexp.last_match"
1483,2018-11-26 03:18:58.000000000,2020-02-20 00:20:59.000000000,closed,23,Nightly builds of TruffleRuby
1482,2018-11-24 20:31:36.000000000,1970-01-01 00:00:00.000000001,open,5,Implement non-â line numbers
1481,2018-11-24 20:16:13.000000000,2018-11-26 14:55:02.000000000,closed,3,tilt: [ruby] WARNING: negative line number utf8.erb:-8 not supported in #class/module_eval - will be reported as starting at 1
1480,2018-11-23 14:49:28.000000000,2019-02-02 01:56:48.000000000,closed,5,"Process CLOCK_MONOTONIC_RAW_APPROX, CLOCK_UPTIME_RAW, and CLOCK_UPTIME_RAW_APPROX constants are not supported"
1479,2018-11-22 23:05:07.000000000,1970-01-01 00:00:00.000000001,open,4,Update RubyGems fails
1478,2018-11-22 19:08:25.000000000,2019-03-04 19:43:38.000000000,closed,6,"Randomly getting ""Exception in thread ""NonBlockingInputStreamThread"""" in Ruby shells"
1477,2018-11-21 19:28:05.000000000,1970-01-01 00:00:00.000000001,open,0,Cannot push a gem
1476,2018-11-21 01:24:32.000000000,2018-11-23 22:46:40.000000000,closed,3,Thread.report_on_exception= is not supported
1475,2018-11-21 00:37:58.000000000,2019-02-05 17:36:50.000000000,closed,8,dalli:  Cannot convert LLVMTypedForeignObject+0x0 to LLVMNativePointer (IllegalStateException)
1474,2018-11-20 22:28:39.000000000,2018-12-04 06:15:27.000000000,closed,4,Process#kill: Unknown signal: EXIT (ArgumentError)
1473,2018-11-20 21:50:11.000000000,2018-12-07 01:08:54.000000000,closed,3,StringIO#set_encoding: can't modify frozen String (RuntimeError) while frozen_string_literal: true
1472,2018-11-20 19:05:19.000000000,2018-11-20 19:16:43.000000000,closed,0,JavaScript renamed Interop to Polyglot
1471,2018-11-20 01:05:58.000000000,1970-01-01 00:00:00.000000001,open,1,Marshal.dump ignores instance variables of exceptions
1470,2018-11-18 15:47:25.000000000,2018-11-20 17:29:20.000000000,closed,5,Warning module (core) is missing
1469,2018-11-14 03:37:28.000000000,2019-03-08 20:58:40.000000000,closed,12,dry-types: some arguments disappear from keyword arguments
1468,2018-11-14 01:08:41.000000000,2018-11-15 23:52:36.000000000,closed,3,"Process.clock_gettime(Process::CLOCK_MONOTONIC, :millisecond) is not supported"
1467,2018-11-13 06:08:39.000000000,2018-11-14 20:03:16.000000000,closed,7,ArgumentError exception returns a different default message than MRI but like JRuby
1466,2018-11-12 19:18:02.000000000,1970-01-01 00:00:00.000000001,open,1,Installation of pry-debugger crashes
1465,2018-11-12 17:02:01.000000000,2018-11-13 23:54:21.000000000,closed,8,Additional fixes for write_nonblock and connect_nonblock.
1464,2018-11-09 19:43:46.000000000,2020-07-20 12:02:17.000000000,closed,6,Getting java integer as return from Polyglot eval
1463,2018-11-08 03:32:31.000000000,2018-11-14 00:20:29.000000000,closed,4,dry-system: Pathname is not loaded but under MRI yes in their specs
1462,2018-11-08 03:18:30.000000000,2019-01-25 20:59:38.000000000,closed,9,dry-initializer: `to_s': wrong number of arguments (1 for 0)
1461,2018-11-07 06:38:20.000000000,2018-11-13 23:57:30.000000000,closed,5,Socket#connect_nonblock working?
1460,2018-11-07 06:26:04.000000000,2019-06-13 18:35:12.000000000,closed,6,Socket#setsockopt broken with nil or false value.
1459,2018-11-07 05:52:38.000000000,2018-11-16 23:11:40.000000000,closed,5,Re-raise exception is missing backtrace
1458,2018-11-07 05:20:18.000000000,2018-11-12 16:56:11.000000000,closed,13,Fixes https://github.com/oracle/truffleruby/issues/1457
1457,2018-11-07 04:53:50.000000000,2018-11-12 16:49:39.000000000,closed,1,write_nonblock doesn't support exception: false
1456,2018-11-07 03:44:17.000000000,2019-06-13 20:15:24.000000000,closed,1,ObjectSpace.trace_object_allocations appears to cause infinite recursion
1455,2018-11-07 02:34:21.000000000,2018-12-11 04:23:38.000000000,closed,41,falcon: Cannot convert LLVMTypedForeignObject+0x0 to LLVMNativePointer
1454,2018-11-07 00:42:53.000000000,2018-11-15 04:45:48.000000000,closed,9,Object#clone(freeze: boolean) is not supported (available since 2.4 in MRI)
1453,2018-11-06 23:52:05.000000000,2019-11-26 15:03:32.000000000,closed,3,mini_racer: `process_args': Unknown argument: -stdlib=libc++
1452,2018-11-06 21:53:52.000000000,2019-07-18 14:09:11.000000000,closed,3,falcon: Message not supported: TO_NATIVE (UnsupportedMessageException)
1451,2018-11-06 03:07:06.000000000,2019-04-25 17:15:36.000000000,closed,2,sassc: `Native': undefined method `enum' for SassC::Native:Module
1450,2018-11-06 01:09:46.000000000,2020-03-30 23:45:54.000000000,closed,10,byebug: `rb_tr_error': rb_tracepoint_new not implemented
1449,2018-11-05 23:07:07.000000000,1970-01-01 00:00:00.000000001,open,15,Official Docker images of Truffleruby
1448,2018-11-04 22:35:29.000000000,1970-01-01 00:00:00.000000001,open,1,SafepointManager: threads did not arrive
1447,2018-11-04 22:09:20.000000000,1970-01-01 00:00:00.000000001,open,2,Thread.new should inherit the interrupt mask of the calling thread
1446,2018-11-04 22:01:17.000000000,1970-01-01 00:00:00.000000001,open,3,Thread.pending_interrupt? is missing
1445,2018-11-04 16:36:16.000000000,2018-11-07 08:09:42.000000000,closed,6,Threads appears to be unstable
1444,2018-11-04 14:29:52.000000000,2018-11-04 14:46:45.000000000,closed,0,Queue close methods
1443,2018-11-04 12:55:55.000000000,2018-11-05 07:41:22.000000000,closed,1,Top-level constants appear in class scope
1442,2018-11-04 01:43:45.000000000,2018-11-07 22:01:13.000000000,closed,3,Truffleruby claims to be Ruby-2.4.4 compatible but misses Queue#close
1441,2018-11-01 22:12:41.000000000,2019-02-04 23:13:02.000000000,closed,2,redcarpet: Message not supported: TO_NATIVE (UnsupportedMessageException)
1440,2018-10-29 22:28:34.000000000,2018-11-24 03:41:53.000000000,closed,8,sequel_pg: error: no member named 'flags' in 'struct RBasic'
1439,2018-10-29 19:14:58.000000000,2018-11-06 00:45:59.000000000,closed,4,mechanize: cannot load such file -- kconv (LoadError)
1438,2018-10-28 16:58:57.000000000,2018-10-29 19:46:51.000000000,closed,5,dry-rb: uninitialized constant Concurrent::Array (NameError)
1437,2018-10-28 07:30:34.000000000,2019-02-05 00:09:19.000000000,closed,17,oj: error: use of undeclared identifier 'rb_eEncodingError'
1436,2018-10-17 07:19:01.000000000,2018-12-12 15:52:25.000000000,closed,23,Error installing hitimes v 1.3.0 under 1.0.0-rc7
1435,2018-10-15 21:50:14.000000000,2019-10-23 14:24:36.000000000,closed,8,mysql2 prepared statements
1434,2018-10-01 19:18:57.000000000,1970-01-01 00:00:00.000000001,open,0,Calling Ruby from R
1433,2018-09-30 01:28:55.000000000,2019-10-19 15:41:54.000000000,closed,12,"""RegexpError: invalid multibyte escape"" error on ""rake generate_secret_token"" and ""rake db:migrate"" Rails commands"
1432,2018-09-30 01:23:06.000000000,2018-10-12 12:18:49.000000000,closed,2,"railties 4.2.10 gem opt fail: UnboundMethod#bind (builtin), rb_data_typed_object_wrap, @polyglot_invoke, INVOKERootNode"
1431,2018-09-30 01:10:10.000000000,2018-10-12 12:18:10.000000000,closed,2,jquery-rails 3.1.5 gem opt fail: @polyglot_invoke
1430,2018-09-30 01:06:24.000000000,2018-10-12 12:17:14.000000000,closed,2,"childprocess 0.9.0 gem opt fail: UnboundMethod#bind, rb_data_typed_object_wrap"
1429,2018-09-24 15:32:39.000000000,2020-05-01 21:32:14.000000000,closed,3,Innocent method block passed to proc
1428,2018-09-20 23:14:06.000000000,2018-09-21 04:54:57.000000000,closed,4,TruffleRuby-specific modifications of the MonitorMixin cause unexpected behavior
1427,2018-09-13 02:54:46.000000000,2019-10-22 20:43:39.000000000,closed,7,Cannot compile native extension for gem hamlit
1426,2018-09-13 00:51:50.000000000,2018-09-28 19:12:44.000000000,closed,4,Fixed GraalVM repository URL
1425,2018-09-11 22:12:05.000000000,2018-09-19 21:41:00.000000000,closed,2,Publicly sending #lambda to Kernel doesn't result in a lambda
1424,2018-09-11 19:18:07.000000000,1970-01-01 00:00:00.000000001,open,9,ML Opportunity
1423,2018-09-07 15:54:56.000000000,2018-09-28 19:13:00.000000000,closed,2,Fix link to graalvm repository
1422,2018-09-06 01:35:52.000000000,2018-09-06 01:56:24.000000000,closed,5,[truffle] opt fail         Truffle::CExt#rb_data_typed_object_wrap (1.0.0-rc6)
1421,2018-09-05 20:43:33.000000000,2019-02-14 22:51:55.000000000,closed,4,Error installing pg v 1.1.2 under 1.0.0-rc6
1420,2018-09-05 20:05:41.000000000,2018-09-06 00:07:16.000000000,closed,6,"Show how to display ""TruffleRuby"" instead of ""system"" on TravisCI"
1419,2018-09-05 01:40:48.000000000,1970-01-01 00:00:00.000000001,open,1,How to set Gem paths when using the Context API?
1418,2018-09-05 01:31:56.000000000,2018-09-05 18:54:54.000000000,closed,5,Update instructions for ruby-install 0.7.0 release
1417,2018-09-04 16:05:48.000000000,2019-10-22 18:12:20.000000000,closed,28,Build failure 1.0.0-rc6 with macOS Mojave
1416,2018-09-04 08:03:02.000000000,2019-08-19 14:29:00.000000000,closed,4,Geom2D testsuite fails because of compatibility with only Ruby 2.4
1415,2018-08-30 09:15:32.000000000,1970-01-01 00:00:00.000000001,open,9,Molinillo test suite order of magnitude slower than MRI
1414,2018-08-30 09:12:10.000000000,2020-07-09 17:56:06.000000000,closed,12,Exception backtrace has user source as location for stdlib methods
1413,2018-08-28 10:20:07.000000000,2018-09-09 17:49:52.000000000,closed,7,Unable to run bundler master on truffle ruby
1412,2018-08-21 17:46:02.000000000,2018-08-22 13:54:22.000000000,closed,4,Remove redundant transferToInterpreterAI
1411,2018-08-13 18:33:10.000000000,2018-08-18 23:58:45.000000000,closed,6,'SYSTEM_DEFAULT' is valid argument for Signal.trap
1410,2018-08-11 22:02:05.000000000,2019-04-09 17:09:06.000000000,closed,12,"[!] There was an error parsing `Gemfile`: cannot instance_eval() a String with binary encoding, with no magic encoding comment and containing a non-US-ASCII character: \xC3. Bundler cannot continue."
1409,2018-08-09 08:31:50.000000000,2020-05-01 23:24:53.000000000,closed,7,therubyracer fails to build native extensions
1408,2018-08-08 19:41:25.000000000,2019-08-19 14:34:36.000000000,closed,4,JRuby-compatible Java interop problems with wrapping Java return values
1407,2018-08-08 04:05:48.000000000,1970-01-01 00:00:00.000000001,open,7,'Hello World' Rack app is slow on TruffleRuby
1406,2018-08-07 13:38:07.000000000,1970-01-01 00:00:00.000000001,open,8,Sinatra Hello World is slow on TruffleRuby
1405,2018-08-06 01:31:52.000000000,2018-08-08 16:37:36.000000000,closed,7,Error running './lib/truffle/post_install_hook.sh'
1404,2018-08-05 06:52:40.000000000,2019-01-15 19:33:20.000000000,closed,4,Stack level exhaustion causes segmentation fault instead of SystemStackError
1403,2018-08-04 21:27:44.000000000,2018-08-20 14:25:04.000000000,closed,7,etc getpwuid not supported
1402,2018-08-04 20:15:29.000000000,2018-08-04 22:43:33.000000000,closed,3,"loading in progress, circular require considered harmful "
1401,2018-07-27 13:03:50.000000000,1970-01-01 00:00:00.000000001,open,1,Performance report: running the Opal compiler on Truffle vs. CRuby 2.6.pre2
1400,2018-07-26 18:01:37.000000000,1970-01-01 00:00:00.000000001,open,34,C extensions not yet supported by TruffleRuby
1399,2018-07-25 19:12:57.000000000,2018-07-26 18:02:28.000000000,closed,1,List of unsupported gems with C exstensions
1398,2018-07-24 23:03:40.000000000,1970-01-01 00:00:00.000000001,open,50,Bundler is slow on TruffleRuby
1397,2018-07-24 15:16:34.000000000,2018-07-25 01:46:54.000000000,closed,4,force_encoding locale and filesystem encodings throw NullPointerException
1396,2018-07-24 13:41:03.000000000,2018-07-25 01:24:08.000000000,closed,19,RUBY_ENGINE value truffleruby is not recognized
1395,2018-07-22 02:21:05.000000000,2018-07-27 22:30:50.000000000,closed,5,SecureRandom is slow
1394,2018-07-21 18:45:21.000000000,2018-08-25 19:55:58.000000000,closed,8,Support ActiveSupport gem.
1393,2018-07-20 01:15:27.000000000,2018-07-23 18:48:13.000000000,closed,13,Correct PATH to truffle Ruby
1392,2018-07-15 18:28:56.000000000,2018-07-20 00:42:32.000000000,closed,7,Recursive factorial is faster in MRI and JRuby
1391,2018-07-15 01:03:24.000000000,1970-01-01 00:00:00.000000001,open,12,Compatibility problems with MRI when running HexaPDF testsuite
1390,2018-07-12 19:50:00.000000000,1970-01-01 00:00:00.000000001,open,5,Add Digest framework support
1389,2018-07-12 15:21:24.000000000,1970-01-01 00:00:00.000000001,open,4,TruffleRuby doesnt use a FHS directory structure
1388,2018-07-12 02:19:15.000000000,2018-08-18 23:47:33.000000000,closed,7,gem install mysql2 fails
1387,2018-07-11 13:08:46.000000000,2018-07-26 18:23:29.000000000,closed,3,gem install rails fail {nokogiri.su failed}
1386,2018-07-09 23:23:10.000000000,2018-08-06 12:30:13.000000000,closed,27,RVM installation with Macports
1385,2018-07-09 15:16:55.000000000,2020-04-22 16:02:26.000000000,closed,1,Implement ObjectSpace::WeakMap
1384,2018-07-06 01:16:00.000000000,2018-07-06 01:42:08.000000000,closed,1,Different behaviour between Interop code and R code
1383,2018-07-05 22:22:53.000000000,2018-07-16 20:30:02.000000000,closed,14,cannot load such file -- bundler/dep_proxy
1382,2018-07-05 22:00:54.000000000,2018-07-10 20:06:05.000000000,closed,9,"minitest raises ""Unknown signal: INFO"""
1381,2018-07-05 18:24:15.000000000,2019-01-21 21:02:01.000000000,closed,4,sqlite3 gem doing queries eventually errors with SQLite3::CantOpenException
1380,2018-06-29 18:24:06.000000000,2018-06-30 14:04:01.000000000,closed,9,Couchbase gem fails to load with call to rb_const_set
1379,2018-06-28 22:15:24.000000000,2018-06-29 03:00:59.000000000,closed,2,Unicorn doesn't compile
1378,2018-06-23 20:45:28.000000000,2018-07-04 23:39:39.000000000,closed,3,Enumerable#sort_by implementation does not match MRI's implementation
1377,2018-06-23 18:24:49.000000000,2018-07-04 00:55:23.000000000,closed,6,Minitest + turn gem broken on TruffleRuby
1376,2018-06-23 01:21:35.000000000,2018-07-03 18:24:20.000000000,closed,13,"Error when using special characters in Gemfile: ""incompatible character encodings: UTF-8 and ASCII-8BIT (Encoding::CompatibilityError)"""
1375,2018-06-19 05:33:10.000000000,2018-07-12 15:31:32.000000000,closed,23,Not running Sinatra apps
1374,2018-06-18 22:40:55.000000000,2019-02-04 19:32:12.000000000,closed,8,"ArrayIndexOutOfBoundsException while running ""rake test"""
1373,2018-06-05 19:50:04.000000000,2019-01-11 17:48:15.000000000,closed,8,gu install org.graalvm.ruby Fails
1372,2018-05-15 16:01:07.000000000,2018-05-15 23:59:49.000000000,closed,1,NullPointerException at RaiseException.getLocation(RaiseException.java:64)
1371,2018-05-09 22:01:53.000000000,2018-05-10 01:45:36.000000000,closed,4,DivMod Optimization
1370,2018-05-06 15:54:40.000000000,2018-05-07 14:55:27.000000000,closed,1,Fix relative links in installation docs
1369,2018-04-28 14:13:02.000000000,2020-05-01 23:16:37.000000000,closed,7,Get an Eclipse SWT example working
1368,2018-04-28 00:35:29.000000000,2018-05-03 02:42:56.000000000,closed,1,Remove the old constant replacement system.
1367,2018-04-27 22:56:45.000000000,2018-05-03 02:43:09.000000000,closed,0,Add readline IO operations
1366,2018-04-27 20:37:26.000000000,2018-05-03 12:52:57.000000000,closed,5,"General C extension fixes, mostly around String and super"
1365,2018-04-27 19:25:56.000000000,2018-04-27 22:09:49.000000000,closed,0,Use safer syntax for obscure global variable names
1364,2018-04-27 13:34:34.000000000,2018-04-27 21:03:33.000000000,closed,0,Expand load paths given with -I path
1363,2018-04-27 04:46:03.000000000,2018-04-27 17:29:04.000000000,closed,1,Add patches to make the 'launchy' gem work.
1362,2018-04-27 00:49:59.000000000,2018-05-03 02:43:32.000000000,closed,0,Allow gems to be patched from local source checkouts.
1361,2018-04-26 20:23:30.000000000,2018-05-03 11:28:05.000000000,closed,4,Add idea ruby module definitions
1360,2018-04-26 18:19:12.000000000,2018-04-26 19:44:05.000000000,closed,2,Make launcher specs ignore case so it can be changed in GraalVM
1359,2018-04-26 15:29:00.000000000,2018-04-26 18:40:16.000000000,closed,1,Refer to the correct Java package module
1358,2018-04-26 11:49:43.000000000,2018-05-03 11:27:50.000000000,closed,1,Allow debugging of preprocess-patched files
1357,2018-04-25 23:35:33.000000000,2018-04-26 04:48:07.000000000,closed,0,Misc clean ups
1356,2018-04-25 23:21:17.000000000,2018-04-26 12:32:31.000000000,closed,0,Add patches to make the 'racc' gem work.
1355,2018-04-25 14:00:00.000000000,2018-04-25 14:55:45.000000000,closed,0,Always consider deprecations as warnings
1354,2018-04-25 13:44:07.000000000,2018-04-25 15:13:28.000000000,closed,0,Only fetch the gem test pack if the current revision is not the right one
1353,2018-04-25 01:30:44.000000000,2018-04-26 04:58:41.000000000,closed,1,"Add reference to xcode-select to the ""Installing LLVM"" user documentation"
1352,2018-04-25 00:50:57.000000000,2018-04-25 15:13:45.000000000,closed,0,Rename all fixnum_* primitives to integer_*
1351,2018-04-25 00:41:32.000000000,2018-04-25 04:20:05.000000000,closed,0,Fix .gitignore to ignore the truffleruby-gem-test-pack repo
1350,2018-04-24 18:23:07.000000000,2018-04-25 00:07:07.000000000,closed,0,Integer unification part 2 : remove most occurrences of Fixnum/Bignum
1349,2018-04-24 01:05:04.000000000,2018-05-03 02:05:39.000000000,closed,0,[WIP] Update MRI files to Ruby 2.4
1348,2018-04-23 16:14:29.000000000,2018-04-23 21:45:16.000000000,closed,1,Add IO.console implementation.
1347,2018-04-23 08:46:06.000000000,2018-04-24 01:43:20.000000000,closed,2,Untag passing specs
1346,2018-04-23 07:21:40.000000000,2018-04-25 13:14:08.000000000,closed,0,Fix #require_relative inside an #instance_eval
1345,2018-04-22 22:44:13.000000000,2018-04-22 23:19:12.000000000,closed,0,Remove inline JavaScript
1344,2018-04-22 21:19:27.000000000,2018-04-22 22:44:46.000000000,closed,0,2.3.7 reference commit
1343,2018-04-22 17:04:55.000000000,2018-07-26 18:04:53.000000000,closed,1,Get the rbtree gem working
1342,2018-04-22 06:42:20.000000000,2018-05-03 02:07:23.000000000,closed,3,Improvements to single-threaded mode and failure modes
1341,2018-04-22 01:01:44.000000000,2018-04-23 18:33:38.000000000,closed,0,Integer unification part 1 : move Fixnum/Bignum methods to Integer
1340,2018-04-21 18:56:26.000000000,2018-05-30 17:14:07.000000000,closed,3,LLVM 6.0 support
1339,2018-04-21 00:44:14.000000000,2018-04-23 04:07:49.000000000,closed,5,Erro installing with rvm 
1338,2018-04-20 20:48:35.000000000,2018-04-21 13:03:07.000000000,closed,0,Use the repository for the truffleruby-gem-test-pack
1337,2018-04-20 18:27:51.000000000,2018-04-20 20:51:28.000000000,closed,1,Show a diff on the C-ext tests output as it can be large
1336,2018-04-20 14:37:42.000000000,2018-04-20 15:57:51.000000000,closed,0,Use nil for Hash default value and Proc
1335,2018-04-20 13:38:41.000000000,1970-01-01 00:00:00.000000001,open,8,"RubyLanguage.findLocalScopes(node, null) provides all local variables in the scope ignoring node's position"
1334,2018-04-20 13:24:51.000000000,2018-04-20 14:34:46.000000000,closed,1,Fix Hash#initialize
1333,2018-04-20 00:24:02.000000000,2018-04-20 14:34:46.000000000,closed,4,Hashie gem not working
1332,2018-04-20 00:09:08.000000000,2018-07-23 13:48:35.000000000,closed,11,NameError: uninitialized constant Bundler::GemRemoteFetcher
1331,2018-04-20 00:03:53.000000000,2018-04-20 01:20:07.000000000,closed,1,Fix exception message on invalid String -> Integer conversion.
1330,2018-04-20 00:01:16.000000000,2018-04-21 18:44:45.000000000,closed,4,Special form for calling instance methods on a class
1329,2018-04-19 23:46:56.000000000,2018-04-20 00:52:54.000000000,closed,0,Create standard streams IO instances during pre-initialization
1328,2018-04-19 21:59:34.000000000,2018-04-20 12:02:10.000000000,closed,0,Implement the correct semantics for TOPLEVEL_BINDING and add specs
1327,2018-04-19 21:41:03.000000000,2018-04-21 18:18:46.000000000,closed,8,"Can't install gems, openssl not loading"
1326,2018-04-19 18:42:18.000000000,2018-04-19 19:50:16.000000000,closed,0,Always use named interop from Sulong
1325,2018-04-18 22:24:04.000000000,2018-05-03 02:05:27.000000000,closed,1,Merge vm-1.0.0-rc1
1324,2018-04-18 20:53:15.000000000,2018-04-19 15:13:48.000000000,closed,3,Copy polyglot.h from Sulong during mx build
1323,2018-04-18 07:42:29.000000000,2018-11-05 19:53:18.000000000,closed,5,Getting a new rails project to work with truffle ruby - stuck on Concurrent::Hash
1322,2018-04-17 22:20:06.000000000,2018-04-21 18:09:01.000000000,closed,1,Update Docker and docs for the new layout
1321,2018-04-17 16:39:56.000000000,2018-04-18 22:12:52.000000000,closed,0,Add a truffle boundary on `process_time_currenttimemillis` primitive.
1320,2018-04-17 02:12:53.000000000,2018-04-19 00:18:41.000000000,closed,2,Tidy up some C indentation and formatting
1319,2018-04-16 12:51:46.000000000,2018-04-17 00:19:23.000000000,closed,0,Ignore all .dist directories at the root
1318,2018-04-14 07:35:44.000000000,2018-04-14 22:45:08.000000000,closed,4,Provide a fallback implementation of IO#nread
1317,2018-04-12 19:15:38.000000000,2018-04-13 02:51:57.000000000,closed,0,Fixes to Docker and LLVM documentation
1316,2018-04-12 05:35:27.000000000,2018-04-12 17:51:48.000000000,closed,2,Use a native version of the Ruby implementation to link against
1315,2018-04-12 05:18:09.000000000,2018-04-12 17:51:58.000000000,closed,0,We don't need any Ruby implementation to link against
1314,2018-04-12 00:46:23.000000000,2018-04-12 14:49:19.000000000,closed,0,Can't spell interoperability
1313,2018-04-11 18:09:18.000000000,2018-04-26 12:58:06.000000000,closed,3,Unify internal ruby and polyglot options handling; add basic polyglot options tests
1312,2018-04-11 14:45:23.000000000,2018-04-11 16:18:30.000000000,closed,0,Put LLVM back into fetch-languages for native builds
1311,2018-04-11 05:55:49.000000000,2018-04-11 15:44:00.000000000,closed,0,Operations documentation
1310,2018-04-10 22:01:22.000000000,2018-04-11 04:22:16.000000000,closed,1,Use native Yaml
1309,2018-04-10 16:42:53.000000000,2018-04-11 04:44:52.000000000,closed,5,Update version number in the changelog
1308,2018-04-10 14:06:08.000000000,2018-04-11 18:07:34.000000000,closed,2,Do not run JVM specific lancher specs on native
1307,2018-04-10 13:53:43.000000000,2018-04-11 13:42:23.000000000,closed,0,Fix pre-initialization spec for $VERBOSE and re-enable the spec
1306,2018-04-09 16:26:08.000000000,2018-04-10 15:16:03.000000000,closed,2,Ensure finalizer thread exits when ruby context is finalized.
1305,2018-04-09 16:05:10.000000000,2018-04-09 18:17:58.000000000,closed,4,Remove -H:Path and -H:Name fron native-image.properties
1304,2018-04-08 20:52:30.000000000,2018-04-10 15:15:41.000000000,closed,0,jt fixes: do not touch env if not needed and pass --java-home directly
1303,2018-04-08 20:49:44.000000000,2018-04-15 11:13:58.000000000,closed,3,Add missed files from MRI 2.3.7
1302,2018-04-08 00:29:16.000000000,2018-04-08 01:05:42.000000000,closed,0,Add tag for GraalVM for a launcher spec
1301,2018-04-07 22:56:52.000000000,2018-04-08 21:39:39.000000000,closed,0,invalid option error message should contain the whole passed option
1300,2018-04-07 21:19:59.000000000,2018-04-07 23:31:50.000000000,closed,0,Add comment to TRUFFLERUBY-SHARED
1299,2018-04-07 02:41:35.000000000,2018-04-07 06:38:49.000000000,closed,0,Check Truffle-reported home and only use it if valid
1298,2018-04-07 01:27:07.000000000,2018-04-07 09:30:48.000000000,closed,0,Fix warning by defining feature test macros before any system header is included
1297,2018-04-06 15:48:07.000000000,2018-04-06 18:53:29.000000000,closed,0,Lazy-translate core methods for context pre-initialization too
1296,2018-04-06 12:54:54.000000000,2018-04-08 21:39:25.000000000,closed,0,Add resources to a todo
1295,2018-04-06 01:26:48.000000000,2018-04-06 16:53:54.000000000,closed,0,Rethrow UnsupportedMessageException in findFunctionInLibraries()
1294,2018-04-06 01:19:47.000000000,2018-04-06 16:54:08.000000000,closed,0,Simplify specialization for handling the READ(name) message
1293,2018-04-06 01:16:17.000000000,2018-04-06 03:53:00.000000000,closed,0,Update doc/options to match current launcher
1292,2018-04-05 18:30:37.000000000,2018-04-06 03:10:40.000000000,closed,2,Define RbConfig::CONFIG 'ridir' and 'datarootdir' for bin/ri
1291,2018-04-05 03:29:56.000000000,2018-04-05 19:38:16.000000000,closed,0,Clarify licence disjunction
1290,2018-04-05 03:00:45.000000000,2018-04-11 03:25:44.000000000,closed,5, Replace RubyTruffleError with RuntimeError
1289,2018-04-05 00:19:01.000000000,2018-04-05 15:02:09.000000000,closed,0,Check exceptions in sub-threads in MiscTest
1288,2018-04-04 23:34:56.000000000,2018-04-05 14:42:52.000000000,closed,1,Add final \n in env file after DEFAULT_DYNAMIC_IMPORTS
1287,2018-04-04 20:35:53.000000000,2018-05-03 02:04:48.000000000,closed,0,Support the new TCK
1286,2018-04-04 16:12:07.000000000,2018-04-05 16:07:30.000000000,closed,0,[GR-9154] Adjust native-image.properties.
1285,2018-04-04 04:26:02.000000000,2018-04-04 18:21:16.000000000,closed,1,Interop semantic changes to support the new TCK
1284,2018-04-04 00:03:28.000000000,2018-04-04 05:01:36.000000000,closed,1,Don't warn about home not being found if graalvm.libpolyglot is set
1283,2018-04-03 21:59:15.000000000,2018-04-04 16:03:40.000000000,closed,0,Use new home API
1282,2018-04-03 20:44:02.000000000,2018-04-07 12:59:15.000000000,closed,3,The default path for the SVM executable should be under its Ruby home bin directory
1281,2018-04-03 15:17:26.000000000,2018-04-03 16:29:22.000000000,closed,0,Fix version check for RUBY_ENGINE_VERSION
1280,2018-04-03 13:29:03.000000000,2018-04-03 16:29:36.000000000,closed,0,Use OpenJDK to build the native distribution on Linux
1279,2018-04-03 03:12:36.000000000,2018-04-04 19:36:45.000000000,closed,0,General minor tidy-up and update of docs
1278,2018-04-03 00:54:45.000000000,2018-04-03 01:34:02.000000000,closed,0,Pass --no-sforceimports to jt build native only if $TAG is set
1277,2018-04-02 05:04:22.000000000,2018-04-06 03:49:02.000000000,closed,0,Update MRI to 2.3.7
1276,2018-04-02 03:28:59.000000000,2018-04-02 15:56:52.000000000,closed,0,Update startup times measurements
1275,2018-04-01 20:27:03.000000000,2018-04-01 22:37:08.000000000,closed,2,Re-arrange headers
1274,2018-04-01 06:48:04.000000000,2018-04-01 17:53:22.000000000,closed,0,Update Sulong
1273,2018-04-01 05:17:47.000000000,2018-04-03 16:34:39.000000000,closed,1,Update Truffle
1272,2018-04-01 03:29:03.000000000,2018-04-02 00:25:40.000000000,closed,3,Remove the warning if Graal isn't available
1271,2018-04-01 03:20:12.000000000,2018-04-01 20:41:15.000000000,closed,1,Update for recent vulnerabilities
1270,2018-03-31 23:25:35.000000000,2018-04-01 22:12:15.000000000,closed,0,Make TRUFFLERUBY_CEXT_ENABLED set by default
1269,2018-03-31 18:50:40.000000000,2018-04-02 00:25:51.000000000,closed,0,Update documentation for native-by-default
1268,2018-03-31 06:25:10.000000000,2018-03-31 17:14:14.000000000,closed,0,"Update, simplify and clarify LLVM dependencies"
1267,2018-03-31 01:44:21.000000000,2018-03-31 02:50:53.000000000,closed,1,A couple of fixes to our Dockerfiles
1266,2018-03-29 23:41:10.000000000,2018-04-05 01:21:55.000000000,closed,0,Do not use launcher code in language
1265,2018-03-29 06:16:33.000000000,2018-03-29 18:25:16.000000000,closed,1,Fix make-native-distribution.sh
1264,2018-03-28 15:15:54.000000000,2018-03-28 22:07:02.000000000,closed,1,Only include the known launchers in truffleruby-bin and TRUFFLERUBY-ZIP
1263,2018-03-28 01:06:12.000000000,2018-03-28 12:27:09.000000000,closed,3,Add option to run finalizers on exit and fix synchronization
1262,2018-03-27 23:25:43.000000000,2018-03-28 12:24:41.000000000,closed,1,"Run ""jt test fast --native :truffle"" to catch slow native specs in Truffle"
1261,2018-03-27 22:56:03.000000000,2018-03-28 12:52:12.000000000,closed,0,Update documentation to include tools in MX_BINARY_SUITES
1260,2018-03-27 21:55:12.000000000,2018-03-27 23:24:21.000000000,closed,0,Add slow tags for the pre-init spec when running on native
1259,2018-03-27 18:01:40.000000000,2018-04-05 11:32:26.000000000,closed,2,Deduplicate option documentation
1258,2018-03-27 17:34:08.000000000,2018-04-03 00:51:54.000000000,closed,0,Remove dependency on tools from suite.py
1257,2018-03-27 16:41:45.000000000,2018-03-27 18:50:49.000000000,closed,1,Depend on tools only with distDependencies
1256,2018-03-27 13:58:16.000000000,2018-03-28 01:44:18.000000000,closed,0,Lower the MaxRuntimeCompileMethods limit
1255,2018-03-27 13:18:03.000000000,2018-03-29 11:36:04.000000000,closed,2,Deduplicate suite.py
1254,2018-03-27 13:16:46.000000000,2018-04-04 09:49:16.000000000,closed,2,jt build native add --tools and cleanup
1253,2018-03-27 11:13:35.000000000,2018-03-27 21:43:45.000000000,closed,1,Test h[:k] &&= :value
1252,2018-03-27 04:34:01.000000000,2018-03-27 12:59:44.000000000,closed,0,Update the entry point for `jt build native`.
1251,2018-03-27 03:15:56.000000000,2018-03-28 01:50:02.000000000,closed,0,TCK fix
1250,2018-03-27 02:12:12.000000000,2018-03-27 04:13:03.000000000,closed,3,Finalisation fix
1249,2018-03-27 00:56:25.000000000,2018-03-27 21:43:31.000000000,closed,2,Update specs
1248,2018-03-27 00:27:15.000000000,2018-03-27 01:44:22.000000000,closed,0,Upgrade graal
1247,2018-03-27 00:16:38.000000000,2018-03-27 02:33:51.000000000,closed,0,Re-use existing node
1246,2018-03-27 00:10:04.000000000,2018-03-27 01:38:17.000000000,closed,0,Fix typo
1245,2018-03-27 00:06:37.000000000,2018-03-27 02:21:15.000000000,closed,1,Polyglot fixes
1244,2018-03-26 18:43:44.000000000,2018-05-03 12:52:35.000000000,closed,3,Fix array strategy generalization for IntToObject case.
1243,2018-03-26 15:53:20.000000000,2018-03-26 16:46:55.000000000,closed,0,Update arguments to build an image with native-image
1242,2018-03-26 15:30:34.000000000,2018-03-27 02:21:28.000000000,closed,0,Update docs on single-threaded option
1241,2018-03-26 04:33:26.000000000,2018-03-26 13:31:53.000000000,closed,0,Adapt to new polyglot.h
1240,2018-03-25 01:02:44.000000000,2018-03-26 00:40:42.000000000,closed,0,New Polyglot API
1239,2018-03-23 17:26:50.000000000,2018-03-23 21:18:07.000000000,closed,0,Support --disable-gems with context pre-initialization
1238,2018-03-23 15:51:24.000000000,2018-03-23 17:41:57.000000000,closed,1,Update truffle version.
1237,2018-03-22 18:29:01.000000000,2018-03-22 19:33:26.000000000,closed,0,Explicitly set the main class for native builds with Sulong.
1236,2018-03-22 02:37:11.000000000,2018-03-23 16:49:58.000000000,closed,0,Reset the TZ unchanged assumption in patchContext()
1235,2018-03-21 23:13:06.000000000,2018-03-21 23:49:22.000000000,closed,0,Update command options for latest native-image changes.
1234,2018-03-21 00:04:48.000000000,2018-03-21 04:32:34.000000000,closed,0,Support Java 10
1233,2018-03-20 21:03:10.000000000,2018-03-20 22:56:23.000000000,closed,1,"Revert ""Revert Dir.glob improvements due to issue with filename case-insensitivity on macOS."""
1232,2018-03-20 17:57:50.000000000,2018-03-20 18:41:56.000000000,closed,0,Revert Dir.glob improvements due to issue with filename case-insensitivity on macOS.
1231,2018-03-19 23:06:13.000000000,2018-03-20 21:01:25.000000000,closed,0,Add MRI and C ext. tests for Darwin in CI.
1230,2018-03-19 20:17:34.000000000,2018-03-19 22:05:01.000000000,closed,0,Remove a primitive that's no longer used.
1229,2018-03-19 20:05:58.000000000,2018-03-21 20:26:05.000000000,closed,2,Always handle `--version`
1228,2018-03-19 19:00:18.000000000,2018-03-19 20:14:42.000000000,closed,0,Update Sulong
1227,2018-03-19 18:30:19.000000000,2018-03-19 19:48:06.000000000,closed,0,Llvm bitcode version
1226,2018-03-19 16:38:07.000000000,2018-03-19 18:44:06.000000000,closed,0,Document tested LLVM versions
1225,2018-03-19 15:52:51.000000000,2018-03-26 17:06:12.000000000,closed,2,Update bundler patches to 1.16.x
1224,2018-03-19 15:02:27.000000000,2018-03-19 15:47:01.000000000,closed,0,"Move jtt to test dir, so it's not distributed any more"
1223,2018-03-19 14:44:41.000000000,2018-03-19 15:27:47.000000000,closed,0,Remove last forgotten bundler patch
1222,2018-03-18 22:43:35.000000000,2018-03-19 01:10:45.000000000,closed,0,Document licenses for patches
1221,2018-03-18 21:40:03.000000000,2018-03-19 17:15:39.000000000,closed,0,Include JRuby update in change log
1220,2018-03-18 17:09:19.000000000,2018-03-19 15:21:33.000000000,closed,0,Print SyntaxError only once
1219,2018-03-18 07:33:52.000000000,2018-03-24 00:01:45.000000000,closed,16,Interop changes for READ and WRITE
1218,2018-03-18 06:26:09.000000000,2018-03-18 22:26:33.000000000,closed,0, Use the new Sulong function lookup interface
1217,2018-03-17 23:59:52.000000000,2018-03-18 02:08:32.000000000,closed,0,Fixes after Truffle update
1216,2018-03-17 03:29:26.000000000,2018-03-19 19:46:49.000000000,closed,7,Remove vendored jcodings code since it's no longer necessary for AOT.
1215,2018-03-17 01:23:12.000000000,2018-03-18 02:14:46.000000000,closed,3,Added Nashorn-style Java interop API
1214,2018-03-16 21:53:15.000000000,2018-03-17 01:46:43.000000000,closed,2,Upgrade joni and jcodings
1213,2018-03-16 16:03:12.000000000,2018-03-16 18:08:02.000000000,closed,0,Typography of the change log
1212,2018-03-16 16:00:14.000000000,2018-03-16 18:39:55.000000000,closed,2,Update Truffle
1211,2018-03-16 11:37:40.000000000,2018-03-16 19:46:39.000000000,closed,0,Add --native default change to changelog
1210,2018-03-16 04:47:06.000000000,2018-03-16 17:24:29.000000000,closed,0,Port lexer and parser code from JRuby 9.1.13.0.
1209,2018-03-15 23:50:37.000000000,2018-03-17 00:47:07.000000000,closed,4,Update MRI to version 2.3.6
1208,2018-03-15 23:26:48.000000000,2018-03-16 00:44:47.000000000,closed,1,Use --native by default
1207,2018-03-15 21:27:01.000000000,2018-03-16 00:58:43.000000000,closed,0,Add array shared storage note to change log.
1206,2018-03-15 19:20:12.000000000,2018-03-16 00:58:14.000000000,closed,2,Restructure our cext patching code
1205,2018-03-15 18:52:55.000000000,2018-03-15 20:28:25.000000000,closed,0,Automatically copy the SULONG_LIBS under the Ruby home on build
1204,2018-03-15 18:07:52.000000000,2018-03-15 19:04:35.000000000,closed,0,Update copyright year in RUBY_COPYRIGHT constant.
1203,2018-03-15 14:31:36.000000000,2018-03-15 15:58:14.000000000,closed,0,Always fetch llvm with mx fetch-languages
1202,2018-03-15 13:53:42.000000000,2018-03-15 15:56:59.000000000,closed,0,jvm_args improvements
1201,2018-03-14 22:40:10.000000000,2018-03-15 02:56:57.000000000,closed,0,JT: reuse build_truffleruby in check_dsl_usage
1200,2018-03-14 21:22:13.000000000,2018-03-14 22:15:35.000000000,closed,0,"Fix removed variable in ""jt build"""
1199,2018-03-14 15:12:05.000000000,2018-03-14 19:07:02.000000000,closed,3,Use llvm-linker to combine library bitcode files.
1198,2018-03-14 14:50:57.000000000,2018-03-14 16:53:51.000000000,closed,0,Remove Solaris testing in CI
1197,2018-03-14 03:57:15.000000000,2018-03-15 02:21:28.000000000,closed,0,Clean up string primitives
1196,2018-03-14 01:54:38.000000000,2018-05-05 22:22:16.000000000,closed,6,Multi-threaded Access Error with Interop and IO
1195,2018-03-13 19:59:31.000000000,2018-03-15 18:04:53.000000000,closed,0,Interop documentation typo
1194,2018-03-13 18:17:26.000000000,2018-03-13 19:37:52.000000000,closed,0,Fix launcher_spec tags
1193,2018-03-13 17:59:56.000000000,2018-03-14 13:51:50.000000000,closed,0,Add script to make a native distribution
1192,2018-03-13 15:04:48.000000000,2018-03-13 15:55:23.000000000,closed,0,Workaround for failing PE test.
1191,2018-03-12 20:37:20.000000000,2018-03-14 21:23:45.000000000,closed,0,Store the classpath and Java properties at build time from mx to use in the Bash launcher
1190,2018-03-12 15:16:32.000000000,2018-03-28 12:56:12.000000000,closed,8,No extra spacing around assignment
1189,2018-03-11 21:41:47.000000000,2018-03-13 01:29:28.000000000,closed,1,gem executables and tests
1188,2018-03-11 14:36:43.000000000,2018-03-12 13:31:55.000000000,closed,0,Improve backtrace tests and make them work with GraalVM
1187,2018-03-10 21:33:45.000000000,2018-03-12 16:07:11.000000000,closed,0,Dir.glob improvements
1186,2018-03-10 03:07:36.000000000,2018-03-12 16:33:43.000000000,closed,4,Depend on Sulong in suite.py
1185,2018-03-09 17:52:17.000000000,2018-03-13 19:33:33.000000000,closed,0,Footprint optimizations
1184,2018-03-09 17:14:59.000000000,2018-03-09 19:53:00.000000000,closed,0,Some cleanups in CI definitions
1183,2018-03-08 14:05:26.000000000,2018-03-09 01:02:02.000000000,closed,5,CI cleanup
1182,2018-03-08 04:01:50.000000000,2018-03-08 14:38:00.000000000,closed,0,Move Truffle::Ropes.debug_print to Truffle::Debug.print
1181,2018-03-08 01:54:19.000000000,2018-03-08 03:34:04.000000000,closed,0,Optimize Array#hash for primitive arrays
1180,2018-03-08 01:11:52.000000000,2018-03-08 19:52:57.000000000,closed,3,Instrumentation api update
1179,2018-03-07 22:41:25.000000000,2018-03-14 14:04:39.000000000,closed,3,Run MRI zlib tests in the C ext downstream gate
1178,2018-03-07 22:12:00.000000000,2018-03-12 23:48:53.000000000,closed,0,Speed up gem operations
1177,2018-03-07 19:32:32.000000000,2018-03-08 01:33:48.000000000,closed,1,Handle different $VERBOSE levels with context pre-initialization
1176,2018-03-06 22:00:39.000000000,2018-03-07 17:03:18.000000000,closed,0,Add an option to not reuse the pre-initialized context
1175,2018-03-06 21:51:34.000000000,2018-03-07 17:03:05.000000000,closed,0,Rename the property used for the pre-initialization home for clarity
1174,2018-03-06 02:10:34.000000000,2018-03-06 19:24:18.000000000,closed,0,Fix full memory barrier on the SVM
1173,2018-03-06 02:01:12.000000000,2018-03-06 16:19:38.000000000,closed,2,Remove old and unsupported --profile option to jt ruby
1172,2018-03-06 00:59:34.000000000,2018-03-06 01:24:59.000000000,closed,0,Add slow tags
1171,2018-03-05 18:47:47.000000000,1970-01-01 00:00:00.000000001,open,5,NullPointerException in ExceptionOperations.getFormatter
1170,2018-03-04 20:15:23.000000000,2018-03-04 21:17:35.000000000,closed,0,Update specs
1169,2018-03-04 19:24:28.000000000,2018-03-04 21:17:16.000000000,closed,0,Make it clear Java interop does not work on SVM currently
1168,2018-03-04 02:34:58.000000000,2018-03-05 15:06:47.000000000,closed,2,Improve launcher specs
1167,2018-03-03 17:45:15.000000000,2018-03-04 19:18:04.000000000,closed,0,Clarify what is setting the process title
1166,2018-03-03 07:51:43.000000000,2018-03-03 17:00:38.000000000,closed,0,Fix readme typo
1165,2018-03-03 03:57:06.000000000,2018-03-03 05:59:08.000000000,closed,0,Improve Docker tests
1164,2018-03-03 01:40:34.000000000,2018-03-12 19:50:23.000000000,closed,0,Enable array shared storage
1163,2018-03-02 21:58:03.000000000,2018-03-05 18:43:41.000000000,closed,6,"Load patching, lazy-rubygems and did_you_mean during context pre-initialization"
1162,2018-03-02 05:47:26.000000000,2018-03-04 17:47:48.000000000,closed,0,Move the document on JRuby-compatible Java interop to the docs directory
1161,2018-03-01 23:03:35.000000000,2018-03-02 17:19:25.000000000,closed,1,Do not use LazyRubyNode for global variables
1160,2018-03-01 21:44:44.000000000,2018-03-02 14:02:31.000000000,closed,0,Remove unavailable SourceIndex
1159,2018-03-01 21:04:33.000000000,2018-03-01 21:45:38.000000000,closed,2,Do not provide Source of an unavailable SourceSection.
1158,2018-03-01 20:16:40.000000000,2018-03-02 06:05:50.000000000,closed,2,Make the Ruby base version number a centralised constant so it doesn't appear scatted through our code
1157,2018-02-28 20:28:04.000000000,2018-03-01 14:10:30.000000000,closed,0,Context pre-initialization is now in GraalVM
1156,2018-02-28 04:03:46.000000000,2018-02-28 14:46:02.000000000,closed,0,Fix mailing list link
1155,2018-02-28 03:49:25.000000000,2018-02-28 22:56:56.000000000,closed,2,Resolve Source.getName() lazily
1154,2018-02-28 02:20:06.000000000,2018-02-28 19:57:07.000000000,closed,0,Clean ParserCache and extract a static method in SourceLoader
1153,2018-02-28 01:23:28.000000000,2018-02-28 02:20:46.000000000,closed,0,Update specs
1152,2018-02-28 01:08:22.000000000,2018-02-28 02:47:22.000000000,closed,0,Add missing CHANGELOG entries for the 0.32 release.
1151,2018-02-27 19:59:26.000000000,2018-03-02 18:43:30.000000000,closed,1,Immutable empty array strategy
1150,2018-02-27 15:52:41.000000000,2018-02-27 16:24:05.000000000,closed,0,Single-threaded as an option
1149,2018-02-27 04:55:58.000000000,2018-02-27 22:10:30.000000000,closed,3,Tidy up the change log
1148,2018-02-27 03:10:34.000000000,2018-02-27 04:52:19.000000000,closed,2,Embedded
1147,2018-02-27 02:57:50.000000000,2018-02-27 03:02:21.000000000,closed,0,Merge embedded configuration
1146,2018-02-27 01:46:28.000000000,2018-02-27 03:02:52.000000000,closed,1,Merge the embedded PR (#1139) in master
1145,2018-02-26 21:47:12.000000000,2018-02-27 22:11:11.000000000,closed,1,Fix the random seed with context pre-initialization
1144,2018-02-26 19:58:07.000000000,2018-02-26 22:23:51.000000000,closed,0,Remove extra VirtualFrame argument in regexp_search_region
1143,2018-02-26 19:54:53.000000000,2018-02-27 03:55:32.000000000,closed,0,LazyRubyNode improvements
1142,2018-02-26 18:54:18.000000000,2018-02-26 20:15:31.000000000,closed,0,Update microbenchmarks excludes to reflect the rename
1141,2018-02-26 17:57:21.000000000,2018-03-07 18:37:25.000000000,closed,2,Document the process for release branches
1140,2018-02-26 07:56:40.000000000,2018-02-26 20:16:02.000000000,closed,1,Fix a couple typos
1139,2018-02-26 05:17:49.000000000,2018-02-26 22:39:54.000000000,closed,1,Embedded configuration
1138,2018-02-26 00:30:27.000000000,2018-02-27 18:14:55.000000000,closed,1,Interop fixes
1137,2018-02-24 03:06:37.000000000,2018-02-27 17:06:01.000000000,closed,0,Fix TODO in GetTimeZoneNode
1136,2018-02-23 20:07:36.000000000,2018-02-27 16:12:35.000000000,closed,2,New array strategy for fast duplication of whole or part of array.
1135,2018-02-23 18:21:37.000000000,2018-02-23 19:05:45.000000000,closed,0,Rename micro bench files
1134,2018-02-23 16:48:05.000000000,2018-03-27 03:50:49.000000000,closed,14,Remove Main and tidy up
1133,2018-02-22 21:23:23.000000000,2018-02-22 23:54:42.000000000,closed,0,Increase the timelimit for AsciiDoctor benchmarks
1132,2018-02-22 19:53:32.000000000,2018-02-23 16:11:00.000000000,closed,0,Instrument regexp compilation and usage.
1131,2018-02-22 18:34:15.000000000,2018-02-23 18:37:25.000000000,closed,0,Array store tidy up
1130,2018-02-22 01:00:30.000000000,2018-02-22 18:30:00.000000000,closed,0,Improve the WeakValueCache and remove extra locking
1129,2018-02-21 00:40:59.000000000,2018-02-21 20:07:19.000000000,closed,1,Reduce IO string allocations
1128,2018-02-20 22:40:13.000000000,2018-02-22 00:58:34.000000000,closed,0,Rope cache cleanup
1127,2018-02-20 14:50:02.000000000,2018-02-20 19:05:34.000000000,closed,0,RUBY_DESCRIPTION should have architecture followed by operating system
1126,2018-02-20 03:01:00.000000000,2018-02-20 20:32:00.000000000,closed,2,Do not show a LazyStackTrace cause as it is an implementation detail
1125,2018-02-20 02:39:50.000000000,2018-02-20 19:05:51.000000000,closed,0,Use Source#getName() instead of Source#getPath()
1124,2018-02-20 01:42:19.000000000,2018-02-20 02:16:43.000000000,closed,2,gem install fails with java.io.IOException: Error while trying to parse null
1123,2018-02-19 21:57:27.000000000,2018-02-19 22:49:46.000000000,closed,0,Use SoftReference for the j.l.String to Symbol cache in SymbolTable
1122,2018-02-17 01:12:08.000000000,2018-02-17 04:37:56.000000000,closed,5,Disallow native ropes from being used in cached tables.
1121,2018-02-16 22:49:24.000000000,2018-02-17 01:04:42.000000000,closed,0,Small fixes
1120,2018-02-16 22:35:22.000000000,2018-02-20 03:31:12.000000000,closed,0,Test context pre-initialization in CI and build SVM images with a pre-initialized context
1119,2018-02-16 21:14:17.000000000,2018-02-16 21:43:48.000000000,closed,0,Cleanup frozen strings
1118,2018-02-16 20:38:27.000000000,2018-02-16 22:39:40.000000000,closed,0,Cleanup SymbolTable
1117,2018-02-16 14:53:43.000000000,2018-02-16 15:51:41.000000000,closed,0,Fix replacement of random hexa characters for the C ext backtraces test
1116,2018-02-16 00:00:16.000000000,2018-02-16 18:19:08.000000000,closed,1, Remove remaining openssl patching code 
1115,2018-02-15 21:56:45.000000000,2018-02-16 04:33:44.000000000,closed,0,Use optional arguments instead of keyword arguments for Truffle::POSIX.attach_function
1114,2018-02-15 21:18:40.000000000,2018-02-15 22:01:35.000000000,closed,0,Simplify transcoding and remove Encoding::TranscodingMap
1113,2018-02-15 21:05:40.000000000,2018-02-19 20:15:47.000000000,closed,1,Process --(native|jvm)* options in TRUFFLERUBYOPT
1112,2018-02-15 19:55:25.000000000,2018-02-15 22:01:05.000000000,closed,0,Switch Hash allocations to use build()
1111,2018-02-15 17:56:45.000000000,2018-02-15 19:14:46.000000000,closed,0,Pre-initialization fixes
1110,2018-02-15 05:04:09.000000000,2018-02-15 20:07:51.000000000,closed,0,Remove mirrors
1109,2018-02-14 21:29:47.000000000,2018-02-15 23:20:18.000000000,closed,2,Document workarounds
1108,2018-02-14 03:36:14.000000000,2018-02-14 16:31:19.000000000,closed,1,Encoding fixes and cleanup
1107,2018-02-13 22:48:06.000000000,2018-02-14 02:37:20.000000000,closed,2,Cleanup the Ruby code for Encoding
1106,2018-02-13 21:23:17.000000000,2018-02-13 22:58:50.000000000,closed,0,Update to latest Truffle
1105,2018-02-13 20:06:33.000000000,2018-02-13 21:33:29.000000000,closed,0,Fix truffle fixtures namespace
1104,2018-02-13 15:01:01.000000000,2018-02-13 20:06:03.000000000,closed,2,Fix foreign write to convert to a Ruby name before calling Ruby's obj[name] = value
1103,2018-02-13 03:44:33.000000000,2018-02-13 04:14:29.000000000,closed,0,"Use imports in BodyTranslator, there is no contention anymore"
1102,2018-02-11 22:15:54.000000000,2018-02-12 01:54:20.000000000,closed,0,Fix the optimized Hash lookup by index to not call eql? twice
1101,2018-02-11 20:58:31.000000000,2018-02-14 16:32:18.000000000,closed,3,Start a change log
1100,2018-02-11 06:32:42.000000000,2018-05-05 22:22:50.000000000,closed,4,Timezone incorrect when using --native switch
1099,2018-02-10 18:28:07.000000000,2018-02-11 20:35:33.000000000,closed,0,Move RubyLauncher to our repository
1098,2018-02-10 03:04:05.000000000,2018-02-13 02:59:16.000000000,closed,0,Add support for the 'REMOVE' interop message.
1097,2018-02-09 03:44:25.000000000,2018-02-10 02:37:53.000000000,closed,0,Fixes to compile msgpack
1096,2018-02-09 01:01:45.000000000,2018-02-09 01:48:54.000000000,closed,0,Upgrade Graal to get a bug fix for build Substrate VM images when binary suite isn't available.
1095,2018-02-08 23:52:47.000000000,2018-02-15 18:58:38.000000000,closed,4,Array builder tidy up
1094,2018-02-08 23:47:26.000000000,2018-02-09 01:49:27.000000000,closed,0,Update Dockerfiles building LLVM to only build support for the host system's architecture
1093,2018-02-08 23:43:57.000000000,2018-02-09 01:50:08.000000000,closed,0,Rename main to launch
1092,2018-02-08 19:13:04.000000000,2018-02-08 20:43:29.000000000,closed,0,Simplify SourceLoader.loadResource()
1091,2018-02-08 17:27:21.000000000,2018-02-08 19:45:52.000000000,closed,0,Simplify RubyBaseNode#getContext()
1090,2018-02-08 17:22:00.000000000,2018-02-08 19:45:38.000000000,closed,0,Improve documentation about testing
1089,2018-02-08 15:53:45.000000000,2018-02-08 17:15:46.000000000,closed,0,Cleanup the test definitions in CI
1088,2018-02-08 10:15:14.000000000,1970-01-01 00:00:00.000000001,open,11,Requiring rugged gem causes segfault
1087,2018-02-08 07:07:49.000000000,2018-07-26 18:09:31.000000000,closed,6,Error building patron
1086,2018-02-08 04:09:23.000000000,2018-02-19 22:14:56.000000000,closed,0,Improvements for zlib documentation and testing
1085,2018-02-07 21:39:22.000000000,2018-02-08 15:07:59.000000000,closed,0,Fix chunky benchmarks
1084,2018-02-07 19:08:17.000000000,2018-02-07 20:51:13.000000000,closed,0,Faster java string conversion
1083,2018-02-07 18:44:40.000000000,2018-02-07 20:12:40.000000000,closed,0,Fix the time metrics
1082,2018-02-07 17:46:32.000000000,2018-02-07 18:16:26.000000000,closed,0,Tag launchers specs failing on SVM
1081,2018-02-07 06:47:27.000000000,2018-02-07 18:33:20.000000000,closed,0,Provide faster Ruby String -> Java String conversion for ASCII-only strings.
1080,2018-02-06 21:08:40.000000000,2018-02-07 03:08:02.000000000,closed,0,Fixes for pre-initialization
1079,2018-02-06 02:06:55.000000000,2018-04-25 13:14:08.000000000,closed,9,Require semantics not the same as MRI
1078,2018-02-06 01:42:49.000000000,1970-01-01 00:00:00.000000001,open,2,Performance of the Kiba ETL benchmarks is low
1077,2018-02-06 00:28:18.000000000,2018-02-06 21:04:42.000000000,closed,2,Improved string pointers
1076,2018-02-05 19:50:17.000000000,2018-02-07 02:06:36.000000000,closed,0,Make executables resilient when symlinked
1075,2018-02-05 17:54:08.000000000,2018-02-05 18:35:23.000000000,closed,0,Follow the fix in Sulong for the error message for an exception during a native callback
1074,2018-02-04 19:10:02.000000000,2018-02-04 20:16:45.000000000,closed,0,We do run RubyGems now
1073,2018-02-04 16:34:30.000000000,2018-02-04 20:25:33.000000000,closed,0,Document the extra -XstartOnFirstThread for Optcarrot on macOS
1072,2018-02-04 15:34:43.000000000,2020-04-29 18:22:44.000000000,closed,7,CSV.read 2x slower than MRI
1071,2018-02-04 04:44:31.000000000,2018-02-06 00:09:07.000000000,closed,2,Document support for Oracle Linux
1070,2018-02-04 00:22:14.000000000,2018-07-16 20:32:32.000000000,closed,7,Error while running rvm mount
1069,2018-02-03 23:40:26.000000000,2018-02-04 00:42:21.000000000,closed,0,Recompute runtime Ruby home for pre-initialized context
1068,2018-02-03 21:43:52.000000000,2018-02-05 18:50:37.000000000,closed,2,Use rbenv shell rather than global
1067,2018-02-03 21:25:31.000000000,2018-02-03 21:57:50.000000000,closed,0,Improve MetaObject
1066,2018-02-03 21:01:56.000000000,2018-02-03 23:45:21.000000000,closed,0,Reorder README and small improvements
1065,2018-02-03 17:31:58.000000000,2018-02-03 18:34:18.000000000,closed,0,Lower MaxRuntimeCompileMethods to catch smaller increases
1064,2018-02-03 16:30:22.000000000,2018-02-03 18:55:56.000000000,closed,0,Update instructions to run Optcarrot
1063,2018-02-03 07:37:56.000000000,2018-02-04 04:45:19.000000000,closed,9,Unable to use optcarrot
1062,2018-02-03 06:49:49.000000000,2018-07-13 18:19:07.000000000,closed,23,"Support installing with ruby-build, ruby-install, RVM"
1061,2018-02-03 06:47:10.000000000,2018-02-03 20:42:50.000000000,closed,0,More documentation and tests for Ruby version managers
1060,2018-02-03 04:23:44.000000000,2018-02-03 19:48:27.000000000,closed,0,Documentation improvements
1059,2018-02-03 01:50:16.000000000,2018-02-03 02:05:46.000000000,closed,2,8
1058,2018-02-02 22:52:46.000000000,2018-02-04 03:13:05.000000000,closed,4,Better C backtraces
1057,2018-02-02 18:55:39.000000000,2018-02-03 03:59:18.000000000,closed,1,Simplify find_string operations
1056,2018-02-02 18:33:40.000000000,2018-02-02 20:39:37.000000000,closed,0,Backtrace fixes
1055,2018-02-02 18:09:52.000000000,2018-02-02 20:59:57.000000000,closed,0,Reduce substring rope creation in lexer
1054,2018-02-02 01:34:03.000000000,2018-02-06 02:07:59.000000000,closed,20,A first naÃ¯ve look at TruffleRuby
1053,2018-02-02 01:26:56.000000000,2018-02-03 16:16:06.000000000,closed,1,Update to latest Truffle
1052,2018-02-02 01:13:55.000000000,2018-02-02 02:10:34.000000000,closed,0,Document TRUFFLERUBY_RESILIENT_GEM_HOME
1051,2018-02-01 23:15:06.000000000,2018-02-02 16:27:35.000000000,closed,1,Convert tests to the new Polyglot API
1050,2018-02-01 21:12:44.000000000,2018-02-03 06:48:45.000000000,closed,4,rbenv support?
1049,2018-02-01 20:29:16.000000000,2018-02-02 16:28:48.000000000,closed,0,Update documentation that used to refer to PolyglotEngine
1048,2018-02-01 20:24:20.000000000,2020-05-07 20:22:08.000000000,closed,4,Possible finalizer error in openssl
1047,2018-02-01 20:01:57.000000000,2018-02-02 16:38:43.000000000,closed,0,Remove our samples
1046,2018-02-01 17:58:41.000000000,2018-02-01 18:34:35.000000000,closed,0,Untag MRI tests
1045,2018-02-01 00:36:16.000000000,2018-02-05 18:51:41.000000000,closed,1,Add a fast `String#find_string' implementation for single byte lookups in CR_VALID strings.
1044,2018-01-31 23:45:32.000000000,2018-02-01 01:23:27.000000000,closed,0,Fix race in Truffle::POSIX.attach_function_eagerly
1043,2018-01-31 22:10:43.000000000,2018-02-01 01:23:27.000000000,closed,3,Possible socket interop issue on _getaddrinfo
1042,2018-01-31 21:11:09.000000000,2018-02-01 20:06:29.000000000,closed,5,Context pre-initialization (first steps)
1041,2018-01-31 19:47:04.000000000,2018-07-26 18:18:10.000000000,closed,4,ArgumentError backtrace to not point to the correct line
1040,2018-01-31 19:24:16.000000000,2018-02-01 17:03:59.000000000,closed,3,[MatchData] inspect to handle named captures
1039,2018-01-31 18:58:46.000000000,2018-02-01 03:39:40.000000000,closed,0,Implement short-circuit answer for large Fixnum#** and Bignum#** calcâ¦
1038,2018-01-31 16:26:50.000000000,2018-01-31 19:19:20.000000000,closed,1,Footprint
1037,2018-01-31 04:02:19.000000000,2018-04-15 10:03:21.000000000,closed,3,Improve TOPLEVEL_BINDING
1036,2018-01-30 20:45:46.000000000,2018-01-30 22:30:36.000000000,closed,0,Introduce a LazyLibrary abstraction in Truffle::POSIX
1035,2018-01-30 19:22:34.000000000,2018-01-30 22:28:31.000000000,closed,0,Dead code removal
1034,2018-01-30 15:59:01.000000000,2018-03-26 13:56:42.000000000,closed,4,Remove offset-based C-ext interop fallbacks
1033,2018-01-30 05:55:19.000000000,2018-01-30 09:14:07.000000000,closed,0,Upgrade JVMCI from 0.39 to 0.40.
1032,2018-01-30 05:18:21.000000000,2018-01-30 16:24:13.000000000,closed,1,2.3.5 version commit
1031,2018-01-30 02:16:50.000000000,2018-01-30 02:57:00.000000000,closed,0,Update Truffle
1030,2018-01-30 00:59:33.000000000,2018-01-30 22:42:59.000000000,closed,0,Improve substring rope creation
1029,2018-01-29 21:18:17.000000000,2018-01-30 04:25:02.000000000,closed,0,Update specs
1028,2018-01-29 15:41:10.000000000,2018-01-31 00:55:50.000000000,closed,0,Update old launchers documentation
1027,2018-01-27 05:29:02.000000000,2018-01-27 15:22:50.000000000,closed,1,Misc string clean ups
1026,2018-01-27 00:04:37.000000000,2018-01-29 15:21:26.000000000,closed,1,remove dead code
1025,2018-01-26 22:07:06.000000000,2018-01-26 22:59:10.000000000,closed,1,Errno is automatically saved & restored in NFI calls
1024,2018-01-26 21:46:22.000000000,2018-01-26 22:33:21.000000000,closed,0,Refactor self out of ProcLayout as all procs now have a binding.
1023,2018-01-26 18:57:11.000000000,2018-01-29 18:33:06.000000000,closed,0,Footprint improvements
1022,2018-01-26 15:58:38.000000000,2018-01-26 16:47:52.000000000,closed,1,jt minor fixes
1021,2018-01-25 19:20:32.000000000,2018-01-25 23:37:02.000000000,closed,0,Fix build-stats metrics
1020,2018-01-25 18:38:23.000000000,2018-01-25 19:22:09.000000000,closed,0,Try to call Exception#message for RaiseException#getMessage()
1019,2018-01-25 17:17:00.000000000,2018-01-25 23:29:29.000000000,closed,0,Add some broad aims
1018,2018-01-24 21:05:18.000000000,2018-01-26 00:30:38.000000000,closed,2,Proc binding fixes
1017,2018-01-24 19:57:20.000000000,2018-01-25 16:59:41.000000000,closed,3,Cleanup IO::InternalBuffer
1016,2018-01-24 17:31:04.000000000,2018-01-24 20:06:23.000000000,closed,0,Fix svm image build
1015,2018-01-24 06:40:50.000000000,2018-01-25 03:21:30.000000000,closed,0,Update master copyright year in the README
1014,2018-01-24 01:13:03.000000000,2018-01-24 01:52:14.000000000,closed,0,After move fixes
1013,2018-01-24 00:55:15.000000000,2018-01-29 19:31:08.000000000,closed,0,mri zlib tests
1012,2018-01-23 14:52:14.000000000,2018-01-23 18:38:17.000000000,closed,2,Remove pr-zlib leftovers
1011,2018-01-23 01:04:37.000000000,2018-01-23 14:08:10.000000000,closed,0,Update Truffle
1010,2018-01-22 19:00:30.000000000,2018-01-24 15:31:41.000000000,closed,2,Remove SnippetNode
1009,2018-01-22 18:45:39.000000000,2018-01-22 20:34:03.000000000,closed,1,Only update the Truffle import if not shared with TruffleRuby as a source suite
1008,2018-01-22 14:01:11.000000000,2018-01-22 16:00:19.000000000,closed,2,Weekly update of Truffle and Graal
1007,2018-01-22 07:32:23.000000000,2018-01-22 18:36:41.000000000,closed,4,Enable Rupocop style check for block delimiters.
1006,2018-01-21 17:10:45.000000000,2018-01-22 16:01:54.000000000,closed,0,Use properties instead of ENV vars to configure the native image
1005,2018-01-20 21:59:20.000000000,2018-01-22 17:11:14.000000000,closed,0,Use a simple helper for @CoreMethod enumeratorSize
1004,2018-01-20 18:09:48.000000000,2018-01-22 15:59:36.000000000,closed,0,Join threads in finalizeContext()
1003,2018-01-20 04:21:31.000000000,2018-01-22 16:18:54.000000000,closed,4,Move most of Psych::Parser#parse in Ruby
1002,2018-01-20 01:58:40.000000000,2018-01-22 16:02:12.000000000,closed,7,Remove most SnippetNode usages
1001,2018-01-20 01:17:31.000000000,2018-01-26 20:45:44.000000000,closed,5,Unroll loop for Array#each where the array only contains a single element.
1000,2018-01-20 00:20:50.000000000,2018-05-03 02:05:06.000000000,closed,1,New reenter debug test
999,2018-01-19 20:13:20.000000000,2018-01-24 17:44:57.000000000,closed,0,Test c backtrace with full paths
998,2018-01-19 18:24:50.000000000,2018-01-19 19:39:05.000000000,closed,0,Update the Rails test app
997,2018-01-19 16:57:04.000000000,2018-01-19 17:38:51.000000000,closed,0,Update Truffle
996,2018-01-19 14:45:58.000000000,2018-01-19 15:22:49.000000000,closed,0,Rename openssl spec group to library_cext
995,2018-01-19 05:53:38.000000000,2018-01-19 17:39:12.000000000,closed,1,Update Truffle
994,2018-01-19 05:15:47.000000000,2018-01-19 05:51:12.000000000,closed,1,Update Truffle
993,2018-01-19 04:59:20.000000000,2018-01-19 05:13:51.000000000,closed,1,Update Truffle
992,2018-01-19 01:25:48.000000000,2018-01-19 14:28:49.000000000,closed,1,Support jt --[re]build <command>
991,2018-01-19 01:19:51.000000000,2018-01-19 19:46:57.000000000,closed,1,Make sure the number for ABRT signal does not lead to IOT
990,2018-01-18 23:43:56.000000000,2018-01-19 19:49:03.000000000,closed,0,Small tidy up of special variable declarations.
989,2018-01-18 22:07:46.000000000,2018-01-18 22:46:39.000000000,closed,0," Add ""mx ruby"" for consistency with other mx projects"
988,2018-01-18 20:38:22.000000000,2018-01-18 23:43:35.000000000,closed,0,EXISTING must be set if any other flag is set
987,2018-01-18 20:18:05.000000000,2018-01-19 21:29:10.000000000,closed,1,Improve footprint in StringNode
986,2018-01-18 00:36:34.000000000,2018-01-18 04:34:54.000000000,closed,0,"Remove support for ""jt build <some other command>"""
985,2018-01-17 19:45:59.000000000,2018-01-18 18:15:20.000000000,closed,1,FIx rails-app and document how to investigate the server
984,2018-01-17 18:09:02.000000000,2018-01-19 04:57:08.000000000,closed,5,Update Truffle
983,2018-01-17 00:44:33.000000000,2018-01-17 06:10:05.000000000,closed,0,Revert #886 due to a benchmark regression.
982,2018-01-16 15:51:52.000000000,2018-01-16 17:00:31.000000000,closed,0,Signal fixes
981,2018-01-16 03:46:01.000000000,2018-04-15 10:05:40.000000000,closed,1,LazyRubyNode should have a lazy source section
980,2018-01-16 02:25:09.000000000,2018-01-16 02:58:36.000000000,closed,0,"Fix ""jt build native sulong"" to ensure sulong-libs are in the distribution"
979,2018-01-16 01:23:21.000000000,2018-01-17 16:50:08.000000000,closed,0,Remaining variable cleanup
978,2018-01-15 16:41:19.000000000,2018-01-15 21:08:19.000000000,closed,0,Move All match setting over to set_last_match method.
977,2018-01-13 17:05:34.000000000,2018-01-15 22:27:43.000000000,closed,1,"Automatically set llvm.libraryPath with ""jt build native sulong"""
976,2018-01-13 17:01:17.000000000,2018-01-15 17:17:52.000000000,closed,0,Use Truffle.privately in Kernel#define_singleton_method
975,2018-01-12 22:13:10.000000000,2018-01-13 01:12:19.000000000,closed,0,Handle frozen_error_class
974,2018-01-12 21:35:32.000000000,2018-01-19 12:40:17.000000000,closed,10,Replace pr-zlib with zlib
973,2018-01-12 21:15:32.000000000,2018-01-12 23:42:25.000000000,closed,0,Fix rb_ull2inum()
972,2018-01-12 21:13:19.000000000,2018-01-12 23:51:21.000000000,closed,0,Check alias won't hide a global and record alias against original.
971,2018-01-12 20:14:56.000000000,2018-01-12 21:27:45.000000000,closed,1,Do not deadlock when the DSL checkers fail
970,2018-01-12 19:21:59.000000000,2018-01-13 00:13:12.000000000,closed,7,Fix our DSL checks to look at the correct arguments.
969,2018-01-12 04:17:51.000000000,2018-01-12 06:06:37.000000000,closed,0,Simplify character_printable_p primitive
968,2018-01-12 02:46:57.000000000,2018-01-12 06:06:55.000000000,closed,0,Implement ASCII helper functions for C extensions.
967,2018-01-12 02:28:24.000000000,2018-01-14 20:18:18.000000000,closed,4,Implement Hash#transform_keys! and #transform_keys! from Ruby 2.5
966,2018-01-11 21:13:56.000000000,2018-01-11 22:14:09.000000000,closed,1,"Don't read org.graalvm.version property in static initializer, It's not set yet"
965,2018-01-11 19:09:35.000000000,2018-01-11 20:02:34.000000000,closed,0,Finalizer cleanup
964,2018-01-11 18:56:15.000000000,2018-01-17 18:47:23.000000000,closed,3,Implement Hash#compact and Hash#compact!
963,2018-01-11 18:56:07.000000000,2018-01-12 05:09:28.000000000,closed,0,Add File.empty?
962,2018-01-11 16:36:01.000000000,2018-01-11 17:10:03.000000000,closed,0,Tolerate 0.n-dev GraalVM versions
961,2018-01-11 07:58:57.000000000,2018-01-11 17:22:46.000000000,closed,0,Don't use null or empty strings for frame slot identifiers
960,2018-01-11 03:47:56.000000000,2018-01-17 15:59:12.000000000,closed,2,New interop messages
959,2018-01-11 02:56:25.000000000,2018-07-03 18:41:51.000000000,closed,15,Repeatedly initializing a new OptCarrot-instance breaks the VM
958,2018-01-11 00:36:19.000000000,2018-01-11 01:16:23.000000000,closed,0,Fix array element set
957,2018-01-10 23:26:13.000000000,2018-01-11 00:20:33.000000000,closed,0,Simplify Module#const_missing spec by using private visibility
956,2018-01-10 22:51:55.000000000,2018-01-11 01:59:10.000000000,closed,2,Move FFI out of core
955,2018-01-10 22:15:44.000000000,2018-01-10 22:55:30.000000000,closed,0,Report build revision for RUBY_ENGINE_VERSION when version is set to magic string 'dev'.
954,2018-01-10 19:22:00.000000000,2018-01-13 01:42:20.000000000,closed,0,Tidy up remaining thread and frame local regexp code.
953,2018-01-10 02:52:49.000000000,2018-01-10 15:29:32.000000000,closed,0,Fix const_missing visibility
952,2018-01-10 02:23:53.000000000,2018-01-11 00:21:44.000000000,closed,1,Implement Hash#transform_values and #transform_values! from Ruby 2.4
951,2018-01-10 00:22:28.000000000,2018-01-10 17:38:10.000000000,closed,0,Io hooked vars
950,2018-01-09 21:39:40.000000000,2018-01-10 00:54:23.000000000,closed,0,String and encoding clean up
949,2018-01-09 21:38:53.000000000,2018-01-11 02:10:40.000000000,closed,0,Eliminate an unnecessary block serving as a pass-through proxy.
948,2018-01-09 20:55:06.000000000,2018-01-09 21:36:33.000000000,closed,0,Fully qualify POSIX method calls so it's clear they're attached functâ¦
947,2018-01-09 17:41:29.000000000,2018-01-09 18:46:34.000000000,closed,0,Add a generic way to pretend having a different RUBY_VERSION and document it
946,2018-01-09 16:42:23.000000000,2018-01-09 23:46:00.000000000,closed,2,Regexp hooked vars
945,2018-01-09 10:00:12.000000000,2018-01-09 18:12:51.000000000,closed,0,Remove obsoleted ruby-progressbar patch.
944,2018-01-09 09:04:20.000000000,2018-01-09 21:22:02.000000000,closed,0,Fix rope equality hacks
943,2018-01-09 08:09:07.000000000,2018-01-11 00:21:19.000000000,closed,6,Implement Enumerable predicate method patterns
942,2018-01-09 06:03:25.000000000,2018-01-10 16:01:34.000000000,closed,2,Implement Method#===
941,2018-01-09 03:17:26.000000000,2018-01-09 04:21:13.000000000,closed,0,Run Ruby 2.4 and 2.5 specs we pass in CI
940,2018-01-09 02:16:10.000000000,2018-01-09 03:24:44.000000000,closed,0,Fix problems in the rope cache
939,2018-01-09 00:03:28.000000000,2018-01-09 03:11:32.000000000,closed,3,Implement Integer#digits
938,2018-01-08 22:22:14.000000000,2018-01-09 21:44:16.000000000,closed,7,Add parsing/translation/execution metrics
937,2018-01-08 20:10:47.000000000,2018-01-08 21:43:40.000000000,closed,1,Update copyright years for files modified in 2018.
936,2018-01-08 03:08:45.000000000,2018-01-08 19:45:55.000000000,closed,8,Build information
935,2018-01-07 23:04:52.000000000,2018-01-08 18:21:22.000000000,closed,2,Improve pointer ops
934,2018-01-07 10:48:10.000000000,2018-01-07 23:04:52.000000000,closed,0,Include RSS MRI tests
933,2018-01-07 05:43:42.000000000,2018-01-07 23:05:00.000000000,closed,0,Implement rb_ary_cat
932,2018-01-05 22:33:10.000000000,2018-01-05 23:06:38.000000000,closed,0,Fix DeclarationContext for blocks
931,2018-01-05 21:33:20.000000000,2018-01-09 19:52:41.000000000,closed,1,Thread hooked vars
930,2018-01-05 18:53:08.000000000,2018-01-05 20:29:42.000000000,closed,0,Bindings for hooked vars
929,2018-01-05 16:49:18.000000000,2018-01-05 19:04:15.000000000,closed,0,Change frame and thread local nodes to allow access from Ruby.
928,2018-01-05 16:29:42.000000000,2018-01-05 17:43:20.000000000,closed,1,Remove UnexpectedResultException in ToSNode
927,2018-01-05 03:28:34.000000000,2018-01-05 17:43:32.000000000,closed,0,[GR-5148] Implement meta object as a custom TruffleObject
926,2018-01-04 22:06:24.000000000,2018-01-05 00:51:32.000000000,closed,2,DeclarationContext fixes
925,2018-01-04 15:41:15.000000000,2018-01-05 17:56:57.000000000,closed,0,Fix defined? behaviour for standard globals and allow hooked variables specify it.
924,2018-01-04 05:27:53.000000000,2018-04-15 10:02:08.000000000,closed,1,Switch to NativePRNGNonBlocking
923,2018-01-04 04:38:28.000000000,2018-01-04 21:17:23.000000000,closed,0,Start some notes on known vulnerabilities
922,2018-01-04 01:46:10.000000000,2018-01-18 23:15:45.000000000,closed,3,Change our yield implementation to allow caller frames to be efficiently accessed by blocks when required.
921,2018-01-04 00:35:56.000000000,2018-01-04 01:17:35.000000000,closed,0,Add a simple code reformatter for the generated parser so code alignsâ¦
920,2018-01-03 23:13:31.000000000,2018-01-04 03:30:24.000000000,closed,0,Simplify the nodes handling method definition
919,2018-01-03 20:36:56.000000000,2018-01-11 02:58:08.000000000,closed,16,Running the Optcarrot benchmark iteratively in the same VM results in a core dump
918,2018-01-03 05:27:15.000000000,2018-01-04 04:16:50.000000000,closed,0,Changes to hashing
917,2018-01-03 03:24:33.000000000,2018-01-03 20:05:20.000000000,closed,2,Fix jt build native for macOS
916,2018-01-03 01:04:34.000000000,2018-01-04 00:33:28.000000000,closed,0,More code clean ups
915,2018-01-02 23:01:24.000000000,2018-01-02 23:32:43.000000000,closed,0,Implement Kernel#public_method
914,2018-01-02 21:43:30.000000000,2018-01-02 23:25:21.000000000,closed,0,Code clean ups
913,2018-01-01 23:56:50.000000000,2018-01-02 17:07:16.000000000,closed,0,Add more boundaries for SVM
912,2018-01-01 23:48:19.000000000,2018-01-02 18:21:02.000000000,closed,2,Remove SipHash and fix random seed per process with SVM
911,2018-01-01 20:57:55.000000000,2018-01-01 23:58:25.000000000,closed,6,Rename executeVoid so the DSL does not generate useless methods
910,2018-01-01 19:10:05.000000000,2018-01-02 21:44:24.000000000,closed,0,Optimize string_character_byte_index for the common cases
909,2017-12-31 21:24:29.000000000,2018-01-01 20:58:30.000000000,closed,2,Add a stubbed implementation of refinements to experiment
908,2017-12-31 21:15:39.000000000,2018-01-01 17:08:48.000000000,closed,0,Re-enable compile immediately test and fix line of TracePoints
907,2017-12-31 21:13:43.000000000,2018-01-01 20:59:05.000000000,closed,3,"Add Regexp#match?, String#match? and Symbol#match?"
906,2017-12-31 02:17:13.000000000,2017-12-31 04:44:19.000000000,closed,0,Fixes for require
905,2017-12-31 00:44:15.000000000,2017-12-31 14:34:14.000000000,closed,1,Move RbConfig out of the core
904,2017-12-30 22:35:01.000000000,2017-12-31 02:18:35.000000000,closed,0,Fix Thread.current with a Fiber pool
903,2017-12-30 22:04:03.000000000,2017-12-31 02:18:34.000000000,closed,4,Thread#current and Fiber#transfer gets the wrong Ruby Thread due to Fiber pooling
902,2017-12-30 09:03:41.000000000,2017-12-30 15:48:10.000000000,closed,1,Fix message raised when native image is missing.
901,2017-12-30 03:23:55.000000000,2017-12-30 21:51:16.000000000,closed,2,Support RubyInline and move cext.rb outside of core
900,2017-12-29 22:11:48.000000000,2017-12-29 23:29:00.000000000,closed,2,Faster readlines
899,2017-12-28 22:40:01.000000000,2017-12-29 02:25:28.000000000,closed,2,Make RUBY_RELEASE_DATE specs work across the new year
898,2017-12-28 04:21:37.000000000,2017-12-28 22:01:48.000000000,closed,0,Add some more specs and docs around how we identify TruffleRuby
897,2017-12-28 02:31:52.000000000,2017-12-28 02:35:12.000000000,closed,1,Replace tabs by 8 spaces in lib/truffle
896,2017-12-27 22:54:43.000000000,2017-12-28 17:38:19.000000000,closed,0,Fix parsing of `%r` style regexp literals when escaping the terminator.
895,2017-12-27 22:28:15.000000000,2017-12-28 04:21:27.000000000,closed,6,Make the old RubySL code meet our style
894,2017-12-27 21:40:34.000000000,2017-12-27 22:24:32.000000000,closed,0,Merge RubySL
893,2017-12-27 20:35:59.000000000,2017-12-27 22:01:22.000000000,closed,0,Update specs
892,2017-12-27 16:33:55.000000000,2017-12-27 18:59:43.000000000,closed,0,Cleanup benchmarks
891,2017-12-24 23:48:07.000000000,2017-12-27 18:59:07.000000000,closed,0,Some legal updates
890,2017-12-24 18:21:29.000000000,2017-12-28 22:02:01.000000000,closed,1,"Refer to native, rather than AOT, in almost all cases"
889,2017-12-24 02:56:37.000000000,2018-03-20 17:36:06.000000000,closed,1,Update to MRI 2.3.6
888,2017-12-22 21:00:20.000000000,2017-12-23 00:54:55.000000000,closed,0,Check type last line number global
887,2017-12-22 15:57:03.000000000,2017-12-23 00:10:10.000000000,closed,4,Fix the inlined String#bytesize for instances of subclasses of String
886,2017-12-22 08:15:31.000000000,2017-12-23 21:36:24.000000000,closed,4,Upgrade the version of asciidoctor used for benchmarks because the previous had a dependency on a version of the 'yard' gem with a security vulnerability.
885,2017-12-22 07:18:07.000000000,2017-12-22 07:51:18.000000000,closed,0,Remove JRuby from class names since we're no longer part of JRuby.
884,2017-12-22 03:39:27.000000000,2017-12-27 21:18:18.000000000,closed,10,Remove the name 'Rubinius'
883,2017-12-21 22:18:15.000000000,2017-12-22 04:36:16.000000000,closed,0,Add an inlined String#bytesize.
882,2017-12-21 04:21:06.000000000,2017-12-21 06:53:14.000000000,closed,0,Update Truffle
881,2017-12-20 18:37:10.000000000,2017-12-20 21:42:39.000000000,closed,2,Fix case/when and cleanup the translators
880,2017-12-20 02:39:12.000000000,2017-12-21 22:06:30.000000000,closed,3,Use Java's Timsort implementation for primitive arrays when the represented Ruby class hasn't been modified.
879,2017-12-19 19:29:43.000000000,2017-12-20 21:41:47.000000000,closed,1,Rewrite and optimize Array#[]=
878,2017-12-19 17:22:40.000000000,2018-02-21 13:23:37.000000000,closed,5,Setting `--native` in `TRUFFLERUBYOPT` gives error
877,2017-12-19 15:54:44.000000000,2017-12-19 20:45:48.000000000,closed,1,Small fixes in workflow documentation
876,2017-12-19 00:22:14.000000000,2018-01-19 16:04:46.000000000,closed,1,Fix the semantics of IO.autoclose and remove a WEBrick patch.
875,2017-12-18 23:56:32.000000000,2017-12-19 07:29:19.000000000,closed,5,Build svm graal core
874,2017-12-18 23:14:00.000000000,2017-12-19 00:18:35.000000000,closed,0,Improve startup time by executing less code during core loading
873,2017-12-18 18:48:31.000000000,2017-12-18 20:44:28.000000000,closed,0,Enable basic Checkstyle rules
872,2017-12-18 15:11:18.000000000,2017-12-18 15:15:24.000000000,closed,1,Tag unstable specs as they depend on the length of cwd
871,2017-12-18 05:20:23.000000000,2017-12-18 17:07:43.000000000,closed,2,Reimplement the StrftimeLexer manually
870,2017-12-18 03:34:04.000000000,2017-12-18 05:26:40.000000000,closed,0,Update the copyright of parser files
869,2017-12-17 20:43:09.000000000,2017-12-18 01:04:33.000000000,closed,0,Add copyright headers to files from JRuby which didn't come with their own headers
868,2017-12-17 20:31:53.000000000,2017-12-18 02:50:19.000000000,closed,2,Configure GitHub language stats
867,2017-12-17 20:12:11.000000000,2017-12-17 23:49:29.000000000,closed,2,Fix race in ObjectGraph.stopAndGetRootObjects()
866,2017-12-16 23:03:07.000000000,2017-12-17 00:27:30.000000000,closed,0,Fix Queue and SizedQueue boundaries
865,2017-12-16 15:50:36.000000000,2017-12-17 16:25:47.000000000,closed,0,Write Integer#times in Ruby
864,2017-12-16 04:20:53.000000000,2017-12-16 14:35:16.000000000,closed,0,Run MRI tests on fast machines as they take a while
863,2017-12-16 04:03:11.000000000,2017-12-16 22:34:28.000000000,closed,1,Update copyrights
862,2017-12-16 03:03:51.000000000,2017-12-16 04:02:35.000000000,closed,0,Fix warnings
861,2017-12-15 15:35:38.000000000,2017-12-15 18:18:56.000000000,closed,0,Move files required by RubyGems under lib/truffle instead of lib/patching
860,2017-12-15 10:24:33.000000000,2018-01-07 22:16:51.000000000,closed,16,Refinements
859,2017-12-14 20:33:08.000000000,2017-12-14 21:35:48.000000000,closed,0,Store native image build config in TruffleRuby repo
858,2017-12-14 19:07:05.000000000,2017-12-15 15:54:00.000000000,closed,0,"Optimize Complex(Integer, Integer) and Complex#abs"
857,2017-12-14 17:00:17.000000000,2017-12-14 18:11:00.000000000,closed,0,Update overlay to fix the CI
856,2017-12-14 16:07:01.000000000,2017-12-14 19:05:41.000000000,closed,0,Remove the license header in mx.truffleruby/suite.py
855,2017-12-14 15:00:36.000000000,2017-12-14 17:39:18.000000000,closed,0,Number conversions
854,2017-12-13 23:38:15.000000000,2017-12-14 00:18:55.000000000,closed,0,Update Truffle
853,2017-12-13 23:10:55.000000000,2017-12-15 21:16:42.000000000,closed,1,Run most of RubyGems tests
852,2017-12-13 18:35:31.000000000,2017-12-13 19:26:25.000000000,closed,0,Removes the rubysl version of WEBRick and replaces it with the MRI version.
851,2017-12-13 03:21:08.000000000,2017-12-13 03:49:41.000000000,closed,1,Suppress 'implausibly old timestamp' warning messages when using tar â¦
850,2017-12-12 23:30:44.000000000,2017-12-12 23:58:36.000000000,closed,0,Temporarily patch ruby-progressbar to work around its use of refinements.
849,2017-12-12 19:57:01.000000000,2017-12-12 21:25:25.000000000,closed,1,Update Bundler :ruby platform check to work on ruby implementations other than TruffleRuby.
848,2017-12-12 19:22:18.000000000,2017-12-12 19:42:57.000000000,closed,0,Allow TruffleRuby to work with the :ruby platform value in Bundler.
847,2017-12-12 03:01:43.000000000,2017-12-12 03:28:38.000000000,closed,0,Update Truffle to sync up with Sulong.
846,2017-12-12 00:37:17.000000000,2017-12-12 01:33:15.000000000,closed,0,Allow the linker to continue even if we can't find a lib on the search path.
845,2017-12-12 00:05:05.000000000,2017-12-18 02:51:30.000000000,closed,1,Misc clean ups
844,2017-12-11 22:51:36.000000000,2017-12-12 17:37:49.000000000,closed,0,Honor $JAVA_OPTS and $TRUFFLERUBYOPT with make-distribution.sh
843,2017-12-11 22:07:35.000000000,2017-12-18 02:50:32.000000000,closed,0,Note C extension spec compatibility
842,2017-12-11 03:41:56.000000000,2017-12-18 02:50:49.000000000,closed,0,Handle edge case min values for numeric left shift
841,2017-12-11 02:55:22.000000000,2017-12-11 16:15:14.000000000,closed,0,Add warning to Bignum#<=> to pass comparison spec
840,2017-12-11 01:57:29.000000000,2017-12-11 16:39:07.000000000,closed,0,Kernel#raise set exception cause to $!
839,2017-12-10 19:48:26.000000000,2017-12-11 19:23:09.000000000,closed,0,Distribution fixes
838,2017-12-10 16:27:08.000000000,2017-12-11 16:05:08.000000000,closed,0,Rename RubiniusConfiguration to NativeConfiguration
837,2017-12-10 16:19:30.000000000,2017-12-11 16:04:43.000000000,closed,0,Remove unused POSIX interfaces
836,2017-12-10 10:29:53.000000000,2017-12-18 02:51:02.000000000,closed,0,"Implement Enumerable#{min_by, max_by} with count"
835,2017-12-10 04:29:31.000000000,2017-12-10 15:26:12.000000000,closed,0,"Fix Hash#{to_s, inspect} implementation"
834,2017-12-09 11:15:48.000000000,2017-12-10 15:25:45.000000000,closed,0,Add tag and value attributes to UncaughtThrowError
833,2017-12-09 10:40:20.000000000,2017-12-10 16:29:29.000000000,closed,0,Raise NoMethodError when method_missing is not defined
832,2017-12-09 05:22:48.000000000,2017-12-09 06:59:22.000000000,closed,0,Untag passing array spec and spelling correction in exception specs
831,2017-12-09 05:17:39.000000000,2017-12-11 22:38:51.000000000,closed,1,Add Module#attr warning for boolean argument
830,2017-12-08 23:29:40.000000000,2017-12-20 21:46:10.000000000,closed,1,Rescue IO errors in blocking IO calls caused by non-blocking files.
829,2017-12-08 22:53:44.000000000,2017-12-09 01:04:26.000000000,closed,0,Allow to build a Time instance with seconds=60 like MRI
828,2017-12-08 21:13:18.000000000,2017-12-09 01:38:27.000000000,closed,0,A couple of README tweaks
827,2017-12-08 15:47:37.000000000,2017-12-08 17:17:41.000000000,closed,0,Mention signals are ignored in single-threaded mode
826,2017-12-08 05:12:30.000000000,2017-12-08 06:24:54.000000000,closed,0,Update JVMCI
825,2017-12-08 02:40:42.000000000,2017-12-08 21:11:29.000000000,closed,3,Fix tzinfo bugs
824,2017-12-08 02:30:50.000000000,2017-12-09 01:04:26.000000000,closed,2,Leap seconds not supported
823,2017-12-07 19:45:06.000000000,2017-12-07 20:17:03.000000000,closed,0,Use the new TruffleContext to avoid creating extra threads when receiving signals
822,2017-12-07 18:09:54.000000000,2017-12-07 19:12:40.000000000,closed,0,Avoid Timeout and Threads when not needed
821,2017-12-07 01:12:06.000000000,2017-12-07 21:25:42.000000000,closed,0,Add an option for single-threaded mode
820,2017-12-06 21:34:02.000000000,2017-12-07 19:29:44.000000000,closed,0,Support sqlite3 gem
819,2017-12-06 11:20:36.000000000,2017-12-10 16:50:38.000000000,closed,1,Fix Interrupt message specs
818,2017-12-05 22:02:02.000000000,2017-12-07 21:16:52.000000000,closed,0,Fix all non in-place mode ARGF specs.
817,2017-12-05 05:20:24.000000000,2017-12-05 05:39:03.000000000,closed,0,Fix patching of the thread_safe gem.
816,2017-12-05 04:20:42.000000000,2017-12-05 07:09:36.000000000,closed,2,Flatten RubySL
815,2017-12-05 00:58:33.000000000,2017-12-05 01:37:36.000000000,closed,1,"We can run the 'unf' native extension, so no need to patch 'unf' any â¦"
814,2017-12-04 21:07:12.000000000,2017-12-05 01:20:00.000000000,closed,1,Document the use of trace flags when examining performance
813,2017-12-04 18:31:41.000000000,2017-12-12 21:28:20.000000000,closed,7,Merge cext fixes discovered while working on zlib
812,2017-12-04 15:03:57.000000000,2017-12-04 17:19:04.000000000,closed,1,Cleanup nodes converting to java String
811,2017-12-04 08:53:33.000000000,2017-12-05 10:11:37.000000000,closed,1,Store invalid name in the name error
810,2017-12-04 04:50:42.000000000,2017-12-05 19:30:49.000000000,closed,0,Raise TypeError for Class.new when superclass is not a Class
809,2017-12-04 04:08:02.000000000,2017-12-09 01:38:54.000000000,closed,0,Update rb_inspect to fix array to_s spec
808,2017-12-04 01:14:51.000000000,2017-12-05 19:47:22.000000000,closed,0,Implement Kernel#sprintf for float format a/A
807,2017-12-03 20:46:29.000000000,2017-12-04 19:52:13.000000000,closed,1,Improve loading time for patching
806,2017-12-03 18:46:29.000000000,2017-12-03 20:32:05.000000000,closed,6,Increase the default Metaspace size to avoid a Full GC during startup
805,2017-12-02 03:56:09.000000000,2017-12-03 20:31:54.000000000,closed,4,Native platform option
804,2017-12-02 03:28:42.000000000,2017-12-02 13:25:05.000000000,closed,2,Add make string from rope builder
803,2017-12-02 00:35:39.000000000,2017-12-02 01:53:26.000000000,closed,0,"Projects and Distributions only handle the singular attribute ""license"""
802,2017-12-01 22:31:07.000000000,2017-12-02 02:49:28.000000000,closed,0,Merge the release branch
801,2017-12-01 21:54:19.000000000,2017-12-01 22:28:35.000000000,closed,0,Update specs and implement a couple TracePoint methods
800,2017-12-01 20:36:38.000000000,2017-12-02 02:00:22.000000000,closed,0,Allow numeric arguments to File.utime.
799,2017-12-01 15:05:43.000000000,2018-02-03 04:54:53.000000000,closed,2,cext.rb does not need to be loaded in core
798,2017-12-01 10:51:24.000000000,2017-12-01 14:55:34.000000000,closed,0,Typo fix: 'ployglot' -> 'polyglot'.
797,2017-12-01 08:40:02.000000000,2017-12-01 14:53:23.000000000,closed,0,Faster from_bytearray primitive
796,2017-12-01 05:40:44.000000000,2017-12-01 21:59:13.000000000,closed,0,Improved lib name standardization
795,2017-12-01 01:54:52.000000000,2017-12-01 14:45:57.000000000,closed,1,Use the fact that FFI::MemoryPointer.new(&block) returns the value of the block
794,2017-11-30 23:03:18.000000000,2017-12-01 21:50:13.000000000,closed,0,Legal docs update
793,2017-11-30 13:43:55.000000000,2017-11-30 15:10:45.000000000,closed,6,Show more than default 100 errors
792,2017-11-30 13:43:03.000000000,2018-02-15 00:49:12.000000000,closed,21,"""Reverse Complement""  benchmark slower than MRI"
791,2017-11-29 21:02:08.000000000,2017-11-30 02:25:11.000000000,closed,0,Use the native config for constants in java instead of jnr-constants
790,2017-11-29 20:41:23.000000000,2017-11-30 00:59:29.000000000,closed,0,update rbenv doc
789,2017-11-29 20:21:56.000000000,2017-12-04 22:06:44.000000000,closed,1,Nokogiri patches
788,2017-11-29 20:15:50.000000000,2017-11-30 20:49:06.000000000,closed,0,Nokogiri memory management
787,2017-11-29 20:04:37.000000000,2018-01-22 22:00:12.000000000,closed,3,Delay exception message formatting to match MRI.
786,2017-11-29 18:40:08.000000000,2017-11-29 20:09:44.000000000,closed,0,Cleanup DefaultRubiniusConfiguration
785,2017-11-29 16:07:47.000000000,2017-11-29 18:39:45.000000000,closed,0,Abstract registering signal handlers
784,2017-11-29 06:23:41.000000000,2017-12-01 05:28:38.000000000,closed,2,Ugly hack for loading libm on Debian-based systems.
783,2017-11-29 02:35:26.000000000,2017-11-29 03:26:56.000000000,closed,0,Enhance make string
782,2017-11-29 01:39:20.000000000,2017-11-29 14:07:51.000000000,closed,0,Add missing include for minor()/major()
781,2017-11-28 23:45:59.000000000,2017-11-29 02:17:15.000000000,closed,0,Update code patterns to use a simpler example
780,2017-11-28 20:49:48.000000000,2017-11-29 16:07:32.000000000,closed,2,Remove native platform abstraction
779,2017-11-28 19:41:31.000000000,2017-11-28 23:13:31.000000000,closed,0,Fix rubysl-socket null pointer checks
778,2017-11-28 19:32:54.000000000,2017-11-28 20:12:19.000000000,closed,0,Flatten signals
777,2017-11-28 18:20:04.000000000,2017-11-28 23:13:09.000000000,closed,3,Add a tool to generate the native configuration
776,2017-11-28 15:31:13.000000000,2017-11-28 19:21:26.000000000,closed,0,Restrict the File.utime spec with large times to Linux 64-bit
775,2017-11-28 03:17:24.000000000,2017-11-28 11:11:48.000000000,closed,1,Update spec completeness
774,2017-11-27 22:48:44.000000000,2017-11-28 16:47:53.000000000,closed,0,Fix declaration warnings and enable java in no_extra_output tests.
773,2017-11-27 21:47:23.000000000,2017-11-27 22:32:23.000000000,closed,1,Avoid nil comparisons on foreign objects in Java interop code.
772,2017-11-27 20:34:42.000000000,2017-11-27 21:33:09.000000000,closed,4,Add an integration test verifying there is no extra output
771,2017-11-27 02:48:19.000000000,2017-11-29 15:53:14.000000000,closed,2,Fix argument parsing error for assert_in_out_err
770,2017-11-26 21:40:48.000000000,2017-12-11 02:18:46.000000000,closed,2,Add local jump error to return node
769,2017-11-26 11:24:36.000000000,2017-11-27 21:46:20.000000000,closed,0,Add Kernel#lambda proc without block warning
768,2017-11-26 03:47:02.000000000,2017-11-27 20:39:48.000000000,closed,1,Fix RubySL::Socket.aliases_for_hostname
767,2017-11-26 03:17:47.000000000,2017-11-26 03:50:12.000000000,closed,0,Fix warnings when loading rubysl-socket
766,2017-11-26 01:44:53.000000000,2017-11-27 21:45:42.000000000,closed,0,Avoid struct definitions from config in core
765,2017-11-26 01:25:07.000000000,2017-11-28 15:05:40.000000000,closed,0,Handle nested hashes for duplicate key warning
764,2017-11-25 18:46:54.000000000,2017-11-25 21:02:23.000000000,closed,0,Warnings fixes
763,2017-11-25 10:04:54.000000000,2017-11-25 15:52:27.000000000,closed,0,Untag optional assignment specs
762,2017-11-25 09:47:35.000000000,2017-11-25 15:51:59.000000000,closed,0,Fix regex literal in condition warning
761,2017-11-24 19:59:23.000000000,2017-11-25 15:35:00.000000000,closed,0,Deploy once platform-independent distributions
760,2017-11-24 18:38:44.000000000,2017-11-27 21:44:24.000000000,closed,1,Remove jnr-posix
759,2017-11-24 09:57:59.000000000,2017-11-24 15:16:17.000000000,closed,0,Fix global constant assignment name
758,2017-11-24 08:19:21.000000000,2017-12-18 03:35:55.000000000,closed,11,Add checkstyle config
757,2017-11-23 21:15:24.000000000,2017-11-24 18:12:50.000000000,closed,0,Use NFI for IO.select
756,2017-11-23 16:57:41.000000000,2017-11-24 02:30:51.000000000,closed,1,Use NFI for getcwd()
755,2017-11-23 16:18:47.000000000,2017-11-23 22:01:16.000000000,closed,1,Use NFI for resolving the locale Encoding
754,2017-11-23 00:15:43.000000000,2017-11-23 01:26:34.000000000,closed,0,Avoid allocating a RopeBuilder and byte[] in OutputStreamAdapter.
753,2017-11-22 23:22:29.000000000,2017-11-23 03:35:15.000000000,closed,1,Use the thread-safe getpwnam_r() to find a user home
752,2017-11-22 22:43:07.000000000,2017-11-22 23:31:12.000000000,closed,0,Replace comments about primitive failure by the constant
751,2017-11-22 22:34:22.000000000,2017-11-22 23:30:06.000000000,closed,0,Use NFI for Process.times
750,2017-11-22 20:53:23.000000000,2017-11-22 22:32:36.000000000,closed,0,Use NFI for getting the path to a user home
749,2017-11-22 20:45:59.000000000,2017-11-22 22:04:23.000000000,closed,0,Misc clean ups
748,2017-11-22 19:24:12.000000000,2017-11-22 20:44:15.000000000,closed,4,Add generic specializations for EqualNode and EqNode. 
747,2017-11-22 18:51:46.000000000,2017-11-22 19:20:27.000000000,closed,0,Fix compilation of libtruffleposix for Darwin before Sierra
746,2017-11-22 02:16:41.000000000,2017-11-22 15:46:52.000000000,closed,0,Introduce a NativeFunction abstraction in TruffleNFIPlatform
745,2017-11-21 22:20:58.000000000,2017-11-22 00:07:54.000000000,closed,0,Add documentation for inlined basic operations
744,2017-11-21 21:44:33.000000000,2017-11-21 23:41:18.000000000,closed,0,Use lookupMethodUncached() for uncached method lookups
743,2017-11-21 19:55:37.000000000,2017-11-22 00:56:12.000000000,closed,0,Cleanup IO#popen
742,2017-11-21 11:03:03.000000000,2017-11-23 21:34:36.000000000,closed,0,Warn if class variable is accessed from top level
741,2017-11-21 07:51:48.000000000,2017-11-23 23:09:58.000000000,closed,2,Add previous definition warning for already initialized constants
740,2017-11-21 05:58:32.000000000,2017-11-21 15:14:39.000000000,closed,0,Tag spurious test
739,2017-11-20 21:09:37.000000000,2017-11-20 22:43:50.000000000,closed,0,Simplify logic to find the launcher in rbconfig-for-mkmf.rb
738,2017-11-20 20:51:29.000000000,2017-11-21 22:22:09.000000000,closed,1,Use NFI for posix_spawnp and have our own wrapper
737,2017-11-20 07:18:03.000000000,2017-11-21 02:57:31.000000000,closed,0,Fix lexer code range
736,2017-11-20 00:14:51.000000000,2017-11-22 19:00:59.000000000,closed,0,Use NFI for read()
735,2017-11-19 23:36:30.000000000,2017-11-20 04:40:38.000000000,closed,1,Fix magic comment symbol encoding
734,2017-11-19 21:11:22.000000000,2017-11-19 22:24:01.000000000,closed,0,Fix Time#round
733,2017-11-19 16:51:11.000000000,2017-11-19 21:08:45.000000000,closed,0,Cleanup core loading conditions
732,2017-11-19 07:07:43.000000000,2017-11-20 00:34:33.000000000,closed,0,Warn if constant already initialized
731,2017-11-19 03:53:43.000000000,2017-11-19 16:17:00.000000000,closed,0,Raise EncodingError for symbol with invalid bytes
730,2017-11-19 01:54:59.000000000,2017-11-20 15:49:58.000000000,closed,0,Inline nil? calls in the AST
729,2017-11-19 01:51:19.000000000,2017-11-21 15:14:04.000000000,closed,1,Add Fedora 26 to supported and actively tested platforms
728,2017-11-18 22:12:04.000000000,2017-11-18 23:42:28.000000000,closed,3,Clang version check
727,2017-11-18 17:03:04.000000000,2017-11-18 20:59:11.000000000,closed,2,Add jt pr up to update bb/master
726,2017-11-18 16:53:18.000000000,2017-11-18 17:53:07.000000000,closed,0,Misc
725,2017-11-18 16:25:24.000000000,2017-11-18 22:25:22.000000000,closed,0,We're compatible with macOS 10.13
724,2017-11-17 23:49:23.000000000,2017-11-18 00:39:50.000000000,closed,0,Cleanup Errno since only NFI's errno is used
723,2017-11-17 22:54:43.000000000,2017-11-18 00:09:18.000000000,closed,0,Use NFI for pthread_self()/pthread_kill()
722,2017-11-17 09:19:06.000000000,2017-11-17 17:36:41.000000000,closed,0,Add truffleposix Makefile exclude to gitignore
721,2017-11-16 06:48:42.000000000,2017-11-17 18:03:20.000000000,closed,1,Use NFI for time
720,2017-11-16 06:11:12.000000000,2017-11-17 20:12:06.000000000,closed,1,Use NFI for setting the process title on Darwin
719,2017-11-16 04:07:07.000000000,2017-11-28 03:08:43.000000000,closed,3,Update JVMCI
718,2017-11-15 00:34:31.000000000,2017-11-15 02:12:50.000000000,closed,0,Daily benchmarks
717,2017-11-14 21:47:59.000000000,2017-11-18 21:02:01.000000000,closed,0,Share the same underlying objects when copying a regexp.
716,2017-11-14 15:23:44.000000000,2017-11-21 17:14:11.000000000,closed,3,Attach functions lazily
715,2017-11-14 06:27:25.000000000,2017-11-19 19:25:36.000000000,closed,9,Use the NFI for writing
714,2017-11-14 04:47:31.000000000,2017-11-14 06:42:30.000000000,closed,0,STDERR should always be unbuffered (sync=true)
713,2017-11-14 02:37:33.000000000,2017-11-14 04:14:27.000000000,closed,0,Move a couple socket functions to NFI
712,2017-11-13 19:55:32.000000000,2017-11-25 19:05:08.000000000,closed,0,Refactor unions to produce constant regexps from constant inputs.
711,2017-11-13 19:40:07.000000000,2017-11-29 20:33:37.000000000,closed,0,Produce constant interpolated regexps from constant strings.
710,2017-11-13 00:57:01.000000000,2017-11-13 22:45:02.000000000,closed,0,Switch to a manual include list for RuboCop
709,2017-11-12 16:52:18.000000000,2017-11-13 21:08:01.000000000,closed,0,Move more of IO to NFI
708,2017-11-11 22:33:17.000000000,2017-11-14 00:40:17.000000000,closed,2,Implement FL_TEST and add specs
707,2017-11-10 23:35:18.000000000,2017-11-13 22:02:40.000000000,closed,2,Use NFI for stat
706,2017-11-10 23:19:41.000000000,2018-12-14 19:43:56.000000000,closed,3,No backtrace with two nested rescue
705,2017-11-10 22:26:47.000000000,2017-11-13 22:45:13.000000000,closed,0,Backtraces are slow
704,2017-11-10 16:09:20.000000000,2017-11-10 18:05:18.000000000,closed,0,Always parse -h option since it's not handled by GraalVM launchers
703,2017-11-10 15:29:44.000000000,2017-11-21 03:27:01.000000000,closed,3, Unify ruby launcher finding code
702,2017-11-09 21:49:52.000000000,2018-04-22 17:17:10.000000000,closed,11,SortedSet not using bintree (rbtree)
701,2017-11-09 21:41:03.000000000,2017-11-13 23:37:52.000000000,closed,5,Cache ropes for Regexp#to_s
700,2017-11-09 16:39:31.000000000,2018-01-22 21:19:57.000000000,closed,1,Specialise String#count and String#delete! for constant arguments.
699,2017-11-09 05:50:42.000000000,2017-11-10 02:03:26.000000000,closed,3,Support redcloth gem
698,2017-11-09 04:41:25.000000000,2017-11-09 16:48:22.000000000,closed,0,"We can't create threads while the context is initializing, so delay creating the finalization thread"
697,2017-11-09 02:19:57.000000000,2017-11-09 11:44:05.000000000,closed,10,Performance issue with Contracts gem
696,2017-11-09 00:03:07.000000000,2017-11-09 14:58:04.000000000,closed,0,Fix typo in interop documentation
695,2017-11-08 23:30:42.000000000,2017-11-09 02:34:05.000000000,closed,0,Work around a bug in pr-zlib.
694,2017-11-08 15:50:25.000000000,2017-11-08 19:32:35.000000000,closed,0,SVM now supports Thread.getAllStackTraces()
693,2017-11-08 00:24:04.000000000,2017-11-08 17:43:39.000000000,closed,1,Search for libtrufflenfi under a OS-ARCH directory
692,2017-11-07 20:01:06.000000000,2017-11-07 23:31:54.000000000,closed,0,Fix DateTime.now spec
691,2017-11-07 04:13:04.000000000,2017-11-07 20:35:53.000000000,closed,0,Simpler distribution env setup
690,2017-11-07 03:16:19.000000000,2017-11-07 04:44:11.000000000,closed,0,Improve support for anonymous argument descriptors.
689,2017-11-06 21:24:30.000000000,2017-11-08 15:03:45.000000000,closed,0,Fix finding of libtrufflenfi
688,2017-11-05 15:37:24.000000000,2017-11-06 20:16:47.000000000,closed,4,Deprecate jt run and prefer jt ruby
687,2017-11-05 02:00:32.000000000,2017-11-06 15:05:28.000000000,closed,0,Fix typos in rb files
686,2017-11-05 01:41:20.000000000,2017-11-06 15:05:10.000000000,closed,0,Document project layout
685,2017-11-04 20:59:16.000000000,2017-11-04 23:05:06.000000000,closed,1,Fix typos
684,2017-11-04 20:14:39.000000000,2017-11-09 17:39:50.000000000,closed,2,Header and patch fix for pg
683,2017-11-04 17:43:27.000000000,2017-11-06 20:17:06.000000000,closed,5,Support making a distribution with Graal and JVMCI
682,2017-11-04 03:08:19.000000000,2017-11-04 13:46:27.000000000,closed,0,Document how to run OptCarrot with the SDL2 GUI
681,2017-11-04 02:36:20.000000000,2017-11-04 18:52:12.000000000,closed,0,Do not rely on defaultCharset()
680,2017-11-04 00:58:10.000000000,2017-11-04 02:31:54.000000000,closed,0,Remove decodeUTF8 helpers
679,2017-11-03 22:59:13.000000000,2017-11-04 00:58:36.000000000,closed,0,Untag Dir tests
678,2017-11-03 22:49:01.000000000,2017-11-04 00:37:56.000000000,closed,0,Misc tasks
677,2017-11-03 14:33:02.000000000,2017-11-03 15:53:27.000000000,closed,0,Tag flaky Time and sleep specs
676,2017-11-03 05:59:18.000000000,2017-11-04 01:38:11.000000000,closed,0,Support json 1.8.x
675,2017-11-03 00:48:21.000000000,2017-11-03 22:32:25.000000000,closed,0,Use NFI for Dir and pass almost all specs
674,2017-11-03 00:37:53.000000000,2017-11-03 02:59:13.000000000,closed,0,Enable finalizers in aot
673,2017-11-02 07:50:45.000000000,2017-11-03 00:48:35.000000000,closed,0,Misc string fixes
672,2017-11-02 05:49:03.000000000,2017-11-02 23:40:07.000000000,closed,0,Provide a slighty faster conversion of 7-bit java.lang.String to Ropes.
671,2017-11-01 23:09:59.000000000,2017-11-02 22:15:15.000000000,closed,0,Implement finalizeContext()
670,2017-10-31 19:02:16.000000000,2017-10-31 21:01:35.000000000,closed,0,Improve sleep specs and Kernel#sleep
669,2017-10-30 19:54:46.000000000,2017-10-31 01:50:41.000000000,closed,0,Make the AST copy outside the lock
668,2017-10-30 04:37:19.000000000,2017-10-31 18:26:07.000000000,closed,3,Implement rb_absint_singlebit_p and add spec
667,2017-10-30 00:43:48.000000000,2017-10-31 21:01:18.000000000,closed,0,Use NFI for rubysl-socket
666,2017-10-30 00:02:27.000000000,2017-10-31 18:25:53.000000000,closed,0,Fix rb_ulong2num
665,2017-10-29 22:02:39.000000000,2017-10-31 19:23:30.000000000,closed,0,Untag passing MRI keyword tests
664,2017-10-29 15:37:42.000000000,2017-10-29 16:33:53.000000000,closed,0,Convert strings to bytes for NFI
663,2017-10-29 07:00:09.000000000,2017-11-01 18:16:34.000000000,closed,0,Support 'json' extension
662,2017-10-29 00:42:40.000000000,2017-10-29 19:27:29.000000000,closed,0,Update specs
661,2017-10-28 18:27:42.000000000,2017-10-28 21:53:51.000000000,closed,0,Give deploy priority to deploy jobs
660,2017-10-28 15:03:00.000000000,2017-11-14 06:42:30.000000000,closed,0,$stderr should be flushed before exec
659,2017-10-27 20:02:02.000000000,2017-10-31 19:25:11.000000000,closed,1,String fixes
658,2017-10-27 17:12:54.000000000,2017-10-27 20:07:58.000000000,closed,0,Add ignores for libtruffleposix on Darwin
657,2017-10-27 16:42:09.000000000,2017-10-27 17:34:39.000000000,closed,3,lookupSymbol is replaced by findTopScopes
656,2017-10-27 14:07:03.000000000,2017-10-28 21:56:21.000000000,closed,3,Make attach_function signature more readable
655,2017-10-26 19:23:24.000000000,2017-10-28 18:14:52.000000000,closed,0,Pass -Xhome to mspec with AOT and tags
654,2017-10-26 15:11:49.000000000,2017-10-26 17:01:58.000000000,closed,2,Add a distribution for specs so they can be easily used in other projects
653,2017-10-26 02:11:59.000000000,2017-10-29 17:34:46.000000000,closed,1,NFI cleanup and support blocking calls
652,2017-10-25 13:36:48.000000000,2017-10-25 18:18:27.000000000,closed,0,Make it easy to debug specific CI jobs
651,2017-10-25 13:13:43.000000000,2017-10-25 18:18:42.000000000,closed,0,TruffleBoundary#throwsControlFlowException has been superseded by transferToInterpreterOnException
650,2017-10-25 04:36:27.000000000,2017-10-25 12:07:20.000000000,closed,0,Update for optcarrot
649,2017-10-25 01:41:32.000000000,2017-10-26 00:08:22.000000000,closed,2,Move more functions to NFI
648,2017-10-25 00:42:17.000000000,2017-10-25 12:04:31.000000000,closed,1,Fix the MSpec spinner when there are no specs
647,2017-10-24 20:14:30.000000000,2017-10-24 21:54:32.000000000,closed,0,Translate UnknownIdentifierException
646,2017-10-24 02:42:46.000000000,2017-10-24 16:42:57.000000000,closed,2,Fix the combination of post arguments and keyword arguments
645,2017-10-23 16:43:54.000000000,2017-10-24 21:58:34.000000000,closed,0,Proxy array builder nodes to ease replacement.
644,2017-10-23 16:36:18.000000000,2017-10-23 19:33:22.000000000,closed,0,Use NFI for String#crypt
643,2017-10-22 18:12:22.000000000,2017-10-22 21:02:09.000000000,closed,0,Use NFI for more native calls
642,2017-10-21 22:25:54.000000000,2017-10-24 18:37:50.000000000,closed,11,Make the treatment of strings in interop regular and documented
641,2017-10-21 20:45:20.000000000,2017-10-21 22:04:43.000000000,closed,0,Run all specs on all platforms
640,2017-10-21 17:22:50.000000000,2017-10-21 19:01:29.000000000,closed,0,Workaround an Eclipse bug in the annotation processor
639,2017-10-21 16:33:28.000000000,2017-10-21 17:24:07.000000000,closed,0,Tag failing benchmark
638,2017-10-21 16:01:42.000000000,2017-10-24 14:59:50.000000000,closed,0,Run FindBugs in CI
637,2017-10-20 20:17:37.000000000,2017-10-21 05:01:26.000000000,closed,0,Support cxx extensions
636,2017-10-20 14:37:00.000000000,2017-10-30 17:34:49.000000000,closed,0,Fix LazyRubyNode to only convert a parse tree once.
635,2017-10-19 18:00:53.000000000,2017-10-20 06:39:07.000000000,closed,0,Remove NFI fallback code. We always expect NFI to be available now.
634,2017-10-19 13:22:12.000000000,2017-10-19 19:40:37.000000000,closed,1,Encoding fixes
633,2017-10-19 12:42:37.000000000,2017-10-19 14:42:53.000000000,closed,0,Move more of POSIX to NFI
632,2017-10-19 04:10:18.000000000,2017-10-19 14:43:05.000000000,closed,0,Extend Docker tests a bit
631,2017-10-19 03:33:14.000000000,2017-10-21 05:02:29.000000000,closed,0,Warnings are not capitalised and don't have a full-stop
630,2017-10-19 03:19:16.000000000,2017-10-19 15:00:10.000000000,closed,2,Use MRI's tempfile
629,2017-10-19 03:05:45.000000000,2017-10-19 16:18:30.000000000,closed,0,Remove the Java platform option
628,2017-10-18 20:10:02.000000000,2017-10-18 22:50:23.000000000,closed,0,Use NFI for more POSIX and fix reading errno for NFI calls
627,2017-10-18 05:28:39.000000000,2017-10-19 01:07:55.000000000,closed,1,Upgrade to Ruby 2.3.5
626,2017-10-17 14:23:57.000000000,2017-10-17 15:08:28.000000000,closed,2,Use NFI for basic POSIX
625,2017-10-17 08:18:07.000000000,2017-10-17 12:48:52.000000000,closed,0,Untag passing rb_str_new offset spec
624,2017-10-16 19:45:05.000000000,2017-10-30 19:07:15.000000000,closed,0,Refactor regexp literal name setting and tidy up other areas.
623,2017-10-16 19:43:15.000000000,2017-10-19 03:26:35.000000000,closed,0,Jekyll performance fixes
622,2017-10-16 02:21:51.000000000,2017-10-16 12:52:08.000000000,closed,0,Update truffle.h
621,2017-10-16 01:08:34.000000000,2017-10-16 12:54:30.000000000,closed,0,Add rb_str_new example with offset
620,2017-10-15 23:46:29.000000000,2017-10-16 18:08:20.000000000,closed,3,Support a binary import of Sulong
619,2017-10-15 20:39:07.000000000,2017-10-19 03:26:48.000000000,closed,0,Handle Rational in NUM2DBL
618,2017-10-15 13:34:39.000000000,2017-10-16 13:58:40.000000000,closed,1,"Revert ""Fix mkmf's have_type"""
617,2017-10-15 03:58:09.000000000,2017-10-17 12:50:03.000000000,closed,0,Patch more mysql2 statement.c
616,2017-10-14 00:11:23.000000000,2017-10-15 04:18:20.000000000,closed,0,$VERBOSE should admit truthy values.
615,2017-10-13 22:34:13.000000000,2017-10-14 01:42:40.000000000,closed,0,Add ffi platform methods
614,2017-10-13 16:44:34.000000000,2017-10-13 18:18:10.000000000,closed,0,Update JONI and JCodings
613,2017-10-13 15:23:13.000000000,2017-10-13 18:06:31.000000000,closed,3,Stacktraces on blocked SafepointManager and quit if it takes too long
612,2017-10-13 08:35:44.000000000,2017-10-13 13:45:59.000000000,closed,0,Add rb_yield passing block with each spec
611,2017-10-13 06:35:11.000000000,2017-10-19 03:25:55.000000000,closed,0,Add warning for $SAFE usage
610,2017-10-13 04:28:48.000000000,2017-10-14 14:11:47.000000000,closed,0,Update patching/flags for byebug 8.x
609,2017-10-12 21:12:44.000000000,2017-10-13 17:45:34.000000000,closed,1,Restore Code Patterns documentation
608,2017-10-12 13:21:08.000000000,2017-10-13 17:09:06.000000000,closed,0,Add option --dry-run to jt pr clean;  Move mxbuild deletion to clean command
607,2017-10-11 22:54:46.000000000,2017-10-12 20:54:19.000000000,closed,0,Refactor backtrace creation to fix disabled backtrace handling.
606,2017-10-11 20:34:42.000000000,2017-10-11 21:25:30.000000000,closed,0,Only break if we acquired the lock in lockEvenWithExceptions()
605,2017-10-11 18:03:09.000000000,2017-10-11 20:41:03.000000000,closed,0,Fix mkmf.rb have_type() and cleanup
604,2017-10-11 17:37:39.000000000,2017-10-11 19:14:55.000000000,closed,0,Lock the version of Jay that we use
603,2017-10-11 17:21:05.000000000,2017-10-11 18:12:35.000000000,closed,0,Update legal
602,2017-10-11 17:18:23.000000000,2017-10-13 17:35:20.000000000,closed,0,Regexp match refactor
601,2017-10-11 02:53:14.000000000,2017-10-14 03:01:58.000000000,closed,0,Add fiber micro benchmark
600,2017-10-11 01:40:41.000000000,2017-10-11 13:04:39.000000000,closed,0,Ignore fewer warnings in C exts
599,2017-10-10 21:58:21.000000000,2017-10-11 01:00:39.000000000,closed,0,Allow C extensions with implicit function declarations to build.
598,2017-10-09 20:00:25.000000000,2017-10-09 20:29:45.000000000,closed,0,Make the boot source as internal
597,2017-10-09 16:21:22.000000000,2017-10-09 17:36:54.000000000,closed,0,Continue to improve the C-exts makefile
596,2017-10-08 09:48:48.000000000,2017-10-10 12:36:01.000000000,closed,8,Add C functions which are declared in headers
595,2017-10-07 14:11:36.000000000,2019-08-19 15:35:31.000000000,closed,10,Truffle slower than MRI in standard lib Queue
594,2017-10-06 16:35:28.000000000,2017-10-09 19:19:58.000000000,closed,3,Prepare for name-based LLVM interop.
593,2017-10-05 21:12:40.000000000,2017-10-07 13:18:32.000000000,closed,1,Improve cexts Makefile
592,2017-10-05 19:20:54.000000000,2017-10-05 20:21:13.000000000,closed,0,Recompile spec cexts if ruby.su changed
591,2017-10-04 13:31:50.000000000,2017-10-04 16:10:05.000000000,closed,0,Fix Java 9 documentation typo
590,2017-10-04 08:34:05.000000000,2017-10-04 11:42:49.000000000,closed,0,Include JSON MRI tests
589,2017-10-04 05:54:09.000000000,2017-10-05 00:55:27.000000000,closed,0,"Fix SafeStringValue, add spec"
588,2017-10-04 01:44:30.000000000,2017-10-04 12:15:45.000000000,closed,0,Fix global variables aliases
587,2017-10-03 23:33:07.000000000,2017-10-06 01:59:38.000000000,closed,0,Fix process spawn redirection for nokogiri compilation.
586,2017-10-03 16:49:23.000000000,2017-10-04 18:20:58.000000000,closed,0,Shutdown the Fiber pool when shutting down the context
585,2017-10-03 16:01:19.000000000,2017-10-03 21:47:45.000000000,closed,0,"No need to treat BasicObject specially, its superclass field is simply nil"
584,2017-10-03 15:46:46.000000000,2017-10-04 00:48:21.000000000,closed,0,Test running with Graal on Java 9
583,2017-10-03 15:08:19.000000000,2017-10-03 15:38:48.000000000,closed,0,Test compiling and test fast on Java 9
582,2017-10-03 05:16:33.000000000,2017-10-04 11:45:52.000000000,closed,0,Patch Byebug C code
581,2017-10-03 04:44:15.000000000,2017-10-03 15:15:37.000000000,closed,1,Add a boundary on ClassNodes.getSuperClass
580,2017-10-02 21:11:06.000000000,2017-10-02 22:43:02.000000000,closed,0,"De-version the Docker test and other documentation, so we don't have to keep updating it"
579,2017-10-01 21:33:43.000000000,2017-10-02 00:15:04.000000000,closed,0,Note that you need to install llvm@4 when you use Homebrew
578,2017-10-01 17:25:13.000000000,2017-10-01 21:31:51.000000000,closed,0,Instructions for running on Java 9
577,2017-10-01 06:46:53.000000000,2017-10-01 17:15:52.000000000,closed,0,Instructions for running on Java 9
576,2017-10-01 00:50:50.000000000,2017-10-01 02:26:20.000000000,closed,0,Minimize C include diff
575,2017-09-29 11:37:34.000000000,2017-09-29 12:43:20.000000000,closed,0,Update algebrick version in test
574,2017-09-28 22:47:21.000000000,2017-09-29 20:17:17.000000000,closed,0,Fix bad code ranges
573,2017-09-28 17:24:40.000000000,2017-09-30 20:11:18.000000000,closed,0,Update ruby/spec
572,2017-09-28 12:41:30.000000000,2017-10-12 12:58:48.000000000,closed,4,Add `jt pr clean` command
571,2017-09-27 20:10:34.000000000,2017-10-02 17:49:10.000000000,closed,3,Optimize Array#rotate!
570,2017-09-27 15:40:33.000000000,2017-09-28 13:05:02.000000000,closed,1,Move TRUFFLERUBY_RESILIENT_GEM_HOME logic to post-boot
569,2017-09-27 01:47:43.000000000,2017-09-27 02:04:02.000000000,closed,0,Avoid a virtual call that's breaking the AOT build by directly callinâ¦
568,2017-09-27 01:36:15.000000000,2017-09-27 15:39:45.000000000,closed,1,Move TRUFFLERUBY_RESILIENT_GEM_HOME logic to post-boot
567,2017-09-26 21:01:10.000000000,2017-09-26 21:35:39.000000000,closed,0,Misc string cleanup
566,2017-09-26 19:20:47.000000000,2017-09-27 19:57:36.000000000,closed,7,Optimize uncached dispatch
565,2017-09-26 18:49:42.000000000,2017-09-26 21:29:25.000000000,closed,0,Update Truffle and JVMCI
564,2017-09-25 21:50:28.000000000,2017-09-26 00:18:00.000000000,closed,0,Remove RopeBuffer.
563,2017-09-25 20:06:43.000000000,2017-09-26 02:25:47.000000000,closed,0,Simpler string casing methods
562,2017-09-25 19:52:17.000000000,2017-09-25 22:00:23.000000000,closed,0,Use a cached thread pool for Fibers
561,2017-09-25 19:03:29.000000000,2017-09-25 23:57:42.000000000,closed,0,Workaround for shutdown()
560,2017-09-25 14:07:10.000000000,2017-09-27 13:33:49.000000000,closed,1,Convert ci.hocon to ci.jsonnet
559,2017-09-25 00:58:42.000000000,2017-09-25 09:28:55.000000000,closed,0,Launcher fixes
558,2017-09-24 16:51:47.000000000,2017-09-24 18:50:10.000000000,closed,0,Use StandardCharsets instead of the sun.nio.cs.US_ASCII class
557,2017-09-24 16:05:25.000000000,2017-09-24 18:50:43.000000000,closed,0,Do not warn about Graal when building C extensions
556,2017-09-24 16:00:48.000000000,2017-10-04 00:49:25.000000000,closed,12,TruffleRuby with Graal does not work with Java 9
555,2017-09-24 01:21:31.000000000,2017-09-25 19:52:48.000000000,closed,2,Add rb_mod_ancestors and spec
554,2017-09-23 22:52:56.000000000,2017-09-25 21:24:01.000000000,closed,0,Simplify the 'string_byte_index' primitive.
553,2017-09-23 20:39:41.000000000,2017-09-25 00:54:24.000000000,closed,2,Implement initializeThread/disposeThread and allow to create foreign threads
552,2017-09-23 10:19:20.000000000,2017-09-26 13:20:38.000000000,closed,3,Implement $SAFE level
551,2017-09-22 08:27:25.000000000,2017-09-22 12:47:19.000000000,closed,0,Add remaining declarations to compile json gem
550,2017-09-22 05:50:07.000000000,2017-09-22 12:46:12.000000000,closed,0,Add RALLOC_N to C API
549,2017-09-22 05:13:56.000000000,2017-09-22 12:45:22.000000000,closed,0,Define RARRAY_LEN as macro
548,2017-09-22 04:43:21.000000000,2017-09-22 12:44:33.000000000,closed,0,Add dumps dir to gitignore
547,2017-09-21 17:49:33.000000000,2017-11-18 21:17:39.000000000,closed,2,Nokogiri memory management
546,2017-09-21 17:47:20.000000000,2017-10-04 18:31:27.000000000,closed,1,Nokogiri string fixes
545,2017-09-21 14:03:17.000000000,2017-09-21 15:40:25.000000000,closed,0,Add a default handler for SIGALRM showing all threads and backtraces
544,2017-09-20 15:25:22.000000000,2017-09-20 21:16:54.000000000,closed,5,Add an option to show all threads and backtraces on Ctrl+C
543,2017-09-20 15:05:47.000000000,2017-09-20 18:00:00.000000000,closed,1,Fix patch for RubyGems package.rb
542,2017-09-20 14:52:21.000000000,2017-09-21 02:36:53.000000000,closed,0,Update SVM startup numbers
541,2017-09-20 14:20:38.000000000,2017-09-26 22:24:55.000000000,closed,0,Try enabling tagged benchmarks
540,2017-09-20 07:41:25.000000000,2017-09-26 19:03:03.000000000,closed,0,Raise TypeError for type mismatch in rb_check_type
539,2017-09-19 21:03:15.000000000,2017-09-19 23:34:12.000000000,closed,0,Fix Process.setproctitle on Linux to not depend on a specific Main class or package
538,2017-09-18 20:31:14.000000000,2017-09-19 15:38:29.000000000,closed,0,Use the new darwin capabilities.
537,2017-09-18 19:28:00.000000000,2017-09-19 14:03:12.000000000,closed,0,Minor fixes
536,2017-09-17 22:43:13.000000000,2017-09-20 14:54:14.000000000,closed,4,Add patches for rspec-compiler
535,2017-09-17 22:37:25.000000000,2017-09-18 13:45:17.000000000,closed,0,Add ULL2NUM
534,2017-09-17 20:49:56.000000000,2017-09-17 21:44:37.000000000,closed,0,Make the RubyContext a PE constant when creating a Fiber
533,2017-09-17 08:35:50.000000000,2017-09-17 19:39:30.000000000,closed,0,Add PATH_SEPARATOR to RbConfig
532,2017-09-17 00:33:29.000000000,2017-09-20 14:12:10.000000000,closed,1,Add patches for mysql2
531,2017-09-16 18:43:33.000000000,2017-09-19 20:53:40.000000000,closed,0,"Implement Fiber#transfer, pass all Fiber specs and run MRI Fiber tests"
530,2017-09-16 13:52:36.000000000,2017-09-16 18:43:55.000000000,closed,1,Raise an error when a Fiber tries to resume itself
529,2017-09-16 13:18:52.000000000,2017-09-18 20:43:31.000000000,closed,0,jt install graal improvements
528,2017-09-15 23:58:18.000000000,2017-09-16 01:10:31.000000000,closed,0,Name posix().execve() appropriately
527,2017-09-15 23:33:00.000000000,2017-09-18 23:01:52.000000000,closed,0,Optimize ArrayDupNode to profile the size
526,2017-09-15 17:10:48.000000000,2017-09-15 23:42:57.000000000,closed,0,Interrupt select() and implement it fully
525,2017-09-15 15:51:38.000000000,2017-09-15 17:52:30.000000000,closed,2,Use new pointers for FDSet
524,2017-09-15 09:18:13.000000000,2017-09-16 13:14:43.000000000,closed,1,Add rb_wait_for_single_fd
523,2017-09-15 04:52:08.000000000,2017-09-15 06:02:49.000000000,closed,0,Untag passing StringValue spec
522,2017-09-14 20:31:57.000000000,2017-09-15 15:48:42.000000000,closed,0,Update rubyspec
521,2017-09-14 15:41:20.000000000,2017-09-14 16:10:32.000000000,closed,0,Fix deadlock in dispatch with splitting
520,2017-09-14 15:31:05.000000000,2017-09-14 16:10:46.000000000,closed,0,CI HOCON fixes
519,2017-09-14 07:20:39.000000000,2017-09-14 12:47:00.000000000,closed,0,Fix type conversion for Kernel#String
518,2017-09-14 05:56:23.000000000,2017-09-15 15:42:53.000000000,closed,0,Add JT command to print environment
517,2017-09-13 18:53:39.000000000,2017-09-14 16:11:03.000000000,closed,0,Make sure the whole option is shown on one line in libssl doc
516,2017-09-13 13:57:52.000000000,2017-09-13 17:45:32.000000000,closed,0,jt fixes
515,2017-09-13 12:44:30.000000000,2017-09-13 13:53:44.000000000,closed,0,JT: Save graph to file when IGV is not running
514,2017-09-13 08:32:09.000000000,2017-09-13 17:53:16.000000000,closed,0,Fix rb_Hash for spec
513,2017-09-12 20:00:47.000000000,2017-09-14 17:47:29.000000000,closed,1,Restore nil coverage
512,2017-09-12 18:08:17.000000000,2017-09-14 20:00:48.000000000,closed,0,Improve find string
511,2017-09-12 16:47:19.000000000,2017-09-14 23:21:28.000000000,closed,0,Patch rubygems vulnerability
510,2017-09-12 08:52:25.000000000,2017-09-12 17:00:03.000000000,closed,0,Fix ENCODING_GET definition
509,2017-09-12 08:06:09.000000000,2017-09-12 12:59:39.000000000,closed,0,Implement rb_str_times
508,2017-09-11 00:47:59.000000000,2017-09-11 12:43:57.000000000,closed,0,Use the same logic as in Exception#message if there is no message set
507,2017-09-10 20:41:34.000000000,2017-09-10 23:52:42.000000000,closed,0,Add rb_proc_call and spec
506,2017-09-10 15:13:13.000000000,2017-09-12 18:56:08.000000000,closed,3,Properly terminate and wait Fibers when a Thread finishes
505,2017-09-10 04:52:50.000000000,2017-09-10 12:04:05.000000000,closed,0,Implement rb_ary_rotate
504,2017-09-10 03:58:22.000000000,2017-09-10 12:03:34.000000000,closed,0,Fix rb_ary_new_capa
503,2017-09-09 23:12:06.000000000,2017-09-10 12:02:07.000000000,closed,0,Add rb_iter_break_value
502,2017-09-09 21:42:34.000000000,2017-09-10 12:01:14.000000000,closed,0,Untag MRI C extension test_class2name
501,2017-09-09 12:54:46.000000000,2017-09-11 16:59:02.000000000,closed,0,jt build sulong: clone and build sulong
500,2017-09-09 12:32:23.000000000,2017-09-11 17:00:34.000000000,closed,0,Improve the wording in threads documentation
499,2017-09-09 08:06:29.000000000,2017-09-10 12:00:19.000000000,closed,0,Add rb_enc_raise
498,2017-09-08 20:29:06.000000000,2017-09-10 19:33:15.000000000,closed,0,Fix set of created threads to be per language instance
497,2017-09-08 19:18:34.000000000,2017-09-08 22:32:10.000000000,closed,1,Hide C exts warnings by default
496,2017-09-08 19:07:08.000000000,2017-09-08 19:40:14.000000000,closed,0,Various fixes
495,2017-09-08 16:51:16.000000000,2017-09-08 20:37:46.000000000,closed,0,"Fix Thread::Backtrace::Location#{to_s,inspect}"
494,2017-09-08 14:11:48.000000000,2017-09-08 15:03:10.000000000,closed,0,Fix and simplify bad gem home check
493,2017-09-08 13:04:22.000000000,2017-09-08 22:32:10.000000000,closed,2,Warnings on gem install
492,2017-09-08 12:16:33.000000000,2017-09-08 15:02:51.000000000,closed,0,Fix Darwin native launcher
491,2017-09-08 04:00:29.000000000,2017-09-08 15:02:50.000000000,closed,5,Cannot run `ruby` with chruby
490,2017-09-08 02:23:53.000000000,2017-09-08 10:55:34.000000000,closed,0,Don't prevent running jt.rb with TruffleRuby.
489,2017-09-07 14:39:10.000000000,2017-09-15 17:39:46.000000000,closed,1,Changes to launcher (and related code) to support new AOT RubyLauncher
488,2017-09-07 00:41:03.000000000,2017-09-08 17:22:22.000000000,closed,0,Print the exception if the default interrupt handler can't be restored when we have failed to interrupt a thread
487,2017-09-06 18:51:00.000000000,2017-10-04 17:32:42.000000000,closed,1,Nokogiri fixes
486,2017-09-05 14:05:58.000000000,2017-09-05 14:44:33.000000000,closed,0,Update Truffle
485,2017-09-04 16:25:12.000000000,2017-09-04 20:04:40.000000000,closed,4,Updated Ruby folder location in docs.
484,2017-09-04 14:03:45.000000000,2017-09-04 22:55:27.000000000,closed,0,Fixes to thread messages
483,2017-09-04 13:47:02.000000000,2017-09-04 22:55:38.000000000,closed,0,Example and workaround for the problem of Qnil not being a constant value
482,2017-09-04 13:41:52.000000000,2017-09-04 22:03:43.000000000,closed,0,LLVM 3.9 works
481,2017-09-01 07:09:54.000000000,2017-09-03 04:33:21.000000000,closed,0,Re-enable MRI and JRuby benchmarks.
480,2017-08-31 07:36:28.000000000,2017-09-30 20:35:05.000000000,closed,19,Use MRI C ext headers
479,2017-08-31 02:06:01.000000000,2017-08-31 02:07:19.000000000,closed,0,Add a missing boundary.
478,2017-08-31 01:19:23.000000000,2017-08-31 03:02:03.000000000,closed,0,Handle potential null in fiber debug info
477,2017-08-31 01:05:30.000000000,2017-08-31 14:57:15.000000000,closed,0,Update on spec completeness
476,2017-08-31 00:17:43.000000000,2017-08-31 01:30:54.000000000,closed,4,Tidy some thing in specs
475,2017-08-30 21:14:25.000000000,2017-08-30 21:34:18.000000000,closed,0,Threading API fixes
474,2017-08-30 18:22:05.000000000,2017-08-30 20:21:30.000000000,closed,0,Alternative support for the threading API
473,2017-08-30 15:46:38.000000000,2017-08-30 18:31:46.000000000,closed,0,Thread tools
472,2017-08-29 18:03:00.000000000,2017-08-30 18:31:14.000000000,closed,2,Updated Ruby managers installation instructions.
471,2017-08-28 17:04:51.000000000,2017-08-30 19:52:43.000000000,closed,0,Threading API
470,2017-08-28 00:56:26.000000000,2017-08-28 23:55:11.000000000,closed,0,More info on C extension compatibility problems
469,2017-08-25 21:00:55.000000000,2017-08-25 22:25:02.000000000,closed,0,Upgrade JVMCI from 8u121-jvmci-0.30 to 8u141-jvmci-0.33.
468,2017-08-25 08:08:42.000000000,2017-08-25 16:43:36.000000000,closed,0,Reenable the PSD benchmarks on the SVM.
467,2017-08-25 05:21:39.000000000,2017-08-25 16:43:25.000000000,closed,0,Fix issue whereby the server benchmarks were ignoring AOT flags and eâ¦
466,2017-08-25 04:14:31.000000000,2017-08-28 19:59:00.000000000,closed,0,Try to warn when LLVM isn't available
465,2017-08-25 03:32:56.000000000,2017-08-26 12:37:57.000000000,closed,1,Further clarify LLVM and other dependencies
464,2017-08-24 23:41:01.000000000,2017-08-27 20:46:18.000000000,closed,0,Update MRI C Ext orginization for require relative fix
463,2017-08-24 22:45:54.000000000,2017-08-24 23:58:22.000000000,closed,0,Increase SVM CI time to account for increased build time.
462,2017-08-23 14:15:46.000000000,2017-08-23 18:09:55.000000000,closed,0,Remove redundant ST declarations
461,2017-08-23 03:44:41.000000000,2017-08-24 00:56:23.000000000,closed,0,Updates to run more MRI cext tests
460,2017-08-23 02:47:52.000000000,2017-08-23 03:45:19.000000000,closed,0,0.27 catchup
459,2017-08-21 18:26:18.000000000,2017-08-21 19:54:09.000000000,closed,0,New implementation of the interop meta-object
458,2017-08-20 22:55:49.000000000,2017-08-21 14:53:53.000000000,closed,0,Make DispatchHeadNode abstract
457,2017-08-20 22:21:17.000000000,2017-08-20 22:54:49.000000000,closed,0,Rename interop #send to #__send__
456,2017-08-20 17:59:56.000000000,2017-08-20 18:35:50.000000000,closed,0,Fix RubySL::Socket::Foreign.ip_to_bytes in rubysl-socket
455,2017-08-20 15:30:00.000000000,2017-08-20 21:31:05.000000000,closed,0,Splat foreign arrays
454,2017-08-20 02:13:49.000000000,2017-08-22 12:16:09.000000000,closed,0,Add MRI C Extension tests
453,2017-08-19 17:04:52.000000000,2017-08-21 18:28:51.000000000,closed,0,Simplify and minimize HTTPS patches
452,2017-08-19 16:17:36.000000000,2017-08-19 18:36:38.000000000,closed,8,TruffleFatalException: couldn't load the post-boot code
451,2017-08-19 03:44:54.000000000,2017-08-19 17:21:49.000000000,closed,0,"Add getifaddrs, freeifaddr, sendmsg, recvmsg"
450,2017-08-19 01:06:52.000000000,2017-08-19 17:20:39.000000000,closed,2,Simplify launcher search code for truffle jars
449,2017-08-19 00:45:36.000000000,2017-08-19 17:18:41.000000000,closed,0,Fix jt install graal
448,2017-08-18 22:45:39.000000000,2017-08-18 23:54:41.000000000,closed,0,Update bench excludes
447,2017-08-18 22:09:09.000000000,2017-08-19 01:08:13.000000000,closed,0,Add num2ulong specialization for long
446,2017-08-18 21:53:22.000000000,2017-08-18 23:14:14.000000000,closed,0,Update rb_hash_dup to function
445,2017-08-18 20:49:51.000000000,2017-08-18 23:13:40.000000000,closed,0,Alias $CHILD_STATUS to $?
444,2017-08-18 19:34:15.000000000,2017-08-18 20:38:06.000000000,closed,0,Migrate to the new Darwin infrastructure
443,2017-08-18 19:27:32.000000000,2017-08-18 19:49:50.000000000,closed,0,"Add a test for installing, compiling and running Puma with a rack app"
442,2017-08-18 12:05:02.000000000,2017-08-18 15:35:14.000000000,closed,0,Fix and improve Truffle::Debug.*ast* methods
441,2017-08-18 09:41:05.000000000,2017-08-18 19:25:07.000000000,closed,3,Add Puma C extension patches
440,2017-08-17 19:18:05.000000000,2017-08-17 22:37:55.000000000,closed,0,Misc string improvements
439,2017-08-17 15:31:02.000000000,2017-08-17 19:34:19.000000000,closed,0,Do not use a core-load-path for time metrics
438,2017-08-17 13:59:04.000000000,2017-08-17 15:19:33.000000000,closed,0,Do not deploy if it was already deployed
437,2017-08-16 20:33:55.000000000,2017-08-16 21:25:46.000000000,closed,0,Workaround for Darwin tests
436,2017-08-16 14:19:17.000000000,2017-08-16 17:34:12.000000000,closed,0,Implement the NEW message
435,2017-08-16 08:55:02.000000000,2017-08-16 19:43:41.000000000,closed,5,Fix RB_WAITFD_IN macro comment
434,2017-08-16 02:19:37.000000000,2017-08-16 19:42:58.000000000,closed,4,Fix -v option behavior
433,2017-08-16 02:02:16.000000000,2017-08-17 13:04:22.000000000,closed,2,Add more AOT metrics & benchmarks.
432,2017-08-15 22:08:09.000000000,2017-08-16 01:00:27.000000000,closed,0,Unify our and JNR's pointer
431,2017-08-15 18:28:37.000000000,2017-08-17 02:51:23.000000000,closed,3,Add a script to create a minimal pre-built distribution of TruffleRuby
430,2017-08-14 19:51:01.000000000,2017-08-15 00:54:07.000000000,closed,2,Explicitly disable TRUFFLERUBY_RESILIENT_GEM_HOME when setting GEM_HOME
429,2017-08-14 19:19:05.000000000,2017-08-14 19:50:46.000000000,closed,0,Move Darwin tests to the new Darwin infrastructure
428,2017-08-14 17:41:02.000000000,2017-08-14 19:38:35.000000000,closed,0,Use RuboCop from the gem test pack
427,2017-08-14 14:59:36.000000000,2017-08-14 17:14:43.000000000,closed,0,Use an absolute path for the gem-test-pack
426,2017-08-14 11:54:04.000000000,2017-08-17 00:10:13.000000000,closed,4,Can't run rails tests
425,2017-08-14 11:37:43.000000000,2017-08-16 12:50:15.000000000,closed,2,More user friendly jt test ecosystem
424,2017-08-13 20:52:42.000000000,2017-08-14 01:52:48.000000000,closed,0,Warn if rubocop isn't installed
423,2017-08-13 16:05:37.000000000,2017-08-14 16:06:38.000000000,closed,2,Updates versions in Docker and fix locale setup
422,2017-08-11 23:00:18.000000000,2017-08-12 00:41:03.000000000,closed,0,Interop fixes based on the integration test suite
421,2017-08-11 18:13:00.000000000,2017-08-15 20:25:36.000000000,closed,2,Lazy core nodes
420,2017-08-11 06:15:18.000000000,2017-08-16 20:18:10.000000000,closed,1,Add if space lint for ruby.c
419,2017-08-11 06:01:26.000000000,2017-08-11 15:01:59.000000000,closed,0,Stub rb_bug
418,2017-08-10 23:14:10.000000000,2017-08-11 01:20:25.000000000,closed,0,Add back in a removed workaround for ReferenceQueue#remove not working in AOT.
417,2017-08-10 18:58:21.000000000,2017-08-10 20:18:12.000000000,closed,1,Run mx sforceimports on jt build
416,2017-08-10 17:50:17.000000000,2017-08-10 20:08:54.000000000,closed,1,Make Ruby strings unbox to Java strings
415,2017-08-10 14:36:11.000000000,2017-08-10 16:16:41.000000000,closed,0,Use the terminology 'native' rather than 'AOT' and bake the GraalVM version into the native image
414,2017-08-10 14:05:47.000000000,2017-08-10 16:15:58.000000000,closed,0,Update Truffle
413,2017-08-10 08:43:00.000000000,2017-08-16 19:44:07.000000000,closed,0,Add NUM2LL
412,2017-08-10 08:04:13.000000000,2017-08-10 13:05:50.000000000,closed,0,Add RbConfig optflags
411,2017-08-10 06:13:39.000000000,2017-08-17 02:51:07.000000000,closed,3,"Patch C ext for ""not an integer constant"" error"
410,2017-08-10 06:02:51.000000000,2017-08-10 06:16:49.000000000,closed,3,TruffleRuby is installing Sinatra 1.4.8 instead of 2.0.0
409,2017-08-10 00:54:57.000000000,2017-08-10 19:05:10.000000000,closed,3,GraalSDK integration tests and work to support them
408,2017-08-09 23:43:31.000000000,2017-08-10 01:04:23.000000000,closed,0,Remove unused imports
407,2017-08-09 20:28:13.000000000,2017-08-09 23:12:28.000000000,closed,4,Add a custom wrapper node for instrumentation of RescueNodes.
406,2017-08-09 17:25:03.000000000,2017-08-09 19:09:49.000000000,closed,6,Truffle::Interop.object_literal
405,2017-08-08 23:38:18.000000000,2017-08-09 00:31:31.000000000,closed,0,Remove the unused MallocFree
404,2017-08-08 22:56:05.000000000,2017-08-08 22:57:43.000000000,closed,2,Remove the unused MallocFree
403,2017-08-08 18:23:59.000000000,2017-08-09 23:29:39.000000000,closed,2,Check warnings in CI with ECJ
402,2017-08-08 17:26:13.000000000,2017-08-10 15:06:30.000000000,closed,3,Lazily load RubyGems
401,2017-08-08 17:17:28.000000000,2017-08-08 22:59:06.000000000,closed,1,No trailing spaces in options generator
400,2017-08-08 17:02:48.000000000,2017-08-08 23:21:30.000000000,closed,1,Localise log boundary methods to preserve log source information
399,2017-08-08 16:35:52.000000000,2017-08-09 01:11:09.000000000,closed,0,Better time metrics
398,2017-08-08 16:13:14.000000000,2017-08-09 01:18:42.000000000,closed,0,Simplify time zone formatting
397,2017-08-08 15:49:30.000000000,2017-08-08 21:48:10.000000000,closed,0,Remove the dependency on Pathname in patching
396,2017-08-08 14:34:37.000000000,2017-08-08 17:10:21.000000000,closed,0,Unsafe allocation PE bug is fixed
395,2017-08-07 23:18:48.000000000,2017-08-08 00:37:18.000000000,closed,1,Second attempt at generalising Java backtrace spec
394,2017-08-07 19:42:10.000000000,2017-08-07 21:03:36.000000000,closed,2,Generalise Java exception message specs
393,2017-08-07 19:39:51.000000000,2017-08-07 23:40:26.000000000,closed,0,C-ext fixes
392,2017-08-07 18:43:25.000000000,2017-08-07 19:58:22.000000000,closed,0,Comment on why we have these barriers on Unsafe methods
391,2017-08-07 17:52:38.000000000,2017-08-07 18:23:09.000000000,closed,0,Barriers on alloc and free due to a PE bug
390,2017-08-07 16:35:15.000000000,2017-08-08 00:41:41.000000000,closed,0,Logic to automatically find Graal if it's built as a sibling
389,2017-08-07 16:31:03.000000000,2017-08-07 18:51:05.000000000,closed,1,Add option to decode portion of rope to java.lang.String without creating a SubstringRope.
388,2017-08-07 16:09:16.000000000,2017-08-07 23:56:50.000000000,closed,7,Give up on Travis
387,2017-08-07 15:43:53.000000000,2017-08-07 16:18:23.000000000,closed,4,Move automatic OPENSSL_PREFIX into extconfs
386,2017-08-07 15:29:51.000000000,2017-08-07 16:02:06.000000000,closed,0,Remove transition warning for --sulong flag
385,2017-08-07 03:08:36.000000000,2017-08-09 20:04:47.000000000,closed,3,Add st
384,2017-08-07 02:49:42.000000000,2017-08-07 13:14:02.000000000,closed,2,Add rb_gc_unregister_address
383,2017-08-06 23:17:05.000000000,2017-08-09 13:23:23.000000000,closed,2,Add rb_range_beg_len
382,2017-08-05 16:56:52.000000000,2017-08-07 21:03:40.000000000,closed,0,"Automatically download mx, so it is easier to build TruffleRuby"
381,2017-08-05 09:12:03.000000000,2017-08-05 13:09:48.000000000,closed,0,Stub rb_wait_for_single_fd
380,2017-08-05 09:06:58.000000000,2017-08-05 21:56:43.000000000,closed,4,Add lib directory argument to linker
379,2017-08-05 05:17:23.000000000,2017-08-05 13:08:59.000000000,closed,0,Add rb_proc_arity
378,2017-08-05 02:13:27.000000000,2017-08-05 22:16:19.000000000,closed,0,Parse without RubyContext
377,2017-08-04 21:48:35.000000000,2017-08-04 22:41:20.000000000,closed,0,A few C extension fixes
376,2017-08-04 20:19:21.000000000,2017-08-04 20:50:46.000000000,closed,0,clarify a few installation and test details
375,2017-08-04 16:08:56.000000000,2017-08-05 02:31:08.000000000,closed,4,Performance optimizations for my Array#to_proc
374,2017-08-04 12:18:08.000000000,2017-08-04 14:55:01.000000000,closed,1,Disable binary suites on Travis
373,2017-08-04 08:45:57.000000000,2017-08-05 13:06:48.000000000,closed,0,Add rb_tainted_str_new2
372,2017-08-04 08:25:10.000000000,2017-08-05 13:07:41.000000000,closed,0,Add rb_gc and spec
371,2017-08-03 22:02:35.000000000,2017-08-04 18:04:22.000000000,closed,1,FFI fixes
370,2017-08-03 18:12:30.000000000,2017-08-04 12:11:06.000000000,closed,0,Run lint in CI
369,2017-08-03 17:31:22.000000000,2017-08-04 19:37:03.000000000,closed,0,Refine when we turn #name= into a WRITE
368,2017-08-03 17:19:18.000000000,2017-08-04 18:06:25.000000000,closed,3,Always translate exception at the top-level
367,2017-08-03 16:00:37.000000000,2017-08-04 12:36:20.000000000,closed,1,Try to figure out why downloads fail on Travis
366,2017-08-03 15:08:42.000000000,2017-08-07 20:40:06.000000000,closed,1,Launcher refactoring
365,2017-08-03 04:29:45.000000000,2017-08-03 17:27:06.000000000,closed,1,New pointers using Unsafe
364,2017-08-03 00:58:54.000000000,2017-08-03 04:27:47.000000000,closed,0,Finalization service
363,2017-08-02 17:57:04.000000000,2017-08-03 07:27:18.000000000,closed,0,Transcoder improvements
362,2017-08-02 15:56:04.000000000,2017-08-04 18:04:12.000000000,closed,0,Update Truffle
361,2017-08-02 15:29:07.000000000,2017-08-02 16:52:54.000000000,closed,0,C extensions conversions fixes
360,2017-08-02 15:13:04.000000000,2017-08-02 16:44:12.000000000,closed,0,Mention LP64
359,2017-08-02 09:11:20.000000000,2017-08-02 12:24:53.000000000,closed,0,Add rb_tainted_str_new to C API
358,2017-08-02 05:58:01.000000000,2017-08-04 18:04:39.000000000,closed,1,Update RbConfig TRY_LINK to try to link using mock truffle c impl
357,2017-08-01 20:48:28.000000000,2017-08-02 21:53:08.000000000,closed,1,Thread-safety fixes
356,2017-08-01 19:50:13.000000000,2017-08-02 15:29:47.000000000,closed,0,"JT: Expand GRAAL_HOME, etc relative to the repo root if the paths are relative"
355,2017-08-01 16:24:28.000000000,2017-08-01 17:20:15.000000000,closed,0,Fix Eclipse warnings
354,2017-08-01 15:16:10.000000000,2017-08-01 16:18:41.000000000,closed,0,Remove no longer needed -da flag in the launcher
353,2017-08-01 12:44:15.000000000,2017-08-01 14:14:59.000000000,closed,0,Add a few missing boundaries
352,2017-07-31 22:34:08.000000000,2017-08-01 14:14:46.000000000,closed,0,Cleanup rubinius primitives
351,2017-07-31 20:59:48.000000000,2017-08-01 17:17:29.000000000,closed,0,SVM finalisers
350,2017-07-31 20:41:34.000000000,2017-08-01 15:10:34.000000000,closed,0,Update Truffle
349,2017-07-31 16:56:22.000000000,2017-08-01 02:16:35.000000000,closed,1,String creation cleanup
348,2017-07-31 00:50:01.000000000,2017-07-31 01:37:17.000000000,closed,0,Remove old and unused tools
347,2017-07-30 23:40:03.000000000,2017-07-31 13:35:09.000000000,closed,0,Add syslog C extension
346,2017-07-30 21:12:27.000000000,2017-07-31 00:59:40.000000000,closed,1,Fix typo in README
345,2017-07-30 15:45:11.000000000,2017-07-30 17:52:37.000000000,closed,0,Update for 0.26 release
344,2017-07-30 14:59:22.000000000,2017-07-30 17:46:32.000000000,closed,0,Update the documentation for building TruffleRuby and link to it
343,2017-07-30 00:21:03.000000000,2018-01-04 20:34:32.000000000,closed,10,Startup....
342,2017-07-29 19:40:01.000000000,2017-07-29 22:35:33.000000000,closed,0,Fix C-ext benchmarks
341,2017-07-29 15:15:39.000000000,2017-07-29 18:45:22.000000000,closed,0,Tag failing benchmarks
340,2017-07-29 14:53:31.000000000,2017-07-29 18:27:51.000000000,closed,2,Ensure to promptly dispose() the RubyContext in our Java tests
339,2017-07-29 14:44:58.000000000,2017-07-30 17:46:13.000000000,closed,1,Fix race with the FrameOnStackMarker in Thread.new { break }
338,2017-07-29 14:39:32.000000000,2017-07-30 13:43:36.000000000,closed,3,Warn by default on StackOverflowError and OutOfMemoryError
337,2017-07-29 14:37:40.000000000,2017-07-29 15:25:10.000000000,closed,0,Check explicitly if the lock is held in Mutex#unlock
336,2017-07-29 14:29:20.000000000,2017-07-29 15:15:09.000000000,closed,0,Clarify what is patched when openssl is patched
335,2017-07-29 13:32:00.000000000,2017-07-29 16:46:12.000000000,closed,3,Don't patch openssl by default and make --sulong implicit
334,2017-07-29 00:20:48.000000000,2017-07-29 03:00:09.000000000,closed,0,Do not call DispatchNode#getHeadNode() on the fast path
333,2017-07-28 22:33:41.000000000,2017-07-28 23:12:32.000000000,closed,0,"Set the ""aborting"" Thread status correctly and fix Thread#alive?"
332,2017-07-28 22:21:40.000000000,2017-07-29 00:22:05.000000000,closed,0,Show uncaught java stacktraces
331,2017-07-28 19:57:54.000000000,2017-07-28 21:22:52.000000000,closed,0,Update specs (try 2 with minimal changes)
330,2017-07-27 16:35:31.000000000,2017-07-29 14:55:28.000000000,closed,1,Update specs
329,2017-07-27 01:05:27.000000000,2017-07-27 13:15:58.000000000,closed,0,Add a couple options
328,2017-07-27 00:36:59.000000000,2017-07-27 01:11:24.000000000,closed,0,Simplify the logger used by the Launcher and rename to RubyLogger
327,2017-07-26 22:40:08.000000000,2017-07-27 02:24:18.000000000,closed,0,Improve and test C backtraces
326,2017-07-26 20:20:59.000000000,2017-07-26 21:36:38.000000000,closed,1,C source info
325,2017-07-26 19:07:01.000000000,2017-07-27 16:02:45.000000000,closed,0,Add fast paths for remaining slow Binding methods.
324,2017-07-26 18:40:53.000000000,2017-07-26 20:18:30.000000000,closed,2,Optimize Fixnum#**
323,2017-07-26 15:57:42.000000000,2017-07-26 18:27:38.000000000,closed,0,Fix generalization of writing object fields when adding a new field
322,2017-07-25 22:17:45.000000000,2017-07-27 00:14:15.000000000,closed,3,Add missing boundaries
321,2017-07-25 21:26:15.000000000,2017-07-26 13:11:58.000000000,closed,1,Always split methods which take a literal block
320,2017-07-25 21:14:05.000000000,2017-07-26 15:53:29.000000000,closed,0,Remove extra's frame creation from `Binding#dup`.
319,2017-07-25 18:56:44.000000000,2017-07-25 21:24:03.000000000,closed,1,Add a boundary when creating a native rope.
318,2017-07-25 18:27:31.000000000,2017-07-25 20:15:00.000000000,closed,0,JT: Fix calls to the mx helper to not include the directory
317,2017-07-25 14:13:18.000000000,2017-07-25 17:54:28.000000000,closed,0,exec() when running specs
316,2017-07-24 19:46:52.000000000,2017-07-24 21:20:19.000000000,closed,0,Fix parser check
315,2017-07-24 19:28:29.000000000,2017-07-24 21:00:05.000000000,closed,1,"Don't run Travis CI on master for every ""Rebase and merge"", only on PRs"
314,2017-07-24 19:05:09.000000000,2017-07-24 20:53:13.000000000,closed,0,Automatically detect the right gem-test-pack url
313,2017-07-24 18:38:24.000000000,2017-07-24 19:39:13.000000000,closed,0,Remove minimal libxml2 tests
312,2017-07-24 16:40:08.000000000,2017-07-24 18:31:52.000000000,closed,0,Fix and pass all tests and specs for strscan
311,2017-07-24 15:02:27.000000000,2017-07-24 16:35:35.000000000,closed,0,Consistent C exts tests
310,2017-07-22 14:34:19.000000000,2017-07-22 20:31:22.000000000,closed,3,Run mspec with the same interpreter being tested
309,2017-07-22 09:18:51.000000000,2017-07-22 20:31:47.000000000,closed,0,"Move ExplodeLoop annotation to fix ""too many loop explosion"" error"
308,2017-07-21 18:28:09.000000000,2017-07-21 19:03:52.000000000,closed,0,Initial Sulong downstream test
307,2017-07-21 15:35:04.000000000,2017-07-21 16:21:40.000000000,closed,4,Allow to set TRUFFLERUBY_CEXT_ENABLED=false to not build cexts with mx build
306,2017-07-21 13:18:55.000000000,2017-07-21 14:09:17.000000000,closed,2,Fix C extensions to define weakly inlined functions in ruby.h
305,2017-07-20 19:39:55.000000000,2017-07-24 16:12:56.000000000,closed,0,Add more options to ruby_downstreamtest_aot to control the report forâ¦
304,2017-07-20 18:19:05.000000000,2017-07-21 14:15:06.000000000,closed,0,Mercurial is already available on Darwin CI
303,2017-07-20 18:13:59.000000000,2017-07-26 21:32:30.000000000,closed,5,Move Main and classes it depends on to its own package
302,2017-07-19 20:52:14.000000000,2017-07-21 01:15:08.000000000,closed,0,Various fixes for Prawn
301,2017-07-19 17:02:50.000000000,2017-07-21 23:32:36.000000000,closed,0,Throw an error if a long is passed in as the array multiplier.
300,2017-07-19 03:40:36.000000000,2017-07-21 23:32:16.000000000,closed,1,Add boundary for BigInteger.pow recursion
299,2017-07-18 22:11:34.000000000,2017-07-19 19:58:55.000000000,closed,2,Eval node rewrite
298,2017-07-18 18:47:23.000000000,2017-07-20 18:09:36.000000000,closed,2,TRUFFLERUBY-ZIP is platform-dependent since it contains .su files
297,2017-07-18 16:05:14.000000000,2017-07-19 00:03:28.000000000,closed,3,Better top-level error handling
296,2017-07-18 15:27:21.000000000,2017-07-18 16:45:55.000000000,closed,0,Fix a few blocking calls and flushing standard streams on exit
295,2017-07-17 23:09:52.000000000,2017-07-19 18:25:02.000000000,closed,2,add cext changes relevant to zlib-ext
294,2017-07-17 19:25:59.000000000,2017-07-18 00:12:23.000000000,closed,0,Options for loading native libraries
293,2017-07-17 19:23:47.000000000,2017-07-17 23:16:25.000000000,closed,3,Add a lot of missing boundaries around method definition
292,2017-07-17 18:55:20.000000000,2017-07-17 19:52:12.000000000,closed,0,LLVM metadata doesn't seem to work with the version of clang we normally use on macOS
291,2017-07-17 16:59:48.000000000,2017-07-17 20:57:15.000000000,closed,0,Gardening
290,2017-07-17 15:14:40.000000000,2017-07-17 16:25:09.000000000,closed,0,Use TRUFFLERUBY_CEXT_ENABLED to decide to build native extensions
289,2017-07-17 03:20:23.000000000,2017-07-18 20:50:28.000000000,closed,1,"Fix file check used by have_header, add RUBY_VM and rubyio.h"
288,2017-07-17 00:54:57.000000000,2017-07-17 14:32:41.000000000,closed,0,Simplify and cleanup TranslatorEnvironment#findLocalVarNode()
287,2017-07-16 20:05:39.000000000,2017-07-17 00:44:14.000000000,closed,1,Some C extensions fixes for puma
286,2017-07-16 17:31:48.000000000,2017-07-26 22:04:49.000000000,closed,0,Document our testing strategy systematically
285,2017-07-16 15:12:22.000000000,2017-07-16 16:11:31.000000000,closed,0,Check that RubyParser.java is not modified without RubyParser.y
284,2017-07-16 15:09:05.000000000,2017-07-16 15:14:13.000000000,closed,2,Add missing copyright
283,2017-07-16 12:24:11.000000000,2017-07-16 14:47:47.000000000,closed,1,simplify TRUFFLE_RUBY_VERSION export
282,2017-07-16 03:14:51.000000000,2017-07-16 15:59:07.000000000,closed,3,Remove a lot of dead code
281,2017-07-15 20:50:55.000000000,2017-07-16 01:07:31.000000000,closed,3,Inherit false for constant lookup in socket options
280,2017-07-15 20:23:46.000000000,2017-07-16 01:09:19.000000000,closed,0,Cleanup CI capabilities definitions
279,2017-07-15 20:11:20.000000000,2017-07-16 01:08:46.000000000,closed,6,Implement a few C ext functions and macros to compile msgpack
278,2017-07-15 20:08:58.000000000,2017-07-16 01:21:49.000000000,closed,0,Have the same methods on Array as MRI
277,2017-07-15 20:06:25.000000000,2017-07-16 01:08:00.000000000,closed,0,Copy the source section information when replacing an inlined operation
276,2017-07-15 00:08:04.000000000,2017-07-15 14:03:10.000000000,closed,0,Better errors for unsupported options
275,2017-07-14 21:01:58.000000000,2017-07-14 21:26:19.000000000,closed,0,Update overlay
274,2017-07-14 19:51:24.000000000,2017-07-14 20:50:11.000000000,closed,0,Workaround NFI which cannot be built twice with different Truffle versions
273,2017-07-14 18:53:41.000000000,2017-07-16 03:42:12.000000000,closed,3,Update Truffle
272,2017-07-14 18:09:47.000000000,2017-07-14 18:52:02.000000000,closed,0,mx su-run was renamed to mx lli in Sulong
271,2017-07-14 17:37:36.000000000,2017-07-14 23:51:46.000000000,closed,3,Improve C extensions performance
270,2017-07-13 22:06:07.000000000,2017-07-17 20:57:35.000000000,closed,0,Fast path for eval adding variables to bindings.
269,2017-07-13 15:14:35.000000000,2017-07-14 00:07:39.000000000,closed,0,Fix typo
268,2017-07-13 02:01:07.000000000,2017-07-14 00:07:50.000000000,closed,0,Fix typo
267,2017-07-12 00:10:52.000000000,2017-07-12 01:55:37.000000000,closed,0,Update the JDK we use to get JVMCI
266,2017-07-11 23:54:11.000000000,2017-07-12 13:20:03.000000000,closed,0,Fix path to LLVM's bin on macOS
265,2017-07-11 23:41:37.000000000,2017-07-12 15:16:16.000000000,closed,1,Add a new mx command for downstream testing the AOT image.
264,2017-07-11 21:57:11.000000000,2017-07-11 23:58:16.000000000,closed,0,Fix some things in options
263,2017-07-11 18:44:07.000000000,2017-07-11 20:21:40.000000000,closed,0,Remove usage of deprecated API. Update Truffle.
262,2017-07-11 15:14:21.000000000,2017-07-11 22:00:04.000000000,closed,2,Tidy up documentation
261,2017-07-11 12:25:51.000000000,2017-07-14 00:09:54.000000000,closed,1,Benchmark interface links are dead
260,2017-07-11 12:23:12.000000000,2017-07-14 00:10:22.000000000,closed,2,Is there a performance difference between SVM and JVM?
259,2017-07-11 02:29:26.000000000,2017-07-11 13:06:55.000000000,closed,2,Forward fix Graal changes for throwing IOException in source builder.
258,2017-07-10 21:57:07.000000000,2017-07-11 20:21:58.000000000,closed,4,Move .su library code to TruffleRuby
257,2017-07-10 03:34:56.000000000,2017-07-10 17:47:23.000000000,closed,0,Optimize #to_sym and Rope equal
256,2017-07-09 21:16:15.000000000,2017-07-10 00:47:21.000000000,closed,1,Invalidate at most once when a global variable is changed
255,2017-07-09 16:14:37.000000000,2017-07-10 00:45:49.000000000,closed,0,Build CExts on mx build
254,2017-07-09 00:17:43.000000000,2017-07-09 14:20:43.000000000,closed,0,Improve cexts tests and test Bundler with Sulong on CI
253,2017-07-07 02:53:54.000000000,2017-07-08 04:24:34.000000000,closed,2,Add several Numeric#step specs and pass them
252,2017-07-06 23:28:46.000000000,2017-07-11 23:28:51.000000000,closed,1,Add a specialization for incrementing an int to improve tight loops.
251,2017-07-06 20:14:37.000000000,2017-07-08 13:15:09.000000000,closed,3,Remove the dependency on TRUFFLE_DEBUG
250,2017-07-06 14:28:14.000000000,2017-07-06 20:39:54.000000000,closed,0,Remove dependency on JNR and Truffle
249,2017-07-06 13:21:04.000000000,2017-07-06 16:36:56.000000000,closed,2,Remove extra -da in launcher
248,2017-07-06 01:22:46.000000000,2017-07-06 13:14:34.000000000,closed,0,Remove old references to JRuby+Truffle
247,2017-07-05 21:53:48.000000000,2017-07-05 23:34:38.000000000,closed,0,AOT test fixes
246,2017-07-05 20:11:27.000000000,2017-07-05 23:35:38.000000000,closed,0,Fix benchmark harness
245,2017-07-05 19:55:49.000000000,2017-07-05 23:49:17.000000000,closed,0,Continue to tidy up the options system
244,2017-07-05 15:33:10.000000000,2017-07-05 17:45:47.000000000,closed,0,Update for new Sulong options
243,2017-07-05 01:23:50.000000000,2017-07-05 13:54:23.000000000,closed,1,Isolating main
242,2017-07-04 23:25:41.000000000,2017-07-05 02:21:18.000000000,closed,0,Update some things for GraalVM 0.25 and JVMCI 0.29
241,2017-07-04 03:53:27.000000000,2017-07-05 13:54:47.000000000,closed,0,Untag a few Time specs
240,2017-07-03 23:13:08.000000000,2017-07-04 00:59:15.000000000,closed,0,Update AOT benchmarks
239,2017-07-03 19:42:43.000000000,2017-07-03 23:16:56.000000000,closed,0,Inlined block_given? and not
238,2017-07-03 06:45:16.000000000,2017-07-05 13:55:03.000000000,closed,1,Untag given block not used warnings
237,2017-07-03 01:39:12.000000000,2017-07-04 13:18:55.000000000,closed,1,Untag Array#fetch and Hash#fetch
236,2017-07-02 02:56:31.000000000,2017-07-05 13:55:15.000000000,closed,2,Fix and untag most of the remaining tagged numeric specs
235,2017-07-01 05:33:32.000000000,2017-07-03 23:19:09.000000000,closed,0,Graal test fixes
234,2017-06-30 21:24:22.000000000,2017-07-03 19:35:16.000000000,closed,2,Update Truffle
233,2017-06-30 17:23:47.000000000,2017-07-03 21:07:27.000000000,closed,0,Untag benchmarks
232,2017-06-30 13:44:53.000000000,2017-06-30 17:23:30.000000000,closed,0,Enable the LowerFixnumChecker for primitives
231,2017-06-30 03:48:45.000000000,2017-06-30 13:38:31.000000000,closed,0,The AOT GC young generation size should be smaller than the old generâ¦
230,2017-06-30 02:19:15.000000000,2017-06-30 14:02:22.000000000,closed,0,Run mspec directly with truffleruby in mx ruby_testdownstream
229,2017-06-29 21:11:48.000000000,2017-06-29 23:30:41.000000000,closed,1,Update ruby/spec
228,2017-06-29 18:39:28.000000000,2017-06-29 19:15:44.000000000,closed,2,Fallback for when the NFI is not available
227,2017-06-29 17:17:03.000000000,2017-07-02 20:39:50.000000000,closed,0,Test the AOT images in Docker
226,2017-06-29 14:35:55.000000000,2017-06-29 15:49:24.000000000,closed,0,Fix Findbugs warning about byte sign extension in SipHash
225,2017-06-29 03:37:19.000000000,2017-06-30 01:46:33.000000000,closed,0,AOT test fixes
224,2017-06-29 01:34:25.000000000,2017-06-30 02:36:14.000000000,closed,0,Simplify CachedDispatchNode
223,2017-06-28 19:51:02.000000000,2017-06-28 21:19:51.000000000,closed,0,Use DynamicNativeLibraryPath instead of -l in su-run
222,2017-06-28 18:47:44.000000000,2017-06-29 01:00:05.000000000,closed,0,Dispatch chain performance fixes
221,2017-06-28 14:12:31.000000000,2017-06-29 00:59:06.000000000,closed,4,Treat javac warnings as error on CI
220,2017-06-28 03:44:11.000000000,2017-06-28 13:58:48.000000000,closed,0,Support Ubuntu 16.04 LTS rather than the unreleased 17.10
219,2017-06-28 01:06:03.000000000,2017-06-28 13:23:11.000000000,closed,3,Fix unchecked cast warning
218,2017-06-27 21:31:15.000000000,2017-06-28 00:52:10.000000000,closed,2,Fix a few bugs detected by FindBugs
217,2017-06-27 17:54:18.000000000,2017-06-27 21:46:45.000000000,closed,0,Make ProfileArgumentNode a DSL node
216,2017-06-25 18:16:26.000000000,2017-06-26 00:45:19.000000000,closed,0,More inlined operators
215,2017-06-24 01:06:05.000000000,2017-06-24 15:58:07.000000000,closed,0,"Compile libssl on macOS automatically for Homebrew, and then complain at runtime if it fails"
214,2017-06-23 23:59:42.000000000,2017-06-24 14:01:47.000000000,closed,0,The version flag is --version
213,2017-06-23 20:59:52.000000000,2017-06-24 14:50:27.000000000,closed,0,Extract a couple methods in Main
212,2017-06-23 19:48:30.000000000,2017-06-24 00:07:17.000000000,closed,0,Use the system libssl more conventionally
211,2017-06-23 00:36:54.000000000,2017-06-23 01:08:45.000000000,closed,3,Basics of object allocation reporting - just user objects for now
210,2017-06-22 18:01:16.000000000,2017-07-05 23:03:55.000000000,closed,5,Rope dispatch fixes
209,2017-06-22 13:38:15.000000000,2017-06-22 16:23:58.000000000,closed,0,Remove the explicit addition of JLine on the classpath
208,2017-06-22 03:00:25.000000000,2017-06-22 19:34:50.000000000,closed,0,Dockerfiles for testing and development
207,2017-06-21 21:42:46.000000000,2017-06-22 00:32:56.000000000,closed,0,Process class-path options in JAVA_OPTS
206,2017-06-21 21:04:08.000000000,2017-06-22 12:25:58.000000000,closed,0,Support -cp/-classpath in $JAVA_OPTS
205,2017-06-21 16:11:51.000000000,2017-06-22 14:37:46.000000000,closed,1,Reduce the load on Travis
204,2017-06-21 14:36:16.000000000,2017-06-22 00:51:52.000000000,closed,0,Do not fail setup phase when github status is not being reported
203,2017-06-21 02:45:17.000000000,2017-06-21 16:11:15.000000000,closed,0,Work around https://github.com/jline/jline2/issues/282
202,2017-06-21 01:55:43.000000000,2017-06-21 13:53:29.000000000,closed,0,Failing and tagged test cases showing the issue with JAVA_OPTS and the classpath options
201,2017-06-20 23:33:49.000000000,2017-06-21 14:01:18.000000000,closed,0,Ignore clang warnings that aren't in the version we're using
200,2017-06-20 21:27:51.000000000,2017-06-20 23:03:49.000000000,closed,0,"Improve ARGF specs and implement ARGF.{in,ex}ternal_encoding"
199,2017-06-20 18:37:51.000000000,2017-06-20 21:29:13.000000000,closed,4,Faster Process specs
198,2017-06-20 12:20:44.000000000,2017-06-20 13:27:50.000000000,closed,0,SULONG_NO_LIBRARY is wrong now
197,2017-06-20 12:02:48.000000000,2017-06-20 13:24:03.000000000,closed,0,Tag a new clang warning we see when compiling openssl
196,2017-06-20 01:17:04.000000000,2017-06-20 12:27:25.000000000,closed,0,Set github status only for gate and post-push targets
195,2017-06-20 01:08:35.000000000,2017-06-20 13:02:04.000000000,closed,0,"Have the same public methods on Integer, Fixnum, Bignum and Kernel as MRI"
194,2017-06-19 03:16:18.000000000,2017-06-20 02:04:01.000000000,closed,2,Adopt new SDK options
193,2017-06-19 02:50:12.000000000,2017-06-19 15:17:40.000000000,closed,0,Implement SDK exceptions
192,2017-06-19 02:23:22.000000000,2017-06-19 15:03:31.000000000,closed,0,Adopt new SDK symbol methods
191,2017-06-19 01:28:22.000000000,2017-06-19 12:49:31.000000000,closed,0,Forbid allocating immediates
190,2017-06-18 03:01:06.000000000,2017-06-18 14:44:02.000000000,closed,0,Implement a language ID
189,2017-06-18 02:46:44.000000000,2017-06-20 23:03:38.000000000,closed,2,Remove the change log
188,2017-06-18 02:14:54.000000000,2017-06-19 03:21:06.000000000,closed,3,Document TruffleRuby additional functionality
187,2017-06-17 21:04:14.000000000,2017-06-20 17:21:29.000000000,closed,3,Improve inlined operations
186,2017-06-16 23:49:28.000000000,2017-06-17 13:32:06.000000000,closed,0,Update ruby/mspec and ruby/spec
185,2017-06-16 20:49:12.000000000,2017-06-17 13:32:37.000000000,closed,4,Remove non standard methods
184,2017-06-16 18:20:21.000000000,2017-06-16 23:35:26.000000000,closed,0,Improve boot code and Main
183,2017-06-15 18:22:05.000000000,2017-06-16 13:57:55.000000000,closed,0,Miscellaneous clean ups
182,2017-06-14 22:42:04.000000000,2017-06-16 14:00:03.000000000,closed,3,Disable RubyGems in specs for faster startup
181,2017-06-14 21:36:23.000000000,2017-06-16 17:18:06.000000000,closed,3,Try to balance core_a and core_b Travis jobs
180,2017-06-14 19:02:11.000000000,2017-06-14 23:34:51.000000000,closed,0,"Restore ""Use the new static context API"""""
179,2017-06-14 13:31:01.000000000,2017-06-14 22:45:12.000000000,closed,0,Fix and untag spec for Enumerable#count unused block warning
178,2017-06-14 11:28:46.000000000,2017-06-14 18:55:30.000000000,closed,0,"Expect the correct version of LLVM to be on the path, rather than using environment variables"
177,2017-06-14 02:26:12.000000000,2017-06-14 12:36:50.000000000,closed,0,Update to pr-zlib 1.0.4
176,2017-06-14 02:20:58.000000000,2017-06-14 12:36:46.000000000,closed,0,Update JCodings to 1.0.19
175,2017-06-13 21:17:28.000000000,2017-06-14 01:28:45.000000000,closed,0,"Revert ""Use the new static context API"""
174,2017-06-13 20:40:51.000000000,2017-06-14 16:38:38.000000000,closed,1,Automatically copy/link the right launcher based on the platform
173,2017-06-13 17:36:08.000000000,2017-06-13 21:06:02.000000000,closed,0,Use the new static context API
172,2017-06-13 17:01:46.000000000,2017-06-14 13:18:59.000000000,closed,0,Run the Kernel#yield_self spec on TruffleRuby
171,2017-06-13 16:16:51.000000000,2017-06-13 19:50:11.000000000,closed,0,Disable Savina benchmarks on SVM for now as they timeout
170,2017-06-13 15:18:20.000000000,2017-06-13 16:16:18.000000000,closed,0,Show versions of suite dependencies in downstream tests
169,2017-06-13 13:21:28.000000000,2017-06-13 15:56:14.000000000,closed,0,Update Truffle
168,2017-06-12 20:49:15.000000000,2017-06-12 23:49:15.000000000,closed,2,"Revert ""Disable binary Truffle to workaround a mx bug"""
167,2017-06-12 18:48:58.000000000,2017-06-13 12:44:45.000000000,closed,0,Add mx ruby_testdownstream_hello for downstream testing in mx
166,2017-06-12 18:47:22.000000000,2017-06-13 00:11:02.000000000,closed,1,Fix a few specs and cleanup Thread code
165,2017-06-12 15:46:29.000000000,2017-06-12 19:27:45.000000000,closed,1,Try dividing the core spec job in Travis
164,2017-06-12 02:57:05.000000000,2017-06-13 13:10:15.000000000,closed,3,Implement Kernel#yield_self
163,2017-06-11 18:31:51.000000000,2017-06-11 19:50:34.000000000,closed,0,Disable binary Truffle to workaround a mx bug
162,2017-06-11 01:02:36.000000000,2017-06-11 23:09:31.000000000,closed,0,Add about setting a correct Ruby SDK for the local files
161,2017-06-10 20:01:29.000000000,2017-06-11 15:33:54.000000000,closed,0,Use N=0 for ecosystem tests
160,2017-06-10 16:28:09.000000000,2017-06-10 21:37:01.000000000,closed,0,Thread fixes
159,2017-06-10 04:41:36.000000000,2017-06-10 14:47:36.000000000,closed,0,We need maven in CI so we can deploy binaries.
158,2017-06-10 01:10:14.000000000,2017-06-10 14:45:14.000000000,closed,0,Move factory list in a method
157,2017-06-09 23:00:39.000000000,2017-06-12 23:49:01.000000000,closed,7,Fix Truffle API deprecations
156,2017-06-09 02:20:27.000000000,2017-06-09 20:03:45.000000000,closed,4,Remove support for Maven
155,2017-06-07 08:07:43.000000000,2017-06-09 01:38:31.000000000,closed,0,Prepopulate the String shape with common hidden properties.
154,2017-06-06 20:11:28.000000000,2017-06-09 13:15:33.000000000,closed,9,Native Launcher for macOS
153,2017-06-05 20:24:40.000000000,2017-06-06 13:06:35.000000000,closed,2,Load Transcoder instances lazily
152,2017-06-03 14:23:23.000000000,2017-06-03 19:14:18.000000000,closed,0,Update to latest overlay
151,2017-05-30 14:10:05.000000000,2017-06-03 11:13:37.000000000,closed,3,Report CI results back to GitHub
150,2017-05-27 23:44:58.000000000,2017-05-28 01:46:32.000000000,closed,0,Move truffleruby/src to src
149,2017-05-24 04:40:44.000000000,2017-07-31 13:41:43.000000000,closed,3,syslog doesn't exist
148,2017-05-24 03:40:11.000000000,2017-05-24 14:18:18.000000000,closed,1,alias with special character symbols fails
147,2017-05-23 18:56:56.000000000,2017-05-23 21:11:45.000000000,closed,1,Faster C API specs
146,2017-05-19 19:50:12.000000000,2017-10-30 19:33:17.000000000,closed,5,slow json encoding
145,2017-05-17 19:36:39.000000000,2017-05-23 19:17:38.000000000,closed,5,Unblock threads with SIGVTALRM
144,2017-05-17 17:28:53.000000000,2017-05-18 16:29:49.000000000,closed,0,Mutex for c calls
143,2017-05-15 15:14:26.000000000,2017-05-16 17:36:46.000000000,closed,1,Run Travis with precise as it's 2x faster and disable Sulong C++ support
142,2017-05-12 15:51:53.000000000,2017-05-17 14:50:15.000000000,closed,4,Implementation of Kernel#yield_self (ruby 2.5.0)
141,2017-05-11 19:43:33.000000000,2017-05-26 14:01:46.000000000,closed,1,Rb protect and rb_jump_tag
140,2017-05-10 21:01:41.000000000,2017-05-12 18:36:51.000000000,closed,0,Test C extensions on Travis
139,2017-05-07 09:10:21.000000000,2017-05-08 05:48:04.000000000,closed,0,Add OpenSSL fixes to make simple HTTPS request
138,2017-05-06 21:06:59.000000000,2017-05-07 01:23:23.000000000,closed,1,Add jt dis command to assist in disassembly of bitcode
137,2017-05-05 18:44:36.000000000,2017-05-06 15:41:07.000000000,closed,5,Known bugs in Ruby included with graalvm-0.22?
136,2017-05-05 15:41:12.000000000,2017-05-06 20:36:09.000000000,closed,1,Monitor fixes
135,2017-05-05 13:47:26.000000000,2017-05-22 22:09:15.000000000,closed,8,Make the gem test pack a slave file
134,2017-05-04 19:37:00.000000000,2017-05-25 23:07:19.000000000,closed,5,Eval and binding performance
133,2017-05-02 21:22:51.000000000,2017-05-04 19:51:13.000000000,closed,0,Thread local in frame access
132,2017-05-02 17:44:04.000000000,2017-05-03 04:21:00.000000000,closed,0,Move benchmarks into the main repo
131,2017-05-02 16:31:04.000000000,2017-05-25 19:59:08.000000000,closed,1,Split nodes that read caller frames and tidy up.
130,2017-05-01 00:39:18.000000000,2017-05-06 21:28:53.000000000,closed,4,Update rubysl-socket to version 2.2
129,2017-04-28 15:34:56.000000000,2017-04-28 20:24:07.000000000,closed,0,Update ruby/spec
128,2017-04-27 18:29:00.000000000,2017-05-03 01:27:09.000000000,closed,5,Crash when running fannkuch redux from CLBG
127,2017-04-26 18:39:53.000000000,2017-04-29 13:40:28.000000000,closed,0,Avoid webrick deopts
126,2017-04-26 18:28:02.000000000,2017-04-28 20:23:52.000000000,closed,3,Binding improvements
125,2017-04-24 16:57:37.000000000,2017-04-25 16:24:58.000000000,closed,7,Update truffle import
124,2017-04-24 00:43:06.000000000,2017-04-27 15:10:01.000000000,closed,0,Workaround managed object != NULL check in ossl_asn1.c
123,2017-04-13 16:43:11.000000000,2017-04-13 19:28:49.000000000,closed,0,Add debug method to send method graph to IGV.
122,2017-04-13 14:38:10.000000000,2017-04-13 17:00:08.000000000,closed,0,Improve binding performance
121,2017-04-12 13:42:18.000000000,2017-05-10 20:34:19.000000000,closed,2,Launchers and Update for 0.23 GVM
120,2017-04-12 00:36:43.000000000,2017-04-18 22:08:42.000000000,closed,2,Can't add to RVM
119,2017-04-11 18:37:40.000000000,2017-04-14 15:56:44.000000000,closed,0,Provide a fast path for ReadCallerFrame when the caller is a #send.
118,2017-04-11 17:04:55.000000000,2018-07-13 18:13:29.000000000,closed,4,Supply a curl-able download that doesn't need an account or a click-through to use.
117,2017-04-11 14:55:44.000000000,2017-05-06 21:22:53.000000000,closed,2,Remove unused jruby stubs and exclusion from rubocop config.
116,2017-04-10 20:17:23.000000000,2017-04-11 18:26:33.000000000,closed,0,Refactor reading of caller frames.
115,2017-04-09 04:56:15.000000000,2017-05-17 19:06:16.000000000,closed,6,Thread unblock actions
114,2017-04-06 13:15:40.000000000,2017-04-11 14:31:03.000000000,closed,2,"Patching: apply only on gem activation, use option to disable"
113,2017-04-02 09:09:16.000000000,2017-04-02 15:21:34.000000000,closed,0,Fix Method#eql? specs
112,2017-04-02 08:12:40.000000000,2017-04-02 15:19:57.000000000,closed,0,Add initCopy of metaClass to fix initialize_copy spec
111,2017-04-02 01:12:03.000000000,2017-04-04 22:33:49.000000000,closed,2,Patches: hook only to gem activation not each require
110,2017-03-31 22:03:02.000000000,2017-03-31 23:09:49.000000000,closed,1,Show Ruby exceptions built from Java when -d is passed
109,2017-03-29 00:55:21.000000000,2017-04-11 19:16:00.000000000,closed,2,Call bin/graalvm instead of bin/java on GraalVM
108,2017-03-28 18:13:30.000000000,2017-03-29 17:22:31.000000000,closed,0,Refactor regexp_set_last_match usage in Ruby
107,2017-03-28 00:40:46.000000000,2017-03-28 19:37:10.000000000,closed,4,Specs for resisting CVE-2011-4815
106,2017-03-25 16:56:08.000000000,2017-03-27 00:27:41.000000000,closed,7,Fiber / green threads / coroutines?
105,2017-03-25 03:58:19.000000000,2017-04-06 21:06:23.000000000,closed,3,Add Rubocop Lint cops
104,2017-03-23 23:42:45.000000000,2017-03-25 03:33:41.000000000,closed,4,Improved patches and bundler 1.14
103,2017-03-23 04:06:05.000000000,2017-03-26 04:20:48.000000000,closed,1,Use Ruby objects for more cext interop
102,2017-03-21 21:01:48.000000000,2017-03-22 00:09:10.000000000,closed,2,Use POSIX's -- to prevent the launcher to parse the remaining part ofâ¦
101,2017-03-20 18:26:08.000000000,2017-03-21 01:53:31.000000000,closed,3,"Add TruffleRuby logo, by @Talkdesk"
100,2017-03-19 03:08:45.000000000,2017-03-19 15:08:12.000000000,closed,0,Handle macOS spawn missing command case
99,2017-03-19 01:12:48.000000000,2017-03-19 17:36:03.000000000,closed,1,DO NOT MERGE Try running Travis OS X
98,2017-03-17 14:57:01.000000000,2017-03-20 14:59:11.000000000,closed,0,Fix strlen for truffle objects to report the null terminated length if it is shorter than the full length.
97,2017-03-15 19:35:55.000000000,2017-03-16 18:34:00.000000000,closed,0,More closely match MRI behaviour for blocks with rb_funcall and rb_iterate
96,2017-03-15 02:03:29.000000000,2017-03-21 05:01:31.000000000,closed,7,"Use polyglot IO for stdin, stdout, stderr"
95,2017-03-13 17:43:46.000000000,2017-03-14 17:27:15.000000000,closed,0,rb_integer_pack for working for all cases > 64-bits.
94,2017-03-11 22:34:41.000000000,2017-03-12 15:54:43.000000000,closed,3,Run some basic Rubocop rules
93,2017-03-11 17:57:44.000000000,2017-03-11 20:41:02.000000000,closed,0,Posix spawn pgroup
92,2017-03-10 01:08:41.000000000,2017-03-13 15:42:43.000000000,closed,0,Fix up bignum support.
91,2017-03-09 20:50:35.000000000,2017-03-11 19:00:44.000000000,closed,4,Question about to try TruffleRuby
90,2017-03-08 19:52:44.000000000,2017-03-09 00:43:19.000000000,closed,0,Get rb_num2dbl and other remaining numerics functions working.
89,2017-03-08 15:57:03.000000000,2017-03-08 19:34:06.000000000,closed,0,Get rb_num2uint and rb_num2ulong working.
88,2017-03-07 20:32:57.000000000,2017-03-07 22:07:32.000000000,closed,1,Enable C structs AIP.
87,2017-03-05 02:33:30.000000000,2017-03-06 21:23:18.000000000,closed,1,Basic implementation of FFI
86,2017-03-04 19:29:20.000000000,2017-03-04 20:02:51.000000000,closed,1,Add support for Truffle Native Function Interface (TNFI) in launcher
85,2017-03-04 06:05:10.000000000,2017-03-07 20:41:07.000000000,closed,1,Show that we can use the new TNFI to implement Fiddle
84,2017-03-03 17:30:22.000000000,2017-03-06 19:07:16.000000000,closed,8,Ensure TruffleRuby gem home is always the default one for development
83,2017-03-02 23:45:51.000000000,2017-03-08 04:57:37.000000000,closed,1,Documentation update for GraalVM 0.21
82,2017-03-01 20:29:05.000000000,2017-03-01 22:09:36.000000000,closed,4,Ruby on WASM
81,2017-03-01 16:55:47.000000000,2017-03-01 20:32:40.000000000,closed,2,Update launcher to be usable in GraalVM as well
80,2017-03-01 03:33:23.000000000,2017-03-01 12:31:30.000000000,closed,1,Updates for GraalVM
79,2017-02-28 02:17:43.000000000,2017-02-28 23:59:42.000000000,closed,0,Remove custom execute methods
78,2017-02-27 19:00:27.000000000,2017-03-28 22:00:22.000000000,closed,3,Java dispatch
77,2017-02-27 16:08:40.000000000,2017-02-27 20:32:44.000000000,closed,5,Fix $? for Kernel#system
76,2017-02-26 04:32:27.000000000,2017-02-26 19:54:28.000000000,closed,9,Add option for printing target commands in MSpec
75,2017-02-24 04:44:51.000000000,2017-02-25 05:37:45.000000000,closed,0,Translate stack-allocated arrays of VALUE to use truffle_managed_malloc
74,2017-02-24 01:06:33.000000000,2017-02-24 04:43:09.000000000,closed,2,Use a macro for rb_scan_args
73,2017-02-23 23:09:50.000000000,2017-02-25 06:14:43.000000000,closed,1,Switch to LLVM 3.8
72,2017-02-23 02:30:32.000000000,2017-02-23 19:26:22.000000000,closed,10,Add a preprocess step to compiling cexts so we can rewrite calls to rb_scan_args
71,2017-02-23 00:32:13.000000000,2017-02-23 01:59:14.000000000,closed,0,Update Truffle
70,2017-02-21 00:23:37.000000000,2017-02-22 21:51:17.000000000,closed,5,Allow patching before or after something is required
69,2017-02-20 02:55:58.000000000,2017-03-21 04:53:22.000000000,closed,2,Switch to the new default DSL layout
68,2017-02-18 11:22:20.000000000,2017-02-19 05:26:18.000000000,closed,3,Automatically require a specific workaround when a lib is seen
67,2017-02-17 22:54:02.000000000,2017-02-20 16:55:30.000000000,closed,1,Allow Hash#delete while iterating
66,2017-02-17 17:51:41.000000000,2017-03-13 18:09:19.000000000,closed,5,Rename projects and suite in Mx
65,2017-02-16 20:45:19.000000000,2017-02-17 17:01:17.000000000,closed,0,Truffle interop fix
64,2017-02-16 01:58:06.000000000,2017-08-01 19:21:52.000000000,closed,5,Can't install modern gems via Bundler
63,2017-02-15 06:59:42.000000000,2017-02-15 21:22:41.000000000,closed,3,Update truffleruby bash to resolve symlinks
62,2017-02-15 05:22:16.000000000,1970-01-01 00:00:00.000000001,open,23,Support the Nokogiri gem
61,2017-02-15 05:20:30.000000000,2017-08-08 16:49:12.000000000,closed,23,Support the openssl standard library
60,2017-02-11 22:09:08.000000000,2017-02-18 01:10:36.000000000,closed,0,install path of gem executables; bad gem home warning
59,2017-02-11 21:24:34.000000000,2017-04-11 17:05:28.000000000,closed,4,Improve user experience
58,2017-02-10 09:11:50.000000000,2017-02-15 05:30:27.000000000,closed,1,Add jt test mri openssl to run MRI openssl tests
57,2017-02-09 18:11:23.000000000,2017-02-09 19:56:13.000000000,closed,0,"Merge lib/mri and lib/ext, as they both come from MRI"
56,2017-02-09 15:50:12.000000000,2017-08-01 19:25:12.000000000,closed,21,Running rails server
55,2017-02-08 02:34:28.000000000,2017-02-09 21:56:19.000000000,closed,0,"Rename jruby-truffle-tool to truffleruby-tool, remove it from public â¦"
54,2017-02-08 00:46:44.000000000,2017-02-08 04:10:01.000000000,closed,1,Typo fix copyright 2017
53,2017-02-05 21:23:02.000000000,2017-02-15 14:39:32.000000000,closed,12,Update RbConfig CONFIG and MAKEFILE_CONFIG values
52,2017-02-04 10:37:43.000000000,2017-02-05 02:21:04.000000000,closed,12,"Move minitest ,net-telnet, power_assert, rake, test-unit to bundled gems"
51,2017-02-03 20:31:29.000000000,2017-03-21 21:50:07.000000000,closed,31,Is there a TruffleRuby logo?
50,2017-02-02 20:13:01.000000000,2017-02-07 23:10:03.000000000,closed,4,Java Interop
49,2017-02-02 03:30:38.000000000,2017-02-02 15:09:34.000000000,closed,3,Get the Ruby version from Java
48,2017-02-02 03:26:44.000000000,2017-02-04 03:24:32.000000000,closed,2,Remove references to the site dirs
47,2017-02-02 02:40:31.000000000,2017-02-09 05:14:53.000000000,closed,14,Use exactly 2.3.3's standard library
46,2017-02-01 18:59:26.000000000,2017-02-20 23:19:51.000000000,closed,12,Set RUBY_ENGINE to truffleruby and fix related libs
45,2017-02-01 18:57:32.000000000,2017-02-23 23:26:03.000000000,closed,1,"RUBY_ENGINE should be ""truffleruby"""
44,2017-02-01 18:09:28.000000000,2017-02-01 19:51:23.000000000,closed,0,Remove mx ruby
43,2017-02-01 16:13:11.000000000,2017-02-01 22:09:03.000000000,closed,4,Remove old launchers
42,2017-01-29 23:52:04.000000000,2017-02-04 00:41:50.000000000,closed,16,"Add did_you_mean sources, gemspec, and load"
41,2017-01-29 21:38:36.000000000,2017-02-01 15:45:54.000000000,closed,3,Remove JRUBY_OPTS
40,2017-01-28 15:23:17.000000000,2017-02-01 15:46:51.000000000,closed,1,Do not use JRUBY_OPTS
39,2017-01-26 22:44:19.000000000,2017-01-27 02:50:40.000000000,closed,2,Announce list?
38,2017-01-26 02:32:40.000000000,2017-01-26 04:00:09.000000000,closed,2,Fix Gem.default_dir path
37,2017-01-25 18:32:44.000000000,2017-01-25 19:22:02.000000000,closed,0,Remove the intermediate truffle directory in tool
36,2017-01-25 17:52:46.000000000,2017-01-25 22:13:11.000000000,closed,3,Remove the intermediate truffle directory in lib
35,2017-01-25 15:33:06.000000000,2017-01-25 17:34:28.000000000,closed,1,Remove the intermediate truffle directory in specs
34,2017-01-25 07:50:08.000000000,2017-01-26 14:51:29.000000000,closed,7,Add included gems into the default_specifications_dir
33,2017-01-24 23:33:20.000000000,2017-01-26 15:00:24.000000000,closed,0,Check assumptions in lookup
32,2017-01-24 01:16:07.000000000,2017-01-24 15:56:40.000000000,closed,2,Document bundler-workarounds.rb
31,2017-01-23 15:43:29.000000000,2017-01-24 02:55:34.000000000,closed,6,Bad Performance with bigdecimal
30,2017-01-23 11:27:38.000000000,2017-02-14 16:19:41.000000000,closed,7,Chruby
29,2017-01-23 02:39:54.000000000,2017-01-24 01:39:06.000000000,closed,0,Parser cache
28,2017-01-22 21:09:52.000000000,2017-01-23 14:57:42.000000000,closed,0,Support running from mx jars directly in bin/truffleruby
27,2017-01-22 16:28:16.000000000,2017-01-22 18:06:33.000000000,closed,1,Don't use statics for shared objects options
26,2017-01-21 22:19:54.000000000,2017-01-21 23:23:11.000000000,closed,0,Remove some Travis scripts we aren't using anymore
25,2017-01-21 21:57:38.000000000,2017-01-22 04:07:29.000000000,closed,3,Remove the Maven wrapper
24,2017-01-21 17:34:40.000000000,2017-01-21 19:21:28.000000000,closed,1,"Dependency on C extensions, contact channel?"
23,2017-01-21 02:41:39.000000000,2017-01-21 21:54:49.000000000,closed,1,Build with mx on Travis
22,2017-01-21 02:17:06.000000000,2017-01-22 16:51:33.000000000,closed,1,Unify launchers
21,2017-01-21 01:55:27.000000000,2017-01-21 20:07:34.000000000,closed,3,Get the Maven wrapper that Travis needs out of our way
20,2017-01-20 20:52:16.000000000,2017-01-27 21:34:01.000000000,closed,2,Enable method currying and fix arity behaviour in proc currying.
19,2017-01-20 17:58:29.000000000,2017-01-20 18:27:50.000000000,closed,2,Remove support for using GraalVM releases for development
18,2017-01-20 15:41:23.000000000,2017-01-21 02:36:28.000000000,closed,1,Methods need to be copied when a Module is #dup
17,2017-01-20 08:45:17.000000000,2017-02-15 05:22:52.000000000,closed,4,cannot load such file -- openssl.so
16,2017-01-20 02:41:37.000000000,2017-01-20 20:44:43.000000000,closed,1,Restructure the command line parser
15,2017-01-19 23:35:28.000000000,2017-01-20 14:04:36.000000000,closed,0,Handle a dynamic lexical scope for class variable access
14,2017-01-19 23:08:44.000000000,2017-01-20 14:05:06.000000000,closed,0,Make sure SymbolTable.getString() is only used with 7-bit strings.
13,2017-01-19 21:29:32.000000000,2017-01-20 19:14:42.000000000,closed,0,Our old queues don't work on Java 9...
12,2017-01-19 20:35:48.000000000,2017-01-20 15:47:04.000000000,closed,1,"Enable currying of procs, fixes most related specs."
11,2017-01-19 18:13:39.000000000,2017-01-19 22:12:46.000000000,closed,1,Use the new Truffle DSL generator
10,2017-01-19 10:30:14.000000000,2017-02-02 04:34:45.000000000,closed,10,Update RUBY_PLATFORM to arch-os format
9,2017-01-18 02:36:21.000000000,2017-02-15 05:23:15.000000000,closed,17,rvm integration?
8,2017-01-17 14:20:02.000000000,2017-02-15 05:23:44.000000000,closed,4,Donate?
7,2017-01-17 00:42:56.000000000,2017-01-17 16:17:30.000000000,closed,1,Ignore build directory for graal build
6,2017-01-16 15:41:55.000000000,2017-01-17 19:23:53.000000000,closed,2,Remove classic from our tests
5,2017-01-15 22:38:43.000000000,2017-01-17 00:37:15.000000000,closed,5,Usage with self-build graal-core
4,2017-01-15 00:52:35.000000000,2017-01-15 00:54:32.000000000,closed,2,Initial documentation update
3,2017-01-14 23:35:27.000000000,2017-01-16 16:17:51.000000000,closed,2,Display a warning when JRuby classic is used
2,2017-01-14 22:14:39.000000000,2017-01-15 00:55:14.000000000,closed,2,Documentation
1,2017-01-14 18:07:41.000000000,2020-07-29 21:48:21.000000000,closed,5,Benchmark RubyKon
