id,created_at,closed_at,state,comments,title
1916,2020-08-31 19:23:28.000000000,2020-09-01 00:29:30.000000000,closed,6,support plugins section from compilerOptions
1915,2020-08-31 18:23:50.000000000,2020-08-31 23:06:30.000000000,closed,1,build(devs-infra): remove comments for build assets
1914,2020-08-31 16:25:09.000000000,2020-08-31 22:26:24.000000000,closed,1,fix: set minimum jest-util version at 26.1.0
1913,2020-08-31 15:53:56.000000000,2020-08-31 22:26:23.000000000,closed,2,Updating ts-jest from 26.1.1 to 26.3.0 causes error with jest-util
1912,2020-08-31 11:57:48.000000000,2020-08-31 18:19:01.000000000,closed,9,Can not get display name in React when named export
1911,2020-08-30 18:27:28.000000000,2020-08-30 20:16:10.000000000,closed,0,refactor(presets): simplify create presets codes
1910,2020-08-29 13:31:06.000000000,2020-08-29 14:33:09.000000000,closed,1,refactor(devs-infra): rename util dir to utils dir
1909,2020-08-28 19:28:34.000000000,2020-08-29 12:59:59.000000000,closed,2,Jest detecting open handle when ran with ts-jest
1908,2020-08-27 08:33:10.000000000,2020-08-27 09:14:39.000000000,closed,0,build(deps-dev): bump @types/react from 16.9.47 to 16.9.48
1907,2020-08-27 08:32:38.000000000,2020-08-27 08:50:40.000000000,closed,1,build(deps-dev): bump prettier from 2.1.0 to 2.1.1
1906,2020-08-27 01:36:42.000000000,2020-08-27 07:41:14.000000000,closed,1,build(deps-dev): bump eslint-plugin-jsdoc from 30.2.4 to 30.3.0
1905,2020-08-26 19:11:05.000000000,2020-08-26 19:11:29.000000000,closed,1,Add support to TypeScript 4 as peer dependency
1904,2020-08-26 04:20:37.000000000,2020-08-26 10:21:31.000000000,closed,1,build(deps-dev): bump lint-staged from 10.2.11 to 10.2.13
1903,2020-08-26 04:20:07.000000000,2020-08-26 09:37:24.000000000,closed,1,build(deps-dev): bump @types/react from 16.9.46 to 16.9.47
1902,2020-08-26 04:19:35.000000000,2020-08-26 09:58:11.000000000,closed,1,build(deps-dev): bump @typescript-eslint/eslint-plugin from 3.10.0 to 3.10.1
1901,2020-08-26 04:19:30.000000000,2020-08-26 08:06:35.000000000,closed,1,build(deps-dev): bump @typescript-eslint/parser from 3.10.0 to 3.10.1
1900,2020-08-26 01:44:55.000000000,2020-08-26 10:45:12.000000000,closed,1,chore(release): 26.3.0
1899,2020-08-25 13:19:20.000000000,2020-08-25 14:01:02.000000000,closed,1,build(deps-dev): bump @typescript-eslint/eslint-plugin from 3.9.1 to 3.10.0
1898,2020-08-25 13:13:51.000000000,2020-08-25 13:32:40.000000000,closed,1,build(deps-dev): bump @typescript-eslint/parser from 3.9.1 to 3.10.0
1897,2020-08-25 09:58:24.000000000,2020-08-25 11:05:45.000000000,closed,1,build(deps-dev): bump prettier from 2.0.5 to 2.1.0
1896,2020-08-24 15:52:49.000000000,2020-08-24 21:44:01.000000000,closed,1,build(devs-infra): use execa for e2e scripts
1895,2020-08-24 10:09:10.000000000,2020-08-24 10:35:26.000000000,closed,1,Support TypeScript 4
1894,2020-08-23 13:10:00.000000000,2020-08-23 14:17:23.000000000,closed,1,refactor(config): compute cache key without babel deps
1893,2020-08-23 02:00:42.000000000,2020-08-23 11:51:45.000000000,closed,1,refactor(config): compute cache key without reading package.json
1892,2020-08-23 00:13:25.000000000,2020-08-23 11:51:45.000000000,closed,20,"[MODULE_NOT_FOUND] Error: ts-jest tried to access â€¦, but it isn't declared in its dependencies; this makes the require call ambiguous and unsound."
1891,2020-08-22 16:40:51.000000000,2020-08-22 17:02:09.000000000,closed,1,build(deps-dev): bump jest from 26.4.1 to 26.4.2
1890,2020-08-21 18:08:08.000000000,2020-08-21 18:14:15.000000000,closed,1,TypeScript 4.0 Support
1889,2020-08-21 13:38:48.000000000,2020-08-21 14:05:57.000000000,closed,1,feat: support TypeScript 4.0
1888,2020-08-21 12:28:45.000000000,2020-08-21 13:02:00.000000000,closed,1,build(deps-dev): bump jest from 26.4.0 to 26.4.1
1887,2020-08-20 23:28:01.000000000,2020-08-21 14:05:57.000000000,closed,2,Support TypeScript 4.x
1886,2020-08-18 06:56:45.000000000,2020-08-18 11:04:26.000000000,closed,1,build(deps-dev): bump @typescript-eslint/eslint-plugin from 3.9.0 to 3.9.1
1885,2020-08-18 06:52:07.000000000,2020-08-18 10:06:44.000000000,closed,1,build(deps-dev): bump @typescript-eslint/parser from 3.9.0 to 3.9.1
1884,2020-08-18 05:17:13.000000000,2020-08-18 09:34:52.000000000,closed,1,build(deps-dev): bump eslint-plugin-jsdoc from 30.2.3 to 30.2.4
1883,2020-08-18 01:18:09.000000000,2020-08-18 01:36:56.000000000,closed,1,build(deps-dev): bump @types/semver from 7.3.2 to 7.3.3
1882,2020-08-16 06:32:49.000000000,2020-08-16 10:13:32.000000000,closed,1,build(deps-dev): bump eslint-plugin-jsdoc from 30.2.2 to 30.2.3
1881,2020-08-15 05:06:26.000000000,2020-08-15 05:25:55.000000000,closed,1,build(deps): bump @types/jest from 26.0.9 to 26.0.10
1880,2020-08-15 03:58:13.000000000,2020-08-15 04:30:01.000000000,closed,1,build(deps-dev): bump eslint from 7.6.0 to 7.7.0
1879,2020-08-14 06:36:14.000000000,2020-08-14 10:30:16.000000000,closed,1,build(deps-dev): bump @types/semver from 7.3.1 to 7.3.2
1878,2020-08-13 14:39:51.000000000,2020-08-13 15:24:18.000000000,closed,1,build(deps-dev): bump eslint-plugin-jsdoc from 30.2.1 to 30.2.2
1877,2020-08-13 08:02:41.000000000,2020-08-13 08:59:35.000000000,closed,1,build(deps-dev): bump jest from 26.3.0 to 26.4.0
1876,2020-08-12 16:18:20.000000000,2020-08-12 16:40:47.000000000,closed,1,build(deps-dev): bump conventional-changelog-cli from 2.0.34 to 2.1.0
1875,2020-08-12 12:12:34.000000000,2020-08-12 12:25:22.000000000,closed,1,docs(devs-infra): correct astTransformers type
1874,2020-08-12 12:02:35.000000000,2020-08-12 12:51:31.000000000,closed,1,build(deps-dev): update e2e templates' dependencies
1873,2020-08-11 20:47:04.000000000,2020-08-12 09:19:03.000000000,closed,7,Getting  TypeError: foo_1.default is not a function
1872,2020-08-11 13:39:47.000000000,2020-08-11 14:11:35.000000000,closed,1,chore(release): 26.2.0
1871,2020-08-11 05:49:24.000000000,2020-08-11 12:14:35.000000000,closed,1,build(deps-dev): bump @typescript-eslint/eslint-plugin from 3.8.0 to 3.9.0
1870,2020-08-11 05:28:23.000000000,2020-08-11 11:43:25.000000000,closed,1,build(deps-dev): bump @typescript-eslint/parser from 3.8.0 to 3.9.0
1869,2020-08-11 04:30:35.000000000,2020-08-11 11:19:37.000000000,closed,1,build(deps-dev): bump @types/react from 16.9.45 to 16.9.46
1868,2020-08-11 01:45:23.000000000,2020-08-11 10:06:04.000000000,closed,1,build(deps-dev): bump jest from 26.2.2 to 26.3.0
1867,2020-08-11 01:15:27.000000000,2020-08-11 03:16:50.000000000,closed,1,build(deps-dev): bump @jest/transform from 26.2.2 to 26.3.0
1866,2020-08-11 01:14:10.000000000,2020-08-11 02:31:56.000000000,closed,1,build(deps): bump jest-util from 26.2.0 to 26.3.0
1865,2020-08-11 01:13:20.000000000,2020-08-11 01:43:37.000000000,closed,1,build(deps-dev): bump @jest/types from 26.2.0 to 26.3.0
1864,2020-08-08 14:43:52.000000000,2020-08-08 15:36:09.000000000,closed,1,build(deps-dev): bump @types/react from 16.9.44 to 16.9.45
1863,2020-08-06 16:38:31.000000000,2020-08-06 17:07:31.000000000,closed,1,refactor(config): mark babelConfig and filterDiagnostics getters as private getters
1862,2020-08-06 08:14:50.000000000,2020-08-06 08:47:24.000000000,closed,1,build(deps-dev): bump @types/node from 12.12.53 to 12.12.54
1861,2020-08-06 04:31:18.000000000,2020-08-06 08:03:43.000000000,closed,1,build(deps-dev): bump @types/jest from 26.0.8 to 26.0.9
1860,2020-08-06 00:23:11.000000000,2020-08-06 10:23:05.000000000,closed,1,refactor(devs-infra): mark a few typings as internal
1859,2020-08-05 23:30:29.000000000,2020-08-06 16:39:48.000000000,closed,1,fix: move @types/jest to dependencies to work well with yarn 2
1858,2020-08-05 08:54:24.000000000,2020-08-05 10:06:28.000000000,closed,1,build(deps-dev): bump eslint-plugin-jsdoc from 30.2.0 to 30.2.1
1857,2020-08-04 20:17:49.000000000,2020-08-06 16:39:48.000000000,closed,10,Yarn 2 and Plug'n'Play
1856,2020-08-04 14:39:04.000000000,2020-08-04 15:00:09.000000000,closed,1,build(deps-dev): bump eslint-plugin-jsdoc from 30.1.0 to 30.2.0
1855,2020-08-04 06:38:53.000000000,2020-08-04 09:54:56.000000000,closed,1,build(deps-dev): bump @typescript-eslint/parser from 3.7.1 to 3.8.0
1854,2020-08-04 06:27:03.000000000,2020-08-04 09:11:43.000000000,closed,1,build(deps-dev): bump @typescript-eslint/eslint-plugin from 3.7.1 to 3.8.0
1853,2020-08-02 18:37:10.000000000,2020-08-05 11:55:02.000000000,closed,1,chore(devs-infra): enable tsconfig option importsNotUsedAsValues
1852,2020-08-02 17:44:49.000000000,2020-08-05 11:25:06.000000000,closed,1,build(devs-dep): update e2e templates' dependencies
1851,2020-08-02 17:27:13.000000000,2020-08-05 11:09:35.000000000,closed,1,refactor(config): set jest getter to private getter
1850,2020-08-01 15:49:20.000000000,2020-08-01 16:05:41.000000000,closed,1,build(deps-dev): bump eslint from 7.5.0 to 7.6.0
1849,2020-08-01 13:07:40.000000000,2020-08-01 13:33:40.000000000,closed,1,build(deps-dev): bump @types/react from 16.9.43 to 16.9.44
1848,2020-07-31 18:51:00.000000000,2020-07-31 19:47:45.000000000,closed,1,chore(devs-infra): memoize `isTestFile` in config-set
1847,2020-07-31 17:05:12.000000000,2020-07-31 18:38:24.000000000,closed,1,build(deps-dev): bump @types/jest from 26.0.7 to 26.0.8
1846,2020-07-31 15:36:50.000000000,2020-07-31 18:16:13.000000000,closed,1,build(deps-dev): bump jest from 26.1.0 to 26.2.2
1845,2020-07-31 15:36:22.000000000,2020-07-31 17:12:42.000000000,closed,1,build(deps-dev): bump @jest/transform from 26.1.0 to 26.2.2
1844,2020-07-31 15:15:48.000000000,2020-07-31 15:34:21.000000000,closed,1,build(deps-dev): bump eslint-plugin-jsdoc from 30.0.3 to 30.1.0
1843,2020-07-31 00:36:56.000000000,2020-07-31 17:36:40.000000000,closed,1,build(deps-dev): bump eslint-plugin-jest from 23.19.0 to 23.20.0
1842,2020-07-31 00:03:12.000000000,2020-07-31 15:36:54.000000000,closed,2,build(deps-dev): bump jest from 26.1.0 to 26.2.1
1841,2020-07-30 23:39:46.000000000,2020-07-31 16:38:23.000000000,closed,1,build(deps): bump jest-util from 26.1.0 to 26.2.0
1840,2020-07-30 23:35:53.000000000,2020-07-31 15:36:34.000000000,closed,1,build(deps-dev): bump @jest/transform from 26.1.0 to 26.2.1
1839,2020-07-30 22:57:51.000000000,2020-07-31 16:05:02.000000000,closed,2,build(deps-dev): bump @jest/types from 26.1.0 to 26.2.0
1838,2020-07-30 01:38:25.000000000,2020-07-30 15:08:21.000000000,closed,4,refactor(util): change exported.ts to index.ts
1837,2020-07-29 11:58:08.000000000,2020-07-29 18:12:58.000000000,closed,1,"refactor(config): set private for projectPackageJson, projectDependencies, createTsError getters"
1836,2020-07-28 12:30:11.000000000,2020-07-28 15:42:23.000000000,closed,1,Merge v26.1.4
1835,2020-07-28 11:51:00.000000000,2020-07-28 12:28:48.000000000,closed,0,chore(release): 26.1.4
1834,2020-07-28 04:06:56.000000000,2020-07-28 11:27:29.000000000,closed,1,build(deps-dev): bump eslint-plugin-jest from 23.18.2 to 23.19.0
1833,2020-07-28 02:44:33.000000000,2020-07-28 09:26:19.000000000,closed,1,build(deps-dev): bump @typescript-eslint/parser from 3.7.0 to 3.7.1
1832,2020-07-28 02:42:23.000000000,2020-07-28 08:52:17.000000000,closed,1,build(deps-dev): bump @typescript-eslint/eslint-plugin from 3.7.0 to 3.7.1
1831,2020-07-27 18:35:20.000000000,2020-07-28 11:47:25.000000000,closed,3,feat(config): support after and afterDeclarations AST transformers
1830,2020-07-26 12:17:30.000000000,2020-07-26 12:42:25.000000000,closed,1,build(deps-dev): bump eslint-plugin-jest from 23.18.1 to 23.18.2
1829,2020-07-26 10:18:37.000000000,2020-07-26 10:55:14.000000000,closed,1,build(deps-dev): bump eslint-plugin-jest from 23.18.0 to 23.18.1
1828,2020-07-25 01:47:49.000000000,2020-07-25 02:12:36.000000000,closed,1,build(deps-dev): bump @types/node from 12.12.52 to 12.12.53
1827,2020-07-24 19:55:26.000000000,2020-07-25 11:56:03.000000000,closed,1,fix(compiler): check if test file exists before doing type check
1826,2020-07-24 10:36:19.000000000,2020-07-27 01:31:28.000000000,closed,5,Source maps are mis-aligned
1825,2020-07-24 04:33:48.000000000,2020-07-24 06:41:43.000000000,closed,1,build(deps-dev): bump @types/jest from 26.0.6 to 26.0.7
1824,2020-07-24 03:20:12.000000000,2020-07-24 06:24:47.000000000,closed,1,build(deps-dev): bump @types/node from 12.12.51 to 12.12.52
1823,2020-07-23 22:24:36.000000000,2020-07-23 22:46:43.000000000,closed,1,build(deps-dev): bump @types/jest from 26.0.5 to 26.0.6
1822,2020-07-23 08:54:40.000000000,2020-07-23 11:11:26.000000000,closed,7,flatMap is not a function
1821,2020-07-21 19:08:26.000000000,2020-07-21 20:41:58.000000000,closed,3,feat: allow opt-out version checking by environment variable
1820,2020-07-21 05:27:48.000000000,2020-07-21 08:54:55.000000000,closed,1,build(deps-dev): bump @types/node from 12.12.50 to 12.12.51
1819,2020-07-21 02:50:59.000000000,2020-07-21 11:38:21.000000000,closed,1,build(deps-dev): bump @typescript-eslint/parser from 3.6.1 to 3.7.0
1818,2020-07-21 02:38:55.000000000,2020-07-21 11:20:42.000000000,closed,1,build(deps-dev): bump @typescript-eslint/eslint-plugin from 3.6.1 to 3.7.0
1817,2020-07-21 01:54:32.000000000,2020-07-21 02:15:05.000000000,closed,1,build(deps-dev): bump eslint-plugin-jsdoc from 30.0.0 to 30.0.3
1816,2020-07-21 01:04:58.000000000,2020-07-21 11:59:03.000000000,closed,1,test(e2e): upgrade e2e dependencies
1815,2020-07-20 20:32:39.000000000,2020-07-20 21:56:15.000000000,closed,8,ignores *d.ts files during setup
1814,2020-07-19 07:06:15.000000000,2020-07-19 13:55:22.000000000,closed,1,build(deps-dev): bump eslint-plugin-jsdoc from 29.2.0 to 30.0.0
1813,2020-07-18 23:37:09.000000000,2020-07-19 00:00:43.000000000,closed,1,build(deps-dev): bump eslint from 7.4.0 to 7.5.0
1812,2020-07-18 19:55:03.000000000,2020-07-18 21:53:22.000000000,closed,1,build(deps-dev): bump @types/jest from 26.0.4 to 26.0.5
1811,2020-07-17 12:59:23.000000000,2020-07-17 15:07:36.000000000,closed,4,Not possible to use custom reporters written in typescript
1810,2020-07-17 00:42:02.000000000,2020-07-17 08:32:34.000000000,closed,1,chore(release): 26.1.3
1809,2020-07-17 00:21:00.000000000,2020-07-17 00:36:47.000000000,closed,1,build(deps-dev): bump typescript from 3.9.6 to 3.9.7
1808,2020-07-16 18:43:13.000000000,2020-07-16 18:44:35.000000000,closed,1,Allow skip of type checking for speed improvements
1807,2020-07-16 10:52:22.000000000,2020-07-16 11:33:59.000000000,closed,1,build(deps): bump lodash from 4.17.15 to 4.17.19 in /e2e/__templates__/default
1806,2020-07-16 10:29:06.000000000,2020-07-16 10:50:28.000000000,closed,1,build(deps): [security] bump lodash from 4.17.14 to 4.17.19
1805,2020-07-15 02:03:15.000000000,1970-01-01 00:00:00.000000001,open,31,feat(mapper): implement project mapper and tsconfig convenience mapper
1804,2020-07-14 12:24:25.000000000,2020-07-14 14:48:54.000000000,closed,1,fix: revert #1793
1803,2020-07-14 03:41:24.000000000,2020-07-14 09:47:21.000000000,closed,1,build(deps-dev): bump @typescript-eslint/eslint-plugin from 3.6.0 to 3.6.1
1802,2020-07-14 03:24:54.000000000,2020-07-14 11:13:15.000000000,closed,1,build(deps-dev): bump @typescript-eslint/parser from 3.6.0 to 3.6.1
1801,2020-07-14 00:02:14.000000000,2020-07-14 00:21:17.000000000,closed,1,build(deps-dev): bump eslint-plugin-jsdoc from 29.1.4 to 29.2.0
1800,2020-07-13 14:11:55.000000000,2020-07-13 14:27:07.000000000,closed,1,chore(release): 26.1.2
1799,2020-07-13 10:56:48.000000000,2020-07-13 13:05:51.000000000,closed,1,build(deps-dev): bump @types/react from 16.9.42 to 16.9.43
1798,2020-07-13 08:01:19.000000000,2020-07-13 09:33:33.000000000,closed,1,build(deps-dev): bump @commitlint/config-conventional from 9.0.1 to 9.1.2
1797,2020-07-13 07:54:09.000000000,2020-07-13 09:56:49.000000000,closed,1,build(deps-dev): bump @commitlint/cli from 9.0.1 to 9.1.2
1796,2020-07-12 15:40:51.000000000,2020-07-12 17:22:06.000000000,closed,0,build(docs-infra): update e2e README.md
1795,2020-07-12 13:26:38.000000000,2020-07-12 13:53:13.000000000,closed,1,build(deps-dev): bump eslint-plugin-jsdoc from 29.1.3 to 29.1.4
1794,2020-07-11 23:58:02.000000000,2020-07-12 00:08:00.000000000,closed,5,Bump yargs-parser to 18.1.2 or higher
1793,2020-07-11 20:30:06.000000000,2020-07-12 15:24:16.000000000,closed,9,chore(devs-infra): minimum node version at 10.21.0
1792,2020-07-10 23:11:44.000000000,2020-07-10 23:27:34.000000000,closed,1,build(deps-dev): bump @types/react from 16.9.41 to 16.9.42
1791,2020-07-10 22:21:56.000000000,2020-07-10 22:50:06.000000000,closed,1,build(deps-dev): bump @types/node from 12.12.48 to 12.12.50
1790,2020-07-10 00:09:01.000000000,2020-07-10 11:22:59.000000000,closed,1,build(deps-dev): bump eslint-plugin-jsdoc from 29.1.2 to 29.1.3
1789,2020-07-09 16:35:26.000000000,2020-07-09 16:50:35.000000000,closed,1,build(deps-dev): bump eslint-plugin-jsdoc from 29.1.0 to 29.1.2
1788,2020-07-09 13:01:13.000000000,2020-07-09 18:20:40.000000000,closed,1,fix(config): invalidate cache when other options in tsconfig change
1787,2020-07-08 16:40:36.000000000,2020-07-08 16:57:53.000000000,closed,1,build(deps-dev): bump eslint-plugin-jsdoc from 28.6.1 to 29.1.0
1786,2020-07-08 16:28:02.000000000,2020-07-08 19:38:15.000000000,closed,1,perf(compiler): use moduleResolutionCache for Language Service's resolveModuleNames
1785,2020-07-08 03:08:58.000000000,2020-07-08 12:20:22.000000000,closed,1,chore(typings): expose compilerModule and TTypeScript as public typings
1784,2020-07-07 19:19:35.000000000,2020-07-08 13:12:50.000000000,closed,3,fix(compiler): use resolveModuleNames TypeScript API to get resolved modules for test files
1783,2020-07-07 16:11:16.000000000,2020-07-07 17:20:01.000000000,closed,1,chore(devs-infra): remove ! on realpath of LanguageService
1782,2020-07-07 05:21:40.000000000,2020-07-07 11:49:38.000000000,closed,1,build(deps-dev): bump @types/jest from 26.0.3 to 26.0.4
1781,2020-07-07 04:39:00.000000000,2020-07-07 08:20:00.000000000,closed,1,build(deps-dev): bump @types/node from 12.12.47 to 12.12.48
1780,2020-07-07 03:22:13.000000000,2020-07-07 13:07:11.000000000,closed,1,build(deps-dev): bump @typescript-eslint/parser from 3.5.0 to 3.6.0
1779,2020-07-07 03:16:31.000000000,2020-07-07 13:27:57.000000000,closed,1,build(deps-dev): bump @typescript-eslint/eslint-plugin from 3.5.0 to 3.6.0
1778,2020-07-05 14:10:46.000000000,2020-07-05 14:25:09.000000000,closed,1,build(deps-dev): bump eslint-plugin-jest from 23.17.1 to 23.18.0
1777,2020-07-04 00:34:06.000000000,2020-07-04 00:54:27.000000000,closed,1,build(deps-dev): bump eslint from 7.3.1 to 7.4.0
1776,2020-07-03 18:07:39.000000000,2020-07-03 20:44:44.000000000,closed,1,chore(devs-infra): update update-e2e-templates script
1775,2020-07-03 13:56:44.000000000,2020-07-03 17:19:50.000000000,closed,1,chore(dep-devs): update e2e templates dependencies
1774,2020-07-03 01:32:35.000000000,2020-07-21 20:41:58.000000000,closed,6,Have an option for opting out of the version checker messages?
1773,2020-07-03 01:25:04.000000000,2020-07-03 11:48:05.000000000,closed,1,refactor(compiler): use memory cache for language service only
1772,2020-07-02 05:19:48.000000000,2020-07-02 13:24:17.000000000,closed,1,build(deps-dev): bump typescript from 3.9.5 to 3.9.6
1771,2020-07-01 21:50:24.000000000,2020-07-01 22:09:51.000000000,closed,1,build(deps-dev): bump eslint-plugin-jsdoc from 28.6.0 to 28.6.1
1770,2020-07-01 18:28:48.000000000,2020-07-01 19:41:45.000000000,closed,1,chore(devs-infra): use stringify from json util
1769,2020-07-01 18:06:33.000000000,2020-07-01 19:16:17.000000000,closed,1,test: improve unit test speed for compiler tests
1768,2020-07-01 04:42:01.000000000,2020-07-01 09:40:17.000000000,closed,1,build(deps-dev): bump eslint-plugin-jsdoc from 28.5.1 to 28.6.0
1767,2020-06-30 00:53:15.000000000,2020-06-30 01:09:14.000000000,closed,1,build(deps-dev): bump @typescript-eslint/parser from 3.4.0 to 3.5.0
1766,2020-06-30 00:33:43.000000000,2020-06-30 00:51:08.000000000,closed,1,build(deps-dev): bump @typescript-eslint/eslint-plugin from 3.4.0 to 3.5.0
1765,2020-06-27 02:10:19.000000000,2020-08-02 23:48:20.000000000,closed,3,allow TS Beta 4 without warn
1764,2020-06-26 20:12:12.000000000,2020-06-26 21:12:51.000000000,closed,6,"TypeError: (0 , _vm(...).compileFunction) is not a function"
1763,2020-06-25 11:45:31.000000000,2020-06-25 12:16:26.000000000,closed,1,build(deps-dev): bump @types/js-yaml from 3.12.4 to 3.12.5
1762,2020-06-25 06:18:01.000000000,2020-06-25 11:52:41.000000000,closed,0,build(deps-dev): bump @types/semver from 7.2.0 to 7.3.1
1761,2020-06-24 23:29:36.000000000,2020-06-25 00:07:50.000000000,closed,1,build(deps-dev): bump @types/jest from 26.0.1 to 26.0.3
1760,2020-06-24 14:43:42.000000000,2020-06-24 17:36:03.000000000,closed,1,build(deps-dev): bump @types/jest from 26.0.0 to 26.0.1
1759,2020-06-24 14:43:28.000000000,2020-06-24 15:07:40.000000000,closed,1,build(deps-dev): bump @types/react from 16.9.38 to 16.9.41
1758,2020-06-24 05:39:01.000000000,2020-06-24 12:06:14.000000000,closed,3,build(deps-dev): bump jest from 26.0.1 to 26.1.0
1757,2020-06-24 05:31:05.000000000,2020-06-24 12:07:53.000000000,closed,2,build(deps-dev): bump @jest/transform from 26.0.1 to 26.1.0
1756,2020-06-24 05:09:30.000000000,2020-06-24 12:08:02.000000000,closed,3,build(deps-dev): bump @jest/types from 26.0.1 to 26.1.0
1755,2020-06-24 01:05:32.000000000,2020-06-24 12:03:56.000000000,closed,1,chore(dev-deps): switch to commitlint 9.x
1754,2020-06-23 23:42:48.000000000,2020-06-24 12:41:41.000000000,closed,1,perf(compiler): use globsToMatcher from jest-util
1753,2020-06-23 17:45:21.000000000,2020-06-24 12:05:09.000000000,closed,2,build(deps-dev): bump eslint-plugin-jsdoc from 28.0.0 to 28.5.1
1752,2020-06-23 17:44:35.000000000,2020-06-23 18:05:22.000000000,closed,1,build(deps-dev): bump eslint-plugin-jest from 23.16.0 to 23.17.1
1751,2020-06-23 13:46:57.000000000,2020-06-23 14:03:12.000000000,closed,1,build(deps-dev): bump eslint from 7.3.0 to 7.3.1
1750,2020-06-23 08:22:52.000000000,2020-06-23 10:01:42.000000000,closed,1,build(deps-dev): bump @typescript-eslint/parser from 3.3.0 to 3.4.0
1749,2020-06-23 08:15:21.000000000,2020-06-23 08:38:02.000000000,closed,1,build(deps-dev): bump @typescript-eslint/eslint-plugin from 3.3.0 to 3.4.0
1748,2020-06-23 07:54:58.000000000,2020-06-23 13:53:54.000000000,closed,6,Comments in test file throws exception when writing inline snapshots
1747,2020-06-23 01:58:13.000000000,2020-07-08 13:12:50.000000000,closed,3,"Regression: With cached results, changes to type definitions are not detected"
1746,2020-06-22 11:17:19.000000000,2020-06-22 12:02:10.000000000,closed,0,build(deps-dev): bump @types/babel__core from 7.1.8 to 7.1.9
1745,2020-06-22 11:16:54.000000000,2020-06-22 11:34:01.000000000,closed,1,build(deps-dev): bump eslint from 7.2.0 to 7.3.0
1744,2020-06-21 17:10:58.000000000,2020-06-22 10:06:19.000000000,closed,0,chore(release): 26.1.1
1743,2020-06-21 15:10:26.000000000,2020-06-21 16:50:24.000000000,closed,1,"test: add additional unit tests for source map, correct e2e typings"
1742,2020-06-21 03:20:29.000000000,2020-06-21 19:39:58.000000000,closed,2,globalSetup and globalTeardown not being re-ran on watch
1741,2020-06-20 15:42:44.000000000,2020-06-20 17:55:56.000000000,closed,1,fix(compiler): generate source map correctly when tsconfig `mapRoot` is set
1740,2020-06-18 20:59:47.000000000,2020-06-18 21:15:34.000000000,closed,1,build(deps-dev): bump eslint-plugin-jsdoc from 27.1.1 to 27.1.2
1739,2020-06-17 21:55:01.000000000,2020-06-17 22:33:32.000000000,closed,1,build(deps-dev): bump @types/react from 16.9.36 to 16.9.38
1738,2020-06-17 21:16:55.000000000,2020-06-17 21:44:52.000000000,closed,1,build(deps-dev): bump lint-staged from 10.2.10 to 10.2.11
1737,2020-06-17 15:56:08.000000000,2020-06-17 16:13:14.000000000,closed,1,build(deps-dev): bump eslint-plugin-jsdoc from 27.1.0 to 27.1.1
1736,2020-06-17 10:18:52.000000000,2020-06-17 10:48:07.000000000,closed,1,build(deps-dev): bump eslint-plugin-jsdoc from 27.0.7 to 27.1.0
1735,2020-06-16 14:12:17.000000000,2020-06-16 15:03:32.000000000,closed,0,build(deps-dev): bump @typescript-eslint/parser from 3.2.0 to 3.3.0
1734,2020-06-16 14:11:25.000000000,2020-06-17 19:31:23.000000000,closed,1,build(deps-dev): bump @typescript-eslint/eslint-plugin from 3.2.0 to 3.3.0
1733,2020-06-15 11:13:07.000000000,2020-06-15 11:54:09.000000000,closed,1,build(deps-dev): bump eslint-plugin-prettier from 3.1.3 to 3.1.4
1732,2020-06-15 11:12:37.000000000,2020-06-15 12:15:59.000000000,closed,1,build(deps-dev): bump eslint-plugin-jsdoc from 27.0.6 to 27.0.7
1731,2020-06-15 11:12:02.000000000,2020-06-15 11:27:10.000000000,closed,1,build(deps-dev): bump lint-staged from 10.2.9 to 10.2.10
1730,2020-06-15 02:49:02.000000000,2020-07-01 18:11:06.000000000,closed,3,Single-line comments existing as the final line for imported (typescript) files results in a syntax error
1729,2020-06-14 14:51:47.000000000,2020-06-14 15:31:50.000000000,closed,1,fix(config): show version warning when using ts-jest without babel
1728,2020-06-13 17:26:36.000000000,2020-06-14 13:55:05.000000000,closed,4,TypeError: React__default.createContext is not a function
1727,2020-06-13 14:24:22.000000000,2020-06-13 17:30:03.000000000,closed,1,Unsupported Jest version warn outputted on every test execution.
1726,2020-06-11 16:41:33.000000000,2020-06-21 13:42:53.000000000,closed,3,ts-jest/presets/js-with-ts does not seem to work with js files
1725,2020-06-11 10:42:47.000000000,2020-06-11 11:31:06.000000000,closed,0,build(deps-dev): bump @types/react from 16.9.35 to 16.9.36
1724,2020-06-11 10:42:02.000000000,2020-06-11 11:05:40.000000000,closed,0,build(deps-dev): bump eslint-plugin-jsdoc from 27.0.5 to 27.0.6
1723,2020-06-10 10:26:46.000000000,2020-06-10 11:07:32.000000000,closed,1,build(deps-dev): bump @types/node from 10.17.25 to 10.17.26
1722,2020-06-09 10:23:54.000000000,2020-06-09 14:03:40.000000000,closed,1,build(deps-dev): bump @typescript-eslint/parser from 3.1.0 to 3.2.0
1721,2020-06-09 10:23:35.000000000,2020-06-09 11:52:58.000000000,closed,1,build(deps-dev): bump @typescript-eslint/eslint-plugin from 3.1.0 to 3.2.0
1720,2020-06-09 10:22:53.000000000,2020-06-09 10:53:23.000000000,closed,1,build(deps-dev): bump @types/node from 10.17.24 to 10.17.25
1719,2020-06-09 10:22:16.000000000,2020-06-09 12:52:02.000000000,closed,1,build(deps-dev): bump eslint-plugin-jsdoc from 27.0.4 to 27.0.5
1718,2020-06-09 06:34:37.000000000,2020-06-20 17:55:56.000000000,closed,1,TypeScript mapRoot setting breaks source map URL generation
1717,2020-06-08 10:52:58.000000000,2020-06-08 11:14:23.000000000,closed,1,build(deps-dev): bump eslint from 7.1.0 to 7.2.0
1716,2020-06-08 10:52:25.000000000,2020-06-08 12:12:50.000000000,closed,1,build(deps-dev): bump @types/mkdirp from 1.0.0 to 1.0.1
1715,2020-06-05 17:30:27.000000000,2020-06-15 19:59:36.000000000,closed,3,Importing a html file in a Webcomponent fails when running via ts-jest
1714,2020-06-05 11:21:30.000000000,2020-06-05 13:42:34.000000000,closed,1,chore(deps-dev): update dependencies for e2e
1713,2020-06-05 10:32:50.000000000,2020-06-05 11:08:36.000000000,closed,1,build(deps-dev): bump eslint-plugin-jsdoc from 27.0.3 to 27.0.4
1712,2020-06-05 02:05:17.000000000,2020-06-05 07:57:23.000000000,closed,1,build(deps-dev): bump typescript from 3.9.3 to 3.9.5
1711,2020-06-04 17:34:45.000000000,2020-06-04 20:24:32.000000000,closed,1,build(deps-dev): bump lint-staged from 10.2.7 to 10.2.9
1710,2020-06-04 17:21:14.000000000,2020-06-04 17:59:42.000000000,closed,1,build(deps-dev): bump eslint-plugin-jsdoc from 27.0.2 to 27.0.3
1709,2020-06-04 11:27:39.000000000,1970-01-01 00:00:00.000000001,open,3,Support ESM
1708,2020-06-04 04:31:57.000000000,2020-06-04 17:32:21.000000000,closed,0,build(deps-dev): bump fs-extra from 9.0.0 to 9.0.1
1707,2020-06-03 22:17:52.000000000,2020-06-04 17:34:49.000000000,closed,1,build(deps-dev): bump lint-staged from 10.2.7 to 10.2.8
1706,2020-06-03 22:06:38.000000000,2020-06-03 22:21:11.000000000,closed,1,build(deps-dev): bump eslint-plugin-jsdoc from 27.0.0 to 27.0.2
1705,2020-06-03 02:29:30.000000000,2020-06-03 11:22:46.000000000,closed,1,build(deps-dev): bump eslint-plugin-jsdoc from 26.0.2 to 27.0.0
1704,2020-06-02 18:23:10.000000000,2020-06-02 20:54:48.000000000,closed,1,chore(docs-dev): add missing markdown reference for `astTransformers`
1703,2020-06-02 08:01:30.000000000,2020-06-02 11:33:35.000000000,closed,1,build(deps-dev): bump eslint-plugin-jsdoc from 26.0.1 to 26.0.2
1702,2020-06-02 07:30:36.000000000,2020-06-02 13:03:05.000000000,closed,1,build(deps-dev): bump @types/babel__core from 7.1.7 to 7.1.8
1701,2020-06-02 02:54:43.000000000,2020-06-02 11:54:49.000000000,closed,1,build(deps-dev): bump @typescript-eslint/eslint-plugin from 3.0.2 to 3.1.0
1700,2020-06-02 02:49:53.000000000,2020-06-02 08:19:40.000000000,closed,1,build(deps-dev): bump @typescript-eslint/parser from 3.0.2 to 3.1.0
1699,2020-06-02 01:30:44.000000000,2020-06-02 13:31:35.000000000,closed,1,docs: add missing `astTransformers` config option documentation
1698,2020-05-31 22:23:56.000000000,2020-06-02 16:27:56.000000000,closed,20,ts-jest doesn't respect outDir and rootDir when using project references
1697,2020-05-31 07:18:09.000000000,2020-05-31 10:22:27.000000000,closed,1,build(deps-dev): bump eslint-plugin-jsdoc from 26.0.0 to 26.0.1
1696,2020-05-30 19:19:30.000000000,2020-05-30 22:55:55.000000000,closed,1,chore(release): 26.1.0
1695,2020-05-29 10:15:38.000000000,2020-05-29 10:44:57.000000000,closed,0,build(deps-dev): bump lint-staged from 10.2.6 to 10.2.7
1694,2020-05-28 21:50:00.000000000,2020-05-28 22:06:03.000000000,closed,1,build(deps-dev): bump eslint-plugin-jsdoc from 25.4.3 to 26.0.0
1693,2020-05-27 22:56:47.000000000,2020-05-28 09:23:29.000000000,closed,1,build(deps-dev): bump @typescript-eslint/eslint-plugin from 3.0.1 to 3.0.2
1692,2020-05-27 22:52:51.000000000,2020-05-27 23:07:56.000000000,closed,1,build(deps-dev): bump @typescript-eslint/parser from 3.0.1 to 3.0.2
1691,2020-05-27 22:04:26.000000000,2020-05-27 22:53:43.000000000,closed,1,coverage reports js files instead of TS files
1690,2020-05-27 13:00:03.000000000,2020-05-29 22:44:20.000000000,closed,5,feat(config): add support for multiple paths in module name mapper
1689,2020-05-27 01:06:19.000000000,2020-05-27 11:05:25.000000000,closed,1,build(deps-dev): bump eslint-plugin-jest from 23.13.1 to 23.13.2
1688,2020-05-26 21:21:40.000000000,2020-05-27 10:01:19.000000000,closed,1,"chore(dev-infra): fix failed e2e test, update e2e templates"
1687,2020-05-26 20:54:51.000000000,2020-05-27 10:01:19.000000000,closed,0,The version check functionality breaks builds
1686,2020-05-26 20:14:50.000000000,2020-05-27 11:23:14.000000000,closed,1,build(deps): bump activesupport from 6.0.2.2 to 6.0.3.1 in /docs
1685,2020-05-26 19:32:03.000000000,2020-05-27 11:48:45.000000000,closed,1,build(deps-dev): bump eslint-plugin-jsdoc from 25.4.2 to 25.4.3
1684,2020-05-26 14:27:07.000000000,2020-05-26 15:01:34.000000000,closed,3,Ts-jest breaks when using native Big Integers
1683,2020-05-26 01:07:31.000000000,2020-05-26 01:47:37.000000000,closed,1,build(deps-dev): bump @typescript-eslint/parser from 3.0.0 to 3.0.1
1682,2020-05-26 00:37:36.000000000,2020-05-26 01:15:03.000000000,closed,1,build(deps-dev): bump @typescript-eslint/eslint-plugin from 3.0.0 to 3.0.1
1681,2020-05-26 00:01:15.000000000,2020-05-26 02:09:38.000000000,closed,1,build(deps-dev): bump cross-spawn from 7.0.2 to 7.0.3
1680,2020-05-25 17:42:55.000000000,2020-05-26 15:01:52.000000000,closed,1,chore(dev-infra): enable rule restrict-template-expressions
1679,2020-05-25 13:05:03.000000000,2020-05-25 15:57:41.000000000,closed,1,chore(dev-infra): enable rule @typescript-eslint/no-non-null-assertion
1678,2020-05-25 12:18:16.000000000,2020-05-25 15:41:30.000000000,closed,10,feat(config): show warning message for nodejs ts target version mismatch
1677,2020-05-24 14:04:08.000000000,2020-05-24 19:39:01.000000000,closed,1,chore(dev-infra): enable rule @typescript-eslint/prefer-ts-expect-error
1676,2020-05-24 13:33:39.000000000,2020-05-24 14:12:40.000000000,closed,2,chore(dev-infra): configure eslint rule padding-line-between-statements
1675,2020-05-23 22:43:19.000000000,2020-05-24 13:07:02.000000000,closed,1,chore(dev-infra): create TsJestPresets typings based on Jest typings
1674,2020-05-23 05:57:35.000000000,2020-05-23 10:43:07.000000000,closed,1,build(deps-dev): bump eslint from 7.0.0 to 7.1.0
1673,2020-05-22 22:34:11.000000000,2020-05-22 22:55:38.000000000,closed,1,build(deps-dev): bump js-yaml from 3.13.1 to 3.14.0
1672,2020-05-22 11:57:16.000000000,2020-05-22 12:43:13.000000000,closed,1,build(deps-dev): bump lint-staged from 10.2.4 to 10.2.6
1671,2020-05-22 10:20:22.000000000,2020-05-22 11:57:26.000000000,closed,2,build(deps-dev): bump lint-staged from 10.2.4 to 10.2.5
1670,2020-05-22 00:05:39.000000000,2020-05-22 11:55:07.000000000,closed,1,"build(deps-dev): update eslint, typescript-eslint and fix lint issues"
1669,2020-05-21 22:24:10.000000000,2020-05-21 22:27:59.000000000,closed,2,build(deps-dev): bump @typescript-eslint/eslint-plugin from 2.34.0 to 3.0.0
1668,2020-05-21 22:06:29.000000000,2020-05-21 22:27:45.000000000,closed,3,build(deps-dev): bump @typescript-eslint/parser from 2.34.0 to 3.0.0
1667,2020-05-21 12:57:37.000000000,2020-05-21 13:46:40.000000000,closed,1,fix(typing): don't mark BabelConfig as internal type
1666,2020-05-21 11:37:48.000000000,2020-05-21 13:46:40.000000000,closed,1,ts-jest/dist/types.d.ts:15:38 - error TS2304: Cannot find name 'BabelConfig'.
1665,2020-05-20 04:17:28.000000000,2020-05-20 12:36:22.000000000,closed,1,build(deps-dev): bump @types/node from 10.17.23 to 10.17.24
1664,2020-05-20 03:24:35.000000000,2020-05-20 08:16:47.000000000,closed,1,build(deps-dev): bump typescript from 3.9.2 to 3.9.3
1663,2020-05-20 00:40:23.000000000,2020-05-20 00:55:55.000000000,closed,1,build(deps-dev): bump @types/fs-extra from 9.0.0 to 9.0.1
1662,2020-05-19 23:45:35.000000000,2020-05-19 23:59:01.000000000,closed,1,build(deps-dev): bump @types/node from 10.17.21 to 10.17.23
1661,2020-05-19 03:45:32.000000000,2020-05-19 09:21:39.000000000,closed,1,build(deps-dev): bump @types/jest from 25.2.2 to 25.2.3
1660,2020-05-19 02:03:37.000000000,2020-05-19 03:31:24.000000000,closed,1,build(deps-dev): bump @typescript-eslint/eslint-plugin from 2.33.0 to 2.34.0
1659,2020-05-19 01:57:09.000000000,2020-05-19 03:16:03.000000000,closed,1,build(deps-dev): bump @typescript-eslint/parser from 2.33.0 to 2.34.0
1658,2020-05-18 22:11:30.000000000,2020-05-18 22:25:12.000000000,closed,1,build(deps-dev): bump lint-staged from 10.2.2 to 10.2.4
1657,2020-05-18 21:56:29.000000000,2020-05-18 22:35:08.000000000,closed,3,Request: don't drop support for TypeScript 3.7.5 just yet
1656,2020-05-18 18:15:05.000000000,2020-05-18 18:31:13.000000000,closed,1,build(deps-dev): bump eslint-plugin-jsdoc from 25.4.1 to 25.4.2
1655,2020-05-18 13:37:18.000000000,2020-05-18 13:42:20.000000000,closed,3,Official support for jest 26
1654,2020-05-17 13:23:28.000000000,2020-05-17 13:45:20.000000000,closed,1,build(deps-dev): bump eslint-plugin-jest from 23.13.0 to 23.13.1
1653,2020-05-16 14:52:19.000000000,2020-05-16 20:10:20.000000000,closed,1,feat: support TypeScript 3.9
1652,2020-05-16 14:05:32.000000000,2020-05-16 14:18:13.000000000,closed,1,build(deps-dev): bump eslint-plugin-jest from 23.12.0 to 23.13.0
1651,2020-05-16 13:06:34.000000000,2020-05-16 18:00:37.000000000,closed,1,"build(deps-dev): bump @jest/transform to 26.x, @jest/types to 26.x"
1650,2020-05-16 12:58:04.000000000,2020-05-16 13:14:11.000000000,closed,1,build(deps-dev): bump eslint-plugin-jest from 23.11.0 to 23.12.0
1649,2020-05-15 22:30:18.000000000,2020-05-15 22:44:59.000000000,closed,1,build(deps-dev): bump @types/fs-extra from 8.1.0 to 9.0.0
1648,2020-05-15 21:07:10.000000000,1970-01-01 00:00:00.000000001,open,18,Tests fail when using TypeScript project references
1647,2020-05-15 17:44:09.000000000,2020-05-15 17:45:13.000000000,closed,11,ts-jest failing for scss files
1646,2020-05-15 13:32:38.000000000,2020-05-15 22:28:24.000000000,closed,2,chore(release): 26.0.0
1645,2020-05-15 13:12:19.000000000,2020-05-15 13:17:29.000000000,closed,1, Cannot read property 'version' of undefined at Object.getScriptVersion 
1644,2020-05-15 10:25:36.000000000,2020-05-15 10:55:37.000000000,closed,1,build(deps-dev): bump @types/js-yaml from 3.12.3 to 3.12.4
1643,2020-05-15 10:20:02.000000000,2020-05-15 10:35:07.000000000,closed,1,build(deps-dev): bump @types/cross-spawn from 6.0.1 to 6.0.2
1642,2020-05-15 01:14:55.000000000,1970-01-01 00:00:00.000000001,open,2,Updating typo in compiler docs
1641,2020-05-14 19:12:57.000000000,2020-05-14 22:23:16.000000000,closed,1,fix(compiler): return undefined for getScriptVersion
1640,2020-05-14 05:00:00.000000000,2020-05-14 08:20:39.000000000,closed,1,build(deps-dev): bump eslint-plugin-jsdoc from 25.4.0 to 25.4.1
1639,2020-05-14 03:20:52.000000000,2020-05-14 22:23:16.000000000,closed,4,[compiler/language-service::getScriptVersion] Shouldn't this statement use optional chaining and not non-null assertion operator?
1638,2020-05-14 01:52:12.000000000,2020-05-14 15:11:37.000000000,closed,1,build(deps-dev): bump @types/yargs from 15.0.4 to 15.0.5
1637,2020-05-13 23:26:11.000000000,2020-05-14 11:24:15.000000000,closed,1,build(deps-dev): bump @types/jest from 25.2.1 to 25.2.2
1636,2020-05-13 21:44:17.000000000,2020-05-13 22:09:38.000000000,closed,1,build(deps-dev): bump @types/semver from 7.1.0 to 7.2.0
1635,2020-05-13 13:20:48.000000000,2020-05-13 13:21:54.000000000,closed,2,`export {  } from` is no longer marked as covered using TypeScript 3.9
1634,2020-05-13 05:34:37.000000000,2020-05-13 14:14:52.000000000,closed,1,build(deps-dev): bump eslint-plugin-jsdoc from 25.3.0 to 25.4.0
1633,2020-05-13 03:32:39.000000000,2020-05-13 05:34:39.000000000,closed,2,build(deps-dev): bump eslint-plugin-jsdoc from 25.3.0 to 25.3.1
1632,2020-05-13 02:59:40.000000000,2020-05-13 10:42:34.000000000,closed,1,build(deps-dev): bump @typescript-eslint/eslint-plugin from 2.32.0 to 2.33.0
1631,2020-05-13 02:56:39.000000000,2020-05-13 09:12:15.000000000,closed,1,build(deps-dev): bump @typescript-eslint/parser from 2.32.0 to 2.33.0
1630,2020-05-13 01:55:13.000000000,2020-05-13 15:12:34.000000000,closed,2,build(deps-dev): bump typescript from 3.8.3 to 3.9.2
1629,2020-05-13 01:50:11.000000000,2020-05-13 02:13:55.000000000,closed,1,build(deps-dev): bump eslint-plugin-jsdoc from 25.2.1 to 25.3.0
1628,2020-05-13 00:11:40.000000000,2020-05-13 00:26:42.000000000,closed,1,build(deps-dev): bump eslint-plugin-jest from 23.10.0 to 23.11.0
1627,2020-05-12 21:10:12.000000000,2020-05-12 22:02:58.000000000,closed,1,build(deps-dev): bump eslint-plugin-jsdoc from 25.2.0 to 25.2.1
1626,2020-05-12 00:57:05.000000000,2020-05-12 02:28:44.000000000,closed,1,build(deps-dev): bump @typescript-eslint/eslint-plugin from 2.31.0 to 2.32.0
1625,2020-05-12 00:45:41.000000000,2020-05-12 08:28:52.000000000,closed,1,build(deps-dev): bump @typescript-eslint/parser from 2.31.0 to 2.32.0
1624,2020-05-11 13:21:26.000000000,2020-05-11 13:21:57.000000000,closed,2,Support jest 26
1623,2020-05-11 10:50:04.000000000,2020-05-11 11:11:58.000000000,closed,1,build(deps-dev): bump eslint-plugin-jsdoc from 25.0.1 to 25.2.0
1622,2020-05-11 05:36:05.000000000,2020-05-11 09:52:10.000000000,closed,1,build(deps-dev): bump @types/react from 16.9.34 to 16.9.35
1621,2020-05-09 12:23:40.000000000,2020-05-09 12:44:43.000000000,closed,1,Merge release 25.5.1 into master
1620,2020-05-09 11:05:53.000000000,2020-05-09 11:33:36.000000000,closed,1,build(deps-dev): bump eslint-plugin-jsdoc from 24.0.6 to 25.0.1
1619,2020-05-09 08:45:39.000000000,2020-05-09 11:48:00.000000000,closed,1,docs: update IDE configuration example
1618,2020-05-09 07:08:40.000000000,2020-05-09 11:05:55.000000000,closed,2,build(deps-dev): bump eslint-plugin-jsdoc from 24.0.6 to 25.0.0
1617,2020-05-09 04:09:03.000000000,2020-05-09 10:26:23.000000000,closed,1,build(deps-dev): bump eslint-plugin-jest from 23.9.0 to 23.10.0
1616,2020-05-09 00:10:03.000000000,2020-05-09 10:08:05.000000000,closed,1,build(deps-dev): bump conventional-changelog-cli from 2.0.31 to 2.0.34
1615,2020-05-08 22:56:39.000000000,2020-05-09 04:39:26.000000000,closed,1,build(deps-dev): bump eslint from 6.8.0 to 7.0.0
1614,2020-05-08 19:32:33.000000000,2020-05-09 10:07:18.000000000,closed,1,fix(compiler): revert projectReferences related codes as not needed
1613,2020-05-08 17:51:39.000000000,2020-05-09 10:12:07.000000000,closed,20,Upgrading from 25.3.1 to 25.4.0 breaks monorepo projects
1612,2020-05-08 13:01:57.000000000,2020-05-09 15:45:21.000000000,closed,3,Update index.md
1611,2020-05-08 12:33:38.000000000,2020-05-09 10:45:42.000000000,closed,2,chore(release): 25.5.1
1610,2020-05-07 14:29:36.000000000,2020-05-07 14:38:05.000000000,closed,4,globals defined in an included `d.ts` are ignored
1609,2020-05-07 10:35:09.000000000,2020-05-07 11:02:21.000000000,closed,1,build(deps-dev): bump jest from 26.0.0 to 26.0.1
1608,2020-05-07 05:56:00.000000000,2020-05-07 19:20:51.000000000,closed,5,Upgrading from v25.4.0 to v25.5.0 breaks custom types
1607,2020-05-06 22:51:16.000000000,2020-05-08 20:00:38.000000000,closed,4,Custom function defined in window object are no longer working.
1606,2020-05-06 21:32:18.000000000,2020-05-07 13:23:17.000000000,closed,2,fix(config): don't set include property value of tsconfig to empty array
1605,2020-05-06 20:43:36.000000000,2020-05-06 21:11:20.000000000,closed,1,build(deps-dev): bump eslint-plugin-jsdoc from 24.0.4 to 24.0.6
1604,2020-05-06 18:16:48.000000000,2020-05-08 19:59:51.000000000,closed,43,Upgrading from v25.4.0 to v25.5.0 breaks vue imports
1603,2020-05-06 16:29:11.000000000,2020-05-06 16:58:36.000000000,closed,1,build(deps-dev): bump eslint-plugin-jsdoc from 24.0.3 to 24.0.4
1602,2020-05-06 12:52:57.000000000,2020-05-06 18:06:19.000000000,closed,1,Merge support jest 26
1601,2020-05-06 06:10:10.000000000,2020-05-06 08:38:16.000000000,closed,1,build(deps-dev): bump eslint-plugin-jsdoc from 24.0.2 to 24.0.3
1600,2020-05-06 03:56:54.000000000,1970-01-01 00:00:00.000000001,open,16,v25.5.0 failed to publish to npm
1599,2020-05-05 23:22:05.000000000,2020-05-05 23:50:30.000000000,closed,7,"ts-jest doesn't see some of the app modules, however app itself working well"
1598,2020-05-05 20:37:18.000000000,2020-05-05 21:32:12.000000000,closed,3,chore(release): prepare 25.5.0 release
1597,2020-05-05 12:07:52.000000000,2020-05-05 19:33:09.000000000,closed,7,feat: support Jest v26
1596,2020-05-05 12:03:39.000000000,2020-05-05 17:38:20.000000000,closed,2,build(deps-dev): organize dependencies' versions consistently
1595,2020-05-05 11:35:08.000000000,2020-05-05 19:38:50.000000000,closed,10,Support Jest 26
1594,2020-05-05 10:17:59.000000000,2020-05-05 11:13:48.000000000,closed,3,build(deps-dev): bump @types/resolve from 1.14.0 to 1.17.0
1593,2020-05-04 17:12:21.000000000,1970-01-01 00:00:00.000000001,open,3,Support hoisting when import from @jest/globals
1592,2020-05-04 16:54:24.000000000,2020-05-04 19:40:53.000000000,closed,1,feat(config): define 'ts-jest' on ConfigGlobals interface in @jest/types
1591,2020-05-02 15:30:27.000000000,2020-05-02 23:17:42.000000000,closed,2,test: update e2e templates' dependencies
1590,2020-05-02 13:26:10.000000000,2020-05-03 20:43:04.000000000,closed,7,Migrate tslint to eslint
1589,2020-05-02 12:29:46.000000000,2020-05-02 12:44:42.000000000,closed,0,build(deps-dev): bump jest from 25.5.3 to 25.5.4
1588,2020-05-02 07:02:40.000000000,2020-05-04 19:41:35.000000000,closed,2,Define 'ts-jest' property on ConfigGlobals interface in @jest/types via declaration merging
1587,2020-05-02 00:17:28.000000000,2020-05-02 13:26:46.000000000,closed,7,feat(eslint): change config files to support eslint
1586,2020-05-01 19:22:16.000000000,2020-05-01 19:53:40.000000000,closed,7,jest runs tests from another folder despite it's not asked to
1585,2020-05-01 13:26:43.000000000,2020-05-03 11:22:23.000000000,closed,9,Importing absolute path in globalSetup - typescript
1584,2020-05-01 13:09:35.000000000,2020-05-01 15:51:02.000000000,closed,2,chore: improve codes for config-set.ts
1583,2020-05-01 08:31:38.000000000,2020-05-01 10:43:50.000000000,closed,1,build(deps-dev): bump lint-staged from 10.2.1 to 10.2.2
1582,2020-05-01 02:38:55.000000000,2020-05-01 09:25:41.000000000,closed,1,build(deps-dev): bump jest from 25.5.2 to 25.5.3
1581,2020-04-30 18:55:13.000000000,2020-04-30 19:13:45.000000000,closed,1,build(deps-dev): bump lint-staged from 10.2.0 to 10.2.1
1580,2020-04-30 02:16:52.000000000,2020-04-30 08:32:57.000000000,closed,1,build(deps-dev): bump jest from 25.5.1 to 25.5.2
1579,2020-04-30 01:41:54.000000000,2020-04-30 10:14:19.000000000,closed,1,test: correct unit tests and e2e tests for language service
1578,2020-04-29 17:48:58.000000000,2020-04-29 18:27:44.000000000,closed,1,build(deps-dev): bump jest from 25.5.0 to 25.5.1
1577,2020-04-29 17:26:38.000000000,2020-04-29 17:55:46.000000000,closed,1,build(deps-dev): bump @jest/transform from 25.5.0 to 25.5.1
1576,2020-04-29 13:26:24.000000000,2020-04-29 15:00:37.000000000,closed,1,chore: update CHANGELOG for release v25.5.0-beta.0
1575,2020-04-29 12:35:54.000000000,2020-04-29 13:14:23.000000000,closed,1,chore: use Map for compiler memory cache
1574,2020-04-29 12:33:34.000000000,2020-04-29 12:33:52.000000000,closed,0,chore: use Map for compiler memory cache
1573,2020-04-29 00:31:46.000000000,2020-04-29 01:34:53.000000000,closed,1,build(deps-dev): bump jest from 25.4.0 to 25.5.0
1572,2020-04-28 23:51:47.000000000,2020-04-29 01:11:54.000000000,closed,1,build(deps-dev): bump @jest/transform from 25.4.0 to 25.5.0
1571,2020-04-28 23:48:38.000000000,2020-04-29 00:05:25.000000000,closed,1,build(deps-dev): bump @jest/types from 25.4.0 to 25.5.0
1570,2020-04-28 19:52:26.000000000,2020-04-28 20:22:29.000000000,closed,1,build(deps-dev): bump lint-staged from 10.1.7 to 10.2.0
1569,2020-04-27 15:56:40.000000000,2020-04-27 18:23:04.000000000,closed,2,fix(config): verify testMatchPatterns contain RegExp instance or string
1568,2020-04-27 06:45:13.000000000,2020-04-27 12:12:58.000000000,closed,1,build(deps-dev): bump tslint from 6.1.1 to 6.1.2
1567,2020-04-26 17:48:55.000000000,2020-05-01 13:23:09.000000000,closed,7,Adds workflow for release and publish
1566,2020-04-25 20:27:30.000000000,2020-05-03 20:43:47.000000000,closed,3,Migrate TSLint -> ESLint
1565,2020-04-24 22:52:38.000000000,2020-04-28 20:37:06.000000000,closed,2,feat: add tsconfig alias to tsConfig option
1564,2020-04-24 22:09:25.000000000,2020-04-28 20:37:06.000000000,closed,2,Accept `tsconfig` alias to `tsConfig`
1563,2020-04-24 19:11:42.000000000,2020-04-25 10:05:09.000000000,closed,1,chore: remove resolve dependency
1562,2020-04-24 16:12:25.000000000,2020-04-25 10:15:49.000000000,closed,1,fix(compiler): allow using files provided by tsconfig
1561,2020-04-23 17:42:58.000000000,2020-04-24 10:03:13.000000000,closed,1,"perf(compiler): remove writing and reading compile output with file system, relies on jest cache"
1560,2020-04-23 03:00:52.000000000,2020-04-23 09:59:58.000000000,closed,1,build(deps): bump resolve from 1.16.1 to 1.17.0
1559,2020-04-22 20:54:44.000000000,2020-04-23 10:56:12.000000000,closed,1,chore: update CHANGELOG.md for 25.5.0-alpha.0
1558,2020-04-22 15:13:27.000000000,2020-04-22 15:24:43.000000000,closed,1,chore(compiler): improve performance for `isolatedModules: false`
1557,2020-04-22 12:43:16.000000000,2020-04-23 14:44:54.000000000,closed,4,Typescript Jest failing
1556,2020-04-22 10:15:58.000000000,2020-04-22 11:06:01.000000000,closed,1,build(deps-dev): bump lint-staged from 10.1.6 to 10.1.7
1555,2020-04-22 06:38:37.000000000,2020-04-22 08:24:58.000000000,closed,1,build(deps-dev): bump @types/node from 10.17.20 to 10.17.21
1554,2020-04-21 18:22:53.000000000,2020-04-21 18:55:46.000000000,closed,0,chore: update e2e dependencies
1553,2020-04-21 11:57:37.000000000,2020-04-21 13:23:02.000000000,closed,1,fix(compiler): improve performance for Windows by normalizing file path
1552,2020-04-21 09:10:42.000000000,2020-04-27 18:23:04.000000000,closed,3,TypeError: pattern.test is not a function after upgrading to `25.4.0`
1551,2020-04-21 09:01:43.000000000,2020-04-21 09:29:14.000000000,closed,8,chore(deps): use `mkdirp@0.x`
1550,2020-04-21 07:01:40.000000000,2020-04-21 09:29:14.000000000,closed,1,node@8 is not longer supported due to use of mkdirp@1
1549,2020-04-20 19:44:29.000000000,2020-04-22 15:11:47.000000000,closed,8,chore(compiler): improve performance for isolatedModules: false
1548,2020-04-20 06:38:00.000000000,2020-04-20 06:41:05.000000000,closed,0,"t(...).map() is not a function, react-i18next + jest "
1547,2020-04-20 02:47:28.000000000,2020-04-20 08:30:39.000000000,closed,1,build(deps-dev): bump jest from 25.3.0 to 25.4.0
1546,2020-04-20 02:13:07.000000000,2020-04-20 07:50:40.000000000,closed,1,build(deps-dev): bump @jest/transform from 25.3.0 to 25.4.0
1545,2020-04-20 01:53:42.000000000,2020-04-20 08:09:25.000000000,closed,1,build(deps-dev): bump @jest/types from 25.3.0 to 25.4.0
1544,2020-04-19 23:43:46.000000000,2020-04-20 13:59:29.000000000,closed,2,chore(compiler): clean up codes and update docs for isolatedModules: false
1543,2020-04-19 22:22:02.000000000,2020-04-20 19:24:57.000000000,closed,1,chore(compiler): drop usage of experimental incremental program
1542,2020-04-19 13:42:42.000000000,2020-04-19 13:57:46.000000000,closed,1,build(deps-dev): bump lint-staged from 10.1.5 to 10.1.6
1541,2020-04-19 02:07:18.000000000,2020-04-19 18:45:57.000000000,closed,1,fix(compiler): make `projectReferences` work with `LanguageService`
1540,2020-04-18 15:52:53.000000000,2020-04-18 20:29:38.000000000,closed,0,chore: rename some files and methods in compiler area
1539,2020-04-18 12:28:56.000000000,2020-04-18 12:46:32.000000000,closed,1,build(deps-dev): bump lint-staged from 10.1.4 to 10.1.5
1538,2020-04-18 02:02:05.000000000,2020-04-18 02:19:05.000000000,closed,1,build(deps): bump resolve from 1.16.0 to 1.16.1
1537,2020-04-18 01:43:19.000000000,2020-04-18 03:02:20.000000000,closed,1,build(deps-dev): bump @types/node from 10.17.19 to 10.17.20
1536,2020-04-17 18:42:03.000000000,2020-04-17 20:21:50.000000000,closed,1,build(deps-dev): bump lint-staged from 10.1.3 to 10.1.4
1535,2020-04-17 11:16:27.000000000,2020-04-17 19:05:14.000000000,closed,1,chore(compiler): always use incremental program for compilerHost option
1534,2020-04-17 03:19:43.000000000,2020-04-17 08:40:33.000000000,closed,1,chore: correct set debug log in Bug/Regression template
1533,2020-04-17 00:53:57.000000000,2020-04-17 02:27:40.000000000,closed,3,error TS2339: Property 'server' does not exist on type 'Global'.
1532,2020-04-17 00:45:34.000000000,2020-04-17 08:40:33.000000000,closed,0,"TS_JEST_LOG=ts-jest.log not working Error: ENOENT: no such file or directory, open"
1531,2020-04-17 00:23:26.000000000,2020-04-17 02:14:36.000000000,closed,1,build(deps): bump yargs-parser from 18.1.2 to 18.1.3
1530,2020-04-16 19:10:13.000000000,2020-04-16 21:51:09.000000000,closed,1,chore (**BREAKING**): require minimum `typescript`@3.4
1529,2020-04-16 13:44:01.000000000,2020-04-16 13:50:08.000000000,closed,2,Failing to run test including a reference to a .d.ts file
1528,2020-04-16 03:58:44.000000000,2020-04-16 10:37:13.000000000,closed,0,build(deps): bump resolve from 1.15.1 to 1.16.0
1527,2020-04-15 18:40:53.000000000,2020-04-16 12:15:11.000000000,closed,1,fix(compiler): make `projectReferences` work with `isolatedModules: true`
1526,2020-04-14 09:48:36.000000000,2020-04-14 10:48:38.000000000,closed,1,"Test suite failed to run, Could not find source file"
1525,2020-04-13 20:08:25.000000000,2020-04-13 21:32:46.000000000,closed,1,fix(compiler): make sure ts files in `node_modules` always transform properly
1524,2020-04-13 18:18:17.000000000,2020-04-13 19:24:23.000000000,closed,2,"chore: upgrade dependencies, correct typings"
1523,2020-04-13 16:58:34.000000000,2020-04-13 21:34:53.000000000,closed,14,type script reference path is not getting resolved in jest
1522,2020-04-10 12:15:33.000000000,2020-04-13 19:03:50.000000000,closed,4,[FEATURE] Adds github action to generate doc
1521,2020-04-10 00:26:54.000000000,2020-04-10 10:31:30.000000000,closed,0,build(deps-dev): bump @types/react from 16.9.33 to 16.9.34
1520,2020-04-09 19:12:20.000000000,2020-04-09 19:30:36.000000000,closed,1,build(deps-dev): bump lint-staged from 10.1.2 to 10.1.3
1519,2020-04-09 16:43:39.000000000,2020-04-10 12:16:26.000000000,closed,1,chore(e2e): add nrwl-nx to e2e external test cases
1518,2020-04-09 00:51:21.000000000,2020-04-09 08:54:11.000000000,closed,1,build(deps-dev): bump @types/react from 16.9.32 to 16.9.33
1517,2020-04-08 23:20:07.000000000,2020-04-08 23:38:49.000000000,closed,1,build(deps-dev): bump @types/node from 10.17.18 to 10.17.19
1516,2020-04-08 21:09:11.000000000,2020-04-08 21:58:35.000000000,closed,0,Feature/update packages fix and build errors
1515,2020-04-08 20:19:44.000000000,2020-04-08 20:23:57.000000000,closed,0,Feature/update packages fix and build errors
1514,2020-04-08 19:25:12.000000000,2020-04-08 19:52:06.000000000,closed,1,build(deps-dev): bump jest from 25.2.7 to 25.3.0
1513,2020-04-08 19:02:25.000000000,2020-04-08 19:56:22.000000000,closed,1,build(deps-dev): bump @jest/types from 25.2.6 to 25.3.0
1512,2020-04-08 19:01:51.000000000,2020-04-08 19:56:10.000000000,closed,1,build(deps-dev): bump @jest/transform from 25.2.6 to 25.3.0
1511,2020-04-08 00:04:34.000000000,2020-04-08 09:50:11.000000000,closed,1,fix(config): use original jest config object
1510,2020-04-07 15:52:52.000000000,2020-04-07 22:44:12.000000000,closed,1,chore: correct label for question and regression templates
1509,2020-04-07 14:32:50.000000000,2020-04-08 09:50:11.000000000,closed,1,Error: `Expected pattern to be a non-empty string` from `picomatch`
1508,2020-04-07 01:56:22.000000000,2020-04-07 10:16:41.000000000,closed,1,chore: enhance bug and regression template with debug log session
1507,2020-04-07 01:47:55.000000000,2020-04-07 11:02:06.000000000,closed,0,fix(compiler): make sure `LanguageService` updated with test file information before getting diagnostics for test file
1506,2020-04-05 22:14:25.000000000,2020-07-28 12:37:44.000000000,closed,44,"ts-jest 26.1.2 - ""cannot find source file"""
1505,2020-04-05 13:36:26.000000000,2020-04-05 14:45:05.000000000,closed,0,build(deps-dev): bump lint-staged from 10.1.1 to 10.1.2
1504,2020-04-05 04:35:45.000000000,2020-04-05 07:23:32.000000000,closed,1,build(deps): bump json5 from 2.1.2 to 2.1.3
1503,2020-04-04 14:00:01.000000000,2020-04-04 15:57:38.000000000,closed,1,build(deps-dev): bump cross-spawn from 7.0.1 to 7.0.2
1502,2020-04-04 13:28:19.000000000,2020-04-04 15:23:54.000000000,closed,0,fix(config): set default `outDir` when `allowJs` is true and no `outDir` in `tsconfig`
1501,2020-04-04 12:23:30.000000000,2020-04-04 15:40:37.000000000,closed,0,"chore: update dependencies for e2e templates, fix security issue with npm audit"
1500,2020-04-04 06:10:09.000000000,2020-04-04 15:23:54.000000000,closed,5,"[25.3.1]: ""Emit skipped"" Error"
1499,2020-04-04 02:15:57.000000000,2020-04-04 02:30:55.000000000,closed,1,build(deps-dev): bump @types/jest from 25.2.0 to 25.2.1
1498,2020-04-04 01:14:31.000000000,2020-04-04 01:43:54.000000000,closed,1,build(deps-dev): bump @types/jest from 25.1.5 to 25.2.0
1497,2020-04-03 21:29:52.000000000,2020-04-03 22:06:15.000000000,closed,0,build(deps): bump mkdirp from 1.0.3 to 1.0.4
1496,2020-04-03 15:59:31.000000000,2020-04-03 16:45:30.000000000,closed,0,build(deps-dev): bump jest from 25.2.6 to 25.2.7
1495,2020-04-03 12:13:16.000000000,2020-04-03 16:00:40.000000000,closed,0,chore: fix program unit tests fail for local machine
1494,2020-04-03 10:32:59.000000000,2020-04-04 10:55:57.000000000,closed,17,Is documentation site down?
1493,2020-04-02 22:18:06.000000000,2020-04-03 02:36:38.000000000,closed,0,build(deps-dev): bump @types/react from 16.9.31 to 16.9.32
1492,2020-04-02 21:28:29.000000000,2020-04-02 22:19:55.000000000,closed,1,build(deps-dev): bump @types/jest from 25.1.4 to 25.1.5
1491,2020-04-02 20:45:15.000000000,2020-04-02 21:04:18.000000000,closed,1,chore: fix bug template not appearing
1490,2020-04-02 19:43:03.000000000,2020-04-04 10:58:18.000000000,closed,19,ts-jest 25.3 breaks VSCode debug run
1489,2020-04-02 17:21:00.000000000,2020-04-02 17:52:55.000000000,closed,1,build(deps-dev): bump jest from 25.2.4 to 25.2.6
1488,2020-04-02 16:34:06.000000000,2020-04-02 16:48:10.000000000,closed,1,build(deps-dev): bump @jest/transform from 25.2.4 to 25.2.6
1487,2020-04-02 16:15:46.000000000,2020-04-02 20:31:19.000000000,closed,2,"chore: add GitHub PR, issue templates"
1486,2020-04-02 15:58:43.000000000,2020-04-02 16:16:57.000000000,closed,0,build(deps-dev): bump @jest/types from 25.2.3 to 25.2.6
1485,2020-04-02 13:07:42.000000000,2020-04-02 20:32:49.000000000,closed,4,Updates github pages
1484,2020-04-02 06:33:26.000000000,2020-04-02 08:55:30.000000000,closed,1,build(deps-dev): bump tslint from 6.1.0 to 6.1.1
1483,2020-04-02 00:11:16.000000000,2020-04-02 12:34:25.000000000,closed,1,fix: only do type checking while compiling file
1482,2020-04-01 03:06:05.000000000,2020-04-01 16:54:26.000000000,closed,1,build(deps-dev): bump @types/babel__core from 7.1.6 to 7.1.7
1481,2020-04-01 01:51:12.000000000,2020-04-01 17:09:08.000000000,closed,1,build(deps-dev): bump @types/react from 16.9.30 to 16.9.31
1480,2020-03-31 23:00:40.000000000,2020-04-01 00:53:22.000000000,closed,1,build(deps-dev): bump @types/react from 16.9.29 to 16.9.30
1479,2020-03-31 20:55:33.000000000,2020-03-31 21:35:09.000000000,closed,1,build(deps-dev): bump lint-staged from 10.1.0 to 10.1.1
1478,2020-03-31 12:09:51.000000000,2020-03-31 13:56:38.000000000,closed,1,chore: mark some codes as internal
1477,2020-03-31 05:30:27.000000000,2020-03-31 08:50:04.000000000,closed,1,build(deps-dev): bump @types/react from 16.9.27 to 16.9.29
1476,2020-03-31 05:05:16.000000000,2020-03-31 05:30:30.000000000,closed,1,build(deps-dev): bump @types/react from 16.9.27 to 16.9.28
1475,2020-03-31 03:46:18.000000000,2020-03-31 08:35:47.000000000,closed,1,build(deps-dev): bump @types/node from 10.17.17 to 10.17.18
1474,2020-03-30 21:46:58.000000000,2020-03-30 22:03:41.000000000,closed,1,build(deps-dev): bump lint-staged from 10.0.10 to 10.1.0
1473,2020-03-30 17:47:04.000000000,2020-03-30 21:45:39.000000000,closed,1,chore(e2e): update dependencies for e2e
1472,2020-03-30 17:14:43.000000000,2020-03-30 21:30:16.000000000,closed,1,fix(config): set default outDir to `$$ts-jest` when `allowJs` is enabled without `outDir`
1471,2020-03-30 14:33:39.000000000,2020-03-30 21:30:16.000000000,closed,11,Cannot write file because it would overwrite input file in 25.3.0 when allowJs enabled
1470,2020-03-30 13:10:40.000000000,2020-04-02 12:34:24.000000000,closed,22,RFC: Performance after upgrading from 25.2.1 to 25.3.0
1469,2020-03-30 08:05:21.000000000,2020-03-30 08:24:33.000000000,closed,1,Replace travis-ci.org with travis-ci.com
1468,2020-03-30 00:22:12.000000000,2020-03-30 01:13:53.000000000,closed,1,build(deps-dev): bump jest from 25.2.3 to 25.2.4
1467,2020-03-29 23:43:13.000000000,2020-03-29 23:55:53.000000000,closed,1,build(deps-dev): bump @jest/transform from 25.2.3 to 25.2.4
1466,2020-03-29 17:54:21.000000000,2020-03-29 18:12:33.000000000,closed,1,build(deps-dev): bump lint-staged from 10.0.9 to 10.0.10
1465,2020-03-29 14:46:10.000000000,2020-03-30 01:48:39.000000000,closed,6,Get 0% coverage for JS files after jest v25.2.0 
1464,2020-03-29 13:33:42.000000000,2020-03-30 08:43:58.000000000,closed,1,chore: improve diagnostics check
1463,2020-03-29 00:28:08.000000000,2020-03-30 09:08:16.000000000,closed,3,Troubleshoting section
1462,2020-03-29 00:23:00.000000000,2020-03-29 10:45:46.000000000,closed,1,build(deps-dev): bump @types/react from 16.9.26 to 16.9.27
1461,2020-03-28 21:17:52.000000000,2020-03-29 10:45:12.000000000,closed,0,chore(compiler): improve performance for language service with project version
1460,2020-03-27 01:17:44.000000000,2020-03-27 01:45:45.000000000,closed,0,build(deps-dev): bump jest from 25.2.2 to 25.2.3
1459,2020-03-27 00:34:27.000000000,2020-03-27 02:05:07.000000000,closed,1,build(deps-dev): bump @jest/transform from 25.2.1 to 25.2.3
1458,2020-03-27 00:30:17.000000000,2020-03-27 00:45:18.000000000,closed,1,build(deps-dev): bump @jest/types from 25.2.1 to 25.2.3
1457,2020-03-26 23:42:32.000000000,2020-03-27 00:17:26.000000000,closed,1,build(deps-dev): bump @types/react from 16.9.25 to 16.9.26
1456,2020-03-26 21:32:18.000000000,2020-03-26 22:09:49.000000000,closed,1,build(deps): bump yargs-parser from 18.1.1 to 18.1.2
1455,2020-03-26 20:57:02.000000000,2020-03-26 22:42:58.000000000,closed,1,build(deps-dev): bump jest from 25.2.1 to 25.2.2
1454,2020-03-26 19:52:35.000000000,2020-03-26 20:31:26.000000000,closed,1,build(deps-dev): bump tslint-plugin-prettier from 2.2.0 to 2.3.0
1453,2020-03-26 16:01:00.000000000,2020-03-26 17:41:10.000000000,closed,1,build(deps-dev): bump jest from 25.2.0 to 25.2.1
1452,2020-03-26 15:58:53.000000000,2020-03-26 18:32:30.000000000,closed,1,build(deps-dev): bump @jest/types from 25.2.0 to 25.2.1
1451,2020-03-26 15:49:32.000000000,2020-03-26 18:06:25.000000000,closed,1,build(deps-dev): bump @jest/transform from 25.2.0 to 25.2.1
1450,2020-03-26 02:32:15.000000000,2020-03-26 19:49:47.000000000,closed,8,fix: always do type check for all transformed files
1449,2020-03-25 22:43:00.000000000,2020-03-26 07:08:51.000000000,closed,0,build(deps-dev): bump jest from 25.1.0 to 25.2.0
1448,2020-03-25 22:05:36.000000000,2020-03-26 07:56:16.000000000,closed,1,build(deps-dev): bump @jest/transform from 25.1.0 to 25.2.0
1447,2020-03-25 22:01:21.000000000,2020-03-26 07:56:53.000000000,closed,1,build(deps-dev): bump @jest/types from 25.1.0 to 25.2.0
1446,2020-03-25 09:53:27.000000000,2020-03-25 12:04:04.000000000,closed,1,build(deps-dev): bump @types/js-yaml from 3.12.2 to 3.12.3
1445,2020-03-24 23:32:04.000000000,2020-03-26 20:15:20.000000000,closed,4,Custom Environments with TypeScript
1444,2020-03-24 22:59:50.000000000,2020-03-25 12:19:20.000000000,closed,1,chore: improve diagnostics message
1443,2020-03-24 16:34:41.000000000,2020-03-24 21:44:13.000000000,closed,0,"chore(compiler): improve logging, remove export unnecessary properties"
1442,2020-03-24 09:56:51.000000000,2020-03-24 11:06:58.000000000,closed,0,build(deps-dev): bump lint-staged from 10.0.8 to 10.0.9
1441,2020-03-23 20:44:13.000000000,2020-03-25 12:19:19.000000000,closed,7,Disable message about diagnostics
1440,2020-03-22 16:08:17.000000000,2020-03-22 16:31:59.000000000,closed,1,fix(compiler): improve performance
1439,2020-03-22 04:18:04.000000000,2020-03-22 06:51:45.000000000,closed,3,build(deps-dev): bump prettier from 1.19.1 to 2.0.1
1438,2020-03-22 00:32:51.000000000,2020-03-22 04:18:06.000000000,closed,1,build(deps-dev): bump prettier from 1.19.1 to 2.0.0
1437,2020-03-21 06:53:24.000000000,2020-03-21 18:16:44.000000000,closed,1,"  Unknown option ""ts-jest"" with value "
1436,2020-03-21 04:20:49.000000000,2020-03-21 06:26:59.000000000,closed,0,"Unknown option ""default"" with value "
1435,2020-03-20 22:07:11.000000000,2020-03-20 22:44:47.000000000,closed,1,build(deps-dev): bump @types/react from 16.9.23 to 16.9.25
1434,2020-03-19 19:38:20.000000000,2020-03-20 22:45:02.000000000,closed,4,build(deps-dev): bump fs-extra from 8.1.0 to 9.0.0
1433,2020-03-19 00:48:36.000000000,2020-03-19 09:14:21.000000000,closed,1,feat(compiler): expose internal ts Program via ConfigSet tsCompiler
1432,2020-03-18 19:22:38.000000000,2020-03-18 19:33:52.000000000,closed,1,docs: update ts-jest config options with compilerHost and incremental
1431,2020-03-18 15:30:20.000000000,2020-03-18 15:59:57.000000000,closed,1,Upgrade vulnerable deps
1430,2020-03-18 08:51:08.000000000,2020-03-18 09:26:47.000000000,closed,4,Replace mkdirp with fs.mkdirSync with recursive true
1429,2020-03-17 10:07:16.000000000,2020-03-17 10:33:01.000000000,closed,0,[Snyk] Security upgrade yargs-parser from 16.1.0 to 18.1.1
1428,2020-03-17 09:59:59.000000000,2020-03-17 14:29:35.000000000,closed,1,build(deps): bump json5 from 2.1.1 to 2.1.2
1427,2020-03-16 13:48:56.000000000,2020-03-17 17:24:19.000000000,closed,2,chore: update dependencies
1426,2020-03-16 12:17:28.000000000,2020-03-16 12:29:05.000000000,closed,0,[Snyk] Security upgrade mkdirp from 0.5.1 to 1.0.0
1425,2020-03-14 20:14:44.000000000,2020-03-16 09:47:18.000000000,closed,1,chore(e2e): update dependencies for e2e test templates
1424,2020-03-14 17:35:19.000000000,2020-03-14 17:51:14.000000000,closed,1,build(deps-dev): bump tslint-plugin-prettier from 2.1.0 to 2.2.0
1423,2020-03-14 02:05:29.000000000,2020-03-14 19:13:13.000000000,closed,1,build(deps): bump acorn from 6.4.0 to 6.4.1 in /e2e/__templates__/default
1422,2020-03-14 00:52:17.000000000,2020-03-14 14:58:15.000000000,closed,1,build(deps): [security] bump acorn from 6.4.0 to 6.4.1
1421,2020-03-11 22:39:19.000000000,2020-03-12 06:11:57.000000000,closed,1,build(deps-dev): bump tslint from 6.0.0 to 6.1.0
1420,2020-03-11 19:33:01.000000000,2020-03-11 19:47:15.000000000,closed,1,pnp error since 25.2.1
1419,2020-03-07 07:19:16.000000000,2020-03-07 21:02:27.000000000,closed,1,build(deps-dev): bump @types/jest from 25.1.3 to 25.1.4
1418,2020-03-07 06:28:47.000000000,2020-03-07 21:36:46.000000000,closed,1,feat(config): add incremental option
1417,2020-03-05 14:27:52.000000000,2020-03-06 12:09:42.000000000,closed,2,chore(compiler): improve typescript compiler
1416,2020-03-04 00:41:30.000000000,2020-03-04 15:48:32.000000000,closed,2,Different breapoint line
1415,2020-03-03 08:04:49.000000000,2020-03-04 00:50:38.000000000,closed,1,"Feature: Use TypeScript, Write 'jest.config.ts' file"
1414,2020-02-29 03:24:40.000000000,2020-02-29 10:20:53.000000000,closed,1,build(deps-dev): bump typescript from 3.8.2 to 3.8.3
1413,2020-02-29 00:06:43.000000000,2020-02-29 11:04:54.000000000,closed,1,build(deps-dev): bump @types/node from 10.17.16 to 10.17.17
1412,2020-02-26 02:07:59.000000000,2020-02-26 09:10:41.000000000,closed,1,build(deps-dev): bump @types/yargs from 15.0.3 to 15.0.4
1411,2020-02-26 00:19:45.000000000,2020-02-26 09:40:49.000000000,closed,1,build(deps-dev): bump @types/babel__core from 7.1.5 to 7.1.6
1410,2020-02-25 19:47:56.000000000,2020-02-25 20:57:08.000000000,closed,1,build(deps-dev): bump lint-staged from 10.0.7 to 10.0.8
1409,2020-02-25 18:34:16.000000000,2020-02-25 20:29:31.000000000,closed,1,build(deps): bump nokogiri from 1.10.4 to 1.10.8 in /docs
1408,2020-02-24 03:25:51.000000000,2020-02-24 09:35:38.000000000,closed,1,fix: add jest-config to dependencies list
1407,2020-02-23 19:39:36.000000000,2020-02-24 03:26:38.000000000,closed,5,Add jest-config to dependency list
1406,2020-02-21 17:04:15.000000000,2020-02-21 17:16:10.000000000,closed,3,"fix(docs): adjust changelog, correct version in package.json"
1405,2020-02-21 15:29:56.000000000,2020-02-21 15:32:36.000000000,closed,3,Doesn't accept ?? with Typescript 3.8
1404,2020-02-21 10:40:41.000000000,2020-02-21 16:33:02.000000000,closed,1,docs:fix-doc-typos-and-links Fix slack links and typos
1403,2020-02-21 10:29:44.000000000,2020-02-21 10:32:12.000000000,closed,1,docs: fix-doc-typos-and-links 
1402,2020-02-21 03:56:37.000000000,2020-02-21 11:21:16.000000000,closed,1,build(deps-dev): bump typescript from 3.7.5 to 3.8.2
1401,2020-02-20 23:33:17.000000000,2020-02-21 06:12:50.000000000,closed,1,build(deps-dev): bump @types/babel__core from 7.1.4 to 7.1.5
1400,2020-02-20 01:10:39.000000000,2020-02-24 09:35:38.000000000,closed,5,ts-jest imports jest-config but does not depend on it
1399,2020-02-20 00:54:05.000000000,2020-02-20 06:58:30.000000000,closed,1,build(deps-dev): bump @types/jest from 25.1.2 to 25.1.3
1398,2020-02-20 00:32:02.000000000,2020-02-20 06:40:20.000000000,closed,1,build(deps-dev): bump @types/node from 10.17.15 to 10.17.16
1397,2020-02-19 15:59:07.000000000,2020-02-19 16:11:18.000000000,closed,1,build(deps): bump make-error from 1.3.5 to 1.3.6
1396,2020-02-18 05:50:44.000000000,2020-02-18 09:02:02.000000000,closed,1,build(deps-dev): bump @types/fs-extra from 8.0.1 to 8.1.0
1395,2020-02-14 22:50:23.000000000,2020-02-17 18:08:25.000000000,closed,1,build(deps-dev): bump @types/babel__core from 7.1.3 to 7.1.4
1394,2020-02-14 17:58:45.000000000,2020-02-14 18:04:44.000000000,closed,2,chore(e2e): move e2e tests from AppVeyor windows to Travis windows
1393,2020-02-14 16:59:23.000000000,2020-02-14 17:35:03.000000000,closed,1,chore(e2e): move e2e tests from AppVeyor windows to Travis windows
1392,2020-02-14 15:02:29.000000000,2020-02-14 16:24:22.000000000,closed,4,chore(e2e): move e2e tests from AppVeyor windows to Travis windows
1391,2020-02-13 23:33:00.000000000,2020-03-27 00:53:33.000000000,closed,6,globalSetup and globalTeardown doesn't seems to be transpiling correctly (w/ TypeORM)
1390,2020-02-13 22:01:27.000000000,2020-03-26 19:49:47.000000000,closed,24,"With cached results, changes to type definitions are not detected"
1389,2020-02-13 21:32:47.000000000,2020-02-14 12:28:38.000000000,closed,1,chore(e2e): move unit test from AppVeyor Windows to Travis Windows
1388,2020-02-13 19:30:08.000000000,2020-02-13 20:01:05.000000000,closed,1,"chore(test): improve e2e tests, unit tests"
1387,2020-02-13 16:24:55.000000000,2020-02-14 15:43:26.000000000,closed,12,Cannot destructure property `Menu` of 'undefined' or 'null'
1386,2020-02-12 20:41:59.000000000,2020-02-12 20:56:27.000000000,closed,2,docs: fix broken link to ts-jest
1385,2020-02-12 05:44:35.000000000,2020-02-12 23:32:34.000000000,closed,17,fix: allow transformation of typescript files in node_modules
1384,2020-02-11 22:23:17.000000000,2020-02-13 07:11:54.000000000,closed,1,build(deps-dev): bump @types/node from 10.17.14 to 10.17.15
1383,2020-02-11 02:00:46.000000000,2020-02-11 06:12:22.000000000,closed,1,build(deps-dev): bump @types/mkdirp from 0.5.2 to 1.0.0
1382,2020-02-10 15:57:45.000000000,2020-02-12 15:42:50.000000000,closed,1,chore: update ts-jest contributors
1381,2020-02-10 15:49:20.000000000,2020-02-12 06:52:46.000000000,closed,2,fix(compiler): use Program as fallback for language service
1380,2020-02-10 15:09:12.000000000,2020-02-10 15:12:05.000000000,closed,1,fix(compiler): use Program as fallback for language service
1379,2020-02-09 16:07:49.000000000,2020-02-10 14:41:24.000000000,closed,1,fix(compiler): support base composite project
1378,2020-02-08 11:30:27.000000000,2020-02-12 15:18:09.000000000,closed,1,"chore(util): update tests, types, correct tsconfig build"
1377,2020-02-07 23:59:36.000000000,2020-02-08 15:33:14.000000000,closed,2,fix: use correct typescript package in yarn workspaces
1376,2020-02-06 23:03:39.000000000,2020-02-07 00:53:38.000000000,closed,1,build(deps-dev): bump @types/jest from 25.1.1 to 25.1.2
1375,2020-02-06 12:32:47.000000000,2020-02-06 21:37:51.000000000,closed,1,chore: upgrade yargs parser to v16
1374,2020-02-06 02:46:25.000000000,2020-02-06 21:37:51.000000000,closed,2,Upgrade yargs-parser 
1373,2020-02-06 02:34:13.000000000,2020-02-06 02:56:48.000000000,closed,1,build(deps): bump resolve from 1.15.0 to 1.15.1
1372,2020-02-05 17:51:47.000000000,2020-02-05 20:11:22.000000000,closed,1,fix(transformer): add deepUnmock to hoist method list
1371,2020-02-03 09:31:01.000000000,2020-02-03 12:17:39.000000000,closed,1,"chore(e2e): update e2e templates, use node12 as latest node type for e2e templates"
1370,2020-02-03 08:44:55.000000000,2020-02-03 17:40:36.000000000,closed,6,Let babel-jest handle loading babel config
1369,2020-02-01 04:44:28.000000000,2020-02-01 10:30:15.000000000,closed,1,build(deps-dev): bump @types/yargs from 15.0.2 to 15.0.3
1368,2020-01-31 14:58:19.000000000,2020-01-31 15:20:33.000000000,closed,1,build(deps-dev): bump lint-staged from 10.0.6 to 10.0.7
1367,2020-01-30 19:25:54.000000000,2020-01-31 14:50:02.000000000,closed,1,build(deps-dev): bump lint-staged from 10.0.5 to 10.0.6
1366,2020-01-30 02:58:57.000000000,2020-01-30 11:31:07.000000000,closed,1,build(deps-dev): bump @types/jest from 25.1.0 to 25.1.1
1365,2020-01-29 10:47:51.000000000,2020-01-30 10:46:33.000000000,closed,1,build(deps-dev): bump lint-staged from 10.0.3 to 10.0.4
1364,2020-01-29 00:56:12.000000000,2020-01-29 17:08:22.000000000,closed,1,build(deps-dev): bump @types/node from 10.17.13 to 10.17.14
1363,2020-01-28 15:29:21.000000000,2020-01-29 15:30:24.000000000,closed,5,fix: jest 25 type definitions
1362,2020-01-28 15:27:52.000000000,2020-01-29 15:30:24.000000000,closed,0,Latest @types/jest incompatible
1361,2020-01-28 02:44:53.000000000,2020-01-28 10:46:21.000000000,closed,1,build(deps-dev): bump @types/semver from 6.2.0 to 7.1.0
1360,2020-01-28 00:44:53.000000000,2020-01-28 10:15:28.000000000,closed,1,build(deps-dev): bump @types/yargs from 15.0.1 to 15.0.2
1359,2020-01-27 19:59:22.000000000,2020-01-28 11:18:30.000000000,closed,1,build(deps-dev): bump lint-staged from 10.0.2 to 10.0.3
1358,2020-01-25 05:59:47.000000000,2020-01-25 13:43:42.000000000,closed,1,build(deps-dev): bump @types/js-yaml from 3.12.1 to 3.12.2
1357,2020-01-24 13:02:17.000000000,2020-02-01 01:52:15.000000000,closed,1,ambient declared enums are not working with ts-jest
1356,2020-01-23 12:30:43.000000000,2020-01-23 19:32:23.000000000,closed,1,Update CHANGELOG.md
1355,2020-01-22 19:48:04.000000000,2020-01-23 11:25:30.000000000,closed,9,feat: support Jest 25 v2
1354,2020-01-22 18:45:56.000000000,2020-01-23 11:25:30.000000000,closed,1,Support jest 25.1.0
1353,2020-01-22 17:04:14.000000000,2020-01-23 11:26:35.000000000,closed,2,build(deps-dev): bump lint-staged from 10.0.1 to 10.0.2
1352,2020-01-22 15:38:46.000000000,2020-01-22 18:58:40.000000000,closed,1,build(deps): bump resolve from 1.14.2 to 1.15.0
1351,2020-01-22 12:04:16.000000000,2020-01-22 14:16:53.000000000,closed,1,upgrade tslint
1350,2020-01-22 04:58:29.000000000,2020-01-22 11:45:40.000000000,closed,1,build(deps-dev): bump @types/yargs from 15.0.0 to 15.0.1
1349,2020-01-22 00:58:42.000000000,2020-01-22 14:18:16.000000000,closed,1,build(deps-dev): bump tslint from 5.20.1 to 6.0.0
1348,2020-01-21 01:11:30.000000000,2020-01-21 13:37:58.000000000,closed,1,build(deps-dev): bump lint-staged from 10.0.0 to 10.0.1
1347,2020-01-19 23:46:45.000000000,2020-01-20 10:49:22.000000000,closed,1,build(deps-dev): bump lint-staged from 9.5.0 to 10.0.0
1346,2020-01-17 10:01:13.000000000,2020-02-06 08:56:20.000000000,closed,11,TypeError: Cannot read property 'createContext' of undefined. All files in index.ts compiling when only one is referenced.
1345,2020-01-17 02:17:32.000000000,2020-01-17 09:44:12.000000000,closed,1,build(deps-dev): bump typescript from 3.7.4 to 3.7.5
1344,2020-01-15 20:40:39.000000000,2020-01-16 09:55:10.000000000,closed,1,build(deps-dev): bump @commitlint/cli from 8.3.4 to 8.3.5
1343,2020-01-12 22:28:35.000000000,1970-01-01 00:00:00.000000001,open,4,Support monorepo
1342,2020-01-09 12:43:55.000000000,2020-01-09 13:46:30.000000000,closed,3,Tests are run twice (.ts and .js)
1341,2020-01-09 10:49:06.000000000,2020-02-03 17:40:36.000000000,closed,13,"BabelConfig with rootMode: ""upward"" not loading babel config files"
1340,2020-01-09 00:47:22.000000000,2020-01-09 11:24:29.000000000,closed,1,build(deps-dev): bump @types/yargs from 13.0.4 to 15.0.0
1339,2020-01-07 06:59:57.000000000,2020-01-07 11:41:59.000000000,closed,1,build(deps): bump resolve from 1.14.1 to 1.14.2
1338,2020-01-06 23:31:00.000000000,2020-01-07 01:38:59.000000000,closed,3,Matcher interface does not inherit type from Expect interface
1337,2020-01-04 00:15:27.000000000,2020-01-04 12:26:18.000000000,closed,1,build(deps-dev): bump @commitlint/cli from 8.3.3 to 8.3.4
1336,2020-01-03 14:49:55.000000000,2020-01-12 22:29:19.000000000,closed,3,TypeError: Unable to require `.d.ts` file with yarn workspaces and TypeScript project references when using --no-cache
1335,2020-01-03 14:30:41.000000000,2020-01-03 15:08:12.000000000,closed,1,build(deps-dev): bump @commitlint/cli from 8.2.0 to 8.3.3
1334,2019-12-31 16:07:15.000000000,2019-12-31 16:32:11.000000000,closed,1,"chore(e2e): add enum e2e test, adjust imported babel config test"
1333,2019-12-30 19:32:36.000000000,2020-01-12 22:29:03.000000000,closed,17,ts-jest using wrong typescript version with yarn workspaces/monorepo (repro)
1332,2019-12-30 02:37:56.000000000,2019-12-31 15:14:40.000000000,closed,4,fix(config): support babel config file path as string
1331,2019-12-28 05:56:13.000000000,2019-12-29 22:05:31.000000000,closed,1,fix(config): handle babel js config
1330,2019-12-28 03:35:14.000000000,2019-12-28 20:02:47.000000000,closed,1,chore: update e2e templates
1329,2019-12-26 23:14:15.000000000,2019-12-27 10:25:26.000000000,closed,1,build(deps): bump handlebars from 4.1.2 to 4.5.3 in /e2e/__templates__/default
1328,2019-12-26 22:40:08.000000000,2019-12-26 23:13:37.000000000,closed,1,build(deps-dev): bump @types/node from 10.17.12 to 10.17.13
1327,2019-12-23 22:43:07.000000000,2019-12-24 13:07:11.000000000,closed,1,build(deps-dev): bump @types/resolve from 0.0.8 to 1.14.0
1326,2019-12-23 22:16:50.000000000,2019-12-24 13:45:08.000000000,closed,1,build(deps-dev): bump @types/yargs from 13.0.3 to 13.0.4
1325,2019-12-23 22:04:23.000000000,2019-12-24 14:23:17.000000000,closed,1,build(deps-dev): bump @types/node from 10.17.11 to 10.17.12
1324,2019-12-21 11:08:14.000000000,2019-12-22 11:07:05.000000000,closed,1,build(deps-dev): bump tslint-plugin-prettier from 2.0.1 to 2.1.0
1323,2019-12-21 03:04:37.000000000,2019-12-22 18:36:29.000000000,closed,1,build(deps-dev): bump typescript from 3.7.2 to 3.7.4
1322,2019-12-21 02:12:42.000000000,2019-12-23 11:44:22.000000000,closed,1,build(deps-dev): bump eslint from 6.7.2 to 6.8.0
1321,2019-12-19 09:21:02.000000000,2019-12-23 11:19:57.000000000,closed,1,build(deps): bump resolve from 1.13.1 to 1.14.1
1320,2019-12-18 05:30:56.000000000,2019-12-19 09:21:06.000000000,closed,2,build(deps): bump resolve from 1.13.1 to 1.14.0
1319,2019-12-17 23:33:49.000000000,2019-12-22 23:18:34.000000000,closed,1,build(deps-dev): bump @types/node from 10.17.6 to 10.17.11
1318,2019-12-17 19:11:27.000000000,2019-12-17 23:33:52.000000000,closed,2,build(deps-dev): bump @types/node from 10.17.6 to 10.17.10
1317,2019-12-15 20:48:06.000000000,2019-12-23 17:53:43.000000000,closed,1,build(deps-dev): bump conventional-changelog-cli from 2.0.28 to 2.0.31
1316,2019-12-14 21:22:54.000000000,2019-12-24 14:34:27.000000000,closed,3,build(deps): bump fast-json-stable-stringify from 2.0.0 to 2.1.0
1315,2019-12-11 19:05:16.000000000,2020-03-24 21:31:18.000000000,closed,24,Support jest 24.9.0
1314,2019-12-11 00:39:26.000000000,2019-12-17 19:11:31.000000000,closed,2,build(deps-dev): bump @types/node from 10.17.6 to 10.17.9
1313,2019-12-10 01:50:06.000000000,2019-12-11 00:39:28.000000000,closed,2,build(deps-dev): bump @types/node from 10.17.6 to 10.17.8
1312,2019-12-09 18:11:48.000000000,2019-12-10 01:50:13.000000000,closed,2,build(deps-dev): bump @types/node from 10.17.6 to 10.17.7
1311,2019-12-09 02:04:06.000000000,2019-12-15 20:48:09.000000000,closed,2,build(deps-dev): bump conventional-changelog-cli from 2.0.28 to 2.0.30
1310,2019-12-08 18:48:55.000000000,1970-01-01 00:00:00.000000001,open,25,RFC: Leverage --incremental
1309,2019-12-05 10:13:05.000000000,2019-12-31 15:15:19.000000000,closed,12,documentation of babelConfig field is wrong? 
1308,2019-12-05 02:00:28.000000000,2020-01-04 20:24:20.000000000,closed,23,Next.js support
1307,2019-12-04 14:00:19.000000000,2019-12-21 03:04:41.000000000,closed,2,build(deps-dev): bump typescript from 3.7.2 to 3.7.3
1306,2019-11-30 22:15:41.000000000,2019-12-01 03:51:28.000000000,closed,1,build(deps-dev): bump eslint from 6.7.1 to 6.7.2
1305,2019-11-30 16:06:11.000000000,2019-11-30 19:07:18.000000000,closed,1,    ReferenceError: util_1 is not defined
1304,2019-11-27 10:44:42.000000000,2019-11-27 11:10:32.000000000,closed,1,build(deps-dev): bump lint-staged from 9.4.3 to 9.5.0
1303,2019-11-27 09:24:46.000000000,2020-02-04 17:16:44.000000000,closed,2,Istanbul ignore doesn't work in this case
1302,2019-11-27 00:47:12.000000000,2019-11-27 01:14:10.000000000,closed,1,build(deps): bump resolve from 1.13.0 to 1.13.1
1301,2019-11-26 04:58:35.000000000,2019-11-26 15:03:06.000000000,closed,1,build(deps): bump resolve from 1.12.2 to 1.13.0
1300,2019-11-26 03:09:10.000000000,2019-11-26 03:31:48.000000000,closed,1,build(deps-dev): bump @types/node from 10.17.5 to 10.17.6
1299,2019-11-25 17:12:32.000000000,2019-12-02 22:00:45.000000000,closed,13,Support for TypeScript 3.7.2
1298,2019-11-25 08:48:08.000000000,2019-11-25 13:32:35.000000000,closed,1,build(deps-dev): bump eslint from 6.7.0 to 6.7.1
1297,2019-11-22 23:30:25.000000000,2019-11-23 01:14:38.000000000,closed,1,build(deps-dev): bump eslint from 6.6.0 to 6.7.0
1296,2019-11-22 15:08:25.000000000,2019-11-22 15:27:39.000000000,closed,1,Fix linting and update deps to address vulnerabilities
1295,2019-11-22 13:23:39.000000000,2019-11-22 14:20:52.000000000,closed,1,build(deps): bump resolve from 1.12.0 to 1.12.2
1294,2019-11-21 14:43:41.000000000,2020-02-12 23:32:33.000000000,closed,23,ts files in node_modules is not transformed
1293,2019-11-19 20:06:07.000000000,2019-12-30 19:14:00.000000000,closed,1,Test does not work anymore if globals configuration object is set. 
1292,2019-11-17 18:55:01.000000000,2019-11-17 19:13:44.000000000,closed,1,build(deps-dev): bump conventional-changelog-cli from 2.0.27 to 2.0.28
1291,2019-11-16 19:53:14.000000000,2019-11-16 19:54:46.000000000,closed,0,update test templates
1290,2019-11-14 01:05:45.000000000,2019-11-14 13:53:39.000000000,closed,1,build(deps-dev): bump lint-staged from 9.4.2 to 9.4.3
1289,2019-11-12 20:39:46.000000000,2020-02-26 15:05:48.000000000,closed,18,Unable to require `.d.ts` file on Unix only
1288,2019-11-10 20:28:08.000000000,2019-12-08 18:53:14.000000000,closed,7,ts-jest fails to work with TS 3.7.2
1287,2019-11-10 14:57:44.000000000,2019-11-10 16:11:46.000000000,closed,1,build(deps-dev): bump conventional-changelog-cli from 2.0.25 to 2.0.27
1286,2019-11-09 17:52:18.000000000,2019-11-22 15:28:46.000000000,closed,1,build(deps-dev): bump prettier from 1.18.2 to 1.19.1
1285,2019-11-09 05:21:51.000000000,2019-11-09 17:52:21.000000000,closed,1,build(deps-dev): bump prettier from 1.18.2 to 1.19.0
1284,2019-11-09 04:07:26.000000000,2019-11-09 04:36:57.000000000,closed,1,build(deps-dev): bump @types/node from 10.17.4 to 10.17.5
1283,2019-11-08 01:24:23.000000000,2019-11-10 18:33:44.000000000,closed,30,Syntax Error with Optional Chaining in Typescript 3.7
1282,2019-11-07 18:00:38.000000000,2019-11-07 19:20:09.000000000,closed,2,fix(compiler): pass filename to sha function instead of file extension
1281,2019-11-06 16:08:14.000000000,2019-11-06 19:17:46.000000000,closed,1,babel-jest transform specified but getting SyntaxError: Unexpected identifier Import for es6 module 
1280,2019-11-06 02:13:26.000000000,2019-11-06 07:30:35.000000000,closed,1,build(deps-dev): bump @types/node from 10.17.3 to 10.17.4
1279,2019-11-05 22:55:13.000000000,2019-11-06 04:53:30.000000000,closed,0,build(deps-dev): bump tslint from 5.20.0 to 5.20.1
1278,2019-11-05 22:45:32.000000000,2019-11-05 23:22:51.000000000,closed,1,build(deps-dev): bump typescript from 3.6.4 to 3.7.2
1277,2019-11-05 01:35:43.000000000,1970-01-01 00:00:00.000000001,open,15,ts-jest fails to collect coverage with custom compiler
1276,2019-11-03 23:33:08.000000000,2019-11-05 22:55:16.000000000,closed,1,build(deps-dev): bump tslint from 5.20.0 to 6.0.0-beta0
1275,2019-11-01 20:18:57.000000000,2019-11-01 21:28:03.000000000,closed,1,build(deps-dev): bump @types/node from 10.17.2 to 10.17.3
1274,2019-11-01 16:55:42.000000000,2020-03-27 20:37:16.000000000,closed,9,"Seems ignore modules required using ""require"""
1273,2019-10-30 22:01:07.000000000,2019-10-31 03:08:45.000000000,closed,1,build(deps-dev): bump @types/node from 10.17.0 to 10.17.2
1272,2019-10-30 21:39:41.000000000,2019-10-30 22:01:16.000000000,closed,2,build(deps-dev): bump @types/node from 10.17.0 to 10.17.1
1271,2019-10-30 20:48:33.000000000,2019-11-07 17:30:50.000000000,closed,7,Cannot find module xxx from yyyy
1270,2019-10-30 01:32:14.000000000,2020-01-01 22:11:36.000000000,closed,1,React Fragment shorthand notation syntax error
1269,2019-10-26 00:18:28.000000000,2019-10-26 00:50:59.000000000,closed,1,build(deps-dev): bump @types/semver from 6.0.2 to 6.2.0
1268,2019-10-25 22:50:22.000000000,2019-10-25 23:22:48.000000000,closed,1,build(deps-dev): bump eslint from 6.5.1 to 6.6.0
1267,2019-10-25 09:41:44.000000000,2019-10-25 13:27:38.000000000,closed,1,build(deps-dev): bump @types/node from 10.14.22 to 10.17.0
1266,2019-10-24 18:13:13.000000000,2019-10-27 17:49:25.000000000,closed,1,trouble with unit testing
1265,2019-10-24 07:44:45.000000000,2019-10-24 11:04:03.000000000,closed,2,chore(index): add `@deprecated` jsdoc to deprecated utils
1264,2019-10-23 13:46:30.000000000,2019-10-27 17:51:35.000000000,closed,4,How to programmatically run tests?
1263,2019-10-18 05:06:27.000000000,2019-10-21 15:41:36.000000000,closed,3,fix(transformers): hoist jest.enableAutomock and jest.disableAutomock
1262,2019-10-18 05:06:04.000000000,2019-10-21 15:41:36.000000000,closed,0,jest.enableAutomock is not hoisted to top of file
1261,2019-10-17 09:29:50.000000000,2019-10-17 10:58:22.000000000,closed,1,build(deps-dev): bump @types/fs-extra from 8.0.0 to 8.0.1
1260,2019-10-16 10:06:05.000000000,2019-10-16 19:01:30.000000000,closed,1,build(deps-dev): bump @types/node from 10.14.21 to 10.14.22
1259,2019-10-14 16:06:21.000000000,2019-10-14 16:14:36.000000000,closed,2,test: removed async from describes
1258,2019-10-10 03:22:06.000000000,2019-10-10 09:54:53.000000000,closed,1,build(deps-dev): bump typescript from 3.6.3 to 3.6.4
1257,2019-10-09 17:05:47.000000000,2019-10-09 18:55:34.000000000,closed,1,build(deps-dev): bump conventional-changelog-cli from 2.0.23 to 2.0.25
1256,2019-10-09 03:02:18.000000000,2019-10-09 09:27:31.000000000,closed,1,build(deps-dev): bump @types/node from 10.14.20 to 10.14.21
1255,2019-10-08 18:51:38.000000000,2020-01-16 12:55:51.000000000,closed,11,Fails to load enums from tsconfig path since 24.1.0
1254,2019-10-08 09:29:25.000000000,2019-10-08 10:34:04.000000000,closed,1,build(deps-dev): bump lint-staged from 9.4.1 to 9.4.2
1253,2019-10-07 17:39:44.000000000,2019-10-08 09:59:05.000000000,closed,1,build(deps-dev): bump cross-spawn from 7.0.0 to 7.0.1
1252,2019-10-06 08:07:09.000000000,2019-11-09 10:51:25.000000000,closed,2,jest.mock hoisting seems not working
1251,2019-10-04 22:55:41.000000000,2019-10-04 23:32:20.000000000,closed,1,build(deps-dev): bump @types/cross-spawn from 6.0.0 to 6.0.1
1250,2019-10-04 18:24:17.000000000,2020-05-02 11:58:26.000000000,closed,6,coverage is broken when using ts-jest + babel
1249,2019-10-03 20:44:45.000000000,2019-10-04 09:23:08.000000000,closed,1,build(deps-dev): bump @types/node from 10.14.19 to 10.14.20
1248,2019-10-03 08:37:24.000000000,2019-10-03 09:00:51.000000000,closed,1,build(deps): bump rubyzip from 1.2.2 to 2.0.0 in /docs
1247,2019-10-03 01:00:51.000000000,2019-10-04 08:57:41.000000000,closed,1,build(deps): bump json5 from 2.1.0 to 2.1.1
1246,2019-10-01 09:29:03.000000000,2019-10-04 00:14:24.000000000,closed,1,build(deps-dev): bump lint-staged from 9.4.0 to 9.4.1
1245,2019-10-01 06:26:33.000000000,2019-10-03 08:36:14.000000000,closed,1,build(deps-dev): bump eslint from 6.4.0 to 6.5.1
1244,2019-09-30 15:26:47.000000000,2020-01-13 09:28:57.000000000,closed,2,Slack link no longer active.
1243,2019-09-30 00:56:01.000000000,2020-05-03 14:50:41.000000000,closed,1,docs: suggest using tsconfig package
1242,2019-09-30 00:47:05.000000000,2020-05-03 14:49:51.000000000,closed,1,Update docs to suggest using tsconfig
1241,2019-09-29 09:14:50.000000000,2019-10-01 06:26:36.000000000,closed,2,build(deps-dev): bump eslint from 6.4.0 to 6.5.0
1240,2019-09-26 18:41:24.000000000,2019-09-26 19:47:39.000000000,closed,3,moduleFileExtensions should include .d.ts
1239,2019-09-26 16:41:50.000000000,2019-09-26 17:07:50.000000000,closed,1,build(deps-dev): bump lint-staged from 9.3.0 to 9.4.0
1238,2019-09-25 21:07:09.000000000,2019-09-25 23:09:36.000000000,closed,1,build(deps-dev): bump @types/yargs from 13.0.2 to 13.0.3
1237,2019-09-24 21:35:04.000000000,2019-09-25 21:25:24.000000000,closed,1,build(deps-dev): bump @types/node from 10.14.18 to 10.14.19
1236,2019-09-23 14:35:26.000000000,2020-01-12 21:32:09.000000000,closed,2,Test failed to run when importing typescript package
1235,2019-09-22 14:42:17.000000000,2019-09-25 19:46:50.000000000,closed,1,build(deps-dev): bump lint-staged from 9.2.5 to 9.3.0
1234,2019-09-21 05:41:29.000000000,2019-09-25 12:39:37.000000000,closed,3,fix: typescript serviceHost cache miss on Windows operating systems
1233,2019-09-19 10:44:49.000000000,2019-09-19 16:18:58.000000000,closed,2,How to use ts-node of child process in ts-jest?
1232,2019-09-17 18:15:32.000000000,2020-01-23 11:25:32.000000000,closed,10,feat: support Jest 25
1231,2019-09-17 01:49:36.000000000,2019-09-20 00:37:15.000000000,closed,1,build(deps-dev): bump @commitlint/cli from 8.1.0 to 8.2.0
1230,2019-09-16 19:50:37.000000000,2019-09-25 18:29:33.000000000,closed,14,.ts in node_modules with symbol link breaks after 24.1.0
1229,2019-09-16 00:39:03.000000000,2019-12-31 15:37:34.000000000,closed,7,Enum breaks ts-jest
1228,2019-09-14 05:44:45.000000000,2019-09-14 12:24:14.000000000,closed,1,build(deps-dev): bump eslint from 6.3.0 to 6.4.0
1227,2019-09-13 16:38:16.000000000,2020-02-03 19:47:24.000000000,closed,4,"Angular test with mocked provider throws error ""Can't resolve all parameters for mockConstructor(?)."""
1226,2019-09-12 22:05:41.000000000,2019-11-07 19:20:08.000000000,closed,5,Files with same content getting wrong cache hit
1225,2019-09-12 07:14:57.000000000,2019-09-13 00:19:59.000000000,closed,3,why not ts-jest releasing for long time?
1224,2019-09-11 12:35:08.000000000,2019-09-11 14:26:59.000000000,closed,1,build(deps-dev): bump @types/node from 10.14.17 to 10.14.18
1223,2019-09-11 01:05:23.000000000,2019-09-11 10:12:21.000000000,closed,1,build(deps-dev): bump typescript from 3.6.2 to 3.6.3
1222,2019-09-10 04:46:33.000000000,2019-09-10 09:21:24.000000000,closed,1,build(deps-dev): bump tslint from 5.19.0 to 5.20.0
1221,2019-09-06 09:22:01.000000000,2019-09-07 15:41:35.000000000,closed,1,build(deps-dev): bump lint-staged from 8.2.1 to 9.2.5
1220,2019-09-06 09:21:38.000000000,2019-09-07 13:09:59.000000000,closed,1,build(deps-dev): bump typescript from 3.5.1 to 3.6.2
1219,2019-09-06 09:21:16.000000000,2019-09-07 13:57:31.000000000,closed,2,build(deps): bump semver from 5.6.0 to 5.7.1
1218,2019-09-06 09:20:50.000000000,2019-09-06 18:41:25.000000000,closed,1,build(deps-dev): bump tslint from 5.18.0 to 5.19.0
1217,2019-09-05 22:15:44.000000000,2019-09-07 14:19:59.000000000,closed,5,build(deps-dev): bump @types/semver from 6.0.1 to 6.0.2
1216,2019-09-04 21:43:37.000000000,2019-09-05 21:53:57.000000000,closed,1,build(deps-dev): bump @types/babel__core from 7.1.2 to 7.1.3
1215,2019-09-04 09:21:38.000000000,2019-09-07 09:40:05.000000000,closed,2,build(deps-dev): bump jest from 24.1.0 to 24.9.0
1214,2019-09-04 09:21:09.000000000,2019-09-06 08:37:24.000000000,closed,1,build(deps): bump resolve from 1.11.1 to 1.12.0
1213,2019-09-04 09:20:45.000000000,2019-09-06 11:29:40.000000000,closed,3,build(deps-dev): bump fs-extra from 8.0.1 to 8.1.0
1212,2019-09-04 09:20:17.000000000,2019-09-05 17:56:13.000000000,closed,1,build(deps-dev): bump eslint from 6.0.0 to 6.3.0
1211,2019-09-04 09:19:47.000000000,2019-09-05 12:52:05.000000000,closed,1,build(deps-dev): bump conventional-changelog-cli from 2.0.21 to 2.0.23
1210,2019-09-04 09:19:06.000000000,2019-09-04 13:24:37.000000000,closed,1,build(deps-dev): [security] bump lodash.merge from 4.6.1 to 4.6.2
1209,2019-09-03 22:46:47.000000000,2019-09-04 03:21:35.000000000,closed,1,build(deps-dev): bump @types/yargs from 13.0.0 to 13.0.2
1208,2019-09-03 22:14:36.000000000,2019-09-04 00:19:14.000000000,closed,1,build(deps-dev): bump @types/node from 10.14.8 to 10.14.17
1207,2019-09-03 22:08:31.000000000,2019-09-05 19:17:52.000000000,closed,1,build(deps-dev): bump @types/lodash.set from 4.3.4 to 4.3.6
1206,2019-09-03 22:08:09.000000000,2019-09-05 20:55:30.000000000,closed,1,build(deps-dev): bump @types/lodash.merge from 4.6.4 to 4.6.6
1205,2019-09-03 22:06:37.000000000,2019-09-05 13:24:44.000000000,closed,1,build(deps-dev): bump @types/lodash.memoize from 4.1.4 to 4.1.6
1204,2019-09-03 21:45:19.000000000,2019-09-04 01:03:10.000000000,closed,1,build(deps-dev): bump @types/fs-extra from 7.0.0 to 8.0.0
1203,2019-09-03 18:47:37.000000000,2019-09-03 23:14:07.000000000,closed,1,build(deps): [security] bump mixin-deep from 1.3.1 to 1.3.2
1202,2019-09-03 18:47:08.000000000,2019-09-03 22:02:51.000000000,closed,1,build(deps): [security] bump lodash.template from 4.4.0 to 4.5.0
1201,2019-09-03 18:46:32.000000000,2019-09-03 20:53:15.000000000,closed,1,build(deps): [security] bump eslint-utils from 1.3.1 to 1.4.2
1200,2019-09-03 18:46:06.000000000,2019-09-03 19:57:42.000000000,closed,1,build(deps): [security] bump lodash from 4.17.11 to 4.17.14
1199,2019-09-03 18:45:04.000000000,2019-09-06 19:55:39.000000000,closed,3,build(deps-dev): bump cross-spawn from 6.0.5 to 7.0.0
1198,2019-08-31 00:01:24.000000000,2019-08-31 03:32:27.000000000,closed,1,build(deps-dev): bump eslint from 6.2.2 to 6.3.0
1197,2019-08-30 12:11:18.000000000,2019-08-31 04:18:35.000000000,closed,1,build(deps-dev): bump @types/node from 10.14.16 to 10.14.17
1196,2019-08-28 21:44:18.000000000,2019-08-28 23:24:20.000000000,closed,1,build(deps-dev): bump typescript from 3.5.3 to 3.6.2
1195,2019-08-28 15:10:48.000000000,2019-08-28 15:25:37.000000000,closed,1,Update deps to address sec vulns and update the linting setup
1194,2019-08-28 12:22:21.000000000,2019-08-28 12:48:26.000000000,closed,1,build(deps): bump mixin-deep from 1.3.1 to 1.3.2 in /e2e/__templates__/default
1193,2019-08-27 14:44:00.000000000,2019-08-27 19:09:42.000000000,closed,1,build(deps-dev): bump lint-staged from 9.2.4 to 9.2.5
1192,2019-08-26 09:42:28.000000000,2019-08-26 12:15:14.000000000,closed,1,build(deps-dev): bump eslint from 6.2.1 to 6.2.2
1191,2019-08-26 09:41:38.000000000,2019-08-26 13:04:55.000000000,closed,1,build(deps-dev): bump lint-staged from 9.2.3 to 9.2.4
1190,2019-08-23 22:52:04.000000000,2019-08-24 00:45:55.000000000,closed,1,Monorepo testing without re-building on package change
1189,2019-08-23 17:27:13.000000000,2019-08-23 18:26:26.000000000,closed,1,Fix audit issues and update snapshots
1188,2019-08-21 09:45:56.000000000,2019-08-21 22:43:44.000000000,closed,1,build(deps-dev): bump @types/yargs from 13.0.0 to 13.0.2
1187,2019-08-21 09:45:23.000000000,2019-08-21 16:33:48.000000000,closed,1,build(deps-dev): bump @types/lodash.merge from 4.6.4 to 4.6.6
1186,2019-08-21 09:44:44.000000000,2019-08-21 15:42:37.000000000,closed,1,build(deps-dev): bump conventional-changelog-cli from 2.0.21 to 2.0.23
1185,2019-08-21 09:43:45.000000000,2019-08-21 12:13:10.000000000,closed,1,build(deps-dev): bump tslint from 5.18.0 to 5.19.0
1184,2019-08-21 09:42:46.000000000,2019-08-22 03:09:47.000000000,closed,1,build(deps-dev): bump @types/lodash.set from 4.3.4 to 4.3.6
1183,2019-08-20 23:26:45.000000000,2019-08-21 12:48:39.000000000,closed,1,build(deps-dev): bump @types/node from 10.14.8 to 10.14.16
1182,2019-08-20 16:10:34.000000000,2019-08-23 18:27:35.000000000,closed,1,build(deps-dev): bump eslint from 5.16.0 to 6.2.1
1181,2019-08-20 09:26:23.000000000,2019-08-20 18:34:26.000000000,closed,1,build(deps): bump semver from 5.6.0 to 5.7.1
1180,2019-08-20 09:25:49.000000000,2019-08-20 23:25:22.000000000,closed,1,build(deps-dev): bump @types/lodash.memoize from 4.1.4 to 4.1.6
1179,2019-08-20 09:25:24.000000000,2019-08-20 19:20:31.000000000,closed,1,build(deps): bump resolve from 1.11.1 to 1.12.0
1178,2019-08-19 10:59:28.000000000,2019-08-20 16:10:36.000000000,closed,1,build(deps-dev): bump eslint from 5.16.0 to 6.2.0
1177,2019-08-19 10:50:44.000000000,2019-08-19 16:15:55.000000000,closed,1,build(deps-dev): bump lint-staged from 8.2.0 to 9.2.3
1176,2019-08-16 22:59:03.000000000,2019-08-19 11:00:05.000000000,closed,6,fix: #825 handle symlinked modules (ala pnpm) correctly
1175,2019-08-16 17:33:46.000000000,2019-08-23 19:47:41.000000000,closed,1,build(deps-dev): bump jest from 24.1.0 to 24.9.0
1174,2019-08-15 00:21:14.000000000,2020-02-03 16:25:29.000000000,closed,18,import.meta not allowed 
1173,2019-08-14 12:14:23.000000000,2019-12-30 19:49:31.000000000,closed,4,Disabling diagnostics doesnâ€™t work
1172,2019-08-14 03:34:48.000000000,2020-02-05 11:15:09.000000000,closed,2,Property decorators behaving differently in ts-jest vs actual runtime
1171,2019-08-09 13:44:58.000000000,2019-11-09 20:50:49.000000000,closed,2,SyntaxError in declaration merging typescript test
1170,2019-08-08 22:44:51.000000000,2019-09-03 03:27:05.000000000,closed,6,Mapped Module Name configuration not proper
1169,2019-08-08 13:44:39.000000000,2019-08-08 18:44:53.000000000,closed,1,ts-jest use same typescript compiler as my project?
1168,2019-08-08 09:27:15.000000000,2019-08-20 23:26:47.000000000,closed,2,build(deps-dev): bump @types/node from 10.14.8 to 10.14.15
1167,2019-08-07 19:03:21.000000000,2019-09-01 23:56:32.000000000,closed,2,Jest coverage flagging enums as lacking coverage
1166,2019-08-07 09:52:19.000000000,2019-11-10 06:00:49.000000000,closed,3,coverage on decorated parameters is incorrect when `isolatedModules: true`
1165,2019-08-07 08:28:58.000000000,2020-01-10 21:46:44.000000000,closed,2,jest.mock() does not work when using tsconfig.paths/moduleNameMapper paths
1164,2019-08-04 06:29:01.000000000,2019-08-05 05:11:17.000000000,closed,1,Instance properties are removed when mocking a class.
1163,2019-08-01 09:24:16.000000000,2019-08-08 09:27:20.000000000,closed,1,build(deps-dev): bump @types/node from 10.14.8 to 10.14.14
1162,2019-07-31 13:59:07.000000000,2020-03-24 21:32:14.000000000,closed,4,"""TypeError: ... is not a function"" when using callback type instead of interface"
1161,2019-07-25 09:41:09.000000000,2019-08-19 10:50:49.000000000,closed,1,build(deps-dev): bump lint-staged from 8.2.0 to 9.2.1
1160,2019-07-22 10:27:43.000000000,2019-08-19 10:59:32.000000000,closed,1,build(deps-dev): bump eslint from 5.16.0 to 6.1.0
1159,2019-07-20 02:15:58.000000000,1970-01-01 00:00:00.000000001,open,10,Emit declaration files for composite projects
1158,2019-07-18 21:36:10.000000000,2019-08-01 09:24:20.000000000,closed,1,build(deps-dev): bump @types/node from 10.14.8 to 10.14.13
1157,2019-07-18 00:21:12.000000000,2019-08-19 14:57:05.000000000,closed,1,build(deps): bump lodash from 4.17.11 to 4.17.14 in /e2e/__templates__/default
1156,2019-07-17 18:47:30.000000000,2019-09-10 00:11:08.000000000,closed,1,config object from ts-jest/presets is missing testMatch and moduleFileExtensions params
1155,2019-07-15 02:49:13.000000000,2020-03-27 00:56:02.000000000,closed,4,Property decorators behave differently in ts-jest vs React Native
1154,2019-07-12 20:22:17.000000000,2020-04-28 00:03:07.000000000,closed,8,Retrieve the transformed file name
1153,2019-07-11 11:17:36.000000000,2019-07-25 09:41:14.000000000,closed,1,build(deps-dev): bump lint-staged from 8.2.0 to 9.2.0
1152,2019-07-11 01:57:13.000000000,2019-08-19 22:44:53.000000000,closed,1,build(deps): [security] bump lodash.template from 4.4.0 to 4.5.0
1151,2019-07-11 01:05:48.000000000,2019-08-20 00:41:46.000000000,closed,1,build(deps-dev): [security] bump lodash.merge from 4.6.1 to 4.6.2
1150,2019-07-09 09:19:27.000000000,2019-08-20 21:50:35.000000000,closed,1,build(deps-dev): bump typescript from 3.5.1 to 3.5.3
1149,2019-07-09 07:36:22.000000000,2020-04-28 14:47:16.000000000,closed,11,Import from index.ts export not working
1148,2019-07-09 00:32:53.000000000,2019-07-09 00:54:13.000000000,closed,3,Correct Spelling Error in Readme
1147,2019-07-08 09:19:29.000000000,2019-07-11 11:17:40.000000000,closed,1,build(deps-dev): bump lint-staged from 8.2.0 to 9.1.0
1146,2019-07-04 18:36:59.000000000,2020-03-19 09:14:21.000000000,closed,10,Experiment: Try out TypeScript Program in compiler
1145,2019-07-04 09:29:29.000000000,2019-07-18 21:36:14.000000000,closed,1,build(deps-dev): bump @types/node from 10.14.8 to 10.14.12
1144,2019-07-03 12:01:15.000000000,2019-07-08 09:19:32.000000000,closed,1,build(deps-dev): bump lint-staged from 8.2.0 to 9.0.2
1143,2019-07-02 15:28:15.000000000,2019-07-03 12:01:19.000000000,closed,1,build(deps-dev): bump lint-staged from 8.2.0 to 9.0.1
1142,2019-07-02 09:18:53.000000000,2019-07-02 15:28:18.000000000,closed,1,build(deps-dev): bump lint-staged from 8.2.0 to 9.0.0
1141,2019-07-01 09:45:10.000000000,2019-08-20 16:09:01.000000000,closed,1,build(deps-dev): bump fs-extra from 8.0.1 to 8.1.0
1140,2019-06-27 09:20:36.000000000,2019-08-20 12:57:10.000000000,closed,1,build(deps-dev): bump @types/fs-extra from 7.0.0 to 8.0.0
1139,2019-06-25 09:21:22.000000000,2019-07-22 10:27:51.000000000,closed,1,build(deps-dev): bump eslint from 5.16.0 to 6.0.1
1138,2019-06-24 09:33:17.000000000,2019-06-25 09:21:26.000000000,closed,1,build(deps-dev): bump eslint from 5.16.0 to 6.0.0
1137,2019-06-24 09:31:45.000000000,2019-07-04 09:29:38.000000000,closed,1,build(deps-dev): bump @types/node from 10.14.8 to 10.14.10
1136,2019-06-24 09:31:02.000000000,2019-08-19 18:12:34.000000000,closed,1,build(deps-dev): bump tslint from 5.17.0 to 5.18.0
1135,2019-06-23 01:44:06.000000000,2019-09-03 18:13:13.000000000,closed,5,fix(types): unforce esModuleInterop in tsconfig.json
1134,2019-06-22 00:34:40.000000000,2020-01-12 21:29:09.000000000,closed,3,Compatibility with yarn workspaces pnp
1133,2019-06-21 16:51:23.000000000,2019-09-10 00:12:01.000000000,closed,3,node_modules/ts-jest/dist/types.d.ts and esModuleInterop
1132,2019-06-21 10:00:20.000000000,2019-09-25 12:39:37.000000000,closed,1,TypeScript compiler memoryCache does not work in all cases in Windows
1131,2019-06-21 09:30:34.000000000,2019-08-19 17:25:11.000000000,closed,1,build(deps-dev): bump @types/semver from 6.0.0 to 6.0.1
1130,2019-06-15 05:02:35.000000000,2019-11-10 18:45:42.000000000,closed,2,Babel plugin not being ran on source code
1129,2019-06-14 11:07:18.000000000,2019-07-09 09:19:32.000000000,closed,1,build(deps-dev): bump typescript from 3.5.1 to 3.5.2
1128,2019-06-14 11:06:50.000000000,2019-07-02 09:18:56.000000000,closed,1,build(deps-dev): bump lint-staged from 8.2.0 to 8.2.1
1127,2019-06-12 11:06:07.000000000,2019-06-24 09:31:49.000000000,closed,1,build(deps-dev): bump @types/node from 10.14.8 to 10.14.9
1126,2019-06-12 00:54:10.000000000,2019-06-12 01:19:18.000000000,closed,1,build(deps): bump js-yaml from 3.12.1 to 3.13.1 in /e2e/__templates__/default
1125,2019-06-12 00:54:10.000000000,2019-06-12 02:30:20.000000000,closed,1,build(deps): bump handlebars from 4.0.12 to 4.1.2 in /e2e/__templates__/default
1124,2019-06-10 20:24:35.000000000,2019-08-19 11:24:03.000000000,closed,1,Update .npmignore
1123,2019-06-10 11:22:26.000000000,2019-08-23 18:27:34.000000000,closed,1,build(deps-dev): bump prettier from 1.17.1 to 1.18.2
1122,2019-06-09 19:48:15.000000000,1970-01-01 00:00:00.000000001,open,7,jest --watchAll with ts-jest cannot find property/function if it was defined after its corresponding test case
1121,2019-06-09 12:11:06.000000000,2019-06-10 04:07:25.000000000,closed,0,can ts-jest use for miniprogram?
1120,2019-06-07 17:43:46.000000000,2019-06-10 11:22:29.000000000,closed,1,build(deps-dev): bump prettier from 1.17.1 to 1.18.1
1119,2019-06-07 11:05:31.000000000,2019-06-07 17:43:50.000000000,closed,1,build(deps-dev): bump prettier from 1.17.1 to 1.18.0
1118,2019-06-07 00:07:04.000000000,2019-11-10 18:16:29.000000000,closed,8,create-react-app
1117,2019-06-06 18:42:31.000000000,2019-06-11 23:58:37.000000000,closed,1,build(deps-dev): bump lint-staged from 8.1.7 to 8.2.0
1116,2019-06-04 10:53:23.000000000,2019-06-06 23:58:02.000000000,closed,1,build(deps): bump resolve from 1.11.0 to 1.11.1
1115,2019-05-31 23:13:49.000000000,1970-01-01 00:00:00.000000001,open,12,RFC: Performance report for each ts-jest version 
1114,2019-05-31 10:55:14.000000000,2019-06-01 11:55:16.000000000,closed,1,build(deps-dev): bump tslint from 5.16.0 to 5.17.0
1113,2019-05-31 10:54:44.000000000,2019-06-01 11:55:36.000000000,closed,1,build(deps-dev): bump @types/node from 10.14.7 to 10.14.8
1112,2019-05-30 23:02:26.000000000,2019-06-01 17:20:19.000000000,closed,0,s
1111,2019-05-30 10:39:01.000000000,2019-06-01 17:19:46.000000000,closed,1,build(deps-dev): bump typescript from 3.4.5 to 3.5.1
1110,2019-05-29 19:22:29.000000000,1970-01-01 00:00:00.000000001,open,2,[bug] core node_modules not mocked if the mock file is a soft link
1109,2019-05-26 09:03:21.000000000,2020-01-12 21:30:48.000000000,closed,2,Import mixin from yarn workspace package - TypeError: Class constructor cannot be invoked without 'new'
1108,2019-05-26 07:25:27.000000000,2019-12-31 20:43:46.000000000,closed,7,".json files produce ""(WARN) Got a unknown file type to compile"" warning (*not breaking*)"
1107,2019-05-23 18:57:37.000000000,2019-11-29 17:06:29.000000000,closed,18,globalSetup.ts script ignores tsconfig.json
1106,2019-05-20 09:48:04.000000000,2019-05-20 19:31:40.000000000,closed,1,build(deps-dev): bump @types/node from 10.14.6 to 10.14.7
1105,2019-05-16 09:35:45.000000000,2019-05-17 15:34:45.000000000,closed,1,build(deps-dev): bump @types/babel__core from 7.1.1 to 7.1.2
1104,2019-05-16 09:35:17.000000000,2019-05-17 18:18:41.000000000,closed,1,build(deps): bump resolve from 1.10.1 to 1.11.0
1103,2019-05-15 09:40:19.000000000,2019-05-17 15:36:00.000000000,closed,2,build(deps-dev): bump lint-staged from 8.1.6 to 8.1.7
1102,2019-05-14 15:51:48.000000000,2019-09-08 13:55:24.000000000,closed,5,How to disable ts-jest process my .js files
1101,2019-05-14 09:38:17.000000000,2019-05-14 19:10:20.000000000,closed,2,build(deps-dev): bump @types/fs-extra from 5.1.0 to 7.0.0
1100,2019-05-14 09:37:48.000000000,2019-05-14 19:09:04.000000000,closed,1,build(deps-dev): bump prettier from 1.17.0 to 1.17.1
1099,2019-05-14 09:37:17.000000000,2019-05-14 19:10:20.000000000,closed,2,build(deps-dev): bump fs-extra from 7.0.1 to 8.0.1
1098,2019-05-13 10:12:02.000000000,2020-02-05 20:34:02.000000000,closed,2,deepUnmock doesn't work well with ts-jest@24
1097,2019-05-13 09:36:39.000000000,2019-05-14 09:37:20.000000000,closed,2,build(deps-dev): bump fs-extra from 7.0.1 to 8.0.0
1096,2019-05-10 18:29:02.000000000,2019-09-01 23:24:38.000000000,closed,9,fix: handle tsBuildInfoFile option
1095,2019-05-10 17:48:47.000000000,2019-09-01 23:24:38.000000000,closed,5,TypeScript 3.4's tsBuildInfoFile option breaks ts-jest
1094,2019-05-09 16:28:14.000000000,2019-05-10 18:51:04.000000000,closed,1,build(deps-dev): bump @commitlint/cli from 7.6.0 to 7.6.1
1093,2019-05-07 03:32:29.000000000,2019-05-08 09:56:32.000000000,closed,1,build(deps-dev): bump @commitlint/cli from 7.1.2 to 7.6.0
1092,2019-05-07 03:31:36.000000000,2019-05-09 09:36:45.000000000,closed,1,build(deps-dev): bump @commitlint/config-conventional from 7.1.2 to 7.6.0
1091,2019-05-06 12:42:56.000000000,2019-05-06 20:01:51.000000000,closed,1,build(deps-dev): bump @types/fs-extra from 5.0.5 to 5.1.0
1090,2019-05-05 09:43:12.000000000,2019-05-05 23:13:56.000000000,closed,1,build(deps-dev): bump conventional-changelog-cli from 2.0.18 to 2.0.21
1089,2019-05-05 06:08:26.000000000,2019-08-16 17:33:51.000000000,closed,1,build(deps-dev): bump jest from 24.1.0 to 24.8.0
1088,2019-05-03 12:13:51.000000000,2020-05-03 11:14:50.000000000,closed,10,ts-jest does not hoist variables beginning with mock 
1087,2019-05-03 11:43:07.000000000,2019-05-04 16:30:39.000000000,closed,1,build(deps-dev): bump lint-staged from 8.1.5 to 8.1.6
1086,2019-05-02 22:24:28.000000000,2019-05-05 09:43:14.000000000,closed,2,build(deps-dev): bump conventional-changelog-cli from 2.0.18 to 2.0.20
1085,2019-05-02 22:14:54.000000000,2019-05-02 22:24:32.000000000,closed,2,build(deps-dev): bump conventional-changelog-cli from 2.0.18 to 2.0.19
1084,2019-04-29 18:07:21.000000000,2019-11-10 18:48:48.000000000,closed,1,Add option to override babel-jest path
1083,2019-04-28 18:38:41.000000000,2020-01-10 22:01:24.000000000,closed,2,simple test file takes about 40 secondsï¼Ÿ
1082,2019-04-27 23:33:28.000000000,2019-04-30 16:39:26.000000000,closed,1,build(deps-dev): bump conventional-changelog-cli from 2.0.5 to 2.0.18
1081,2019-04-26 23:42:24.000000000,2019-04-27 23:31:59.000000000,closed,1,build(deps-dev): bump @types/node from 10.14.5 to 10.14.6
1080,2019-04-26 02:28:33.000000000,2020-01-01 18:24:48.000000000,closed,3,"How come ""allowJs"" is required in tsconfig.json when using jsWithTs?"
1079,2019-04-25 09:40:14.000000000,2019-05-01 14:09:57.000000000,closed,1,build(deps): bump resolve from 1.1.7 to 1.10.1
1078,2019-04-25 02:01:45.000000000,2019-04-27 23:33:30.000000000,closed,2,build(deps-dev): bump conventional-changelog-cli from 2.0.5 to 2.0.17
1077,2019-04-24 09:31:41.000000000,2019-04-30 20:42:26.000000000,closed,1,build(deps-dev): bump typescript from 3.4.4 to 3.4.5
1076,2019-04-22 09:36:02.000000000,2019-04-22 23:30:37.000000000,closed,1,build(deps-dev): bump @types/node from 10.12.15 to 10.14.5
1075,2019-04-19 18:43:50.000000000,2019-05-01 14:13:49.000000000,closed,1,How to commit?
1074,2019-04-19 03:28:57.000000000,2019-04-23 09:44:22.000000000,closed,1,build(deps-dev): bump typescript from 3.4.3 to 3.4.4
1073,2019-04-18 03:33:32.000000000,2019-08-19 17:48:50.000000000,closed,1,Add correct extension in config/index.md [ci skip]
1072,2019-04-17 19:58:26.000000000,2019-05-01 14:12:06.000000000,closed,6,moduleNameMapper doesn't handle multiple paths
1071,2019-04-17 02:07:07.000000000,2019-04-17 12:22:48.000000000,closed,1,build(deps-dev): bump tslint from 5.15.0 to 5.16.0
1070,2019-04-16 17:02:12.000000000,2019-04-16 21:40:43.000000000,closed,5,Class extends value undefined is not a constructor or null
1069,2019-04-14 14:49:03.000000000,2020-03-24 15:26:32.000000000,closed,24,prototype does not exist on mocked instances
1068,2019-04-14 12:54:35.000000000,2019-04-14 13:08:49.000000000,closed,5,Cannot find name 'expect'  
1067,2019-04-13 07:10:29.000000000,2019-04-23 09:32:21.000000000,closed,4,super annoying problem when there is a .js file has the same base name
1066,2019-04-13 00:40:20.000000000,2019-04-16 11:03:16.000000000,closed,1,build(deps-dev): bump prettier from 1.16.4 to 1.17.0
1065,2019-04-12 18:57:26.000000000,2020-03-18 20:45:14.000000000,closed,2,"Proposal: partialMocked - mocked, but less strict return/resolved values."
1064,2019-04-11 20:10:25.000000000,2020-01-10 21:58:46.000000000,closed,10,Async setupGlobal is throwing errors
1063,2019-04-10 21:30:56.000000000,2019-04-16 11:39:29.000000000,closed,1,build(deps-dev): bump @types/babel__core from 7.0.4 to 7.1.1
1062,2019-04-10 03:24:56.000000000,2019-04-16 13:31:26.000000000,closed,1,build(deps-dev): bump typescript from 3.1.3 to 3.4.3
1061,2019-04-09 05:46:06.000000000,2019-04-09 07:08:39.000000000,closed,2,[Question] Is v24.0.2 missing?
1060,2019-04-08 05:55:23.000000000,2019-04-16 11:08:16.000000000,closed,2,build(deps-dev): bump @types/yargs from 12.0.11 to 13.0.0
1059,2019-04-06 00:50:46.000000000,2019-04-10 03:25:01.000000000,closed,2,build(deps-dev): bump typescript from 3.1.3 to 3.4.2
1058,2019-04-05 20:18:47.000000000,2019-04-06 02:06:22.000000000,closed,1,build(deps-dev): bump js-yaml from 3.13.0 to 3.13.1
1057,2019-04-05 00:02:55.000000000,2019-04-09 23:43:15.000000000,closed,2,TS imports with .js extension break Jest-resolve
1056,2019-04-04 05:23:22.000000000,2019-05-05 06:08:29.000000000,closed,1,build(deps-dev): bump jest from 24.1.0 to 24.7.1
1055,2019-04-03 08:00:37.000000000,2019-04-04 05:23:25.000000000,closed,1,build(deps-dev): bump jest from 24.1.0 to 24.7.0
1054,2019-04-03 03:31:01.000000000,2019-04-04 09:53:30.000000000,closed,1,build(deps-dev): bump @types/js-yaml from 3.12.0 to 3.12.1
1053,2019-04-02 02:54:57.000000000,2019-04-04 10:55:32.000000000,closed,2,build(deps-dev): bump tslint from 5.14.0 to 5.15.0
1052,2019-04-02 02:31:19.000000000,2019-04-03 08:00:40.000000000,closed,1,build(deps-dev): bump jest from 24.1.0 to 24.6.0
1051,2019-04-02 00:54:47.000000000,2019-04-04 10:39:01.000000000,closed,2,build(deps-dev): bump @types/semver from 5.5.0 to 6.0.0
1050,2019-04-02 00:50:32.000000000,2019-04-04 10:54:30.000000000,closed,2,build(deps-dev): bump @types/yargs from 12.0.10 to 12.0.11
1049,2019-04-01 13:17:01.000000000,2019-09-09 13:21:29.000000000,closed,17,fix(perf): add cache for fs calls when using language service
1048,2019-03-31 02:52:07.000000000,2020-03-18 20:41:23.000000000,closed,10,Extract mocked function in a different package
1047,2019-03-30 07:59:18.000000000,2019-03-30 17:49:37.000000000,closed,2,build(deps-dev): bump eslint from 5.15.3 to 5.16.0
1046,2019-03-30 07:16:59.000000000,2019-04-06 00:50:50.000000000,closed,2,build(deps-dev): bump typescript from 3.1.3 to 3.4.1
1045,2019-03-29 17:06:10.000000000,2020-02-07 18:10:07.000000000,closed,2,after installing canvas-prebuilt@1 package jest-ts can't parse files
1044,2019-03-29 14:04:55.000000000,2020-01-13 13:14:37.000000000,closed,7,Speed up performance massively with --maxWorkers=1
1043,2019-03-27 03:29:37.000000000,2019-03-28 17:57:52.000000000,closed,1,build(deps): bump semver from 5.6.0 to 5.7.0
1042,2019-03-27 02:17:52.000000000,2020-01-01 20:50:48.000000000,closed,2,support for ambient module declarations (.d.ts typings)
1041,2019-03-26 00:49:10.000000000,2019-03-27 10:47:11.000000000,closed,1,build(deps-dev): bump @types/node from 10.14.3 to 10.14.4
1040,2019-03-25 21:26:02.000000000,2020-01-01 20:54:51.000000000,closed,6,Cannot find module if importing a d.ts
1039,2019-03-23 11:17:55.000000000,1970-01-01 00:00:00.000000001,open,10,Follow Enzyme's solution to version pinning
1038,2019-03-23 02:56:32.000000000,2019-03-25 01:21:52.000000000,closed,1,build(deps-dev): bump @types/node from 10.14.2 to 10.14.3
1037,2019-03-22 10:19:23.000000000,2019-05-01 14:10:40.000000000,closed,3,Global Typescript not loaded by ts-jest
1036,2019-03-22 02:57:05.000000000,2019-03-23 01:41:10.000000000,closed,1,build(deps-dev): bump @types/node from 10.14.1 to 10.14.2
1035,2019-03-21 02:27:03.000000000,2020-02-06 08:02:41.000000000,closed,11,ReferenceError: PointerEvent is not defined
1034,2019-03-21 01:04:30.000000000,2019-03-21 20:43:55.000000000,closed,1,build(deps-dev): bump js-yaml from 3.12.2 to 3.13.0
1033,2019-03-20 08:49:50.000000000,2019-03-30 07:17:03.000000000,closed,2,build(deps-dev): bump typescript from 3.1.3 to 3.3.4000
1032,2019-03-19 03:11:34.000000000,2019-03-20 20:55:41.000000000,closed,1,build(deps-dev): bump @types/yargs from 12.0.9 to 12.0.10
1031,2019-03-18 20:25:26.000000000,2019-03-20 20:54:38.000000000,closed,1,build(deps-dev): bump eslint from 5.15.2 to 5.15.3
1030,2019-03-16 05:43:26.000000000,2019-03-17 02:29:43.000000000,closed,1,build(deps-dev): bump eslint from 5.15.1 to 5.15.2
1029,2019-03-14 02:28:16.000000000,2020-04-28 17:04:44.000000000,closed,14,"Issue with rewire ""Cannot find module"""
1028,2019-03-13 08:11:43.000000000,2019-03-13 18:41:54.000000000,closed,1,build(deps-dev): bump tslint from 5.13.1 to 5.14.0
1027,2019-03-13 03:46:35.000000000,2019-03-13 10:34:53.000000000,closed,1,build(deps-dev): bump @types/node from 10.12.30 to 10.14.1
1026,2019-03-12 23:40:26.000000000,2019-03-13 03:46:39.000000000,closed,2,build(deps-dev): bump @types/node from 10.12.30 to 10.14.0
1025,2019-03-12 22:04:59.000000000,2019-04-02 02:31:22.000000000,closed,2,build(deps-dev): bump jest from 24.1.0 to 24.5.0
1024,2019-03-11 19:08:16.000000000,2019-03-12 22:05:03.000000000,closed,2,build(deps-dev): bump jest from 24.1.0 to 24.4.0
1023,2019-03-09 10:19:14.000000000,2019-03-09 10:25:19.000000000,closed,1,fix(helpers): add second type param to jest.MockInstance
1022,2019-03-08 19:05:59.000000000,2020-01-01 18:32:05.000000000,closed,3,Can't get type name when running with ts-jest
1021,2019-03-08 04:18:59.000000000,2019-03-11 19:08:23.000000000,closed,2,build(deps-dev): bump jest from 24.1.0 to 24.3.1
1020,2019-03-07 18:27:02.000000000,2019-03-08 04:19:02.000000000,closed,2,build(deps-dev): bump jest from 24.1.0 to 24.3.0
1019,2019-03-07 00:52:37.000000000,2019-03-08 18:34:41.000000000,closed,1,build(deps-dev): bump @types/node from 10.12.15 to 10.12.30
1018,2019-03-05 17:57:03.000000000,2019-03-05 18:36:29.000000000,closed,0,Transform coverage for pre-compiled tests
1017,2019-03-05 07:49:08.000000000,2019-03-06 21:53:52.000000000,closed,2,build(deps-dev): bump eslint from 5.14.1 to 5.15.1
1016,2019-03-05 04:48:00.000000000,2019-03-06 21:52:19.000000000,closed,1,build(deps-dev): bump @types/lodash.set from 4.3.4 to 4.3.6
1015,2019-03-05 04:33:59.000000000,2019-03-10 12:52:10.000000000,closed,1,build(deps-dev): bump @types/lodash.merge from 4.6.5 to 4.6.6
1014,2019-03-05 04:33:09.000000000,2019-03-12 11:08:54.000000000,closed,1,build(deps-dev): bump @types/lodash.memoize from 4.1.4 to 4.1.6
1013,2019-03-05 03:18:09.000000000,2019-03-14 19:45:02.000000000,closed,9,feat(config): specify package.json location (#823)
1012,2019-03-04 11:30:04.000000000,2019-03-06 15:29:40.000000000,closed,2,build(deps-dev): bump js-yaml from 3.12.1 to 3.12.2
1011,2019-03-02 07:37:31.000000000,2019-03-05 07:49:12.000000000,closed,2,build(deps-dev): bump eslint from 5.14.1 to 5.15.0
1010,2019-03-02 07:02:13.000000000,2019-03-07 00:52:43.000000000,closed,2,build(deps-dev): bump @types/node from 10.12.15 to 10.12.29
1009,2019-03-02 06:23:34.000000000,2019-03-02 07:02:15.000000000,closed,2,build(deps-dev): bump @types/node from 10.12.15 to 10.12.28
1008,2019-03-02 03:13:24.000000000,2019-03-02 04:12:52.000000000,closed,1,feat(config): specify package.json location (#823)
1007,2019-03-01 22:01:22.000000000,2019-03-06 15:22:32.000000000,closed,1,build(deps-dev): bump lint-staged from 8.1.4 to 8.1.5
1006,2019-03-01 08:01:13.000000000,2019-03-01 15:35:50.000000000,closed,2,build(deps-dev): bump tslint from 5.12.1 to 5.13.1
1005,2019-02-28 22:51:43.000000000,2019-03-02 16:54:39.000000000,closed,0,Can't parse TS files.
1004,2019-02-28 18:44:46.000000000,2019-03-01 15:34:12.000000000,closed,7,Fix type errors in jessidhia/patch-1
1003,2019-02-28 02:47:11.000000000,2019-02-28 10:58:50.000000000,closed,1,fix: update call to globIgnore (#1002)
1002,2019-02-28 00:12:12.000000000,2019-02-28 10:59:11.000000000,closed,3,Unable to build ts-jest locally
1001,2019-02-26 08:06:24.000000000,2019-03-01 15:35:44.000000000,closed,1,build(deps-dev): bump glob-gitignore from 1.0.11 to 1.0.14
1000,2019-02-24 22:39:40.000000000,2019-02-25 17:25:02.000000000,closed,1,Path mappings require baseUrl property
999,2019-02-24 03:07:46.000000000,2019-03-01 08:01:16.000000000,closed,1,build(deps-dev): bump tslint from 5.12.1 to 5.13.0
998,2019-02-23 21:59:05.000000000,2019-10-15 23:46:48.000000000,closed,15,mocked() no longer seems to function correctly
997,2019-02-23 03:18:25.000000000,2019-03-01 15:35:39.000000000,closed,1,build(deps-dev): bump @types/node from 10.12.15 to 10.12.27
996,2019-02-22 03:24:44.000000000,2019-03-01 15:35:33.000000000,closed,1,build(deps-dev): bump typescript from 3.1.3 to 3.3.3333
995,2019-02-21 23:29:20.000000000,2019-03-01 15:35:26.000000000,closed,1,build(deps-dev): bump @types/babel__core from 7.0.4 to 7.1.0
994,2019-02-21 09:53:03.000000000,2019-03-30 23:30:42.000000000,closed,8,Bump @types/jest to 24 and fix the associated typings and tests
993,2019-02-21 05:23:26.000000000,2020-03-21 07:19:51.000000000,closed,5,istanbul-ignore-file comments getting ignored
992,2019-02-21 01:34:45.000000000,2020-03-29 22:21:26.000000000,closed,1,Missing code coverage between ts-jest 23.0.0 -> 23.10.5
991,2019-02-21 01:30:23.000000000,2019-03-30 23:30:42.000000000,closed,1,"TS2314: Generic type 'MockInstance<T, Y>' requires 2 type argument(s)"
990,2019-02-20 10:43:38.000000000,2019-03-01 18:03:08.000000000,closed,4,"memoize-last error ""Jest encountered an unexpected token"""
989,2019-02-19 20:14:46.000000000,2019-02-26 08:06:26.000000000,closed,1,build(deps-dev): bump glob-gitignore from 1.0.11 to 1.0.13
988,2019-02-19 13:05:21.000000000,2019-02-19 13:15:36.000000000,closed,1,ts-jest[versions] (WARN) Version 24.1.0 of jest installed has not been tested with ts-jest.
987,2019-02-19 11:07:05.000000000,2019-03-01 15:35:00.000000000,closed,1,build(deps-dev): bump @types/lodash.set from 4.3.4 to 4.3.5
986,2019-02-19 11:06:56.000000000,2019-03-01 15:35:05.000000000,closed,1,build(deps-dev): bump @commitlint/cli from 7.1.2 to 7.5.2
985,2019-02-19 11:06:38.000000000,2019-02-21 16:12:28.000000000,closed,0,build(deps-dev): bump @types/lodash.merge from 4.6.4 to 4.6.5
984,2019-02-19 11:06:31.000000000,2019-03-01 15:35:20.000000000,closed,2,build(deps): bump resolve from 1.1.7 to 1.10.0
983,2019-02-19 11:06:16.000000000,2019-03-01 15:35:15.000000000,closed,1,build(deps-dev): bump conventional-changelog-cli from 2.0.5 to 2.0.12
982,2019-02-19 11:05:56.000000000,2019-02-21 23:29:25.000000000,closed,1,build(deps-dev): bump @types/babel__core from 7.0.4 to 7.0.5
981,2019-02-19 11:05:44.000000000,2019-03-01 15:34:55.000000000,closed,1,build(deps-dev): bump @types/lodash.memoize from 4.1.4 to 4.1.5
980,2019-02-19 01:55:01.000000000,2019-02-20 01:16:14.000000000,closed,1,Coverage problem 
979,2019-02-18 22:21:20.000000000,2019-02-21 16:15:35.000000000,closed,2,build(deps-dev): bump eslint from 5.14.0 to 5.14.1
978,2019-02-16 15:58:38.000000000,2019-02-16 16:18:19.000000000,closed,5,Fix dependencies
977,2019-02-16 14:02:03.000000000,2019-03-01 17:50:13.000000000,closed,3,Update README.md
976,2019-02-16 03:03:59.000000000,2019-02-16 16:19:47.000000000,closed,1,build(deps-dev): bump eslint from 5.10.0 to 5.14.0
975,2019-02-15 22:04:36.000000000,2019-02-16 01:31:57.000000000,closed,8,jest installed has not been tested with ts-jest warning
974,2019-02-15 15:52:57.000000000,2019-11-10 18:23:07.000000000,closed,2,Uncovered line for *destructuring* spread stmt with variable key
973,2019-02-14 15:45:50.000000000,2019-02-16 13:11:41.000000000,closed,4,fix: support Jest 24
972,2019-02-14 09:00:21.000000000,2019-02-16 15:58:49.000000000,closed,1,build(deps): [security] bump handlebars from 4.0.12 to 4.1.0
971,2019-02-13 05:02:13.000000000,2019-02-16 15:58:52.000000000,closed,1,build(deps-dev): bump @types/node from 10.12.15 to 10.12.26
970,2019-02-12 15:17:52.000000000,2019-11-10 18:26:03.000000000,closed,14,"SyntaxError: Unexpected token export, when import not compiled libraries"
969,2019-02-12 12:35:56.000000000,2019-02-16 03:04:03.000000000,closed,1,build(deps-dev): bump eslint from 5.10.0 to 5.13.0
968,2019-02-12 12:35:45.000000000,2019-02-16 15:58:55.000000000,closed,1,build(deps-dev): bump typescript from 3.1.3 to 3.3.3
967,2019-02-12 12:35:38.000000000,2019-02-16 15:59:04.000000000,closed,1,build(deps-dev): bump @commitlint/config-conventional from 7.1.2 to 7.5.0
966,2019-02-12 12:35:32.000000000,2019-02-13 05:02:15.000000000,closed,1,build(deps-dev): bump @types/node from 10.12.15 to 10.12.25
965,2019-02-12 12:35:06.000000000,2019-02-16 15:59:09.000000000,closed,1,build(deps-dev): bump @types/jest from 23.3.10 to 23.3.14
964,2019-02-07 06:50:05.000000000,2019-02-07 07:09:25.000000000,closed,1,fix typo for npm command in documentation
963,2019-02-01 21:58:55.000000000,2019-03-02 03:24:29.000000000,closed,3,Console Stifled In Watch Mode
962,2019-01-30 16:25:37.000000000,2020-01-01 18:31:19.000000000,closed,2,constant enums are not compiled... again! (v23.10.5)
961,2019-01-28 23:11:58.000000000,1970-01-01 00:00:00.000000001,open,37,What does the new major release of Jest (24) means for this library
960,2019-01-28 20:17:28.000000000,2020-02-05 20:41:20.000000000,closed,17,Update babel getter to work with babel-jest@24
959,2019-01-28 06:07:35.000000000,2019-02-16 13:16:32.000000000,closed,2,pnpnm workspaces and project root
958,2019-01-28 06:02:39.000000000,2019-02-16 13:14:09.000000000,closed,7,Silence jest version warning
957,2019-01-27 00:24:28.000000000,2019-02-19 02:37:51.000000000,closed,50,feat(jest): bump to 24
956,2019-01-19 09:47:03.000000000,2019-02-12 12:35:41.000000000,closed,1,build(deps-dev): bump @commitlint/config-conventional from 7.1.2 to 7.3.1
955,2019-01-19 09:46:27.000000000,2019-02-12 12:35:58.000000000,closed,1,build(deps-dev): bump eslint from 5.10.0 to 5.12.1
954,2019-01-19 09:46:19.000000000,2019-02-12 12:35:46.000000000,closed,1,build(deps-dev): bump typescript from 3.1.3 to 3.2.4
953,2019-01-19 09:46:15.000000000,2019-02-16 15:59:22.000000000,closed,1,build(deps-dev): bump @types/js-yaml from 3.11.2 to 3.12.0
952,2019-01-19 09:46:09.000000000,2019-02-12 12:35:10.000000000,closed,1,build(deps-dev): bump @types/jest from 23.3.10 to 23.3.13
951,2019-01-19 09:25:23.000000000,2019-01-19 09:44:00.000000000,closed,1,Fix nokogiri version to address CVE-2018-14404
950,2019-01-17 14:32:24.000000000,2020-05-19 20:35:46.000000000,closed,9,Quasi-random error when including module copied to node_modules on Linux
949,2019-01-16 22:51:23.000000000,2019-12-31 22:17:41.000000000,closed,3,Diagnostics true causes globals to be unset in tests
948,2019-01-15 22:47:27.000000000,2020-01-01 17:53:57.000000000,closed,2,TypeScript conflict with flow when testing a react-native component
947,2019-01-11 21:10:28.000000000,2019-01-11 21:10:48.000000000,closed,0,Dependabot can't resolve your JavaScript dependency files
946,2019-01-11 21:03:40.000000000,2019-01-19 09:47:05.000000000,closed,1,build(deps-dev): bump @commitlint/config-conventional from 7.1.2 to 7.3.0
945,2019-01-11 10:47:59.000000000,2019-02-16 15:59:13.000000000,closed,1,build(deps-dev): bump tslint from 5.11.0 to 5.12.1
944,2019-01-10 15:11:09.000000000,2019-12-31 20:29:11.000000000,closed,7,[Question]Const enum still not working
943,2019-01-10 15:01:10.000000000,1970-01-01 00:00:00.000000001,open,8,type changes not updated during watch mode
942,2019-01-10 01:01:29.000000000,2019-02-16 13:21:18.000000000,closed,1,Ignore type errors of test files
941,2019-01-09 01:41:07.000000000,2019-12-31 23:16:06.000000000,closed,3,[Question] supported formats for globals['ts-jest'].diagnostics.pathRegex?
940,2019-01-08 19:57:56.000000000,2019-09-09 13:23:23.000000000,closed,12,fix(perf): add cache for fs calls when using language service (#908)
939,2019-01-07 16:32:49.000000000,2019-02-16 13:24:46.000000000,closed,1,script <called from <script> tag is not available while doing jest testing 
938,2019-01-07 00:19:23.000000000,2019-01-19 09:46:11.000000000,closed,1,build(deps-dev): bump @types/jest from 23.3.10 to 23.3.12
937,2019-01-06 02:52:35.000000000,2019-01-24 20:37:27.000000000,closed,21,Jest encountered an unexpected token
936,2019-01-05 22:51:37.000000000,2019-03-01 18:07:39.000000000,closed,3,Document Recommendation for test is files in dist
935,2019-01-05 14:26:38.000000000,2019-02-16 15:59:26.000000000,closed,1,build(deps-dev): bump js-yaml from 3.12.0 to 3.12.1
934,2019-01-05 03:52:21.000000000,2019-12-31 18:14:47.000000000,closed,2,ts-jest causes Babel to throw while generating cache keys
933,2019-01-05 03:20:19.000000000,2019-12-31 15:14:39.000000000,closed,5,ts-jest does not support new Babel 7 Project-wide config file
932,2019-01-05 02:04:52.000000000,2019-01-19 09:46:29.000000000,closed,1,build(deps-dev): bump eslint from 5.10.0 to 5.12.0
931,2018-12-31 21:21:52.000000000,2019-01-07 00:19:26.000000000,closed,1,build(deps-dev): bump @types/jest from 23.3.10 to 23.3.11
930,2018-12-27 06:50:02.000000000,2019-01-05 02:04:54.000000000,closed,1,build(deps-dev): bump eslint from 5.10.0 to 5.11.1
929,2018-12-26 19:52:20.000000000,2020-03-27 20:54:39.000000000,closed,3,allowSyntheticDefaultImports is being forced true
928,2018-12-26 11:53:24.000000000,2019-02-16 15:59:18.000000000,closed,2,build(deps-dev): bump @types/yargs from 12.0.1 to 12.0.4
927,2018-12-26 02:12:38.000000000,2018-12-27 10:41:46.000000000,closed,3,Unable to use ts-jest with JSX
926,2018-12-25 10:28:49.000000000,2018-12-26 11:53:26.000000000,closed,1,build(deps-dev): bump @types/yargs from 12.0.1 to 12.0.3
925,2018-12-23 16:58:44.000000000,1970-01-01 00:00:00.000000001,open,2,Validation of passed options
924,2018-12-23 09:28:55.000000000,2018-12-27 06:50:05.000000000,closed,1,build(deps-dev): bump eslint from 5.10.0 to 5.11.0
923,2018-12-21 12:03:52.000000000,2019-03-01 17:58:30.000000000,closed,2,[Q] How do I set methods and objects on a mocked module?
922,2018-12-21 08:22:27.000000000,2019-01-07 09:00:23.000000000,closed,2,"import ""regenerator-runtime/runtime""; SyntaxError: Unexpected string"
921,2018-12-20 21:37:12.000000000,2019-01-19 09:46:18.000000000,closed,1,build(deps-dev): bump @types/js-yaml from 3.11.2 to 3.11.4
920,2018-12-20 05:26:15.000000000,2018-12-25 10:28:51.000000000,closed,1,build(deps-dev): bump @types/yargs from 12.0.1 to 12.0.2
919,2018-12-19 23:33:13.000000000,2018-12-20 21:37:15.000000000,closed,1,build(deps-dev): bump @types/js-yaml from 3.11.2 to 3.11.3
918,2018-12-19 23:22:31.000000000,2019-02-12 12:35:36.000000000,closed,1,build(deps-dev): bump @types/node from 10.12.15 to 10.12.18
917,2018-12-19 21:52:08.000000000,2020-03-29 14:51:10.000000000,closed,11,Coverage breaks sourcemaps
916,2018-12-19 02:43:10.000000000,2018-12-19 23:22:34.000000000,closed,1,build(deps-dev): bump @types/node from 10.12.15 to 10.12.17
915,2018-12-19 02:12:03.000000000,2018-12-19 02:43:13.000000000,closed,1,build(deps-dev): bump @types/node from 10.12.15 to 10.12.16
914,2018-12-18 16:22:26.000000000,2019-01-11 10:48:02.000000000,closed,1,build(deps-dev): bump tslint from 5.11.0 to 5.12.0
913,2018-12-17 16:55:53.000000000,2019-02-16 13:28:18.000000000,closed,7,Random test failures
912,2018-12-15 03:54:40.000000000,2018-12-15 10:28:00.000000000,closed,1,"how to use ts-jest for typescript library which set module: ""none"" as ts compiler option"
911,2018-12-14 00:27:41.000000000,2018-12-14 14:15:30.000000000,closed,1,build(deps-dev): bump @types/node from 10.12.12 to 10.12.15
910,2018-12-13 04:05:04.000000000,2018-12-14 00:27:42.000000000,closed,2,build(deps-dev): bump @types/node from 10.12.12 to 10.12.14
909,2018-12-13 03:04:35.000000000,2018-12-13 04:05:06.000000000,closed,2,build(deps-dev): bump @types/node from 10.12.12 to 10.12.13
908,2018-12-11 22:27:34.000000000,2020-04-12 20:29:12.000000000,closed,17,ts-jest with cleared cache is reading package.json in node_modules over and over - start takes forever
907,2018-12-10 05:09:06.000000000,2020-01-01 16:34:22.000000000,closed,2,File assets not resolved (import img from './myImage.png';)
906,2018-12-09 01:04:37.000000000,2018-12-11 19:33:13.000000000,closed,6,How to avoid forcing module = commonjs
905,2018-12-08 11:13:25.000000000,2018-12-09 03:24:43.000000000,closed,0,build(deps-dev): bump eslint from 5.9.0 to 5.10.0
904,2018-12-08 06:22:42.000000000,2019-02-16 13:26:22.000000000,closed,14,React-Native: Test suite failed to run Unexpected Token 
903,2018-12-07 23:51:40.000000000,2018-12-07 23:58:06.000000000,closed,6,Can't import *.graphql files in tests
902,2018-12-07 15:46:19.000000000,2019-12-31 20:30:56.000000000,closed,4,Babel option `ignore` breaking for RegExp
901,2018-12-07 06:59:39.000000000,2019-01-19 09:46:21.000000000,closed,2,build(deps-dev): bump typescript from 3.1.3 to 3.2.2
900,2018-12-03 23:34:04.000000000,2018-12-04 12:38:41.000000000,closed,1,build(deps-dev): bump @types/node from 10.12.11 to 10.12.12
899,2018-12-01 20:23:09.000000000,2018-12-13 12:01:35.000000000,closed,2,ts-jest not run typescript test file in monorepo
898,2018-12-01 15:21:05.000000000,2018-12-02 17:36:28.000000000,closed,4,"""Jest encountered an unexpected token"" with React Native setup"
897,2018-11-30 07:34:35.000000000,2018-12-02 02:12:54.000000000,closed,1,build(deps-dev): bump prettier from 1.15.2 to 1.15.3
896,2018-11-30 04:51:09.000000000,2018-12-02 18:48:14.000000000,closed,1,build(deps-dev): bump @types/node from 10.12.10 to 10.12.11
895,2018-11-30 00:04:28.000000000,2018-12-07 06:59:41.000000000,closed,2,build(deps-dev): bump typescript from 3.1.3 to 3.2.1
894,2018-11-29 23:44:24.000000000,2018-11-30 13:13:45.000000000,closed,1,AMD Module Directives Break Imports
893,2018-11-29 22:48:49.000000000,2018-11-30 03:09:49.000000000,closed,1,build(deps-dev): bump @types/babel__core from 7.0.2 to 7.0.4
892,2018-11-28 22:16:11.000000000,2018-12-02 19:44:22.000000000,closed,1,build(deps-dev): bump @types/jest from 23.3.8 to 23.3.10
891,2018-11-28 20:59:32.000000000,2018-11-29 22:48:52.000000000,closed,2,build(deps-dev): bump @types/babel__core from 7.0.2 to 7.0.3
890,2018-11-27 19:42:49.000000000,2018-11-30 03:11:25.000000000,closed,2,build(deps-dev): bump tslint-config-prettier from 1.16.0 to 1.17.0
889,2018-11-27 12:59:12.000000000,2018-11-29 10:25:02.000000000,closed,15,ts-jest cant find jest typings
888,2018-11-26 03:35:23.000000000,2018-11-26 11:56:46.000000000,closed,6,ts-jest cant find jest typings
887,2018-11-25 06:28:35.000000000,2018-11-25 17:00:39.000000000,closed,2,Update README.md
886,2018-11-24 18:57:15.000000000,2018-11-26 02:35:00.000000000,closed,1,build(deps-dev): bump npm-run-all from 4.1.3 to 4.1.5
885,2018-11-24 16:50:34.000000000,2018-11-24 18:57:17.000000000,closed,2,build(deps-dev): bump npm-run-all from 4.1.3 to 4.1.4
884,2018-11-21 23:03:28.000000000,2020-01-01 16:58:58.000000000,closed,15,TypeError: Cannot read property 'configure' of undefined
883,2018-11-21 21:33:38.000000000,2018-11-22 01:54:32.000000000,closed,1,build(deps-dev): bump @types/node from 10.12.0 to 10.12.10
882,2018-11-21 19:24:05.000000000,2018-11-22 01:56:30.000000000,closed,2,build(deps-dev): bump lint-staged from 8.0.4 to 8.1.0
881,2018-11-20 18:37:49.000000000,2018-11-29 09:38:54.000000000,closed,3,"""SyntaxError: Unexpected token export"" when using TS dependency from node_modules"
880,2018-11-20 16:00:20.000000000,2018-11-29 09:33:04.000000000,closed,6,Add missing jest-config dependency
879,2018-11-20 01:16:54.000000000,2018-11-27 00:02:20.000000000,closed,5,Cannot find module 'setupDevtools' from 'setup.js'
878,2018-11-19 10:40:07.000000000,2019-02-16 15:59:54.000000000,closed,3,build(deps): bump resolve from 1.1.7 to 1.8.1
877,2018-11-18 03:17:38.000000000,2019-02-16 13:32:00.000000000,closed,1,[Immutable-JS] Type errors using OrderedMap in test files
876,2018-11-18 00:26:19.000000000,2018-11-21 19:24:07.000000000,closed,2,build(deps-dev): bump lint-staged from 8.0.4 to 8.0.5
875,2018-11-17 23:07:50.000000000,2018-11-18 07:52:23.000000000,closed,1,"Absolute Module Resolution Not Working with modulePaths - ""Cannot find module"""
874,2018-11-17 16:40:14.000000000,2018-11-22 17:29:18.000000000,closed,3,chore(release): 23.10.5
873,2018-11-16 12:14:01.000000000,2018-11-22 17:38:05.000000000,closed,2,build(deps): [security] bump merge from 1.2.0 to 1.2.1
872,2018-11-16 04:02:50.000000000,2018-11-22 11:10:09.000000000,closed,1,build(deps-dev): bump @types/babel__core from 7.0.1 to 7.0.2
871,2018-11-16 01:49:20.000000000,2018-11-21 21:33:42.000000000,closed,2,build(deps-dev): bump @types/node from 10.12.5 to 10.12.9
870,2018-11-15 16:39:33.000000000,2018-11-29 09:43:27.000000000,closed,2,Is declaration merging really not supported by babel?
869,2018-11-15 07:11:08.000000000,2018-11-16 01:49:22.000000000,closed,2,build(deps-dev): bump @types/node from 10.12.5 to 10.12.8
868,2018-11-14 09:50:28.000000000,2018-11-15 01:30:47.000000000,closed,2,"TypeScript config ""strict"" option not respected"
867,2018-11-14 00:16:42.000000000,2018-11-15 07:11:10.000000000,closed,2,build(deps-dev): bump @types/node from 10.12.5 to 10.12.7
866,2018-11-13 12:10:38.000000000,2018-11-22 01:56:18.000000000,closed,2,build(deps-dev): bump tslint-config-prettier from 1.15.0 to 1.16.0
865,2018-11-13 04:56:29.000000000,2018-11-14 00:16:45.000000000,closed,2,build(deps-dev): bump @types/node from 10.12.5 to 10.12.6
864,2018-11-10 22:13:47.000000000,2018-11-16 12:11:29.000000000,closed,2,build(deps-dev): bump prettier from 1.15.1 to 1.15.2
863,2018-11-10 11:33:39.000000000,2018-11-10 13:38:05.000000000,closed,1,build(deps): bump bs-logger from 0.2.5 to 0.2.6
862,2018-11-10 11:32:23.000000000,2018-11-10 13:36:29.000000000,closed,1,Upgrade packages
861,2018-11-10 03:34:23.000000000,2018-11-10 13:38:46.000000000,closed,1,build(deps-dev): bump @types/node from 10.12.0 to 10.12.5
860,2018-11-09 23:41:04.000000000,2018-11-10 13:37:56.000000000,closed,1,build(deps-dev): bump eslint from 5.8.0 to 5.9.0
859,2018-11-09 21:57:50.000000000,2018-11-10 03:34:26.000000000,closed,1,build(deps-dev): bump @types/node from 10.12.0 to 10.12.4
858,2018-11-07 22:06:07.000000000,2018-11-09 21:57:53.000000000,closed,1,build(deps-dev): bump @types/node from 10.12.0 to 10.12.3
857,2018-11-07 18:27:00.000000000,2018-11-10 13:38:03.000000000,closed,1,build(deps-dev): bump fs-extra from 7.0.0 to 7.0.1
856,2018-11-07 07:26:57.000000000,2018-11-10 13:38:23.000000000,closed,1,build(deps-dev): bump prettier from 1.14.3 to 1.15.1
855,2018-11-07 06:13:49.000000000,2018-11-07 07:26:59.000000000,closed,1,build(deps-dev): bump prettier from 1.14.3 to 1.15.0
854,2018-11-07 03:53:38.000000000,2018-11-22 17:57:16.000000000,closed,8,ts-jest can't import jest-config if the node_modules directory isn't flattened
853,2018-11-06 07:08:13.000000000,2018-11-16 12:10:14.000000000,closed,14,More safely resolve 'jest-config'.
852,2018-11-06 05:10:21.000000000,2018-11-06 14:34:47.000000000,closed,1,ts-jest assumes it is an immediate dependency of the project being tested
851,2018-11-06 01:12:20.000000000,2018-11-06 04:52:19.000000000,closed,5,ts-jest ignores .d.ts files for imported packages
850,2018-11-05 17:15:42.000000000,2018-11-06 12:02:00.000000000,closed,3,Fix security vulnerability
849,2018-11-05 12:47:56.000000000,2018-11-05 13:19:54.000000000,closed,1,Fix wrong value in package.json example
848,2018-11-02 21:09:26.000000000,2018-11-03 09:02:55.000000000,closed,2,Minor Typo Fix
847,2018-11-02 01:01:12.000000000,2018-11-10 13:38:23.000000000,closed,1,build(deps-dev): bump typescript from 3.1.3 to 3.1.6
846,2018-11-01 21:44:12.000000000,2018-11-07 22:06:11.000000000,closed,1,build(deps-dev): bump @types/node from 10.12.0 to 10.12.2
845,2018-11-01 19:55:21.000000000,2020-04-13 11:45:52.000000000,closed,17,ts-jest 23.xx.xx never finishes during CI tests but 22.xx.xx does
844,2018-11-01 10:47:59.000000000,2018-11-10 13:38:28.000000000,closed,1,build(deps-dev): bump conventional-changelog-cli from 2.0.5 to 2.0.11
843,2018-11-01 10:44:49.000000000,2018-11-01 10:48:01.000000000,closed,1,build(deps-dev): bump conventional-changelog-cli from 2.0.5 to 2.0.10
842,2018-11-01 10:39:00.000000000,2018-11-01 10:44:43.000000000,closed,0,Dependabot can't resolve your JavaScript dependency files
841,2018-11-01 00:34:15.000000000,2018-11-02 01:01:15.000000000,closed,1,build(deps-dev): bump typescript from 3.1.3 to 3.1.5
840,2018-10-31 03:13:26.000000000,2018-10-31 03:48:21.000000000,closed,1,Tests pass locally but fail on Travis CI
839,2018-10-30 23:57:46.000000000,2018-11-10 13:37:56.000000000,closed,1,build(deps-dev): bump @types/jest from 23.3.8 to 23.3.9
838,2018-10-30 01:53:15.000000000,2018-11-01 00:34:18.000000000,closed,1,build(deps-dev): bump typescript from 3.1.3 to 3.1.4
837,2018-10-30 00:33:13.000000000,2018-10-30 10:07:25.000000000,closed,3,build(deps-dev): bump lint-staged from 7.3.0 to 8.0.2
836,2018-10-30 00:25:02.000000000,2018-10-30 00:33:16.000000000,closed,2,build(deps-dev): bump lint-staged from 7.3.0 to 8.0.1
835,2018-10-29 21:51:23.000000000,2018-11-01 21:44:15.000000000,closed,1,build(deps-dev): bump @types/node from 10.12.0 to 10.12.1
834,2018-10-29 17:30:42.000000000,2018-10-29 17:52:45.000000000,closed,3,Update doc to use `tsConfigFile`
833,2018-10-29 14:32:09.000000000,2018-10-30 00:25:05.000000000,closed,2,build(deps-dev): bump lint-staged from 7.3.0 to 8.0.0
832,2018-10-28 20:10:11.000000000,2018-10-30 11:06:04.000000000,closed,1,build(deps-dev): bump tslint-plugin-prettier from 2.0.0 to 2.0.1
831,2018-10-28 01:52:59.000000000,2018-10-28 08:45:03.000000000,closed,1,build(deps-dev): bump @types/jest from 23.3.7 to 23.3.8
830,2018-10-27 00:27:15.000000000,2018-10-27 07:50:29.000000000,closed,1,Update index.md
829,2018-10-26 20:24:30.000000000,2018-10-26 20:46:10.000000000,closed,3,build(deps-dev): bump eslint from 5.7.0 to 5.8.0
828,2018-10-25 18:49:57.000000000,2018-10-28 08:46:36.000000000,closed,14,Array.flat() is not a function
827,2018-10-23 19:30:00.000000000,2018-10-23 19:40:05.000000000,closed,2,How to disable ts-jest TypeScript diagnostics?
826,2018-10-23 19:25:36.000000000,2018-10-23 22:55:14.000000000,closed,1,sourcemaps not quite working: lerna+typescript 3 project references
825,2018-10-23 10:57:28.000000000,2019-08-19 11:00:06.000000000,closed,13,TSC resolves symlinks but ts-jest does not
824,2018-10-23 00:46:32.000000000,2018-10-23 11:04:27.000000000,closed,1,build(deps-dev): bump @types/jest from 23.3.5 to 23.3.7
823,2018-10-21 16:50:37.000000000,2019-10-28 00:07:51.000000000,closed,9,Cannot find package root when ts-jest is symlinked instead of being installed
822,2018-10-20 21:07:34.000000000,2018-10-21 06:02:06.000000000,closed,5,Disable type checking?
821,2018-10-20 17:00:41.000000000,2018-10-20 21:52:55.000000000,closed,9,Tests run even though there are compile errors
820,2018-10-20 14:24:01.000000000,2019-03-01 17:54:43.000000000,closed,1,Jest erases logger messages
819,2018-10-18 05:39:08.000000000,2018-10-23 11:06:13.000000000,closed,2,build(deps-dev): bump glob-gitignore from 1.0.9 to 1.0.11
818,2018-10-17 22:22:45.000000000,2018-12-16 22:12:24.000000000,closed,12,Branch coverage is wrong for angular projects with Jest
817,2018-10-17 08:29:56.000000000,2018-10-17 08:33:52.000000000,closed,10, ts-jest@22.0.1  is not working with typescript: 3.x.x and jest: 23.x.x
816,2018-10-16 15:19:40.000000000,2018-10-18 05:39:10.000000000,closed,1,build(deps-dev): bump glob-gitignore from 1.0.9 to 1.0.10
815,2018-10-16 04:14:47.000000000,2018-10-16 04:41:31.000000000,closed,6,Can not load `.graphql` file after 23.x.x
814,2018-10-16 03:12:14.000000000,2018-10-16 09:28:51.000000000,closed,1,build(deps-dev): bump @types/node from 10.11.7 to 10.12.0
813,2018-10-15 10:19:36.000000000,2018-10-16 07:22:37.000000000,closed,1,build(deps-dev): bump eslint from 5.6.1 to 5.7.0
812,2018-10-12 10:37:08.000000000,2020-04-22 12:45:43.000000000,closed,2,[todo] try and move windows tests from AppVeyor to TravisCI
811,2018-10-12 03:25:20.000000000,2018-10-12 06:01:40.000000000,closed,3,build(deps-dev): bump typescript from 3.1.2 to 3.1.3
810,2018-10-11 23:59:40.000000000,2018-10-12 05:30:40.000000000,closed,2,build: hide package-lock file for better diff
809,2018-10-11 22:53:55.000000000,2018-11-10 13:37:51.000000000,closed,2,build(deps-dev): bump @commitlint/cli from 7.1.2 to 7.2.1
808,2018-10-11 15:54:46.000000000,2018-10-11 16:26:31.000000000,closed,2,Fix typo
807,2018-10-11 03:56:49.000000000,2018-10-11 07:39:18.000000000,closed,1,build(deps): bump semver from 5.5.1 to 5.6.0
806,2018-10-10 21:44:34.000000000,2018-10-11 08:09:45.000000000,closed,3,build(deps-dev): bump @types/node from 10.11.6 to 10.11.7
805,2018-10-10 13:27:11.000000000,2020-01-01 16:41:24.000000000,closed,12,Curious behavior with --no-cache option and ts imports from node_modules
804,2018-10-10 02:27:52.000000000,2018-10-10 10:12:44.000000000,closed,3,build(deps-dev): bump typescript from 3.1.1 to 3.1.2
803,2018-10-09 23:07:44.000000000,2018-10-09 23:45:04.000000000,closed,3,build(deps-dev): bump @types/node from 10.11.5 to 10.11.6
802,2018-10-09 22:20:22.000000000,2018-10-09 22:41:33.000000000,closed,3,build(deps-dev): bump @types/jest from 23.3.4 to 23.3.5
801,2018-10-09 03:48:29.000000000,2018-10-09 03:53:28.000000000,closed,1,Use package.json jsnext:main/module instead of main field
800,2018-10-09 02:16:56.000000000,2018-10-09 02:43:04.000000000,closed,3,build(deps-dev): bump @types/node from 10.11.4 to 10.11.5
799,2018-10-08 22:44:45.000000000,2018-10-08 23:15:22.000000000,closed,3,build(deps-dev): bump @types/jest from 23.3.3 to 23.3.4
798,2018-10-08 16:01:36.000000000,2018-10-08 19:20:45.000000000,closed,5,Disable TS diagnostics for the test cases not being run
797,2018-10-07 22:46:33.000000000,2019-03-01 17:53:14.000000000,closed,11,Recommend in the doc usage of tsconfig.json and tsconfig.build.json
795,2018-10-06 16:31:53.000000000,2018-10-06 18:43:42.000000000,closed,4,chore(release): 23.10.4
794,2018-10-06 16:09:44.000000000,2018-10-06 16:19:47.000000000,closed,1,Fix preset typings
793,2018-10-06 08:39:49.000000000,2018-10-06 16:09:49.000000000,closed,3,fix(typings): typo in presets definition file
792,2018-10-06 08:15:11.000000000,2018-10-06 10:08:28.000000000,closed,4,fix(typings): typo in presets definition file
791,2018-10-05 16:18:06.000000000,2018-10-11 22:53:57.000000000,closed,5,build(deps-dev): bump @commitlint/cli from 7.1.2 to 7.2.0
790,2018-10-04 09:31:58.000000000,2018-10-04 10:25:16.000000000,closed,3,build(deps-dev): bump @types/node from 10.11.3 to 10.11.4
789,2018-10-04 09:31:26.000000000,2018-10-04 09:54:27.000000000,closed,3,build(deps-dev): bump @types/jest from 23.3.2 to 23.3.3
788,2018-10-03 15:13:32.000000000,2018-10-05 15:50:54.000000000,closed,8,compiled js files are contained in test run because default testMatch has js files in glob
787,2018-10-03 13:25:55.000000000,2018-10-06 15:33:54.000000000,closed,1,Fix testing utils & cache digest & docs related to presets
786,2018-10-03 10:29:32.000000000,2018-10-06 15:33:56.000000000,closed,2,Missing install of @types/jest in set up documentation
785,2018-10-03 01:09:58.000000000,2018-10-06 15:33:56.000000000,closed,5,adding @type/xxx dependency does not clear the cache
784,2018-10-02 00:19:05.000000000,2018-10-02 09:04:08.000000000,closed,11,Cannot rely on version of `babel` being loaded
783,2018-10-01 21:29:55.000000000,2018-10-01 21:33:57.000000000,closed,14,Jest-config is missing as a dependency in package.json
782,2018-10-01 20:46:47.000000000,2018-10-06 15:33:56.000000000,closed,1,`mocked` helper function implicitly requires config / dependencies
781,2018-10-01 09:36:23.000000000,2018-10-01 09:54:19.000000000,closed,3,build(deps-dev): bump @types/node from 10.11.2 to 10.11.3
780,2018-09-30 18:36:49.000000000,2018-09-30 21:02:14.000000000,closed,6,enums are undefined after upgrade from 23.0.1 to 23.10.2
779,2018-09-30 14:27:39.000000000,2018-09-30 14:39:58.000000000,closed,1,23.10.3
778,2018-09-30 13:43:14.000000000,2018-09-30 14:05:10.000000000,closed,7,Encoded text is not recognized as Unit8Array.
777,2018-09-29 21:06:54.000000000,2018-09-29 21:08:45.000000000,closed,11,setting esModuleInterop=true due to 23.10.1 version makes my code unnessesary bigger
776,2018-09-29 06:15:32.000000000,2018-09-29 07:03:14.000000000,closed,1,Update jekyll from 3.7.3 to 3.7.4 (security)
775,2018-09-28 23:47:08.000000000,2018-09-29 05:56:52.000000000,closed,1,use semver >= v5.5.0 so semver.coerce is there
774,2018-09-28 14:36:52.000000000,2018-09-28 18:23:01.000000000,closed,1,Adds mocked test helper for jest.mock typings
773,2018-09-28 09:37:14.000000000,2018-09-28 10:43:01.000000000,closed,3,build(deps): bump json5 from 2.0.1 to 2.1.0
772,2018-09-28 09:36:59.000000000,2018-09-29 06:32:56.000000000,closed,3,build(deps-dev): bump typescript from 3.0.3 to 3.1.1
771,2018-09-28 09:36:29.000000000,2018-09-28 09:55:45.000000000,closed,3,build(deps-dev): bump @types/node from 10.11.0 to 10.11.2
770,2018-09-27 19:15:22.000000000,2018-09-28 08:45:35.000000000,closed,12,Test global modules
769,2018-09-27 11:27:55.000000000,2018-09-28 08:43:47.000000000,closed,1,Lock husky version & uses `latest` instead of `*`
768,2018-09-27 10:27:03.000000000,2018-09-28 09:26:04.000000000,closed,1,fix(compiler): do not force module kind if piping babel
767,2018-09-27 09:05:53.000000000,2018-09-28 09:26:04.000000000,closed,1,Have a way to skip typescript's module transform
766,2018-09-26 20:19:40.000000000,2020-04-19 18:45:56.000000000,closed,34,Compiler options not working as expected when using project references
765,2018-09-26 19:23:03.000000000,2018-09-26 19:33:25.000000000,closed,8,Suggestion: automatically ignore `compilerOptions.outDir`
764,2018-09-26 13:59:10.000000000,2018-09-26 17:38:01.000000000,closed,1,23.10.2
763,2018-09-26 11:56:20.000000000,2018-09-26 12:32:12.000000000,closed,1,Fixes wrong error message when a module exists but fails loading
762,2018-09-26 09:56:43.000000000,2018-09-27 11:30:08.000000000,closed,4,build(deps-dev): bump husky from 0.14.3 to 1.0.0
761,2018-09-26 09:04:47.000000000,2018-09-26 09:25:54.000000000,closed,1,Source mapping sounds to be wrong when coverage is enabled
760,2018-09-25 20:48:45.000000000,2018-09-26 12:13:29.000000000,closed,3,Custom compiler config does not seems to be taken in account
759,2018-09-25 09:20:01.000000000,2018-09-25 09:38:16.000000000,closed,3,build(deps-dev): bump @types/node from 10.10.3 to 10.11.0
758,2018-09-25 06:16:38.000000000,2018-09-25 06:20:24.000000000,closed,8,ts-jest[cli] (FATAL) Cannot find module 'jest-config'
757,2018-09-25 01:31:01.000000000,2018-09-26 08:19:08.000000000,closed,1,testMatch and testRegex + presets
756,2018-09-24 21:23:17.000000000,2018-09-26 08:19:08.000000000,closed,3,config:migrate results in error message
755,2018-09-24 17:44:59.000000000,2018-09-24 20:11:47.000000000,closed,1,Don't require inner tsconfigs
754,2018-09-24 10:30:01.000000000,2018-09-24 10:46:47.000000000,closed,4,build(deps-dev): bump @types/node from 10.10.1 to 10.10.3
753,2018-09-23 01:22:01.000000000,2018-09-25 07:03:07.000000000,closed,1,Module warning => message not throwing
752,2018-09-22 23:16:19.000000000,2018-09-23 00:17:48.000000000,closed,9,Cannot run Jest tests with Inversify
751,2018-09-22 14:01:32.000000000,2018-09-22 16:01:45.000000000,closed,1,Fix cache collisions
750,2018-09-22 11:25:26.000000000,2018-09-22 11:52:06.000000000,closed,4,Coverage shows 0% if there are no moduleFileExtensions
749,2018-09-22 08:41:18.000000000,2018-09-22 16:01:45.000000000,closed,0,"possible cache collisions when using a tsConfig file with ""extends"""
748,2018-09-21 16:25:38.000000000,2018-09-25 07:03:07.000000000,closed,5,module: esnext triggers the module warning diagnostic
747,2018-09-21 11:01:54.000000000,2018-09-21 17:29:22.000000000,closed,2,"Emit declaration files, filtering out internals"
746,2018-09-21 09:46:12.000000000,2018-09-21 10:03:11.000000000,closed,3,build(deps-dev): bump lint-staged from 7.2.2 to 7.3.0
745,2018-09-21 09:01:36.000000000,2018-09-21 17:29:22.000000000,closed,6,declaration files are not emitted
744,2018-09-21 04:05:47.000000000,2018-09-21 07:59:50.000000000,closed,7,last upgrade to 23.10.1 breaks tests
743,2018-09-20 23:48:04.000000000,2018-09-21 00:04:04.000000000,closed,1,23.10.1
742,2018-09-20 23:04:24.000000000,2018-09-20 23:42:10.000000000,closed,1,Fixes no JS compilation thru TS with allowJs
741,2018-09-20 22:09:30.000000000,2018-09-20 23:24:34.000000000,closed,1,Fixes paths in coverage on Windows
740,2018-09-20 18:33:58.000000000,2018-09-20 23:42:10.000000000,closed,14,Regression: no typescript transformation/compilation possible for JavaScript files any more
739,2018-09-20 13:53:00.000000000,2019-03-01 15:36:32.000000000,closed,13,[wip] adds warning about semver and links in postinstall
738,2018-09-20 13:24:22.000000000,2019-03-01 18:03:41.000000000,closed,19,no SemVer warning
737,2018-09-20 12:51:26.000000000,2018-09-20 15:54:21.000000000,closed,1,test failed when import * as X from 'Y'
736,2018-09-20 12:29:22.000000000,2018-09-20 15:54:21.000000000,closed,1,warn instead of forcing ESM interoperability
735,2018-09-19 21:32:07.000000000,2018-09-19 22:03:59.000000000,closed,1,chore(release): 23.10.0
734,2018-09-19 20:40:18.000000000,2018-09-19 20:48:53.000000000,closed,1,improves AppVeyor's config a bit
733,2018-09-19 19:24:24.000000000,2018-09-19 20:12:04.000000000,closed,1,Fix test snap & lint config
732,2018-09-19 17:28:08.000000000,2018-09-19 18:46:52.000000000,closed,0,do not use snapshots for pkg versions
731,2018-09-19 17:06:14.000000000,2018-09-19 19:32:08.000000000,closed,3,build(deps-dev): bump tslint-plugin-prettier from 1.3.0 to 2.0.0
730,2018-09-19 17:04:27.000000000,2018-09-19 18:40:43.000000000,closed,3,build(deps-dev): bump @types/node from 10.9.4 to 10.10.1
729,2018-09-19 17:01:48.000000000,2018-09-19 18:13:37.000000000,closed,3,build(deps-dev): bump prettier from 1.14.2 to 1.14.3
728,2018-09-19 17:01:04.000000000,2018-09-19 17:29:41.000000000,closed,3,build(deps-dev): bump @types/yargs from 11.1.1 to 12.0.0
727,2018-09-19 14:14:34.000000000,2020-04-22 12:54:00.000000000,closed,9,document the use of source-map-support/register in a project' source files
726,2018-09-19 10:02:38.000000000,2018-09-19 12:05:42.000000000,closed,1,Remove troubleshooting link & use short slack URL
725,2018-09-17 14:32:12.000000000,2018-09-19 09:36:38.000000000,closed,1,Update @types/node to the latest version ðŸš€
724,2018-09-17 12:13:24.000000000,2018-09-18 17:36:35.000000000,closed,1,[beta] warns the user if jest config transform matches js files without allowJs in tsconfig
723,2018-09-17 11:58:36.000000000,2018-09-19 09:36:38.000000000,closed,1,Update @types/yargs to the latest version ðŸš€
722,2018-09-17 04:34:20.000000000,2018-09-17 06:40:11.000000000,closed,2,Update Issue Template with new TS_JEST_LOG variable
721,2018-09-17 04:18:42.000000000,2018-09-17 07:15:05.000000000,closed,2,[beta] ts-jest doesn't find setupFiles correctly
720,2018-09-16 20:23:52.000000000,2018-09-18 17:11:45.000000000,closed,1,[beta] Updates E2E dependencies in templates
719,2018-09-16 11:57:06.000000000,2018-09-18 17:10:51.000000000,closed,1,[beta] explain limitations when using babel-ts over ts
718,2018-09-15 19:28:16.000000000,2018-09-19 09:19:39.000000000,closed,1,23.10.0
717,2018-09-14 14:07:54.000000000,2018-09-15 17:09:39.000000000,closed,6,[beta] Improving coverage
716,2018-09-14 04:03:33.000000000,2018-09-15 00:33:06.000000000,closed,0,Update react to the latest version ðŸš€
715,2018-09-13 11:10:16.000000000,2018-09-13 16:48:04.000000000,closed,1,[beta] adds React Native docs
714,2018-09-12 21:51:57.000000000,2018-09-13 10:01:39.000000000,closed,1,[beta] fixes instrumentation & adds e2e tests for coverage
713,2018-09-12 19:34:59.000000000,2018-09-13 11:14:12.000000000,closed,1,[beta] cannot collect coverage with babel@7
712,2018-09-12 09:57:52.000000000,2018-09-19 21:45:44.000000000,closed,1,An in-range update of babel7 is breaking the build ðŸš¨
711,2018-09-11 19:13:30.000000000,2018-09-11 22:00:02.000000000,closed,1,Beta docfix
710,2018-09-11 19:05:32.000000000,2018-09-11 19:13:45.000000000,closed,0,Beta docfix
709,2018-09-11 18:06:18.000000000,2018-09-20 12:31:26.000000000,closed,2,fix: flush logs even if `preprocess` throws
708,2018-09-11 07:21:20.000000000,2018-09-11 10:40:01.000000000,closed,0,Update @types/react to the latest version ðŸš€
707,2018-09-10 16:40:23.000000000,2018-09-11 18:12:42.000000000,closed,1,[beta] option to not fail on first error/diagnostic & improve coverage
706,2018-09-10 10:12:27.000000000,2018-09-10 10:22:09.000000000,closed,0,doc: minor updates to the config docs
705,2018-09-09 10:15:58.000000000,2018-09-10 09:32:06.000000000,closed,0,[beta] improves ci + coveralls
704,2018-09-08 22:05:36.000000000,2018-09-10 09:30:56.000000000,closed,0,[beta] updates peers & merge master
703,2018-09-08 12:19:54.000000000,2018-09-08 16:48:28.000000000,closed,0,[beta] Use the proper way of mutating a node in a transformer
702,2018-09-08 10:37:15.000000000,2018-09-08 16:42:32.000000000,closed,0,adds links to slack and beta in readme (master)
701,2018-09-07 15:54:26.000000000,2018-09-12 09:59:51.000000000,closed,1,[wip][beta] doc updates & CI filtering fixes
700,2018-09-06 22:53:08.000000000,2018-09-09 13:15:01.000000000,closed,0,Update react to the latest version ðŸš€
699,2018-09-06 20:41:52.000000000,2018-09-06 23:46:55.000000000,closed,7,"TS, lerna monorepo and ts-jest@beta Error: Unable to compile TypeScript Module was resolved to 'index.tsx', but '--jsx' is not set."
698,2018-09-04 14:23:20.000000000,2018-09-04 14:26:31.000000000,closed,2,imported package to be 'undefined'
697,2018-09-01 15:59:43.000000000,2018-09-19 21:44:55.000000000,closed,1,[beta] roadmap to next version (probably 23.10.0)
696,2018-08-30 21:34:40.000000000,2018-08-31 19:57:55.000000000,closed,0,Update @types/node to the latest version ðŸš€
695,2018-08-30 02:12:54.000000000,2018-08-30 10:00:49.000000000,closed,0,Update @types/react to the latest version ðŸš€
694,2018-08-29 07:13:56.000000000,2018-08-29 10:04:20.000000000,closed,0,Update @types/node to the latest version ðŸš€
693,2018-08-28 12:47:16.000000000,2018-08-29 15:28:02.000000000,closed,7,Fix for #691
692,2018-08-27 11:19:47.000000000,2018-09-10 09:15:40.000000000,closed,7,"test: when diagnostics are enabled, importing .graphql files throws error"
691,2018-08-27 02:00:58.000000000,2018-08-29 15:29:00.000000000,closed,5,TypeScript does not require config file but ts-jest throws error if it's not present
690,2018-08-26 22:19:19.000000000,2018-08-26 22:51:59.000000000,closed,0,Update @types/react to the latest version ðŸš€
689,2018-08-25 09:39:59.000000000,2018-08-25 15:51:50.000000000,closed,0,Update @types/node to the latest version ðŸš€
688,2018-08-24 11:07:31.000000000,2018-08-24 12:38:47.000000000,closed,0,chore(package): update @types/node to version 10.9.1
687,2018-08-23 22:31:18.000000000,2018-08-24 11:07:51.000000000,closed,2,Update @types/node to the latest version ðŸš€
686,2018-08-23 07:47:16.000000000,2018-08-23 10:47:36.000000000,closed,9,A function that is passed a string enum actually gets the string value
685,2018-08-21 15:14:36.000000000,2018-08-21 15:21:05.000000000,closed,3,Failed migration 22.0.3 -> 23.1.4
684,2018-08-21 10:00:06.000000000,2018-09-19 21:44:55.000000000,closed,8,Select babel version with option
683,2018-08-20 22:16:39.000000000,2018-08-20 22:53:35.000000000,closed,0,Bump version to 23.1.4
682,2018-08-18 18:50:15.000000000,2018-08-18 19:30:16.000000000,closed,6,"TypeError with create-react-app, react-app-rewire-ts-jest and ts-jest 23.1.3"
681,2018-08-18 09:57:27.000000000,2018-09-19 13:02:23.000000000,closed,3,Add `allowJs` explanation to README
680,2018-08-16 13:08:07.000000000,2018-08-16 13:24:50.000000000,closed,2,Transpiler omits required modules when they are used to call the super constructor
679,2018-08-14 21:45:53.000000000,2018-08-20 12:49:26.000000000,closed,26, Make diagnostics only on test files
678,2018-08-14 21:21:47.000000000,2018-09-01 22:26:08.000000000,closed,1,Should ts-jest only report the type errors in test code?
677,2018-08-14 17:53:39.000000000,2018-08-14 18:29:58.000000000,closed,7,Function arrow name property.
676,2018-08-14 06:55:03.000000000,2018-08-16 19:38:57.000000000,closed,1,Update @types/react to the latest version ðŸš€
675,2018-08-14 06:46:14.000000000,2018-08-18 00:53:59.000000000,closed,1,Update @types/node to the latest version ðŸš€
674,2018-08-13 19:21:52.000000000,2018-09-19 21:46:31.000000000,closed,8,babel-jest was added to the peer dependencies list
673,2018-08-12 21:15:35.000000000,2018-08-12 21:19:09.000000000,closed,3,SyntaxError: Unexpected string for React Native components that use typeorm/browser 
672,2018-08-11 06:12:39.000000000,2018-08-13 10:09:28.000000000,closed,0,Update @types/node to the latest version ðŸš€
671,2018-08-10 05:24:31.000000000,2018-08-10 20:00:40.000000000,closed,0,Update @types/react to the latest version ðŸš€
670,2018-08-09 00:36:19.000000000,2018-08-09 00:53:24.000000000,closed,6,"Problem with version (one of: ts-jest, typescript, @types/jest) "
669,2018-08-08 15:04:17.000000000,2018-09-19 21:44:55.000000000,closed,11,Troubles using it with TS3 and composite project
668,2018-08-08 13:19:47.000000000,2018-09-19 21:44:54.000000000,closed,11,skibBabel flag make all coverage to 0%
667,2018-08-07 03:12:26.000000000,2018-08-09 16:28:16.000000000,closed,0,Update @types/react to the latest version ðŸš€
666,2018-08-07 03:05:18.000000000,2018-08-09 18:42:59.000000000,closed,0,Update @types/node to the latest version ðŸš€
665,2018-08-07 00:06:18.000000000,2018-08-20 12:08:02.000000000,closed,30,Support JSON5 format for parsing .babelrc configuration file
664,2018-08-06 16:18:32.000000000,2020-05-01 13:23:09.000000000,closed,13,Configure travis to publish a version to npm once it's tagged here + gh-pages
663,2018-08-06 16:11:40.000000000,2020-03-27 01:00:56.000000000,closed,3,Narrow babel versions on which to apply the hack for babel 6 once it will be fixed there
662,2018-08-06 08:07:15.000000000,2018-09-19 21:44:54.000000000,closed,12,Coverage is broken with 23.1.2 works with 23.0.1
661,2018-08-05 20:00:20.000000000,2018-08-05 20:52:56.000000000,closed,4,Feature req: Add static functions for mock functions.
660,2018-08-05 19:28:13.000000000,2018-08-06 14:43:38.000000000,closed,4,[FIX] hack for babel 6 so that breakpoints do work
659,2018-08-05 12:13:37.000000000,2018-08-06 04:38:30.000000000,closed,4,Cannot read property 'Component' of undefined
658,2018-08-05 08:15:05.000000000,2018-08-05 09:04:18.000000000,closed,2,vs code debugging issue
657,2018-08-05 06:23:54.000000000,2018-08-05 09:01:45.000000000,closed,7,ts-jest generates references to d.ts files when re-exporting
656,2018-08-04 17:28:32.000000000,2018-08-04 17:35:23.000000000,closed,1,ignoreCoverageForDecorators and ignoreCoverageForAllDecorators are broken
655,2018-08-04 06:41:29.000000000,2018-08-04 13:47:55.000000000,closed,0,Update @types/node to the latest version ðŸš€
654,2018-08-03 18:54:41.000000000,2018-08-15 11:58:04.000000000,closed,2,WIP: [TEST] implement more real-world testing ability
653,2018-08-03 14:13:52.000000000,2018-08-03 15:02:30.000000000,closed,0,[HOTFIX] wrong error message
652,2018-08-03 11:11:42.000000000,2018-08-03 13:13:26.000000000,closed,0,[HOTFIX] babel and preprocess.js bridges
651,2018-08-03 02:45:58.000000000,2018-08-03 13:13:26.000000000,closed,12,Cannot find module '@babel/core'
650,2018-08-02 17:20:04.000000000,2018-08-03 02:02:06.000000000,closed,0,Bump the version (minor)
649,2018-08-02 01:10:39.000000000,2018-08-02 12:19:58.000000000,closed,0,Update react to the latest version ðŸš€
648,2018-08-01 17:43:59.000000000,2018-08-01 18:56:42.000000000,closed,9,Cant run jest tests with abstract classes
647,2018-08-01 15:07:47.000000000,2018-09-02 17:32:11.000000000,closed,1,Feature req: Output a warning or error when mocking a module doesn't work.
646,2018-08-01 06:30:27.000000000,2018-08-01 19:24:45.000000000,closed,0,Update @types/node to the latest version ðŸš€
645,2018-07-31 11:42:52.000000000,2018-09-19 21:44:54.000000000,closed,1,Ability to override compiler options without specifying tsconfig
644,2018-07-31 11:00:01.000000000,2018-07-31 12:36:21.000000000,closed,0,Add TypeScript ^3.0.0 as supported peer dependencies
643,2018-07-31 00:23:40.000000000,2018-07-31 12:36:51.000000000,closed,1,TypeScript 3 support
642,2018-07-30 17:16:41.000000000,2018-08-04 09:50:52.000000000,closed,1,how can you configure jest transform to process files outside of jest root?
641,2018-07-30 12:45:54.000000000,2018-07-31 13:39:20.000000000,closed,1,Add more details on using module name mapper
640,2018-07-29 14:15:21.000000000,2018-07-31 17:14:11.000000000,closed,1,Move dev only deps to devDependencies.
639,2018-07-28 18:34:05.000000000,2018-09-19 21:44:54.000000000,closed,2,cause TypeError when I use two more nested namespaces with type definition of setter @Input
638,2018-07-28 11:02:12.000000000,2018-08-01 19:23:34.000000000,closed,0,chore(package): update @types/node to version 10.5.4
637,2018-07-27 08:15:56.000000000,2018-07-27 17:33:25.000000000,closed,5,ts-jest transpilation possibly too permissive?
636,2018-07-26 08:47:08.000000000,2018-08-02 17:15:04.000000000,closed,9,V23: relative path in extends field of tsconfig.json does not work as expected.
635,2018-07-25 11:47:06.000000000,2018-09-19 21:50:09.000000000,closed,2,[DOC] create a troubleshoots page in the wiki
634,2018-07-25 06:25:51.000000000,2018-07-28 11:02:41.000000000,closed,1,Update @types/node to the latest version ðŸš€
633,2018-07-24 18:47:47.000000000,2018-07-25 06:04:36.000000000,closed,3,"Error when running a test with a react component: TypeScript compiler encountered syntax errors while transpiling. Errors: '>' expected.,Unterminated regular expression literal.,',' expected.,')' expected."
632,2018-07-24 12:18:34.000000000,2018-09-19 21:48:30.000000000,closed,5,v23: Deprecated 'allowSyntheticDefaultImports' for synthetic modules
631,2018-07-24 05:25:41.000000000,2018-07-27 15:53:30.000000000,closed,0,Update @types/react to the latest version ðŸš€
630,2018-07-23 23:58:39.000000000,2018-09-19 13:00:55.000000000,closed,4,pass configFile path to ts.parseJsonConfigFileContent()
629,2018-07-23 19:55:38.000000000,2018-08-04 17:12:25.000000000,closed,2,Error: transform-es2015-modules-commonjs plugin
628,2018-07-23 12:08:55.000000000,2018-08-03 16:17:53.000000000,closed,1,v23: .ts files tested but not covered
627,2018-07-19 17:20:45.000000000,2018-08-06 14:43:37.000000000,closed,14,v23 breaks WebStorm breakpoints
626,2018-07-19 11:56:48.000000000,2018-08-02 17:15:02.000000000,closed,38,"upgrade deps - coverage, caching and source-mapping fixes, ..."
625,2018-07-18 12:41:50.000000000,2018-08-04 09:57:55.000000000,closed,8,"v23 does not support ""extends"" (TS6096)"
624,2018-07-18 04:15:01.000000000,2018-07-18 16:03:40.000000000,closed,1,Default imports result to undefined
623,2018-07-17 15:21:40.000000000,2018-07-18 17:48:02.000000000,closed,5,Cannot find module './install'
622,2018-07-17 12:21:00.000000000,2018-07-25 00:03:27.000000000,closed,1,`declare module` stops working on testing
621,2018-07-17 11:41:40.000000000,2018-08-02 17:15:15.000000000,closed,0,Update ts-jest to the latest version ðŸš€
620,2018-07-17 10:37:34.000000000,2018-07-17 11:02:17.000000000,closed,0,bump version patch
619,2018-07-17 06:22:36.000000000,2018-09-19 09:36:52.000000000,closed,0,Update fs-extra to the latest version ðŸš€
618,2018-07-16 23:23:21.000000000,2018-07-25 00:04:06.000000000,closed,1,"ts-jest inconsistently ignores ""include"" in tsconfig.json"
617,2018-07-16 15:00:51.000000000,2018-07-17 11:07:42.000000000,closed,2,published ts-jest isn't using latest master code compiled from TS source
616,2018-07-14 12:16:34.000000000,2018-07-14 12:30:33.000000000,closed,1,[FIX] cache key resolver for getTSConfig
615,2018-07-14 07:54:27.000000000,2018-08-05 12:05:47.000000000,closed,2,Parsing TypeScript namespace token
614,2018-07-14 01:45:03.000000000,2018-08-20 08:41:31.000000000,closed,3,Coverage
613,2018-07-13 23:48:09.000000000,2018-07-14 19:14:50.000000000,closed,4,make sure that declaration is disabled
612,2018-07-12 00:12:56.000000000,2018-07-12 15:05:29.000000000,closed,1,Jest cannot use ts-jest when installed globally
611,2018-07-10 01:05:48.000000000,2018-09-19 21:52:52.000000000,closed,2,ts-jest & react-native 0.56 -- no way to successfully configure [has-repro]
610,2018-07-09 14:37:11.000000000,2018-08-04 10:01:48.000000000,closed,4,Error TS18003 - 22.4.6 upgrade to 23.0.0
609,2018-07-07 21:26:12.000000000,2018-07-08 16:35:11.000000000,closed,4,Test suite failed to run Error: No message provided
608,2018-07-07 02:03:36.000000000,2018-07-15 19:49:10.000000000,closed,0,Update @types/fs-extra to the latest version ðŸš€
607,2018-07-06 05:20:16.000000000,2018-07-15 20:44:47.000000000,closed,0,Update @types/node to the latest version ðŸš€
606,2018-07-05 12:43:19.000000000,2018-08-03 16:18:01.000000000,closed,4,[regression] debbugger not going to correct line in vscode
605,2018-07-04 19:38:26.000000000,2018-09-19 22:02:03.000000000,closed,2,Cannot find module 'ts-jest' if deps is outside project and used with decorator
604,2018-07-03 12:21:34.000000000,2018-08-17 20:08:27.000000000,closed,12,React Native - SyntaxError: Unexpected token import
603,2018-07-03 01:45:38.000000000,2018-07-12 00:34:22.000000000,closed,55,v23: require(...).install is not a function
602,2018-07-01 03:01:25.000000000,2018-07-15 18:55:41.000000000,closed,0,Update ts-jest to the latest version ðŸš€
601,2018-06-30 18:35:19.000000000,2018-09-19 21:51:42.000000000,closed,6,Need to update breaking changes for 23 release
600,2018-06-30 12:41:25.000000000,2018-06-30 13:04:15.000000000,closed,0,v23
599,2018-06-30 11:44:29.000000000,2018-06-30 12:10:54.000000000,closed,0,Combine prs
598,2018-06-30 11:17:20.000000000,2018-06-30 12:10:57.000000000,closed,0,chore(package): update @types/node to version 10.5.1
597,2018-06-30 11:16:53.000000000,2018-06-30 12:10:57.000000000,closed,0,chore(package): update @types/react to version 16.4.6
596,2018-06-29 10:21:08.000000000,2018-06-30 12:10:56.000000000,closed,0,Update yargs to the latest version ðŸš€
595,2018-06-26 06:52:38.000000000,2018-06-30 12:10:57.000000000,closed,4,Update @types/react to the latest version ðŸš€
594,2018-06-26 06:45:20.000000000,2018-06-30 12:10:57.000000000,closed,2,Update @types/node to the latest version ðŸš€
593,2018-06-23 20:54:59.000000000,2018-07-14 19:14:50.000000000,closed,5,`emitDeclarationOnly` compilerOption leads to error
592,2018-06-23 05:24:17.000000000,2018-06-24 11:03:32.000000000,closed,0,Update @types/node to the latest version ðŸš€
591,2018-06-21 11:23:03.000000000,2018-07-17 16:40:17.000000000,closed,2,Incompatible with Node.js v10
590,2018-06-20 11:05:42.000000000,2018-06-21 10:56:13.000000000,closed,0,chore(package): update @types/react to version 16.4.1
589,2018-06-20 04:12:36.000000000,2018-06-30 14:08:14.000000000,closed,7,Things to do for version 23 release?
588,2018-06-19 13:50:56.000000000,2018-06-20 10:19:34.000000000,closed,3,Unexpected import inside nodejs module
587,2018-06-19 04:49:25.000000000,2018-06-21 10:56:13.000000000,closed,1,Update @types/react to the latest version ðŸš€
586,2018-06-19 04:41:52.000000000,2018-06-21 14:38:00.000000000,closed,0,Update @types/node to the latest version ðŸš€
585,2018-06-19 04:31:39.000000000,2018-06-30 13:04:15.000000000,closed,2,Update @types/jest to the latest version ðŸš€
584,2018-06-18 17:38:17.000000000,2018-09-19 21:55:32.000000000,closed,3,Encountered a declaration exception
583,2018-06-18 15:45:19.000000000,2018-06-21 11:51:34.000000000,closed,0,Update pkg-dir to the latest version ðŸš€
582,2018-06-16 02:16:01.000000000,2018-06-16 12:01:28.000000000,closed,0,Update @types/react to the latest version ðŸš€
581,2018-06-14 02:59:17.000000000,2018-06-14 10:35:11.000000000,closed,0,Update @types/node to the latest version ðŸš€
580,2018-06-14 01:39:25.000000000,2018-06-14 11:16:40.000000000,closed,0,Update @types/jest to the latest version ðŸš€
579,2018-06-13 22:44:17.000000000,2018-06-16 13:26:46.000000000,closed,0,Update react to the latest version ðŸš€
578,2018-06-12 00:57:16.000000000,2018-06-12 11:34:06.000000000,closed,1,Update @types/jest to the latest version ðŸš€
577,2018-06-10 14:40:26.000000000,2018-06-22 11:00:27.000000000,closed,3,Import doesn't fail
576,2018-06-08 21:28:55.000000000,2018-09-28 18:23:01.000000000,closed,11,jest.mock doesn't modify the type of the mocked class
575,2018-06-08 02:07:48.000000000,2018-06-08 14:54:49.000000000,closed,0,Update @types/react to the latest version ðŸš€
574,2018-06-08 02:00:45.000000000,2018-06-09 19:12:32.000000000,closed,0,Update @types/node to the latest version ðŸš€
573,2018-06-07 23:58:50.000000000,2018-06-09 20:54:25.000000000,closed,0,Update @types/fs-extra to the latest version ðŸš€
572,2018-06-07 08:30:09.000000000,2018-06-08 07:48:21.000000000,closed,1,how to resolve this TS error TS2705 when i use webstorm? 
571,2018-06-06 06:21:56.000000000,2018-07-03 17:34:54.000000000,closed,4,TypeError: Class constructor cannot be invoked without 'new'
570,2018-06-05 19:03:24.000000000,2018-07-13 14:53:27.000000000,closed,1,ts-jest does not properly transpile some modules
569,2018-06-05 05:14:54.000000000,2018-06-05 11:10:51.000000000,closed,0,Update @types/node to the latest version ðŸš€
568,2018-06-03 13:02:04.000000000,2018-06-03 16:22:18.000000000,closed,0,Lint and correct test codes
567,2018-06-03 02:08:14.000000000,2018-06-03 17:07:22.000000000,closed,0,Add new types from Jest 23
566,2018-06-02 17:35:10.000000000,2018-07-28 15:09:42.000000000,closed,3,TypeScript 2.9
565,2018-06-02 17:30:13.000000000,2018-06-02 19:45:07.000000000,closed,0,Update @types/jest to the latest version ðŸš€
564,2018-06-02 15:48:13.000000000,2018-06-02 17:05:47.000000000,closed,0,chore(package): update @types/node to version 10.3.0
563,2018-06-02 15:48:09.000000000,2018-06-02 18:02:12.000000000,closed,0,chore(package): update @types/react to version 16.3.16
562,2018-06-02 08:55:25.000000000,2018-06-02 18:02:12.000000000,closed,1,Update @types/react to the latest version ðŸš€
561,2018-06-02 05:46:05.000000000,2018-06-02 17:05:47.000000000,closed,1,Update @types/node to the latest version ðŸš€
560,2018-05-30 20:38:34.000000000,2018-06-30 12:10:56.000000000,closed,4,Reopening #533: Catch syntax errors even when calling transpileModule
559,2018-05-28 16:43:22.000000000,2018-05-28 17:54:01.000000000,closed,0,style: fix typo
558,2018-05-28 16:42:34.000000000,2018-05-28 17:56:26.000000000,closed,1,Language Server has been removed
557,2018-05-27 19:21:05.000000000,2018-05-28 14:10:53.000000000,closed,0,Update @types/node to the latest version ðŸš€
556,2018-05-27 18:45:29.000000000,2018-05-27 20:23:01.000000000,closed,0,Adjust jest peer dependency to 23.0.0
555,2018-05-26 21:54:53.000000000,2019-02-16 13:36:23.000000000,closed,7,WIP ignoreDecorators via ts transformer
554,2018-05-26 12:13:35.000000000,2018-05-26 18:00:59.000000000,closed,3,Use Jest sourcemaps and remove languageserver
553,2018-05-26 11:19:23.000000000,2018-05-28 01:37:20.000000000,closed,1,renamed collaborator file and added info about requiring tests
552,2018-05-26 10:31:06.000000000,2018-05-26 15:42:43.000000000,closed,3,upgraded jest to 23 and minor deps too
551,2018-05-26 02:50:48.000000000,2018-08-25 17:00:39.000000000,closed,7,"Implement #543: allow custom typescript compiler (ttypescript, ntypescript, etc)"
550,2018-05-25 21:03:18.000000000,2018-05-27 20:53:11.000000000,closed,1,[chore]: Move test-utils to tests/utils because it is only used for internal testing
549,2018-05-25 15:36:44.000000000,2018-05-26 08:29:28.000000000,closed,9,refactor: clean up reading of configuration
548,2018-05-25 15:16:27.000000000,2018-05-25 15:27:16.000000000,closed,0,tsconfig is not being extended properly
547,2018-05-25 14:34:49.000000000,2018-06-30 12:10:55.000000000,closed,6,"add ""rootDir"" param to function finds default path to tsconfig (to fix #546)"
546,2018-05-25 14:22:59.000000000,2018-06-30 12:48:27.000000000,closed,0,Can't work with Jest projects options for top-level coverage report
545,2018-05-24 23:55:23.000000000,2018-05-26 11:15:55.000000000,closed,2,Update jest-config to the latest version ðŸš€
544,2018-05-24 22:00:53.000000000,2018-05-26 11:16:08.000000000,closed,1,Update babel-preset-jest to the latest version ðŸš€
543,2018-05-24 21:19:10.000000000,2018-06-30 12:48:50.000000000,closed,1,Custom compiler support
542,2018-05-24 16:26:40.000000000,2018-09-19 21:47:51.000000000,closed,11,Coverage: Source file path in lcov coverage report isn't correct
541,2018-05-24 07:26:49.000000000,2018-05-24 10:20:22.000000000,closed,0,Update react to the latest version ðŸš€
540,2018-05-24 06:44:31.000000000,2018-05-24 11:01:07.000000000,closed,0,Update react-test-renderer to the latest version ðŸš€
539,2018-05-23 23:23:02.000000000,2018-05-24 10:22:40.000000000,closed,2,Can't read textContent with jsdom
538,2018-05-22 18:39:44.000000000,2018-05-24 10:23:28.000000000,closed,2,Cannot import *.d.ts from module
537,2018-05-22 17:47:55.000000000,2018-05-23 13:16:26.000000000,closed,0,Fix problem with tsconfig from node_modules (Issue #536)
536,2018-05-22 17:45:22.000000000,2018-05-23 13:16:44.000000000,closed,0,Cannot use tsconfig from subdirectory without *.ts files
535,2018-05-22 11:13:54.000000000,2018-06-29 12:25:30.000000000,closed,4,Can't use in a monorepo where each project has a different tsconfig.json
534,2018-05-22 10:57:04.000000000,2018-05-22 16:05:05.000000000,closed,1,fix: Typo in utils.ts
533,2018-05-22 02:18:05.000000000,2018-05-27 17:50:52.000000000,closed,2,WIP  Catch syntax errors even when calling transpileModule
532,2018-05-22 01:35:05.000000000,2018-05-22 14:12:19.000000000,closed,3,"Import babel deps on-demand, skipping if skipBabel is true"
531,2018-05-22 01:32:55.000000000,2018-07-27 15:55:26.000000000,closed,12,WIP Hoist via ts transformer
530,2018-05-21 22:56:38.000000000,2018-06-30 12:49:49.000000000,closed,1,Import babel on-demand for faster startup when `skipBabel: true`
529,2018-05-20 17:24:47.000000000,2018-09-19 21:44:53.000000000,closed,18,"Remove diagnostics, reflection support, debug info generation"
528,2018-05-20 03:17:24.000000000,2018-05-20 03:25:53.000000000,closed,0,chore(package): update @types/node to version 10.1.2
527,2018-05-19 17:03:15.000000000,2018-05-20 03:38:43.000000000,closed,0,Some enums are not compiled
526,2018-05-19 02:26:55.000000000,2018-05-20 02:53:08.000000000,closed,2,Show node breaking v10
525,2018-05-19 02:26:36.000000000,2018-05-20 02:53:37.000000000,closed,1,Support node 10
524,2018-05-17 11:55:08.000000000,2018-08-03 16:17:46.000000000,closed,4,Caching of babelrc file
523,2018-05-15 05:31:11.000000000,2018-09-02 17:48:57.000000000,closed,5,Cannot import packages from node_modules
522,2018-05-15 03:54:38.000000000,2018-05-20 03:25:53.000000000,closed,4,Update @types/node to the latest version ðŸš€
521,2018-05-13 22:03:53.000000000,2018-05-27 16:39:34.000000000,closed,1,Sourcemaps don't work whilst showCoverage is true
520,2018-05-12 02:10:08.000000000,2018-05-20 21:23:51.000000000,closed,4,Error upon import of *.js files
519,2018-05-11 15:57:16.000000000,2018-05-11 16:31:35.000000000,closed,0,Update ts-jest to the latest version ðŸš€
518,2018-05-11 13:43:57.000000000,2018-05-11 16:31:09.000000000,closed,1,Add some type checkings
517,2018-05-11 01:28:48.000000000,2018-05-11 19:44:37.000000000,closed,1,Update @types/node to the latest version ðŸš€
516,2018-05-11 00:05:08.000000000,2018-05-11 10:32:19.000000000,closed,0,chore: clone last 5 commits
515,2018-05-11 00:05:02.000000000,2018-05-20 03:16:53.000000000,closed,2,chore: add Node.js 10
514,2018-05-11 00:04:54.000000000,2018-05-11 10:56:17.000000000,closed,0,chore: use yarn cache
513,2018-05-10 20:50:13.000000000,2018-05-11 15:41:56.000000000,closed,8,Add realpath to language host
512,2018-05-10 17:05:11.000000000,2018-05-29 09:54:28.000000000,closed,11,Make babel-core a peerDependency. Support Babel 7.
511,2018-05-10 05:34:51.000000000,2018-05-11 13:15:53.000000000,closed,1,Add 'source-map-support' to package.json dependencies
510,2018-05-10 03:51:04.000000000,2018-05-11 18:25:54.000000000,closed,0,Update fs-extra to the latest version ðŸš€
509,2018-05-08 23:38:27.000000000,2018-05-11 13:51:59.000000000,closed,0,Update @types/es6-shim to the latest version ðŸš€
508,2018-05-08 02:49:39.000000000,2018-05-17 16:32:13.000000000,closed,2,Diagnostics are unperformant
507,2018-05-07 20:31:19.000000000,2018-09-19 21:44:53.000000000,closed,4,`transpileModule` with `reportDiagnostics` to avoid suppressing syntax errors
506,2018-05-07 10:07:19.000000000,2018-05-14 08:52:26.000000000,closed,1,Extraneous package 'source-map-support'
505,2018-05-05 19:01:56.000000000,2018-05-05 21:02:54.000000000,closed,6,Use language server to get proper reflection types
504,2018-05-05 16:48:24.000000000,2018-09-02 17:34:27.000000000,closed,1,Improve/document test experience
503,2018-05-05 14:35:10.000000000,2018-05-28 01:28:48.000000000,closed,21,Disable special handling of synthetic imports
502,2018-05-05 12:45:11.000000000,2018-05-05 16:11:12.000000000,closed,1,updated all dependencies to newest & did a little spring cleaning
501,2018-05-05 12:27:13.000000000,2018-05-05 18:59:57.000000000,closed,2,Better memoization & minor fixes
500,2018-05-03 17:07:45.000000000,2018-05-20 03:37:51.000000000,closed,0,Version 10 of node.js has been released
499,2018-05-01 18:24:19.000000000,2018-05-05 14:32:01.000000000,closed,1,Update fs-extra to the latest version ðŸš€
498,2018-04-30 11:13:42.000000000,2018-05-28 01:28:48.000000000,closed,0,Disable special handling for allowSyntheticDefaultImports
497,2018-04-26 12:15:42.000000000,2018-05-09 11:54:22.000000000,closed,24,Stalls with Yarn and Node 10
496,2018-04-25 11:59:48.000000000,2018-04-27 16:50:03.000000000,closed,6,Cannot find module ... in Travis
495,2018-04-24 14:26:59.000000000,2018-05-04 20:16:41.000000000,closed,5,Old babel version
494,2018-04-22 04:34:40.000000000,2018-04-27 16:15:27.000000000,closed,7,Unexpected token export with Lodash
493,2018-04-19 00:57:19.000000000,2018-04-20 09:43:27.000000000,closed,3,Granularity on babel options
492,2018-04-16 22:40:42.000000000,2018-04-16 23:10:24.000000000,closed,2,react-native flow types breaking things
491,2018-04-14 23:16:15.000000000,2018-04-14 23:57:31.000000000,closed,0,Use os separator instead of hard-coding it
490,2018-04-13 19:40:50.000000000,2018-04-14 23:15:25.000000000,closed,2,Typescript compiler output not what expected when running tests
489,2018-04-13 13:31:28.000000000,2018-09-21 08:04:04.000000000,closed,9,Possible incompatibility with babel-plugin-inline-import-graphql-ast
488,2018-04-12 10:58:36.000000000,2018-04-19 03:10:27.000000000,closed,15,fix for decorator coverage
487,2018-04-11 23:20:07.000000000,2018-04-15 00:45:25.000000000,closed,0,Update @types/fs-extra to the latest version ðŸš€
486,2018-04-10 18:28:10.000000000,2018-04-27 16:11:52.000000000,closed,2,error using babel-plugin-relay
485,2018-04-06 19:25:16.000000000,2018-09-02 17:50:01.000000000,closed,8,Sourcemaps are broken for JavaScript files imported by TypeScript files
484,2018-04-06 05:33:55.000000000,2018-08-03 16:17:16.000000000,closed,22,The debugger doesn't stop at correct statements in VSCode in source files
483,2018-04-06 04:59:51.000000000,2018-04-15 01:21:56.000000000,closed,1,Add links for issues #112 and #281 in README.md
482,2018-04-05 21:05:47.000000000,2018-04-14 23:57:31.000000000,closed,2,tsconfig.json not found if you run tests with Webstorm 2018
481,2018-04-05 16:58:21.000000000,2018-05-14 08:53:34.000000000,closed,9,Cannot use Express on my tests
480,2018-04-03 23:57:25.000000000,2018-07-25 00:04:50.000000000,closed,10,Babel config not picked up
479,2018-04-03 18:55:37.000000000,2018-09-19 21:44:53.000000000,closed,6,Diagnostics Uses a Huge Amount of Memory
478,2018-03-29 23:57:04.000000000,2018-04-05 13:46:50.000000000,closed,10,Source Mapping not Working
477,2018-03-29 18:05:21.000000000,2018-04-05 13:47:14.000000000,closed,4,Cannot load .graphql files when referenced from React Components 
476,2018-03-28 09:06:58.000000000,2018-03-29 08:12:28.000000000,closed,1,Class property losing value after instantiation
475,2018-03-24 19:00:39.000000000,2018-03-24 19:00:56.000000000,closed,1,n
474,2018-03-23 21:00:57.000000000,2018-03-23 21:38:40.000000000,closed,2,Testing React component with a props interface causes error
473,2018-03-23 02:34:02.000000000,2018-03-26 02:17:28.000000000,closed,7,Questions about usage and file naming
472,2018-03-22 21:02:57.000000000,2018-03-26 02:17:41.000000000,closed,12,IDE shows error while mocking a module function but Jest run it without any issue
471,2018-03-20 17:34:54.000000000,2018-03-26 02:17:57.000000000,closed,8,Async iterables don't work
470,2018-03-19 01:09:10.000000000,2018-03-19 01:31:47.000000000,closed,2,Allow disabling sourcemap support
469,2018-03-19 00:32:13.000000000,2018-03-19 01:31:47.000000000,closed,0,Add a global config flag to disable sourcemap-support injection
468,2018-03-16 18:48:45.000000000,2018-03-19 17:59:39.000000000,closed,3,Jest throwing error at react-native core files's flow code.
466,2018-03-10 04:32:14.000000000,2018-04-05 13:52:04.000000000,closed,9,Breakpoint not work with lastest version(1.21.0) of vscode
465,2018-03-07 22:39:23.000000000,2018-03-08 04:48:47.000000000,closed,5,TS-Jest should ignore private methods from the coverage report
464,2018-03-07 06:21:29.000000000,2018-03-10 18:29:32.000000000,closed,8,failed to load type definition
463,2018-03-07 01:47:38.000000000,2018-03-07 04:24:31.000000000,closed,1,Decorators break line reporting
462,2018-03-06 16:20:37.000000000,2018-04-05 13:48:14.000000000,closed,2,Understanding how ts-jest works
461,2018-03-04 21:26:12.000000000,2018-03-05 01:09:37.000000000,closed,0,Long path
460,2018-03-04 18:40:21.000000000,2018-03-04 18:49:21.000000000,closed,4,ts-jest does not fail when passing a wrong type
459,2018-03-04 15:55:44.000000000,2018-03-04 16:43:42.000000000,closed,0,Update types for FullJestConfig to be in sync with types in Jest
458,2018-03-04 04:04:19.000000000,2018-03-04 18:06:34.000000000,closed,4,Update dependencies
457,2018-03-02 17:16:26.000000000,2018-03-02 17:37:44.000000000,closed,0,Continue relying on only inline sourcemaps
456,2018-02-28 15:29:36.000000000,2018-03-01 03:31:34.000000000,closed,2,Switch scripts in package.json to use yarn for consistency
455,2018-02-27 04:18:03.000000000,2018-03-02 17:37:44.000000000,closed,4,"The ""enableDiagnostics"" option is broken in 22.4.0"
454,2018-02-27 03:21:56.000000000,2018-09-19 22:05:43.000000000,closed,23,Need help with code coverage when using Jest to test Angular app
453,2018-02-27 01:07:04.000000000,2018-03-01 04:35:20.000000000,closed,0,Update @types/fs-extra to the latest version ðŸš€
452,2018-02-26 22:18:35.000000000,2018-02-27 03:08:48.000000000,closed,2,Errors with typeorm when running with ts-jest
451,2018-02-26 15:42:08.000000000,2018-03-02 17:40:41.000000000,closed,2,Suggest in Readme
450,2018-02-25 17:46:22.000000000,2018-02-25 18:15:17.000000000,closed,0,Create a new object when logging the initial config state
449,2018-02-25 17:31:34.000000000,2018-02-25 19:03:43.000000000,closed,0,Upgrade
448,2018-02-23 16:19:29.000000000,2018-05-11 11:17:46.000000000,closed,1,Add Date reflection bug test suite
447,2018-02-22 15:58:47.000000000,2018-02-23 15:19:34.000000000,closed,4,"babel-core is required even ""skipBabel"": true flag is set"
446,2018-02-21 17:48:29.000000000,2018-02-25 17:27:46.000000000,closed,0,Update lint-staged to the latest version ðŸš€
445,2018-02-20 23:47:18.000000000,2018-02-21 14:08:46.000000000,closed,1,ts-jest doesn't support ts-jest typeCheck setting
444,2018-02-16 22:08:29.000000000,2018-02-16 22:34:01.000000000,closed,2,Jest drop of mapCoverage
443,2018-02-15 23:00:47.000000000,2018-03-02 17:10:13.000000000,closed,8,Cannot find tsconfig.json in version 22.0.4
442,2018-02-14 22:11:29.000000000,2018-09-02 17:37:47.000000000,closed,4,"[Perf] There is `rootDir` from jestConfig parameter, do not guess it by ourselvies."
441,2018-02-14 18:35:38.000000000,2018-02-25 15:55:57.000000000,closed,2,"Update README.md to ""fix"" #355"
440,2018-02-13 14:04:55.000000000,2018-05-05 18:59:57.000000000,closed,2,[Perf] Read the TSConfig once then cache it.
439,2018-02-13 00:49:19.000000000,2018-05-30 16:42:19.000000000,closed,28,Broken Date type reflection mechanizm
438,2018-02-11 20:31:27.000000000,2018-02-11 22:19:27.000000000,closed,5,support for jest multi-projects
437,2018-02-11 16:42:48.000000000,2018-02-11 19:17:10.000000000,closed,3,Include useBabelrc in react-native example
436,2018-02-10 23:44:42.000000000,2018-02-23 15:20:15.000000000,closed,21,Line numbers are shown incorrectly when importing library that has default export
435,2018-02-10 23:10:56.000000000,2018-02-11 19:55:35.000000000,closed,4,Add CHANGELOG.md for documentation new changes every release
434,2018-02-08 18:21:58.000000000,2018-02-25 18:15:17.000000000,closed,1,The debug log has the same value for original and final compiler options
433,2018-02-08 16:01:48.000000000,2018-02-08 17:49:23.000000000,closed,8,Stack trace for error shows wrong place in code
432,2018-02-08 00:20:32.000000000,2018-02-23 15:22:30.000000000,closed,1,ts-jest explodes on function-imports when syntheticDefaultImports is used.
431,2018-02-06 22:32:59.000000000,2018-02-06 22:46:47.000000000,closed,2,Cannot find module './mockComponent' from 'setup.js' for React Native
430,2018-02-06 21:54:18.000000000,2018-02-06 22:38:38.000000000,closed,1,Previously working build now runs out of heap space after adding .tsx files
429,2018-02-03 17:25:37.000000000,2018-02-03 17:29:10.000000000,closed,0,Readme fix
428,2018-02-03 17:18:06.000000000,2018-02-03 17:27:57.000000000,closed,1,docs: fix typo
427,2018-02-03 00:05:28.000000000,2018-02-03 17:10:37.000000000,closed,8,feat: add option to run TypeScript diagnostics
426,2018-02-01 04:37:41.000000000,2018-02-23 15:23:26.000000000,closed,9,Coverage reports highlighting appears to be invalid for file
425,2018-01-30 06:09:02.000000000,2018-02-02 00:47:49.000000000,closed,5,Source Map Inconsistency
424,2018-01-28 14:28:05.000000000,2018-02-23 15:24:03.000000000,closed,21,Can't seem to use with linked typescript package
423,2018-01-27 01:22:59.000000000,2018-02-04 22:35:39.000000000,closed,4,Test performance
422,2018-01-26 13:05:35.000000000,2018-02-11 22:19:27.000000000,closed,1,Doesn't work with jest --projects switch
421,2018-01-24 00:21:32.000000000,2018-01-28 04:16:57.000000000,closed,0,Update yargs to the latest version ðŸš€
420,2018-01-23 13:10:39.000000000,2018-01-23 17:03:58.000000000,closed,2,It's not possible to use .ts setup/teardown file for global setup/teardown
419,2018-01-22 21:17:46.000000000,2018-01-23 17:45:23.000000000,closed,2,TS error: Duplicate identifier 'require'. when it's used on ReactNative env
418,2018-01-20 20:21:44.000000000,2018-01-20 20:51:27.000000000,closed,1,Full support for testEnvironment
417,2018-01-20 04:30:17.000000000,2018-01-26 04:26:52.000000000,closed,8,issue with importing some libraries
416,2018-01-19 21:01:19.000000000,2018-01-20 18:18:03.000000000,closed,2,Clarify warning
415,2018-01-19 13:06:22.000000000,2018-01-23 17:04:26.000000000,closed,1,Display notifications for build errors in test files
414,2018-01-18 06:41:47.000000000,2018-03-02 17:35:57.000000000,closed,14,Does not resolve path from tsconfig.js 'paths' option.
413,2018-01-16 23:09:30.000000000,2018-01-16 23:43:28.000000000,closed,0,N/A
412,2018-01-11 02:36:36.000000000,2018-01-12 17:33:59.000000000,closed,2,line number incorrect even in a simple example (Node 7 and no React)
411,2018-01-05 20:14:58.000000000,2018-01-06 04:40:44.000000000,closed,24,Support jest config globalSetup and globalTeardown
410,2018-01-04 23:16:28.000000000,2018-01-06 04:57:20.000000000,closed,4,Avoid transpile the TypeScript code twice.
409,2018-01-04 22:44:26.000000000,2018-03-05 01:09:37.000000000,closed,3,The repro cannot be cloned in Windows.
408,2018-01-04 16:27:16.000000000,2018-01-06 04:41:27.000000000,closed,1,Disable internal caching
407,2018-01-02 00:18:29.000000000,2018-01-06 04:57:22.000000000,closed,3,Do NOT parse the TypeScript on the same file twice.
406,2017-12-30 17:42:36.000000000,2018-01-06 04:57:22.000000000,closed,5,How cache is being used?
405,2017-12-30 07:36:37.000000000,2018-01-01 17:33:48.000000000,closed,9,Line numbers are shown incorrectly when ussing mock-fs package. 
404,2017-12-30 03:22:37.000000000,2017-12-30 07:37:51.000000000,closed,1,Lines numbers in jest error report are incorrect [Cannot reproduce in minimal repo]
403,2017-12-29 00:59:22.000000000,2017-12-29 01:23:56.000000000,closed,1,Possible Typescript Fork Process on CI
402,2017-12-28 21:36:38.000000000,2018-09-02 17:36:31.000000000,closed,7,Jest freeze on Error when autoMock and collectCoverage are both true
401,2017-12-27 16:09:44.000000000,2017-12-29 16:41:53.000000000,closed,7,why can not recognise class by extends React.Component
400,2017-12-22 19:37:00.000000000,2018-01-01 17:33:25.000000000,closed,4,Error for spread op and --coverage (but without any .js files)
399,2017-12-22 14:25:26.000000000,2018-03-02 17:52:17.000000000,closed,13,Source maps break with Jest 22.x
398,2017-12-21 15:36:51.000000000,2018-05-14 08:47:43.000000000,closed,22,Importing packages written ESM
397,2017-12-21 11:58:29.000000000,2017-12-21 13:41:55.000000000,closed,1,Multiple transformIgnorePatterns does not work
396,2017-12-18 20:02:32.000000000,2017-12-19 04:49:59.000000000,closed,1,Update jest to the latest version ðŸš€
395,2017-12-18 18:27:13.000000000,2017-12-19 04:49:59.000000000,closed,1,Update jest-config to the latest version ðŸš€
394,2017-12-18 16:38:24.000000000,2017-12-19 04:49:59.000000000,closed,2,Update babel-preset-jest to the latest version ðŸš€
393,2017-12-16 02:07:00.000000000,2018-01-29 18:36:41.000000000,closed,13,Logging
392,2017-12-15 18:02:06.000000000,2017-12-15 18:50:23.000000000,closed,0,Pin versions of fs-extra and its types
391,2017-12-15 17:54:53.000000000,2017-12-15 18:59:54.000000000,closed,0,Add a note about processing javascript files
390,2017-12-13 04:21:44.000000000,2017-12-21 16:37:54.000000000,closed,6,Tests failing with SyntaxError on import statements
389,2017-12-13 03:38:54.000000000,2017-12-15 18:50:23.000000000,closed,1,Update @types/fs-extra to the latest version ðŸš€
388,2017-12-12 12:44:19.000000000,2018-02-04 22:35:22.000000000,closed,5,Add debug logging
387,2017-12-11 23:00:07.000000000,2017-12-15 18:50:23.000000000,closed,3,Update fs-extra to the latest version ðŸš€
386,2017-12-11 21:42:29.000000000,2017-12-15 18:59:54.000000000,closed,9,Error Unexpected token (Object spread) when running jest with --coverage OR transform key
385,2017-12-10 19:34:30.000000000,2017-12-10 19:48:42.000000000,closed,0,Update usage of moduleFileExtensions
384,2017-12-08 21:46:23.000000000,2017-12-11 21:10:22.000000000,closed,2,Feature Request: Add ability to specify a tsConfig object instead of just a file path.
383,2017-12-04 23:24:05.000000000,2017-12-11 18:16:58.000000000,closed,3,setupTestFrameworkScriptFile doesn't work
382,2017-12-04 18:09:10.000000000,2017-12-04 18:31:18.000000000,closed,2,importing svg files always leads to an undefined variable - even though a file transform is defined
381,2017-12-01 09:59:26.000000000,2017-12-01 16:44:43.000000000,closed,0,Update lint-staged to the latest version ðŸš€
380,2017-12-01 00:39:57.000000000,2017-12-01 15:25:08.000000000,closed,8,Remove jest-util as dependency
379,2017-11-29 06:51:34.000000000,2017-11-29 13:09:19.000000000,closed,1,ts-jest not importing modules correctly (i.e. classnames)
378,2017-11-27 21:51:18.000000000,2018-01-01 17:26:29.000000000,closed,26,Code Coverage: Uncovered lines/statements in file that only defines interfaces.
377,2017-11-26 03:56:59.000000000,2017-12-15 22:59:26.000000000,closed,10,(Ts)-Jest should ignore d.ts files in coverage tests
376,2017-11-24 03:27:52.000000000,2018-07-25 00:05:02.000000000,closed,17,ts-jest fails to import .ts modules from outside project root
375,2017-11-21 08:30:33.000000000,2017-12-10 19:48:42.000000000,closed,3,"Add ""node"" to moduleFileExtensions in all places"
374,2017-11-20 14:25:45.000000000,2017-11-26 08:07:01.000000000,closed,2,[Q] What is the needed regex for this setup? 
373,2017-11-13 00:13:59.000000000,2017-11-17 09:17:52.000000000,closed,8,Enable using 'ts-jest' package name as transform (Take 2) + fix #367
372,2017-11-12 23:32:54.000000000,2017-11-20 15:41:11.000000000,closed,5,Comment causes lots of errors and some tests to fail
371,2017-11-12 15:10:29.000000000,2018-08-03 16:22:44.000000000,closed,36,Partial code coverage or incorrect mapping
370,2017-11-12 00:05:48.000000000,2017-11-12 20:24:41.000000000,closed,1,Don't accumulate commonjs module transforms
369,2017-11-11 13:52:00.000000000,2017-11-11 14:07:43.000000000,closed,0,Update lint-staged to the latest version ðŸš€
368,2017-11-08 12:04:02.000000000,2017-11-08 12:32:48.000000000,closed,0,"Revert ""Change the package entry point to preprocessor.js itself"""
367,2017-11-08 11:52:30.000000000,2017-11-14 09:56:35.000000000,closed,13,Cannot find module '../../package' from 'node.js'
366,2017-11-08 11:27:04.000000000,2017-11-08 14:10:07.000000000,closed,0,Use shallow renderer in tsx test to avoid skipping it with node8/react16
365,2017-11-08 08:49:02.000000000,2017-11-08 08:54:21.000000000,closed,2,"Revert ""Change the package entry point to preprocessor.js itself"""
364,2017-11-06 15:57:02.000000000,2017-11-08 11:36:48.000000000,closed,23,moduleNameMapper doesn't work for me
363,2017-11-06 15:15:56.000000000,2017-11-08 08:43:06.000000000,closed,4,Change the package entry point to preprocessor.js itself
362,2017-11-05 18:40:28.000000000,2018-05-27 17:49:16.000000000,closed,19,Move to language service compiler api
361,2017-11-05 18:25:31.000000000,2017-11-17 09:24:40.000000000,closed,4,"Enable using ""ts-jest"" package name directly"
360,2017-11-05 00:53:56.000000000,2017-11-07 10:18:19.000000000,closed,2,FIX - README.md 2 times the same line
359,2017-11-03 02:40:02.000000000,2017-11-03 07:55:36.000000000,closed,1,Supporting Script based (namespace) TS
358,2017-11-02 16:07:36.000000000,2018-01-11 04:48:48.000000000,closed,5,Switch to only using babel
357,2017-10-28 11:24:36.000000000,2017-10-29 08:10:01.000000000,closed,8,es6 test failed: â€œWe don't know what to do with this node type. We were previously a Statement but we can't fit in here?â€
356,2017-10-26 09:17:54.000000000,2017-10-29 07:53:58.000000000,closed,3,Testing modifications of global namespaces with a separate testing folder & tsconfig
355,2017-10-25 13:08:09.000000000,2018-09-02 17:29:58.000000000,closed,9,Look into whether we can force commonJS modules always
354,2017-10-24 20:41:51.000000000,2017-10-27 11:49:21.000000000,closed,2,Fix postprocess bug when babel config is supplied with no plugins
353,2017-10-23 22:52:10.000000000,2017-10-24 00:49:37.000000000,closed,5,SyntaxError on import statements with tsConfigFile set
352,2017-10-23 20:16:58.000000000,2017-10-24 09:10:03.000000000,closed,0,Update yargs to the latest version ðŸš€
351,2017-10-21 11:22:05.000000000,2017-12-19 04:49:59.000000000,closed,12,Cleanup
350,2017-10-20 21:49:47.000000000,2017-10-21 20:21:14.000000000,closed,1,Fix the path to load tsconfig.json
349,2017-10-18 09:03:00.000000000,2018-01-26 17:29:54.000000000,closed,10,Refactor code
348,2017-10-17 15:47:06.000000000,2017-10-17 18:21:08.000000000,closed,9,Set the start dir of looking for tsconfig to process.cwd()
347,2017-10-17 13:44:52.000000000,2017-10-21 20:20:50.000000000,closed,17,Ts-jest is failing to locate the tsconfig when being run from inside yarn workspace (or lerna)
346,2017-10-17 11:27:12.000000000,2017-10-17 13:35:59.000000000,closed,8,Test fails when module is not setÂ commonjs in the tsconfig
345,2017-10-09 20:11:25.000000000,2017-10-24 09:55:05.000000000,closed,11,Advice about setting up module path mappings
344,2017-10-09 19:28:17.000000000,2017-10-10 09:24:55.000000000,closed,3,fix: add startDir to if-clause
343,2017-10-09 19:12:33.000000000,2017-10-10 09:24:56.000000000,closed,0,ts-jest will not compile typescript since #342
342,2017-10-06 11:14:20.000000000,2017-10-09 14:17:10.000000000,closed,2,Find tsconfig.json by traversing up
341,2017-10-05 17:33:22.000000000,2017-10-05 17:51:21.000000000,closed,2,`findRelatedTests` not working
340,2017-10-05 10:49:04.000000000,2018-05-26 18:00:59.000000000,closed,15,Rely on jest sourcemaps
339,2017-10-05 01:12:15.000000000,2017-10-06 20:05:48.000000000,closed,9,Partial code coverage sent to jest; rest dropped
338,2017-10-04 01:59:32.000000000,2017-10-05 20:20:42.000000000,closed,6,Doesn't use the local jestconfig.json
337,2017-10-03 22:14:36.000000000,2017-10-03 22:38:34.000000000,closed,2,Update source-map-support to the latest version ðŸš€
336,2017-10-03 20:29:09.000000000,2017-11-20 15:41:44.000000000,closed,2,Creating javascript files in src directory
335,2017-10-01 18:52:19.000000000,2017-10-01 19:23:02.000000000,closed,0,Update dependencies to enable Greenkeeper ðŸŒ´
334,2017-09-30 23:44:26.000000000,2018-09-19 21:44:52.000000000,closed,35,Line numbers aren't mapped correctly in TSX files when using Node 8 AND React 16
333,2017-09-30 22:50:45.000000000,2017-10-05 20:22:31.000000000,closed,10,jest-config uses ESM as of 21.2.1
332,2017-09-27 03:06:50.000000000,2017-09-27 19:31:38.000000000,closed,20,Istanbul ignore statements not being respected
331,2017-09-20 16:00:49.000000000,2017-10-04 08:57:00.000000000,closed,2,"Absolute paths, tests stopped working after adding moduleDirectories in jest conf"
330,2017-09-20 11:19:16.000000000,2017-09-20 16:55:44.000000000,closed,1,Revert yargs to 8.0.1
329,2017-09-20 08:32:17.000000000,2017-09-20 11:11:51.000000000,closed,0,Configure travis to update yarn.lock files
328,2017-09-19 21:37:53.000000000,2017-09-20 11:11:51.000000000,closed,1,Configure greenkeeper to update yarn.lock
327,2017-09-18 19:08:41.000000000,2017-09-18 19:25:56.000000000,closed,3,What should I use instead of __TS_CONFIG__ ?
326,2017-09-18 04:16:50.000000000,2017-09-18 09:37:09.000000000,closed,2,Update yargs to the latest version ðŸš€
325,2017-09-14 12:12:26.000000000,2017-09-14 14:28:53.000000000,closed,0,Bump version to 21.0.1
324,2017-09-13 22:53:13.000000000,2017-09-14 01:34:32.000000000,closed,1,Unexpected identifier error when async keyword is present
323,2017-09-08 17:10:55.000000000,2017-09-08 17:29:11.000000000,closed,2,What happened to coverageprocessor.js ?
322,2017-09-07 10:55:05.000000000,2017-09-07 11:23:44.000000000,closed,2,"Getting unexpedted token for jsx. [Question], [Help]."
321,2017-09-05 10:03:11.000000000,2017-09-14 14:28:53.000000000,closed,0,Use npm@latest in appveyor config
320,2017-09-05 07:04:16.000000000,2017-09-05 09:57:57.000000000,closed,1,Upgrade jest and deps to v21
319,2017-09-04 23:14:34.000000000,2017-09-05 10:01:09.000000000,closed,1,Update jest to the latest version ðŸš€
318,2017-09-04 22:29:23.000000000,2017-09-05 10:01:13.000000000,closed,0,Update jest-config to the latest version ðŸš€
317,2017-09-04 21:04:40.000000000,2017-09-05 10:01:17.000000000,closed,0,Update jest-util to the latest version ðŸš€
316,2017-09-04 20:07:37.000000000,2017-09-05 10:01:20.000000000,closed,0,Update babel-preset-jest to the latest version ðŸš€
315,2017-09-01 20:51:32.000000000,2017-09-01 23:39:34.000000000,closed,0,"Revert ""Adding info about limitations in debugger statements in README"""
314,2017-09-01 12:47:13.000000000,2017-09-02 06:58:12.000000000,closed,2,docs: fix typo (Javasript and Typescript)
313,2017-09-01 11:23:33.000000000,2017-09-01 12:09:08.000000000,closed,2,Adding info about limitations in debugger statements in README
312,2017-08-31 23:35:57.000000000,2017-09-05 10:44:42.000000000,closed,10,"Use ""canonical"" Jest configuration"
311,2017-08-31 23:30:24.000000000,2017-09-01 06:55:57.000000000,closed,3,Always remove outDir while computing TypeScript Config for transpiling
310,2017-08-30 23:56:25.000000000,2017-08-31 00:26:12.000000000,closed,3,Improve usage
309,2017-08-30 23:43:29.000000000,2017-09-02 07:12:55.000000000,closed,17,The debugger doesn't stop at debugger; statement in VSCode in source files when using Node v8.4.0
308,2017-08-30 15:03:11.000000000,2017-08-30 15:34:24.000000000,closed,1,Add note re const enum to README
307,2017-08-30 13:12:20.000000000,2017-08-30 14:17:43.000000000,closed,5,docs: unify package name styling
306,2017-08-30 11:41:07.000000000,2017-08-30 12:37:39.000000000,closed,5,Always set inlineSources and inlineSourceMap to true
305,2017-08-29 10:12:01.000000000,2017-08-29 16:29:04.000000000,closed,1,Bump version to 20.0.11
304,2017-08-29 08:54:24.000000000,2017-08-30 10:26:44.000000000,closed,16,Support prerelease version of Jest 21
303,2017-08-28 15:31:31.000000000,2017-09-27 11:40:27.000000000,closed,3,Using ts-jest together with ts-transformer-keys
302,2017-08-27 00:48:05.000000000,2017-08-27 02:36:49.000000000,closed,6,No inputs were found in config file 'tsconfig.json'. Code: 18003
301,2017-08-26 23:18:26.000000000,2017-08-30 12:23:51.000000000,closed,5,Improve documentation/error message when Jest config file is present in a different folder
300,2017-08-26 22:26:03.000000000,2017-08-29 09:56:00.000000000,closed,5,Bugfix/long file paths
299,2017-08-26 13:32:53.000000000,2017-08-30 12:37:39.000000000,closed,12,"The debugger doesn't stop at debugger; statement in VSCode with TypeScript compilerOptions.target=""es2017"""
298,2017-08-21 13:05:24.000000000,2017-08-21 13:35:41.000000000,closed,7,Can not run unit tests through jest framework because of SyntaxError: Unexpected token export
297,2017-08-20 17:23:32.000000000,2017-08-20 17:26:41.000000000,closed,0,Different behaviour when using util.promisify
296,2017-08-09 22:48:18.000000000,2017-08-11 19:01:45.000000000,closed,4,Write protect master
295,2017-08-09 22:47:40.000000000,2017-08-10 10:12:01.000000000,closed,1,Added Prettier support
294,2017-08-09 21:52:30.000000000,2017-08-09 21:53:06.000000000,closed,1,Fix tslint issues
293,2017-08-08 06:04:18.000000000,2017-08-24 21:21:55.000000000,closed,10,Breakpoints do not work in a file whose filename is not unique
292,2017-08-06 21:16:06.000000000,2017-08-06 22:02:39.000000000,closed,5,Let sourcemaps be cached
291,2017-08-05 21:13:35.000000000,2017-08-06 20:13:59.000000000,closed,4,Move @types/babel to dev dependencies
290,2017-08-04 16:56:34.000000000,2017-08-04 18:25:09.000000000,closed,4,Update docs to include json in `moduleFileExtensions`
289,2017-08-03 21:01:43.000000000,2017-10-31 23:43:21.000000000,closed,6,Dont retain source lines when sourceMaps are not used
288,2017-08-03 04:36:41.000000000,2017-08-05 12:40:15.000000000,closed,1,explicitly invalidate cache key when transform options change
287,2017-08-02 21:55:09.000000000,2017-09-06 10:15:07.000000000,closed,17,Allow a babelConfig option
286,2017-08-02 05:13:41.000000000,2017-08-04 11:15:24.000000000,closed,13,Cache tsconfig when generating per-file cache key.
285,2017-08-01 20:03:14.000000000,2017-08-04 17:52:14.000000000,closed,5,Fix typo: commmonjs -> commonjs
284,2017-07-30 17:55:51.000000000,2017-09-06 10:15:07.000000000,closed,16,Allow passing in full babel config
283,2017-07-29 05:56:00.000000000,2018-03-02 17:53:51.000000000,closed,12,line number is mismatch  when use console.log
282,2017-07-28 18:10:11.000000000,2017-08-30 10:26:44.000000000,closed,6,Support jest@test version
281,2017-07-28 12:58:15.000000000,2018-09-19 21:44:52.000000000,closed,24,Issues with exporting and importing enums
280,2017-07-28 11:37:10.000000000,2017-08-08 09:01:51.000000000,closed,18,Seems to be much slower than Mocha
279,2017-07-25 13:47:23.000000000,2017-07-26 18:32:42.000000000,closed,6,"Are the <reference path="""" /> ignored?"
278,2017-07-24 18:35:07.000000000,2017-08-11 10:29:07.000000000,closed,4,Add prettier to the project
277,2017-07-22 23:09:15.000000000,2017-07-23 11:49:07.000000000,closed,4,Update @types/fs-extra to the latest version ðŸš€
276,2017-07-20 22:01:29.000000000,2017-07-21 01:22:11.000000000,closed,4,typings directory ignored
275,2017-07-19 16:20:20.000000000,2017-07-19 21:50:18.000000000,closed,2,add bcruddy to the authors file and contributors section
274,2017-07-19 06:53:32.000000000,2017-07-21 11:48:49.000000000,closed,9,Create the initial collaborator guidelines
273,2017-07-18 19:09:53.000000000,2017-08-30 14:17:43.000000000,closed,2,Choose a style for writing package name itself
272,2017-07-17 18:44:31.000000000,2017-07-21 11:50:13.000000000,closed,6,Guidelines for collaborators
271,2017-07-17 18:39:06.000000000,2017-07-18 14:54:08.000000000,closed,5,Rewrite 'useBabelrc' documentation 
270,2017-07-17 07:28:08.000000000,2017-07-17 16:40:53.000000000,closed,2,"Add introduce about ""useBabelrc"" and ES import"
269,2017-07-17 04:05:01.000000000,2017-08-30 12:02:01.000000000,closed,12,Paths not being resolved.  Cannot find module X from Y
268,2017-07-14 23:02:11.000000000,2017-07-15 00:51:57.000000000,closed,4,"Update Travis CI environment, add fs-extra v4 to yarn.lock"
267,2017-07-14 22:06:11.000000000,2017-07-14 22:52:24.000000000,closed,0,Update fs-extra to the latest version ðŸš€
266,2017-07-13 23:12:59.000000000,2017-07-14 12:54:51.000000000,closed,3,Remove unnecessary quotation mark
265,2017-07-13 04:46:02.000000000,2017-07-18 14:54:08.000000000,closed,2,How about adding `useBabelrc` info into README.md?
264,2017-07-11 04:20:49.000000000,2017-07-13 06:30:13.000000000,closed,4,Async import broken in 20.0.7
263,2017-07-06 18:24:01.000000000,2017-07-07 12:54:24.000000000,closed,18,Change __TS_CONFIG__  to a ts-jest global configuration option named tsConfigFile
262,2017-07-06 15:21:30.000000000,2017-07-06 20:05:40.000000000,closed,0,Fix tslint errors and run tslint in CI
261,2017-07-05 19:30:21.000000000,2017-07-06 13:11:00.000000000,closed,5,don't use babelrc by default
260,2017-07-04 15:57:19.000000000,2017-07-05 15:36:39.000000000,closed,0,Add tests for dynamic imports
259,2017-07-04 13:55:09.000000000,2020-01-12 22:34:53.000000000,closed,66,Unit test runs very slow (6 sec per a test)
258,2017-07-04 10:32:06.000000000,2018-08-03 16:17:27.000000000,closed,49,Dynamic import support?
257,2017-06-30 09:08:26.000000000,2018-03-04 20:44:55.000000000,closed,17,Different behaviour than tsc+node when using class-transformer
256,2017-06-30 04:00:04.000000000,2017-07-06 15:24:13.000000000,closed,2,Use TypeScript compiler transformer API to hoist mock statements
255,2017-06-26 11:18:10.000000000,2017-07-06 14:06:19.000000000,closed,4,Create a skipbabelrc / usebabelrc flag
254,2017-06-21 12:55:46.000000000,2017-06-23 01:19:34.000000000,closed,2,"ts-jest v20.0.5 raises ""ReferenceError: regeneratorRuntime is not defined"" for TypeScript projects with generator functions"
253,2017-06-21 10:05:25.000000000,2017-06-23 05:35:32.000000000,closed,4,Jest Functionality Missing -- Cannot use jest.useFakeTimers() in .ts or .tsx test file
252,2017-06-18 13:08:44.000000000,2017-06-21 11:21:11.000000000,closed,8,"Bug: updating from 20.0.4 to 20.0.6 fails tests w/ ""babelHelpers is not defined"""
251,2017-06-18 03:09:10.000000000,2017-06-19 11:14:38.000000000,closed,9,added known limitation
250,2017-06-18 01:47:47.000000000,2017-06-18 02:48:40.000000000,closed,4,How to fail all tests or exit jest when there are TSC errors?
249,2017-06-15 20:41:26.000000000,2017-06-21 11:28:44.000000000,closed,3,"Use tsc to read config files, instead of separate tsconfig package"
248,2017-06-14 18:35:17.000000000,2017-06-15 23:22:55.000000000,closed,1,Removed requires
247,2017-06-13 19:25:19.000000000,2018-05-14 08:49:22.000000000,closed,18,ts-jest with react-native preset fails to preferentially load .native files
246,2017-06-13 18:17:57.000000000,2017-06-17 10:50:44.000000000,closed,1,Tell people to also install @types/jest
245,2017-06-13 16:27:47.000000000,2017-06-22 10:32:14.000000000,closed,5,"[Improvement] Let typescript load the config file, instead of tsconfig package"
244,2017-06-13 11:05:46.000000000,2017-06-13 16:21:18.000000000,closed,1,Readme
243,2017-06-12 20:15:01.000000000,2017-06-29 09:07:38.000000000,closed,6,Integrate with Jest itself
242,2017-06-09 14:32:54.000000000,2017-07-07 14:43:30.000000000,closed,8,"ReferenceError: Unknown plugin ""transform-runtime"" specified in ""/Users/xxx"""
241,2017-06-07 23:10:59.000000000,2017-06-07 23:53:18.000000000,closed,0,Test with Node v8 instead of v7
240,2017-06-04 11:50:05.000000000,2018-05-26 18:00:59.000000000,closed,6,jest.mock() calls underneath the code mangle the stacktraces
239,2017-05-31 14:00:20.000000000,2017-06-04 01:00:06.000000000,closed,23,Hoist mock calls
238,2017-05-30 19:52:33.000000000,2017-10-09 14:17:10.000000000,closed,10,Doesn't work with jest --projects switch
237,2017-05-30 16:20:01.000000000,2017-05-30 17:07:54.000000000,closed,3,Updated README ðŸ“–
236,2017-05-29 17:50:08.000000000,2017-05-30 12:56:10.000000000,closed,6,New pipeline
235,2017-05-25 22:54:01.000000000,2017-06-29 10:56:01.000000000,closed,20,Future of ts-jest babel integration
234,2017-05-25 17:03:31.000000000,2017-06-13 16:22:15.000000000,closed,5,Improve documentation
233,2017-05-25 15:26:43.000000000,2017-06-29 09:10:29.000000000,closed,3,jest mock function failed?
232,2017-05-24 21:07:08.000000000,2017-05-25 19:58:05.000000000,closed,7,Implement getCacheKey to invalidate jest cache when tsconfig changes
231,2017-05-24 12:49:34.000000000,2017-05-25 19:58:05.000000000,closed,0,Changing tsconfig.json doesn't invalidate Jest cache
230,2017-05-23 01:38:15.000000000,2017-06-09 10:33:17.000000000,closed,7,Coverage map doesn't line up
229,2017-05-22 22:34:11.000000000,2017-05-22 23:27:40.000000000,closed,0,upgrade ts-jest from 19.0.10 to 20.0.4 and jest from 19.0.2 to 20.0.3
228,2017-05-22 05:09:19.000000000,2017-06-14 18:38:11.000000000,closed,5,Use external Babel configuration
227,2017-05-21 14:11:20.000000000,2017-06-04 01:00:06.000000000,closed,13,Jest.mock calls are not hoisted to the top
226,2017-05-20 21:10:17.000000000,2017-05-20 21:33:15.000000000,closed,0,Code cleanups
225,2017-05-20 20:25:38.000000000,2017-06-15 23:22:55.000000000,closed,2,Remove requires from codebase
224,2017-05-20 20:16:23.000000000,2017-05-30 12:58:02.000000000,closed,4,Add .editorconfig
223,2017-05-20 17:33:11.000000000,2018-09-29 10:37:48.000000000,closed,35,Looking for collaborators
222,2017-05-20 00:27:10.000000000,2017-06-13 16:21:18.000000000,closed,0,Update readme with info about skipBabel
221,2017-05-19 06:44:03.000000000,2017-05-20 17:19:21.000000000,closed,12,fix: move jest deps to peer dependencies
220,2017-05-18 22:33:34.000000000,2017-05-18 22:57:12.000000000,closed,1,Add a flag that allows skipping babel
219,2017-05-18 17:29:16.000000000,2017-05-18 18:09:38.000000000,closed,2,No typechecking during running tests
218,2017-05-18 09:54:28.000000000,2017-05-18 16:17:56.000000000,closed,5,"`transformIgnorePatterns` is not work right, It spends to much time"
217,2017-05-17 19:38:36.000000000,2017-07-07 12:54:24.000000000,closed,32,Change __TS_CONFIG__ from a global variable to a jest configuration
216,2017-05-17 18:39:34.000000000,2017-05-17 19:08:30.000000000,closed,2,Updated readme with a better React Native configuration
215,2017-05-17 17:20:04.000000000,2017-05-17 17:30:31.000000000,closed,1,An in-range update of jest-util is breaking the build ðŸš¨
214,2017-05-16 02:28:32.000000000,2017-05-16 04:54:59.000000000,closed,4,Blueprintjs with `jest` gives import error
213,2017-05-14 23:09:50.000000000,2017-05-20 00:27:29.000000000,closed,20,Different TS-JEST / TS emitted code when importing 3rd party libs
212,2017-05-14 13:57:17.000000000,2017-08-30 14:30:05.000000000,closed,6,Breakpoints do not work with a react native setup in Visual Studio Code
211,2017-05-12 11:38:31.000000000,2017-05-30 13:39:48.000000000,closed,37,TypeError: mappedCoverage.addStatement is not a function
210,2017-05-11 22:42:54.000000000,2017-05-30 13:34:16.000000000,closed,14,TypeError: classnames is not a function when mapCoverage: true
209,2017-05-11 10:48:41.000000000,2017-05-17 19:12:15.000000000,closed,21,Breakpoints & sourcemaps do not work with a react native setup in Webstorm
208,2017-05-10 22:39:45.000000000,2017-05-10 22:57:24.000000000,closed,0,Use 'instrument' as proxy for 'collectCoverage'
207,2017-05-10 20:57:50.000000000,2017-05-10 22:57:24.000000000,closed,13,lcov html coverage report - looking for bad file paths
206,2017-05-10 03:26:11.000000000,2017-06-06 14:49:26.000000000,closed,14,Duplicate .js file in coverage report
205,2017-05-10 03:20:47.000000000,2017-05-10 23:28:17.000000000,closed,2,Importing from node_modules that contain Typescript causes SyntaxErrors
204,2017-05-09 10:47:06.000000000,2017-05-09 10:59:33.000000000,closed,0,Use Jest Config to obtain collectCoverage value
203,2017-05-08 12:17:46.000000000,2017-05-08 13:11:00.000000000,closed,1,fix: peer dependency against Typescript 2.x
202,2017-05-08 12:00:18.000000000,2017-05-08 17:16:06.000000000,closed,13,fix: remove outDir when collecting coverage
201,2017-05-08 10:43:02.000000000,2017-05-08 17:16:06.000000000,closed,15,Jest 20: mapCoverage
200,2017-05-06 23:48:21.000000000,2017-05-07 00:10:14.000000000,closed,0,Upgrade to Jest 20.0.0
199,2017-05-06 22:31:46.000000000,2017-05-07 00:10:14.000000000,closed,1,Upgrade to Jest 20.0.0
198,2017-05-06 21:21:24.000000000,2017-05-20 00:33:52.000000000,closed,9,Usage of ... and lodash makes typescript output js file without import and causes undefined error
197,2017-05-06 18:10:33.000000000,2017-05-07 01:37:57.000000000,closed,1,Update jest to the latest version ðŸš€
196,2017-05-06 18:03:05.000000000,2017-05-07 00:29:38.000000000,closed,0,Update jest-config to the latest version ðŸš€
195,2017-05-06 17:20:15.000000000,2017-05-07 00:40:51.000000000,closed,0,Update jest-util to the latest version ðŸš€
194,2017-05-06 16:52:28.000000000,2017-05-07 00:19:50.000000000,closed,0,Update babel-jest to the latest version ðŸš€
193,2017-05-03 19:09:41.000000000,2017-05-03 20:54:56.000000000,closed,0,Update yargs to the latest version ðŸš€
192,2017-05-02 22:40:14.000000000,2017-05-02 23:49:58.000000000,closed,6,Import errors with absolute paths from test directory to src.
191,2017-05-02 01:12:03.000000000,2017-05-02 01:42:34.000000000,closed,0,Update @types/fs-extra to the latest version ðŸš€
190,2017-04-30 06:00:31.000000000,2017-04-30 09:10:10.000000000,closed,1,TypeError when files imported from node_modules
189,2017-04-30 02:30:11.000000000,2017-07-07 14:45:01.000000000,closed,2,Changelog and Version Tags Missing
188,2017-04-28 06:00:39.000000000,2017-04-28 07:06:48.000000000,closed,1,Update fs-extra to the latest version ðŸš€
187,2017-04-28 01:36:18.000000000,2017-04-28 01:50:33.000000000,closed,0,An in-range update of typescript is breaking the build ðŸš¨
186,2017-04-28 00:14:36.000000000,2017-04-28 00:45:15.000000000,closed,0,Update coverage related tests with new values
185,2017-04-27 23:45:10.000000000,2017-04-28 00:45:15.000000000,closed,0,An in-range update of jest-config is breaking the build ðŸš¨
184,2017-04-27 20:51:26.000000000,2017-05-07 01:36:13.000000000,closed,2,The second argument of `jest.mock` must be a function
183,2017-04-27 09:43:22.000000000,2017-05-07 01:15:07.000000000,closed,3,Could not find source map for <random file>
182,2017-04-26 21:56:16.000000000,2017-04-26 23:28:30.000000000,closed,12,glamorous: Cannot read property 'div' of undefined
181,2017-04-26 20:57:42.000000000,2017-04-26 21:35:23.000000000,closed,2,make babel-jest normal dependency
180,2017-04-26 20:11:53.000000000,2017-04-26 20:19:15.000000000,closed,2,Fix/babel transpile only module statements
179,2017-04-26 19:26:25.000000000,2017-04-26 21:57:57.000000000,closed,3,Test that reproduces `regeneratorRuntime is not defined error` when using es6 functionality with `allowSyntheticDefaultImports: true`
178,2017-04-26 10:20:12.000000000,2017-04-26 22:57:56.000000000,closed,0,Update author list
177,2017-04-26 03:14:28.000000000,2017-04-26 20:19:15.000000000,closed,2,Broke node 4
176,2017-04-25 22:48:31.000000000,2017-05-07 01:36:27.000000000,closed,3,Absolute imports
175,2017-04-25 18:38:12.000000000,2017-04-26 10:12:00.000000000,closed,1,Adds completed jest setup for react native
174,2017-04-25 18:15:12.000000000,2017-04-26 23:24:25.000000000,closed,6,Cannot get ts-jest to create Snapshots when using React-native
173,2017-04-25 00:37:50.000000000,2017-04-25 09:36:15.000000000,closed,0,Update @maxdeviant's email address
172,2017-04-24 22:40:03.000000000,2017-04-25 09:48:09.000000000,closed,11,Support synthetic default imports
171,2017-04-24 21:55:28.000000000,2017-04-24 22:43:02.000000000,closed,0,Add note about the fix for long paths
170,2017-04-21 21:54:26.000000000,2017-04-22 16:38:16.000000000,closed,19,Unable to use breakpoints to debug TypeScript in Visual Studio Code.
169,2017-04-19 01:18:11.000000000,2017-04-24 22:43:02.000000000,closed,4,Error when cloning on Windows
168,2017-04-19 00:56:30.000000000,2017-05-07 01:35:34.000000000,closed,3,Allow configuration of TypeScript location
167,2017-04-16 23:54:09.000000000,2017-04-17 00:20:12.000000000,closed,0,Coverage text writer
166,2017-04-14 21:53:54.000000000,2017-04-18 07:09:14.000000000,closed,4,Coverage questions
165,2017-04-13 17:47:42.000000000,2017-04-13 17:54:19.000000000,closed,0,Strip package root part of filename before encoding cache filename
164,2017-04-12 01:05:57.000000000,2017-04-12 11:31:10.000000000,closed,2,moduleFileExtensions for typescript should be changed in the documentation to include json
163,2017-04-11 06:58:53.000000000,2017-04-11 10:03:26.000000000,closed,0,Remove unnecessary `^2.2.0-dev` for `typescript`
162,2017-04-10 15:28:02.000000000,2017-04-13 16:39:13.000000000,closed,3,Strip package root part of filename before encoding the filename for â€¦
161,2017-04-09 22:07:17.000000000,2017-04-09 22:19:12.000000000,closed,17,regression of Unexpected token import when using es2015 modules
160,2017-04-08 21:22:18.000000000,2017-04-09 22:19:21.000000000,closed,1,"{ ""automock"": true } causes an error"
159,2017-04-08 01:16:37.000000000,2017-04-08 01:16:54.000000000,closed,0,configure git on appveyor to allow long paths
158,2017-04-06 12:29:01.000000000,2017-04-08 02:36:16.000000000,closed,14,"ENAMETOOLONG: name too long, open..."
157,2017-04-06 00:26:06.000000000,2017-04-06 00:52:21.000000000,closed,0,Set module to commonjs if it isn't set
156,2017-04-05 22:45:35.000000000,2017-04-06 00:52:21.000000000,closed,9,ts-jest@19.0.7 fails to transform code
155,2017-04-05 01:36:09.000000000,2017-04-05 09:30:23.000000000,closed,0,Set inlineSourceMap to true unless it has been set to false
154,2017-04-04 16:04:09.000000000,2017-04-04 16:12:38.000000000,closed,2,Generated code different to tsc output using ES6 - for...of iterator issue
153,2017-04-04 10:17:08.000000000,2017-04-04 10:27:57.000000000,closed,0,146 patch
152,2017-04-04 00:58:37.000000000,2017-04-09 20:04:34.000000000,closed,7,Prevent ENAMETOOLONG by hashing path names
151,2017-04-03 21:44:53.000000000,2017-04-05 09:30:23.000000000,closed,0,Set inlineSourceMap to true if it hasn't been explicitly set by the user
150,2017-04-03 15:52:31.000000000,2017-04-03 21:46:05.000000000,closed,23,Sourcemap support when debugging (Intellij IDEA / Webstorm / others)
149,2017-03-31 01:23:45.000000000,2017-04-17 00:20:12.000000000,closed,12,Upgrading from 19.0.2 to 19.0.6
148,2017-03-30 18:09:00.000000000,2017-03-30 19:18:51.000000000,closed,0,Update AUTHORS
147,2017-03-30 17:58:50.000000000,2017-03-30 18:05:51.000000000,closed,0,Add note about remapped coverage reports directory
146,2017-03-29 02:33:59.000000000,2017-04-04 10:27:57.000000000,closed,27,Forced commonjs breaks synthetic default imports
145,2017-03-27 16:25:59.000000000,2017-03-27 19:55:52.000000000,closed,5,Support transforming html templates for Angular
144,2017-03-26 01:26:40.000000000,2017-03-26 01:37:49.000000000,closed,0,Create cache directory if it doesn't exist
143,2017-03-25 12:58:33.000000000,2017-03-25 13:06:08.000000000,closed,0,Update dependencies to enable Greenkeeper ðŸŒ´
142,2017-03-25 11:52:13.000000000,2017-03-25 12:05:08.000000000,closed,0,Harden tsconfig comments test
141,2017-03-25 11:15:59.000000000,2017-03-25 11:27:42.000000000,closed,0,Allow comments in extended tsconfig files
140,2017-03-24 13:25:01.000000000,2017-03-24 13:36:00.000000000,closed,0,Allow comments in tsconfig.json
139,2017-03-24 02:23:29.000000000,2017-03-25 11:27:43.000000000,closed,4,Comments in tsconfig.json
138,2017-03-24 01:28:35.000000000,2017-03-26 01:37:49.000000000,closed,21,ts-jest not created when it does not exist and then coverage crash
137,2017-03-24 00:51:34.000000000,2017-03-24 19:21:28.000000000,closed,5,Fails to import modules inside imported module from tests
136,2017-03-19 14:36:27.000000000,2017-03-20 23:14:05.000000000,closed,10,Latest version (19.0.2) does not generate coverage for me (errors)
135,2017-03-18 23:41:30.000000000,2017-03-19 00:28:37.000000000,closed,0,Process JS files if `allowJs` flag is `true`
134,2017-03-18 22:40:27.000000000,2017-03-18 23:08:39.000000000,closed,0,Update AUTHORS
133,2017-03-18 22:16:13.000000000,2017-03-19 00:28:37.000000000,closed,4,allowJs does not compile JavaScript files
132,2017-03-17 23:26:18.000000000,2017-03-18 22:33:49.000000000,closed,8,Fix coverage for 19.x
131,2017-03-15 22:42:39.000000000,2017-03-15 22:42:45.000000000,closed,0,Create ISSUE_TEMPLATE
130,2017-03-15 18:40:50.000000000,2017-03-15 21:15:50.000000000,closed,9,"Getting ""__decorate is not defined"" when importing Angular 2 Components"
129,2017-03-14 22:52:08.000000000,2017-03-14 22:52:20.000000000,closed,1,Update AUTHORS
128,2017-03-14 14:58:38.000000000,2017-03-14 16:02:45.000000000,closed,3,feat: export transpileIfTypescript
127,2017-03-14 12:02:14.000000000,2017-03-14 16:02:45.000000000,closed,5,Transpile transformers
126,2017-03-13 11:04:00.000000000,2017-03-13 11:21:58.000000000,closed,0,Update AUTHORS
125,2017-03-13 08:14:03.000000000,2017-03-13 11:02:16.000000000,closed,1,Update README.md
124,2017-03-11 01:18:23.000000000,2017-03-11 01:45:54.000000000,closed,0,Reorder a sentence to prevent confusion
123,2017-03-11 00:51:08.000000000,2017-03-11 01:15:42.000000000,closed,0,Hardcode module commonjs
122,2017-03-10 16:49:47.000000000,2017-03-11 01:15:42.000000000,closed,0,Hardcode 'module' to 'commonjs' for testing
121,2017-03-06 23:05:44.000000000,2017-03-08 11:21:19.000000000,closed,13,Not processing correctly when using es2015 modules
120,2017-03-02 17:10:57.000000000,2017-06-29 09:09:47.000000000,closed,24,jest.mock() makes module undefined when importing it no matter what we return in factory function
119,2017-03-01 21:04:13.000000000,2017-03-01 21:16:35.000000000,closed,0,"Revert ""Examples comparing ts-jest and Jest setups"""
118,2017-03-01 19:04:07.000000000,2017-03-01 19:27:15.000000000,closed,6,Examples comparing ts-jest and Jest setups
117,2017-02-24 11:07:22.000000000,2017-02-24 11:19:05.000000000,closed,0,Remove unnecessary try/catch
116,2017-02-23 20:05:08.000000000,2017-02-24 11:19:05.000000000,closed,2,Parsing algorithm of jest config from package.json swallows errors
115,2017-02-21 23:22:07.000000000,2017-02-21 23:30:09.000000000,closed,0,Upgrade jest version
114,2017-02-10 07:49:54.000000000,2017-02-21 23:23:41.000000000,closed,17,Sourcemaps do not work
113,2017-02-07 19:40:48.000000000,2017-03-19 00:35:33.000000000,closed,25,Not generating remapped with jest ^18.1.0
112,2017-02-06 17:29:15.000000000,2017-02-08 14:22:58.000000000,closed,9,Constant enums are not compiled
111,2017-02-06 10:37:49.000000000,2017-02-06 11:44:42.000000000,closed,0,Update Authors
110,2017-02-05 10:46:58.000000000,2017-02-05 10:47:05.000000000,closed,0,Bump version
109,2017-02-05 10:09:32.000000000,2017-02-05 10:44:44.000000000,closed,1,Add dependencies on `jest-util` and `jest-config`
108,2017-02-05 08:31:46.000000000,2017-02-05 10:44:44.000000000,closed,1,Can not use module on node v4
107,2017-02-01 08:27:16.000000000,2017-02-02 03:58:41.000000000,closed,2,Tests are reported twice - once for .ts and once for .js file
106,2017-02-01 01:02:59.000000000,2017-02-01 01:11:39.000000000,closed,0,Enable async tests
105,2017-01-31 11:53:41.000000000,2017-01-31 11:59:41.000000000,closed,2,Increase the watch limit in travis
104,2017-01-30 17:26:44.000000000,2017-03-22 16:35:28.000000000,closed,27,It generates remapped coverage only for main.ts
103,2017-01-28 18:21:33.000000000,2017-03-19 01:02:13.000000000,closed,2,The watched jest tests with results remapping fail.
102,2017-01-27 11:02:39.000000000,2017-01-27 11:02:45.000000000,closed,0,Update AUTHORS
101,2017-01-25 22:11:04.000000000,2017-05-07 00:13:50.000000000,closed,7,How to display remapped coverage report in the terminal?
100,2017-01-25 20:16:16.000000000,2017-01-25 20:16:23.000000000,closed,0,Bump package version
99,2017-01-22 13:01:24.000000000,2017-01-25 09:43:34.000000000,closed,2,[React-Native] SyntaxError: Unexpected token import
98,2017-01-18 01:24:58.000000000,2017-01-18 12:09:12.000000000,closed,7,"Add ability to resolve ""extends"" directive in tsconfig.json"
97,2017-01-17 05:00:13.000000000,2017-03-19 00:52:19.000000000,closed,11,Coverage Report - incorrect lines
96,2017-01-06 06:05:38.000000000,2017-01-06 06:05:44.000000000,closed,0,Update AUTHORS
95,2017-01-05 04:37:32.000000000,2017-01-05 12:39:17.000000000,closed,1,Add installation steps for React Native in README
94,2016-12-31 00:58:36.000000000,2016-12-31 00:58:48.000000000,closed,0,Update AUTHORS
93,2016-12-30 11:16:22.000000000,2016-12-30 11:16:59.000000000,closed,0,Bump version
92,2016-12-30 01:21:20.000000000,2017-01-05 15:29:07.000000000,closed,14,Should this work with react native?
91,2016-12-30 00:47:53.000000000,2016-12-30 11:14:39.000000000,closed,1,Relax peer dependency version range on Jest
90,2016-12-28 15:53:08.000000000,2017-05-13 11:37:38.000000000,closed,25,Mocking functions of jest not working (need to babel-jest)
89,2016-12-23 12:55:21.000000000,2017-01-31 11:59:41.000000000,closed,0,Tests are randomly failing on Travis
88,2016-12-23 12:50:30.000000000,2016-12-23 12:53:52.000000000,closed,0,Update AUTHORS
87,2016-12-22 23:00:13.000000000,2016-12-22 23:03:08.000000000,closed,0,Disable async tests
86,2016-12-22 21:35:45.000000000,2016-12-22 21:42:41.000000000,closed,0,Disable tests for watch mode
85,2016-12-22 21:24:51.000000000,2016-12-22 21:28:02.000000000,closed,0,Don't use `latest` as version for jest
84,2016-12-22 20:35:13.000000000,2016-12-22 21:12:15.000000000,closed,0,Disable tests for watch
83,2016-12-21 09:09:36.000000000,2016-12-23 11:59:09.000000000,closed,10,Update for jest@18
82,2016-12-14 14:52:05.000000000,2016-12-14 17:38:26.000000000,closed,11,Error When Including Module From Mapped Path
81,2016-12-10 12:31:39.000000000,2016-12-23 12:45:37.000000000,closed,3,Dependency on `jest-util` and `jest-config` on older node environment
80,2016-12-07 18:49:33.000000000,2016-12-07 18:49:53.000000000,closed,0,Update AUTHORS
79,2016-12-06 05:55:17.000000000,2017-03-24 11:59:35.000000000,closed,21,Type error reporting
78,2016-12-03 01:09:33.000000000,2016-12-03 01:09:38.000000000,closed,0,Fix appveyor badge
77,2016-12-02 22:00:41.000000000,2016-12-03 17:51:09.000000000,closed,0,Absolute path imports
76,2016-12-02 17:35:00.000000000,2016-12-02 17:41:40.000000000,closed,0,Test script improvement
75,2016-12-01 21:11:19.000000000,2016-12-01 21:12:10.000000000,closed,0,Fix AppVeyor badge
74,2016-12-01 20:48:22.000000000,2016-12-01 20:57:52.000000000,closed,0,Temporary fix for #53 omitting some tests on AppVeyor.
73,2016-12-01 17:43:17.000000000,2016-12-01 17:43:45.000000000,closed,0,Fix gitignore. Bump version
72,2016-12-01 17:00:09.000000000,2016-12-01 17:00:15.000000000,closed,0,Bump npm version
71,2016-12-01 16:53:01.000000000,2016-12-01 16:56:43.000000000,closed,0,Handle 'use strict'
70,2016-12-01 12:02:40.000000000,2017-05-07 00:13:28.000000000,closed,4,coverageprocessor breaks when jest is not run with --no-cache
69,2016-12-01 11:59:36.000000000,2016-12-01 16:56:43.000000000,closed,1,ts-jest breaks strict mode
68,2016-12-01 03:22:30.000000000,2017-03-24 12:00:06.000000000,closed,11,Using Babel as secondary compiler
67,2016-11-30 22:37:26.000000000,2016-11-30 22:40:59.000000000,closed,0,Bump npm version
66,2016-11-30 22:05:08.000000000,2016-11-30 22:34:25.000000000,closed,1,Support dev versions of typescript.
65,2016-11-29 00:38:28.000000000,2016-11-29 11:17:23.000000000,closed,3,Line numbers in coverage wrong with coverageprocessor
64,2016-11-28 18:10:39.000000000,2016-12-05 14:47:35.000000000,closed,11,Support for imports with absolute path
63,2016-11-28 17:55:38.000000000,2017-03-24 12:02:40.000000000,closed,11,"Support for ""jsx"": ""preserve"" config"
62,2016-11-25 01:38:00.000000000,2016-11-25 12:02:21.000000000,closed,2,Loosen TS version (use ^ instead of ~)
61,2016-11-14 02:24:10.000000000,2017-05-07 00:13:15.000000000,closed,6,Allow customization of remapped output path
60,2016-11-14 02:21:08.000000000,2016-11-25 17:42:27.000000000,closed,3,"""Error: Could not find source map for ..."" always when used without --no-cache"
59,2016-11-10 19:56:19.000000000,2016-11-11 16:21:06.000000000,closed,5,Could not find source map for
58,2016-11-10 15:45:11.000000000,2016-11-28 18:12:00.000000000,closed,12,"How to use with target=""es6""?"
57,2016-11-09 16:11:25.000000000,2016-11-09 17:31:35.000000000,closed,2,Package versioning
56,2016-11-09 08:17:06.000000000,2016-11-16 07:48:15.000000000,closed,11,"[ERROR] Unknown config option ""transform"" on jest v0.17"
55,2016-11-06 17:25:44.000000000,2016-12-01 21:36:50.000000000,closed,1,Replace before/after -all with -each
54,2016-11-04 22:04:32.000000000,2016-11-06 18:33:35.000000000,closed,0,Dummy commit to test appveyor
53,2016-11-04 21:26:42.000000000,2017-03-24 12:02:49.000000000,closed,17,Appveyor support
52,2016-11-04 20:23:55.000000000,2016-11-04 20:30:39.000000000,closed,0,Fix for source map consumer
51,2016-11-03 20:33:00.000000000,2016-11-03 20:40:14.000000000,closed,0,"Revert ""Removing handlers for source-map-support."""
50,2016-11-03 18:23:58.000000000,2016-11-03 20:11:42.000000000,closed,3,Removing handlers for source-map-support.
49,2016-11-02 19:37:11.000000000,2016-11-02 20:43:33.000000000,closed,3,Integration tests with watch
48,2016-11-02 18:01:15.000000000,2017-03-24 11:58:59.000000000,closed,0,Use one package for spawning/killing processes.
47,2016-11-02 03:26:32.000000000,2016-11-02 13:23:28.000000000,closed,1,Update test coverage for unexpected coverage values
46,2016-11-01 16:08:13.000000000,2016-11-01 16:58:16.000000000,closed,24,How to debug with vscode?
45,2016-10-29 01:55:23.000000000,2016-11-07 20:03:21.000000000,closed,25,SourceMapConsumer error
44,2016-10-27 22:50:27.000000000,2016-10-27 23:27:02.000000000,closed,1,Prevent failure when unexpected value passed
43,2016-10-27 20:27:14.000000000,2016-11-08 19:45:15.000000000,closed,5,[Bug]: TypeError: Cannot read property 'coverageConfig' of undefined
42,2016-10-27 01:56:57.000000000,2017-03-19 00:52:10.000000000,closed,6,How to debug coverage source remap?
41,2016-10-26 11:06:22.000000000,2016-10-26 11:11:36.000000000,closed,0,Add node 7.x to travis config (failure allowed)
40,2016-10-26 04:44:56.000000000,2016-11-12 13:36:47.000000000,closed,12,Missing modules
39,2016-10-25 17:30:18.000000000,2016-10-25 17:30:52.000000000,closed,0,Travis-ci fix for node4
38,2016-10-25 16:54:42.000000000,2016-10-25 16:58:38.000000000,closed,0,Allow Node 4 failure till we can support it
37,2016-10-25 15:35:29.000000000,2017-03-24 11:58:38.000000000,closed,6,Coverage difference while targeting ES5 and ES6
36,2016-10-25 14:36:47.000000000,2016-10-26 18:24:15.000000000,closed,7,Node.js 4 support
35,2016-10-25 11:54:09.000000000,2016-10-25 14:38:25.000000000,closed,1,fs.constants.R_OK in utils.ts is not compatible with Node 4.x LTS.
34,2016-10-25 01:04:47.000000000,2016-10-25 01:08:09.000000000,closed,0,Use travis 
33,2016-10-23 12:59:33.000000000,2016-10-24 11:13:56.000000000,closed,4,Add basic tests for coverage remapping
32,2016-10-18 01:51:58.000000000,2016-11-02 20:48:16.000000000,closed,20,Create integration tests with Jest caching enabled
31,2016-10-17 21:36:20.000000000,2016-10-17 21:40:36.000000000,closed,1,Authors patch
30,2016-10-17 19:41:57.000000000,2017-03-24 11:58:22.000000000,closed,7,Cache support
29,2016-10-17 18:32:16.000000000,2016-10-17 18:36:14.000000000,closed,1,Fixing #15
28,2016-10-17 11:30:53.000000000,2016-10-17 11:32:07.000000000,closed,0,Create AUTHORS
27,2016-10-17 03:32:41.000000000,2016-10-17 10:41:51.000000000,closed,0,Do not store test case source maps into cache
26,2016-10-16 16:26:35.000000000,2016-10-24 13:21:24.000000000,closed,12,Coverage integration test for PR #25
25,2016-10-16 10:55:03.000000000,2016-10-16 16:24:58.000000000,closed,7,Support code coverage remapping
24,2016-10-14 15:36:40.000000000,2016-10-14 15:36:55.000000000,closed,3,Bump version.
23,2016-10-14 15:28:17.000000000,2016-10-14 15:32:17.000000000,closed,0,Fixing tsconfig issues.
22,2016-10-13 23:35:20.000000000,2016-10-14 15:51:09.000000000,closed,1,__TC_CONFIG__ in package.json jest.globals
21,2016-10-12 19:00:38.000000000,2016-10-12 19:02:13.000000000,closed,0,#17 minimal config for testing with TS.
20,2016-10-12 17:36:18.000000000,2016-10-12 17:38:44.000000000,closed,0,Fixing #18
19,2016-10-12 15:37:43.000000000,2016-10-16 16:24:58.000000000,closed,6,Coverage
18,2016-10-12 14:43:14.000000000,2016-10-12 17:38:59.000000000,closed,0,Try to use Jest mocking instead of creating symlink for integration test
17,2016-10-12 14:41:45.000000000,2016-10-12 19:02:31.000000000,closed,0,Tests with TS.
16,2016-10-12 14:25:55.000000000,2016-10-12 14:27:18.000000000,closed,0,Minimal TS config. #14
15,2016-10-11 17:34:13.000000000,2016-10-17 19:45:24.000000000,closed,3,Decomposing index.js
14,2016-10-11 17:33:45.000000000,2016-10-12 14:27:41.000000000,closed,2,Source with TS
13,2016-10-11 17:27:28.000000000,2017-03-24 11:56:20.000000000,closed,4,Enable zero-config
12,2016-10-10 19:20:02.000000000,2016-10-10 19:29:46.000000000,closed,3,Implementing #11 and adding Table of Contents.
11,2016-10-09 12:07:34.000000000,2016-10-10 19:29:46.000000000,closed,0,Update README to reflect changes in PR  #9
10,2016-10-07 23:07:38.000000000,2016-10-08 15:56:47.000000000,closed,2,preprocessor - add tsconfig support
9,2016-10-07 20:14:39.000000000,2016-10-08 17:17:45.000000000,closed,4,Issue  #8 fix. Test and dependencies refactoring.
8,2016-10-06 19:44:59.000000000,2016-10-08 17:17:46.000000000,closed,3,TSconfig support
7,2016-10-05 10:19:41.000000000,2016-10-05 10:20:29.000000000,closed,0,Incorporate Jest's new output in test expectations
6,2016-09-22 21:22:58.000000000,2016-09-22 21:23:32.000000000,closed,0,Update dependencies
5,2016-09-16 15:46:08.000000000,2016-09-16 15:46:29.000000000,closed,1,Use correct tsc compiler option  values
4,2016-09-16 13:00:22.000000000,2016-09-16 14:20:36.000000000,closed,3,JSX: Unexpected token #3 - reproduce a bug
3,2016-09-15 21:14:37.000000000,2016-09-16 15:46:29.000000000,closed,20,JSX: Unexpected token
2,2016-09-15 13:36:19.000000000,2016-09-15 16:23:00.000000000,closed,17,Failing bindings
1,2016-09-09 19:08:15.000000000,2016-09-22 21:23:32.000000000,closed,2,Update dependency to support TS2.0
