id,created_at,closed_at,state,comments,title
1163,2020-08-31 13:30:44.000000000,1970-01-01 00:00:00.000000001,open,1,Update circleci/golang Docker tag to v1.15
1162,2020-08-31 11:29:26.000000000,2020-08-31 12:53:15.000000000,closed,1,Update circleci/golang Docker tag to v1.15 - autoclosed
1161,2020-08-28 04:52:45.000000000,1970-01-01 00:00:00.000000001,open,0,Update storybook monorepo to v6 (major)
1160,2020-08-28 01:02:05.000000000,1970-01-01 00:00:00.000000001,open,0,Update dependency ts-sinon to v2
1159,2020-08-27 07:25:32.000000000,1970-01-01 00:00:00.000000001,open,1,Glue code not found when Anonymous Parameter Types are used
1158,2020-08-26 21:25:04.000000000,2020-08-28 04:24:51.000000000,closed,0,Update dependency @storybook/react to v6 - autoclosed
1157,2020-08-25 10:08:18.000000000,1970-01-01 00:00:00.000000001,open,1,cucumber-json-formatter does not convert ndjson to json correctly - missing screenshot
1156,2020-08-24 23:12:54.000000000,1970-01-01 00:00:00.000000001,open,0,Update dependency sass-loader to v10
1155,2020-08-21 22:00:35.000000000,1970-01-01 00:00:00.000000001,open,0,Update dependency ts-node to v9
1154,2020-08-20 20:34:26.000000000,1970-01-01 00:00:00.000000001,open,0,Update dependency typescript to v4
1153,2020-08-19 21:22:03.000000000,2020-08-20 22:48:03.000000000,closed,1,Update dependency cucumber to ~> 4.1.0
1152,2020-08-19 20:30:47.000000000,1970-01-01 00:00:00.000000001,open,0,Update dependency cucumber to v5
1151,2020-08-19 03:23:15.000000000,2020-08-19 16:41:06.000000000,closed,1,Update dependency org.mockito:mockito-junit-jupiter to v3.5.2
1150,2020-08-18 16:16:01.000000000,2020-08-18 16:45:48.000000000,closed,0,Add ci property to create_meta. Make ruby cck run again
1149,2020-08-18 15:28:17.000000000,2020-08-19 12:00:16.000000000,closed,4,Gherkin-Windows-386.exe Detected as malware.
1148,2020-08-18 13:50:54.000000000,2020-08-18 16:42:15.000000000,closed,0,Add some information about how packages and languages are mapped
1146,2020-08-13 05:50:25.000000000,2020-08-31 10:53:02.000000000,closed,1,Update circleci/golang Docker tag to v1.15 - autoclosed
1145,2020-08-13 00:54:48.000000000,2020-08-13 00:57:40.000000000,closed,5,Remove letter case variations from Gherkin
1144,2020-08-11 13:09:20.000000000,2020-08-11 14:02:43.000000000,closed,1,Update the link to Gherkin
1143,2020-08-11 10:44:24.000000000,2020-08-26 21:11:31.000000000,closed,0,Update storybook monorepo to v6 (major) - autoclosed
1142,2020-08-08 01:58:36.000000000,2020-08-08 13:34:26.000000000,closed,1,Update module cucumber/messages-go/v13 to v13.0.1 - autoclosed
1141,2020-08-08 00:52:00.000000000,2020-08-08 12:57:33.000000000,closed,0,Update dependency io.cucumber:messages to v13 - autoclosed
1140,2020-08-07 19:29:01.000000000,2020-08-07 22:19:36.000000000,closed,0,Set pom version ranges as part of release process
1139,2020-07-09 21:49:08.000000000,1970-01-01 00:00:00.000000001,open,5,Ability to name the hooks
1138,2020-08-05 13:04:50.000000000,1970-01-01 00:00:00.000000001,open,0,Stricter TS config
1137,2020-08-05 12:28:35.000000000,2020-08-06 19:55:52.000000000,closed,0,Add semantic CSS classes to React
1136,2020-08-05 11:12:34.000000000,2020-08-06 19:55:09.000000000,closed,0,Expose filterByStatus and fix signature
1135,2020-08-03 17:52:47.000000000,2020-08-07 15:27:19.000000000,closed,0,Create meta java runtime fix
1134,2020-08-03 02:23:50.000000000,2020-08-03 23:13:36.000000000,closed,1,Update dependency com.fasterxml.jackson.datatype:jackson-datatype-jdk8 to v2.11.2
1133,2020-08-02 15:00:59.000000000,2020-08-07 19:41:23.000000000,closed,0,cucumber-expressions: include GeneratedExpression in main export
1132,2020-07-31 19:11:34.000000000,2020-08-07 19:50:28.000000000,closed,0,Export contexts so they can be used in external components
1131,2020-07-31 15:47:04.000000000,2020-08-07 19:46:23.000000000,closed,0,fake-cucumber: Differentiate between clock and stopwatch
1130,2020-07-31 15:12:52.000000000,2020-07-31 16:12:31.000000000,closed,0,Support GitHub Enterprise
1129,2020-07-31 13:51:58.000000000,2020-07-31 14:10:54.000000000,closed,0,messages: Use resource bundle to determine message protocol version
1128,2020-07-30 18:23:12.000000000,2020-07-31 14:12:06.000000000,closed,0,messages: Add suggested file name to the Attachment messages
1127,2020-07-30 12:08:09.000000000,2020-07-31 14:10:54.000000000,closed,0,create-meta/java: The wrong message protocol version is used when depencies are shaded
1126,2020-07-28 19:39:00.000000000,2020-08-07 23:36:02.000000000,closed,1,Handle potential missing Location
1125,2020-07-28 18:13:35.000000000,2020-07-29 17:54:47.000000000,closed,2,Add human readable duration in react
1124,2020-07-28 17:20:48.000000000,2020-07-28 18:06:42.000000000,closed,0,Fix linking error during serial build
1123,2020-07-27 22:42:45.000000000,1970-01-01 00:00:00.000000001,open,0,gherkin: Rules can not be tagged
1122,2020-07-26 14:54:59.000000000,1970-01-01 00:00:00.000000001,open,1,gherkin: Having a Comment before a description breaks parsing
1121,2020-07-25 20:28:36.000000000,2020-07-30 09:37:26.000000000,closed,0,Update dependency css-loader to v4 - autoclosed
1120,2020-07-23 19:31:42.000000000,2020-07-24 18:59:02.000000000,closed,4,messages: Add JavaMethod and JavaStackTraceElement as SourceReference
1119,2020-07-21 00:26:11.000000000,2020-07-24 18:59:01.000000000,closed,2,messages: SourceReference should support non-uri based resources
1118,2020-07-19 18:09:26.000000000,2020-07-21 12:05:08.000000000,closed,0,Update dependency commander to v6
1116,2020-07-15 12:15:55.000000000,1970-01-01 00:00:00.000000001,open,5,Attaching base64 encoded data - should cucumber decide by itself for re-encoding ?
1115,2020-07-13 21:14:56.000000000,2020-07-15 17:56:31.000000000,closed,1,/gherkin/go: fix Gherkin link
1113,2020-07-12 13:50:58.000000000,1970-01-01 00:00:00.000000001,open,0,react: Features should be identified by their name
1112,2020-07-12 12:50:57.000000000,2020-07-20 18:16:08.000000000,closed,0,Update dependency @types/mocha to v8
1111,2020-07-10 13:04:33.000000000,2020-07-20 13:02:28.000000000,closed,13,Use FilteredResults as the HTML report entry point
1110,2020-07-10 10:32:51.000000000,2020-07-10 13:28:33.000000000,closed,1,Update dependency cucumber to v4.1.0
1109,2020-07-09 20:52:56.000000000,2020-07-09 22:47:39.000000000,closed,1,chore(deps): update cucumber.version to v6.2.2
1108,2020-07-09 17:31:21.000000000,2020-07-10 10:02:16.000000000,closed,0,cucumber-expressions: Use Unicode symbols as a parameter boundary in snippets
1107,2020-07-09 00:43:10.000000000,2020-07-20 17:32:34.000000000,closed,0,Update dependency ts-loader to v8
1106,2020-07-08 21:12:02.000000000,2020-07-08 21:23:50.000000000,closed,1,"Tags ""not allowable type"" in runner class since update to Cucumber 6"
1105,2020-07-07 21:22:34.000000000,1970-01-01 00:00:00.000000001,open,7,Cannot find the cucumber-json-formatter binaries
1104,2020-07-04 21:46:40.000000000,2020-07-04 21:47:45.000000000,closed,0,build: Extact Dockerfile to its own repo
1103,2020-07-02 19:00:47.000000000,2020-07-20 16:28:36.000000000,closed,0,Update dependency sass-loader to v9
1102,2020-07-02 18:33:27.000000000,2020-07-03 10:00:00.000000000,closed,1,gherkin/javascript: Throw NoSuchLanguageException when language is unknown
1101,2020-07-02 17:35:18.000000000,2020-07-02 18:09:06.000000000,closed,0,build: Fix maven-shade warnings
1100,2020-07-02 11:31:58.000000000,1970-01-01 00:00:00.000000001,open,1,Use ndjson by default
1099,2020-07-01 16:50:09.000000000,2020-07-21 13:50:58.000000000,closed,3,Fix computing Timestamps in Ruby
1098,2020-07-01 13:01:10.000000000,2020-07-06 11:38:36.000000000,closed,1,chore(deps): update dependency cucumber to v4.1.0
1097,2020-06-29 17:21:41.000000000,1970-01-01 00:00:00.000000001,open,4,Cannot release json-to-messages
1096,2020-06-29 04:45:10.000000000,1970-01-01 00:00:00.000000001,open,4,messages: Dependency on activesupport via (ruby-protobuf / protobuf-cucumber)
1094,2020-06-29 02:27:33.000000000,2020-06-29 22:46:06.000000000,closed,1,Gherkin remove test methods
1093,2020-06-28 16:54:37.000000000,2020-06-29 15:06:22.000000000,closed,5,Adding scenario location to Pickel
1092,2020-06-27 16:42:49.000000000,1970-01-01 00:00:00.000000001,open,1,General/Dotnet: Tag support on Rules
1091,2020-06-26 22:50:51.000000000,1970-01-01 00:00:00.000000001,open,3,datatable/java: Support `Optional<T>`
1090,2020-06-26 18:05:38.000000000,2020-07-02 18:09:06.000000000,closed,0,java: Maven shade warnings
1089,2020-06-26 17:26:30.000000000,2020-07-09 16:36:11.000000000,closed,0,build: Extact Dockerfile to its own repo v2
1088,2020-06-26 17:00:36.000000000,2020-06-26 18:37:51.000000000,closed,1,Display CI info in html formatter
1087,2020-06-26 16:56:48.000000000,2020-06-30 17:26:20.000000000,closed,3,983 add visible anchors
1086,2020-06-26 12:15:35.000000000,1970-01-01 00:00:00.000000001,open,0,Updated Examples for Gherkin/Tag-Expression Javascript
1085,2020-06-25 23:42:54.000000000,2020-06-25 23:47:57.000000000,closed,0,Move secrets out of the monorepo
1084,2020-06-25 21:40:18.000000000,2020-06-25 23:47:22.000000000,closed,0,react/javascript: Do not use clickable links for parameters
1083,2020-06-25 13:51:04.000000000,2020-06-25 17:44:19.000000000,closed,0,Update cucumber.version to v6.1.2
1082,2020-06-25 08:47:49.000000000,2020-06-25 13:49:46.000000000,closed,0,Update dependency com.fasterxml.jackson.datatype:jackson-datatype-jdk8 to v2.11.1
1081,2020-06-25 07:59:16.000000000,2020-06-25 12:16:59.000000000,closed,0,Update dependency com.fasterxml.jackson.core:jackson-databind to v2.11.1
1080,2020-06-24 22:50:10.000000000,2020-06-25 00:47:30.000000000,closed,2,Update dependency io.cucumber:cucumber-parent to v2.1.1
1079,2020-06-24 20:23:36.000000000,2020-06-25 17:40:44.000000000,closed,1,Update dependency Grpc.Tools to v2.30.0
1078,2020-06-24 11:53:52.000000000,2020-06-24 18:35:59.000000000,closed,0,gherkin-query ruby: do not try to lookup feature attributes if nil
1077,2020-06-24 00:46:45.000000000,2020-06-24 01:24:30.000000000,closed,0,gherkin/javascript: Escape regex characters in table header
1076,2020-06-23 00:21:29.000000000,2020-06-23 23:49:20.000000000,closed,0,cucumber-expressions: Retain position of optional groups
1075,2020-06-22 20:37:33.000000000,2020-06-24 12:53:53.000000000,closed,0,fix ruby gherkin parser constructor
1074,2020-06-22 18:56:29.000000000,2020-06-24 12:53:55.000000000,closed,6,cucumber/gherkin/ruby 13.0.0 Gherkin::Parser instantiates Gherkin::AstBuilder with wrong arguments
1073,2020-06-22 15:20:16.000000000,2020-06-22 20:41:29.000000000,closed,0,Update dependency @types/marked to v1
1072,2020-06-22 02:21:22.000000000,2020-06-22 20:42:18.000000000,closed,0,Flatten ndjson files. Fixes #1046
1071,2020-06-21 02:23:29.000000000,2020-06-22 02:53:06.000000000,closed,2,cucumber-expressions/java: Allow parameter types in optional groups
1070,2020-06-19 16:06:00.000000000,2020-06-22 15:28:07.000000000,closed,1,[gherkin-c] Problem: rule_type.h required to compile library
1069,2020-06-18 20:05:48.000000000,2020-06-23 23:47:26.000000000,closed,0,cucumber-expressions: parse all group variants
1068,2020-06-18 16:52:45.000000000,2020-06-18 18:32:06.000000000,closed,2,chore(deps): update dependency cucumber to v4
1067,2020-06-18 11:40:46.000000000,2020-06-26 15:13:31.000000000,closed,3,Filter scenarios by status + display Summary
1066,2020-06-17 11:37:00.000000000,2020-06-18 16:18:14.000000000,closed,1,Cucumber: Fixed #1049 by adding JAVA_HOME to Dockerfile
1065,2020-06-16 13:28:32.000000000,2020-06-18 16:40:19.000000000,closed,3,gherkin: Encoding issues on Windows
1063,2020-06-16 12:47:38.000000000,1970-01-01 00:00:00.000000001,open,2,gherkin: namespace conflict between old and new gems
1062,2020-06-16 02:53:43.000000000,2020-06-16 12:28:14.000000000,closed,3,Ansi to html
1061,2020-06-16 01:07:28.000000000,2020-06-16 12:28:46.000000000,closed,1,Update typescript-eslint monorepo to v3 (major)
1060,2020-06-16 01:07:21.000000000,2020-06-16 10:53:12.000000000,closed,0,Update dependency mocha to v8
1059,2020-06-15 16:38:17.000000000,2020-06-19 01:51:00.000000000,closed,4,Use ansi-to-html to render ANSI characters in logs
1058,2020-06-15 16:28:38.000000000,2020-06-15 19:15:49.000000000,closed,0,cucumber-query: Update README.md
1057,2020-06-15 12:02:07.000000000,2020-08-23 12:40:18.000000000,closed,4,html-formatter: recognise terminal colours in output
1056,2020-06-15 11:54:42.000000000,2020-08-23 12:40:17.000000000,closed,3,html-formatter: display a summary of the execution
1055,2020-06-15 11:36:42.000000000,2020-06-15 12:08:49.000000000,closed,3,html-formatter: Ruby gem metadata
1054,2020-06-13 18:35:24.000000000,2020-06-13 22:19:29.000000000,closed,0,Update dependency css-loader to v3.6.0
1053,2020-06-13 00:45:27.000000000,2020-06-13 01:04:28.000000000,closed,0,Update module onsi/ginkgo to v1.13.0
1052,2020-06-12 22:20:45.000000000,2020-06-13 01:04:03.000000000,closed,0,Update cucumber.version to v6.1.1
1051,2020-06-12 17:18:44.000000000,2020-06-12 19:58:22.000000000,closed,0,html-formatter/java: Always use UFT_8 encoding
1050,2020-06-11 18:27:34.000000000,2020-06-12 12:34:45.000000000,closed,0,chore(deps): update cucumber.version to v6.1.0
1049,2020-06-11 16:25:40.000000000,2020-06-18 16:18:17.000000000,closed,0,JAVA_HOME is not set in Dockerfile
1048,2020-06-11 16:21:43.000000000,2020-06-11 16:50:22.000000000,closed,2,chore(deps): update ubuntu docker tag to v20.10
1047,2020-06-11 16:21:36.000000000,2020-06-12 12:34:15.000000000,closed,2,chore(deps): update circleci/ruby docker tag to v2.7
1046,2020-06-11 15:34:24.000000000,2020-06-22 20:42:19.000000000,closed,5,testdata .ndjson files non-compliant with specifications
1045,2020-06-11 15:27:43.000000000,2020-06-12 19:58:21.000000000,closed,18,html report is not working in Cucumber 6.0.0
1044,2020-06-10 23:27:15.000000000,2020-06-12 12:33:07.000000000,closed,0,chore(deps): update dependency mocha to v8
1043,2020-06-10 17:39:36.000000000,2020-06-10 17:43:22.000000000,closed,1,C gherkin implementation: can't compile due to missing header
1042,2020-06-09 10:36:15.000000000,2020-06-24 01:24:30.000000000,closed,0,gherkin: Scenario Outline variable subsitution not working for variables that contain special regex characters
1041,2020-06-08 23:41:56.000000000,1970-01-01 00:00:00.000000001,open,1,cucumber-gherkin-13.0.0/lib/gherkin/query.rb:19:in `update_feature'
1040,2020-06-08 23:08:24.000000000,2020-06-15 13:03:23.000000000,closed,5,Update dependency cucumber to v4
1039,2020-06-08 22:01:44.000000000,2020-06-08 22:49:23.000000000,closed,0,Update dependency Microsoft.TestPlatform.TestHost to v16
1038,2020-06-08 22:01:37.000000000,2020-06-08 22:49:31.000000000,closed,0,Update dependency Grpc.Tools to v2
1037,2020-06-08 21:15:19.000000000,2020-06-08 21:56:12.000000000,closed,0,Update cucumber.version to v6 (major)
1036,2020-06-08 21:15:12.000000000,2020-06-08 21:52:20.000000000,closed,2,Update ubuntu Docker tag to v20.10
1035,2020-06-08 19:27:39.000000000,2020-06-08 21:56:25.000000000,closed,0,Update module stretchr/testify to v1.6.1
1034,2020-06-08 19:27:09.000000000,2020-06-08 21:56:43.000000000,closed,0,Update module onsi/gomega to v1.10.1
1033,2020-06-08 18:49:48.000000000,2020-06-08 22:49:07.000000000,closed,0,Update module onsi/ginkgo to v1.12.3
1032,2020-06-08 18:48:42.000000000,2020-06-08 19:28:11.000000000,closed,2,Update module gogo/protobuf to v1.3.1
1031,2020-06-08 17:02:07.000000000,2020-06-08 19:31:58.000000000,closed,1,Update module fatih/color to v1.9.0 - autoclosed
1030,2020-06-08 17:01:55.000000000,2020-06-08 19:32:17.000000000,closed,1,Update module cucumber/messages-go/v12 to v12.1.1 - autoclosed
1029,2020-06-08 15:42:09.000000000,2020-06-08 16:59:02.000000000,closed,1,Update module cucumber/gherkin-go to v6.0.17
1028,2020-06-08 15:41:57.000000000,2020-06-08 18:44:05.000000000,closed,0,Update dependency xunit.runner.visualstudio to v2.4.2
1027,2020-06-08 13:37:36.000000000,2020-06-08 18:44:19.000000000,closed,0,Update dependency org.apache.maven.plugins:maven-surefire-plugin to v2.22.2
1026,2020-06-08 13:37:29.000000000,2020-06-08 18:44:42.000000000,closed,0,Update dependency org.apache.maven.plugins:maven-shade-plugin to v3.2.4
1025,2020-06-08 11:01:14.000000000,2020-06-08 18:44:53.000000000,closed,0,Update dependency Microsoft.TestPlatform.TestHost to v15.9.2
1024,2020-06-08 11:01:07.000000000,2020-06-08 19:28:47.000000000,closed,0,Update dependency Microsoft.NETFramework.ReferenceAssemblies to v1.0.0
1023,2020-06-08 09:27:21.000000000,2020-06-08 18:45:21.000000000,closed,0,Update dependency Microsoft.NET.Test.Sdk to v16.6.1
1022,2020-06-08 09:27:15.000000000,2020-06-08 18:50:00.000000000,closed,0,Update dependency Microsoft.NET.Test.Sdk to v15.9.2 - autoclosed
1021,2020-06-08 07:41:10.000000000,2020-06-08 18:45:52.000000000,closed,0,Update dependency Grpc.Tools to v1.22.1
1020,2020-06-08 07:41:03.000000000,2020-06-08 18:47:07.000000000,closed,0,Update dependency Google.Protobuf to v3.12.3
1019,2020-06-08 05:59:30.000000000,2020-06-08 18:47:44.000000000,closed,0,Update dependency FluentAssertions to v5.10.3
1018,2020-06-08 05:59:23.000000000,2020-06-08 18:48:09.000000000,closed,1,Update cucumber.version to v5.7.0
1017,2020-06-08 03:21:24.000000000,2020-06-08 18:48:49.000000000,closed,1,Update circleci/ruby Docker tag to v2.7
1016,2020-06-08 03:21:18.000000000,2020-06-08 18:49:20.000000000,closed,0,Update circleci/python Docker tag to v3.8.3
1015,2020-06-08 01:32:30.000000000,2020-06-08 18:49:38.000000000,closed,0,Update circleci/golang Docker tag to v1.14
1014,2020-06-08 01:32:23.000000000,2020-06-08 19:25:13.000000000,closed,1,Pin dependencies - autoclosed
1013,2020-06-08 01:27:55.000000000,2020-06-08 01:31:01.000000000,closed,0,Configure Renovate
1012,2020-06-05 14:29:10.000000000,2020-06-07 22:26:32.000000000,closed,4,Upgrade dependencies
1011,2020-06-03 11:28:21.000000000,2020-06-03 13:00:34.000000000,closed,0,Remove monkey patch which is not needed after 3.2 release
1010,2020-06-02 20:25:56.000000000,2020-06-03 11:29:37.000000000,closed,5,gherkin: Prefer `require_relative` for internal requires
1009,2020-05-28 15:28:52.000000000,2020-06-26 23:17:28.000000000,closed,0,javascript: Eslint 7 requires explicit types on module boundries
1007,2020-05-28 10:59:31.000000000,2020-06-05 10:16:41.000000000,closed,6,Pretty parse
1006,2020-05-28 00:41:19.000000000,2020-05-28 13:26:26.000000000,closed,1,cucumber-expressions: Support for Optional
1005,2020-05-20 12:40:13.000000000,2020-05-21 17:45:52.000000000,closed,0,Tag expressions: Tag exception message
1004,2020-05-19 21:06:51.000000000,1970-01-01 00:00:00.000000001,open,23,gherkin: an alternative syntax to <...> for interpolating values into a Scenario Outline
1003,2020-05-18 11:45:18.000000000,2020-07-25 12:30:33.000000000,closed,19,Which data to show in Meta message ?
1002,2020-05-18 09:06:03.000000000,2020-06-26 17:31:56.000000000,closed,9,Add library to handle creation of the Meta message
1001,2020-05-15 23:58:32.000000000,2020-05-31 20:52:20.000000000,closed,9,build: Add mono and berp to docker
1000,2020-05-13 13:09:08.000000000,2020-07-10 17:34:52.000000000,closed,2,Exclude some folders from release process
999,2020-05-12 18:21:59.000000000,1970-01-01 00:00:00.000000001,open,0,Remove json-schema as a dev dependency
998,2020-05-12 17:46:23.000000000,2020-05-12 18:19:12.000000000,closed,0,Add json-schema everywhere to get the build pass again
997,2020-05-12 12:14:26.000000000,1970-01-01 00:00:00.000000001,open,2,react: Allow attachments with unsupported file types to be downloaded
996,2020-05-12 12:05:30.000000000,2020-06-25 23:47:21.000000000,closed,1,react: Step parameters are clickable links
995,2020-05-12 12:01:00.000000000,2020-07-02 15:24:59.000000000,closed,4,react: Attachments in afterhooks are not rendered
994,2020-05-11 14:33:02.000000000,1970-01-01 00:00:00.000000001,open,2,cucumber-expressions: Invalid snippets generated for escaped optional
993,2020-05-07 13:20:31.000000000,2020-05-07 22:57:10.000000000,closed,5,Catch JSON parsing errors in json-to-messages
992,2020-05-07 12:27:26.000000000,2020-05-07 22:57:10.000000000,closed,0,json-to-messages: catch JSON parsing errors
991,2020-05-03 08:31:36.000000000,2020-05-15 17:12:27.000000000,closed,2,Fix syntax warning over comparison of literals using is.
990,2020-05-03 08:30:20.000000000,2020-05-15 17:12:26.000000000,closed,0,Syntax warnings due to comparison of literals using is
989,2020-05-02 17:24:07.000000000,2020-05-14 16:24:40.000000000,closed,1,translate `rule` keyword to Russian
988,2020-05-02 09:44:07.000000000,2020-05-14 16:24:20.000000000,closed,1,"Added a Hebrew translation for ""Rule"""
987,2020-05-02 00:30:37.000000000,2020-07-11 06:40:56.000000000,closed,2,Release process removes java dependency ranges
986,2020-05-01 20:53:36.000000000,2020-05-01 21:57:57.000000000,closed,0,html-formatter/java Use version range for messages dependency
985,2020-05-01 18:47:34.000000000,2020-07-18 12:12:58.000000000,closed,5,json-formatter: Confusing name for this tool
984,2020-04-29 14:41:50.000000000,2020-05-11 19:07:16.000000000,closed,1,json-to-messages - emit missing messages
983,2020-04-29 14:06:25.000000000,1970-01-01 00:00:00.000000001,open,4,Create visible anchors for headers
982,2020-04-29 13:17:09.000000000,2020-05-18 11:25:30.000000000,closed,0,json-to-messages does not produce the `source` messages
981,2020-04-26 12:10:26.000000000,2020-07-03 07:51:46.000000000,closed,2,Contribute parser to AST Explorer
980,2020-04-25 13:32:44.000000000,2020-07-26 11:03:52.000000000,closed,2,gherkin: allow multiple backgrounds for the same scenarios
979,2020-04-21 19:40:29.000000000,2020-04-22 00:19:16.000000000,closed,3,Proposal: JSON reports to support a hierarchy of Steps
978,2020-04-21 19:36:56.000000000,2020-04-21 19:46:12.000000000,closed,1,Proposal: Allow json format to have a heirarchy of Steps
977,2020-04-21 17:31:34.000000000,2020-04-22 11:22:43.000000000,closed,1,Update messages in json to messages
976,2020-04-20 18:31:13.000000000,2020-04-21 14:15:18.000000000,closed,1,Add new Meta message
975,2020-04-20 17:17:45.000000000,2020-05-20 14:33:50.000000000,closed,1,Display failed hook in React
974,2020-04-17 16:07:49.000000000,2020-05-14 15:08:27.000000000,closed,0,build: Make build repeatable
973,2020-04-17 12:08:18.000000000,2020-04-17 15:45:44.000000000,closed,2,"Fixed Estonian translation of ""Rule"""
972,2020-04-16 16:18:25.000000000,2020-04-17 15:46:05.000000000,closed,2,"Fixed Estonian translation of ""Scenario Outline"""
971,2020-04-15 18:38:37.000000000,2020-04-21 10:55:58.000000000,closed,0,Extract jsonToMessages function so this can be used as a library
970,2020-04-15 00:13:52.000000000,2020-04-15 11:40:56.000000000,closed,3,Re-enable html-formatter/ruby
969,2020-04-14 02:03:36.000000000,2020-04-14 18:53:38.000000000,closed,0,Use ParseError instead of Attachment. Closes #936
968,2020-04-14 02:01:50.000000000,2020-04-14 17:55:21.000000000,closed,0,Add ParameterType#id. Closes #966
967,2020-04-11 12:53:32.000000000,2020-04-11 23:31:22.000000000,closed,0,Messages add ast ids
966,2020-04-10 22:02:51.000000000,2020-04-14 17:55:23.000000000,closed,1,messages: Add id to ParameterType
965,2020-04-10 19:10:28.000000000,2020-04-14 00:31:40.000000000,closed,0,cucumber-expressions/java: Make expression types public
964,2020-04-10 18:43:56.000000000,2020-04-10 21:34:03.000000000,closed,1,Support more media types and support both base64 and identity for text
963,2020-04-10 16:15:46.000000000,2020-04-10 16:58:42.000000000,closed,0,Do not hang when trying to compute all.ndjson in json-to-messages.
962,2020-04-10 15:30:09.000000000,2020-04-10 15:53:43.000000000,closed,0,Clean up messages
961,2020-04-10 15:25:03.000000000,2020-04-10 16:58:42.000000000,closed,4,json-to-messages build hangs indefinitely
960,2020-04-10 14:22:37.000000000,1970-01-01 00:00:00.000000001,open,7,Re-enable ruby cck
959,2020-04-10 14:12:15.000000000,2020-04-10 23:05:35.000000000,closed,0,Messages backwards/forwards compatibility
958,2020-04-10 12:58:28.000000000,2020-04-10 14:50:36.000000000,closed,1,Messages cleanup
957,2020-04-10 05:02:05.000000000,2020-04-10 14:16:15.000000000,closed,3,gherkin/java: Ignore unknown fields
956,2020-04-10 02:07:50.000000000,2020-04-10 23:05:15.000000000,closed,8,build: Install behave in docker
955,2020-04-10 02:06:02.000000000,2020-04-10 04:24:10.000000000,closed,0,build: Disable html-formatter/ruby and fix build order
954,2020-04-09 18:28:03.000000000,2020-05-20 04:19:25.000000000,closed,2,build: Language specific build is broken
953,2020-04-08 16:39:25.000000000,2020-05-20 17:29:33.000000000,closed,5,React - do not use line number to get Step or Row status
952,2020-04-08 05:08:22.000000000,2020-06-23 23:49:20.000000000,closed,2,cucumber-expressions: optional parameter types do not work in regular expressions
951,2020-04-05 20:01:55.000000000,2020-04-10 18:41:59.000000000,closed,3,messages: Clean up unsued message prior to release
950,2020-04-02 17:55:06.000000000,2020-05-20 16:56:30.000000000,closed,1,Various work to optimise space taken by node modules
949,2020-03-31 14:36:18.000000000,2020-03-31 15:07:48.000000000,closed,0,Gherkin javascript exports
948,2020-03-31 03:02:34.000000000,2020-03-31 03:13:31.000000000,closed,0,Upgrade dependencies
947,2020-03-30 04:35:52.000000000,2020-03-30 17:04:12.000000000,closed,2,"Store attachment body as text, with content-encoding base64 or identity"
946,2020-03-28 23:56:56.000000000,2020-03-31 03:27:54.000000000,closed,2,"Introduce ""Step Declaration"" File"
945,2020-03-28 04:09:14.000000000,2020-04-10 21:34:03.000000000,closed,5,cck: Improve attachment message
944,2020-03-28 02:16:10.000000000,2020-03-28 02:35:09.000000000,closed,0,datatable/java: Improve error messages
943,2020-03-26 19:08:40.000000000,2020-04-10 15:54:36.000000000,closed,2,Java - need a way to add or update scenarios within a Feature file
942,2020-03-26 02:31:15.000000000,2020-03-26 02:43:26.000000000,closed,0,TypeScript: Use ReadOnlyArray
941,2020-03-25 22:42:41.000000000,2020-03-25 23:43:40.000000000,closed,1,gherkin: `go get github.com/cucumber/cucumber/gherkin/go` not working
940,2020-03-21 23:20:44.000000000,2020-04-17 13:09:37.000000000,closed,4,[gherkin-c] Linking against libmath
938,2020-03-18 20:16:34.000000000,2020-04-08 17:42:36.000000000,closed,2,Translate legacy Json to messages
937,2020-03-17 15:31:52.000000000,2020-04-17 13:53:45.000000000,closed,1,Cmake build error - undefined reference to log10
936,2020-03-14 20:35:50.000000000,2020-04-14 18:53:39.000000000,closed,1,gherkin: Attachment should not be reused for parse errors
935,2020-03-13 12:36:08.000000000,1970-01-01 00:00:00.000000001,open,5,Move progress formatter to the mono-repo
934,2020-03-13 01:40:21.000000000,2020-03-13 17:49:45.000000000,closed,0,all: Remove travis-ci references
933,2020-03-12 12:31:00.000000000,1970-01-01 00:00:00.000000001,open,1,don't run lint-fix no CI
932,2020-03-12 12:17:29.000000000,2020-03-31 03:14:07.000000000,closed,0,messages javascript: TimeConversion addDurations
931,2020-03-11 17:20:43.000000000,2020-03-13 14:28:11.000000000,closed,0,Ruby html-formatter
930,2020-03-11 16:13:41.000000000,2020-03-18 18:15:26.000000000,closed,0,Clean up internals of fake-cucumber
929,2020-03-11 01:14:23.000000000,2020-06-01 08:18:11.000000000,closed,2,gherkin-dotnet - newbie usage advice
928,2020-03-10 14:26:04.000000000,2020-03-10 14:46:56.000000000,closed,0,html-formatter: stream messages rather than buffering
927,2020-03-09 14:27:20.000000000,2020-03-09 17:35:50.000000000,closed,0,Dockerfile: add dependencies for Ruby build
926,2020-03-07 00:51:40.000000000,2020-03-07 01:12:45.000000000,closed,0,html-formatter/javascript: Remove npm-link-shared hack
925,2020-03-06 15:47:13.000000000,2020-05-13 08:21:01.000000000,closed,2,Check if there is a description before passing to marked
924,2020-03-06 03:46:47.000000000,2020-03-31 12:13:28.000000000,closed,0,gherkin/javascript: make Dialect available on main export
923,2020-03-05 17:51:40.000000000,2020-03-05 20:10:28.000000000,closed,2,cucumber-html/javascript: No server side rendering
922,2020-03-05 17:50:04.000000000,2020-03-10 15:30:32.000000000,closed,0,cucumber-html/java: Add Java implementation
921,2020-03-02 20:10:38.000000000,2020-03-02 21:52:41.000000000,closed,0,Upgrade dependencies
920,2020-03-02 19:53:52.000000000,2020-03-02 20:15:29.000000000,closed,0,@cucumber/react - Incremental rendering 
919,2020-03-02 14:04:58.000000000,2020-03-02 18:34:15.000000000,closed,1,Remove coveralls for Ruby gems
918,2020-03-02 12:08:21.000000000,2020-05-15 17:13:39.000000000,closed,6,cucumber-expressions: Use default transformer in preference to contradicting type hint
917,2020-02-28 23:33:46.000000000,2020-02-28 23:54:23.000000000,closed,3,Cucumber report version 4.11.0 in Jenkins
916,2020-02-28 21:32:37.000000000,2020-02-28 23:32:45.000000000,closed,1,build: Install npm as user
915,2020-02-28 20:10:59.000000000,2020-02-28 20:24:53.000000000,closed,0,"Remove json gem. Doesn't install on windows, and is part of stdlib"
914,2020-02-28 14:10:46.000000000,2020-04-14 01:17:27.000000000,closed,2,Make HTML template reusable
913,2020-02-26 21:45:21.000000000,2020-02-26 22:10:50.000000000,closed,0,Upgrade dependencies
912,2020-02-26 21:28:26.000000000,2020-02-26 22:11:22.000000000,closed,0,Fix server-side rendering (SRR) of attachments
911,2020-02-26 17:30:54.000000000,2020-02-26 18:33:01.000000000,closed,0,Embed CSS in HTML formatter output
910,2020-02-26 14:16:42.000000000,2020-05-03 14:07:28.000000000,closed,3,Make ndjson the default format everywhere
909,2020-02-25 23:41:39.000000000,2020-03-02 20:16:09.000000000,closed,1,Cucumber-React: Markdown handling in React component
908,2020-02-25 17:28:57.000000000,2020-05-03 22:07:27.000000000,closed,2,Start work on adding testCaseStartedId to Query API
907,2020-02-24 17:51:35.000000000,2020-03-12 12:57:18.000000000,closed,0,Run compatibility-kit/ruby during CI process
906,2020-02-24 04:38:25.000000000,2020-04-14 19:04:57.000000000,closed,2,cucumber-expressions: Minor performance enhancement.
904,2020-02-17 20:14:54.000000000,2020-04-25 14:41:32.000000000,closed,3,gherkin-javascript: parse gherkin file from stream via command line
903,2020-02-17 02:54:33.000000000,2020-02-17 03:24:59.000000000,closed,0,Support up to 10MB NDJSON messages
902,2020-02-16 02:10:32.000000000,1970-01-01 00:00:00.000000001,open,8,Move or remove `will_be_retried` from `TestStepResult`
901,2020-02-14 20:30:34.000000000,2020-02-17 03:24:59.000000000,closed,2,json-formatter: support of big attachments
900,2020-02-14 14:06:52.000000000,2020-02-17 14:16:17.000000000,closed,1,Fix documentation for building the project
899,2020-02-13 02:14:49.000000000,2020-02-13 19:03:30.000000000,closed,1,Suggestion: Background with Examples Table (like Scenario Outline)
898,2020-02-12 21:11:39.000000000,2020-02-21 21:28:59.000000000,closed,1,JSON-formatter: use CCK features as acceptance tests
897,2020-02-12 17:35:32.000000000,1970-01-01 00:00:00.000000001,open,11,Uniform method names for attachments and logs
896,2020-02-11 22:05:29.000000000,2020-02-18 15:27:17.000000000,closed,1,Json formatter: use example location for undefined steps
895,2020-02-11 22:04:11.000000000,2020-06-16 01:05:51.000000000,closed,13,React add search bar
894,2020-02-10 21:49:57.000000000,2020-02-21 18:32:22.000000000,closed,3,Handle output in json-formatter
893,2020-02-10 01:47:32.000000000,2020-02-20 18:58:10.000000000,closed,2,gherkin-c: Fix symbol conflict with C++
891,2020-02-07 20:37:01.000000000,2020-02-08 04:43:47.000000000,closed,0,gherkin: Do not trim leading newlines
890,2020-02-06 21:35:53.000000000,2020-02-12 23:37:46.000000000,closed,17,UndefinedParameterType message
889,2020-02-06 18:33:53.000000000,2020-02-06 21:47:05.000000000,closed,0,gherkin: Escape triple backticks in alternative docstring
888,2020-02-06 18:32:00.000000000,2020-02-07 15:06:16.000000000,closed,0,Json formatter: export background names
887,2020-02-06 14:58:50.000000000,2020-02-06 19:35:30.000000000,closed,0,Use jpeg image attachments in CCK and display in React
886,2020-02-05 21:24:00.000000000,2020-02-05 21:43:18.000000000,closed,0,fake-cucumber: always emit duration for TestResult message
885,2020-02-04 23:46:46.000000000,2020-02-06 04:59:00.000000000,closed,0,datatable/java: Allow Object and String datatable types to be redefined
884,2020-02-03 20:46:41.000000000,2020-02-03 20:46:56.000000000,closed,0,Upgrade dependencies
883,2020-02-03 17:26:47.000000000,2020-02-03 19:14:35.000000000,closed,0,Gherkin#fromPaths emits an error if a path can't be read
882,2020-01-31 18:14:34.000000000,2020-02-03 13:47:32.000000000,closed,0,Fix time conversion bugs
881,2020-01-30 18:59:31.000000000,2020-02-05 20:11:51.000000000,closed,1,fake-cucumber: emit test step started for SKIPPED steps
880,2020-01-30 16:53:49.000000000,2020-02-06 22:02:27.000000000,closed,3,gherkin: Fix parsing of commented tags
879,2020-01-29 05:05:58.000000000,2020-02-11 21:42:09.000000000,closed,2,Gherkin: Feature or Rule level parameterization
878,2020-01-24 17:08:46.000000000,2020-02-11 21:46:24.000000000,closed,2,How to  Do Gherkin Page Objects Integration
877,2020-01-24 03:51:29.000000000,2020-01-26 01:02:08.000000000,closed,0,datatable: Avoid collisions when converting to maps
876,2020-01-23 20:34:03.000000000,2020-04-16 01:45:13.000000000,closed,2,Gherkin dotnet parser: Update Parse for ReadOnly FileAccess
875,2020-01-23 18:14:24.000000000,2020-01-23 18:25:54.000000000,closed,0,Fix link in fake-cucumber readme
874,2020-01-23 16:39:41.000000000,2020-01-23 16:49:06.000000000,closed,2,demo-formatter: Fix demo-formatter folder name in example script
873,2020-01-22 16:32:55.000000000,2020-02-11 21:44:40.000000000,closed,4,Allow tagging steps
872,2020-01-22 15:16:07.000000000,2020-03-02 20:13:08.000000000,closed,5,Update Indonesian Gherkin Language
871,2020-01-22 14:47:15.000000000,1970-01-01 00:00:00.000000001,open,4,Standalone cucumber-junit-formatter
870,2020-01-21 20:58:20.000000000,2020-01-22 14:30:17.000000000,closed,0,Update dependencies
869,2020-01-21 19:08:09.000000000,1970-01-01 00:00:00.000000001,open,3,meta: Rule support across Cucumber implementations
868,2020-01-21 12:47:58.000000000,2020-01-21 12:57:28.000000000,closed,1,Cucumber 5.0.0 not in maven central
867,2020-01-21 02:37:59.000000000,2020-01-21 19:53:24.000000000,closed,0,Json formatter hooks
866,2020-01-20 17:55:32.000000000,2020-02-05 18:43:11.000000000,closed,0,Cucumber react styles
865,2020-01-19 19:54:03.000000000,2020-02-06 21:47:05.000000000,closed,3,Gherkin: nested triple backticks in doc strings are escaped in the AST
864,2020-01-17 22:33:41.000000000,2020-01-20 19:00:59.000000000,closed,0,Formatter test script
863,2020-01-17 18:50:32.000000000,2020-03-06 17:51:43.000000000,closed,3,Cucumber-React: Render description sections as Markdown
862,2020-01-17 15:43:15.000000000,2020-01-17 16:24:19.000000000,closed,0,gherkin: Fix broken links
861,2020-01-17 15:30:53.000000000,2020-01-17 16:25:07.000000000,closed,0,tag-expressions: Fix broken links
860,2020-01-16 21:04:22.000000000,2020-01-20 15:58:06.000000000,closed,0,Cucumber query rewrite
859,2020-01-16 14:19:18.000000000,2020-01-16 14:36:14.000000000,closed,1,cucumber-expressions: remove node 8 support
858,2020-01-16 00:17:47.000000000,2020-01-16 00:34:36.000000000,closed,0,"Revert ""cucumber-expressions: remove node 8 support"""
857,2020-01-15 01:10:05.000000000,2020-03-31 15:07:48.000000000,closed,4,TypeError: Gherkin.fromPaths is not a function && TypeError: gherkin.fromPaths is not a function (gherkin-javascript)
856,2020-01-13 01:49:46.000000000,2020-06-23 23:47:26.000000000,closed,5,Regexp flag expressions incorrectly recognised as capture groups.
855,2020-01-10 19:53:55.000000000,2020-03-24 14:47:09.000000000,closed,3,gherkin-query: provide more useful information when a node location is not found
854,2020-01-10 18:45:44.000000000,2020-03-18 07:32:38.000000000,closed,3,Add --version flag to json-formatter
853,2020-01-10 15:59:35.000000000,2020-01-10 16:02:16.000000000,closed,0,datatable/java: Add getter for TableConverter
852,2020-01-10 13:25:05.000000000,2020-01-10 18:54:05.000000000,closed,1,How to get the line number of where the scenario's got stopped from the feature files [eg:- scenario.getLine() instead of scenario.GetLines()]
851,2020-01-10 13:10:21.000000000,2020-01-10 18:46:10.000000000,closed,0,How to get the line number of where the scenario's got stopped from the feature files [eg:- scenario.getLine() instead of scenario.GetLines()]
850,2020-01-09 19:35:35.000000000,2020-01-10 00:24:55.000000000,closed,2,Module renames
849,2020-01-09 16:37:27.000000000,2020-01-09 18:28:01.000000000,closed,0,Drop Gherkin::Query#argument_location which will not be useful
848,2020-01-09 13:35:31.000000000,2020-01-09 16:18:31.000000000,closed,3,Adds IDs to step arguments (DocString and DataTable)
847,2020-01-08 21:03:30.000000000,2020-01-09 13:08:46.000000000,closed,3,Add ids to step arguments
846,2020-01-08 18:16:10.000000000,2020-04-14 11:11:32.000000000,closed,9,Add automatic linting and formatting
845,2020-01-07 21:52:29.000000000,2020-01-09 15:25:49.000000000,closed,2,Add gherkin query in Ruby
844,2020-01-06 21:12:40.000000000,2020-07-10 10:02:16.000000000,closed,14,Snippet generator - don't enforce whitespace rule for numerical parameters
843,2020-01-06 18:15:48.000000000,2020-01-08 15:38:03.000000000,closed,1,cucumber-messages incompatible with Ruby 2.7.0
842,2020-01-06 07:33:06.000000000,2020-01-08 14:22:36.000000000,closed,3,Unable to resolve dependencies. 'Cucumber.Messages 8.0.0' is not compatible with 'SpecFlow 3.1.74 constraint: Cucumber.Messages (>= 6.0.1 && < 7.0.0)'.				
841,2019-12-30 16:39:40.000000000,2020-01-15 22:53:55.000000000,closed,8,cucumber-expressions: remove node 8 support
840,2019-12-30 01:37:44.000000000,2020-04-22 00:13:19.000000000,closed,1,Document the purpose of cucumber-messages better
839,2019-12-27 15:41:07.000000000,2020-01-08 15:46:14.000000000,closed,0,Cucumber react external styles
838,2019-12-24 05:39:51.000000000,2020-06-25 21:01:30.000000000,closed,2,cucumber-expressions: Add failing test for #761
837,2019-12-21 03:14:06.000000000,2020-01-14 13:20:09.000000000,closed,3,messages/javascript: replace tslint with eslint
836,2019-12-20 17:03:31.000000000,2019-12-20 21:57:41.000000000,closed,0,Update dependencies
835,2019-12-20 16:50:16.000000000,2019-12-25 22:12:00.000000000,closed,1,Output parameter types in message stream
834,2019-12-19 21:16:37.000000000,2019-12-19 23:38:05.000000000,closed,0,Introduce GherkinQuery
833,2019-12-19 15:02:15.000000000,2019-12-19 23:58:11.000000000,closed,0,Add option to specify the id generator instance to use
832,2019-12-14 13:44:46.000000000,2019-12-19 23:59:13.000000000,closed,0,cucumber messages: time conversion support partial milliseconds
831,2019-12-13 03:32:18.000000000,2019-12-13 16:47:44.000000000,closed,1,Refactor Attachment message
830,2019-12-12 14:28:36.000000000,2019-12-13 20:02:18.000000000,closed,0,Cucumber compatibility kit
829,2019-12-12 05:22:26.000000000,2019-12-14 05:09:33.000000000,closed,0,datatable: Replace wildcard type with its upper bound
828,2019-12-12 04:59:53.000000000,2019-12-13 07:11:15.000000000,closed,0,gherkin: Remove redundant string util
827,2019-12-11 16:44:43.000000000,2019-12-11 17:01:16.000000000,closed,2,datatable: Fix typo in error message and test
826,2019-12-10 21:43:33.000000000,2020-02-16 02:10:31.000000000,closed,4,Cucumber-React: Do not highlight placeholders
825,2019-12-10 15:18:29.000000000,2019-12-10 16:27:36.000000000,closed,0,Rename modules
824,2019-12-10 05:49:52.000000000,2019-12-10 14:26:28.000000000,closed,0,Misc cleanups
823,2019-12-09 19:28:36.000000000,2019-12-10 15:59:11.000000000,closed,1,StepDefinition.sourceReference should be StepDefinition.source_reference
822,2019-12-09 15:51:16.000000000,2020-01-20 16:01:00.000000000,closed,8,Recursively build Javascript dependencies
821,2019-12-09 15:29:28.000000000,2020-01-14 20:56:18.000000000,closed,1,Add targets to build the mono-repo only for a given language
820,2019-12-09 14:51:20.000000000,2019-12-10 05:46:47.000000000,closed,0,"fake-cucumber: Support Add DSL, and add async support"
819,2019-12-05 00:59:11.000000000,2019-12-05 14:52:07.000000000,closed,3,cucumber-messages/gherkin: Fix shaded dependencies
818,2019-12-04 21:49:22.000000000,2019-12-09 19:19:49.000000000,closed,5,Add cucumber-support-code library
817,2019-12-04 19:03:09.000000000,2019-12-06 23:09:33.000000000,closed,0,Json formatter attachments
816,2019-12-03 20:07:20.000000000,2019-12-03 20:29:33.000000000,closed,0,Rename message fields from camelCase to snake_case.
815,2019-12-03 15:51:12.000000000,2019-12-03 16:36:15.000000000,closed,0,messages: Add time conversion and rename stream classes
814,2019-11-30 21:59:29.000000000,2019-12-03 16:18:36.000000000,closed,10,add test step keys to attachment message
813,2019-11-29 23:41:31.000000000,2020-01-08 15:32:02.000000000,closed,4,cucumber-messages: Use pure-Ruby protobuf implementation (experimental)
812,2019-11-29 13:41:58.000000000,2019-11-29 15:13:01.000000000,closed,2,Gherkin binary detected as trojan
811,2019-11-28 14:44:03.000000000,2019-11-28 20:30:10.000000000,closed,0,Improve Cucumber-Query. Update dependencies
810,2019-11-28 13:45:25.000000000,2019-12-04 15:50:42.000000000,closed,1,json-formatter: handle hooks
809,2019-11-27 20:51:58.000000000,2019-12-10 21:35:35.000000000,closed,2,cucumber-tag-expressions library naming
808,2019-11-27 17:19:01.000000000,2020-07-03 10:00:00.000000000,closed,2,"gherkin/javascript: NoSuchLanguageException: if location is undefined, GherkinException thrown"
807,2019-11-27 14:36:21.000000000,2020-04-03 11:27:18.000000000,closed,7,React Native example
806,2019-11-26 03:10:55.000000000,2019-11-26 21:01:06.000000000,closed,0,Add support for NDJSON as input everywhere.
805,2019-11-25 20:54:45.000000000,2019-11-26 14:00:09.000000000,closed,0,Only look up pickle step if test step has pickleStepId
804,2019-11-25 20:41:02.000000000,2019-11-26 15:15:39.000000000,closed,1,Support doc strings and data tables
803,2019-11-25 18:45:48.000000000,2019-11-27 19:08:21.000000000,closed,0,Fake cucumber: handle hooks
802,2019-11-22 19:51:14.000000000,2019-12-19 05:08:02.000000000,closed,1,tag-expressions: Harmonize with JUnit5 tag expressions
801,2019-11-22 18:30:47.000000000,2019-11-27 14:43:49.000000000,closed,2,Generate more realistic TestResult data in fake-cucumber
800,2019-11-21 21:17:17.000000000,2019-11-22 15:58:51.000000000,closed,1,Gherkin unique picklestep ids
799,2019-11-20 18:25:12.000000000,2019-11-20 19:27:49.000000000,closed,0,NDJSON: Print enum values as strings
798,2019-11-18 17:54:00.000000000,2019-11-22 19:09:15.000000000,closed,0,Run tslint --fix on all TypeScript code as part of build
797,2019-11-15 18:14:16.000000000,2019-11-22 03:43:38.000000000,closed,2,cucumber-glue: What are the differences between `cucumber-glue` scope and step member variables?
796,2019-11-15 15:00:32.000000000,2019-11-15 18:09:19.000000000,closed,3,"tag-expressions-go, cucumber-expressions-go: Thread safe stack"
795,2019-11-14 20:41:50.000000000,2019-11-14 20:59:36.000000000,closed,0,Update dependencies
794,2019-11-13 22:39:38.000000000,2019-11-14 17:15:58.000000000,closed,0,cucumber-messages: Remove unused/deprecated messages/fields.
793,2019-11-13 21:17:10.000000000,2019-11-22 19:09:13.000000000,closed,2,Use cucumber-expressions to generate the match in fake-cucumber
792,2019-11-11 14:52:35.000000000,2019-11-11 15:03:53.000000000,closed,0,Package cucumber-expressions with Webpack
791,2019-11-07 20:34:18.000000000,2019-11-08 02:55:50.000000000,closed,2,regenerate cucumber-react testdata/json files
790,2019-11-06 16:40:18.000000000,2019-11-13 18:40:04.000000000,closed,0,WIP: Cucumber messages reference ids
789,2019-11-05 20:41:39.000000000,1970-01-01 00:00:00.000000001,open,3,Download stats for various versions and platforms
788,2019-11-04 22:24:16.000000000,2019-11-07 19:17:51.000000000,closed,2,Handle doc strings in JSON-formatter
787,2019-11-03 04:27:53.000000000,2019-12-21 18:50:02.000000000,closed,19,Terminology change proposal
786,2019-11-02 21:16:28.000000000,2020-01-08 23:56:46.000000000,closed,2,Add a simpler GherkinDocumentList component
785,2019-11-01 19:59:58.000000000,2020-03-08 01:23:18.000000000,closed,3,Release json-formatter as Docker image
784,2019-11-01 17:20:16.000000000,2019-11-01 19:57:17.000000000,closed,0,Implemented a simple demo formatter in Ruby
783,2019-11-01 01:53:35.000000000,1970-01-01 00:00:00.000000001,open,1,Remove --i18n and --i18n-languages option
782,2019-11-01 00:16:49.000000000,2019-11-01 00:34:01.000000000,closed,1,cucumber-expressions-go: Fix go.mod
781,2019-10-31 19:07:00.000000000,2019-10-31 20:49:04.000000000,closed,0,Expose Argument#getParameterType()
780,2019-10-31 17:50:44.000000000,2019-10-31 22:52:29.000000000,closed,0,Release process: do not try to add replace in go.mod when there is no need (see #774)
779,2019-10-31 16:28:33.000000000,1970-01-01 00:00:00.000000001,open,9,Update Gherkin syntax highlighters to support Rule keyword
778,2019-10-30 15:56:05.000000000,2020-02-13 19:05:27.000000000,closed,3,Some Examples rows rendered without results in Cucumber-React
777,2019-10-29 16:08:18.000000000,2019-10-29 17:57:28.000000000,closed,3,gherkin: Add acceptance test that fails on Ruby 2.4
776,2019-10-29 00:07:53.000000000,2019-10-31 13:22:39.000000000,closed,1,tag-expressions-go: Slice rune to string conversion is expensive
775,2019-10-28 21:16:50.000000000,1970-01-01 00:00:00.000000001,open,8,Excel -> Pickles: Bring back FIT!
774,2019-10-28 18:09:42.000000000,2020-01-04 01:10:17.000000000,closed,2,"Fix post-release for Go when there is no ""replacements"""
773,2019-10-28 16:05:41.000000000,1970-01-01 00:00:00.000000001,open,16,Preprocessor standard
772,2019-10-25 03:39:33.000000000,2020-04-23 09:12:32.000000000,closed,6,"gherkin/javascript: v5.x unsafe iteration over array (I have a fix, not sure how to open a PR for old version)"
771,2019-10-24 19:28:37.000000000,1970-01-01 00:00:00.000000001,open,31,cucumber-expressions: Use a parser to parse Cucumber Expressions
770,2019-10-24 00:23:30.000000000,2020-01-02 03:05:17.000000000,closed,9,Added expected regex for when an optional word may be needed in frontâ€¦
769,2019-10-23 12:49:10.000000000,2020-05-23 02:08:02.000000000,closed,3,gherkin: Do not trim spaces inside a table cell content
768,2019-10-22 21:44:11.000000000,1970-01-01 00:00:00.000000001,open,17,Proposal: Unambiguous Keywords
767,2019-10-22 18:20:38.000000000,2020-02-28 21:12:11.000000000,closed,15,Optional text not working as expected
766,2019-10-18 19:40:12.000000000,2019-10-21 17:53:04.000000000,closed,2,cucumber-html-formatter docker image
765,2019-10-18 12:49:13.000000000,2019-12-17 14:27:12.000000000,closed,2,Rename json-formatter to cucumber-json-formatter
764,2019-10-17 17:12:21.000000000,2020-02-16 05:43:29.000000000,closed,7,Feature request: A Pickle Query API
763,2019-10-17 14:56:50.000000000,2019-12-24 02:37:20.000000000,closed,3,Document the semantics of `Scenario.embed` `mimeType`.
762,2019-10-16 18:58:00.000000000,2019-10-16 20:19:39.000000000,closed,0,Update dependencies
761,2019-10-15 22:41:59.000000000,2020-03-23 14:33:25.000000000,closed,16,ruby cucumber-expressions yields arity exception with optional ParameterType args
760,2019-10-15 13:15:17.000000000,2019-10-23 17:14:53.000000000,closed,1,First try for the code-names document
759,2019-10-15 12:57:03.000000000,2019-12-21 15:12:11.000000000,closed,2,Migrate from 1Password to Keybase
758,2019-10-15 12:31:48.000000000,2019-10-17 01:57:34.000000000,closed,0,Better Marathi translation
757,2019-10-13 21:45:12.000000000,2020-02-18 00:03:05.000000000,closed,4,Implement Standalone Pretty formatter
756,2019-10-13 21:40:33.000000000,1970-01-01 00:00:00.000000001,open,1,Implement Timeline functionality in HTML Formatter (Cucumber-React)
755,2019-10-13 21:26:50.000000000,2020-03-05 10:38:27.000000000,closed,6,Implement usage formatter in Go
754,2019-10-13 13:53:57.000000000,2019-10-17 01:58:03.000000000,closed,14,cucumber-expressions: fix captured empty strings being undefined
753,2019-10-13 02:33:09.000000000,2020-02-16 05:43:18.000000000,closed,4,Feature request: A Pickle Tree
752,2019-10-12 18:38:58.000000000,2020-01-26 06:32:47.000000000,closed,8,gherkin/c build broken and no solution in documentation
751,2019-10-12 02:29:20.000000000,2019-12-11 19:39:08.000000000,closed,4,Proposal: Remove column from AST and pickles
750,2019-10-12 02:07:15.000000000,2019-10-15 23:46:02.000000000,closed,0,Gherkin pure java
749,2019-10-12 00:26:12.000000000,2019-10-21 12:37:36.000000000,closed,0,tag-expressions-go: Refactor tokenize function
748,2019-10-11 00:09:29.000000000,2019-10-11 00:11:28.000000000,closed,1,tag-expressions-go: Refactor tests
747,2019-10-10 17:29:58.000000000,2019-10-12 03:57:33.000000000,closed,0,datatable: Remove datatable-dependencies jar
746,2019-10-10 07:33:38.000000000,2019-10-17 01:58:02.000000000,closed,0,cucumber-expressions: returns undefined instead of empty string
745,2019-10-09 17:24:17.000000000,2020-02-20 18:19:05.000000000,closed,3,Update Travis references across all cucumber polyglot repos
744,2019-10-09 17:22:10.000000000,2019-11-01 12:46:29.000000000,closed,2,Update docker hacking information
743,2019-10-08 17:45:06.000000000,2019-10-10 15:10:13.000000000,closed,0,datatable: convert to junit v5.5.2
742,2019-10-08 17:35:49.000000000,2019-10-10 15:12:02.000000000,closed,1,tag-expressions: convert from junit v4 to junit v5
741,2019-10-08 16:41:17.000000000,2019-10-11 12:36:45.000000000,closed,1,cucumber-expressions: convert from junit v4 to junit v5
740,2019-10-08 15:22:06.000000000,2019-10-09 17:45:34.000000000,closed,1,#736 Changed C# example within README.md
739,2019-10-08 14:33:47.000000000,2019-11-22 19:10:31.000000000,closed,1,Update dependencies
738,2019-10-08 01:48:12.000000000,2020-01-15 22:53:55.000000000,closed,0,Remove dependency on xregexp when Node8 is EOL
737,2019-10-07 19:06:29.000000000,2019-10-15 11:36:11.000000000,closed,1,Simplify go releases
736,2019-10-07 17:47:06.000000000,2019-12-14 17:15:41.000000000,closed,4,C# example is misleading
735,2019-10-07 16:22:38.000000000,2019-10-08 09:15:04.000000000,closed,2,cucumber-expressions-javascript 7.0.2 released with .git
734,2019-10-07 13:39:08.000000000,2019-12-15 17:54:08.000000000,closed,9,Document how to coordinate releases
733,2019-10-06 14:39:38.000000000,2019-10-14 19:14:07.000000000,closed,1, Better Indonesian Translation 
732,2019-10-05 18:21:58.000000000,2019-10-08 01:45:03.000000000,closed,0,cucumber-expressions: support node 8
731,2019-10-05 11:24:18.000000000,2019-10-08 14:44:15.000000000,closed,3,i18n: Marathi translation
730,2019-10-03 21:31:37.000000000,2019-12-21 18:12:13.000000000,closed,2,gherkin C: Segfault when one placeholder is a prefix of another
729,2019-10-03 21:07:14.000000000,2019-10-08 11:25:27.000000000,closed,4,i18n: Nepali translationðŸ‡³ðŸ‡µ
728,2019-10-03 20:16:48.000000000,2019-10-04 11:49:40.000000000,closed,0,Update dependencies after release gherkin 8.0
727,2019-10-03 16:22:14.000000000,2019-10-03 16:30:51.000000000,closed,0,Update dependencies after release cucumber-message 6.0.1
726,2019-10-03 03:03:20.000000000,1970-01-01 00:00:00.000000001,open,3,cucumber-expressions: escaped nested parens
725,2019-10-03 02:08:51.000000000,2019-10-08 01:45:03.000000000,closed,3,cucumber-expressions js: error in node 8
724,2019-10-03 01:15:42.000000000,2019-10-08 14:51:04.000000000,closed,3,c21e: js fix for win-ia32
723,2019-10-03 00:52:24.000000000,2019-10-08 14:48:10.000000000,closed,0,gherkin: js external expose stderr
722,2019-10-03 00:41:34.000000000,2019-11-05 17:09:17.000000000,closed,13,cucumber-messages: support retry
721,2019-10-02 21:01:44.000000000,2020-02-06 22:02:27.000000000,closed,19,gherkin: Commented Cucumber tags still being picked up in getTags()
720,2019-10-02 18:53:24.000000000,2019-10-03 16:20:36.000000000,closed,2,Use cucumber-messages 6 for Ruby libraries
719,2019-10-02 13:48:59.000000000,2019-10-02 16:44:25.000000000,closed,1,Do not update dependencies with non-final versions
718,2019-10-01 15:28:15.000000000,2019-10-15 15:53:34.000000000,closed,4,Enable nightly builds on CircleCI
717,2019-09-30 19:16:41.000000000,2019-10-01 00:37:06.000000000,closed,1,Fix failing tests on CI for gherkin/javascript
716,2019-09-30 16:39:10.000000000,2019-10-01 00:30:23.000000000,closed,0,Update dependencies
715,2019-09-27 19:44:29.000000000,2020-05-06 06:17:10.000000000,closed,7,Generate lib/cucumber/messages_pb.rb on install
714,2019-09-26 20:00:50.000000000,1970-01-01 00:00:00.000000001,open,7,Make `strict` behaviour consistent and document it
713,2019-09-26 08:23:27.000000000,2019-09-26 12:07:51.000000000,closed,1,Feature Request: Nested steps
712,2019-09-25 15:11:39.000000000,2020-01-31 16:10:51.000000000,closed,8,Use protobuf instead of ndjson in gherkin acceptance tests
711,2019-09-25 14:30:48.000000000,2019-12-07 01:55:48.000000000,closed,2,Ehuelsmann update perl
710,2019-09-25 01:25:41.000000000,2019-12-05 15:07:06.000000000,closed,3,Cucumber integration with aws codepipeline
709,2019-09-24 19:23:36.000000000,2019-09-25 11:39:41.000000000,closed,0,Badeball restore native javascript gherkin
708,2019-09-24 17:28:58.000000000,2019-09-25 11:46:41.000000000,closed,2,Improved German keywords
707,2019-09-24 14:52:11.000000000,2019-09-25 11:47:09.000000000,closed,4,Improve German translation
706,2019-09-23 16:30:42.000000000,2019-09-25 13:47:22.000000000,closed,2,Use our own timestamp and duration message
705,2019-09-17 14:01:11.000000000,2019-11-23 15:42:47.000000000,closed,2,Whitespace trimming in gherkin-c
704,2019-09-17 13:29:51.000000000,2019-11-26 04:01:23.000000000,closed,5,"Replacing the translated keyword ""background"" in turkish language"
703,2019-09-17 13:06:49.000000000,2019-09-17 13:54:41.000000000,closed,0,Trim trailing space in example cells
702,2019-09-15 15:15:13.000000000,2019-09-18 17:17:21.000000000,closed,0,gherkin-ruby: Revert the native ruby parser for gherkin
701,2019-09-13 17:29:01.000000000,2019-09-13 18:45:25.000000000,closed,5,I am trying to launch chrome browser using selenium and cucumber framework  getting issue like java.lang.NoSuchFieldError: INSTANCE
700,2019-09-13 15:36:17.000000000,2019-09-18 14:39:19.000000000,closed,0,React step parameters
699,2019-09-08 14:09:45.000000000,2020-01-17 16:24:19.000000000,closed,1,gherkin: dead link in README
698,2019-09-08 14:08:42.000000000,2020-01-17 16:25:07.000000000,closed,1,tag-expressions: dead link in README
697,2019-09-06 14:32:48.000000000,2019-09-06 15:53:17.000000000,closed,1,Update README.md
696,2019-09-04 18:25:38.000000000,2019-09-18 14:08:39.000000000,closed,0,Standalone json formatter
695,2019-09-02 16:46:42.000000000,2019-09-25 14:26:11.000000000,closed,2,gherkin-perl: Add Perl infrastructure to the CI docker images
694,2019-09-01 15:47:14.000000000,2019-09-25 14:39:04.000000000,closed,22,gherkin/perl: Update perl implementation
693,2019-08-29 17:50:28.000000000,2019-08-29 18:55:24.000000000,closed,0,Update dependencies 2019 08 29
692,2019-08-29 15:18:11.000000000,2019-12-03 03:08:28.000000000,closed,6,perl: can't run berp/berp on linux
691,2019-08-28 18:38:24.000000000,2019-08-28 18:38:36.000000000,closed,0,Cucumber html formatter handle bad docs
690,2019-08-26 16:30:30.000000000,2019-08-28 11:53:00.000000000,closed,6,"I am getting below issue, while running cucumber tests. Can anybody help me?"
689,2019-08-26 13:06:45.000000000,2019-09-25 11:39:43.000000000,closed,5,gherkin: Restore native JavaScript implementation (WIP)
688,2019-08-25 20:44:20.000000000,2019-08-26 01:17:54.000000000,closed,0,build: Check if prepare release is done in docker
687,2019-08-24 22:22:16.000000000,2019-08-29 19:53:24.000000000,closed,0,gherkin-c: Fix update-version make rule. Sync the VERSION file
686,2019-08-24 20:04:31.000000000,1970-01-01 00:00:00.000000001,open,2,pretty-formatter-go: Can't go get
685,2018-09-18 01:51:30.000000000,2019-08-22 03:26:50.000000000,closed,2,Treat negative lookaheads same as other non-capturing groups in step definitions.
684,2019-08-21 13:56:58.000000000,2019-08-23 20:57:16.000000000,closed,3,HTML formatter
683,2019-08-19 16:03:42.000000000,2019-08-19 23:33:40.000000000,closed,2,export typescript types for subrepos like (cucumber-expressions)
682,2019-08-15 01:26:27.000000000,2019-08-18 00:28:40.000000000,closed,0,datatable: Reimplement type factory
681,2019-08-13 20:07:17.000000000,2019-08-13 20:08:08.000000000,closed,0,Update dependencies
680,2019-08-13 13:15:51.000000000,2019-08-13 13:22:03.000000000,closed,1,Subrepo sync
679,2019-08-12 22:30:44.000000000,2019-08-18 00:28:40.000000000,closed,6,datatable: How come Cucumber's datatable project uses a shaded dependencies JAR?
678,2019-07-01 09:14:19.000000000,1970-01-01 00:00:00.000000001,open,5,Option for Cucumber Expression or RegEx in generated snippet
677,2019-08-11 15:09:47.000000000,2019-08-11 15:32:51.000000000,closed,0,cucumber-expressions: Tailor decimal pattern to number parser
676,2019-08-06 11:11:55.000000000,2019-08-12 20:17:47.000000000,closed,12,Create Cucumber plugin causes no feature file executed
675,2019-08-05 13:20:50.000000000,2019-08-11 15:32:51.000000000,closed,0,cucumber-expressions: Replace [0-9] with \d and copy test cases
674,2019-08-05 10:29:13.000000000,2019-08-05 13:28:24.000000000,closed,3,Cucumber Custom Plugin cause no feature read
673,2019-08-05 02:56:10.000000000,2019-08-13 14:25:57.000000000,closed,0,Take advantage of Java8 language features. Misc cleanup.
672,2019-08-03 00:40:31.000000000,2019-08-05 03:34:44.000000000,closed,8,cucumber-expressions: Improve decimal number parsing
671,2019-08-02 21:18:10.000000000,2019-08-13 14:26:37.000000000,closed,6,gherkin: Update gherkin-c to the current gherkin status
670,2019-08-02 00:59:58.000000000,2019-08-02 20:34:23.000000000,closed,0,cucumber/tag-expressions/datatable: Upgrades for Cucumber 5.0.0
669,2019-08-02 00:31:01.000000000,2019-08-05 03:34:43.000000000,closed,0,cucumber-expressions: `-` sign withouth numbers matches as `{double}`
668,2019-08-01 18:10:37.000000000,2019-08-13 14:26:56.000000000,closed,1,[release process] Do not try to push old releases of packages
667,2019-08-01 16:04:35.000000000,2019-08-01 16:45:23.000000000,closed,0,Techtalk update test run finished message with timestamp
666,2019-07-31 12:39:14.000000000,2020-05-20 04:05:04.000000000,closed,5,Handling nested groups in regular expression for backward compatibility in Cucumber 4
665,2019-07-31 11:36:52.000000000,2019-08-01 16:45:27.000000000,closed,6,Add Timestamp property and comments to TestRunFinished message
664,2019-07-28 03:00:45.000000000,2019-07-28 17:08:15.000000000,closed,0,Cucumber messages go git
663,2019-07-27 11:25:43.000000000,2019-08-14 21:57:35.000000000,closed,1,Disable go mod replace directive for releases
662,2019-07-24 22:36:12.000000000,2019-07-28 19:28:47.000000000,closed,5,messages: Add the message proto to go's cucumber-messages package
661,2019-07-23 15:28:22.000000000,2019-08-05 03:29:46.000000000,closed,9,cucumber-expressions: Fix suggestions with in-word parameters
660,2019-07-23 02:01:57.000000000,2019-07-30 02:15:21.000000000,closed,2,messages: Go generated proto messages not checked in
659,2019-07-19 17:02:26.000000000,2019-08-11 16:08:44.000000000,closed,4,cucumber-expressions: Prefer Java type hint over parameter type
658,2019-07-19 12:41:22.000000000,2019-08-11 16:08:44.000000000,closed,10,Cucumber forces Integer type on a \d+ capture group
657,2019-07-18 20:19:09.000000000,2020-01-06 20:30:08.000000000,closed,2,Only suggest parameter types when text is surrounded by whitespace
656,2019-07-18 12:04:02.000000000,1970-01-01 00:00:00.000000001,open,2,Cucumber protocol petri net
655,2019-07-17 18:29:31.000000000,2019-08-13 14:27:44.000000000,closed,0,Automate post release
654,2019-07-12 17:49:31.000000000,2019-07-15 19:30:19.000000000,closed,3,Update release process
653,2019-07-10 12:57:15.000000000,2019-07-10 16:13:24.000000000,closed,2,[Snyk] Fix for 1 vulnerable dependencies
652,2019-07-07 11:34:29.000000000,2019-07-08 12:47:36.000000000,closed,0,Data table README issue
651,2019-07-06 14:54:37.000000000,2019-07-06 15:12:15.000000000,closed,0,tag-expressions (python): Fix python3 warning
650,2019-07-06 00:35:40.000000000,2019-07-06 13:58:23.000000000,closed,2,datatable:java Make DataTable.unorderedDiff symmetric
649,2019-07-05 14:58:38.000000000,2019-09-04 12:41:15.000000000,closed,3,Improve Docker Hacking / Documentation
648,2019-07-03 15:59:43.000000000,2019-07-10 19:46:16.000000000,closed,2,Migrate to CircleCI
647,2019-07-03 14:17:24.000000000,2020-01-03 12:20:47.000000000,closed,6,Specifications for the sender part of Cucumber-Messages
646,2019-07-02 21:58:52.000000000,2019-07-11 18:54:08.000000000,closed,7,DataTable.unorderedDiff is not symmetric and does not take row count into account
645,2019-07-02 19:13:19.000000000,2019-07-16 13:54:08.000000000,closed,1,Remove dist folders
644,2019-07-02 13:31:31.000000000,2019-08-05 03:17:39.000000000,closed,14,cucumber-expressions - TreeRegexp: recognize lookaround as non-capturing groups
643,2019-06-25 13:56:53.000000000,2019-08-05 03:17:42.000000000,closed,1,cucumber-expressions: All regex lookarounds are incorrectly counted as a capturing group causing an iterator overflow and a NoSuchElement Exception.
642,2019-06-23 02:31:05.000000000,2019-11-19 05:02:11.000000000,closed,18,Protocol design and test strategy
641,2019-06-18 05:27:24.000000000,2019-07-01 17:13:03.000000000,closed,9,"gherkin: fix: ExeFile not a constructor, issue #634"
640,2019-06-15 18:06:29.000000000,2019-07-29 03:45:40.000000000,closed,2,WIP: Try modularizing the build
639,2019-06-15 13:26:02.000000000,2019-06-15 14:20:43.000000000,closed,1,Post release maintaince
638,2019-06-15 12:20:12.000000000,2019-06-15 14:20:22.000000000,closed,1,Build improvements
637,2019-06-15 01:06:05.000000000,2019-06-15 01:07:20.000000000,closed,1,Remove failing dots formatter from build
636,2019-06-15 00:58:00.000000000,2019-06-15 01:06:35.000000000,closed,1,Replace OracleJDK with OpenJDK
635,2019-06-14 17:47:28.000000000,2019-07-03 16:12:38.000000000,closed,3,[cucumber-messages] .NET library
634,2019-06-12 18:23:23.000000000,2019-07-01 17:13:03.000000000,closed,19,Gherkin: Javascript implementation not working with the latest version of c21e
633,2019-06-10 15:58:46.000000000,2019-06-14 17:45:55.000000000,closed,2,Named output hook
632,2019-06-08 20:35:40.000000000,2019-09-02 17:49:32.000000000,closed,2,Gherkin: Rule should have tags (grammar problem)
631,2019-06-07 15:14:54.000000000,2019-06-07 16:02:12.000000000,closed,1,Fixes cucumber/cucumber-jvm#1617 (cucumber-jwm) empty cells conversion
629,2019-06-05 16:48:51.000000000,2019-06-05 20:38:15.000000000,closed,1,Nest related Cucumber Messages. Rename Wrapper to Envelope
628,2019-06-05 11:23:39.000000000,2019-06-10 00:25:11.000000000,closed,5,gherkin history spec
627,2019-06-05 03:12:05.000000000,2019-06-27 14:16:22.000000000,closed,3,gherkin 6(JavaScript): differientiate between scenario and scenario outline
626,2019-06-04 17:52:23.000000000,2019-06-04 18:58:13.000000000,closed,1,Cucumber messages testcasestarted platform
625,2019-06-04 13:15:56.000000000,2019-06-24 12:02:18.000000000,closed,7,Refactor/bugfix: Docker tweaks to default makefiles for Ruby
624,2019-06-04 13:13:51.000000000,2019-06-04 14:04:41.000000000,closed,1,Add quick note about running Docker [ci skip]
623,2019-06-03 21:48:47.000000000,2019-06-04 13:00:11.000000000,closed,2,Co-related example tables
622,2019-06-03 11:51:28.000000000,2019-08-01 18:35:09.000000000,closed,9,Allow google-protobuf 3.8
621,2019-05-30 20:54:45.000000000,2019-07-08 01:44:36.000000000,closed,2,gherkin: Adding Rule keyword translation in portuguese and spanish to gherkin-languages.json
620,2019-05-29 16:07:38.000000000,1970-01-01 00:00:00.000000001,open,18,library: Support for unique test names in library
619,2019-05-23 23:38:07.000000000,2019-05-24 00:30:44.000000000,closed,2,Remove failing dots formatter from build
618,2019-05-23 17:00:00.000000000,2019-05-23 17:02:00.000000000,closed,10,cucumber-expressions: Missing releases in NPM
617,2019-05-23 00:27:41.000000000,2019-08-10 13:48:41.000000000,closed,2,Started work on wasm
616,2019-05-20 12:49:10.000000000,2019-06-04 17:54:07.000000000,closed,4,cucumber-messages: add cucumber-implementation to TestRunStarted message
615,2019-05-13 16:08:11.000000000,2019-06-04 19:55:15.000000000,closed,1,cucumber-messages: Add timestamp to TestRunStarted message
614,2019-05-09 19:24:54.000000000,2019-05-09 19:25:43.000000000,closed,4,Question about generating step file with reference language (english) functions names from translated Gherkin (french).
613,2019-05-09 12:17:43.000000000,2019-07-03 14:18:24.000000000,closed,8,add specs for TestRunStarted message
612,2019-05-07 14:07:53.000000000,2019-05-23 23:10:17.000000000,closed,3,Updated Documentation for Cucumber contributors
611,2019-05-07 13:44:35.000000000,2019-05-23 12:58:37.000000000,closed,1,[Cucumber-Messages] NuGet package for .NET library
610,2019-05-07 11:05:58.000000000,2019-07-13 14:02:12.000000000,closed,2,Travis CI for .NET parts
609,2019-05-06 15:15:39.000000000,2019-05-23 23:43:33.000000000,closed,3,"Java System.setProperty(""cucumber.options"", ""--features <path>) is not working"
608,2019-05-06 14:50:27.000000000,2019-05-07 10:45:42.000000000,closed,2,cucumber-messages-dotnet: Set Target Framework to net45 and netstandard2.0
607,2019-05-03 19:15:54.000000000,2019-05-23 00:41:19.000000000,closed,0,Port JavaScript code to TypeScript
605,2019-05-03 00:41:07.000000000,2019-07-01 18:39:28.000000000,closed,0,Cucumber expressions 600 match integers as floats
604,2019-04-30 18:33:34.000000000,2019-05-05 17:08:36.000000000,closed,5,cucumber-expressions: Support Boolean in BuiltInParameterTransformer
603,2019-04-30 10:58:57.000000000,2019-05-06 13:11:55.000000000,closed,1,cucumber-messages-dotnet: Set Target Framework to net45 and netstandard2.0
602,2019-04-29 17:35:16.000000000,1970-01-01 00:00:00.000000001,open,8,Rule support - documentation and update diagram
601,2019-04-28 13:58:48.000000000,2020-01-27 18:14:48.000000000,closed,15,Incorrect Match Step Definitions if Optional text past on Alternative text
600,2019-04-26 03:30:06.000000000,2019-07-01 18:39:30.000000000,closed,5,Gerkin: Paramater type {float} not matching 0 (zero).
598,2019-04-20 10:48:03.000000000,2019-04-23 12:17:40.000000000,closed,9,"I18N French: Add ""Sachant que"" as Given, and ""Donc"" as Then"
597,2019-04-13 23:10:31.000000000,2019-07-30 02:26:46.000000000,closed,0,Gherkin javascript dialect support
596,2019-04-10 13:44:13.000000000,2019-04-10 13:48:23.000000000,closed,2,"Is it possible to have multiline input in ""Examples"" data table?"
595,2019-04-08 19:09:44.000000000,2019-06-14 21:31:12.000000000,closed,9,Pluggable behaviour / extension points
594,2019-04-05 22:00:18.000000000,2019-04-08 19:19:38.000000000,closed,16,Allow running Background once per feature
593,2019-04-05 16:54:10.000000000,2019-06-27 17:58:59.000000000,closed,14,Allow ?! as a non-capturing negative lookahead in TreeRegexp
592,2019-04-04 21:08:47.000000000,2019-08-10 13:48:45.000000000,closed,3,Rename .rsync to something else
591,2019-04-04 17:02:10.000000000,2019-04-08 15:48:37.000000000,closed,8,"cucumber-messages: user message with ""Attachments"""
590,2019-04-03 17:56:24.000000000,2019-09-02 17:49:33.000000000,closed,12,Gherkin: Remove Background from Rule in grammar
589,2019-03-29 17:57:34.000000000,2020-05-20 03:30:53.000000000,closed,14,Gherkin 6/7 executable problems
588,2019-03-28 18:35:07.000000000,2019-04-16 23:18:10.000000000,closed,2,Data Driven testing with cucumber protractor and typescript
587,2019-03-28 02:37:16.000000000,2019-03-28 02:49:22.000000000,closed,1,WIP: Use a job per module
586,2019-03-22 15:11:02.000000000,2019-06-06 19:01:30.000000000,closed,3,Release Cucumber-Ruby 4.0.0 with the gherkin-go parser
585,2019-03-21 02:35:26.000000000,2019-03-23 07:49:59.000000000,closed,2,[Gherkin-DotNet] update version number to 6.0.0
584,2019-03-20 19:03:09.000000000,2019-04-05 16:54:30.000000000,closed,4,cucumber-expressions: Allow ?! as a non-capturing negative lookahead in TreeRegexp
583,2019-03-20 05:19:46.000000000,2019-03-20 17:09:18.000000000,closed,2,Cucumber- Test Runner :  java.lang.NoClassDefFoundError: org/junit/runner/manipulation/Filter exception while running TestRunner class.
582,2019-03-19 20:44:50.000000000,2019-03-19 22:05:56.000000000,closed,2,Fix up documentation links for tag-expressions
581,2019-03-16 15:56:10.000000000,2019-07-01 19:07:52.000000000,closed,5,cucumber-expressions: Simplify java heuristic
580,2019-03-16 02:06:53.000000000,2019-03-16 14:38:46.000000000,closed,1,cucumber-expressions: Prefer expression with the longest non-empty match
579,2019-03-13 12:25:23.000000000,2019-04-18 11:35:26.000000000,closed,2,cucumber-messages: Fix JRuby build
578,2019-03-12 18:33:09.000000000,2019-03-13 12:23:15.000000000,closed,7,cucumber-messages: Add stricter gem restrictions for google-protobuf
577,2019-03-10 04:21:23.000000000,2019-03-29 21:21:59.000000000,closed,1,gherkin: Enable in build
576,2019-03-10 04:04:03.000000000,2019-03-10 17:49:58.000000000,closed,1,cucumber-expressions: limit explosion of generated expressions to 256
575,2019-03-09 02:28:02.000000000,2019-03-16 14:38:45.000000000,closed,1, cucumber-expressions: generated expression does not give preference to longest match
574,2019-03-09 02:13:03.000000000,2019-03-10 17:49:58.000000000,closed,1,cucumber-expressions: combinatorial explosion of generated expressions
573,2019-03-07 14:55:54.000000000,2019-07-01 15:58:06.000000000,closed,7,docker config: Use `md5` rather than `md5sum`
572,2019-03-06 11:08:18.000000000,2019-03-16 03:07:34.000000000,closed,1,cucumber-expressions: Allow parameter-types in escaped optional groups
571,2019-03-04 12:23:47.000000000,2019-03-19 12:32:01.000000000,closed,4,Add support Ruby 2.6 for cucumber-message
570,2019-03-01 21:55:06.000000000,2019-03-06 14:19:44.000000000,closed,2,wiki: Broken links on https://github.com/cucumber/cucumber/wiki/Tables
569,2019-02-20 22:24:43.000000000,2019-02-21 15:16:39.000000000,closed,2,datatable is not working with groovy script
568,2019-02-20 19:53:34.000000000,1970-01-01 00:00:00.000000001,open,19,meta: Who uses Cucumber?
567,2019-02-20 04:54:23.000000000,2019-03-20 13:37:02.000000000,closed,17,ruby cucumber: --require flag documentation appears to be incorrect
566,2019-02-16 03:17:53.000000000,2019-04-18 03:35:26.000000000,closed,5,c21e-java: Parsing large feature file simply hangs
565,2019-02-13 14:36:46.000000000,2019-03-28 18:44:42.000000000,closed,6,[Feature Request] Gherkin: Accept multiline example cell
564,2019-02-02 10:49:50.000000000,2019-04-14 11:44:23.000000000,closed,15,[Feature Request] Gherkin: Extend background section to support before and after actions
561,2019-01-24 20:29:45.000000000,2019-03-16 03:07:36.000000000,closed,23,Fix ruby issue 1337: Brackets/Integer/CukeExp compatibility
560,2019-01-20 16:22:12.000000000,2019-03-19 22:05:56.000000000,closed,6,tag-expressions-ruby (broken-link)
559,2019-01-16 21:44:11.000000000,2019-01-18 21:28:12.000000000,closed,5,Correct Azerbaijani scenario translation
558,2019-01-07 22:32:30.000000000,2019-01-07 22:49:56.000000000,closed,2,Sonar Scanner Importing cucumber.json results
557,2019-01-05 22:30:06.000000000,2019-01-05 22:30:21.000000000,closed,1,datatable - Upgrade jackson databind
556,2019-01-03 07:57:52.000000000,2019-08-04 20:30:48.000000000,closed,4,gherkin-c: Fix test failures due to changed JSON serialization format
555,2018-12-31 21:36:44.000000000,2019-12-21 18:12:09.000000000,closed,12,gherkin-c: Use CTest to run the tests in CMake builds
554,2018-12-31 19:34:35.000000000,2020-04-17 13:53:16.000000000,closed,10,gherkin-c: Link against `libm` if required
553,2018-12-31 19:17:58.000000000,2019-03-20 00:19:39.000000000,closed,7,gherkin-c: Allow user to choose between static and dynamic lib
552,2018-12-31 18:37:07.000000000,2019-08-04 20:30:20.000000000,closed,4,gherkin-c: Extend to accept current Gherkin spec
550,2018-12-30 10:41:21.000000000,2018-12-30 12:23:01.000000000,closed,2,How to generate cucumber. Js test report
549,2018-12-29 09:55:50.000000000,2019-06-04 18:26:15.000000000,closed,7,cucumber-messages updates
547,2018-12-07 21:29:22.000000000,2018-12-08 02:02:41.000000000,closed,2,cucumber-jvm - JUnit5 support?
546,2018-12-06 01:49:40.000000000,2019-02-12 03:28:25.000000000,closed,3,gherkin/objective-c: Update build settings for Xcode 10
545,2018-12-03 15:47:52.000000000,2019-04-14 09:44:23.000000000,closed,8,[Feature Request] Ability to specify a reason for ignored tests
544,2018-12-03 03:07:00.000000000,2019-04-11 15:18:18.000000000,closed,4,Gherkin - Update sub-repo links to longer point to cucumber/gherkin
543,2018-11-30 15:35:03.000000000,2019-02-07 12:09:56.000000000,closed,3,gherkin: Remove gherkin/java from mono repo 
542,2018-11-30 15:27:46.000000000,2019-02-07 12:10:02.000000000,closed,3,gherkin: Fails to build
541,2018-11-30 15:12:22.000000000,2018-11-30 15:12:50.000000000,closed,1,Fix locale for number parsers
540,2018-11-27 03:08:57.000000000,2019-08-02 00:48:56.000000000,closed,1,datatable: Improve handling of tables withouth header
539,2018-11-22 17:58:29.000000000,2018-11-29 18:47:38.000000000,closed,7,datatable-java: use provided locale to parse BigDecimal in DataTableRegistry
538,2018-11-22 17:52:37.000000000,2018-11-22 20:49:28.000000000,closed,2,Run scenario outline more than once
537,2018-11-22 17:10:56.000000000,2019-08-02 00:48:55.000000000,closed,6,datatable-java: Header only datatable does not convert to empty list
536,2018-11-22 14:38:21.000000000,2018-11-22 15:08:20.000000000,closed,1,[Gherkin-DotNet] update version number to 6.0.0-beta1
535,2018-11-22 14:12:05.000000000,2018-11-22 14:29:54.000000000,closed,1,[Gherkin-DotNet] Fix #528
534,2018-11-20 07:46:11.000000000,2018-11-21 03:42:41.000000000,closed,2,Using problem
533,2018-11-14 11:39:58.000000000,2019-02-19 05:29:58.000000000,closed,3,Gherkin C: test for rule.feature fails
532,2018-11-13 20:28:00.000000000,2019-02-07 12:10:03.000000000,closed,7,cucumber-expressions: A parser tool that lets us test if our regex captures what we want
531,2018-11-13 15:07:49.000000000,2018-11-21 14:54:53.000000000,closed,1,[Gherkin-DotNet] migrate tests from makefile to unit tests
530,2018-11-09 19:46:33.000000000,2019-02-19 05:29:56.000000000,closed,3,Gherkin C: test for i18n_emoji.feature fails on the Windows + VisualStudio configuration
529,2018-11-09 16:47:50.000000000,2019-02-19 05:29:57.000000000,closed,3,Gherkin C: build fails on the Windows + VisualStudio configuration
528,2018-11-08 14:58:19.000000000,2018-11-22 14:29:54.000000000,closed,2,Gherkin: Gherkin-dotnet - replace dependency on Newtonsoft.Json if another json parser
527,2018-11-08 14:54:35.000000000,2018-11-21 14:54:53.000000000,closed,1,Gherkin: Gherkin-dotnet: make tests more in a .NET style
526,2018-11-07 18:32:38.000000000,2018-11-07 22:07:47.000000000,closed,2,regular expressions: Anchors ^ and $ are not performing an exact match
525,2018-11-06 18:16:31.000000000,2018-11-07 01:32:38.000000000,closed,2,Not able control the threads using maven failsafe plugin
524,2018-11-05 14:18:57.000000000,2020-08-22 01:36:24.000000000,closed,9,Reimplement JSON formatter as standalone executable
523,2018-11-02 05:27:18.000000000,2019-01-15 11:23:44.000000000,closed,3,Cucumber Messages for .NET
522,2018-11-01 17:31:12.000000000,2019-01-15 11:23:43.000000000,closed,3,[Gherkin C] Memory leak occurs due too many parser errors
521,2018-11-01 13:06:26.000000000,2020-05-20 03:37:23.000000000,closed,17,Proposal: Step definition inventory in message protocol
520,2018-10-31 14:47:47.000000000,2018-11-21 14:52:40.000000000,closed,1,[Gherkin DotNet] fix failing tests
519,2018-10-29 14:14:29.000000000,2019-01-15 11:23:48.000000000,closed,17,Proposal: --wip-tags TAG_EXPRESSION
518,2018-10-29 03:54:03.000000000,2018-10-31 02:54:11.000000000,closed,1,Better expression heuristics. Closes #515.
517,2018-10-28 04:59:10.000000000,2018-10-29 01:29:10.000000000,closed,1,C21E: Support x64 on ruby
516,2018-10-27 01:18:19.000000000,2019-07-30 02:17:32.000000000,closed,5,Tighten CI / automated release process
515,2018-10-26 17:44:24.000000000,2018-10-31 02:54:12.000000000,closed,7,"""The gherkin step has 0 arguments"" while there is one argument"
514,2018-10-26 01:04:09.000000000,2018-10-26 17:49:36.000000000,closed,1,datatables: Fix priority of default converters
513,2018-10-25 10:20:42.000000000,2019-01-06 20:37:48.000000000,closed,8,[Gherkin C] Empty lines in the description break the parser with memory access error
512,2018-10-24 17:11:13.000000000,2018-10-29 03:53:24.000000000,closed,3,Leading Tab characters break parser logic
511,2018-10-24 15:46:34.000000000,2020-06-23 23:49:19.000000000,closed,4,cucumber-expressions: Non maching behavior between CucumberExpression and RegularExpression
510,2018-10-23 20:04:04.000000000,2020-06-18 17:50:55.000000000,closed,5,Negative lookahead caused java.util.NoSuchElementException
509,2018-10-23 18:48:55.000000000,2019-05-25 12:53:08.000000000,closed,8,Cucumber-Expression:  (Cucumber::Glue::ArityMismatchError)
508,2018-10-23 11:55:27.000000000,2018-12-29 15:42:13.000000000,closed,4,config-java: Shade dependencies
507,2018-10-21 21:17:17.000000000,2018-11-16 18:23:01.000000000,closed,7,Tags not accessible for Children of Feature 
506,2018-10-21 16:50:16.000000000,2018-10-21 17:05:35.000000000,closed,1,tag-expressions.python: FIX: CI travis build: push_subrepos step
505,2018-10-21 16:22:41.000000000,2018-10-21 16:42:29.000000000,closed,1,tag-expressions.python: Bump version to 1.1.2.dev0 (was: 1.1.1)
504,2018-10-21 15:21:07.000000000,2018-10-21 15:44:39.000000000,closed,1,tag-expressions.python: FIX MANIFEST.in for source-distribution package creation
503,2018-10-19 19:54:08.000000000,2018-10-23 09:25:50.000000000,closed,2,Update Rust documentation
502,2018-10-17 08:32:46.000000000,2018-10-21 20:36:13.000000000,closed,1,add cucumber engine message
501,2018-10-16 03:30:03.000000000,2018-10-21 20:36:12.000000000,closed,8,Cucumber engine messages
500,2018-10-13 19:35:31.000000000,2018-10-19 21:58:13.000000000,closed,3,tag-expressions-python: Update and basic support for #406
499,2018-10-13 11:05:05.000000000,2018-10-22 03:14:21.000000000,closed,2,gherkin/javascript:  Fix gherkin-js build
498,2018-10-11 16:33:43.000000000,2018-10-12 01:22:01.000000000,closed,6,allow to provide custom PatternCompiler
497,2018-10-09 19:47:50.000000000,2018-10-17 08:24:46.000000000,closed,5,update messages for cucumber-engine
496,2018-10-09 02:03:49.000000000,2018-10-28 01:57:27.000000000,closed,11,Anonymous Parameter Types
495,2018-10-08 23:16:03.000000000,2018-10-10 16:08:38.000000000,closed,3,cucumber-expressions: Implement type hint.
494,2018-10-08 12:13:55.000000000,2018-10-12 01:22:01.000000000,closed,7,Flag `Pattern.UNICODE_CHARACTER_CLASS` is not supported on Android
493,2018-10-05 22:46:15.000000000,2018-10-28 01:57:27.000000000,closed,9,Multiple enum ParameterType generates exception
492,2018-10-05 14:29:19.000000000,2018-10-05 18:57:51.000000000,closed,1,Build status badge shows status for master branch only
491,2018-10-05 13:58:46.000000000,2018-10-07 18:35:20.000000000,closed,1,Add Ruby Project Metadata to Gemspecs
490,2018-10-02 13:20:49.000000000,2018-10-22 02:34:54.000000000,closed,2,Expose ParameterType internal 'transformer' field via getter
489,2018-10-02 09:35:52.000000000,2018-10-22 02:34:31.000000000,closed,13,Expose ParameterType internal 'transformer' field via getter
488,2018-09-30 22:25:41.000000000,2018-10-22 02:42:38.000000000,closed,3,cucumber-messages: Add testResult to the TestCaseFinished message
487,2018-09-30 13:36:49.000000000,2019-02-19 05:29:55.000000000,closed,5,"c21e: npm install is broken, breaks npm install gherkin as well"
486,2018-09-30 13:29:14.000000000,2018-12-01 16:17:45.000000000,closed,7,cucumber-messages: Allow compatible version of google-protobuf with JRuby
485,2018-09-29 23:36:47.000000000,2019-02-18 04:20:45.000000000,closed,5,API for message protocol formatters
484,2018-09-28 15:46:02.000000000,2018-09-28 15:50:18.000000000,closed,3,cucumber-expressions: Fixed broken link to cucumber expression docs
483,2018-09-24 12:29:35.000000000,2018-09-24 12:38:25.000000000,closed,4,Ruby: failed to require gherkin/parser
482,2018-09-23 14:46:37.000000000,2018-10-22 02:31:58.000000000,closed,3,Automatically release maven artefacts
481,2018-09-20 22:19:28.000000000,2019-06-27 17:58:59.000000000,closed,15,cucumber-expressions: Cucumber treats a (?!text) group as a capturing group; IndexError is then thrown
480,2018-09-18 13:53:14.000000000,2018-09-24 22:49:02.000000000,closed,7,"Ads ""Ukoliko"" as Croatian ""Given"" alternative"
479,2018-09-15 13:35:20.000000000,2018-10-22 02:33:09.000000000,closed,3,[tag-expressions] Java Platform Module System using Automatic-Module-Name
478,2018-09-15 13:35:14.000000000,2018-10-22 02:33:34.000000000,closed,1,[gherkin] Java Platform Module System using Automatic-Module-Name
477,2018-09-15 13:34:41.000000000,2018-10-22 02:32:55.000000000,closed,2,[datatable] Java Platform Module System using Automatic-Module-Name
476,2018-09-15 13:34:37.000000000,2018-09-16 01:25:58.000000000,closed,2,[cucumber-expressions] Java Platform Module System using Automatic-Module-Name
475,2018-09-14 18:53:39.000000000,2019-02-27 13:03:56.000000000,closed,5,Gherkin: Improve ruby CLI documentation
474,2018-09-14 10:53:06.000000000,2018-09-18 18:44:52.000000000,closed,8,Allow tagging steps
473,2018-09-13 10:41:15.000000000,2018-09-14 02:38:30.000000000,closed,1,cucumber-expressions:  optional text with Unicode bugfix
472,2018-09-08 13:49:52.000000000,2018-09-24 21:00:37.000000000,closed,7,java: Java Platform Module System using Automatic-Module-Name
471,2018-09-07 00:21:05.000000000,2018-09-14 02:07:51.000000000,closed,4,cucumber-expressions: {word}-expression with unicode fix
470,2018-08-31 22:02:11.000000000,2018-11-17 03:08:51.000000000,closed,4,gherkin-c build fails with missing math lib (missing -lm flag)
469,2018-08-29 11:50:30.000000000,2018-09-11 01:04:16.000000000,closed,4,Using a scenario outline variable within the Background section.
468,2018-08-27 01:34:42.000000000,2018-08-27 02:07:22.000000000,closed,1,Extract c21e - CrossPlatformExecutable - as library
467,2018-08-26 17:58:53.000000000,2018-08-27 23:39:48.000000000,closed,1,WIP: Pretty formatter
466,2018-08-24 12:04:01.000000000,2018-08-27 19:17:56.000000000,closed,1,Messages typescript
465,2018-08-23 15:42:35.000000000,2019-01-01 00:06:04.000000000,closed,6,cucumber-expressions-ruby: Multiline regexp not allowed in ParameterType class
464,2018-08-23 14:23:35.000000000,2018-08-27 00:09:02.000000000,closed,2,cucumber-expressions-ruby:parenthesis character class (ruby)
463,2018-08-23 03:12:04.000000000,2018-08-26 23:48:37.000000000,closed,2,cucumber-expressisons: parenthesis character class (javascript)
462,2018-08-23 00:04:01.000000000,2020-06-20 01:02:54.000000000,closed,5,WIP: cucumber-expressions: java: Fix for #455
461,2018-08-22 02:40:57.000000000,2018-08-27 00:09:01.000000000,closed,1,[Help requested] cucumber-expressions: #454 - FIX
460,2018-08-19 15:02:24.000000000,2018-08-19 15:39:22.000000000,closed,3,Not able to hide testdata in cucumber report
459,2018-08-18 18:34:31.000000000,2018-08-19 00:17:33.000000000,closed,2,Parameterizing the Cucumber feature files
458,2018-08-17 01:15:22.000000000,2018-08-26 20:17:20.000000000,closed,2,Change underscore notation to camel case
457,2018-08-16 23:44:12.000000000,2018-08-26 20:17:20.000000000,closed,3,gherkin/go : Underscore in naming
456,2018-08-15 01:16:55.000000000,2018-08-22 00:58:00.000000000,closed,4,JavaScript gherkin executable occasionally skips messages
454,2018-08-13 15:35:02.000000000,2019-08-27 18:25:00.000000000,closed,9,cucumber-expressions: regexp bug - parentheses in character class regex
453,2018-08-08 23:08:42.000000000,1970-01-01 00:00:00.000000001,open,8,Gherkin: documentation for semantics of `Rule` keyword
452,2018-08-08 23:00:18.000000000,2018-11-04 02:09:12.000000000,closed,4,Remove gherkin-lint
451,2018-08-08 13:35:08.000000000,2018-08-08 21:46:42.000000000,closed,3,Fix links to docs site.
450,2018-08-07 20:21:37.000000000,2018-08-08 21:48:44.000000000,closed,6,Broken links in various READMEs
449,2018-08-05 21:19:37.000000000,2018-08-27 22:22:00.000000000,closed,4,"gherkin: ruby,go: Failing test for strange size limitiation for feature files"
448,2018-08-04 16:48:18.000000000,2018-08-05 00:05:39.000000000,closed,1,Remove native JavaScript Gherkin parser - delegate to Go executable
447,2018-08-03 13:43:39.000000000,2018-08-04 01:26:38.000000000,closed,6,Update gherkin-languages.json
446,2018-08-01 02:24:38.000000000,2018-08-04 17:16:40.000000000,closed,1,Fix for #445
445,2018-08-01 02:22:34.000000000,2018-08-14 01:50:13.000000000,closed,2,Python Tag Expressions build error
444,2018-07-31 21:04:21.000000000,2018-08-05 04:12:58.000000000,closed,3,gherkin: Cucumber-Ruby integration
443,2018-07-31 19:56:21.000000000,1970-01-01 00:00:00.000000001,open,3,[WIP] OCaml messages
442,2018-07-29 22:26:51.000000000,2018-08-05 00:50:45.000000000,closed,2,"gherkin-go: Fix some formatting issues, add useful badges"
441,2018-07-21 20:31:16.000000000,2018-07-24 14:22:04.000000000,closed,2,Cucumber expressions don't work together with regex inside a step definition
440,2018-07-21 01:15:34.000000000,2018-09-28 20:13:21.000000000,closed,13,"Support custom cucumber expression types which accept multiple-line arguments, such as doc-strings"
439,2018-07-20 00:53:33.000000000,2018-07-20 11:50:58.000000000,closed,2,tag-expressions-go: URL to docs in README.md is broken
438,2018-07-17 09:07:33.000000000,2018-07-24 14:31:23.000000000,closed,2,Discrepancies while generating step definition
437,2018-07-14 02:03:09.000000000,2018-07-17 01:19:37.000000000,closed,1,[WIP] Ruby dots formatter
436,2018-07-12 23:58:16.000000000,2018-07-13 00:23:08.000000000,closed,1,[WIP] Splitsh branching
435,2018-07-12 09:17:48.000000000,2018-07-12 19:22:35.000000000,closed,2,Refactor down Gherkin::Messages::* to Gherkin::*
434,2018-07-09 19:10:19.000000000,2018-07-09 20:27:45.000000000,closed,4,Cuke step definitions are not recognized by intellij when using Cucumber Expressions
433,2018-07-09 13:23:38.000000000,2019-03-04 05:37:51.000000000,closed,10,Update Gherkin README
432,2018-07-09 12:31:31.000000000,2018-07-09 13:10:39.000000000,closed,1,Dots-formatter
431,2018-07-08 07:54:41.000000000,2018-07-08 08:05:49.000000000,closed,2,Unable to call steps from step definitions 
430,2018-07-07 01:52:58.000000000,2018-09-20 21:50:15.000000000,closed,6,CMake configuration on Windows
429,2018-07-06 19:26:51.000000000,2018-07-27 15:21:19.000000000,closed,4,[datatable] Add ability to register default transformers for table cell and entry
428,2018-07-05 14:43:31.000000000,2018-07-05 15:55:14.000000000,closed,2,Gherkin go compress binaries
427,2018-07-05 03:49:41.000000000,2018-07-11 18:58:16.000000000,closed,2,Remove the Ruby Gherkin parser. Rely on Go binary/protobuf
426,2018-07-04 11:20:04.000000000,2018-07-05 14:43:50.000000000,closed,4,Gherkin cross compiled binary compression option in Makefile for gherkin-go
425,2018-07-03 15:36:48.000000000,2020-05-20 04:16:15.000000000,closed,48,Gherkin: Delegate to Gherkin-Go prebuilt binaries
424,2018-07-02 18:02:12.000000000,2018-07-03 15:38:50.000000000,closed,5,Remove the Java Gherkin parser. Rely on Go binary/protobuf
423,2018-06-28 16:13:53.000000000,2018-07-27 15:15:36.000000000,closed,1,Add ParameterType.fromEnum(Class enumClass)
422,2018-06-28 00:30:17.000000000,2018-06-28 21:47:27.000000000,closed,6,Expose the optional Background element as a property
421,2018-06-27 23:06:59.000000000,2018-07-06 00:57:37.000000000,closed,3,Background not exposed in the C#/dotnet Feature type
420,2018-06-27 22:49:15.000000000,2018-07-06 00:45:17.000000000,closed,4,Use the DocString.Content for ToString
419,2018-06-24 14:33:57.000000000,2018-06-25 11:53:09.000000000,closed,3,cucumber-expressions/ruby: Exclude spec/ from coverage counting
418,2018-06-21 23:35:49.000000000,2018-06-22 00:02:10.000000000,closed,2,gherkin: Is there a problem with accepting a range of synonyms?
417,2018-06-20 16:24:53.000000000,2018-06-20 16:52:27.000000000,closed,4,gherkin/javascript: Tags aren't inherited by children
416,2018-06-19 12:19:14.000000000,2018-06-29 14:38:54.000000000,closed,10,Gherkin Rule keyword and Protocol Buffer messages
415,2018-06-17 02:40:43.000000000,1970-01-01 00:00:00.000000001,open,16,Remove JSON/HTML/Pretty/JUnit XML formatters from all implementations
414,2018-06-16 02:10:03.000000000,2018-06-19 12:20:17.000000000,closed,3,WIP: Rule keyword
413,2018-06-15 17:15:40.000000000,2018-07-06 00:58:11.000000000,closed,2,Scenario/Scenario Outline synonym for C / ObjC / Perl / Python
412,2018-06-15 13:03:50.000000000,2018-06-28 16:34:40.000000000,closed,4,Stop packaging jars as OSGi bundles
411,2018-06-14 01:30:09.000000000,2018-06-14 01:30:56.000000000,closed,1,Fix for #404
410,2018-06-13 23:53:10.000000000,2018-06-14 00:06:37.000000000,closed,1,Cucumber expressions no special characters in parameter types
409,2018-06-12 18:27:28.000000000,2018-06-14 12:54:50.000000000,closed,2,Documentation: Dead link in readme.md
408,2018-06-12 15:27:05.000000000,2018-06-13 14:16:47.000000000,closed,4,datatable: Automatic list conversion
407,2018-06-11 05:16:44.000000000,2018-06-12 21:19:17.000000000,closed,7,Julia: implementation
406,2018-06-10 01:09:10.000000000,2018-09-22 03:22:38.000000000,closed,14,tag-expressions: Add support for matching tags with wildcards
405,2018-06-07 04:18:51.000000000,2018-06-12 14:07:47.000000000,closed,2,datatable-dependencies: update jackson-databind to fix CVE-2017-17485
404,2018-06-06 21:33:40.000000000,2018-06-14 01:32:16.000000000,closed,6,cucumber-expressions: ParameterType doesn't support empty capture group
403,2018-06-05 20:05:27.000000000,2018-06-06 07:38:02.000000000,closed,5,Cucumber Expressions (JS): Optionals at end of line do not match steps when other transformations are involved in the step definition
402,2018-06-02 20:32:32.000000000,2018-06-04 19:52:07.000000000,closed,1,fix CI process: rsync
401,2018-06-01 19:27:17.000000000,2018-06-15 12:48:16.000000000,closed,2,gherkin js: fix ability to pass language to parser
400,2018-06-01 03:15:12.000000000,2018-07-06 00:49:34.000000000,closed,4,[wip] gherkin-pretty: create CLI to format Gherkin AST
399,2018-05-28 17:50:30.000000000,2018-05-28 19:47:20.000000000,closed,2,can we use this library for react native app testing with appium ?
398,2018-05-25 12:57:45.000000000,2018-05-25 17:47:53.000000000,closed,5,@ character provokes lexig error in block comments
397,2018-05-24 16:19:59.000000000,2018-05-29 19:42:07.000000000,closed,4,Remove/Hide cucumber steps from feature file in cucumber reports.
396,2018-05-24 12:16:27.000000000,2018-05-24 14:55:05.000000000,closed,3,gherkin: StringIndexOutOfBoundsException in step
395,2018-05-22 22:26:19.000000000,2018-05-30 00:50:59.000000000,closed,1,gherkin-c: Fixed missing file check
394,2018-05-22 22:05:38.000000000,2018-05-30 00:50:06.000000000,closed,1,[gherkin-c] Segfault when file does not exist
393,2018-05-22 21:59:44.000000000,2018-07-06 01:00:04.000000000,closed,2,[gherkin-c] Consistent build instructions in one place
392,2018-05-21 13:57:44.000000000,2018-05-21 14:03:30.000000000,closed,1,Allow escaping of '/'. Closes #391
391,2018-05-20 22:54:46.000000000,2018-05-21 14:03:30.000000000,closed,1,Escape `/` with `\/` when a literal `/` is wanted (and not alternation)
390,2018-05-20 10:07:06.000000000,2018-05-20 21:35:19.000000000,closed,3,[Gherkin parser (JS)] Narrative support before Background steps
389,2018-05-18 17:26:00.000000000,2018-06-15 19:08:11.000000000,closed,5,Documentation: Link for Cucumber Expressions for Ruby is wrong
388,2018-05-18 12:04:43.000000000,2018-05-18 13:36:42.000000000,closed,3,"Step convert matched regex from String to Integer, does it make sense?"
387,2018-05-14 19:12:16.000000000,2018-06-14 01:10:46.000000000,closed,5,cucumber-expressions: parameter type name with special characters not working 
386,2018-05-13 16:18:43.000000000,2018-05-14 21:02:29.000000000,closed,3,tag-expressions: Fix doc link
385,2018-05-10 23:13:53.000000000,2018-09-17 10:27:23.000000000,closed,28,datatable: implemented js datatable
384,2018-05-10 06:08:53.000000000,2018-08-07 03:58:43.000000000,closed,8,gherkin-pretty: new CLI tool
383,2018-05-07 22:44:35.000000000,2018-05-07 23:43:30.000000000,closed,2,Use latest .NET Core SDK in DotNet docker image
382,2018-05-05 17:02:02.000000000,2018-05-06 13:08:14.000000000,closed,1,tag-expressions-python: README TWEAKS
381,2018-05-04 13:09:46.000000000,2018-05-04 13:29:37.000000000,closed,4,how to run all test caes from a line number
380,2018-04-30 22:45:03.000000000,2018-05-30 00:58:29.000000000,closed,5,cucumber-expressions: Bugfix for nested capture groups. Ref #375
379,2018-04-30 16:32:36.000000000,2018-05-09 18:09:21.000000000,closed,24,2-Factor Authentication
378,2018-04-30 03:23:55.000000000,2018-06-19 12:20:04.000000000,closed,9,[WIP] ProtocolBuffers
377,2018-04-28 01:46:10.000000000,2018-05-18 18:53:39.000000000,closed,6,account for example value with $
376,2018-04-27 20:28:00.000000000,2018-06-15 19:08:42.000000000,closed,3,Debugging documentation out-of-date
375,2018-04-26 13:06:36.000000000,2018-05-30 00:58:30.000000000,closed,1,cucumber-expressions: failing on nested capture groups
374,2018-04-26 09:23:40.000000000,2018-05-18 18:53:39.000000000,closed,3,`$` in example table not escaped correctly
373,2018-04-23 17:34:00.000000000,2018-04-24 01:08:02.000000000,closed,4,Testdata intepreted as Step-Definition
372,2018-04-23 13:12:16.000000000,2018-04-26 14:49:11.000000000,closed,1,Delete OLD-README.md
371,2018-04-23 11:58:21.000000000,2018-05-30 14:16:41.000000000,closed,8,"Error when using ""acute accent"" Â´ in Scenario and Scenario Outline name"
370,2018-04-21 10:53:06.000000000,2018-04-27 14:18:28.000000000,closed,3,[docs] Drop residual gitbook settings files
369,2018-04-21 10:23:53.000000000,2018-04-26 01:44:01.000000000,closed,8,Fixed Russian equivalents with Given and Then in Gherkin language.
368,2018-04-20 17:45:51.000000000,2018-04-21 01:57:05.000000000,closed,7,What happened to the wiki?
367,2018-04-20 15:24:22.000000000,2018-04-20 15:28:03.000000000,closed,2,Remove old /docs
366,2018-04-20 14:24:46.000000000,2018-07-06 00:55:48.000000000,closed,2,Exposed name and native name to enable Cucumber-JVM to print the langâ€¦
365,2018-04-20 10:31:29.000000000,2018-04-26 08:48:44.000000000,closed,5,Question with Russian language description of Gherkin
364,2018-04-19 13:43:01.000000000,2018-04-21 01:54:16.000000000,closed,4,"Wrong step definition created when having ""("""
363,2018-04-18 13:15:26.000000000,2018-04-18 15:29:34.000000000,closed,2,How to pass a csv file in 'Examples' in Feature file and read values from CSV file in Java cucumber
362,2018-04-16 13:11:38.000000000,2018-04-16 18:00:28.000000000,closed,2,Cucumber.yml Re-run issue
361,2018-04-16 00:46:43.000000000,2018-04-16 02:27:47.000000000,closed,2,(Re)-introduce the 'As' keyword?
360,2018-04-13 19:59:52.000000000,2018-05-30 14:15:28.000000000,closed,3,Cucumber expressions disallow optional or alternative parameter types
359,2018-04-10 18:04:37.000000000,2018-04-10 19:28:39.000000000,closed,7,fix cucumber-expressions tests
358,2018-04-10 16:11:00.000000000,2018-04-10 19:28:39.000000000,closed,3,"Distinguish between ""no match"" and ""match with no groups"""
357,2018-04-10 03:22:35.000000000,2018-04-12 03:01:51.000000000,closed,17,Cucumber expressions: Remove single transformer
356,2018-04-10 03:13:51.000000000,2018-04-13 00:22:15.000000000,closed,5,gherkin: add language parameter to API
355,2018-04-09 11:03:59.000000000,2018-04-09 17:52:23.000000000,closed,7,[gherkin-dotnet] make compilation on macOS & linux the same as on Windows
354,2018-04-08 20:05:25.000000000,2018-04-09 01:12:45.000000000,closed,2,Fix default Java parameter types
353,2018-04-07 16:06:30.000000000,2018-06-15 17:16:20.000000000,closed,25,Allow Examples under Scenario (deprecate Scenario Outline keyword)
352,2018-04-05 20:13:27.000000000,2018-04-07 01:42:04.000000000,closed,2,ðŸ‡©ðŸ‡ª Improve German translation
351,2018-04-05 09:22:37.000000000,2018-06-15 17:59:18.000000000,closed,13,Example keyword for scenario
350,2018-03-29 22:32:02.000000000,2018-04-05 08:23:25.000000000,closed,3,cucumber-expressions: add go implementation
349,2018-03-29 18:04:35.000000000,2018-03-30 07:03:35.000000000,closed,3,Updates cucumber.md type:docs
348,2018-03-27 16:13:12.000000000,2018-03-27 18:44:30.000000000,closed,3,Spelling fix
347,2018-03-26 00:24:38.000000000,2018-03-26 07:45:08.000000000,closed,2,fix typo
346,2018-03-25 03:31:55.000000000,2018-04-04 08:21:49.000000000,closed,1,cucumber-expressons: Escape generated expressions. Fix for #345
345,2018-03-21 02:33:45.000000000,2018-04-04 08:21:49.000000000,closed,4,cucumber-expressions: Bad (bad!) error message when using special characters. 
344,2018-03-17 07:07:16.000000000,2018-03-17 09:55:48.000000000,closed,2,Fixed a trivial spelling error on contributing.md
343,2018-03-10 03:58:04.000000000,2018-06-04 19:52:07.000000000,closed,4,CI hidden error in build
342,2018-03-08 10:39:15.000000000,2018-04-29 22:41:43.000000000,closed,3,tag-expressions for python
341,2018-03-06 01:52:51.000000000,2018-03-06 23:43:27.000000000,closed,1,update docker to support go builds
340,2018-03-05 02:40:39.000000000,2019-08-14 21:58:18.000000000,closed,12,CI process
339,2018-03-05 02:02:07.000000000,2018-03-07 02:07:37.000000000,closed,6,tag expressions: add go implementation
338,2018-03-03 03:55:13.000000000,2018-03-04 01:34:46.000000000,closed,6,TagExpressionParser question
337,2018-03-01 05:55:30.000000000,2018-03-02 14:19:29.000000000,closed,2,"Step definitions with arguments fail with ""No self_obj"""
336,2018-02-23 08:19:18.000000000,2018-03-02 12:52:32.000000000,closed,2,Fixes #335
335,2018-02-23 08:04:45.000000000,2018-03-02 12:52:33.000000000,closed,1,gherkin: python implementation is not thread safe
334,2018-02-09 20:49:41.000000000,2018-02-11 00:53:30.000000000,closed,4,cucumber-expressions: Allow parentheses to be explicitly escaped
333,2018-02-09 20:11:58.000000000,2018-02-11 00:54:49.000000000,closed,4,cucumber-expressions: Matching a literal open-parenthesis
332,2018-02-08 17:17:36.000000000,2018-02-08 20:36:07.000000000,closed,2,how to prepare json file from feature files?
331,2018-02-07 21:56:43.000000000,1970-01-01 00:00:00.000000001,open,7,Support for pure Kotlin tests (needed for Kotlin Multiplatform)
330,2018-02-01 19:42:32.000000000,2018-02-10 21:16:15.000000000,closed,1,fixes validation for go vet tool on latest versions
329,2018-01-30 20:58:31.000000000,2018-01-31 15:28:00.000000000,closed,5,cucumber-expressions: index 3 out of matches (IndexError)
328,2018-01-25 02:18:14.000000000,2018-02-11 01:01:54.000000000,closed,2,Enhancement Request - Add Before and After Hooks at Test and Feature level in addition to scenario hooks
327,2018-01-20 02:04:09.000000000,2018-01-20 04:19:49.000000000,closed,9,Cucumber expressions regression 323
326,2018-01-19 22:41:42.000000000,2018-01-20 04:23:49.000000000,closed,2,cucumber-expressions: second string argument captures qoutes
325,2018-01-19 19:17:53.000000000,2018-01-19 19:42:48.000000000,closed,6,cucumber-expressions-javascript: 5.0.10 gives 'TypeError: Cannot read property 'add' of undefined'
324,2018-01-19 05:07:45.000000000,2018-01-19 15:40:31.000000000,closed,1,cucumber-expressions: Java: Fix for #323 - escaped backslashes
323,2018-01-17 01:03:39.000000000,2018-01-19 18:12:39.000000000,closed,7,Escaped backslash breaks regex capture group
322,2018-01-10 18:44:35.000000000,2018-01-10 18:55:57.000000000,closed,2,Fix text formatting in docs/cucumber.md
321,2018-01-07 17:46:46.000000000,2018-01-23 16:52:48.000000000,closed,4,gherkin/c: Created the lib_so make target
320,2017-12-29 02:48:03.000000000,2018-03-07 05:30:47.000000000,closed,4,gherkin-lint: consider adopting an already functional tool
319,2017-12-22 12:12:38.000000000,2017-12-30 05:20:40.000000000,closed,2,Update living-documentation.md
318,2017-12-18 19:04:15.000000000,2017-12-18 22:21:44.000000000,closed,4,Questions about the Scenario Outlines
317,2017-12-15 08:55:55.000000000,2018-03-24 01:04:49.000000000,closed,9,cucumber-expressions: non capturing group wildcard parameter type
316,2017-12-11 03:36:47.000000000,2018-02-12 01:36:32.000000000,closed,7,new html-formatter: in process apis?
315,2017-12-07 01:37:37.000000000,2017-12-08 01:46:15.000000000,closed,1,gherkin java: Remove unused mockito-all dependency
314,2017-12-06 13:35:18.000000000,2017-12-07 01:38:50.000000000,closed,1,gherkin java: Improved contributing documentation
313,2017-12-06 13:15:25.000000000,2018-04-20 14:26:32.000000000,closed,23,gherkin java: Extended the languages list to include a column with the language name and a column with the native name
312,2017-12-05 04:19:31.000000000,2017-12-19 05:04:56.000000000,closed,3,Cucumber 2 - Formatter API 
311,2017-12-04 10:50:31.000000000,2017-12-04 15:55:09.000000000,closed,2,Cucumber offline setup
310,2017-12-03 08:15:53.000000000,2017-12-03 14:59:16.000000000,closed,2,Error in cucumber feature 
309,2017-12-01 01:45:51.000000000,2017-12-01 02:17:04.000000000,closed,1,tag-expressions: Fix OSGI exported package
308,2017-11-28 15:55:41.000000000,2017-11-28 17:13:45.000000000,closed,2,Ignore case flag not working in new ParameterType regexp
307,2017-11-28 15:24:39.000000000,2017-11-28 20:35:36.000000000,closed,10,Cucumber Expressions: Runtime infinite hang when invalid match with ParameterType
306,2017-11-28 15:22:40.000000000,2017-11-28 20:40:13.000000000,closed,4,Cucumber Expressions Ruby - 1line fix
305,2017-11-25 22:28:46.000000000,2017-12-08 11:56:08.000000000,closed,14,gherkin: Add new word to russian translation.
304,2017-11-25 09:16:55.000000000,2017-11-27 21:16:45.000000000,closed,4,"tag-expression: Supports RPN notation, too"
303,2017-11-24 14:51:04.000000000,2017-11-24 15:09:40.000000000,closed,1,Cucumber Expressions - Alternation doesn't play nicely with numbers.
302,2017-11-22 18:16:22.000000000,2017-12-19 05:04:09.000000000,closed,2,Dots representing the progress instead checked scenarios description
301,2017-11-06 21:53:53.000000000,2018-04-27 02:34:46.000000000,closed,5,"Add keyword ""Examples Cross"""
300,2017-11-06 16:51:32.000000000,2017-11-06 16:57:20.000000000,closed,6,Case insensitive regex in Step Definition doesn't match
299,2017-11-06 00:11:15.000000000,2018-02-19 13:51:42.000000000,closed,6,gherkin-js: Reverse GherkinDocument back to Feature
298,2017-10-31 01:55:00.000000000,2018-01-31 15:58:56.000000000,closed,3,added aragonese to gherkin supported languages
297,2017-10-31 00:40:17.000000000,2017-10-31 01:24:12.000000000,closed,2,GherkinCucumberThinkCode
296,2017-10-26 16:56:50.000000000,2017-11-27 21:16:45.000000000,closed,5,Unhandled rejection Error: empty stack in cucumber-expressions@5.0.2 (javascript)
295,2017-10-26 14:28:43.000000000,2017-10-26 14:33:28.000000000,closed,3,update living documentation link
294,2017-10-24 02:50:56.000000000,2017-10-30 23:24:09.000000000,closed,4,[ruby]ParallelTests::Cucumber::FailuresLogger (ArgumentError)
293,2017-10-23 20:51:21.000000000,2018-07-06 00:51:23.000000000,closed,3,gherkin: Retain leading and trailing newlines in data table cells
292,2017-10-22 14:26:48.000000000,2018-02-10 20:17:00.000000000,closed,15,gherkin: Pass the content type of a docstring down into its pickle string formâ€¦ 
291,2017-10-21 13:16:41.000000000,2018-04-08 01:50:24.000000000,closed,7,add datatable/java
290,2017-10-20 16:32:13.000000000,2020-02-08 04:43:47.000000000,closed,9,"gherkin: Leading and trailing ""\n"" are trimmed in DataTable cells"
289,2017-10-17 23:55:07.000000000,2018-05-18 18:44:57.000000000,closed,10,gherkin/ruby malware in berp.exe?
288,2017-10-13 08:44:02.000000000,2017-10-13 15:59:31.000000000,closed,1,gherkin: add language parameter to API
287,2017-10-12 18:43:58.000000000,2017-10-20 16:50:13.000000000,closed,1,cucumber-expressions: (Java) Make the jar a bundle to support osgi.
286,2017-10-12 09:46:15.000000000,2017-11-27 21:16:44.000000000,closed,2,Tag expressions: escape special chars in tags
285,2017-10-11 06:20:17.000000000,2017-11-28 14:03:11.000000000,closed,7,tag expression being parsed incorrectly
284,2017-10-11 01:43:27.000000000,2017-10-11 01:43:48.000000000,closed,1,Cucumber expressions run in world
283,2017-10-09 01:04:11.000000000,2017-10-12 16:46:57.000000000,closed,6,Docs/Readme - Add wikipedia link for BDD
282,2017-10-07 02:25:37.000000000,2017-11-28 14:05:35.000000000,closed,3,Experimental CLI for tag expressions
281,2017-10-06 12:35:09.000000000,2017-10-11 13:29:56.000000000,closed,7,Expressions being parsed incorrectly on 6.11.x
280,2017-10-05 18:31:36.000000000,2017-12-11 21:17:46.000000000,closed,3,Travis/Circle slack notifications using a machine account
279,2017-10-05 17:42:11.000000000,2017-10-06 15:54:26.000000000,closed,1,Cucumber expressions 276 escape string template
278,2017-10-05 12:47:06.000000000,2017-10-06 17:13:07.000000000,closed,3,cucumber-expressions : failing on using non-capturing regex
277,2017-10-05 01:47:19.000000000,2017-10-06 15:55:01.000000000,closed,1,gherkin: Simplify grammar
276,2017-10-04 19:38:02.000000000,2017-10-05 18:04:32.000000000,closed,6,Steps with percent sign cause cucumber to crash
275,2017-10-01 23:27:07.000000000,2017-10-05 21:11:55.000000000,closed,1,Fix broken links (issue #92)
274,2017-09-26 16:01:48.000000000,2017-09-30 22:12:22.000000000,closed,3,Update cucumber.md
273,2017-09-26 14:20:31.000000000,2017-10-06 16:28:05.000000000,closed,23,Gherkin (i18n): add additional Dutch keywords for Given.
272,2017-09-26 13:41:07.000000000,2017-12-29 04:20:13.000000000,closed,7,Gherkin: cannot build language update on Ubuntu 16.04
271,2017-09-20 04:48:12.000000000,2017-10-06 17:14:02.000000000,closed,4,gherkin: ability to set default language for parser
270,2017-09-20 01:38:03.000000000,2017-09-30 22:15:35.000000000,closed,3,documentation: Fix typo
269,2017-09-19 10:27:57.000000000,2018-01-12 00:24:13.000000000,closed,3,[api] Add generated API docs to new repo api.cucumber.io
268,2017-09-18 08:33:59.000000000,2017-09-18 10:06:02.000000000,closed,5,[Spring] Exception is thrown complaining about multiple matching beans with version 1.2.5
267,2017-09-12 14:19:29.000000000,2017-11-18 16:44:59.000000000,closed,3,Wiki page 'Custom Formatters' should mention the Event Bus
266,2017-09-10 00:30:13.000000000,2017-10-01 22:52:21.000000000,closed,2,Broken link in  ReadMe file
265,2017-09-02 07:00:10.000000000,2017-09-03 04:08:18.000000000,closed,4,cucumber-expressions-javascript: regular expressions defaulting to strings?
264,2017-08-31 22:31:26.000000000,2017-10-06 16:09:34.000000000,closed,1,gherkin: compile empty scenarios to empty pickles
263,2017-08-31 20:43:45.000000000,2017-11-15 15:29:15.000000000,closed,3,[gherkin] Table Cell should return exact location when empty
262,2017-08-29 19:17:01.000000000,2017-08-29 19:32:45.000000000,closed,2,Cannot save changes to profiles in cucumber.yml
261,2017-08-28 12:30:04.000000000,2017-08-28 12:56:29.000000000,closed,4,[docs] Fix markdown format for GitHub
260,2017-08-24 19:06:26.000000000,2017-08-26 09:41:17.000000000,closed,1,[docs] Add note and link to docs.cucumber.io
259,2017-08-23 21:14:06.000000000,2017-10-06 17:16:42.000000000,closed,6,gherkin-dotnet: Support for .NET Standard 2.0
258,2017-08-23 11:29:59.000000000,2017-08-26 12:45:49.000000000,closed,2,gherkin: Update CI matrix
257,2017-08-23 11:28:13.000000000,2017-08-26 12:46:33.000000000,closed,1,tag-expressions: Update CI matrix
256,2017-08-23 11:22:37.000000000,2017-08-26 12:47:00.000000000,closed,1,cucumber-expressions: Update CI matrix
255,2017-08-22 18:35:31.000000000,2019-08-14 23:48:43.000000000,closed,12,CHANGELOG.md Update Script
254,2017-08-22 17:11:03.000000000,2017-08-26 12:33:05.000000000,closed,5,Cucumber expressions fix regexp parsing
253,2017-08-22 07:26:03.000000000,2017-08-26 12:32:25.000000000,closed,7,Backward support for escaped parens in steps
252,2017-08-21 22:19:13.000000000,2017-10-06 17:17:13.000000000,closed,5,Prevent pull request and issues in read-only repos
251,2017-08-21 19:54:40.000000000,2017-09-15 02:23:53.000000000,closed,33,CHANGELOG.md Homogeneity Project
250,2017-08-21 06:22:08.000000000,2018-07-06 01:03:03.000000000,closed,32,Rules + Examples
249,2017-08-18 15:23:38.000000000,1970-01-01 00:00:00.000000001,open,16,gherkin: Compiling empty scenarios
248,2017-08-16 21:13:51.000000000,2017-08-16 23:25:44.000000000,closed,2,[Cucumber][Cucumber/docs] Updated Selenium webdriver.md and watir webdriver
247,2017-08-16 18:29:32.000000000,2017-08-16 20:40:05.000000000,closed,5,[Cucumber] [Cucumber/docs]Selenium webdriver.md and watir webdriver
246,2017-08-10 14:35:27.000000000,2017-08-10 15:02:36.000000000,closed,3,[query] [docs] Citable reference for Gherkin spec?
245,2017-08-07 00:27:18.000000000,2017-10-06 18:20:39.000000000,closed,1,[gherkin] `VERSION` file lies!  (says 4.0.0) =)
244,2017-08-06 23:51:03.000000000,2017-09-04 23:53:00.000000000,closed,7,"[docs] Minor doc edits (phrasing, formatting, etc.)"
243,2017-08-03 20:56:13.000000000,2017-08-03 22:52:25.000000000,closed,6,undefined method `ok?' for #<Cucumber::Core::Test::Result::Unknown
242,2017-07-28 20:09:50.000000000,2017-07-28 20:18:21.000000000,closed,2,Cucumber Expressions: transforms uniqueness
241,2017-07-24 22:57:16.000000000,2017-11-15 15:29:11.000000000,closed,4,Add topics to all cucumber sub projects on Github
240,2017-07-21 00:40:34.000000000,2017-11-15 15:29:09.000000000,closed,3,Clean up org/team/repo structure
239,2017-07-18 20:58:38.000000000,2017-11-15 15:29:08.000000000,closed,7,gherkin: Inline comments don't not work
238,2017-07-14 18:27:20.000000000,2017-07-20 18:03:57.000000000,closed,3,Cucumber: Lexing error on line when language is fr
237,2017-07-14 16:32:03.000000000,2017-07-14 16:50:01.000000000,closed,1,Cucumber expressions tree regexp
236,2017-07-12 15:59:05.000000000,2017-07-13 01:54:47.000000000,closed,2,"I am trying to throw json query from scenario outline but it is taking below bracket and colons as extra string arguments and throwing implement error that ""missing steps with the snippets"""
235,2017-07-10 21:07:42.000000000,2017-07-16 18:43:39.000000000,closed,1,[docs] Add Slack link to Gitbook docs on contributions
234,2017-07-10 20:02:12.000000000,2017-11-15 15:29:21.000000000,closed,11,[docs] Gitbook link and article on cucumber-rails
233,2017-07-09 19:19:44.000000000,2017-07-20 18:02:07.000000000,closed,6,Rerun: Space or new line as feature seperator
232,2017-07-04 16:23:33.000000000,2017-07-04 16:32:25.000000000,closed,1,gherkin-lint: Fix link in README.md
231,2017-06-28 00:58:40.000000000,2017-06-28 01:28:50.000000000,closed,1,Add built-in {string} parameter type. Closes #190.
230,2017-06-26 15:44:37.000000000,2017-06-26 16:31:31.000000000,closed,3,Markdown fix: avoid non-space character
229,2017-06-25 01:07:15.000000000,2017-06-26 12:14:19.000000000,closed,1,"[docs] Spell out JavaScript, make PHP (Behat) visible"
228,2017-06-25 00:17:24.000000000,2017-08-23 14:08:01.000000000,closed,1,[docs] 10-minute-tutorial: Format text
227,2017-06-19 11:50:11.000000000,2017-06-21 02:56:50.000000000,closed,1,cucumber-expressions: Capture groups in param types
226,2017-06-15 17:16:54.000000000,2017-06-15 17:30:54.000000000,closed,1,"cucumber-expressions: Add a {word} parameter type, ref #191"
225,2017-06-15 11:52:55.000000000,2017-06-15 12:03:26.000000000,closed,1,Cucumber expression refactoring 2017 06 17
224,2017-06-14 17:08:19.000000000,2017-06-21 03:00:55.000000000,closed,2,Allow capture groups in parameter type regexps
223,2017-06-13 17:12:44.000000000,2018-07-06 00:54:08.000000000,closed,9,gherkin/java:Support unicode colon as separator.
222,2017-06-12 17:06:26.000000000,2017-06-13 00:24:08.000000000,closed,3,Link to a file/ image within project needed : Gherkin
221,2017-06-10 05:54:31.000000000,2018-07-06 01:04:07.000000000,closed,15,shared binary
220,2017-06-08 12:53:02.000000000,2017-06-08 14:03:02.000000000,closed,1,Fix for Cucumber expressions #211 ignore non capturing groups
219,2017-06-08 00:02:25.000000000,2017-06-08 00:04:10.000000000,closed,2,defineParameterType cannot handle regexp with groups for regexp step definition
218,2017-06-06 22:57:08.000000000,2017-06-08 12:32:46.000000000,closed,2,"Add qstring parameter type for 'single quoted' and ""double quoted"" arguments"
217,2017-06-06 22:53:13.000000000,2017-08-27 14:39:04.000000000,closed,4,step ambiguity issue
216,2017-06-02 18:40:58.000000000,2017-06-08 14:16:48.000000000,closed,8,cucumber-expressions: make CAPTURE_GROUP_PATTERN aware of non-â€¦
215,2017-06-02 00:20:40.000000000,2017-09-30 22:18:34.000000000,closed,2,doc: Updated to the latest released version of cucumber-java
214,2017-05-28 23:56:27.000000000,2017-11-15 15:29:13.000000000,closed,6,API for stateless step definitions
213,2017-05-26 16:46:42.000000000,2017-05-29 02:31:21.000000000,closed,1,Changelog for tag expressions
212,2017-05-25 23:28:58.000000000,2017-06-26 16:34:57.000000000,closed,2,Cucumber: Fix 'What is not OK' not being formatted as header in Code of Conduct
211,2017-05-23 15:22:28.000000000,2017-06-08 14:38:50.000000000,closed,6,RegularExpression constructor is not filtering non-capturing groups
210,2017-05-21 22:42:45.000000000,1970-01-01 00:00:00.000000001,open,21,Cross platform DataTable implementation
209,2017-05-15 20:07:09.000000000,2017-10-11 20:00:33.000000000,closed,4,Add backers and sponsors from Open Collective <3
208,2017-05-12 04:51:06.000000000,2017-08-27 16:17:46.000000000,closed,3,gherkin-ruby: The `rule_type` parameter in `AstBuilder#end_rule` is not used?
207,2017-05-12 04:40:37.000000000,2017-07-20 17:55:55.000000000,closed,2,The `rule_type` parameter in 
206,2017-05-11 15:29:31.000000000,2017-10-06 16:16:07.000000000,closed,2,gherkin: Correct link to ast picture in README
205,2017-05-10 14:31:49.000000000,2017-05-10 14:33:53.000000000,closed,2,Can I specify the path to the step_definitions file
204,2017-05-10 02:07:36.000000000,2017-06-21 03:01:52.000000000,closed,4,nested capture groups
203,2017-05-09 01:01:44.000000000,2017-07-20 17:56:41.000000000,closed,6,Custom information can not be added to cucumber junit xml report
202,2017-05-08 23:10:54.000000000,2017-10-06 16:21:49.000000000,closed,1,"Gherkin: Added female, singular 'Given' in Romanian"
201,2017-05-08 18:00:20.000000000,2017-05-08 23:00:37.000000000,closed,3,"Gherkin-Java: Added female, singular given in Romanian"
200,2017-05-06 02:25:07.000000000,2017-05-06 02:45:10.000000000,closed,3,How can I write information to xml report
199,2017-05-05 22:32:16.000000000,2017-11-15 15:29:07.000000000,closed,9,Gherkin: example row taggable
198,2017-05-04 03:30:07.000000000,2017-05-04 12:56:29.000000000,closed,1,cucumber-expressions-javascript: Prettify code on commit
197,2017-05-03 18:49:37.000000000,2017-05-03 18:50:00.000000000,closed,1,gherkin: Fix gherkin/javascript/examples so Gherkin loads in browser
196,2017-05-03 18:19:44.000000000,2017-05-03 18:21:40.000000000,closed,1,gherkin: (JavaScript) Don't depend on fs in the library
195,2017-05-02 00:17:42.000000000,2018-01-12 00:24:11.000000000,closed,3,gherkin: Publish CLI with Windows package manager
194,2017-05-01 23:55:42.000000000,2017-05-01 23:58:17.000000000,closed,1,gherkin: (Python) Fix executable. Fixes #157
193,2017-05-01 16:21:07.000000000,2017-05-01 22:00:19.000000000,closed,1,gherkin: (C) Fix Windows related issues
192,2017-04-29 01:57:53.000000000,2017-11-15 15:29:12.000000000,closed,4,Change pull request template
191,2017-04-29 01:53:39.000000000,2017-06-15 17:30:54.000000000,closed,2,Add {string} parameter type and fail on undefined parameter types
190,2017-04-27 13:01:35.000000000,2017-06-28 01:28:53.000000000,closed,1,cucumber-expression: Define default parameter type for quoted strings
189,2017-04-26 14:21:24.000000000,2017-04-26 14:45:11.000000000,closed,2,Excluding a tag results in no tests being run
188,2017-04-21 17:18:32.000000000,2017-10-06 16:29:21.000000000,closed,4,"Add ""Dado que"" to Spanish translation for ""Given"""
187,2017-04-19 21:05:13.000000000,2017-07-20 17:57:19.000000000,closed,9,JSON formatter specification
186,2017-04-19 19:46:05.000000000,2017-06-08 12:28:03.000000000,closed,3,cucumber-expressions: Allow duplicate regexps in parameter types
185,2017-04-14 11:59:31.000000000,2017-10-06 17:53:53.000000000,closed,4,gherkin: A better wording for the Greek translation of the 'Scenario Outline'
184,2017-04-13 17:20:57.000000000,2017-04-14 13:07:10.000000000,closed,2,Cucumber tags
183,2017-04-10 22:20:20.000000000,2017-04-18 23:35:57.000000000,closed,3,feature tags: Not parsing correctly with comment on tag line
182,2017-04-10 12:36:38.000000000,2017-04-10 18:31:56.000000000,closed,2,Composite step
181,2017-04-09 20:52:57.000000000,2017-04-10 03:43:35.000000000,closed,3,selenium 3 is throwing cucumberexception
180,2017-04-09 06:51:18.000000000,2017-04-09 06:57:42.000000000,closed,1,cucumber-expressions: Remove named params (already deprecated)
179,2017-04-08 21:03:55.000000000,2017-06-08 14:16:59.000000000,closed,3,cucumber-expressions: #131 Cucumber Expressions: Non Capture Group
178,2017-04-08 00:11:38.000000000,2017-04-08 02:52:23.000000000,closed,2,Cucumber-JS CLI - tag expressions are broken in Cucumber 2.0.0-rc9
177,2017-04-03 00:13:27.000000000,2017-10-06 18:18:40.000000000,closed,2,build: Build .NET libraries in Docker
176,2017-04-02 21:07:16.000000000,2017-04-03 00:29:12.000000000,closed,2,gherkin: (C) Manually convert uri:s from char* to wchar_t*.
175,2017-03-31 13:29:53.000000000,2017-12-19 16:22:47.000000000,closed,3,Atom linter for Gherkin
174,2017-03-29 23:47:48.000000000,2017-08-28 00:35:09.000000000,closed,11,Finishing .NET Parser after .NET Core merge and monorepo
173,2017-03-27 00:16:56.000000000,2017-05-16 00:02:36.000000000,closed,3,event-protocol: Add ruby formatter
172,2017-03-26 23:39:20.000000000,2018-07-06 00:56:54.000000000,closed,20,[wip] event-protocol: Add events & schemas for test runs
171,2017-03-26 23:28:07.000000000,2017-11-15 15:29:19.000000000,closed,3,gui: Add first prototype version of GUI
170,2017-03-26 00:21:01.000000000,2017-04-03 01:24:40.000000000,closed,1,gherkin-go: missing error handling
169,2017-03-23 00:08:22.000000000,2017-03-23 02:34:48.000000000,closed,2,@Given @When not working properly in JAVA
168,2017-03-22 17:02:01.000000000,2017-05-01 22:00:19.000000000,closed,1,Gherkin C tests fail on Wine
167,2017-03-22 03:47:22.000000000,2017-11-08 18:18:30.000000000,closed,5,Document build/contributing process for contributors
166,2017-03-22 03:20:29.000000000,2017-03-22 03:30:14.000000000,closed,2,event-protocol: Make binary command executable and add hashbang
165,2017-03-22 01:31:36.000000000,2017-04-03 00:29:12.000000000,closed,3,Gherkin C tests fail on Alpine Linux
164,2017-03-21 21:59:38.000000000,2017-03-22 00:24:45.000000000,closed,6,[gherkin-ruby] Add ruby-head as a allow failures in .travis.yml.
163,2017-03-21 17:57:24.000000000,2017-03-22 04:17:40.000000000,closed,2,Build (almost) the entire monorepo in Docker
162,2017-03-20 17:58:23.000000000,2017-03-20 19:32:27.000000000,closed,3,gherkin-go: gherkin event stream and pickles
161,2017-03-19 03:49:43.000000000,2017-03-26 23:16:26.000000000,closed,4,event-protocol: Add test-run started event
160,2017-03-19 03:48:58.000000000,2017-05-02 01:55:20.000000000,closed,3,WIP: Cucumber redux
159,2017-03-19 03:38:38.000000000,2017-03-19 03:38:58.000000000,closed,1,event-protocol: document decisions from meetup
158,2017-03-19 00:44:00.000000000,2017-03-20 13:45:38.000000000,closed,2,gherkin: (Python) Fix handling of error messages and newline encodings
157,2017-03-17 04:21:15.000000000,2017-05-01 23:58:17.000000000,closed,1,gherkin-python executable broken
156,2017-03-17 03:50:04.000000000,2017-03-17 03:52:52.000000000,closed,1,gherkin-python: Fix for #153
155,2017-03-17 03:39:14.000000000,2017-03-17 18:48:05.000000000,closed,1,"gherkin: Make JavaScript, Ruby, Python packages executable"
154,2017-03-17 03:35:24.000000000,2017-03-17 03:41:06.000000000,closed,1,Mark Gherkin PyPI package as executable CLI
153,2017-03-17 02:50:25.000000000,2017-03-17 03:52:52.000000000,closed,4,Python package 4.1.0 broken
152,2017-03-17 01:57:20.000000000,2017-03-17 18:48:05.000000000,closed,1,event-protocol: Align gherkin events with validator
151,2017-03-17 01:13:33.000000000,2017-03-17 01:26:41.000000000,closed,1,"event-protocol: Extract lib, executable npm package"
150,2017-03-16 20:53:24.000000000,2017-03-16 20:54:15.000000000,closed,1,event-protocol: Remove start event
149,2017-03-16 20:37:24.000000000,2017-03-17 03:41:12.000000000,closed,2,Mark Gherkin npm package as executable CLI
148,2017-03-16 20:36:31.000000000,2017-03-17 03:40:40.000000000,closed,1,Mark Gherkin gem as executable CLI
147,2017-03-16 17:16:53.000000000,2017-11-15 15:29:01.000000000,closed,4,Cocoapods pod spec for Objective-C implementation
146,2017-03-16 17:11:25.000000000,2017-11-15 15:29:00.000000000,closed,3,Objective-C: Implement CLI
145,2017-03-16 17:11:18.000000000,2017-03-20 19:32:27.000000000,closed,9,Go: Implement CLI
144,2017-03-16 17:10:55.000000000,2017-11-15 15:29:02.000000000,closed,5,Perl: Implement CLI
143,2017-03-16 17:05:56.000000000,2017-11-15 15:29:05.000000000,closed,4,gherkin-perl: Update release process
142,2017-03-16 16:50:31.000000000,2017-03-20 13:59:40.000000000,closed,2,gherkin-perl: Change MetaResources to point to official location
141,2017-03-16 12:44:15.000000000,2017-03-16 13:43:08.000000000,closed,2,Scenario update
140,2017-03-16 03:05:52.000000000,2017-04-03 00:19:32.000000000,closed,2,gherkin: fix build on 
139,2017-03-16 02:59:58.000000000,2017-11-15 15:28:59.000000000,closed,3,gherkin: Fix build on perl 5.8
138,2017-03-16 02:57:22.000000000,2017-03-20 13:45:38.000000000,closed,1,gherkin: Fix build on python 3.4
137,2017-03-16 02:45:13.000000000,2017-03-20 19:32:27.000000000,closed,3,gherkin: Fix build on go 1.8
136,2017-03-16 02:07:08.000000000,2017-03-16 02:18:13.000000000,closed,1,Gherkin rsync testdata
135,2017-03-16 00:27:56.000000000,2018-07-06 01:04:53.000000000,closed,5,NDJSON events do not contain timestamp or series
134,2017-03-14 15:47:10.000000000,2017-03-16 02:53:44.000000000,closed,2,Prefix issue labels
133,2017-03-14 15:34:57.000000000,2017-11-15 15:29:14.000000000,closed,4,Direct visitors on GitHub to docs.github.com
132,2017-03-12 01:10:24.000000000,2017-06-08 12:30:41.000000000,closed,6,cucumber-expressions: regexp uniqueness constraint in transforms is unnecessary
131,2017-03-10 20:16:11.000000000,2017-08-27 16:13:12.000000000,closed,6,Cucumber Expressions: Non Capture Group
130,2017-03-10 00:42:16.000000000,2017-03-16 20:55:04.000000000,closed,2,event-protocol: add some optional metadata in `start` event
129,2017-03-07 04:56:01.000000000,2017-03-17 19:17:23.000000000,closed,4,Event protocol gherkin document schema
128,2017-03-07 03:22:25.000000000,2017-03-09 04:56:51.000000000,closed,6,event-protocol: Remove series and timestamp
127,2017-03-05 02:29:53.000000000,2017-03-05 02:30:09.000000000,closed,1,event-protocol: Tidy up schema titles and add descriptions
126,2017-03-05 02:13:59.000000000,2017-03-05 02:14:13.000000000,closed,1,event-protocol: extract location schema ref
125,2017-03-04 05:48:26.000000000,2017-03-05 01:57:29.000000000,closed,5,event-protocol: Use $ref to reduce duplication in schemas
124,2017-03-04 04:46:37.000000000,2017-03-07 02:53:36.000000000,closed,3,event-protocol: Add pickle event
123,2017-03-03 04:56:40.000000000,2017-11-15 15:29:20.000000000,closed,7,Try cucumber
122,2017-03-02 04:38:39.000000000,2017-03-07 02:29:58.000000000,closed,1,cucumber-expressions: Add support for alternative text
121,2017-02-28 04:16:11.000000000,2017-02-28 04:23:38.000000000,closed,1,Detect conflicts before a new parameter is added
120,2017-02-18 01:18:51.000000000,2017-02-18 01:19:25.000000000,closed,1,Defer parameter transformation until after the match
119,2017-02-17 22:01:59.000000000,2017-02-18 02:04:02.000000000,closed,1,Tweak Babel settings to produce ES5 code
118,2017-02-17 21:58:26.000000000,2017-02-18 01:58:12.000000000,closed,2,Defer transforming values in CucumberExpressions
117,2017-02-17 17:31:33.000000000,2017-02-17 17:34:09.000000000,closed,3,Deprecate {name:type} syntax in favour of just {type}
116,2017-02-15 15:03:05.000000000,2017-02-15 15:13:00.000000000,closed,2,Add label to embedding in JSON formatter
115,2017-02-15 03:45:15.000000000,2017-02-15 04:13:55.000000000,closed,1,cucumber-expressions: Rename Transform to Parameter
114,2017-02-11 02:56:14.000000000,2017-02-18 02:01:31.000000000,closed,5,Rename Transform to Parameter
113,2017-02-09 17:52:01.000000000,2017-02-15 04:21:03.000000000,closed,1,Regexp literals in transforms. Fixes #109.
112,2017-02-07 20:30:50.000000000,2017-02-07 23:05:11.000000000,closed,2,Examples alternative for several arguments cartesian product.
111,2017-02-07 04:43:38.000000000,2017-02-08 03:59:12.000000000,closed,2,cucumber-expressions: Untyped GeneratedExpression
110,2017-02-03 21:25:09.000000000,2017-02-08 03:59:12.000000000,closed,1,Omit argName in snippets if a transform is found
109,2017-02-03 21:20:18.000000000,2017-02-15 04:21:03.000000000,closed,2,Regexp literals in transforms
108,2017-02-03 21:14:27.000000000,2017-02-18 02:10:24.000000000,closed,3,Asynchronous transforms
107,2017-01-30 19:01:57.000000000,2018-01-19 15:33:06.000000000,closed,6,Cucumber Expressions and special characters
106,2017-01-29 04:24:30.000000000,2017-02-16 21:21:38.000000000,closed,3,cucumber-expressions: replace special characters
105,2017-01-27 13:57:19.000000000,2017-02-02 11:59:39.000000000,closed,2,users can now directly require the npm module
104,2017-01-27 13:37:26.000000000,2017-10-06 19:14:05.000000000,closed,3,You have to manually load the cucumber-tag-expressions main file instead of simply requiring the npm module.
103,2017-01-20 19:21:49.000000000,2017-02-16 21:21:38.000000000,closed,8,cucumber-expressions: escape regex special characters
102,2017-01-16 15:59:28.000000000,2017-01-20 03:19:47.000000000,closed,4,cucumber-expressions: Handle multiple capture group regexps for matching
101,2017-01-02 17:55:53.000000000,2017-07-20 17:58:46.000000000,closed,4,Remove unnecessary tags from cucumber HTML Report
100,2016-12-24 13:09:41.000000000,2017-07-20 18:05:08.000000000,closed,2,Support VS Code CLI as an alternative to ANSICON.
99,2016-12-19 00:07:58.000000000,2017-05-25 21:58:47.000000000,closed,5,tag-expressions: (Java) Make the jar a bundle to support osgi.
98,2016-12-08 19:33:34.000000000,2017-11-15 15:29:03.000000000,closed,4,Lexing error  'Then: I should see the same metadata with new document id
97,2016-11-26 03:41:01.000000000,2017-11-08 18:19:05.000000000,closed,7,Doc: Things that are not Cucumber problems
96,2016-11-25 20:58:37.000000000,2017-05-25 13:36:02.000000000,closed,1,Fixing broken links and images in the documentation
95,2016-11-25 15:47:27.000000000,2016-11-25 16:00:13.000000000,closed,3,AssumptionViolatedException not causing test to be skipped
94,2016-11-24 04:53:46.000000000,2017-04-03 00:05:14.000000000,closed,2,Build monorepo PRs in manyrepos
93,2016-11-24 03:24:19.000000000,2017-11-15 15:28:57.000000000,closed,3,Fully automated release process
92,2016-11-24 01:03:37.000000000,2017-10-01 23:29:44.000000000,closed,5,Multiple broken links in docs
91,2016-11-23 13:08:30.000000000,2017-03-17 02:42:03.000000000,closed,1,Getting more done in GitHub with ZenHub
90,2016-10-24 15:49:57.000000000,2017-11-15 15:28:58.000000000,closed,5,"Feature Request: Undefined step, leading to suggested alternative(s) from current glue"
89,2016-10-19 16:41:03.000000000,2018-07-06 01:08:32.000000000,closed,20,Parallel Threaded Execution of Scenarios
88,2016-10-18 14:14:43.000000000,2016-10-19 09:53:39.000000000,closed,2,Support for SpringBootTest annotation when bootstrapping a Spring container
87,2016-10-16 23:23:57.000000000,2016-10-17 20:20:01.000000000,closed,2,cucumber-expressions: handle optional groups in regexp.
86,2016-10-10 01:10:24.000000000,2016-10-10 14:49:25.000000000,closed,1,cucumber-expressions: Build with Babel
85,2016-10-09 08:53:48.000000000,2016-11-25 04:27:51.000000000,closed,19,[cucumber-expressions] Node 4 support
84,2016-10-04 13:37:04.000000000,2016-10-04 19:59:02.000000000,closed,3,Cucumber_AccessIssue_parameterised_featureFile
83,2016-10-04 04:27:36.000000000,2016-10-05 00:03:42.000000000,closed,6,cucumber-expressions: generated expressions - expose argument names
82,2016-10-04 00:22:23.000000000,2016-10-05 00:03:42.000000000,closed,4,[cucumber-expressions] generated expressions - expose argument names
81,2016-09-30 15:24:39.000000000,2016-09-30 15:30:33.000000000,closed,2,Can I create a scenario creationloop in feature 
80,2016-09-26 18:09:58.000000000,2017-11-15 15:28:56.000000000,closed,3,Extract Event Protocol validator npm module
79,2016-09-23 13:48:49.000000000,2018-10-10 03:13:00.000000000,closed,48,Being Able to Continue Next Steps on @Then Failures
78,2016-09-17 20:20:24.000000000,2016-09-29 02:16:55.000000000,closed,4,cucumber-expressions: make require-able and add example
77,2016-09-17 19:39:58.000000000,2016-09-29 02:38:18.000000000,closed,2,javascript cucumber-expressions: publish to npm
76,2016-09-17 09:26:13.000000000,2016-09-17 19:41:28.000000000,closed,4,update javascript cucumber-tag-expressions
75,2016-09-16 15:59:01.000000000,2017-11-15 15:29:17.000000000,closed,3,cucumber-react: Add gutterFn optional property
74,2016-09-16 14:45:06.000000000,2016-09-23 17:02:58.000000000,closed,2,cucumber-react: Extract Cucumber-React to separate sub project
73,2016-09-16 10:45:35.000000000,2017-11-15 15:29:16.000000000,closed,4,gherkin-lint: WIP - fleshing out a walking skeleton
72,2016-09-14 16:31:33.000000000,2016-09-14 17:15:16.000000000,closed,2,Start Gherkin-Lint project
71,2016-09-14 14:33:28.000000000,2016-09-15 02:29:22.000000000,closed,5,html-formatter: Use ESLint
70,2016-09-14 00:29:42.000000000,2016-09-14 00:41:00.000000000,closed,2,[docs] gherkin.md: Fix invalid link
69,2016-09-08 19:08:36.000000000,2016-09-09 16:38:14.000000000,closed,1,Event protocol
68,2016-09-02 15:17:50.000000000,2017-12-30 10:25:13.000000000,closed,2,[docs] WIP: Gherkin docs
67,2016-09-01 18:57:33.000000000,2016-09-02 22:18:56.000000000,closed,8,Add tag expressions for ruby
66,2016-08-29 08:52:31.000000000,2016-09-14 16:33:13.000000000,closed,3,[html-formatter] update README.md
65,2016-08-19 01:56:25.000000000,2017-11-15 16:28:37.000000000,closed,3,Describe stdlib stability
64,2016-08-18 22:17:06.000000000,2016-08-25 20:38:10.000000000,closed,1,Update living-documentation.md
63,2016-08-18 22:16:25.000000000,2017-09-30 22:23:23.000000000,closed,3,Update cucumber.md
62,2016-08-17 19:19:51.000000000,2016-08-17 20:52:42.000000000,closed,2,How to run cucumber test cases in application server?
61,2016-08-09 12:48:18.000000000,2016-08-19 03:36:20.000000000,closed,3,[Documentation] Add installation instructions for PHP implementation
60,2016-08-08 15:12:21.000000000,2016-09-17 09:19:20.000000000,closed,3,TagExpressions for Ruby
59,2016-08-08 08:43:21.000000000,2018-03-08 01:30:47.000000000,closed,24,Gherkin Lint - New project?
58,2016-08-06 15:55:49.000000000,2016-08-07 03:13:52.000000000,closed,3,test failure
57,2016-08-05 19:26:02.000000000,2017-06-21 03:02:02.000000000,closed,2,Multi-parameter transforms
56,2016-08-03 12:05:43.000000000,2017-07-20 18:06:25.000000000,closed,3,Better error when both DataTable and DocString supplied (was: Arity mismatch discrepancy)
55,2016-08-02 19:45:00.000000000,2016-08-02 22:06:08.000000000,closed,1,fixed the link
54,2016-08-02 18:22:57.000000000,2017-12-07 12:08:35.000000000,closed,3,Add Selenium-webdriver.md and watir-webdriver.md
53,2016-08-02 18:13:11.000000000,2016-08-02 18:13:55.000000000,closed,2,Selenium watir
52,2016-08-01 22:14:25.000000000,2016-08-18 21:46:17.000000000,closed,3,Added cucumber.md and living documentation.md
51,2016-08-01 22:07:35.000000000,2016-08-01 22:07:47.000000000,closed,1,Cucumber documents
50,2016-08-01 21:47:15.000000000,2017-12-30 10:24:48.000000000,closed,4,Modified documents and deleted images
49,2016-07-29 21:19:28.000000000,2016-08-02 07:33:27.000000000,closed,6,DOC: Installation page additions
48,2016-07-28 12:06:48.000000000,2016-07-28 14:10:43.000000000,closed,2,can I use multiple line comments
47,2016-07-27 21:55:01.000000000,2016-07-28 01:51:30.000000000,closed,1,DOC: Small edit to summary.md page to link to three amigos content
46,2016-07-17 12:34:44.000000000,2016-07-17 12:35:20.000000000,closed,1,Added sample Maven dependencies
45,2016-07-15 23:23:21.000000000,2016-07-26 19:09:03.000000000,closed,5,Techniques Page - 3 amigos
44,2016-07-15 13:53:59.000000000,2017-10-12 16:46:57.000000000,closed,1,Link to Behaviour-Driven Development (BDD) in README.md leads nowhere
43,2016-07-15 13:52:53.000000000,2016-09-18 00:58:43.000000000,closed,2,404 link in README
42,2016-07-14 14:14:23.000000000,2017-11-15 15:29:18.000000000,closed,7,Add step definitions
41,2016-07-13 22:02:54.000000000,2016-07-13 22:59:14.000000000,closed,1,How to convert program using CLI runner to RunCukesTest (JUnit) Runner?
40,2016-07-13 19:00:39.000000000,2016-08-01 21:16:40.000000000,closed,7,Modified docs as per suggestions and cleared the mess
39,2016-07-13 15:05:40.000000000,2016-07-26 21:44:03.000000000,closed,9,Cucumberdocs modified as per suggestions
38,2016-07-12 13:37:36.000000000,2016-07-26 21:43:36.000000000,closed,1,Added Cucumber example using seleniumwebdriver
37,2016-07-12 10:13:12.000000000,2016-07-12 13:06:39.000000000,closed,5,Fixed typo
36,2016-07-08 14:13:23.000000000,2016-07-26 21:43:09.000000000,closed,11,Cucumber docs
35,2016-07-07 01:22:36.000000000,2016-07-26 19:02:30.000000000,closed,6,Adding Scenario Outline section to Gherkin page and updating tag on SUMMARY.md
34,2016-07-06 23:23:38.000000000,2017-11-15 16:28:39.000000000,closed,10,Add tags
33,2016-07-06 23:12:55.000000000,2017-11-15 16:28:38.000000000,closed,4,Add hooks background comments doc strings
32,2016-07-04 23:51:14.000000000,2016-09-02 13:23:57.000000000,closed,8,Add Feature to Gherkin topic
31,2016-07-03 21:00:08.000000000,2016-07-03 21:26:58.000000000,closed,2,Fix the link to SUMMARY.md
30,2016-06-17 23:58:11.000000000,2016-06-18 01:11:21.000000000,closed,4,Obtaining gherkin from AfterScenario or AfterStep
29,2016-06-02 20:01:47.000000000,2016-06-03 11:06:46.000000000,closed,2,Scenario outline with examples in title
28,2016-05-31 16:02:06.000000000,2016-06-06 22:59:40.000000000,closed,3,step transformations
27,2016-05-27 17:13:27.000000000,2016-06-06 23:04:42.000000000,closed,2,cucumber trapping SIGINT behavior
26,2016-05-26 10:33:42.000000000,2016-09-19 19:59:53.000000000,closed,3,Cucumber does not go to AfterStep if the step is failed!
25,2016-05-11 02:41:29.000000000,2017-11-15 15:29:04.000000000,closed,4,Cucumber Specification
24,2016-05-04 03:49:42.000000000,2016-05-06 04:13:01.000000000,closed,8,An easier way to use a different langauge
23,2016-04-28 16:42:20.000000000,2017-03-17 02:46:58.000000000,closed,2,Cucumber report
22,2016-03-31 03:20:08.000000000,2016-04-15 22:25:06.000000000,closed,8,Proposed code of conduct
21,2016-03-29 13:58:47.000000000,2017-03-17 02:47:11.000000000,closed,2,results circles are not displaying after upgrading the jenkins to 1.652 version
20,2016-03-20 15:21:37.000000000,2017-03-17 02:43:56.000000000,closed,3,Test suite for events
19,2016-02-02 21:46:53.000000000,2016-02-02 22:00:58.000000000,closed,2,invalid option: --profile when running with Bundler (cucumber for ruby)
18,2016-01-29 12:23:18.000000000,2017-03-17 02:44:20.000000000,closed,3,how to organize and execute a large number of features
17,2016-01-16 01:00:07.000000000,2016-01-19 01:43:46.000000000,closed,2,"Wiki Extra ""Gherkin)"" page?"
16,2016-01-07 23:17:22.000000000,2016-12-25 01:50:48.000000000,closed,3,cucumber-cpp support?
15,2015-11-18 18:35:44.000000000,2015-12-11 23:40:20.000000000,closed,3,Dagger support?
14,2015-11-18 14:09:17.000000000,2015-12-11 23:41:12.000000000,closed,2,How to order multiple tags OR Sequential multiple feature
13,2015-11-08 05:17:09.000000000,2017-11-08 21:46:19.000000000,closed,6,rework summary formatter output
12,2015-11-04 00:13:50.000000000,2016-12-18 03:49:43.000000000,closed,11,Proposal: remove strict and always fail on undefined/pending steps
11,2015-10-30 22:16:03.000000000,2016-12-08 09:32:15.000000000,closed,5,Proposal: remove pending steps
10,2015-10-29 23:26:31.000000000,2015-10-30 00:43:23.000000000,closed,2,Output two cucumber format at same time
9,2015-10-19 21:02:03.000000000,2017-11-15 16:28:35.000000000,closed,7,A centralized `features/` for each Cucumber implementation?
8,2015-10-19 18:02:22.000000000,2017-11-15 16:28:36.000000000,closed,23,Official Python implementation?
7,2015-10-04 17:19:39.000000000,2015-10-04 17:27:30.000000000,closed,2,Gherkin for programming
6,2015-09-07 14:49:26.000000000,2017-03-17 02:45:52.000000000,closed,2,Problem with cyrillic symbol Ð˜
5,2015-09-07 14:22:53.000000000,2015-09-07 14:24:34.000000000,closed,3,cannot load such file -- cucumber/formatter/ordered_xml_markup (LoadError)
4,2015-09-03 22:07:06.000000000,2017-09-09 10:45:38.000000000,closed,2,Dead link on console-colour
3,2015-07-31 13:59:04.000000000,2015-08-13 16:16:49.000000000,closed,3,"Gherkin Wiki issue: ""matched to a Ruby code block called Step Definitions"""
2,2015-06-23 12:15:21.000000000,2017-07-11 01:05:35.000000000,closed,5,Improve title of World configuration page
1,2015-06-21 08:55:56.000000000,2016-08-05 19:32:35.000000000,closed,4,Alternative to Regular Expressions
