id,created_at,closed_at,state,comments,title
827,2020-08-31 16:33:30.000000000,1970-01-01 00:00:00.000000001,open,6,Improve parse_ini implementation
826,2020-08-31 14:01:54.000000000,1970-01-01 00:00:00.000000001,open,3,INI: Value 'Raw' of argument 'scanner_mode' is not supported
825,2020-08-31 13:35:35.000000000,1970-01-01 00:00:00.000000001,open,5,Support for PDO.SqlSrv specific attributes
824,2020-08-31 01:07:43.000000000,2020-08-31 18:13:16.000000000,closed,8,Implements FETCH_GROUP
823,2020-08-30 20:45:36.000000000,2020-08-30 21:45:08.000000000,closed,1,Fix key ordering when fetching using both numeric and associative keys
822,2020-08-30 19:19:52.000000000,2020-08-31 16:59:13.000000000,closed,6,Fix PDO::FETCH_CLASS with FetchAll()
821,2020-08-30 16:48:44.000000000,2020-08-30 17:41:41.000000000,closed,4,Make the PHP scripts appear in Visual Studio's Solution Explorer
820,2020-08-30 16:22:04.000000000,2020-08-30 17:03:50.000000000,closed,3,DateTime::createFromFormat with NULL value throws ArgumentNullException
819,2020-08-30 13:42:20.000000000,2020-08-30 15:17:35.000000000,closed,4,Add specifics SQL Server PDO constants
818,2020-08-29 23:54:15.000000000,2020-08-31 18:18:51.000000000,closed,12,array_* functions throw exceptions if used with object derived from ArrayObject
817,2020-08-29 21:43:38.000000000,2020-08-31 18:13:16.000000000,closed,3,PDO::FETCH_GROUP is not taken into account
816,2020-08-29 21:06:17.000000000,2020-08-30 15:53:38.000000000,closed,6,empty() on a variable that may exists in a function but does not throws NullReferenceException
815,2020-08-29 16:41:55.000000000,2020-08-29 18:13:15.000000000,closed,3,session_set_cookie_params is not supported
814,2020-08-29 16:31:52.000000000,1970-01-01 00:00:00.000000001,open,7,is_readable vs file_exists issue for PHP files
813,2020-08-29 15:34:30.000000000,2020-08-30 15:17:35.000000000,closed,3,PDO.SqlSrv does not includes specifics PDO constants
812,2020-08-24 19:10:13.000000000,2020-08-24 21:09:43.000000000,closed,0,Add TargetFramework attribute to built assembly
811,2020-08-24 19:07:29.000000000,2020-08-24 21:09:43.000000000,closed,0,Compiled assembly doesn't contain TargetFramework attribute
810,2020-08-20 15:50:52.000000000,2020-08-21 13:54:46.000000000,closed,0,fixes _GET and _POST with correct data
809,2020-08-20 12:50:39.000000000,2020-08-21 13:54:46.000000000,closed,2,"URL query variables are always added to the _GET global, regardless of HTTP method type"
808,2020-08-18 08:18:01.000000000,2020-08-19 12:28:18.000000000,closed,16,"Compiler bug ""Call to a member function drawimage() on boolean|null|resource"""
807,2020-08-17 01:23:36.000000000,2020-08-17 02:32:22.000000000,closed,20,CodePage ignored
806,2020-08-09 19:57:08.000000000,2020-08-09 20:09:47.000000000,closed,0,realpath() should have same semantic as file_exists() and check for compiled script files
805,2020-08-05 19:56:01.000000000,2020-08-06 14:31:32.000000000,closed,1,Update Themes - Checksum Mismatch
804,2020-07-27 03:42:16.000000000,2020-07-27 03:44:30.000000000,closed,0,SimpleXML fails to load ISO-8859-1
803,2020-07-26 00:25:20.000000000,2020-07-26 01:14:49.000000000,closed,2,iconv adds a tab character when converting characters
802,2020-07-25 03:41:54.000000000,1970-01-01 00:00:00.000000001,open,6,Array keys encoding gets corrupted in Peachpie
801,2020-07-24 07:03:57.000000000,2020-07-25 18:18:12.000000000,closed,4,call_user_func() fails when function is defined in referenced library
800,2020-07-23 18:23:18.000000000,2020-07-25 17:46:11.000000000,closed,1,Implementation of SimpleXMLIterator
799,2020-07-23 05:23:41.000000000,2020-07-23 13:47:26.000000000,closed,9,saveXML() doesn't output self-closing tags
798,2020-07-23 03:15:44.000000000,2020-07-26 17:19:32.000000000,closed,0,Additional linebreak at the end of a heredoc block
797,2020-07-23 03:09:37.000000000,2020-07-25 06:20:46.000000000,closed,2,DomDocument::loadXml() converts input string to Unicode before it parses the XML declaration
796,2020-07-22 17:37:52.000000000,2020-07-23 14:08:09.000000000,closed,3,Implementation of remaining methods in xmlwriter
795,2020-07-20 15:46:58.000000000,2020-07-20 23:38:10.000000000,closed,0,Fix issue #791
794,2020-07-17 10:46:12.000000000,2020-07-18 17:58:54.000000000,closed,7,openssl_encrypt() returns different result
793,2020-07-17 04:20:02.000000000,2020-08-29 02:38:43.000000000,closed,8,gzencode() giving different result
792,2020-07-16 14:38:47.000000000,2020-07-25 17:47:06.000000000,closed,5,SimpleXMLElement::addAttribute results differs between (standard) PHP and PeachPie if nameSpace = null is used
791,2020-07-14 20:31:54.000000000,1970-01-01 00:00:00.000000001,open,0,Problems related to WordPress PHPUnit tests
790,2020-07-12 14:32:23.000000000,2020-07-12 22:04:10.000000000,closed,1,"error sprintf($echo, $delay, $url);"
789,2020-07-12 02:47:06.000000000,2020-07-12 21:04:45.000000000,closed,1,Update MySqlConnector to 1.0
788,2020-07-11 23:30:04.000000000,2020-08-29 17:50:18.000000000,closed,1, session_destroy() on asp.net core is not implemented
787,2020-07-08 22:44:05.000000000,1970-01-01 00:00:00.000000001,open,7,error on activate after install elementor plugin
786,2020-07-08 17:42:10.000000000,2020-07-08 17:42:45.000000000,closed,0,php://input stream in console application is handled wrongly
785,2020-07-03 21:21:09.000000000,1970-01-01 00:00:00.000000001,open,6,PeachPie on Android: Could not load assembly 'mvp.xml' during startup registration
784,2020-07-01 17:00:42.000000000,2020-07-01 17:11:28.000000000,closed,1,XmlElement::asXML() should not include XML declaration
783,2020-07-01 00:41:56.000000000,2020-07-02 18:41:59.000000000,closed,2,XML improvements
782,2020-06-27 21:01:13.000000000,2020-06-29 12:04:37.000000000,closed,0,quick json decode using Utf8JsonReader
781,2020-06-26 08:38:03.000000000,2020-06-27 18:19:43.000000000,closed,3,stream_get_contents() doesn't return anything
780,2020-06-26 06:40:50.000000000,2020-07-23 13:48:06.000000000,closed,15,Encoding Compatibility Mode (discussion about PeachPie's Unicode semantic)
779,2020-06-26 05:58:49.000000000,2020-06-27 18:31:52.000000000,closed,3,Encoding problems with json_decode() and json_encode()
778,2020-06-26 02:45:35.000000000,2020-07-02 19:08:01.000000000,closed,5,Encoding inconsistencies
777,2020-06-25 14:28:15.000000000,2020-07-01 00:43:57.000000000,closed,2,Encoding and XML improvements
776,2020-06-25 11:52:22.000000000,2020-06-25 13:09:04.000000000,closed,1,Deleted
775,2020-06-25 11:17:33.000000000,1970-01-01 00:00:00.000000001,open,2,chr(161) == chr(160)
774,2020-06-25 06:11:56.000000000,2020-06-29 12:43:58.000000000,closed,2,utf8_encode() is not converting
773,2020-06-25 05:03:56.000000000,1970-01-01 00:00:00.000000001,open,1,Feature Request: openssl_sign() support
772,2020-06-25 04:02:20.000000000,2020-07-02 18:41:59.000000000,closed,3,Feature Request:  DOMNode::C14N() support
771,2020-06-19 11:08:54.000000000,1970-01-01 00:00:00.000000001,open,6,Problems with DOMDocument::schemaValidate() 
770,2020-06-18 12:50:43.000000000,2020-06-18 12:53:58.000000000,closed,0,double quoted string sequence \u{[0-9A-Fa-f]+} not recognized
769,2020-06-18 05:11:01.000000000,2020-06-18 19:33:37.000000000,closed,1,Update MySqlConnector to 1.0
768,2020-06-17 13:44:16.000000000,1970-01-01 00:00:00.000000001,open,1,Compilation error:  PHP4044: Type name could not be resolved.
767,2020-06-13 17:38:35.000000000,2020-06-13 17:48:57.000000000,closed,1,some constructs may be evaluated in compile time (tracking issue)
766,2020-06-12 17:44:19.000000000,1970-01-01 00:00:00.000000001,open,0,Typed PHP properties
765,2020-06-04 01:14:32.000000000,1970-01-01 00:00:00.000000001,open,0,PHP 8 language support tracking issue
764,2020-06-03 18:58:41.000000000,2020-06-05 19:03:12.000000000,closed,1,thread starvation under heavy load (aspnetcore)
763,2020-06-03 16:58:21.000000000,2020-06-04 01:11:07.000000000,closed,0,support for short arrow function syntax
762,2020-05-31 19:00:21.000000000,2020-06-04 01:11:45.000000000,closed,2,How to set/change the target .net framework when using peachpie
761,2020-05-28 15:31:07.000000000,1970-01-01 00:00:00.000000001,open,0,xmlwriter notsupported methods or arguments
760,2020-05-27 17:51:48.000000000,2020-06-16 19:29:01.000000000,closed,2,PCRE pattern parse error: Invalid  unsupported or ill-formed backtracking verb 'BSR'
759,2020-05-26 16:47:38.000000000,2020-05-26 16:51:02.000000000,closed,3,Waiting for intellisense to finish initializing
758,2020-05-25 23:08:21.000000000,2020-05-27 15:55:36.000000000,closed,1,Dev/gd2
757,2020-05-25 17:15:33.000000000,2020-05-26 00:14:14.000000000,closed,8,Need to talk to an existing dll using peach pie
756,2020-05-24 21:12:11.000000000,2020-05-29 17:13:39.000000000,closed,3,Configuration to auto-start session (session.autostart=1)
755,2020-05-24 13:03:35.000000000,2020-05-25 13:29:42.000000000,closed,7,can I commit a new xmlwriter
754,2020-05-21 01:35:34.000000000,2020-05-23 12:35:41.000000000,closed,2,[Wordpress plugin] kirki : Object reference not set to an instance of an object.
753,2020-05-18 09:05:03.000000000,1970-01-01 00:00:00.000000001,open,15,include not working when file was not compiled
752,2020-05-15 17:35:20.000000000,1970-01-01 00:00:00.000000001,open,0,Missing tests tracking issue
751,2020-05-14 18:57:38.000000000,2020-05-14 19:10:11.000000000,closed,0,compiler crash for specific yield in try
750,2020-05-12 16:12:33.000000000,2020-05-12 18:45:15.000000000,closed,1,"Cannot use indexer for Dictionary<,>"
749,2020-05-10 17:59:43.000000000,2020-05-10 18:11:20.000000000,closed,0,try-catch state machine
748,2020-05-08 14:17:00.000000000,2020-05-09 01:21:07.000000000,closed,6,MySQL PDO does not handle named parameters for stored procedures
747,2020-05-07 21:15:10.000000000,2020-05-08 23:48:34.000000000,closed,9,class_exists doesn't work with the new build-in autoloading
746,2020-05-07 20:56:47.000000000,2020-05-07 23:49:02.000000000,closed,0,PDOException shouldn't have errorInfo as read-only
745,2020-05-07 16:20:13.000000000,2020-05-07 16:57:37.000000000,closed,0,support for request timeout and fastcgi_finish_request
744,2020-05-05 16:29:36.000000000,2020-05-05 16:29:49.000000000,closed,1,eval() does not respect application's referenced packages
743,2020-05-04 21:12:18.000000000,1970-01-01 00:00:00.000000001,open,0,Frequent Argon2 hash computations cause long freezes
742,2020-05-04 20:28:46.000000000,2020-05-04 20:31:41.000000000,closed,1,Method not found: 'Void Pchp.Core.IntStringKey..ctor(Int32)'
741,2020-05-03 13:03:44.000000000,2020-05-07 16:59:09.000000000,closed,6,Feature/fastcgi finish request alt
740,2020-05-03 00:28:21.000000000,2020-05-07 16:59:49.000000000,closed,6,Using a Task and TaskCompletionSource to give control to RequestContextCore
739,2020-05-02 15:25:11.000000000,2020-05-02 16:49:52.000000000,closed,0,base64_decode() should ignore whitespaces in input string
738,2020-05-02 15:03:58.000000000,2020-05-07 01:28:00.000000000,closed,2,pcre pattern does not match unicode characters
737,2020-05-01 12:17:20.000000000,2020-05-07 16:57:37.000000000,closed,30,fastcgi_finish_request doesn't end the HTTP response
736,2020-05-01 01:25:59.000000000,2020-05-02 14:18:26.000000000,closed,0,Feature/composer autoload
735,2020-04-30 07:40:33.000000000,2020-05-02 17:20:33.000000000,closed,1,Q: project structure about msbuildproj file
734,2020-04-25 13:10:00.000000000,2020-04-25 14:26:11.000000000,closed,0,date_create() throws on large timestamp
733,2020-04-24 16:12:57.000000000,2020-04-25 15:45:20.000000000,closed,0,Add 8bit encoding
732,2020-04-24 11:58:57.000000000,2020-04-25 15:45:20.000000000,closed,6,"Wrong behaviour of mb_strlen($s, ""8bit"")"
731,2020-04-24 00:36:23.000000000,2020-04-24 00:43:33.000000000,closed,0,"""sockets"" implementation"
730,2020-04-23 16:25:05.000000000,2020-04-23 16:25:47.000000000,closed,0,is_object returns true on aliased string
729,2020-04-22 18:51:08.000000000,2020-04-22 18:58:51.000000000,closed,0,sdk: translate composer versions to package versions
728,2020-04-22 18:09:57.000000000,2020-04-22 19:44:10.000000000,closed,2,filter_var with FILTER_SANITIZE_STRING doesnt work properly
727,2020-04-20 18:36:55.000000000,2020-04-20 18:37:34.000000000,closed,0,InvalidOperationException thrown from compilation of DatePeriod key enumeration
726,2020-04-19 15:57:56.000000000,2020-04-19 16:05:20.000000000,closed,0,PDO converts bool and double values to string incorrectly
725,2020-04-14 17:09:20.000000000,2020-04-14 17:10:09.000000000,closed,0,Passing null to nullable string parameter in dynamic callsite causes NullReferenceException
724,2020-04-12 20:05:44.000000000,2020-04-13 01:16:31.000000000,closed,0,gd2 functions
723,2020-04-05 01:41:07.000000000,2020-04-06 18:14:25.000000000,closed,1,How to Emit C# code to a File
722,2020-04-03 15:58:12.000000000,2020-04-05 15:27:17.000000000,closed,1,replace uses of GetAttributes() with PEModule.FindTargetAttribute()
721,2020-04-03 14:18:17.000000000,1970-01-01 00:00:00.000000001,open,0,MediaWiki issues and workarounds
720,2020-04-03 12:26:29.000000000,2020-04-03 12:27:14.000000000,closed,0,Compile-time assertion violation when assigning return of __callStatic by reference
719,2020-04-02 17:35:26.000000000,2020-04-02 17:56:35.000000000,closed,1,Fix cookie handling in UserHandlerInternal session handler
718,2020-04-02 17:22:31.000000000,2020-04-02 19:34:10.000000000,closed,5,Problematic handling of session cookie when custom session handler is used
717,2020-04-01 23:34:50.000000000,2020-04-02 19:19:53.000000000,closed,9,PHP -> PHP project references
716,2020-04-01 18:15:45.000000000,2020-04-01 19:21:19.000000000,closed,3,How to solve namespace containing class and subnamespace of the same name?
715,2020-03-31 20:26:56.000000000,2020-03-31 20:46:10.000000000,closed,4,Issue referencing C# project from PHP project
714,2020-03-30 15:38:49.000000000,2020-03-30 15:58:44.000000000,closed,0,Create dotnet.yml
713,2020-03-30 13:31:18.000000000,2020-03-30 13:37:17.000000000,closed,0,Current timezone is subtracted from DateTime parsed from text in UTC
712,2020-03-29 23:04:27.000000000,2020-03-30 00:10:28.000000000,closed,1,is_numeric() with a string containing hex-formatted number
711,2020-03-29 23:00:29.000000000,2020-03-29 23:55:27.000000000,closed,1,is_numeric() with a referenced variable
710,2020-03-24 21:10:12.000000000,2020-03-24 21:12:11.000000000,closed,0,Unsupported indirect call of arbitrary ancestor methods using call_user_func
709,2020-03-21 02:36:54.000000000,2020-03-22 17:50:04.000000000,closed,1,Selecting wrong overload of method containing func_get_args in dynamic binding
708,2020-03-20 20:18:04.000000000,2020-03-20 23:55:13.000000000,closed,11,Usage on existing script ?
707,2020-03-19 22:24:24.000000000,2020-03-19 22:38:28.000000000,closed,2,InvalidOperationException when compiling trait static method with parent keyword
706,2020-03-18 13:01:48.000000000,2020-03-18 15:00:48.000000000,closed,2,Website blog RSS feed
705,2020-03-17 19:52:52.000000000,2020-03-18 20:05:33.000000000,closed,2,Method 'get_ReferenceDirectiveMap' does not have an implementation
704,2020-03-15 17:31:20.000000000,1970-01-01 00:00:00.000000001,open,3,Remaining issues when trying to port a woocommerce site
703,2020-03-15 16:15:46.000000000,2020-03-19 20:59:39.000000000,closed,1,static type forwarding issue
702,2020-03-12 19:02:59.000000000,2020-03-19 02:42:12.000000000,closed,0,misbehavior of `array` with PHP_MAX_INT keys
701,2020-03-11 19:06:26.000000000,2020-03-12 16:34:23.000000000,closed,1,implements 64 bit array keys
700,2020-03-11 17:28:51.000000000,2020-03-12 16:34:23.000000000,closed,0,support for int64 array keys
699,2020-03-10 19:09:29.000000000,2020-03-10 19:17:45.000000000,closed,0,Feature/phpvalue
698,2020-03-08 01:35:12.000000000,2020-08-29 20:28:06.000000000,closed,2,Feature request: PhpFastCache
697,2020-03-08 01:33:14.000000000,2020-08-29 20:17:45.000000000,closed,2,Feature request: HTMLpurifier 
696,2020-03-07 17:35:06.000000000,2020-03-07 19:14:12.000000000,closed,5,"$_FILES array contains trailing brackets, does not handle array field name"
695,2020-03-02 17:54:38.000000000,2020-03-05 19:10:52.000000000,closed,2,binary `&` operator throws exception if operand is NULL
694,2020-03-02 17:38:40.000000000,2020-03-08 23:42:52.000000000,closed,3,pcre issue - Unrecognized grouping construct
693,2020-03-02 15:50:16.000000000,2020-03-02 15:58:07.000000000,closed,0,indirect `new` has to handle object instance as operand
692,2020-02-29 16:40:18.000000000,2020-02-29 20:13:46.000000000,closed,0,Added Comment  TODO in OpenSSL 
691,2020-02-29 03:09:05.000000000,2020-02-29 21:40:07.000000000,closed,1,Indirect call of function with optional parameter containing func_get_args receives one extra null argument
690,2020-02-27 20:49:12.000000000,2020-02-27 20:53:57.000000000,closed,0,Comparing array with aliased array always returns false
689,2020-02-27 14:50:01.000000000,2020-03-01 18:25:07.000000000,closed,1,better diagnostic for PHP5009: Call to undefined method: xxxxx
688,2020-02-26 15:59:50.000000000,2020-02-26 16:24:39.000000000,closed,4,Feature/openssl
687,2020-02-26 12:39:42.000000000,2020-02-26 18:38:10.000000000,closed,2,"strrev() is not byte safe, string gets encoded using Encoding"
686,2020-02-26 03:21:23.000000000,2020-02-26 03:21:35.000000000,closed,0,merge from master
685,2020-02-26 03:15:46.000000000,2020-02-26 15:58:10.000000000,closed,0,openssl_random_pseudo_bytes implementation
684,2020-02-25 22:21:38.000000000,2020-02-25 22:22:38.000000000,closed,0,isset() is TRUE even on a runtime field with value NULL 
683,2020-02-25 20:34:59.000000000,2020-02-25 21:58:31.000000000,closed,2,DomDocument::loadHtml should load text-only into <html><body> element
682,2020-02-25 13:40:09.000000000,2020-02-25 20:33:21.000000000,closed,2,"dompdf fails with ""no block-level parent found"""
681,2020-02-23 19:58:45.000000000,2020-02-23 19:59:06.000000000,closed,1,.net interop tests
680,2020-02-21 20:57:04.000000000,2020-02-21 22:03:10.000000000,closed,0,forwarding late static type
679,2020-02-21 20:10:05.000000000,2020-02-21 20:11:37.000000000,closed,0,exception when accessing missing static property
678,2020-02-20 22:41:55.000000000,2020-02-22 00:23:17.000000000,closed,0,Sdk: $(DefineConstants) property is not consistent
677,2020-02-20 22:34:50.000000000,2020-02-20 22:35:12.000000000,closed,0,compiler crashes when $(DefineConstants) contains duplicities
676,2020-02-19 19:36:50.000000000,1970-01-01 00:00:00.000000001,open,0,PhpCompiler to reuse previous PhpCompilation
675,2020-02-19 17:38:12.000000000,2020-02-19 17:43:45.000000000,closed,1,type analysis changes typed variable to NULL where it won't make sense
674,2020-02-17 12:56:56.000000000,2020-02-17 18:55:07.000000000,closed,1,PDO SqlSrv: LastInsertId is empty
673,2020-02-17 00:55:08.000000000,2020-02-17 04:31:11.000000000,closed,0,PDO SqlSrv: fetch of datetime column returns System.DateTime type instead of string.
672,2020-02-17 00:32:04.000000000,2020-02-17 04:42:00.000000000,closed,0,PDO SqlSrv: Prepared statement execution followed by PDO::lastInsertId() results in exception
671,2020-02-15 19:21:37.000000000,2020-02-15 19:22:51.000000000,closed,0,compiler crashes when PHPDoc is inside property declaration initializer
670,2020-02-14 19:58:17.000000000,2020-02-16 23:58:15.000000000,closed,1,Dev/open ssl
669,2020-02-13 19:07:07.000000000,2020-02-13 19:40:50.000000000,closed,0,Implement new serialization mechanism
668,2020-02-12 15:01:14.000000000,2020-02-15 18:11:26.000000000,closed,5,Implement remaining SPL features
667,2020-02-09 20:42:48.000000000,2020-02-09 23:22:55.000000000,closed,1,Referenced member in array expansion is not set correctly
666,2020-02-08 20:30:20.000000000,2020-02-11 18:59:13.000000000,closed,2,Returning any value from the callback of preg_replace_callback causes it to call the callback again
665,2020-02-08 16:34:10.000000000,2020-02-08 19:38:22.000000000,closed,1,$argv[0] should contain script name
664,2020-02-08 03:23:28.000000000,2020-02-08 19:21:23.000000000,closed,0,Can't create subclass with custom constructor of DateTimeImmutable
663,2020-02-07 03:03:24.000000000,2020-02-21 22:03:51.000000000,closed,2,Request stubs for implementation
662,2020-02-07 02:10:17.000000000,2020-02-07 04:01:52.000000000,closed,0,PDO returns \System\DBNull instead of null
661,2020-02-06 23:59:54.000000000,2020-02-07 03:35:00.000000000,closed,0,filter_var with FILTER_VALIDATE_INT doesn't seem to work
660,2020-02-06 23:51:16.000000000,2020-02-09 19:50:45.000000000,closed,2,DateTime::createFromFormat with RFC2822 doesn't work correctly
659,2020-02-06 22:24:41.000000000,2020-02-07 03:15:40.000000000,closed,1,is_numeric skipped on else branch
658,2020-02-06 19:32:00.000000000,2020-02-06 19:46:20.000000000,closed,0,"debug print (var_dump, print_r) of `DOMNode` should omit nested objects"
657,2020-02-04 05:33:54.000000000,2020-02-04 21:55:46.000000000,closed,0,Add diagnostic for overriden method name case mismatch
656,2020-02-03 20:25:36.000000000,2020-02-03 20:34:01.000000000,closed,0,"""ReflectionTypeLoadException"" when overriding with different casing and then the same casing"
655,2020-02-03 17:41:12.000000000,2020-02-03 22:46:48.000000000,closed,1,VS debugger shows error when inspecting `PhpValue`
654,2020-02-03 01:03:37.000000000,2020-02-03 18:15:38.000000000,closed,3,Referenced array member not working
653,2020-02-03 00:10:27.000000000,2020-02-03 00:34:31.000000000,closed,1,curl_error() duplicated message
652,2020-02-02 23:04:26.000000000,2020-02-08 19:16:24.000000000,closed,6,Missing default DTD when working with DOMDocument
651,2020-02-02 00:55:17.000000000,1970-01-01 00:00:00.000000001,open,3,DOMDocument::saveHTML() unexpected behavior
650,2020-02-02 00:34:17.000000000,2020-02-02 20:57:52.000000000,closed,2,Issue with saveHTML() with DOMText
649,2020-02-01 23:31:57.000000000,2020-02-02 19:10:57.000000000,closed,3,Implemented DOMElement::getElementById()
648,2020-02-01 23:05:27.000000000,2020-02-02 19:10:57.000000000,closed,0,DOMDocument->getElementById() NotImplementedException
647,2020-02-01 21:55:58.000000000,2020-02-02 19:58:32.000000000,closed,0,aliased value returned from function returning value
646,2020-02-01 21:52:46.000000000,2020-02-02 18:22:38.000000000,closed,2,DOMDocument->loadHTML(false)
645,2020-01-31 19:32:48.000000000,2020-02-01 21:54:38.000000000,closed,10,Process terminated. Assertion Failed
644,2020-01-31 05:08:04.000000000,2020-02-01 21:43:19.000000000,closed,4,Issue with CURLINFO_EFFECTIVE_URL
643,2020-01-29 20:08:10.000000000,2020-01-29 21:13:01.000000000,closed,3,error : Sequence contains no elements
642,2020-01-29 19:03:40.000000000,2020-01-29 19:05:20.000000000,closed,0,protected properties not visible within a callsite 
641,2020-01-29 17:34:00.000000000,2020-01-29 18:39:24.000000000,closed,0,generator inside trait/lambda has incorrect `$this`
640,2020-01-28 23:44:00.000000000,2020-01-29 15:08:03.000000000,closed,0,PDO::__construct - $options parameter is ignored
639,2020-01-28 13:52:23.000000000,1970-01-01 00:00:00.000000001,open,0,change class PhpArray to a struct
638,2020-01-28 13:47:32.000000000,2020-03-10 19:17:45.000000000,closed,0,simplify 'PhpValue'
637,2020-01-26 19:09:00.000000000,2020-01-26 19:18:12.000000000,closed,0,generator in an anoymous function using `static` throws exception
636,2020-01-26 18:50:46.000000000,2020-01-26 19:21:14.000000000,closed,2,How to detect Peach Pie from PHP
635,2020-01-26 18:48:55.000000000,2020-01-26 19:23:17.000000000,closed,1,Update script filename in docs
634,2020-01-26 17:49:52.000000000,2020-01-26 18:20:42.000000000,closed,0,static generator function does not handle lazy static binding
633,2020-01-26 14:05:04.000000000,2020-01-26 22:15:59.000000000,closed,6,Console color issue (VT mode)
632,2020-01-25 22:12:20.000000000,2020-01-25 23:04:17.000000000,closed,0,generator method in trait throws `InvalidOperationException`
631,2020-01-25 22:01:10.000000000,2020-01-25 22:01:38.000000000,closed,0,dynamic invocation exception when target method has byref parameter
630,2020-01-25 20:30:04.000000000,2020-01-25 20:33:23.000000000,closed,0,Sqlite nullref on query or statement exec
629,2020-01-24 21:37:33.000000000,2020-01-24 21:37:58.000000000,closed,0,"PDO prepare corrupts the query, ending quotes are trimmed off"
628,2020-01-24 21:06:51.000000000,2020-01-24 21:08:33.000000000,closed,0,internal and private protected CLR methods should not be available in PHP context
627,2020-01-24 20:14:58.000000000,2020-01-24 20:34:20.000000000,closed,0,anonymous classes cannot by reflected by name
626,2020-01-22 18:14:11.000000000,2020-01-25 19:23:35.000000000,closed,0,support for properties default value for traits and abstract types
625,2020-01-22 17:52:46.000000000,1970-01-01 00:00:00.000000001,open,0,Emit C#8-like nullable metadata
624,2020-01-22 17:33:30.000000000,2020-01-22 17:33:56.000000000,closed,0,STDERR does not work
623,2020-01-21 18:36:09.000000000,2020-01-21 18:36:57.000000000,closed,0,check for `callable` in generator method causes compiler to crash
622,2020-01-21 14:41:13.000000000,2020-01-28 21:29:49.000000000,closed,4,Unexpected DOMDocument node result
621,2020-01-21 14:38:48.000000000,2020-01-21 14:48:31.000000000,closed,0,Invalid
620,2020-01-21 14:36:23.000000000,2020-01-21 14:48:49.000000000,closed,0,Invalid
619,2020-01-21 10:04:30.000000000,2020-02-02 18:33:11.000000000,closed,10,Cookie Jar/File implementation for CURL
618,2020-01-20 22:18:03.000000000,2020-01-20 23:21:21.000000000,closed,2,curl cookie `#HttpOnly_` support
617,2020-01-20 16:55:00.000000000,2020-01-20 21:09:48.000000000,closed,2,cURL cookies not working
616,2020-01-20 16:43:36.000000000,2020-01-20 18:48:55.000000000,closed,4,cURL default `Accept` header missing
615,2020-01-19 09:36:49.000000000,2020-02-02 18:33:11.000000000,closed,0,Request implementation for CURLOPT_COOKIEJAR
614,2020-01-19 09:28:49.000000000,2020-01-19 21:02:10.000000000,closed,1,Invalid implementation for CURLOPT_ENCODING
613,2020-01-18 17:46:21.000000000,2020-01-18 18:23:49.000000000,closed,3,curl_getinfo() before curl_exec()
612,2020-01-18 14:18:06.000000000,2020-01-18 17:39:58.000000000,closed,3,curl_getinfo() results in NullReferenceException
611,2020-01-15 20:33:40.000000000,2020-02-06 18:04:52.000000000,closed,1,Add several semantic transformations
610,2020-01-14 03:03:31.000000000,2020-01-14 18:42:41.000000000,closed,0,Fix handling of invalid callbacks and enhance type analysis of callable parameters
609,2020-01-14 02:03:54.000000000,2020-01-14 18:42:41.000000000,closed,0,Use callable parameter type hint for type analysis
608,2020-01-14 01:55:02.000000000,2020-01-14 18:42:41.000000000,closed,0,Passing invalid callback as callable argument doesn't throw exception
607,2020-01-14 01:50:37.000000000,2020-01-14 18:42:41.000000000,closed,0,Invoking invalid callback doesn't throw exception
606,2020-01-14 01:41:43.000000000,2020-01-15 18:50:27.000000000,closed,2,Cloning object with reference field causes assertion failure
605,2020-01-14 01:35:02.000000000,2020-01-14 16:12:30.000000000,closed,1,Add optimization level as compilation argument
604,2020-01-13 06:19:21.000000000,2020-05-10 18:11:20.000000000,closed,1,"error PHP4042: Yielding from an exception handling construct (try, catch, finally) is currently not supported by PeachPie."
603,2020-01-12 15:26:24.000000000,2020-01-12 16:56:00.000000000,closed,5,dotnet new -i 'Peachpie.Templates::*'  - can't download peachpie templates
602,2020-01-09 18:15:00.000000000,2020-05-06 19:25:24.000000000,closed,0,"DateInternal month and year are always 0, days is > 31"
601,2020-01-07 20:02:27.000000000,2020-01-09 18:35:56.000000000,closed,11,compiler errors
600,2020-01-07 18:48:29.000000000,2020-01-07 18:57:24.000000000,closed,0,array_push() does keep references
599,2020-01-05 17:27:51.000000000,1970-01-01 00:00:00.000000001,open,1,Add support for Microsoft SQL Server Driver for PHP
598,2020-01-01 19:37:09.000000000,2020-01-07 15:40:01.000000000,closed,2,Prepared Statements not working with MSSQL
597,2019-12-28 17:31:22.000000000,2019-12-29 22:24:27.000000000,closed,2,fixed: PhpSqlDbConnection doesn't set the ConnectionString property.
596,2019-12-20 05:00:15.000000000,2019-12-20 18:41:40.000000000,closed,1,move DllLoader<TScript> into module static cctor
595,2019-12-19 20:07:26.000000000,2019-12-19 20:18:15.000000000,closed,0,compiler compiles invalid function with invalid vararg silently
594,2019-12-16 22:30:59.000000000,2020-02-24 17:38:46.000000000,closed,1,Unify diagnostics across CodeAnalysis/Runtime
593,2019-12-08 20:38:49.000000000,2019-12-11 17:27:18.000000000,closed,1,Dev/crypt
592,2019-11-25 12:28:59.000000000,2019-11-25 19:30:19.000000000,closed,1,responsive file manager error 302
591,2019-11-23 03:22:52.000000000,2019-11-23 19:37:00.000000000,closed,0,Using an empty array as default argument for a reference variable causes it to reference directly to the Empty array singleton
590,2019-11-21 22:52:23.000000000,2019-11-25 19:21:51.000000000,closed,1,stream_select() throws NotImplementedException
589,2019-11-21 03:24:21.000000000,2019-11-21 17:23:09.000000000,closed,0,isset not working after unset
588,2019-11-19 05:14:24.000000000,2019-11-19 22:03:21.000000000,closed,1,PhpExtensionAttribute extension can be a single string
587,2019-11-19 04:16:58.000000000,2019-11-19 22:18:00.000000000,closed,1,TypedConstant is not an array. Use Value property.
586,2019-11-19 02:27:57.000000000,2019-11-19 05:19:14.000000000,closed,0,IsReadOnly without depending on IsConstant in PhpPropertyInfo
585,2019-11-18 23:16:06.000000000,2019-11-19 05:19:57.000000000,closed,1,Stack overflow when setting a static field with static:: prefix
584,2019-11-17 07:40:16.000000000,2019-11-17 21:11:49.000000000,closed,3,"PHP unable to call C# method, e.g. set_prefix"
583,2019-11-17 07:32:08.000000000,2019-12-12 21:29:29.000000000,closed,4,"Unable to override certain methods, e.g. wpdb->get_results"
582,2019-11-16 11:23:04.000000000,2019-12-04 19:44:12.000000000,closed,2,inaccessible get_Item method in 0.9.500
581,2019-11-15 21:21:33.000000000,2019-11-15 22:00:38.000000000,closed,4,String concatenation doesn't work in release build
580,2019-11-15 02:35:53.000000000,2019-11-15 03:35:28.000000000,closed,0,System.ArgumentNullException: Value cannot be null. Parameter name: method
579,2019-11-14 03:48:38.000000000,2019-11-14 19:26:35.000000000,closed,1,Timezone offset
578,2019-11-14 03:04:40.000000000,2019-11-14 19:27:23.000000000,closed,1,DateTime ignores the time zone parameter
577,2019-11-13 05:11:47.000000000,2019-11-25 19:31:00.000000000,closed,4,diff on DateTime is returning wrong information
576,2019-11-07 22:59:30.000000000,2019-11-08 18:01:24.000000000,closed,2,call_user_func_array doesn't pass value to parameter with default array value
575,2019-11-06 01:39:05.000000000,2019-11-06 21:53:01.000000000,closed,1,Fix for random characters in web application output
574,2019-11-04 11:41:20.000000000,2019-11-04 23:19:33.000000000,closed,1,default <non-nullable-T> value for nullable T params should report fatal error
573,2019-11-03 23:20:26.000000000,2020-01-09 18:07:36.000000000,closed,13,"array content gets ""overwritten"""
572,2019-11-02 18:12:18.000000000,2019-11-02 22:08:35.000000000,closed,1,'Method not found: 'PhpValue.GetArray()'.' from array functions using class variables
571,2019-10-29 00:45:07.000000000,2019-11-02 16:29:06.000000000,closed,0,Dev/ftp
570,2019-10-28 00:59:23.000000000,2019-10-28 15:52:38.000000000,closed,1,Compile error when compiling Laravel with the latest master
569,2019-10-25 21:40:17.000000000,2019-10-29 14:08:17.000000000,closed,13,pass by reference not working when using function_exists 
568,2019-10-24 21:52:56.000000000,2019-10-29 19:03:17.000000000,closed,8,System.NullReferenceException: Object reference not set to an instance of an object.
567,2019-10-24 18:17:10.000000000,2019-10-24 19:22:56.000000000,closed,0,Update ImageSharp to latest beta
566,2019-10-23 23:07:07.000000000,2019-10-24 15:30:58.000000000,closed,0,debug_backtrace also shows internal helper methods
565,2019-10-23 14:57:26.000000000,2020-01-07 18:02:13.000000000,closed,10,strlen does not return correct length
564,2019-10-22 22:12:31.000000000,2019-10-23 13:03:33.000000000,closed,3,Compile error with the latest changes
563,2019-10-22 12:31:01.000000000,2019-10-22 16:41:12.000000000,closed,2,Speed up building and testing in Travis CI
562,2019-10-21 19:15:07.000000000,2019-10-21 19:29:01.000000000,closed,3,Mismatch with PHP behaviour in using call_user_func_array inside namespace
561,2019-10-20 23:14:38.000000000,2019-10-21 00:34:54.000000000,closed,0,Setting PDO::ATTR_ERRMODE using setAttribute causes an error
560,2019-10-20 17:30:36.000000000,2019-10-20 18:57:34.000000000,closed,1,share session variables with aspnet/aspnetcore
559,2019-10-19 12:13:53.000000000,2019-10-20 20:32:27.000000000,closed,8,RuntimeBinderException when passing the right object to PHP(with class type declaration) from C#
558,2019-10-18 19:06:30.000000000,2019-10-18 19:14:13.000000000,closed,2,System.InvalidOperationException: Cannot set MySqlCommand.CommandText when there is an open DataReader for this command; it must be closed first.
557,2019-10-18 11:34:02.000000000,2019-10-18 16:16:44.000000000,closed,1,extend abstract constructor issues
556,2019-10-18 11:09:12.000000000,2019-10-18 16:21:54.000000000,closed,3,disable warning messages for files
555,2019-10-15 16:31:49.000000000,2019-10-18 17:25:41.000000000,closed,5,Method call with parameter by reference -> Value/data not updated
554,2019-10-15 05:55:02.000000000,2019-10-15 12:19:37.000000000,closed,1,Instruction of publish on IIS
553,2019-10-12 13:13:41.000000000,2019-10-12 16:03:17.000000000,closed,8,"$sig = md5(print_r($data, true)); / System.Reflection.TargetInvocationException: 'Exception has been thrown by the target of an invocation.'"
552,2019-10-10 22:10:54.000000000,2019-10-12 16:03:58.000000000,closed,20,function myfunction(string $id = null) {...}: Different default values in PHP vs PeachPie
551,2019-10-08 19:15:03.000000000,2019-10-18 19:37:17.000000000,closed,3,Divi Builder - call to undefined function et_core_setup
550,2019-09-30 15:39:33.000000000,1970-01-01 00:00:00.000000001,open,3,DateTime doesn't support the years <=0 or > 9999
549,2019-09-30 15:26:45.000000000,2019-10-20 21:16:56.000000000,closed,0,PDO::ATTR_STATEMENT_CLASS is not supported
548,2019-09-30 13:11:51.000000000,2019-09-30 18:35:03.000000000,closed,1,http_build_query ignores the encode type field
547,2019-09-29 17:44:11.000000000,2019-09-29 17:59:11.000000000,closed,1,how to run peachpie on apache?
546,2019-09-28 22:27:24.000000000,2019-09-29 16:22:44.000000000,closed,0,ftp support
545,2019-09-25 17:06:47.000000000,1970-01-01 00:00:00.000000001,open,0,chown(...) is not supported
544,2019-09-25 11:52:55.000000000,2019-09-25 17:20:09.000000000,closed,9,v1.0.0-appv2863: mysqli connect/update does not work anymore
543,2019-09-24 02:20:29.000000000,2020-01-19 18:31:54.000000000,closed,0,php_gettext support
542,2019-09-23 13:18:12.000000000,2020-01-07 17:58:43.000000000,closed,10,Question: How to force UTF-8? 
541,2019-09-21 04:48:22.000000000,2019-09-21 15:21:55.000000000,closed,23,Cannot run webapp
540,2019-09-20 20:35:44.000000000,2019-09-21 02:27:24.000000000,closed,1,peach /target:web support
539,2019-09-17 19:03:05.000000000,2019-09-19 11:14:41.000000000,closed,32,System.StackOverflowException: serialize() of incorrectly constructed array object
538,2019-09-16 18:07:25.000000000,2019-09-16 19:11:58.000000000,closed,0,__destruct in trait can cause ReflectionTypeLoadException
537,2019-09-16 12:05:19.000000000,2019-09-17 17:04:49.000000000,closed,4,System.ArgumentException: '^[\x{9}\x{A}\x{D}\x{20}-\x{7E}\x{A0}-\x{D7FF}\x{E000}-\x{FFFD}\x{10000}-\x{10FFFF}]*$'
536,2019-09-14 23:26:31.000000000,2020-04-06 20:23:29.000000000,closed,3,Cannot use with .NET Framework
535,2019-09-14 15:56:06.000000000,2019-09-17 15:49:09.000000000,closed,0,"Remove `Context+IncludeProvider`, extend `StreamWrapper`"
534,2019-09-12 18:07:33.000000000,2019-09-13 17:22:10.000000000,closed,2,Fix decrementing of next free key in array_pop
533,2019-09-12 13:18:11.000000000,2019-09-13 14:47:25.000000000,closed,1,Emitting offsetExists with string expression causes conversion to int
532,2019-09-11 06:20:57.000000000,2019-09-20 17:52:02.000000000,closed,11,System.InvalidOperationException: Expected state to be Failed but was Connected in MySqlConnector.dll
531,2019-09-10 03:51:41.000000000,2019-09-11 11:30:05.000000000,closed,8,"PCRE_ANCHORED (""A"") flag not implemented in preg_match"
530,2019-09-09 00:01:43.000000000,2019-09-09 00:58:06.000000000,closed,0,compiler crash on trait
529,2019-09-08 00:48:39.000000000,2019-09-08 15:36:10.000000000,closed,0,PDOStatement::bindParam indexed parameters should be 1-indexed
528,2019-09-05 06:43:31.000000000,2019-12-12 21:31:14.000000000,closed,7,PEAR_Error is not implemented
527,2019-09-03 07:44:51.000000000,2019-09-09 18:45:38.000000000,closed,5,operate two different encoding will cause garbage characters
526,2019-09-03 05:17:00.000000000,2019-09-08 20:16:34.000000000,closed,8,"Error ""Stack Overflow"" when trying to run ""NextCloud"" within Peachpie"
525,2019-09-02 16:01:05.000000000,2019-09-02 16:04:00.000000000,closed,0,Strict comparison optimization eliminates side effects
524,2019-09-02 15:05:05.000000000,2019-09-02 15:58:36.000000000,closed,0,overriding with varargs and a different signature causes compiler to crash
523,2019-09-01 23:42:47.000000000,2019-09-02 00:15:52.000000000,closed,3,Some PDO methods are marked as final in Reflection
522,2019-09-01 22:11:02.000000000,2019-09-02 00:47:09.000000000,closed,0,SQLite needs to default to foreign keys off instead of on
521,2019-09-01 21:56:21.000000000,2019-10-20 20:26:27.000000000,closed,0,ReflectionFunctionAbstract::getParameters returns incorrect values when implicit params is used by the compiler
520,2019-09-01 21:31:14.000000000,2019-12-13 19:31:04.000000000,closed,0,"ReflectionClass, ReflectionMethod, etc. all return false when calling getDocComment"
519,2019-09-01 17:11:54.000000000,2019-09-02 13:46:25.000000000,closed,14,Peachpie.NET.Core.Sdk.targets (line #190): Value does not fall within the expected range 
518,2019-08-29 18:21:05.000000000,2019-08-29 18:24:50.000000000,closed,0,callback prefixed with \ is not resolved
517,2019-08-29 18:00:50.000000000,2019-08-29 18:12:45.000000000,closed,1,__NAMESPACE__ is empty within shot namespace syntax prefixed with `\`
516,2019-08-29 16:28:33.000000000,2019-08-29 17:21:34.000000000,closed,1,preg_replace: System.ArgumentException '[^\pL\d]+' thrown
515,2019-08-28 20:04:15.000000000,2019-08-29 15:33:28.000000000,closed,0,password_get_info()
514,2019-08-28 18:20:07.000000000,2019-09-02 00:53:03.000000000,closed,5,ReflectionMethod::setAccessible is not implemented
513,2019-08-28 18:16:46.000000000,2019-08-29 17:40:09.000000000,closed,0,PDODriver::Quote is not implemented
512,2019-08-28 02:13:10.000000000,2019-08-28 16:20:54.000000000,closed,0,ReflectionClass::getProperties with ReflectionProperty::IS_PUBLIC filter doesn't work
511,2019-08-27 16:09:27.000000000,2019-08-31 16:51:26.000000000,closed,0,"DateTime::createFromFormat doesn't support ""!"""
510,2019-08-27 14:54:53.000000000,2019-09-29 16:22:44.000000000,closed,0,ftp functions
509,2019-08-26 22:07:06.000000000,2019-08-27 02:51:47.000000000,closed,0,Runtime error in Carbon after latest changes
508,2019-08-26 02:01:14.000000000,2019-08-26 16:03:40.000000000,closed,0,Bad method call exceptions are thrown as regular C# exceptions
507,2019-08-25 17:37:09.000000000,2019-08-25 18:12:30.000000000,closed,0,Cloning class extending DateTime results in a new DateTime instance instead of Derived-class Instance
506,2019-08-25 15:18:02.000000000,2019-08-26 02:42:29.000000000,closed,0,DateTime::getLastErrors is not implemented
505,2019-08-25 15:15:59.000000000,2019-08-25 17:25:44.000000000,closed,0,ReflectionMethod::getPrototype is not implemented
504,2019-08-25 14:01:53.000000000,2019-08-25 16:35:00.000000000,closed,0,Calling isset on interface extending ArrayAccess crashes the compiler
503,2019-08-25 00:04:26.000000000,2019-08-25 00:57:05.000000000,closed,1,Laravel fails to compile after latest changes
502,2019-08-24 22:55:44.000000000,2019-08-27 19:36:53.000000000,closed,3,Warnings inside of Eval are thrown as fatal exceptions
501,2019-08-24 21:59:43.000000000,2019-08-28 19:06:17.000000000,closed,2,Dev/password hash
500,2019-08-24 20:49:05.000000000,2019-08-24 21:42:01.000000000,closed,1,JIT Compiler encountered an internal limitation
499,2019-08-23 19:03:09.000000000,2019-08-23 19:44:23.000000000,closed,3,PHP web application can not find C# namespace/class
498,2019-08-23 16:20:03.000000000,2019-08-29 23:42:24.000000000,closed,2,Calling defined with static causes exception
497,2019-08-23 16:11:32.000000000,2019-08-24 18:22:46.000000000,closed,0,Calling inherited-class method from base-class constructor cross-assembly causes inherited-class values to not be available yet
496,2019-08-23 15:30:30.000000000,2019-08-24 18:36:21.000000000,closed,6,[Feature] IsScriptDeclared method in Pchp.Core.Context
495,2019-08-22 18:45:59.000000000,2019-08-22 19:19:09.000000000,closed,0,PDOStatement::rowCount should always return 0 when using SQLite
494,2019-08-22 18:38:46.000000000,2019-08-22 19:12:25.000000000,closed,4,Using call_user_func(_array) with parent doesn't pass along $this
493,2019-08-22 04:52:01.000000000,2019-08-22 18:42:33.000000000,closed,0,Class extending base-class in another assembly loses default arguments for __construct
492,2019-08-21 11:32:32.000000000,2019-08-21 22:21:48.000000000,closed,3,filter_var with FILTER_VALIDATE_URL doesn't work correctly for relative URL paths
491,2019-08-21 11:21:19.000000000,2019-08-21 16:14:59.000000000,closed,1,array_udiff doesn't call the passed callback
490,2019-08-21 11:19:05.000000000,2019-08-24 21:06:06.000000000,closed,2,Passing array to type-hinted parameter of int doesn't throw an error
489,2019-08-21 11:16:21.000000000,2019-09-17 15:51:56.000000000,closed,4,__destruct is never called
488,2019-08-21 10:35:03.000000000,2019-08-21 17:22:03.000000000,closed,6,How does PeachPie approach exceptions?
487,2019-08-21 01:43:31.000000000,2019-08-21 18:06:12.000000000,closed,0,rand() is alias to mt_rand() since PHP 7.1
486,2019-08-20 18:38:01.000000000,2019-08-20 19:45:53.000000000,closed,0,Reflection doesn't see inherited methods of interface
485,2019-08-20 18:33:49.000000000,2019-08-21 01:16:35.000000000,closed,5,Reflection on DateTime class has some incompatibilities
484,2019-08-20 17:36:34.000000000,2019-08-20 18:26:33.000000000,closed,0,mb_convert_case with MB_CASE_TITLE doesn't work correctly
483,2019-08-20 17:09:56.000000000,2019-08-20 18:19:51.000000000,closed,4,mb_substr fails when giving null as length
482,2019-08-20 14:50:29.000000000,2019-08-20 15:45:17.000000000,closed,0,ssprintf with %f argument causes crash
481,2019-08-20 13:01:02.000000000,2019-08-20 16:29:15.000000000,closed,1,filter_var with FILTER_VALIDATE_IP is not working
480,2019-08-20 12:21:00.000000000,2019-08-20 17:07:25.000000000,closed,1,Variadic parameters have the wrong class in Reflection
479,2019-08-20 00:49:34.000000000,2019-08-20 02:13:38.000000000,closed,0,Calling ini_get with post_max_size as name crashes in a Console application
478,2019-08-19 17:33:45.000000000,2019-08-19 20:38:22.000000000,closed,0,Output buffers don't work when using GD functions
477,2019-08-19 01:32:21.000000000,2019-08-19 20:46:45.000000000,closed,2,Cache fix for Eval
476,2019-08-18 01:50:34.000000000,2019-08-18 21:03:59.000000000,closed,1,mb_substr doesn't work correctly with negative lengths
475,2019-08-17 22:19:14.000000000,2019-09-18 12:24:16.000000000,closed,2,preg_match (and other PCRE functions) throws exception instead of warning
474,2019-08-17 22:11:36.000000000,2019-08-18 22:06:53.000000000,closed,1,C# exceptions don't implement \Throwable
473,2019-08-17 17:41:31.000000000,2019-08-17 20:16:13.000000000,closed,0,Same-name constructors should not be called when the class is namespaced
472,2019-08-17 15:23:04.000000000,2019-08-17 20:24:10.000000000,closed,0,Variadic parameters have the wrong type in Reflection
471,2019-08-16 20:41:04.000000000,2019-08-17 21:51:30.000000000,closed,0,ReflectionParameter isDefaultValueAvailable not correct when using arrays
470,2019-08-16 18:38:04.000000000,2019-08-21 01:20:57.000000000,closed,4,Reference the entry assembly when using eval. Fixes #422
469,2019-08-16 16:04:23.000000000,2019-08-16 16:51:39.000000000,closed,0,iterator_to_array should allow any class that implements \Traversable
468,2019-08-16 13:51:03.000000000,2019-08-16 16:43:02.000000000,closed,0,strtolower should allow null-values
467,2019-08-16 13:35:40.000000000,2019-08-16 20:36:51.000000000,closed,2,is_callable incorrectly reports array as callable
466,2019-08-15 21:03:22.000000000,2019-08-15 22:09:31.000000000,closed,0,void return type gives an error when using Reflection
465,2019-08-15 18:38:27.000000000,2019-08-17 20:25:32.000000000,closed,3,class_alias doesn't seem to work for Traits
464,2019-08-15 15:13:44.000000000,2019-08-18 20:54:45.000000000,closed,3,AppendIterator doesn't seem to work correctly
463,2019-08-15 14:15:39.000000000,2019-08-18 22:28:32.000000000,closed,0,XPath root is not set correctly
462,2019-08-15 06:03:03.000000000,2019-08-19 19:55:33.000000000,closed,2,DOMDocument node issues
461,2019-08-13 08:24:58.000000000,2019-08-13 15:55:13.000000000,closed,9,mb_convert_variables() undefined
460,2019-08-09 13:05:13.000000000,2019-08-10 17:23:37.000000000,closed,3,Error while release build
459,2019-08-05 15:43:32.000000000,2019-08-05 15:59:14.000000000,closed,2,Strict comparison handles nullable strings wrongly
458,2019-07-21 02:10:48.000000000,2019-08-01 00:40:40.000000000,closed,8,Dev/xinclude
457,2019-07-19 07:03:17.000000000,2019-07-19 13:22:25.000000000,closed,1,Constant arrays is not implemented
456,2019-07-16 02:36:40.000000000,2019-07-16 13:40:22.000000000,closed,3,Activating Open Collective
455,2019-07-09 20:45:37.000000000,2019-07-10 13:43:34.000000000,closed,0,One nullable primitive type usage causes all usages to be nullable
454,2019-07-09 14:25:30.000000000,2019-07-11 16:43:06.000000000,closed,0,ArrayCallback on $this cannot access private methods
453,2019-06-24 19:48:16.000000000,2019-06-26 14:02:20.000000000,closed,0,Isset on ArrayAccess object item read calls offsetGet instead of offsetExists
452,2019-06-21 13:14:42.000000000,2019-06-21 13:57:51.000000000,closed,0,Custom Attributes on PHP properties
451,2019-06-20 23:52:38.000000000,2019-06-21 18:07:53.000000000,closed,2,PHP Session State in an ASP.NET Core app
450,2019-06-20 14:24:17.000000000,2019-06-20 17:04:50.000000000,closed,1,Add RW lock to ScriptingProvider to prevent race conditions
449,2019-06-14 16:52:29.000000000,2019-06-19 22:54:59.000000000,closed,2,Generator in closure causes NotImplementedException when accessing fields
448,2019-06-13 00:21:19.000000000,2019-06-20 16:27:59.000000000,closed,6,PHP exec function not implemented
447,2019-06-12 17:24:04.000000000,2019-06-27 13:39:24.000000000,closed,4,HtmlAgilityPack MissingMethodException
446,2019-06-12 10:50:31.000000000,2019-06-12 18:32:37.000000000,closed,3,Package name conflict with composer.json
445,2019-06-11 18:06:59.000000000,2019-07-31 16:32:53.000000000,closed,15,Correct way of calling PHP from PowerShell Core
444,2019-06-06 23:10:57.000000000,2019-06-11 13:22:40.000000000,closed,0,Private $trace property of Exception
443,2019-06-06 22:21:12.000000000,2019-06-06 23:15:50.000000000,closed,0,SessionUpdateTimestampHandlerInterface interface
442,2019-06-02 14:17:08.000000000,2019-06-26 15:57:41.000000000,closed,0,Magento: PDO->quote() does not quote strings (in MySQL - Context)
441,2019-06-02 13:36:52.000000000,2019-06-26 16:16:58.000000000,closed,3,"Magento: Error when running 2 commands on PDO-Statement: ""Cannot set MySqlCommand.CommandText when there is an open DataReader for this command; it must be closed first."""
440,2019-06-01 20:47:05.000000000,2019-08-12 21:23:04.000000000,closed,1,PHP function 'libxml_disable_entity_loader' is not supported
439,2019-06-01 19:50:48.000000000,2019-06-11 13:31:34.000000000,closed,0,Magento: Compiler stops without pointing to faulty code
438,2019-05-29 17:36:59.000000000,2019-05-29 17:48:08.000000000,closed,2,type convert error
437,2019-05-28 19:15:56.000000000,2019-10-15 15:38:55.000000000,closed,0,take advantage of the async output
436,2019-05-27 18:46:30.000000000,2019-05-29 13:53:04.000000000,closed,2,Curl compatibility
435,2019-05-23 16:30:23.000000000,2019-05-23 16:30:55.000000000,closed,1,netcoreapp3.0 issues
434,2019-05-23 16:13:53.000000000,2019-05-23 16:29:07.000000000,closed,1,Function call ignored in return statement if the function doesn't return a value
433,2019-05-21 13:09:40.000000000,2019-05-21 13:23:04.000000000,closed,1,Correct way of calling PHP from C#
432,2019-05-21 01:21:08.000000000,2019-05-21 15:17:49.000000000,closed,0,tempnam is not implemented
431,2019-05-17 17:35:50.000000000,1970-01-01 00:00:00.000000001,open,0,Support for OCI8 database extension for Oracle
430,2019-05-17 11:38:23.000000000,2019-05-17 11:50:33.000000000,closed,2,using a .net lib
429,2019-05-08 15:39:47.000000000,2019-05-08 17:42:14.000000000,closed,1,abstract class with singleton method reports PHP4048 (Cannot insstantiate abstract class)
428,2019-05-03 14:59:42.000000000,2019-05-03 16:47:49.000000000,closed,0,Return from catch in generator causes InvalidProgramException
427,2019-04-20 12:42:32.000000000,2019-04-20 12:42:36.000000000,closed,2,allow to place compiled scripts in a subdirectory
426,2019-04-17 00:14:42.000000000,2019-04-19 11:10:57.000000000,closed,1,PHP code testing isset($_POST) reports unreachable code
425,2019-04-14 05:12:24.000000000,2019-04-27 01:54:16.000000000,closed,5,Implemented ReflectionFunctionAbstract::hasReturnType and getReturnType
424,2019-04-14 05:07:03.000000000,2019-04-15 12:38:17.000000000,closed,0,Fixed #417 and class_exists now doesn't regard interfaces as classes
423,2019-04-12 02:09:54.000000000,2019-04-15 13:06:10.000000000,closed,1,Make sure the currently loaded assemblies get referenced during eval compilation
422,2019-04-11 01:01:00.000000000,2019-04-15 13:16:20.000000000,closed,5,Mockery: eval doesn't autoload classes
421,2019-04-10 23:07:20.000000000,2019-04-11 17:33:30.000000000,closed,0,Fix for #416
420,2019-04-10 22:36:28.000000000,2019-04-11 17:22:40.000000000,closed,1,Implemented Reflection methods for #419
419,2019-04-10 09:39:09.000000000,2019-04-27 01:54:28.000000000,closed,0,Reflection has unimplemented methods required by PHPUnit and Mockery
418,2019-04-10 04:32:58.000000000,2019-04-16 02:09:14.000000000,closed,5,"[laravel/framework] - ""Process is terminating due to StackOverflowException."""
417,2019-04-10 01:32:51.000000000,2019-04-15 12:38:18.000000000,closed,1,Issue using multiple script assemblies
416,2019-04-10 01:08:48.000000000,2019-04-11 17:33:31.000000000,closed,0,ReflectionParameter incorrectly reports allowsNull as true
415,2019-04-09 23:30:30.000000000,2019-08-01 00:40:40.000000000,closed,1,xinclude in XmlDom extension not implemented
414,2019-04-07 13:41:01.000000000,2019-04-07 18:47:58.000000000,closed,0,Fixed #412 and #413
413,2019-04-07 12:49:58.000000000,2019-04-07 18:53:21.000000000,closed,1,Multiple set-cookie headers overwrite each other
412,2019-04-07 12:43:04.000000000,2019-04-07 18:47:58.000000000,closed,0,Cloning DateTime doesn't copy over the modified Date
411,2019-04-06 16:36:06.000000000,2019-04-06 18:42:17.000000000,closed,5,reset resolved types from a previous compilation
410,2019-04-06 03:17:50.000000000,2019-04-06 19:56:22.000000000,closed,3,Implemented setTimestamp for DateTime and DateTimeImmutable and some PDO fixes
409,2019-04-06 02:23:07.000000000,2019-04-06 19:45:59.000000000,closed,1,Array default value is lost when function is called implicitly
408,2019-04-05 17:05:56.000000000,2019-04-05 17:56:13.000000000,closed,1,fix for msbuild (Visual Studio) not logging the actual compiler excep
407,2019-04-05 01:58:38.000000000,2019-04-05 02:09:08.000000000,closed,1,fix NullReferenceException when building release configuration
406,2019-04-05 01:40:16.000000000,2019-04-06 18:41:42.000000000,closed,1,System.NotImplementedException: 'Cannot implicitly convert 'String' to 'String'.
405,2019-04-04 23:24:33.000000000,2019-04-05 02:10:08.000000000,closed,2,"The ""BuildTask"" task failed unexpectedly (NullReferenceException)"
404,2019-04-03 23:38:20.000000000,2019-04-07 18:58:56.000000000,closed,1,Laravel: Missing DateTime methods
403,2019-04-03 10:59:45.000000000,2019-04-09 16:21:59.000000000,closed,4,Laravel: Classes without constructor sometimes return a null-constructor using Reflection
402,2019-04-02 22:34:22.000000000,2020-02-26 16:40:54.000000000,closed,1,Laravel: OpenSSL extension seems to be missing
401,2019-04-02 18:59:48.000000000,2019-04-03 18:17:13.000000000,closed,1,Carbon fails with missing abstract method
400,2019-04-01 16:02:52.000000000,2019-04-01 16:09:04.000000000,closed,0,Virtual Instance Constructor compilation assert
399,2019-03-31 20:17:42.000000000,2019-04-09 16:39:06.000000000,closed,6,Laravel config and RecursiveDirectoryIterator
398,2019-03-30 23:51:11.000000000,2019-04-09 16:45:26.000000000,closed,9,how to run Slim Framework 3 and Eloquent 5.2 on PeachPie
397,2019-03-29 19:40:16.000000000,2019-03-29 23:03:41.000000000,closed,7,"TypeLoadException: Method 'get_IsClientConnected' in type 'Peachpie.AspNetCore.Web.RequestContextCore' from assembly 'Peachpie.AspNetCore.Web, Version=1.0.0.0, Culture=neutral, PublicKeyToken=5b4bee2bf1f98593' does not have an implementation."
396,2019-03-29 12:55:34.000000000,2019-08-28 19:06:17.000000000,closed,0,System.InvalidOperationException: Call to undefined function: 'password_hash'
395,2019-03-29 12:25:31.000000000,2019-08-28 19:06:17.000000000,closed,0,System.InvalidOperationException: 'Call to undefined function: 'password_needs_rehash'
394,2019-03-27 17:59:05.000000000,2019-03-27 22:09:04.000000000,closed,2,Curl issue with wpdotnet
393,2019-03-26 10:47:50.000000000,2019-03-28 13:11:49.000000000,closed,0,Peachpie.Library.RegularExpressions: ArgumentException: \__
392,2019-03-25 14:06:19.000000000,2019-03-26 14:02:57.000000000,closed,1,json_encode parameters are ignored (e.g. JSON_PRETTY_PRINT)
391,2019-03-23 22:59:17.000000000,2020-02-16 18:11:35.000000000,closed,4,ssl:// wrapper with encryption not implemented?
390,2019-03-23 22:25:01.000000000,2019-03-27 22:33:16.000000000,closed,2,error - fgets  ignore new lines
389,2019-03-23 16:45:32.000000000,2019-03-23 22:19:55.000000000,closed,1,implicit autoloading breaks class_exists
388,2019-03-22 21:05:36.000000000,2019-03-23 11:31:11.000000000,closed,7,[Question] Exception User-Unhandled: Pchp.Core.ScriptDiedException
387,2019-03-21 13:51:43.000000000,2019-03-21 16:44:16.000000000,closed,9,System.InvalidOperationException: Arg_InvalidOperationException
386,2019-03-20 21:10:22.000000000,2019-03-22 13:53:23.000000000,closed,3,Shouldn't we make __toString() return type check less strict?
385,2019-03-20 20:55:23.000000000,2019-03-21 17:07:52.000000000,closed,0,NotImplementedException when calling DOMDocument::load statically
384,2019-03-20 20:07:56.000000000,2019-03-20 21:03:46.000000000,closed,0,"""self::"" prefix not supported in defined(...) and constant(...)"
383,2019-03-20 19:53:01.000000000,2019-03-20 20:32:01.000000000,closed,0,Final methods of final classes cause assert violation in MethodSymbol.IsVirtual
382,2019-03-20 19:01:06.000000000,2019-03-22 21:34:32.000000000,closed,6,Restore values changed to aliases by iterator (OrderedDictionary.Enumerator.CurrentValueAliased)
381,2019-03-20 18:36:44.000000000,2019-03-20 20:49:06.000000000,closed,0,Using Int32.MaxValue as key of array causes OverflowException
380,2019-03-20 18:24:52.000000000,2019-03-28 22:57:53.000000000,closed,6,imagefill is too slow
379,2019-03-19 14:19:23.000000000,2019-03-20 20:15:18.000000000,closed,3,ArgumentException: Function 'password_verify' not found
378,2019-03-18 13:06:38.000000000,2019-03-18 14:38:58.000000000,closed,10,[Question] Loader Exceptions
377,2019-03-15 18:04:20.000000000,2019-03-15 18:39:26.000000000,closed,0,ReflectionTypeLoadException: Unable to load one or more of the requested types
376,2019-03-15 14:47:40.000000000,2019-03-15 14:50:24.000000000,closed,6,Unhandled Exception: System.AggregateException: One or more errors occurred. (Object reference not set to an instance of an object.) ---> System.NullReferenceException: Object reference not set to an instance of an object.
375,2019-03-13 18:53:32.000000000,2019-03-14 14:13:57.000000000,closed,0,Implement more diagnostics
374,2019-03-13 18:07:00.000000000,2019-03-15 16:52:07.000000000,closed,3,[Discussion] How to deal with templates?
373,2019-03-13 13:02:47.000000000,2019-03-13 19:30:29.000000000,closed,0,DateTime.createFromFormat
372,2019-03-10 21:14:15.000000000,2019-03-11 01:54:58.000000000,closed,2,"Declare construct will be ignored, because it is currently not supported by Peachpie."
371,2019-03-07 22:03:28.000000000,2019-03-07 22:05:02.000000000,closed,8,EXEC : error PHP4041: Combined length of user strings used by the program exceeds allowed limit. Try to decrease use of string literals.
370,2019-03-07 00:11:15.000000000,2019-03-28 14:39:43.000000000,closed,3,PDO error with FETCH_UNIQUE
369,2019-03-06 12:27:33.000000000,2019-03-06 14:29:43.000000000,closed,18,"The method or operation is not implemented. ---> System.NotImplementedException: The method or operation is not implemented. at Pchp.CodeAnalysis.CodeGen.CodeGenerator.LoadTargetInstance(BoundExpression thisExpr, MethodSymbol method)"
368,2019-03-06 03:41:34.000000000,2019-03-06 15:23:19.000000000,closed,3,Push symbols to NuGet
367,2019-03-05 23:04:30.000000000,2019-03-05 23:16:58.000000000,closed,0,Conversion from 'PhpAlias' to 'IntStringKey'. not implemented
366,2019-03-04 16:23:34.000000000,2019-03-04 17:06:09.000000000,closed,1,Compile Error: Conversion from 'PhpResource' to 'SocketOptions'. not implemented
365,2019-03-01 15:04:22.000000000,2019-03-04 17:51:09.000000000,closed,3,Enabled sourcelink & symbols
364,2019-02-26 03:03:42.000000000,2019-02-27 14:30:09.000000000,closed,0,nullref when accessing property on NULL within empty()
363,2019-02-22 15:31:13.000000000,2019-03-04 18:28:51.000000000,closed,5,Specified value does not have a ':' separator.
362,2019-02-16 05:21:34.000000000,2019-02-17 23:37:47.000000000,closed,2,Fix bin operators binding for non-PhpValue operands.
361,2019-02-16 01:39:20.000000000,2019-02-17 23:37:47.000000000,closed,3,EmitAdd on void and smth.
360,2019-02-08 03:14:49.000000000,2019-02-09 15:33:42.000000000,closed,4,tinfo cannot be null
359,2019-02-05 16:28:43.000000000,2019-02-09 15:34:17.000000000,closed,5,How  can I direct run a complex php website ?
358,2019-02-03 21:17:15.000000000,2019-02-05 18:42:44.000000000,closed,0,Conversion from 'Throwable' to 'Int64' not implemented
357,2019-02-01 03:30:26.000000000,2019-02-05 14:57:18.000000000,closed,3,Unable to parse response code from HTTP response due to malformed response - II.
356,2019-01-31 08:45:13.000000000,2019-02-01 19:35:18.000000000,closed,1,Break on warning?
355,2019-01-29 20:02:22.000000000,2019-01-29 21:44:28.000000000,closed,3,Strict comparison with null fails for a parameter with default value and class type hint
354,2019-01-28 15:20:43.000000000,2019-01-28 15:21:04.000000000,closed,1,files without UTF8 BOM are not debuggable
353,2019-01-27 17:11:39.000000000,2019-01-28 15:49:58.000000000,closed,1,Pchp.Core.PhpString.Blob.Pchp.Core.IPhpArray.EnsureItemArray(IntStringKey key)  Specified method is not supported.
352,2019-01-27 15:35:01.000000000,2019-01-27 23:28:52.000000000,closed,0,Compile error System.NotImplementedException: Conversion from 'Void' to 'Boolean'
351,2019-01-24 21:12:34.000000000,2019-01-25 17:38:38.000000000,closed,0,lightweight array implementation and operations
350,2019-01-24 01:07:09.000000000,2019-01-25 18:00:54.000000000,closed,2,Unable to parse response code from HTTP response due to malformed response
349,2019-01-24 00:39:57.000000000,2019-01-25 17:38:15.000000000,closed,1,No XML documentation for constructors
348,2019-01-18 05:22:48.000000000,2019-04-21 11:40:10.000000000,closed,13,Wordpress(?) over-committing memory
347,2019-01-12 22:45:58.000000000,2019-01-12 23:12:51.000000000,closed,7,require not finding path
346,2019-01-11 07:04:57.000000000,2019-01-11 17:44:15.000000000,closed,5,"Media permissions error on ""Gutenberg"" block editor"
345,2019-01-10 22:34:46.000000000,2019-08-06 19:01:23.000000000,closed,0,Array value changed to reference after updating it through a reference iterator
344,2019-01-10 05:56:11.000000000,2019-01-26 16:01:55.000000000,closed,9,difficulty including/using php library
343,2019-01-08 23:59:33.000000000,2019-01-13 01:31:18.000000000,closed,4,Missing PSR namespace when using symfony/cache
342,2019-01-06 19:06:31.000000000,2019-01-07 15:05:34.000000000,closed,1,ReflectionFunction does not support Closure
341,2019-01-03 23:20:31.000000000,2019-02-09 15:37:07.000000000,closed,7,PDO support for FETCH_UNIQUE
340,2018-12-31 20:34:39.000000000,2019-01-09 21:39:32.000000000,closed,2,'Operation is not valid due to the current state of the object.'
339,2018-12-27 18:21:23.000000000,2019-06-13 20:34:41.000000000,closed,2,The php_user_filter class is missing
338,2018-12-20 18:29:56.000000000,2018-12-20 18:55:19.000000000,closed,0,BoundTypeRef
337,2018-12-18 21:49:04.000000000,2018-12-19 17:00:09.000000000,closed,1,Support for nested generics
336,2018-12-18 21:26:13.000000000,2018-12-18 21:28:58.000000000,closed,1,Clarification: Short open tag
335,2018-12-16 20:13:25.000000000,2018-12-18 20:25:02.000000000,closed,2,Getting NullReferenceException when calling PHP from C#
334,2018-12-11 22:22:47.000000000,2018-12-12 18:14:38.000000000,closed,0,Using System.Object methods in abstract classes and interfaces might cause TypeLoadException
333,2018-12-10 19:16:07.000000000,2018-12-10 19:30:49.000000000,closed,1,Plugin require wordpress upgrade?
332,2018-12-10 03:14:34.000000000,2018-12-10 03:57:39.000000000,closed,3,Wordpress 5.0 support
331,2018-12-08 17:01:24.000000000,2018-12-09 23:30:33.000000000,closed,0,empty( $string[...] ) is always false
330,2018-12-06 22:26:13.000000000,2018-12-07 19:01:14.000000000,closed,1,TypeLoadException exception when a class extends abstract class implements interface
329,2018-12-06 01:28:22.000000000,2018-12-19 17:01:22.000000000,closed,7,Problems with stream_get_line
328,2018-12-05 21:26:03.000000000,2018-12-05 21:35:24.000000000,closed,3,Getting a dll when trying to build an exe
327,2018-12-04 04:19:35.000000000,2018-12-04 16:31:14.000000000,closed,1,Objects - is_subclass_of works properly with same parent class
326,2018-12-04 00:00:36.000000000,2018-12-04 16:43:26.000000000,closed,0,PDOStatement - Fix FETCH_COLUMN exception
325,2018-12-03 22:54:07.000000000,2018-12-03 23:14:18.000000000,closed,1,PDO Statement - Get Column Meta Fix
324,2018-12-03 13:08:50.000000000,2019-01-09 21:39:48.000000000,closed,1,Unit tests for existing PHP projects
323,2018-11-30 11:32:49.000000000,2018-11-30 19:20:36.000000000,closed,7,Directory->read() does not contain directory actully
322,2018-11-30 05:29:59.000000000,2018-11-30 16:31:28.000000000,closed,3,PHP I/O Wrappers need to be implemented
321,2018-11-29 22:18:30.000000000,2019-01-25 19:46:38.000000000,closed,4,Do While Continue is improperly compiled when there is a lot of logic
320,2018-11-29 16:02:03.000000000,2018-11-30 15:16:14.000000000,closed,5,Using PeachPie in FrameworkBenchmark
319,2018-11-29 00:45:49.000000000,2018-12-05 21:39:54.000000000,closed,1,Nullable String return types not handled properly
318,2018-11-27 22:57:11.000000000,2018-11-28 21:24:17.000000000,closed,0,isset not working with arguments passed by reference
317,2018-11-27 21:18:52.000000000,2018-11-30 17:59:03.000000000,closed,0,phpWord causes StackOverflowException during build
316,2018-11-27 20:20:57.000000000,2018-11-28 18:30:55.000000000,closed,0,Enable removing unreachable functions and types using semantic transformations
315,2018-11-27 19:04:44.000000000,2018-11-27 19:41:30.000000000,closed,2,Resolves deadlock in Peachpie.CodeAnalysis
314,2018-11-25 22:55:40.000000000,2018-11-26 00:46:13.000000000,closed,1,Enable semantic transformations
313,2018-11-24 20:44:44.000000000,2018-11-28 21:15:12.000000000,closed,7,RecursiveDirectoryIterator not implemented
312,2018-11-24 20:25:23.000000000,2018-11-30 15:21:33.000000000,closed,8,Running Laravel with PeachPie
311,2018-11-23 07:09:04.000000000,2018-11-23 15:58:14.000000000,closed,1,Catch app index.php
310,2018-11-21 20:19:14.000000000,2018-11-23 04:22:47.000000000,closed,0,When the first argument is BOOL type will cause Exception with params PhpValue[] overload PhpArray
309,2018-11-21 01:13:54.000000000,2018-11-21 12:23:30.000000000,closed,2,fix for 'constant' arrays changed when used from multiple threads
308,2018-11-20 20:01:12.000000000,2018-11-21 12:23:51.000000000,closed,6,Array initialized with wrong values under heavy load
307,2018-11-18 20:35:10.000000000,2018-11-18 22:20:30.000000000,closed,0,PDOStatement last query storing fix
306,2018-11-16 05:39:31.000000000,2018-11-16 15:42:40.000000000,closed,2,Trouble compiling with a System.AggregateException: Pchp.Core.Context not implemented
305,2018-11-14 19:46:16.000000000,2018-11-15 04:21:01.000000000,closed,3,CallSite not reused when making a dynamic call to the same function
304,2018-11-05 15:46:50.000000000,2018-11-27 19:42:29.000000000,closed,4,eval() causes request to hang on asp.net/net461
303,2018-11-04 21:44:53.000000000,2018-11-04 23:21:31.000000000,closed,1,Peachpie.AspNetCore.Web poor output performance
302,2018-11-02 10:56:18.000000000,2018-11-02 11:18:11.000000000,closed,2,"I uploaded mp4 and found that '/thumbs' has nothing, but uploading other files is fine."
301,2018-11-01 20:08:50.000000000,2018-11-02 05:29:39.000000000,closed,0,Runtime exception (NullReferenceException) when adding strings
300,2018-10-28 16:03:21.000000000,2018-10-31 01:08:15.000000000,closed,2,Generated .NET code is wrong
299,2018-10-28 10:15:06.000000000,2018-10-31 01:31:00.000000000,closed,2,fix NullReferenceException in CodeGenerator.TypeRef
298,2018-10-28 09:33:31.000000000,2018-10-31 01:29:48.000000000,closed,1,NullReferenceException during compilation
297,2018-10-23 22:22:38.000000000,2018-10-23 23:02:19.000000000,closed,2,"Add support for semantic transformations, refactor visitor hierarchy"
296,2018-10-23 19:45:09.000000000,2018-11-19 07:13:13.000000000,closed,5,PDOException: Last executed PDOStatement result set could not be saved correctly.
295,2018-10-21 20:14:36.000000000,2018-10-21 21:21:18.000000000,closed,0,"SplHeap, SplMinHeap, SplMaxHeap, SplPriorityQueue"
294,2018-10-19 05:09:15.000000000,2018-10-19 19:59:40.000000000,closed,1,class_implements function misses qualified namespace
293,2018-10-15 22:52:26.000000000,2018-10-16 21:30:06.000000000,closed,1,"SplStack, SplQueue, fixes"
292,2018-10-15 18:24:09.000000000,2018-10-23 16:15:16.000000000,closed,10,Assembly Peachpie.Microsoft.CodeAnalysis not found when using Peachpie.RequestHandler and .NET Framework
291,2018-10-14 18:37:24.000000000,2018-10-15 00:54:22.000000000,closed,0,SplDoublyLinkedList
290,2018-10-13 19:24:50.000000000,2018-10-15 02:56:57.000000000,closed,4,Attempt to access the method failed when creating Carbon\Carbon
289,2018-10-13 19:17:35.000000000,2018-10-20 17:12:29.000000000,closed,11,Ignore unused code
288,2018-10-10 00:21:13.000000000,2018-10-11 21:17:43.000000000,closed,6,PhpStream.ResolvePath always returns false when Context.WorkingDirectory is null
287,2018-10-06 00:48:33.000000000,2018-10-06 00:50:14.000000000,closed,0,"stubs for SplQueue, SplPriorityQueue, gzopen64, gzseek64, gztell64"
286,2018-10-04 00:41:57.000000000,2018-10-08 01:01:31.000000000,closed,13,`PDO` and `eval` on .NET Framework cause `ReflectionTypeLoadException`
285,2018-10-02 11:11:10.000000000,2019-12-16 18:22:05.000000000,closed,6,set_error_handler is not implemented
284,2018-10-02 10:41:44.000000000,2018-10-03 16:12:33.000000000,closed,0,bad default array argument implement in trait
283,2018-09-28 11:21:10.000000000,2018-10-01 01:50:52.000000000,closed,5,Local variables in function unavailable in included file
282,2018-09-27 03:51:25.000000000,2018-09-27 19:15:14.000000000,closed,1,null returned from typed nullable function gets corrupted
281,2018-09-24 04:41:28.000000000,2018-09-24 10:58:35.000000000,closed,1,"""self"" not supported as argument type in interface methods"
280,2018-09-22 04:04:00.000000000,2018-10-01 03:19:58.000000000,closed,3,Can't add project to VS2017 Solution
279,2018-09-20 16:57:55.000000000,2018-09-20 17:34:18.000000000,closed,0,Update used version of Roslyn to 2.9.0
278,2018-09-17 15:29:45.000000000,2018-09-23 18:13:00.000000000,closed,2,Deep function call stack fix
277,2018-09-15 13:46:32.000000000,2018-09-17 01:38:57.000000000,closed,0,GD extension has not fully supported yet
276,2018-09-11 03:35:44.000000000,2018-09-17 01:40:48.000000000,closed,6,If Class Exists Implementation
275,2018-09-07 13:50:54.000000000,2018-09-08 02:18:46.000000000,closed,1,var_dump throws StackOverflowException in some case
274,2018-09-04 18:10:40.000000000,2018-09-10 18:17:05.000000000,closed,4,parent construct error
273,2018-09-03 03:14:57.000000000,2018-09-04 13:18:25.000000000,closed,3,Missing file info (<unknown>)
272,2018-09-01 20:37:38.000000000,2018-09-02 18:17:34.000000000,closed,9,access function return value as array
271,2018-08-30 18:37:50.000000000,2018-08-30 20:52:51.000000000,closed,0,Parallel emit of method bodies
270,2018-08-29 11:05:03.000000000,2019-01-24 14:53:57.000000000,closed,1,Tracking issue for SPL
269,2018-08-29 03:22:28.000000000,2018-08-29 12:04:25.000000000,closed,0,Fix stack overflow when binding large concatenations
268,2018-08-26 19:50:27.000000000,2018-10-04 15:57:06.000000000,closed,5,unwrap __call magic method params list
267,2018-08-22 01:48:16.000000000,2018-08-22 01:55:08.000000000,closed,1,"404 on .css, .js and other subfolder files"
266,2018-08-18 10:26:05.000000000,2018-08-19 01:05:57.000000000,closed,0,PDO - Multiple open PDOStatement queries supported
265,2018-08-15 16:30:23.000000000,2018-08-15 17:08:04.000000000,closed,2,using implode and $this in __toString magic method will cause System.NullReferenceException
264,2018-08-14 23:40:42.000000000,2018-08-22 01:26:43.000000000,closed,19,relative include path resolution issue
263,2018-08-14 18:31:31.000000000,2018-08-14 18:41:07.000000000,closed,1,Error while following Get Started guide
262,2018-08-12 11:23:27.000000000,2018-08-24 15:26:23.000000000,closed,7,set_exception_handler does no supported yet
261,2018-08-09 22:12:26.000000000,2018-08-10 17:54:38.000000000,closed,0,PDO
260,2018-08-09 18:09:44.000000000,2018-08-24 16:19:06.000000000,closed,7,throws System.InvalidProgramException when return from finally block
259,2018-08-09 04:26:13.000000000,2019-06-19 20:51:14.000000000,closed,6,[Question] Constructor with no parameters
258,2018-08-07 11:21:19.000000000,2018-08-07 11:32:35.000000000,closed,27,Configuring wordpress with .net core
257,2018-08-06 14:30:57.000000000,2018-08-06 17:53:55.000000000,closed,8,compiler crash - Spaceship operator not implemented
256,2018-08-06 14:05:21.000000000,2018-08-06 14:52:27.000000000,closed,1,Syntax error
255,2018-08-02 21:10:12.000000000,2018-08-12 20:02:31.000000000,closed,3,PDO does not throw exceptions
254,2018-08-01 02:53:44.000000000,2018-08-01 03:23:25.000000000,closed,0,Fix adding unnecessary void to routine return type in analysis
253,2018-07-31 14:17:40.000000000,2018-07-31 16:37:14.000000000,closed,0,Enable analysis in parallel
252,2018-07-31 11:51:30.000000000,2019-11-07 17:07:04.000000000,closed,2,passing by reference into a dynamic call
251,2018-07-30 00:34:18.000000000,2018-08-12 20:02:40.000000000,closed,1,Missing installation instructions for IIS 10
250,2018-07-29 23:56:09.000000000,2019-01-13 19:29:23.000000000,closed,5,array copy-on-write issue with array_shift()
249,2018-07-29 07:17:23.000000000,2018-07-31 17:58:50.000000000,closed,0,some variables doesn't display correctly using vs code debugger
248,2018-07-29 06:56:20.000000000,2018-08-03 20:05:03.000000000,closed,0,substr return FALSE if string is equal to start characters long
247,2018-07-29 06:16:15.000000000,1970-01-01 00:00:00.000000001,open,3,a lot of CURLINFO_* are not supported
246,2018-07-26 07:44:00.000000000,2018-07-26 12:24:38.000000000,closed,1,peachpie error with .net framework 
245,2018-07-25 17:13:37.000000000,2018-07-29 03:11:56.000000000,closed,1,Pdo
244,2018-07-21 21:17:09.000000000,2018-07-22 17:42:15.000000000,closed,3,"Analysis speed improvements - call graph, topological order of blocks etc."
243,2018-07-21 00:37:39.000000000,2018-08-12 20:03:04.000000000,closed,4,PDOStatement bindValue / Parameter 'key' not found in the collection
242,2018-07-20 17:43:09.000000000,2018-07-20 19:22:41.000000000,closed,0,PDO basic implementation
241,2018-07-14 09:42:39.000000000,2018-07-14 13:01:52.000000000,closed,3,error PHPX2070
240,2018-07-11 17:55:17.000000000,2018-07-11 20:12:56.000000000,closed,7,namespace resolution problem
239,2018-07-06 16:34:24.000000000,2018-07-07 02:38:40.000000000,closed,0,Graphics functions
238,2018-07-06 12:36:50.000000000,2018-07-06 12:40:09.000000000,closed,1,Type name 'WP_CLI_Command' could not be resolved
237,2018-07-06 10:10:43.000000000,2018-07-06 11:24:04.000000000,closed,5,Any plans to include Joomla! as a CMS that also runs on .NET Core?
236,2018-07-05 17:17:08.000000000,2018-07-08 21:48:05.000000000,closed,5,PHP 7.2 compatibility
235,2018-07-05 17:11:20.000000000,2018-07-05 21:50:14.000000000,closed,3,How to analyse System.ArgumentException: Value does not fall within the expected range.
234,2018-06-28 15:03:41.000000000,2020-05-06 18:36:31.000000000,closed,41,PDOStatement is not implemented
233,2018-06-27 17:24:14.000000000,2018-06-29 12:45:20.000000000,closed,13,The command dotnet compile-php exited with code -532462766
232,2018-06-26 16:01:48.000000000,2018-06-26 17:40:21.000000000,closed,3,Performance problem : Invoking a PHP file will get slower and slower
231,2018-06-24 22:45:34.000000000,2018-06-25 00:40:06.000000000,closed,1,Graphics functions
230,2018-06-24 17:05:05.000000000,2018-06-24 20:45:34.000000000,closed,3,composer questions
229,2018-06-24 09:23:41.000000000,2018-06-24 14:52:14.000000000,closed,1,emit of property initializers causes nullref
228,2018-06-23 15:24:17.000000000,2018-06-24 19:32:11.000000000,closed,4,Implemented a simple MySQL DSN wrapper. First step towards fixing #227
227,2018-06-22 17:34:15.000000000,2018-06-24 20:43:14.000000000,closed,4,DBNAME option in datasource of MySQL PDO Driver
226,2018-06-22 15:09:29.000000000,2018-06-22 15:22:14.000000000,closed,2,automatically provide Peachpie.Library.PDO.MySQL as dev package to nuget
225,2018-06-21 17:20:08.000000000,2018-06-22 13:41:07.000000000,closed,2,Accessing new protected property on parent classes
224,2018-06-21 17:15:59.000000000,2018-06-22 13:19:42.000000000,closed,4,extension_loaded does (at least) not return true with parameter pdo_mysql despite having included Peachpie.Library.PDO.MySQL in project xml
223,2018-06-21 11:08:52.000000000,2018-06-21 12:29:08.000000000,closed,0,calling empty() on SimpleXMLElement - node never results in true even if node is not present
222,2018-06-20 14:52:38.000000000,2018-06-20 15:14:46.000000000,closed,2,System.InvalidOperationException when calling unset in class inheriting from SimpleXMLElement on class member
221,2018-06-19 19:23:32.000000000,2018-08-24 21:56:11.000000000,closed,7,Issue with some date_ functions
220,2018-06-19 18:59:49.000000000,2018-06-23 02:28:04.000000000,closed,3,phpinfo does not output plain text in CLI mode
219,2018-06-17 20:26:19.000000000,2018-06-18 02:05:28.000000000,closed,1,simplexml_load_string is throwing CLR/System.NullReferenceException if second parameter is given
218,2018-06-14 05:56:40.000000000,2018-06-14 13:05:51.000000000,closed,5,dynamic include/require problem
217,2018-06-12 11:10:56.000000000,2018-06-22 18:27:58.000000000,closed,12,Discuss PHP/MySQL vs ADO.NET
216,2018-06-11 12:34:11.000000000,2018-06-11 20:02:13.000000000,closed,8,Error messages are possibly not helpful
215,2018-06-10 03:47:04.000000000,2018-06-11 21:15:07.000000000,closed,9,Switch to MySqlConnector
214,2018-06-07 00:21:00.000000000,2018-06-10 20:37:43.000000000,closed,2,Improve Code Quality
213,2018-06-06 20:57:21.000000000,2018-06-06 22:18:08.000000000,closed,3,Remove TypeInfo
212,2018-06-04 11:53:46.000000000,2018-06-04 15:21:20.000000000,closed,0,htmlspecialchars throwing an exception when parsing &nbsp;
211,2018-06-03 17:47:20.000000000,2018-06-03 17:59:21.000000000,closed,2,need help on hybird programming
210,2018-05-30 15:53:09.000000000,2018-05-30 17:21:21.000000000,closed,0,curl_getinfo()
209,2018-05-23 21:50:29.000000000,2018-05-30 13:00:05.000000000,closed,8,Cross target libraries to .NETSTANDARD 2.0
208,2018-05-19 04:37:54.000000000,2018-05-21 11:44:10.000000000,closed,1,Cross target .NETSTANDARD 2.0
207,2018-05-17 18:56:49.000000000,2018-05-21 17:38:35.000000000,closed,5,does stdio supported?
206,2018-05-01 01:29:20.000000000,2018-05-03 12:01:50.000000000,closed,6,Error establishing database connection
205,2018-04-30 12:13:30.000000000,2018-06-20 15:35:16.000000000,closed,2,Cannot get the new 0.9-template to publish correctly
204,2018-04-18 17:37:23.000000000,2018-04-18 17:38:20.000000000,closed,0,signing the assembly
203,2018-04-16 03:31:59.000000000,2018-04-30 17:45:59.000000000,closed,2,Create and Access SQLite3 File Database with PHP?
202,2018-04-11 14:51:14.000000000,2018-04-11 14:51:50.000000000,closed,13,MissingMethodException for mysql_insert_id
201,2018-03-28 19:07:20.000000000,2018-05-11 12:09:17.000000000,closed,6,Additional functions for MultiByteString
200,2018-03-28 19:06:37.000000000,2018-05-11 14:11:58.000000000,closed,2,Missing functions for MultiByteString
199,2018-03-26 17:18:57.000000000,2018-05-24 19:54:02.000000000,closed,22,Support for a self-contained assembly
198,2018-03-26 15:52:32.000000000,2018-05-03 15:12:04.000000000,closed,6,Feature: Please implement the `error_log` function.
197,2018-03-21 13:19:05.000000000,2018-03-22 16:50:20.000000000,closed,1,Added ini config values for `memory_limit` and `disable_functions`
196,2018-03-21 12:39:30.000000000,2018-03-22 18:07:57.000000000,closed,9,PHP ini configuration not implemented.
195,2018-03-21 05:16:12.000000000,2018-03-26 16:49:00.000000000,closed,23,Using Peachpie app as a NuGet package.
194,2018-03-20 04:22:34.000000000,2018-03-21 04:17:19.000000000,closed,8,How to exclude config.php from compilation properly
193,2018-03-20 04:16:18.000000000,2018-03-20 17:08:56.000000000,closed,10,http_build_query() does not work properly
192,2018-03-15 15:02:16.000000000,2018-03-17 19:42:30.000000000,closed,6,Copied over some missing Graphics functions from Phalanger.
191,2018-03-13 14:01:46.000000000,2018-03-13 14:08:13.000000000,closed,7,"Method not found: 'Pchp.Core.Reflection.RoutineInfo Pchp.Core.Reflection.RoutineInfo.CreateUserRoutine(System.String, System.RuntimeMethodHandle)'."
190,2018-03-12 07:14:58.000000000,2018-04-30 17:52:20.000000000,closed,7,Missing functions in Graphics library?
189,2018-03-11 20:45:09.000000000,2018-03-12 21:21:46.000000000,closed,0,Unpacking in callsites not implemented
188,2018-03-11 16:05:42.000000000,2018-03-11 17:50:05.000000000,closed,0,static keyword in static lambda
187,2018-03-11 13:51:09.000000000,2018-03-12 13:23:14.000000000,closed,21,"Problems when modifying the ""WebRoot"" and ""ContentRoot"""
186,2018-03-11 04:45:42.000000000,2018-03-11 13:38:56.000000000,closed,0,conditionally declared functions with optional arguments
185,2018-03-09 06:09:27.000000000,2018-04-30 17:50:46.000000000,closed,13,Responsive File Manager
184,2018-03-08 06:59:44.000000000,2018-03-12 13:35:31.000000000,closed,5,heavy multi-threading can cause an invalid index exception in the c# 
183,2018-03-07 21:48:32.000000000,2019-06-12 19:24:17.000000000,closed,5,"MySQL in binary mode contracts certain multibyte UTF characters to ""?"""
182,2018-03-06 23:28:14.000000000,2018-03-07 02:49:24.000000000,closed,0,isset( $string[...] ) is always true
181,2018-03-06 22:51:13.000000000,2018-03-06 23:19:16.000000000,closed,0,array copied by value does not preserve intrinsic enumerator
180,2018-03-03 15:10:31.000000000,2018-10-01 18:40:04.000000000,closed,10,On the relationship with Hacklang
179,2018-03-03 04:39:41.000000000,2018-03-08 22:34:18.000000000,closed,6,multi-threading resource trouble
178,2018-02-21 17:10:16.000000000,2019-06-12 19:12:27.000000000,closed,0,`preg_replace` is not byte safe
177,2018-02-16 19:38:02.000000000,2018-02-18 21:58:18.000000000,closed,2,Wrong length of func_get_args result when having optional parameters
176,2018-02-15 22:00:43.000000000,2018-02-16 15:05:30.000000000,closed,0,Retrieving aliased field may lead to assertion failure
175,2018-02-14 16:31:32.000000000,2018-02-14 17:13:04.000000000,closed,1,Custom exception implementing __toString causes TypeLoadException
174,2018-02-13 10:29:57.000000000,2018-02-21 17:14:27.000000000,closed,3,"something about load_class,maybe it is time consuming"
173,2018-02-09 22:46:30.000000000,2018-02-10 15:41:01.000000000,closed,1,Assigning alias from $GLOBALS to field causes assertion failure
172,2018-02-09 19:36:07.000000000,2018-02-09 20:00:10.000000000,closed,0,TypeLoadException when extending abstract class that implements interface
171,2018-02-09 04:31:51.000000000,2018-02-09 05:10:50.000000000,closed,0,Dynamically calling method with empty array as second default parameter causes ArgumentNullException
170,2018-02-08 03:12:13.000000000,2018-02-09 20:00:48.000000000,closed,4,MySqli
169,2018-02-07 22:51:01.000000000,2018-02-08 03:06:14.000000000,closed,0,Aliased array item used in ?: causes assertion failure
168,2018-02-05 21:51:44.000000000,2018-02-08 01:48:56.000000000,closed,1,TypeLoadException when two base interfaces have same method
167,2018-02-04 13:05:46.000000000,2018-02-04 17:02:57.000000000,closed,4,PHP String Operator crash
166,2018-02-03 03:26:20.000000000,2018-02-03 19:33:13.000000000,closed,2,Where is peach.exe or pchp.exe?
165,2018-02-02 08:31:07.000000000,2018-02-03 19:32:41.000000000,closed,6,Function 'strlen' not found when both strlen functions available
164,2018-02-01 14:39:13.000000000,2018-02-01 14:40:15.000000000,closed,0,`__invoke` in interface causes compiler to crash
163,2018-01-29 22:17:32.000000000,2018-01-29 22:27:39.000000000,closed,0,mutable string implementation
162,2018-01-27 17:26:13.000000000,2018-01-27 17:54:19.000000000,closed,0,primitive types cause crashes when used improperly
161,2018-01-26 01:08:28.000000000,2018-01-30 04:05:06.000000000,closed,16,having trouble making extension that registers in the PHP context
160,2018-01-25 03:18:41.000000000,2018-01-25 04:24:53.000000000,closed,8,Doesn't build (strange error)
159,2018-01-25 02:54:55.000000000,2018-01-25 02:55:57.000000000,closed,0,NotImplementedException when calling function with > 15 arguments
158,2018-01-24 17:56:57.000000000,2018-01-24 18:00:45.000000000,closed,1,PDO -- Sqlite
157,2018-01-24 06:45:35.000000000,2018-01-24 18:03:22.000000000,closed,1,Web Application SEO URLs
156,2018-01-22 15:27:49.000000000,2018-01-25 02:40:17.000000000,closed,3,"GD functions: imagefilledrectangle, imagettftext"
155,2018-01-22 03:00:03.000000000,2018-01-22 18:16:54.000000000,closed,1,Using C# in php web-application
154,2018-01-21 20:28:45.000000000,2018-01-24 22:14:42.000000000,closed,7,PDO how to use
153,2018-01-21 17:26:29.000000000,2018-01-21 17:34:16.000000000,closed,0,PHP function_exists should be case-insensitive
152,2018-01-21 06:33:12.000000000,2018-01-21 15:30:02.000000000,closed,1,function 'mb_list_encodings()' not implements
151,2018-01-21 04:42:02.000000000,2018-01-21 06:38:54.000000000,closed,0,InvalidCastException regression in 0.9.0-ci00676
150,2018-01-20 18:18:16.000000000,2018-01-21 16:07:54.000000000,closed,2,Timezone fails to resolve
149,2018-01-20 15:17:17.000000000,2018-01-20 16:46:51.000000000,closed,2,Getting IndexOutOfRangeException when trying to compile
148,2018-01-19 19:09:44.000000000,2018-01-19 20:59:16.000000000,closed,1,Error while compiling barcode generator class
147,2018-01-19 15:58:14.000000000,2018-01-19 20:14:31.000000000,closed,1,overriding property accessibility
146,2018-01-19 15:29:49.000000000,2018-01-19 16:07:20.000000000,closed,2,error MSB3073: exit code -532462766 Wordpress 4.9.2
145,2018-01-10 17:01:53.000000000,2018-01-10 18:30:12.000000000,closed,0,Dev/mediawiki
144,2018-01-08 13:50:08.000000000,2018-01-08 16:56:32.000000000,closed,1,Null passed to parameter with default value is converted to zero
143,2018-01-08 13:29:23.000000000,2018-01-08 14:18:22.000000000,closed,0,Errors when using $this in trait
142,2018-01-08 13:22:41.000000000,2018-01-08 13:50:35.000000000,closed,0,Wrong method override called
141,2018-01-06 08:22:03.000000000,2018-01-06 21:05:00.000000000,closed,10,Is it possible to run PHP as a static file with .NET Core?
140,2018-01-05 13:54:12.000000000,2018-01-24 23:04:59.000000000,closed,5,class 'SplFileInfo' not implemented
139,2018-01-05 05:23:54.000000000,2018-01-05 19:14:49.000000000,closed,2,Calling non-public method from anonymous function inside class causes MethodAccessException
138,2018-01-04 22:29:21.000000000,2018-01-04 23:32:37.000000000,closed,0,Calling anonymous function created in trait raises ArgumentException
137,2018-01-04 20:22:26.000000000,2018-01-04 21:20:48.000000000,closed,0,Support self:: in static trait methods accessed from outside
136,2018-01-03 23:17:08.000000000,2018-01-03 23:17:20.000000000,closed,0,version `0.9.0`
135,2017-12-30 20:56:25.000000000,2018-01-02 20:17:20.000000000,closed,3,Support accessing static trait members and methods from outside
134,2017-12-30 16:39:03.000000000,2017-12-30 18:38:44.000000000,closed,0,Nested alias created when updating reference to array item from function
133,2017-12-30 16:16:51.000000000,2018-01-02 19:20:03.000000000,closed,1,Disappearing '' in string with complex interpolation containing array access
132,2017-12-29 19:39:20.000000000,2018-01-02 17:35:57.000000000,closed,0,"traits, yield from, bug fixes"
131,2017-12-28 23:00:09.000000000,2017-12-28 23:00:39.000000000,closed,0,mediawiki prerequisites
130,2017-12-27 14:50:31.000000000,2018-01-02 22:08:13.000000000,closed,4,Cannot install wordpress plugins in runtime?
129,2017-12-27 10:12:21.000000000,2018-01-02 21:54:45.000000000,closed,3,wordpress plugin compile error
128,2017-12-26 08:16:17.000000000,2017-12-26 14:22:06.000000000,closed,6,"how to run the php framework ,like CI,Laravel?"
127,2017-12-23 19:23:55.000000000,2017-12-23 20:59:50.000000000,closed,2,Is Server project behave properly?
126,2017-12-15 19:42:39.000000000,2017-12-16 16:24:22.000000000,closed,0,Redefinitions of method with default arguments can cause TypeLoadException 
125,2017-12-14 23:00:18.000000000,2017-12-15 19:36:19.000000000,closed,3,Compiler fails on resolving __dir__ inside a static variable?
124,2017-12-13 17:34:06.000000000,2017-12-13 17:41:53.000000000,closed,0,Type resolving doesn't take current namespace into account
123,2017-12-12 19:52:44.000000000,2017-12-13 03:19:36.000000000,closed,4,Dotnet templates do not work.
122,2017-12-12 15:37:48.000000000,2017-12-12 15:57:25.000000000,closed,0,Dev/mediawiki
121,2017-12-12 15:08:21.000000000,2018-06-11 00:09:53.000000000,closed,46,cURL
120,2017-12-07 03:56:44.000000000,2017-12-12 18:45:40.000000000,closed,4,Cannot run example on ubuntu 17.10 nor debian 8/9
119,2017-12-05 17:48:36.000000000,2017-12-05 17:48:50.000000000,closed,0,Closure binding
118,2017-12-01 16:44:36.000000000,2017-12-04 15:15:18.000000000,closed,0,`instanceof` to support right operand of type `object`
117,2017-12-01 16:33:05.000000000,2017-12-04 15:11:31.000000000,closed,0,Characters \v and \f are not parsed properly
116,2017-11-30 20:24:38.000000000,2017-11-30 20:24:47.000000000,closed,0,callsites cleanup
115,2017-11-30 18:38:50.000000000,2017-11-30 20:27:17.000000000,closed,0,String variables initialized in chain can share the same instance after its modification
114,2017-11-29 21:56:46.000000000,2017-12-05 15:42:06.000000000,closed,1,Closures inside classes cannot acces their private methods dynamically
113,2017-11-26 21:39:39.000000000,2017-12-05 18:44:52.000000000,closed,1,Integrating Wordpress with ASP.NET MVC
112,2017-11-26 17:56:46.000000000,2017-11-26 17:57:11.000000000,closed,0,support for php 7.2 syntax
111,2017-11-25 17:09:07.000000000,2017-11-25 17:09:20.000000000,closed,0,Dev/mediawiki
110,2017-11-24 20:50:10.000000000,2017-11-24 21:03:24.000000000,closed,1,Restoring dependecies from VS Code yields an error
109,2017-11-24 17:48:17.000000000,2017-11-24 18:45:19.000000000,closed,0,Non-matching signature of extended interface method causes TypeLoadException
108,2017-11-24 02:09:50.000000000,2017-11-24 18:20:51.000000000,closed,9,Is peachpie-web ready for netcore 2.0?
107,2017-11-20 19:08:05.000000000,2017-11-20 19:39:32.000000000,closed,4,Helping in currently-not-implemented libraries
106,2017-11-20 16:52:28.000000000,2018-11-12 07:27:59.000000000,closed,1,Support for Custom Attributes
105,2017-11-20 15:48:53.000000000,2017-11-24 20:49:31.000000000,closed,1,Compiler generated arguments ignored when calling on interface
104,2017-11-20 15:38:34.000000000,2017-11-20 19:05:05.000000000,closed,1,Function is_callable(string) always returns true
103,2017-11-20 15:28:31.000000000,2017-11-20 18:26:42.000000000,closed,0,Multiple method definitions created when reduntant interface implementation is specified for class
102,2017-11-17 23:15:40.000000000,2017-12-25 15:50:48.000000000,closed,8,trait support
101,2017-11-17 19:14:33.000000000,2017-11-17 22:10:57.000000000,closed,1,catch multiple type support
100,2017-11-16 22:43:18.000000000,2017-11-17 20:44:59.000000000,closed,1,Class constant accessed from instance causes NullReferenceException
99,2017-11-16 18:31:52.000000000,2017-11-16 19:03:36.000000000,closed,1,keys in list() are ignored
98,2017-11-15 00:58:27.000000000,2017-11-15 05:00:44.000000000,closed,1,CLR property read from single-typed alias results in invalid method call on PhpValue
97,2017-11-14 23:08:47.000000000,2017-11-15 15:54:08.000000000,closed,2,.NET core 2.0 and .NET Standard 2.0  support
96,2017-11-13 20:28:36.000000000,2017-12-05 17:49:18.000000000,closed,1,binding new scope in Closure 
95,2017-11-12 16:13:25.000000000,2017-11-12 21:41:37.000000000,closed,1,Problem with aliases stored in array indexed by variable
94,2017-10-30 05:13:25.000000000,2017-11-12 21:46:33.000000000,closed,3,Executable optimization and dependencies
93,2017-10-29 06:12:56.000000000,2017-10-29 06:18:02.000000000,closed,2," No executable found matching command ""dotnet-compile-php"""
92,2017-10-27 14:28:40.000000000,2017-10-27 15:06:57.000000000,closed,0,netstandard2.0 and XmlDom
91,2017-10-17 18:12:43.000000000,2017-11-12 21:47:30.000000000,closed,2,error MSB4020
90,2017-09-28 17:08:48.000000000,2017-12-26 15:19:29.000000000,closed,1,compiler outputs diagnostics twice
89,2017-09-13 21:17:52.000000000,2018-11-21 12:25:01.000000000,closed,4,Xamarin Support
88,2017-09-12 23:20:00.000000000,2017-09-13 00:04:39.000000000,closed,1,Clarify where to find .Net Core 1.1
87,2017-09-01 17:01:17.000000000,2017-12-27 05:02:03.000000000,closed,3,`yield from` construct not supported
86,2017-08-22 02:56:46.000000000,2017-08-22 02:56:57.000000000,closed,0,binding target as object properly
85,2017-08-18 15:25:39.000000000,2017-08-18 16:10:45.000000000,closed,0,XML DOM updates
84,2017-08-15 17:39:50.000000000,2017-08-15 18:25:28.000000000,closed,0,Fundamentals of XML DOM
83,2017-08-12 16:25:10.000000000,2018-09-27 03:49:07.000000000,closed,6,PHAR support
82,2017-08-12 08:16:13.000000000,2017-11-24 19:00:31.000000000,closed,10,Stack Overflow in SemanticsBinder.cs starting in BindExpression method.
81,2017-08-06 17:13:31.000000000,2017-08-06 17:13:44.000000000,closed,0,0.8.0
80,2017-08-05 18:29:51.000000000,2017-08-05 19:08:34.000000000,closed,0,Adds support for C# 7 tuples.
79,2017-08-04 13:44:59.000000000,2017-08-04 13:50:33.000000000,closed,0,Types override
78,2017-07-27 01:08:35.000000000,2017-07-29 12:49:33.000000000,closed,0,Reflection methods
77,2017-07-25 14:45:18.000000000,2017-07-25 14:45:39.000000000,closed,0,Types overriding
76,2017-07-24 19:20:40.000000000,2017-07-24 19:40:04.000000000,closed,0,`self` and `parent` in global code
75,2017-07-24 14:36:22.000000000,2017-07-24 14:57:38.000000000,closed,0,unset operator
74,2017-07-20 01:40:36.000000000,2017-07-20 14:49:08.000000000,closed,0,Properly implement synthesized variables for generators.
73,2017-07-19 10:21:56.000000000,2017-07-19 10:22:11.000000000,closed,0,callback with caller context
72,2017-07-17 23:58:11.000000000,2017-07-18 00:10:46.000000000,closed,0,variable analysis refs
71,2017-07-15 19:28:14.000000000,2017-07-15 20:25:40.000000000,closed,0,emitting ghost stubs
70,2017-07-15 18:30:48.000000000,2017-07-15 18:46:27.000000000,closed,0,emitting ghost stubs
69,2017-07-15 17:12:31.000000000,2017-07-15 17:37:14.000000000,closed,0,Reflecting filename of compiled class
68,2017-07-14 22:25:36.000000000,2017-07-14 23:43:55.000000000,closed,0,casting to class
67,2017-07-14 20:52:46.000000000,2017-07-14 21:14:27.000000000,closed,0,magic methods recursion handling
66,2017-07-14 20:17:34.000000000,2017-07-14 20:17:51.000000000,closed,0,methods overriding
65,2017-07-14 06:12:12.000000000,2017-07-14 13:21:55.000000000,closed,0,"Add test skip naming guidlines, fix skip regex."
64,2017-07-13 15:54:17.000000000,2017-07-13 16:18:07.000000000,closed,0,accessing fields fix
63,2017-07-13 12:54:54.000000000,2017-07-13 13:23:58.000000000,closed,0,variable analysis fix
62,2017-07-12 21:36:06.000000000,2017-07-12 21:41:31.000000000,closed,0,Variables
61,2017-07-09 19:13:46.000000000,2017-07-09 19:33:05.000000000,closed,0,concat respects binary strings
60,2017-07-08 18:14:56.000000000,2017-07-08 18:26:10.000000000,closed,0,binding global indirectly
59,2017-07-06 00:59:52.000000000,2017-07-06 02:16:38.000000000,closed,0,Adds echo Done to the end of each generators test.
58,2017-07-05 16:27:48.000000000,2017-07-05 16:51:07.000000000,closed,0,$this in lambda
57,2017-07-04 17:59:12.000000000,2017-07-04 20:03:28.000000000,closed,0,list() support in foreach
56,2017-07-04 15:26:37.000000000,2017-07-04 15:45:37.000000000,closed,0,"declaring static, global variables"
55,2017-07-02 17:21:58.000000000,2017-07-02 17:30:48.000000000,closed,0,Parameter unpacking
54,2017-06-30 19:30:54.000000000,2017-06-30 19:30:59.000000000,closed,0,Parameter unpacking
53,2017-06-30 17:03:57.000000000,2017-06-30 18:06:30.000000000,closed,0,Parameter unpacking
52,2017-06-24 03:03:51.000000000,2017-06-27 18:45:58.000000000,closed,2,Fixes nested conditional expressions with yields.
51,2017-06-23 18:16:04.000000000,2017-06-23 18:16:15.000000000,closed,0,cleanup
50,2017-06-17 20:59:54.000000000,2017-06-17 22:28:09.000000000,closed,0,Cleanup.
49,2017-06-09 03:52:29.000000000,2017-06-09 12:59:02.000000000,closed,0,Type and reachability analysis enhancement
48,2017-05-24 20:35:02.000000000,2017-05-24 21:21:29.000000000,closed,0,Cleanup after last PR.
47,2017-05-16 20:38:49.000000000,2017-05-17 05:05:54.000000000,closed,1,Preserve conditioned expressions with yield statements
46,2017-05-11 02:41:53.000000000,2017-05-11 03:36:10.000000000,closed,0,Skippable tests
45,2017-05-09 18:08:26.000000000,2017-05-10 23:03:53.000000000,closed,0,Yield as expr
44,2017-05-07 21:20:39.000000000,2017-05-07 21:20:47.000000000,closed,0,unreachable code diagnostic
43,2017-04-29 20:56:48.000000000,2017-04-30 02:58:38.000000000,closed,0,Cleanup.
42,2017-04-23 19:11:37.000000000,2017-04-23 19:11:42.000000000,closed,0,0.7.0
41,2017-04-21 19:38:21.000000000,2017-04-21 19:57:21.000000000,closed,0,"cleanup, uninitialized var use diagnostics"
40,2017-04-20 16:27:16.000000000,2017-04-20 16:27:24.000000000,closed,0,isset diagnostic
39,2017-04-20 00:48:38.000000000,2017-04-20 00:48:52.000000000,closed,0,coalesce operator
38,2017-04-19 19:50:19.000000000,2017-04-19 20:09:34.000000000,closed,0,type declaration versions
37,2017-04-15 20:44:11.000000000,2017-04-15 21:13:11.000000000,closed,0,Error codes cleanup.
36,2017-04-15 12:55:35.000000000,2017-04-15 12:56:02.000000000,closed,0,diagnostics
35,2017-04-15 02:01:31.000000000,2017-04-15 12:52:34.000000000,closed,1,Fix when Kestrel is listening on a unix socket
34,2017-04-14 16:55:05.000000000,2017-04-14 16:56:24.000000000,closed,0,codeanalysis does not reference runtime
33,2017-04-13 17:52:44.000000000,2017-04-13 17:56:44.000000000,closed,0,Added SourceLambdaSymbol's name to WellKnownPchpNames.
32,2017-04-12 17:35:05.000000000,2017-04-13 12:36:42.000000000,closed,1,Initial support for generators.
31,2017-04-11 02:03:36.000000000,2017-04-11 02:03:43.000000000,closed,0,diagnostics tests
30,2017-04-08 20:40:49.000000000,2017-04-08 20:46:00.000000000,closed,0,eval tests
29,2017-04-06 02:09:11.000000000,2017-04-06 02:09:59.000000000,closed,0,Travis Build Update
28,2017-04-02 22:38:13.000000000,2017-04-02 22:46:11.000000000,closed,0,netstandard1.5 compatibility
27,2017-03-31 11:56:18.000000000,2017-03-31 12:52:32.000000000,closed,0,dev/travis
26,2017-03-29 01:20:46.000000000,2017-03-29 02:48:27.000000000,closed,0,Removed fixed Options.OptimizationLevels.
25,2017-03-26 19:27:53.000000000,2017-03-26 19:39:19.000000000,closed,0,resolved types and error methods in public
24,2017-03-14 20:40:14.000000000,2017-03-14 20:43:26.000000000,closed,0,merge from master
23,2017-03-13 03:23:01.000000000,2017-03-13 11:38:34.000000000,closed,2,phpinfo base implementation
22,2017-03-09 21:05:24.000000000,2017-03-09 21:06:10.000000000,closed,0,0.5.0 preview5 fixes
21,2017-03-09 06:27:36.000000000,2017-03-09 21:10:19.000000000,closed,0,Pdo
20,2017-03-09 02:40:37.000000000,2017-03-09 21:04:05.000000000,closed,0,Updated sample to have IisExpress debugging.
19,2017-03-08 05:16:47.000000000,2017-03-08 14:17:56.000000000,closed,6,Uniform project format for VS2015
18,2017-03-02 00:06:12.000000000,2017-03-02 12:59:27.000000000,closed,0,dev/diagnostics
17,2017-02-17 17:49:55.000000000,2017-02-17 17:50:12.000000000,closed,0,tests from 0.5.0-dev
16,2017-01-26 19:21:32.000000000,2017-01-27 15:13:58.000000000,closed,0,dev/diagnostics
15,2017-01-18 21:01:40.000000000,2017-01-18 21:03:00.000000000,closed,1,Merge pull request #15 from iolevel/master
14,2016-12-15 19:51:32.000000000,2016-12-15 19:56:35.000000000,closed,0,update dev/diagnostics branch
13,2016-12-15 19:31:59.000000000,2016-12-15 19:37:38.000000000,closed,0,dev/diagnostics
12,2016-12-12 00:52:47.000000000,2016-12-12 00:57:47.000000000,closed,0,dev/diagnostics
11,2016-12-07 21:15:55.000000000,2016-12-07 21:16:06.000000000,closed,0,Diagnostics
10,2016-12-06 13:31:22.000000000,2016-12-06 13:36:05.000000000,closed,0,0.4.0-dev
9,2016-12-02 19:39:02.000000000,2016-12-02 19:43:39.000000000,closed,0,Merge pull request #8 from iolevel/master
8,2016-12-02 18:23:05.000000000,2016-12-02 18:48:50.000000000,closed,0,update
7,2016-11-30 21:57:21.000000000,2016-11-30 22:03:05.000000000,closed,0,Diagnostics from syntax errors
6,2016-11-23 22:07:37.000000000,2016-11-23 22:11:07.000000000,closed,0,dev build cleanup
5,2016-11-23 22:01:50.000000000,2016-11-23 22:05:09.000000000,closed,0,updates to peachpie/master
4,2016-11-04 02:27:53.000000000,2016-11-06 23:28:10.000000000,closed,0,Automatic Nuget packages update after the build
3,2016-11-01 17:58:01.000000000,2016-11-01 18:04:27.000000000,closed,2,replcae cdiff with colordiff in automated test
2,2016-07-27 02:19:28.000000000,2016-07-27 02:27:37.000000000,closed,0,Add a Gitter chat badge to README.md
1,2016-03-17 02:48:47.000000000,2016-03-17 11:30:58.000000000,closed,1,Create LICENSE.txt
